[2023-05-01T17:27:30.535+0000] {taskinstance.py:1165} INFO - Dependencies all met for <TaskInstance: user_processing.extract_user manual__2023-05-01T17:27:27.712651+00:00 [queued]>
[2023-05-01T17:27:30.552+0000] {taskinstance.py:1165} INFO - Dependencies all met for <TaskInstance: user_processing.extract_user manual__2023-05-01T17:27:27.712651+00:00 [queued]>
[2023-05-01T17:27:30.552+0000] {taskinstance.py:1362} INFO - 
--------------------------------------------------------------------------------
[2023-05-01T17:27:30.552+0000] {taskinstance.py:1363} INFO - Starting attempt 1 of 1
[2023-05-01T17:27:30.552+0000] {taskinstance.py:1364} INFO - 
--------------------------------------------------------------------------------
[2023-05-01T17:27:30.572+0000] {taskinstance.py:1383} INFO - Executing <Task(SimpleHttpOperator): extract_user> on 2023-05-01 17:27:27.712651+00:00
[2023-05-01T17:27:30.588+0000] {standard_task_runner.py:55} INFO - Started process 17766 to run task
[2023-05-01T17:27:30.605+0000] {standard_task_runner.py:82} INFO - Running: ['***', 'tasks', 'run', 'user_processing', 'extract_user', 'manual__2023-05-01T17:27:27.712651+00:00', '--job-id', '44', '--raw', '--subdir', 'DAGS_FOLDER/processing_user.py', '--cfg-path', '/tmp/tmpiimh80e5']
[2023-05-01T17:27:30.608+0000] {standard_task_runner.py:83} INFO - Job 44: Subtask extract_user
[2023-05-01T17:27:30.746+0000] {task_command.py:376} INFO - Running <TaskInstance: user_processing.extract_user manual__2023-05-01T17:27:27.712651+00:00 [running]> on host 9bd2cedcb1a8
[2023-05-01T17:27:30.888+0000] {taskinstance.py:1592} INFO - Exporting the following env vars:
AIRFLOW_CTX_DAG_OWNER=***
AIRFLOW_CTX_DAG_ID=user_processing
AIRFLOW_CTX_TASK_ID=extract_user
AIRFLOW_CTX_EXECUTION_DATE=2023-05-01T17:27:27.712651+00:00
AIRFLOW_CTX_TRY_NUMBER=1
AIRFLOW_CTX_DAG_RUN_ID=manual__2023-05-01T17:27:27.712651+00:00
[2023-05-01T17:27:30.890+0000] {http.py:121} INFO - Calling HTTP method
[2023-05-01T17:27:30.914+0000] {base.py:71} INFO - Using connection ID 'user_api' for task execution.
[2023-05-01T17:27:30.922+0000] {http.py:148} INFO - Sending 'GET' to url: https://randomuser.me/api/
[2023-05-01T17:27:31.562+0000] {http.py:125} INFO - {"results":[{"gender":"female","name":{"title":"Ms","first":"Merlin","last":"Ruiten"},"location":{"street":{"number":701,"name":"Burgemeester Bootstraat"},"city":"Achtkarspelen","state":"Drenthe","country":"Netherlands","postcode":"5898 GT","coordinates":{"latitude":"34.9825","longitude":"65.2807"},"timezone":{"offset":"+4:00","description":"Abu Dhabi, Muscat, Baku, Tbilisi"}},"email":"merlin.ruiten@example.com","login":{"uuid":"a9fa1300-2836-4723-b340-77baf37bc024","username":"angryladybug501","password":"corsair","salt":"GnADjn7n","md5":"724c0229cf0ad02114631a81651b0bbc","sha1":"dbb58029a5c6fb6e691f9ee0e11e5c4e4a0ecfec","sha256":"226d5c4d169c91808273c8d65c3031275d1c4f1820c696d9739deecee31a4383"},"dob":{"date":"1987-02-28T05:22:44.910Z","age":36},"registered":{"date":"2015-10-05T15:15:18.948Z","age":7},"phone":"(014) 7701220","cell":"(06) 29303758","id":{"name":"BSN","value":"21208722"},"picture":{"large":"https://randomuser.me/api/portraits/women/93.jpg","medium":"https://randomuser.me/api/portraits/med/women/93.jpg","thumbnail":"https://randomuser.me/api/portraits/thumb/women/93.jpg"},"nat":"NL"}],"info":{"seed":"e062c6c4b8fdf2fc","results":1,"page":1,"version":"1.4"}}
[2023-05-01T17:27:31.598+0000] {taskinstance.py:1406} INFO - Marking task as SUCCESS. dag_id=user_processing, task_id=extract_user, execution_date=20230501T172727, start_date=20230501T172730, end_date=20230501T172731
[2023-05-01T17:27:31.621+0000] {local_task_job.py:164} INFO - Task exited with return code 0
[2023-05-01T17:27:31.643+0000] {local_task_job.py:273} INFO - 0 downstream tasks scheduled from follow-on schedule check
