[2023-05-01T08:52:20.733+0000] {taskinstance.py:1165} INFO - Dependencies all met for <TaskInstance: user_processing.create_table scheduled__2023-04-10T00:00:00+00:00 [queued]>
[2023-05-01T08:52:20.756+0000] {taskinstance.py:1165} INFO - Dependencies all met for <TaskInstance: user_processing.create_table scheduled__2023-04-10T00:00:00+00:00 [queued]>
[2023-05-01T08:52:20.756+0000] {taskinstance.py:1362} INFO - 
--------------------------------------------------------------------------------
[2023-05-01T08:52:20.757+0000] {taskinstance.py:1363} INFO - Starting attempt 1 of 1
[2023-05-01T08:52:20.757+0000] {taskinstance.py:1364} INFO - 
--------------------------------------------------------------------------------
[2023-05-01T08:52:20.811+0000] {taskinstance.py:1383} INFO - Executing <Task(PostgresOperator): create_table> on 2023-04-10 00:00:00+00:00
[2023-05-01T08:52:20.821+0000] {standard_task_runner.py:55} INFO - Started process 5081 to run task
[2023-05-01T08:52:20.832+0000] {standard_task_runner.py:82} INFO - Running: ['***', 'tasks', 'run', 'user_processing', 'create_table', 'scheduled__2023-04-10T00:00:00+00:00', '--job-id', '18', '--raw', '--subdir', 'DAGS_FOLDER/processing_user.py', '--cfg-path', '/tmp/tmpya6q088x']
[2023-05-01T08:52:20.832+0000] {standard_task_runner.py:83} INFO - Job 18: Subtask create_table
[2023-05-01T08:52:21.005+0000] {task_command.py:376} INFO - Running <TaskInstance: user_processing.create_table scheduled__2023-04-10T00:00:00+00:00 [running]> on host 9bd2cedcb1a8
[2023-05-01T08:52:21.215+0000] {taskinstance.py:1592} INFO - Exporting the following env vars:
AIRFLOW_CTX_DAG_OWNER=***
AIRFLOW_CTX_DAG_ID=user_processing
AIRFLOW_CTX_TASK_ID=create_table
AIRFLOW_CTX_EXECUTION_DATE=2023-04-10T00:00:00+00:00
AIRFLOW_CTX_TRY_NUMBER=1
AIRFLOW_CTX_DAG_RUN_ID=scheduled__2023-04-10T00:00:00+00:00
[2023-05-01T08:52:21.237+0000] {base.py:71} INFO - Using connection ID 'postgres' for task execution.
[2023-05-01T08:52:21.257+0000] {sql.py:315} INFO - Running statement: 
            CREATE TABLE IF NOT EXISTS USERS (
            firstname text not null,
            lastname text not null,
            country text not null,
            username text not null,
            password text not null,
            email text not null
            )
        , parameters: None
[2023-05-01T08:52:21.259+0000] {postgres.py:96} INFO - NOTICE:  relation "users" already exists, skipping

[2023-05-01T08:52:21.326+0000] {taskinstance.py:1406} INFO - Marking task as SUCCESS. dag_id=user_processing, task_id=create_table, execution_date=20230410T000000, start_date=20230501T085220, end_date=20230501T085221
[2023-05-01T08:52:22.249+0000] {local_task_job.py:164} INFO - Task exited with return code 0
[2023-05-01T08:52:22.430+0000] {local_task_job.py:273} INFO - 0 downstream tasks scheduled from follow-on schedule check
