[2023-05-02T07:02:54.799+0000] {taskinstance.py:1165} INFO - Dependencies all met for <TaskInstance: user_processing.extract_user manual__2023-05-02T07:02:52.396312+00:00 [queued]>
[2023-05-02T07:02:54.816+0000] {taskinstance.py:1165} INFO - Dependencies all met for <TaskInstance: user_processing.extract_user manual__2023-05-02T07:02:52.396312+00:00 [queued]>
[2023-05-02T07:02:54.816+0000] {taskinstance.py:1362} INFO - 
--------------------------------------------------------------------------------
[2023-05-02T07:02:54.817+0000] {taskinstance.py:1363} INFO - Starting attempt 1 of 1
[2023-05-02T07:02:54.817+0000] {taskinstance.py:1364} INFO - 
--------------------------------------------------------------------------------
[2023-05-02T07:02:54.843+0000] {taskinstance.py:1383} INFO - Executing <Task(SimpleHttpOperator): extract_user> on 2023-05-02 07:02:52.396312+00:00
[2023-05-02T07:02:54.850+0000] {standard_task_runner.py:55} INFO - Started process 20635 to run task
[2023-05-02T07:02:54.855+0000] {standard_task_runner.py:82} INFO - Running: ['***', 'tasks', 'run', 'user_processing', 'extract_user', 'manual__2023-05-02T07:02:52.396312+00:00', '--job-id', '66', '--raw', '--subdir', 'DAGS_FOLDER/processing_user.py', '--cfg-path', '/tmp/tmpai4ie_59']
[2023-05-02T07:02:54.857+0000] {standard_task_runner.py:83} INFO - Job 66: Subtask extract_user
[2023-05-02T07:02:54.981+0000] {task_command.py:376} INFO - Running <TaskInstance: user_processing.extract_user manual__2023-05-02T07:02:52.396312+00:00 [running]> on host 9bd2cedcb1a8
[2023-05-02T07:02:55.118+0000] {taskinstance.py:1592} INFO - Exporting the following env vars:
AIRFLOW_CTX_DAG_OWNER=***
AIRFLOW_CTX_DAG_ID=user_processing
AIRFLOW_CTX_TASK_ID=extract_user
AIRFLOW_CTX_EXECUTION_DATE=2023-05-02T07:02:52.396312+00:00
AIRFLOW_CTX_TRY_NUMBER=1
AIRFLOW_CTX_DAG_RUN_ID=manual__2023-05-02T07:02:52.396312+00:00
[2023-05-02T07:02:55.119+0000] {http.py:121} INFO - Calling HTTP method
[2023-05-02T07:02:55.138+0000] {base.py:71} INFO - Using connection ID 'user_api' for task execution.
[2023-05-02T07:02:55.146+0000] {http.py:148} INFO - Sending 'GET' to url: https://randomuser.me/api/
[2023-05-02T07:02:55.768+0000] {http.py:125} INFO - {"results":[{"gender":"male","name":{"title":"Mr","first":"Cornel","last":"Drent"},"location":{"street":{"number":7740,"name":"Jetting"},"city":"Eenigenburg","state":"Zeeland","country":"Netherlands","postcode":"1995 UD","coordinates":{"latitude":"30.5735","longitude":"-146.0428"},"timezone":{"offset":"-5:00","description":"Eastern Time (US & Canada), Bogota, Lima"}},"email":"cornel.drent@example.com","login":{"uuid":"223cd3d7-232d-4b63-9049-9d00fd62da34","username":"crazymeercat647","password":"0.0.0.000","salt":"iphZSxoK","md5":"bd9916aa87192b743f6d22235c254cb9","sha1":"a900647609041a2800446c19c45b90ba972c72cb","sha256":"34f9e1c0e943e059d9fd469ca96e7684bc3e55199e7180b66243885f03129df7"},"dob":{"date":"1993-07-21T09:21:53.720Z","age":29},"registered":{"date":"2003-02-21T05:43:33.518Z","age":20},"phone":"(098) 4186225","cell":"(06) 73129777","id":{"name":"BSN","value":"00272143"},"picture":{"large":"https://randomuser.me/api/portraits/men/1.jpg","medium":"https://randomuser.me/api/portraits/med/men/1.jpg","thumbnail":"https://randomuser.me/api/portraits/thumb/men/1.jpg"},"nat":"NL"}],"info":{"seed":"08d370aec626f69e","results":1,"page":1,"version":"1.4"}}
[2023-05-02T07:02:55.841+0000] {taskinstance.py:1406} INFO - Marking task as SUCCESS. dag_id=user_processing, task_id=extract_user, execution_date=20230502T070252, start_date=20230502T070254, end_date=20230502T070255
[2023-05-02T07:02:55.912+0000] {local_task_job.py:164} INFO - Task exited with return code 0
[2023-05-02T07:02:56.036+0000] {local_task_job.py:273} INFO - 1 downstream tasks scheduled from follow-on schedule check
