[2023-05-02T06:25:36.731+0000] {taskinstance.py:1165} INFO - Dependencies all met for <TaskInstance: user_processing.extract_user scheduled__2023-05-01T00:00:00+00:00 [queued]>
[2023-05-02T06:25:36.798+0000] {taskinstance.py:1165} INFO - Dependencies all met for <TaskInstance: user_processing.extract_user scheduled__2023-05-01T00:00:00+00:00 [queued]>
[2023-05-02T06:25:36.799+0000] {taskinstance.py:1362} INFO - 
--------------------------------------------------------------------------------
[2023-05-02T06:25:36.799+0000] {taskinstance.py:1363} INFO - Starting attempt 1 of 1
[2023-05-02T06:25:36.799+0000] {taskinstance.py:1364} INFO - 
--------------------------------------------------------------------------------
[2023-05-02T06:25:36.888+0000] {taskinstance.py:1383} INFO - Executing <Task(SimpleHttpOperator): extract_user> on 2023-05-01 00:00:00+00:00
[2023-05-02T06:25:36.969+0000] {standard_task_runner.py:55} INFO - Started process 18996 to run task
[2023-05-02T06:25:37.036+0000] {standard_task_runner.py:82} INFO - Running: ['***', 'tasks', 'run', 'user_processing', 'extract_user', 'scheduled__2023-05-01T00:00:00+00:00', '--job-id', '63', '--raw', '--subdir', 'DAGS_FOLDER/processing_user.py', '--cfg-path', '/tmp/tmpqhudxu9q']
[2023-05-02T06:25:37.040+0000] {standard_task_runner.py:83} INFO - Job 63: Subtask extract_user
[2023-05-02T06:25:37.510+0000] {task_command.py:376} INFO - Running <TaskInstance: user_processing.extract_user scheduled__2023-05-01T00:00:00+00:00 [running]> on host 9bd2cedcb1a8
[2023-05-02T06:25:38.203+0000] {taskinstance.py:1592} INFO - Exporting the following env vars:
AIRFLOW_CTX_DAG_OWNER=***
AIRFLOW_CTX_DAG_ID=user_processing
AIRFLOW_CTX_TASK_ID=extract_user
AIRFLOW_CTX_EXECUTION_DATE=2023-05-01T00:00:00+00:00
AIRFLOW_CTX_TRY_NUMBER=1
AIRFLOW_CTX_DAG_RUN_ID=scheduled__2023-05-01T00:00:00+00:00
[2023-05-02T06:25:38.205+0000] {http.py:121} INFO - Calling HTTP method
[2023-05-02T06:25:38.272+0000] {base.py:71} INFO - Using connection ID 'user_api' for task execution.
[2023-05-02T06:25:38.275+0000] {http.py:148} INFO - Sending 'GET' to url: https://randomuser.me/api/
[2023-05-02T06:25:39.089+0000] {http.py:125} INFO - {"results":[{"gender":"male","name":{"title":"Mr","first":"Karsten","last":"Schönfeld"},"location":{"street":{"number":4846,"name":"Rosenweg"},"city":"Neumünster","state":"Niedersachsen","country":"Germany","postcode":42818,"coordinates":{"latitude":"-48.8277","longitude":"-50.3829"},"timezone":{"offset":"-5:00","description":"Eastern Time (US & Canada), Bogota, Lima"}},"email":"karsten.schonfeld@example.com","login":{"uuid":"9c47c985-e845-4a93-bb77-d7919dacd3fb","username":"heavyladybug874","password":"raider","salt":"6ItwPLn8","md5":"d2d2981d1ce40c6e2d930dd537d61cbb","sha1":"fe3c3ddfece5476b910083e6be293ec85f2fa11a","sha256":"6cc3e35928605e17fed380453603cb77c2056e067fa3ac339eb843180a0ec140"},"dob":{"date":"1969-07-08T12:54:28.181Z","age":53},"registered":{"date":"2014-06-09T07:30:59.944Z","age":8},"phone":"0586-7829786","cell":"0178-0645770","id":{"name":"SVNR","value":"18 080769 S 307"},"picture":{"large":"https://randomuser.me/api/portraits/men/6.jpg","medium":"https://randomuser.me/api/portraits/med/men/6.jpg","thumbnail":"https://randomuser.me/api/portraits/thumb/men/6.jpg"},"nat":"DE"}],"info":{"seed":"95fe1b7c4e57a986","results":1,"page":1,"version":"1.4"}}
[2023-05-02T06:25:39.189+0000] {taskinstance.py:1406} INFO - Marking task as SUCCESS. dag_id=user_processing, task_id=extract_user, execution_date=20230501T000000, start_date=20230502T062536, end_date=20230502T062539
[2023-05-02T06:25:39.302+0000] {local_task_job.py:164} INFO - Task exited with return code 0
[2023-05-02T06:25:39.366+0000] {local_task_job.py:273} INFO - 1 downstream tasks scheduled from follow-on schedule check
