[2023-05-01T08:52:35.237+0000] {taskinstance.py:1165} INFO - Dependencies all met for <TaskInstance: user_processing.create_table scheduled__2023-04-17T00:00:00+00:00 [queued]>
[2023-05-01T08:52:35.256+0000] {taskinstance.py:1165} INFO - Dependencies all met for <TaskInstance: user_processing.create_table scheduled__2023-04-17T00:00:00+00:00 [queued]>
[2023-05-01T08:52:35.256+0000] {taskinstance.py:1362} INFO - 
--------------------------------------------------------------------------------
[2023-05-01T08:52:35.257+0000] {taskinstance.py:1363} INFO - Starting attempt 1 of 1
[2023-05-01T08:52:35.257+0000] {taskinstance.py:1364} INFO - 
--------------------------------------------------------------------------------
[2023-05-01T08:52:35.284+0000] {taskinstance.py:1383} INFO - Executing <Task(PostgresOperator): create_table> on 2023-04-17 00:00:00+00:00
[2023-05-01T08:52:35.290+0000] {standard_task_runner.py:55} INFO - Started process 5106 to run task
[2023-05-01T08:52:35.294+0000] {standard_task_runner.py:82} INFO - Running: ['***', 'tasks', 'run', 'user_processing', 'create_table', 'scheduled__2023-04-17T00:00:00+00:00', '--job-id', '28', '--raw', '--subdir', 'DAGS_FOLDER/processing_user.py', '--cfg-path', '/tmp/tmp6d1mqc0h']
[2023-05-01T08:52:35.294+0000] {standard_task_runner.py:83} INFO - Job 28: Subtask create_table
[2023-05-01T08:52:35.390+0000] {task_command.py:376} INFO - Running <TaskInstance: user_processing.create_table scheduled__2023-04-17T00:00:00+00:00 [running]> on host 9bd2cedcb1a8
[2023-05-01T08:52:35.508+0000] {taskinstance.py:1592} INFO - Exporting the following env vars:
AIRFLOW_CTX_DAG_OWNER=***
AIRFLOW_CTX_DAG_ID=user_processing
AIRFLOW_CTX_TASK_ID=create_table
AIRFLOW_CTX_EXECUTION_DATE=2023-04-17T00:00:00+00:00
AIRFLOW_CTX_TRY_NUMBER=1
AIRFLOW_CTX_DAG_RUN_ID=scheduled__2023-04-17T00:00:00+00:00
[2023-05-01T08:52:35.522+0000] {base.py:71} INFO - Using connection ID 'postgres' for task execution.
[2023-05-01T08:52:35.526+0000] {sql.py:315} INFO - Running statement: 
            CREATE TABLE IF NOT EXISTS USERS (
            firstname text not null,
            lastname text not null,
            country text not null,
            username text not null,
            password text not null,
            email text not null
            )
        , parameters: None
[2023-05-01T08:52:35.528+0000] {postgres.py:96} INFO - NOTICE:  relation "users" already exists, skipping

[2023-05-01T08:52:35.548+0000] {taskinstance.py:1406} INFO - Marking task as SUCCESS. dag_id=user_processing, task_id=create_table, execution_date=20230417T000000, start_date=20230501T085235, end_date=20230501T085235
[2023-05-01T08:52:35.586+0000] {local_task_job.py:164} INFO - Task exited with return code 0
[2023-05-01T08:52:35.622+0000] {local_task_job.py:273} INFO - 0 downstream tasks scheduled from follow-on schedule check
