[2023-04-30T17:58:05.882+0000] {taskinstance.py:1165} INFO - Dependencies all met for <TaskInstance: example_bash_operator.run_after_loop scheduled__2023-04-29T00:00:00+00:00 [queued]>
[2023-04-30T17:58:05.894+0000] {taskinstance.py:1165} INFO - Dependencies all met for <TaskInstance: example_bash_operator.run_after_loop scheduled__2023-04-29T00:00:00+00:00 [queued]>
[2023-04-30T17:58:05.894+0000] {taskinstance.py:1362} INFO - 
--------------------------------------------------------------------------------
[2023-04-30T17:58:05.894+0000] {taskinstance.py:1363} INFO - Starting attempt 1 of 1
[2023-04-30T17:58:05.894+0000] {taskinstance.py:1364} INFO - 
--------------------------------------------------------------------------------
[2023-04-30T17:58:05.910+0000] {taskinstance.py:1383} INFO - Executing <Task(BashOperator): run_after_loop> on 2023-04-29 00:00:00+00:00
[2023-04-30T17:58:05.916+0000] {standard_task_runner.py:55} INFO - Started process 519 to run task
[2023-04-30T17:58:05.918+0000] {standard_task_runner.py:82} INFO - Running: ['***', 'tasks', 'run', 'example_bash_operator', 'run_after_loop', 'scheduled__2023-04-29T00:00:00+00:00', '--job-id', '8', '--raw', '--subdir', '/home/***/.local/lib/python3.7/site-packages/***/example_dags/example_bash_operator.py', '--cfg-path', '/tmp/tmp9pyy_39m']
[2023-04-30T17:58:05.919+0000] {standard_task_runner.py:83} INFO - Job 8: Subtask run_after_loop
[2023-04-30T17:58:05.975+0000] {task_command.py:376} INFO - Running <TaskInstance: example_bash_operator.run_after_loop scheduled__2023-04-29T00:00:00+00:00 [running]> on host 317604a62de6
[2023-04-30T17:58:06.046+0000] {taskinstance.py:1592} INFO - Exporting the following env vars:
AIRFLOW_CTX_DAG_OWNER=***
AIRFLOW_CTX_DAG_ID=example_bash_operator
AIRFLOW_CTX_TASK_ID=run_after_loop
AIRFLOW_CTX_EXECUTION_DATE=2023-04-29T00:00:00+00:00
AIRFLOW_CTX_TRY_NUMBER=1
AIRFLOW_CTX_DAG_RUN_ID=scheduled__2023-04-29T00:00:00+00:00
[2023-04-30T17:58:06.046+0000] {subprocess.py:63} INFO - Tmp dir root location: 
 /tmp
[2023-04-30T17:58:06.047+0000] {subprocess.py:75} INFO - Running command: ['/bin/bash', '-c', 'echo 1']
[2023-04-30T17:58:06.057+0000] {subprocess.py:86} INFO - Output:
[2023-04-30T17:58:06.058+0000] {subprocess.py:93} INFO - 1
[2023-04-30T17:58:06.059+0000] {subprocess.py:97} INFO - Command exited with return code 0
[2023-04-30T17:58:06.084+0000] {taskinstance.py:1406} INFO - Marking task as SUCCESS. dag_id=example_bash_operator, task_id=run_after_loop, execution_date=20230429T000000, start_date=20230430T175805, end_date=20230430T175806
[2023-04-30T17:58:06.130+0000] {local_task_job.py:164} INFO - Task exited with return code 0
[2023-04-30T17:58:06.150+0000] {local_task_job.py:273} INFO - 0 downstream tasks scheduled from follow-on schedule check
