[2023-04-30T17:48:59.134+0000] {processor.py:154} INFO - Started process (PID=82) to work on /home/airflow/.local/lib/python3.7/site-packages/airflow/example_dags/example_task_group_decorator.py
[2023-04-30T17:48:59.135+0000] {processor.py:756} INFO - Processing file /home/airflow/.local/lib/python3.7/site-packages/airflow/example_dags/example_task_group_decorator.py for tasks to queue
[2023-04-30T17:48:59.136+0000] {logging_mixin.py:120} INFO - [2023-04-30T17:48:59.136+0000] {dagbag.py:537} INFO - Filling up the DagBag from /home/airflow/.local/lib/python3.7/site-packages/airflow/example_dags/example_task_group_decorator.py
[2023-04-30T17:48:59.197+0000] {processor.py:766} INFO - DAG(s) dict_keys(['example_task_group_decorator']) retrieved from /home/airflow/.local/lib/python3.7/site-packages/airflow/example_dags/example_task_group_decorator.py
[2023-04-30T17:48:59.399+0000] {logging_mixin.py:120} INFO - [2023-04-30T17:48:59.399+0000] {manager.py:507} INFO - Created Permission View: can read on DAG:example_task_group_decorator
[2023-04-30T17:48:59.416+0000] {logging_mixin.py:120} INFO - [2023-04-30T17:48:59.416+0000] {manager.py:507} INFO - Created Permission View: can edit on DAG:example_task_group_decorator
[2023-04-30T17:48:59.429+0000] {logging_mixin.py:120} INFO - [2023-04-30T17:48:59.429+0000] {manager.py:507} INFO - Created Permission View: can delete on DAG:example_task_group_decorator
[2023-04-30T17:48:59.430+0000] {logging_mixin.py:120} INFO - [2023-04-30T17:48:59.429+0000] {dag.py:2585} INFO - Sync 1 DAGs
[2023-04-30T17:48:59.449+0000] {logging_mixin.py:120} INFO - [2023-04-30T17:48:59.449+0000] {dag.py:2606} INFO - Creating ORM DAG for example_task_group_decorator
[2023-04-30T17:48:59.467+0000] {logging_mixin.py:120} INFO - [2023-04-30T17:48:59.467+0000] {dag.py:3340} INFO - Setting next_dagrun for example_task_group_decorator to 2023-04-29T17:48:59.467046+00:00, run_after=2023-04-30T17:48:59.467046+00:00
[2023-04-30T17:48:59.502+0000] {processor.py:176} INFO - Processing /home/airflow/.local/lib/python3.7/site-packages/airflow/example_dags/example_task_group_decorator.py took 0.370 seconds
[2023-04-30T17:49:29.905+0000] {processor.py:154} INFO - Started process (PID=145) to work on /home/airflow/.local/lib/python3.7/site-packages/airflow/example_dags/example_task_group_decorator.py
[2023-04-30T17:49:29.906+0000] {processor.py:756} INFO - Processing file /home/airflow/.local/lib/python3.7/site-packages/airflow/example_dags/example_task_group_decorator.py for tasks to queue
[2023-04-30T17:49:29.906+0000] {logging_mixin.py:120} INFO - [2023-04-30T17:49:29.906+0000] {dagbag.py:537} INFO - Filling up the DagBag from /home/airflow/.local/lib/python3.7/site-packages/airflow/example_dags/example_task_group_decorator.py
[2023-04-30T17:49:29.929+0000] {processor.py:766} INFO - DAG(s) dict_keys(['example_task_group_decorator']) retrieved from /home/airflow/.local/lib/python3.7/site-packages/airflow/example_dags/example_task_group_decorator.py
[2023-04-30T17:49:29.964+0000] {logging_mixin.py:120} INFO - [2023-04-30T17:49:29.963+0000] {dag.py:2585} INFO - Sync 1 DAGs
[2023-04-30T17:49:29.990+0000] {logging_mixin.py:120} INFO - [2023-04-30T17:49:29.990+0000] {dag.py:3340} INFO - Setting next_dagrun for example_task_group_decorator to 2023-04-29T17:49:29.989847+00:00, run_after=2023-04-30T17:49:29.989847+00:00
[2023-04-30T17:49:30.011+0000] {processor.py:176} INFO - Processing /home/airflow/.local/lib/python3.7/site-packages/airflow/example_dags/example_task_group_decorator.py took 0.108 seconds
[2023-04-30T17:50:00.518+0000] {processor.py:154} INFO - Started process (PID=209) to work on /home/airflow/.local/lib/python3.7/site-packages/airflow/example_dags/example_task_group_decorator.py
[2023-04-30T17:50:00.520+0000] {processor.py:756} INFO - Processing file /home/airflow/.local/lib/python3.7/site-packages/airflow/example_dags/example_task_group_decorator.py for tasks to queue
[2023-04-30T17:50:00.520+0000] {logging_mixin.py:120} INFO - [2023-04-30T17:50:00.520+0000] {dagbag.py:537} INFO - Filling up the DagBag from /home/airflow/.local/lib/python3.7/site-packages/airflow/example_dags/example_task_group_decorator.py
[2023-04-30T17:50:00.544+0000] {processor.py:766} INFO - DAG(s) dict_keys(['example_task_group_decorator']) retrieved from /home/airflow/.local/lib/python3.7/site-packages/airflow/example_dags/example_task_group_decorator.py
[2023-04-30T17:50:00.583+0000] {logging_mixin.py:120} INFO - [2023-04-30T17:50:00.583+0000] {dag.py:2585} INFO - Sync 1 DAGs
[2023-04-30T17:50:00.611+0000] {logging_mixin.py:120} INFO - [2023-04-30T17:50:00.611+0000] {dag.py:3340} INFO - Setting next_dagrun for example_task_group_decorator to 2023-04-29T17:50:00.611234+00:00, run_after=2023-04-30T17:50:00.611234+00:00
[2023-04-30T17:50:00.639+0000] {processor.py:176} INFO - Processing /home/airflow/.local/lib/python3.7/site-packages/airflow/example_dags/example_task_group_decorator.py took 0.123 seconds
[2023-04-30T17:50:31.258+0000] {processor.py:154} INFO - Started process (PID=263) to work on /home/airflow/.local/lib/python3.7/site-packages/airflow/example_dags/example_task_group_decorator.py
[2023-04-30T17:50:31.259+0000] {processor.py:756} INFO - Processing file /home/airflow/.local/lib/python3.7/site-packages/airflow/example_dags/example_task_group_decorator.py for tasks to queue
[2023-04-30T17:50:31.259+0000] {logging_mixin.py:120} INFO - [2023-04-30T17:50:31.259+0000] {dagbag.py:537} INFO - Filling up the DagBag from /home/airflow/.local/lib/python3.7/site-packages/airflow/example_dags/example_task_group_decorator.py
[2023-04-30T17:50:31.287+0000] {processor.py:766} INFO - DAG(s) dict_keys(['example_task_group_decorator']) retrieved from /home/airflow/.local/lib/python3.7/site-packages/airflow/example_dags/example_task_group_decorator.py
[2023-04-30T17:50:31.328+0000] {logging_mixin.py:120} INFO - [2023-04-30T17:50:31.328+0000] {dag.py:2585} INFO - Sync 1 DAGs
[2023-04-30T17:50:31.354+0000] {logging_mixin.py:120} INFO - [2023-04-30T17:50:31.354+0000] {dag.py:3340} INFO - Setting next_dagrun for example_task_group_decorator to 2023-04-29T17:50:31.353959+00:00, run_after=2023-04-30T17:50:31.353959+00:00
[2023-04-30T17:50:31.381+0000] {processor.py:176} INFO - Processing /home/airflow/.local/lib/python3.7/site-packages/airflow/example_dags/example_task_group_decorator.py took 0.126 seconds
[2023-04-30T17:51:02.107+0000] {processor.py:154} INFO - Started process (PID=326) to work on /home/airflow/.local/lib/python3.7/site-packages/airflow/example_dags/example_task_group_decorator.py
[2023-04-30T17:51:02.108+0000] {processor.py:756} INFO - Processing file /home/airflow/.local/lib/python3.7/site-packages/airflow/example_dags/example_task_group_decorator.py for tasks to queue
[2023-04-30T17:51:02.108+0000] {logging_mixin.py:120} INFO - [2023-04-30T17:51:02.108+0000] {dagbag.py:537} INFO - Filling up the DagBag from /home/airflow/.local/lib/python3.7/site-packages/airflow/example_dags/example_task_group_decorator.py
[2023-04-30T17:51:02.132+0000] {processor.py:766} INFO - DAG(s) dict_keys(['example_task_group_decorator']) retrieved from /home/airflow/.local/lib/python3.7/site-packages/airflow/example_dags/example_task_group_decorator.py
[2023-04-30T17:51:02.170+0000] {logging_mixin.py:120} INFO - [2023-04-30T17:51:02.170+0000] {dag.py:2585} INFO - Sync 1 DAGs
[2023-04-30T17:51:02.198+0000] {logging_mixin.py:120} INFO - [2023-04-30T17:51:02.197+0000] {dag.py:3340} INFO - Setting next_dagrun for example_task_group_decorator to 2023-04-29T17:51:02.197674+00:00, run_after=2023-04-30T17:51:02.197674+00:00
[2023-04-30T17:51:02.223+0000] {processor.py:176} INFO - Processing /home/airflow/.local/lib/python3.7/site-packages/airflow/example_dags/example_task_group_decorator.py took 0.119 seconds
[2023-04-30T17:51:32.848+0000] {processor.py:154} INFO - Started process (PID=389) to work on /home/airflow/.local/lib/python3.7/site-packages/airflow/example_dags/example_task_group_decorator.py
[2023-04-30T17:51:32.848+0000] {processor.py:756} INFO - Processing file /home/airflow/.local/lib/python3.7/site-packages/airflow/example_dags/example_task_group_decorator.py for tasks to queue
[2023-04-30T17:51:32.849+0000] {logging_mixin.py:120} INFO - [2023-04-30T17:51:32.849+0000] {dagbag.py:537} INFO - Filling up the DagBag from /home/airflow/.local/lib/python3.7/site-packages/airflow/example_dags/example_task_group_decorator.py
[2023-04-30T17:51:32.874+0000] {processor.py:766} INFO - DAG(s) dict_keys(['example_task_group_decorator']) retrieved from /home/airflow/.local/lib/python3.7/site-packages/airflow/example_dags/example_task_group_decorator.py
[2023-04-30T17:51:32.913+0000] {logging_mixin.py:120} INFO - [2023-04-30T17:51:32.913+0000] {dag.py:2585} INFO - Sync 1 DAGs
[2023-04-30T17:51:32.942+0000] {logging_mixin.py:120} INFO - [2023-04-30T17:51:32.942+0000] {dag.py:3340} INFO - Setting next_dagrun for example_task_group_decorator to 2023-04-29T17:51:32.942026+00:00, run_after=2023-04-30T17:51:32.942026+00:00
[2023-04-30T17:51:32.967+0000] {processor.py:176} INFO - Processing /home/airflow/.local/lib/python3.7/site-packages/airflow/example_dags/example_task_group_decorator.py took 0.122 seconds
[2023-04-30T17:52:03.580+0000] {processor.py:154} INFO - Started process (PID=450) to work on /home/airflow/.local/lib/python3.7/site-packages/airflow/example_dags/example_task_group_decorator.py
[2023-04-30T17:52:03.581+0000] {processor.py:756} INFO - Processing file /home/airflow/.local/lib/python3.7/site-packages/airflow/example_dags/example_task_group_decorator.py for tasks to queue
[2023-04-30T17:52:03.582+0000] {logging_mixin.py:120} INFO - [2023-04-30T17:52:03.582+0000] {dagbag.py:537} INFO - Filling up the DagBag from /home/airflow/.local/lib/python3.7/site-packages/airflow/example_dags/example_task_group_decorator.py
[2023-04-30T17:52:03.609+0000] {processor.py:766} INFO - DAG(s) dict_keys(['example_task_group_decorator']) retrieved from /home/airflow/.local/lib/python3.7/site-packages/airflow/example_dags/example_task_group_decorator.py
[2023-04-30T17:52:03.653+0000] {logging_mixin.py:120} INFO - [2023-04-30T17:52:03.653+0000] {dag.py:2585} INFO - Sync 1 DAGs
[2023-04-30T17:52:03.681+0000] {logging_mixin.py:120} INFO - [2023-04-30T17:52:03.681+0000] {dag.py:3340} INFO - Setting next_dagrun for example_task_group_decorator to 2023-04-29T17:52:03.681533+00:00, run_after=2023-04-30T17:52:03.681533+00:00
[2023-04-30T17:52:03.710+0000] {processor.py:176} INFO - Processing /home/airflow/.local/lib/python3.7/site-packages/airflow/example_dags/example_task_group_decorator.py took 0.133 seconds
[2023-04-30T17:52:34.344+0000] {processor.py:154} INFO - Started process (PID=506) to work on /home/airflow/.local/lib/python3.7/site-packages/airflow/example_dags/example_task_group_decorator.py
[2023-04-30T17:52:34.344+0000] {processor.py:756} INFO - Processing file /home/airflow/.local/lib/python3.7/site-packages/airflow/example_dags/example_task_group_decorator.py for tasks to queue
[2023-04-30T17:52:34.345+0000] {logging_mixin.py:120} INFO - [2023-04-30T17:52:34.345+0000] {dagbag.py:537} INFO - Filling up the DagBag from /home/airflow/.local/lib/python3.7/site-packages/airflow/example_dags/example_task_group_decorator.py
[2023-04-30T17:52:34.372+0000] {processor.py:766} INFO - DAG(s) dict_keys(['example_task_group_decorator']) retrieved from /home/airflow/.local/lib/python3.7/site-packages/airflow/example_dags/example_task_group_decorator.py
[2023-04-30T17:52:34.414+0000] {logging_mixin.py:120} INFO - [2023-04-30T17:52:34.413+0000] {dag.py:2585} INFO - Sync 1 DAGs
[2023-04-30T17:52:34.440+0000] {logging_mixin.py:120} INFO - [2023-04-30T17:52:34.440+0000] {dag.py:3340} INFO - Setting next_dagrun for example_task_group_decorator to 2023-04-29T17:52:34.439827+00:00, run_after=2023-04-30T17:52:34.439827+00:00
[2023-04-30T17:52:34.464+0000] {processor.py:176} INFO - Processing /home/airflow/.local/lib/python3.7/site-packages/airflow/example_dags/example_task_group_decorator.py took 0.122 seconds
[2023-04-30T17:53:04.980+0000] {processor.py:154} INFO - Started process (PID=569) to work on /home/airflow/.local/lib/python3.7/site-packages/airflow/example_dags/example_task_group_decorator.py
[2023-04-30T17:53:04.982+0000] {processor.py:756} INFO - Processing file /home/airflow/.local/lib/python3.7/site-packages/airflow/example_dags/example_task_group_decorator.py for tasks to queue
[2023-04-30T17:53:04.983+0000] {logging_mixin.py:120} INFO - [2023-04-30T17:53:04.983+0000] {dagbag.py:537} INFO - Filling up the DagBag from /home/airflow/.local/lib/python3.7/site-packages/airflow/example_dags/example_task_group_decorator.py
[2023-04-30T17:53:05.007+0000] {processor.py:766} INFO - DAG(s) dict_keys(['example_task_group_decorator']) retrieved from /home/airflow/.local/lib/python3.7/site-packages/airflow/example_dags/example_task_group_decorator.py
[2023-04-30T17:53:05.045+0000] {logging_mixin.py:120} INFO - [2023-04-30T17:53:05.045+0000] {dag.py:2585} INFO - Sync 1 DAGs
[2023-04-30T17:53:05.074+0000] {logging_mixin.py:120} INFO - [2023-04-30T17:53:05.074+0000] {dag.py:3340} INFO - Setting next_dagrun for example_task_group_decorator to 2023-04-29T17:53:05.074490+00:00, run_after=2023-04-30T17:53:05.074490+00:00
[2023-04-30T17:53:05.101+0000] {processor.py:176} INFO - Processing /home/airflow/.local/lib/python3.7/site-packages/airflow/example_dags/example_task_group_decorator.py took 0.123 seconds
[2023-04-30T17:53:35.467+0000] {processor.py:154} INFO - Started process (PID=632) to work on /home/airflow/.local/lib/python3.7/site-packages/airflow/example_dags/example_task_group_decorator.py
[2023-04-30T17:53:35.468+0000] {processor.py:756} INFO - Processing file /home/airflow/.local/lib/python3.7/site-packages/airflow/example_dags/example_task_group_decorator.py for tasks to queue
[2023-04-30T17:53:35.468+0000] {logging_mixin.py:120} INFO - [2023-04-30T17:53:35.468+0000] {dagbag.py:537} INFO - Filling up the DagBag from /home/airflow/.local/lib/python3.7/site-packages/airflow/example_dags/example_task_group_decorator.py
[2023-04-30T17:53:35.492+0000] {processor.py:766} INFO - DAG(s) dict_keys(['example_task_group_decorator']) retrieved from /home/airflow/.local/lib/python3.7/site-packages/airflow/example_dags/example_task_group_decorator.py
[2023-04-30T17:53:35.533+0000] {logging_mixin.py:120} INFO - [2023-04-30T17:53:35.533+0000] {dag.py:2585} INFO - Sync 1 DAGs
[2023-04-30T17:53:35.562+0000] {logging_mixin.py:120} INFO - [2023-04-30T17:53:35.562+0000] {dag.py:3340} INFO - Setting next_dagrun for example_task_group_decorator to 2023-04-29T17:53:35.561863+00:00, run_after=2023-04-30T17:53:35.561863+00:00
[2023-04-30T17:53:35.588+0000] {processor.py:176} INFO - Processing /home/airflow/.local/lib/python3.7/site-packages/airflow/example_dags/example_task_group_decorator.py took 0.124 seconds
[2023-04-30T17:54:06.073+0000] {processor.py:154} INFO - Started process (PID=686) to work on /home/airflow/.local/lib/python3.7/site-packages/airflow/example_dags/example_task_group_decorator.py
[2023-04-30T17:54:06.073+0000] {processor.py:756} INFO - Processing file /home/airflow/.local/lib/python3.7/site-packages/airflow/example_dags/example_task_group_decorator.py for tasks to queue
[2023-04-30T17:54:06.074+0000] {logging_mixin.py:120} INFO - [2023-04-30T17:54:06.074+0000] {dagbag.py:537} INFO - Filling up the DagBag from /home/airflow/.local/lib/python3.7/site-packages/airflow/example_dags/example_task_group_decorator.py
[2023-04-30T17:54:06.096+0000] {processor.py:766} INFO - DAG(s) dict_keys(['example_task_group_decorator']) retrieved from /home/airflow/.local/lib/python3.7/site-packages/airflow/example_dags/example_task_group_decorator.py
[2023-04-30T17:54:06.133+0000] {logging_mixin.py:120} INFO - [2023-04-30T17:54:06.132+0000] {dag.py:2585} INFO - Sync 1 DAGs
[2023-04-30T17:54:06.158+0000] {logging_mixin.py:120} INFO - [2023-04-30T17:54:06.158+0000] {dag.py:3340} INFO - Setting next_dagrun for example_task_group_decorator to 2023-04-29T17:54:06.158138+00:00, run_after=2023-04-30T17:54:06.158138+00:00
[2023-04-30T17:54:06.181+0000] {processor.py:176} INFO - Processing /home/airflow/.local/lib/python3.7/site-packages/airflow/example_dags/example_task_group_decorator.py took 0.110 seconds
[2023-04-30T17:54:36.829+0000] {processor.py:154} INFO - Started process (PID=749) to work on /home/airflow/.local/lib/python3.7/site-packages/airflow/example_dags/example_task_group_decorator.py
[2023-04-30T17:54:36.831+0000] {processor.py:756} INFO - Processing file /home/airflow/.local/lib/python3.7/site-packages/airflow/example_dags/example_task_group_decorator.py for tasks to queue
[2023-04-30T17:54:36.832+0000] {logging_mixin.py:120} INFO - [2023-04-30T17:54:36.831+0000] {dagbag.py:537} INFO - Filling up the DagBag from /home/airflow/.local/lib/python3.7/site-packages/airflow/example_dags/example_task_group_decorator.py
[2023-04-30T17:54:36.854+0000] {processor.py:766} INFO - DAG(s) dict_keys(['example_task_group_decorator']) retrieved from /home/airflow/.local/lib/python3.7/site-packages/airflow/example_dags/example_task_group_decorator.py
[2023-04-30T17:54:36.889+0000] {logging_mixin.py:120} INFO - [2023-04-30T17:54:36.888+0000] {dag.py:2585} INFO - Sync 1 DAGs
[2023-04-30T17:54:36.914+0000] {logging_mixin.py:120} INFO - [2023-04-30T17:54:36.913+0000] {dag.py:3340} INFO - Setting next_dagrun for example_task_group_decorator to 2023-04-29T17:54:36.913693+00:00, run_after=2023-04-30T17:54:36.913693+00:00
[2023-04-30T17:54:36.935+0000] {processor.py:176} INFO - Processing /home/airflow/.local/lib/python3.7/site-packages/airflow/example_dags/example_task_group_decorator.py took 0.109 seconds
[2023-04-30T17:55:07.529+0000] {processor.py:154} INFO - Started process (PID=813) to work on /home/airflow/.local/lib/python3.7/site-packages/airflow/example_dags/example_task_group_decorator.py
[2023-04-30T17:55:07.529+0000] {processor.py:756} INFO - Processing file /home/airflow/.local/lib/python3.7/site-packages/airflow/example_dags/example_task_group_decorator.py for tasks to queue
[2023-04-30T17:55:07.530+0000] {logging_mixin.py:120} INFO - [2023-04-30T17:55:07.530+0000] {dagbag.py:537} INFO - Filling up the DagBag from /home/airflow/.local/lib/python3.7/site-packages/airflow/example_dags/example_task_group_decorator.py
[2023-04-30T17:55:07.558+0000] {processor.py:766} INFO - DAG(s) dict_keys(['example_task_group_decorator']) retrieved from /home/airflow/.local/lib/python3.7/site-packages/airflow/example_dags/example_task_group_decorator.py
[2023-04-30T17:55:07.597+0000] {logging_mixin.py:120} INFO - [2023-04-30T17:55:07.596+0000] {dag.py:2585} INFO - Sync 1 DAGs
[2023-04-30T17:55:07.621+0000] {logging_mixin.py:120} INFO - [2023-04-30T17:55:07.621+0000] {dag.py:3340} INFO - Setting next_dagrun for example_task_group_decorator to 2023-04-29T17:55:07.621022+00:00, run_after=2023-04-30T17:55:07.621022+00:00
[2023-04-30T17:55:07.650+0000] {processor.py:176} INFO - Processing /home/airflow/.local/lib/python3.7/site-packages/airflow/example_dags/example_task_group_decorator.py took 0.124 seconds
[2023-04-30T17:55:38.147+0000] {processor.py:154} INFO - Started process (PID=867) to work on /home/airflow/.local/lib/python3.7/site-packages/airflow/example_dags/example_task_group_decorator.py
[2023-04-30T17:55:38.148+0000] {processor.py:756} INFO - Processing file /home/airflow/.local/lib/python3.7/site-packages/airflow/example_dags/example_task_group_decorator.py for tasks to queue
[2023-04-30T17:55:38.149+0000] {logging_mixin.py:120} INFO - [2023-04-30T17:55:38.149+0000] {dagbag.py:537} INFO - Filling up the DagBag from /home/airflow/.local/lib/python3.7/site-packages/airflow/example_dags/example_task_group_decorator.py
[2023-04-30T17:55:38.176+0000] {processor.py:766} INFO - DAG(s) dict_keys(['example_task_group_decorator']) retrieved from /home/airflow/.local/lib/python3.7/site-packages/airflow/example_dags/example_task_group_decorator.py
[2023-04-30T17:55:38.219+0000] {logging_mixin.py:120} INFO - [2023-04-30T17:55:38.218+0000] {dag.py:2585} INFO - Sync 1 DAGs
[2023-04-30T17:55:38.245+0000] {logging_mixin.py:120} INFO - [2023-04-30T17:55:38.245+0000] {dag.py:3340} INFO - Setting next_dagrun for example_task_group_decorator to 2023-04-29T17:55:38.245446+00:00, run_after=2023-04-30T17:55:38.245446+00:00
[2023-04-30T17:55:38.272+0000] {processor.py:176} INFO - Processing /home/airflow/.local/lib/python3.7/site-packages/airflow/example_dags/example_task_group_decorator.py took 0.126 seconds
[2023-04-30T17:56:08.779+0000] {processor.py:154} INFO - Started process (PID=930) to work on /home/airflow/.local/lib/python3.7/site-packages/airflow/example_dags/example_task_group_decorator.py
[2023-04-30T17:56:08.780+0000] {processor.py:756} INFO - Processing file /home/airflow/.local/lib/python3.7/site-packages/airflow/example_dags/example_task_group_decorator.py for tasks to queue
[2023-04-30T17:56:08.781+0000] {logging_mixin.py:120} INFO - [2023-04-30T17:56:08.781+0000] {dagbag.py:537} INFO - Filling up the DagBag from /home/airflow/.local/lib/python3.7/site-packages/airflow/example_dags/example_task_group_decorator.py
[2023-04-30T17:56:08.811+0000] {processor.py:766} INFO - DAG(s) dict_keys(['example_task_group_decorator']) retrieved from /home/airflow/.local/lib/python3.7/site-packages/airflow/example_dags/example_task_group_decorator.py
[2023-04-30T17:56:08.851+0000] {logging_mixin.py:120} INFO - [2023-04-30T17:56:08.850+0000] {dag.py:2585} INFO - Sync 1 DAGs
[2023-04-30T17:56:08.877+0000] {logging_mixin.py:120} INFO - [2023-04-30T17:56:08.877+0000] {dag.py:3340} INFO - Setting next_dagrun for example_task_group_decorator to 2023-04-29T17:56:08.877394+00:00, run_after=2023-04-30T17:56:08.877394+00:00
[2023-04-30T17:56:08.904+0000] {processor.py:176} INFO - Processing /home/airflow/.local/lib/python3.7/site-packages/airflow/example_dags/example_task_group_decorator.py took 0.127 seconds
[2023-04-30T17:56:39.393+0000] {processor.py:154} INFO - Started process (PID=994) to work on /home/airflow/.local/lib/python3.7/site-packages/airflow/example_dags/example_task_group_decorator.py
[2023-04-30T17:56:39.393+0000] {processor.py:756} INFO - Processing file /home/airflow/.local/lib/python3.7/site-packages/airflow/example_dags/example_task_group_decorator.py for tasks to queue
[2023-04-30T17:56:39.394+0000] {logging_mixin.py:120} INFO - [2023-04-30T17:56:39.394+0000] {dagbag.py:537} INFO - Filling up the DagBag from /home/airflow/.local/lib/python3.7/site-packages/airflow/example_dags/example_task_group_decorator.py
[2023-04-30T17:56:39.416+0000] {processor.py:766} INFO - DAG(s) dict_keys(['example_task_group_decorator']) retrieved from /home/airflow/.local/lib/python3.7/site-packages/airflow/example_dags/example_task_group_decorator.py
[2023-04-30T17:56:39.453+0000] {logging_mixin.py:120} INFO - [2023-04-30T17:56:39.453+0000] {dag.py:2585} INFO - Sync 1 DAGs
[2023-04-30T17:56:39.478+0000] {logging_mixin.py:120} INFO - [2023-04-30T17:56:39.478+0000] {dag.py:3340} INFO - Setting next_dagrun for example_task_group_decorator to 2023-04-29T17:56:39.478093+00:00, run_after=2023-04-30T17:56:39.478093+00:00
[2023-04-30T17:56:39.502+0000] {processor.py:176} INFO - Processing /home/airflow/.local/lib/python3.7/site-packages/airflow/example_dags/example_task_group_decorator.py took 0.111 seconds
[2023-04-30T17:57:09.910+0000] {processor.py:154} INFO - Started process (PID=1049) to work on /home/airflow/.local/lib/python3.7/site-packages/airflow/example_dags/example_task_group_decorator.py
[2023-04-30T17:57:09.911+0000] {processor.py:756} INFO - Processing file /home/airflow/.local/lib/python3.7/site-packages/airflow/example_dags/example_task_group_decorator.py for tasks to queue
[2023-04-30T17:57:09.912+0000] {logging_mixin.py:120} INFO - [2023-04-30T17:57:09.912+0000] {dagbag.py:537} INFO - Filling up the DagBag from /home/airflow/.local/lib/python3.7/site-packages/airflow/example_dags/example_task_group_decorator.py
[2023-04-30T17:57:09.935+0000] {processor.py:766} INFO - DAG(s) dict_keys(['example_task_group_decorator']) retrieved from /home/airflow/.local/lib/python3.7/site-packages/airflow/example_dags/example_task_group_decorator.py
[2023-04-30T17:57:09.974+0000] {logging_mixin.py:120} INFO - [2023-04-30T17:57:09.973+0000] {dag.py:2585} INFO - Sync 1 DAGs
[2023-04-30T17:57:09.999+0000] {logging_mixin.py:120} INFO - [2023-04-30T17:57:09.998+0000] {dag.py:3340} INFO - Setting next_dagrun for example_task_group_decorator to 2023-04-29T17:57:09.998794+00:00, run_after=2023-04-30T17:57:09.998794+00:00
[2023-04-30T17:57:10.024+0000] {processor.py:176} INFO - Processing /home/airflow/.local/lib/python3.7/site-packages/airflow/example_dags/example_task_group_decorator.py took 0.117 seconds
[2023-04-30T17:57:40.665+0000] {processor.py:154} INFO - Started process (PID=1112) to work on /home/airflow/.local/lib/python3.7/site-packages/airflow/example_dags/example_task_group_decorator.py
[2023-04-30T17:57:40.665+0000] {processor.py:756} INFO - Processing file /home/airflow/.local/lib/python3.7/site-packages/airflow/example_dags/example_task_group_decorator.py for tasks to queue
[2023-04-30T17:57:40.666+0000] {logging_mixin.py:120} INFO - [2023-04-30T17:57:40.665+0000] {dagbag.py:537} INFO - Filling up the DagBag from /home/airflow/.local/lib/python3.7/site-packages/airflow/example_dags/example_task_group_decorator.py
[2023-04-30T17:57:40.688+0000] {processor.py:766} INFO - DAG(s) dict_keys(['example_task_group_decorator']) retrieved from /home/airflow/.local/lib/python3.7/site-packages/airflow/example_dags/example_task_group_decorator.py
[2023-04-30T17:57:40.724+0000] {logging_mixin.py:120} INFO - [2023-04-30T17:57:40.724+0000] {dag.py:2585} INFO - Sync 1 DAGs
[2023-04-30T17:57:40.753+0000] {logging_mixin.py:120} INFO - [2023-04-30T17:57:40.753+0000] {dag.py:3340} INFO - Setting next_dagrun for example_task_group_decorator to 2023-04-29T17:57:40.752986+00:00, run_after=2023-04-30T17:57:40.752986+00:00
[2023-04-30T17:57:40.779+0000] {processor.py:176} INFO - Processing /home/airflow/.local/lib/python3.7/site-packages/airflow/example_dags/example_task_group_decorator.py took 0.117 seconds
[2023-04-30T17:58:11.289+0000] {processor.py:154} INFO - Started process (PID=1182) to work on /home/airflow/.local/lib/python3.7/site-packages/airflow/example_dags/example_task_group_decorator.py
[2023-04-30T17:58:11.290+0000] {processor.py:756} INFO - Processing file /home/airflow/.local/lib/python3.7/site-packages/airflow/example_dags/example_task_group_decorator.py for tasks to queue
[2023-04-30T17:58:11.291+0000] {logging_mixin.py:120} INFO - [2023-04-30T17:58:11.291+0000] {dagbag.py:537} INFO - Filling up the DagBag from /home/airflow/.local/lib/python3.7/site-packages/airflow/example_dags/example_task_group_decorator.py
[2023-04-30T17:58:11.313+0000] {processor.py:766} INFO - DAG(s) dict_keys(['example_task_group_decorator']) retrieved from /home/airflow/.local/lib/python3.7/site-packages/airflow/example_dags/example_task_group_decorator.py
[2023-04-30T17:58:11.350+0000] {logging_mixin.py:120} INFO - [2023-04-30T17:58:11.350+0000] {dag.py:2585} INFO - Sync 1 DAGs
[2023-04-30T17:58:11.374+0000] {logging_mixin.py:120} INFO - [2023-04-30T17:58:11.374+0000] {dag.py:3340} INFO - Setting next_dagrun for example_task_group_decorator to 2023-04-29T17:58:11.374549+00:00, run_after=2023-04-30T17:58:11.374549+00:00
[2023-04-30T17:58:11.395+0000] {processor.py:176} INFO - Processing /home/airflow/.local/lib/python3.7/site-packages/airflow/example_dags/example_task_group_decorator.py took 0.108 seconds
[2023-04-30T17:58:41.942+0000] {processor.py:154} INFO - Started process (PID=1243) to work on /home/airflow/.local/lib/python3.7/site-packages/airflow/example_dags/example_task_group_decorator.py
[2023-04-30T17:58:41.943+0000] {processor.py:756} INFO - Processing file /home/airflow/.local/lib/python3.7/site-packages/airflow/example_dags/example_task_group_decorator.py for tasks to queue
[2023-04-30T17:58:41.944+0000] {logging_mixin.py:120} INFO - [2023-04-30T17:58:41.944+0000] {dagbag.py:537} INFO - Filling up the DagBag from /home/airflow/.local/lib/python3.7/site-packages/airflow/example_dags/example_task_group_decorator.py
[2023-04-30T17:58:41.976+0000] {processor.py:766} INFO - DAG(s) dict_keys(['example_task_group_decorator']) retrieved from /home/airflow/.local/lib/python3.7/site-packages/airflow/example_dags/example_task_group_decorator.py
[2023-04-30T17:58:42.019+0000] {logging_mixin.py:120} INFO - [2023-04-30T17:58:42.019+0000] {dag.py:2585} INFO - Sync 1 DAGs
[2023-04-30T17:58:42.043+0000] {logging_mixin.py:120} INFO - [2023-04-30T17:58:42.043+0000] {dag.py:3340} INFO - Setting next_dagrun for example_task_group_decorator to 2023-04-29T17:58:42.043396+00:00, run_after=2023-04-30T17:58:42.043396+00:00
[2023-04-30T17:58:42.067+0000] {processor.py:176} INFO - Processing /home/airflow/.local/lib/python3.7/site-packages/airflow/example_dags/example_task_group_decorator.py took 0.128 seconds
[2023-04-30T17:59:12.826+0000] {processor.py:154} INFO - Started process (PID=1299) to work on /home/airflow/.local/lib/python3.7/site-packages/airflow/example_dags/example_task_group_decorator.py
[2023-04-30T17:59:12.827+0000] {processor.py:756} INFO - Processing file /home/airflow/.local/lib/python3.7/site-packages/airflow/example_dags/example_task_group_decorator.py for tasks to queue
[2023-04-30T17:59:12.828+0000] {logging_mixin.py:120} INFO - [2023-04-30T17:59:12.827+0000] {dagbag.py:537} INFO - Filling up the DagBag from /home/airflow/.local/lib/python3.7/site-packages/airflow/example_dags/example_task_group_decorator.py
[2023-04-30T17:59:12.855+0000] {processor.py:766} INFO - DAG(s) dict_keys(['example_task_group_decorator']) retrieved from /home/airflow/.local/lib/python3.7/site-packages/airflow/example_dags/example_task_group_decorator.py
[2023-04-30T17:59:12.896+0000] {logging_mixin.py:120} INFO - [2023-04-30T17:59:12.896+0000] {dag.py:2585} INFO - Sync 1 DAGs
[2023-04-30T17:59:12.925+0000] {logging_mixin.py:120} INFO - [2023-04-30T17:59:12.925+0000] {dag.py:3340} INFO - Setting next_dagrun for example_task_group_decorator to 2023-04-29T17:59:12.925132+00:00, run_after=2023-04-30T17:59:12.925132+00:00
[2023-04-30T17:59:12.946+0000] {processor.py:176} INFO - Processing /home/airflow/.local/lib/python3.7/site-packages/airflow/example_dags/example_task_group_decorator.py took 0.123 seconds
[2023-04-30T17:59:43.498+0000] {processor.py:154} INFO - Started process (PID=1362) to work on /home/airflow/.local/lib/python3.7/site-packages/airflow/example_dags/example_task_group_decorator.py
[2023-04-30T17:59:43.499+0000] {processor.py:756} INFO - Processing file /home/airflow/.local/lib/python3.7/site-packages/airflow/example_dags/example_task_group_decorator.py for tasks to queue
[2023-04-30T17:59:43.500+0000] {logging_mixin.py:120} INFO - [2023-04-30T17:59:43.500+0000] {dagbag.py:537} INFO - Filling up the DagBag from /home/airflow/.local/lib/python3.7/site-packages/airflow/example_dags/example_task_group_decorator.py
[2023-04-30T17:59:43.526+0000] {processor.py:766} INFO - DAG(s) dict_keys(['example_task_group_decorator']) retrieved from /home/airflow/.local/lib/python3.7/site-packages/airflow/example_dags/example_task_group_decorator.py
[2023-04-30T17:59:43.570+0000] {logging_mixin.py:120} INFO - [2023-04-30T17:59:43.570+0000] {dag.py:2585} INFO - Sync 1 DAGs
[2023-04-30T17:59:43.597+0000] {logging_mixin.py:120} INFO - [2023-04-30T17:59:43.597+0000] {dag.py:3340} INFO - Setting next_dagrun for example_task_group_decorator to 2023-04-29T17:59:43.597004+00:00, run_after=2023-04-30T17:59:43.597004+00:00
[2023-04-30T17:59:43.619+0000] {processor.py:176} INFO - Processing /home/airflow/.local/lib/python3.7/site-packages/airflow/example_dags/example_task_group_decorator.py took 0.123 seconds
[2023-04-30T18:00:14.194+0000] {processor.py:154} INFO - Started process (PID=1426) to work on /home/airflow/.local/lib/python3.7/site-packages/airflow/example_dags/example_task_group_decorator.py
[2023-04-30T18:00:14.195+0000] {processor.py:756} INFO - Processing file /home/airflow/.local/lib/python3.7/site-packages/airflow/example_dags/example_task_group_decorator.py for tasks to queue
[2023-04-30T18:00:14.196+0000] {logging_mixin.py:120} INFO - [2023-04-30T18:00:14.196+0000] {dagbag.py:537} INFO - Filling up the DagBag from /home/airflow/.local/lib/python3.7/site-packages/airflow/example_dags/example_task_group_decorator.py
[2023-04-30T18:00:14.233+0000] {processor.py:766} INFO - DAG(s) dict_keys(['example_task_group_decorator']) retrieved from /home/airflow/.local/lib/python3.7/site-packages/airflow/example_dags/example_task_group_decorator.py
[2023-04-30T18:00:14.287+0000] {logging_mixin.py:120} INFO - [2023-04-30T18:00:14.287+0000] {dag.py:2585} INFO - Sync 1 DAGs
[2023-04-30T18:00:14.321+0000] {logging_mixin.py:120} INFO - [2023-04-30T18:00:14.321+0000] {dag.py:3340} INFO - Setting next_dagrun for example_task_group_decorator to 2023-04-29T18:00:14.321274+00:00, run_after=2023-04-30T18:00:14.321274+00:00
[2023-04-30T18:00:14.352+0000] {processor.py:176} INFO - Processing /home/airflow/.local/lib/python3.7/site-packages/airflow/example_dags/example_task_group_decorator.py took 0.161 seconds
[2023-04-30T18:00:44.818+0000] {processor.py:154} INFO - Started process (PID=1481) to work on /home/airflow/.local/lib/python3.7/site-packages/airflow/example_dags/example_task_group_decorator.py
[2023-04-30T18:00:44.819+0000] {processor.py:756} INFO - Processing file /home/airflow/.local/lib/python3.7/site-packages/airflow/example_dags/example_task_group_decorator.py for tasks to queue
[2023-04-30T18:00:44.820+0000] {logging_mixin.py:120} INFO - [2023-04-30T18:00:44.819+0000] {dagbag.py:537} INFO - Filling up the DagBag from /home/airflow/.local/lib/python3.7/site-packages/airflow/example_dags/example_task_group_decorator.py
[2023-04-30T18:00:44.857+0000] {processor.py:766} INFO - DAG(s) dict_keys(['example_task_group_decorator']) retrieved from /home/airflow/.local/lib/python3.7/site-packages/airflow/example_dags/example_task_group_decorator.py
[2023-04-30T18:00:44.895+0000] {logging_mixin.py:120} INFO - [2023-04-30T18:00:44.895+0000] {dag.py:2585} INFO - Sync 1 DAGs
[2023-04-30T18:00:44.919+0000] {logging_mixin.py:120} INFO - [2023-04-30T18:00:44.919+0000] {dag.py:3340} INFO - Setting next_dagrun for example_task_group_decorator to 2023-04-29T18:00:44.919194+00:00, run_after=2023-04-30T18:00:44.919194+00:00
[2023-04-30T18:00:44.945+0000] {processor.py:176} INFO - Processing /home/airflow/.local/lib/python3.7/site-packages/airflow/example_dags/example_task_group_decorator.py took 0.128 seconds
[2023-04-30T18:01:15.667+0000] {processor.py:154} INFO - Started process (PID=1544) to work on /home/airflow/.local/lib/python3.7/site-packages/airflow/example_dags/example_task_group_decorator.py
[2023-04-30T18:01:15.668+0000] {processor.py:756} INFO - Processing file /home/airflow/.local/lib/python3.7/site-packages/airflow/example_dags/example_task_group_decorator.py for tasks to queue
[2023-04-30T18:01:15.669+0000] {logging_mixin.py:120} INFO - [2023-04-30T18:01:15.669+0000] {dagbag.py:537} INFO - Filling up the DagBag from /home/airflow/.local/lib/python3.7/site-packages/airflow/example_dags/example_task_group_decorator.py
[2023-04-30T18:01:15.699+0000] {processor.py:766} INFO - DAG(s) dict_keys(['example_task_group_decorator']) retrieved from /home/airflow/.local/lib/python3.7/site-packages/airflow/example_dags/example_task_group_decorator.py
[2023-04-30T18:01:15.737+0000] {logging_mixin.py:120} INFO - [2023-04-30T18:01:15.737+0000] {dag.py:2585} INFO - Sync 1 DAGs
[2023-04-30T18:01:15.765+0000] {logging_mixin.py:120} INFO - [2023-04-30T18:01:15.765+0000] {dag.py:3340} INFO - Setting next_dagrun for example_task_group_decorator to 2023-04-29T18:01:15.764999+00:00, run_after=2023-04-30T18:01:15.764999+00:00
[2023-04-30T18:01:15.790+0000] {processor.py:176} INFO - Processing /home/airflow/.local/lib/python3.7/site-packages/airflow/example_dags/example_task_group_decorator.py took 0.125 seconds
[2023-04-30T18:01:46.278+0000] {processor.py:154} INFO - Started process (PID=1607) to work on /home/airflow/.local/lib/python3.7/site-packages/airflow/example_dags/example_task_group_decorator.py
[2023-04-30T18:01:46.279+0000] {processor.py:756} INFO - Processing file /home/airflow/.local/lib/python3.7/site-packages/airflow/example_dags/example_task_group_decorator.py for tasks to queue
[2023-04-30T18:01:46.280+0000] {logging_mixin.py:120} INFO - [2023-04-30T18:01:46.280+0000] {dagbag.py:537} INFO - Filling up the DagBag from /home/airflow/.local/lib/python3.7/site-packages/airflow/example_dags/example_task_group_decorator.py
[2023-04-30T18:01:46.303+0000] {processor.py:766} INFO - DAG(s) dict_keys(['example_task_group_decorator']) retrieved from /home/airflow/.local/lib/python3.7/site-packages/airflow/example_dags/example_task_group_decorator.py
[2023-04-30T18:01:46.339+0000] {logging_mixin.py:120} INFO - [2023-04-30T18:01:46.339+0000] {dag.py:2585} INFO - Sync 1 DAGs
[2023-04-30T18:01:46.366+0000] {logging_mixin.py:120} INFO - [2023-04-30T18:01:46.366+0000] {dag.py:3340} INFO - Setting next_dagrun for example_task_group_decorator to 2023-04-29T18:01:46.365893+00:00, run_after=2023-04-30T18:01:46.365893+00:00
[2023-04-30T18:01:46.386+0000] {processor.py:176} INFO - Processing /home/airflow/.local/lib/python3.7/site-packages/airflow/example_dags/example_task_group_decorator.py took 0.110 seconds
[2023-04-30T18:02:16.675+0000] {processor.py:154} INFO - Started process (PID=1661) to work on /home/airflow/.local/lib/python3.7/site-packages/airflow/example_dags/example_task_group_decorator.py
[2023-04-30T18:02:16.677+0000] {processor.py:756} INFO - Processing file /home/airflow/.local/lib/python3.7/site-packages/airflow/example_dags/example_task_group_decorator.py for tasks to queue
[2023-04-30T18:02:16.677+0000] {logging_mixin.py:120} INFO - [2023-04-30T18:02:16.677+0000] {dagbag.py:537} INFO - Filling up the DagBag from /home/airflow/.local/lib/python3.7/site-packages/airflow/example_dags/example_task_group_decorator.py
[2023-04-30T18:02:16.698+0000] {processor.py:766} INFO - DAG(s) dict_keys(['example_task_group_decorator']) retrieved from /home/airflow/.local/lib/python3.7/site-packages/airflow/example_dags/example_task_group_decorator.py
[2023-04-30T18:02:16.734+0000] {logging_mixin.py:120} INFO - [2023-04-30T18:02:16.734+0000] {dag.py:2585} INFO - Sync 1 DAGs
[2023-04-30T18:02:16.758+0000] {logging_mixin.py:120} INFO - [2023-04-30T18:02:16.758+0000] {dag.py:3340} INFO - Setting next_dagrun for example_task_group_decorator to 2023-04-29T18:02:16.757831+00:00, run_after=2023-04-30T18:02:16.757831+00:00
[2023-04-30T18:02:16.779+0000] {processor.py:176} INFO - Processing /home/airflow/.local/lib/python3.7/site-packages/airflow/example_dags/example_task_group_decorator.py took 0.105 seconds
[2023-04-30T18:02:47.160+0000] {processor.py:154} INFO - Started process (PID=1724) to work on /home/airflow/.local/lib/python3.7/site-packages/airflow/example_dags/example_task_group_decorator.py
[2023-04-30T18:02:47.161+0000] {processor.py:756} INFO - Processing file /home/airflow/.local/lib/python3.7/site-packages/airflow/example_dags/example_task_group_decorator.py for tasks to queue
[2023-04-30T18:02:47.161+0000] {logging_mixin.py:120} INFO - [2023-04-30T18:02:47.161+0000] {dagbag.py:537} INFO - Filling up the DagBag from /home/airflow/.local/lib/python3.7/site-packages/airflow/example_dags/example_task_group_decorator.py
[2023-04-30T18:02:47.183+0000] {processor.py:766} INFO - DAG(s) dict_keys(['example_task_group_decorator']) retrieved from /home/airflow/.local/lib/python3.7/site-packages/airflow/example_dags/example_task_group_decorator.py
[2023-04-30T18:02:47.223+0000] {logging_mixin.py:120} INFO - [2023-04-30T18:02:47.223+0000] {dag.py:2585} INFO - Sync 1 DAGs
[2023-04-30T18:02:47.246+0000] {logging_mixin.py:120} INFO - [2023-04-30T18:02:47.246+0000] {dag.py:3340} INFO - Setting next_dagrun for example_task_group_decorator to 2023-04-29T18:02:47.246244+00:00, run_after=2023-04-30T18:02:47.246244+00:00
[2023-04-30T18:02:47.272+0000] {processor.py:176} INFO - Processing /home/airflow/.local/lib/python3.7/site-packages/airflow/example_dags/example_task_group_decorator.py took 0.113 seconds
[2023-04-30T18:03:17.780+0000] {processor.py:154} INFO - Started process (PID=1787) to work on /home/airflow/.local/lib/python3.7/site-packages/airflow/example_dags/example_task_group_decorator.py
[2023-04-30T18:03:17.782+0000] {processor.py:756} INFO - Processing file /home/airflow/.local/lib/python3.7/site-packages/airflow/example_dags/example_task_group_decorator.py for tasks to queue
[2023-04-30T18:03:17.782+0000] {logging_mixin.py:120} INFO - [2023-04-30T18:03:17.782+0000] {dagbag.py:537} INFO - Filling up the DagBag from /home/airflow/.local/lib/python3.7/site-packages/airflow/example_dags/example_task_group_decorator.py
[2023-04-30T18:03:17.805+0000] {processor.py:766} INFO - DAG(s) dict_keys(['example_task_group_decorator']) retrieved from /home/airflow/.local/lib/python3.7/site-packages/airflow/example_dags/example_task_group_decorator.py
[2023-04-30T18:03:17.843+0000] {logging_mixin.py:120} INFO - [2023-04-30T18:03:17.843+0000] {dag.py:2585} INFO - Sync 1 DAGs
[2023-04-30T18:03:17.868+0000] {logging_mixin.py:120} INFO - [2023-04-30T18:03:17.868+0000] {dag.py:3340} INFO - Setting next_dagrun for example_task_group_decorator to 2023-04-29T18:03:17.867997+00:00, run_after=2023-04-30T18:03:17.867997+00:00
[2023-04-30T18:03:17.895+0000] {processor.py:176} INFO - Processing /home/airflow/.local/lib/python3.7/site-packages/airflow/example_dags/example_task_group_decorator.py took 0.117 seconds
[2023-04-30T18:03:48.299+0000] {processor.py:154} INFO - Started process (PID=1842) to work on /home/airflow/.local/lib/python3.7/site-packages/airflow/example_dags/example_task_group_decorator.py
[2023-04-30T18:03:48.300+0000] {processor.py:756} INFO - Processing file /home/airflow/.local/lib/python3.7/site-packages/airflow/example_dags/example_task_group_decorator.py for tasks to queue
[2023-04-30T18:03:48.300+0000] {logging_mixin.py:120} INFO - [2023-04-30T18:03:48.300+0000] {dagbag.py:537} INFO - Filling up the DagBag from /home/airflow/.local/lib/python3.7/site-packages/airflow/example_dags/example_task_group_decorator.py
[2023-04-30T18:03:48.323+0000] {processor.py:766} INFO - DAG(s) dict_keys(['example_task_group_decorator']) retrieved from /home/airflow/.local/lib/python3.7/site-packages/airflow/example_dags/example_task_group_decorator.py
[2023-04-30T18:03:48.358+0000] {logging_mixin.py:120} INFO - [2023-04-30T18:03:48.358+0000] {dag.py:2585} INFO - Sync 1 DAGs
[2023-04-30T18:03:48.383+0000] {logging_mixin.py:120} INFO - [2023-04-30T18:03:48.383+0000] {dag.py:3340} INFO - Setting next_dagrun for example_task_group_decorator to 2023-04-29T18:03:48.382997+00:00, run_after=2023-04-30T18:03:48.382997+00:00
[2023-04-30T18:03:48.407+0000] {processor.py:176} INFO - Processing /home/airflow/.local/lib/python3.7/site-packages/airflow/example_dags/example_task_group_decorator.py took 0.110 seconds
[2023-04-30T18:04:18.851+0000] {processor.py:154} INFO - Started process (PID=1905) to work on /home/airflow/.local/lib/python3.7/site-packages/airflow/example_dags/example_task_group_decorator.py
[2023-04-30T18:04:18.851+0000] {processor.py:756} INFO - Processing file /home/airflow/.local/lib/python3.7/site-packages/airflow/example_dags/example_task_group_decorator.py for tasks to queue
[2023-04-30T18:04:18.852+0000] {logging_mixin.py:120} INFO - [2023-04-30T18:04:18.852+0000] {dagbag.py:537} INFO - Filling up the DagBag from /home/airflow/.local/lib/python3.7/site-packages/airflow/example_dags/example_task_group_decorator.py
[2023-04-30T18:04:18.873+0000] {processor.py:766} INFO - DAG(s) dict_keys(['example_task_group_decorator']) retrieved from /home/airflow/.local/lib/python3.7/site-packages/airflow/example_dags/example_task_group_decorator.py
[2023-04-30T18:04:18.908+0000] {logging_mixin.py:120} INFO - [2023-04-30T18:04:18.908+0000] {dag.py:2585} INFO - Sync 1 DAGs
[2023-04-30T18:04:18.931+0000] {logging_mixin.py:120} INFO - [2023-04-30T18:04:18.931+0000] {dag.py:3340} INFO - Setting next_dagrun for example_task_group_decorator to 2023-04-29T18:04:18.931233+00:00, run_after=2023-04-30T18:04:18.931233+00:00
[2023-04-30T18:04:18.953+0000] {processor.py:176} INFO - Processing /home/airflow/.local/lib/python3.7/site-packages/airflow/example_dags/example_task_group_decorator.py took 0.104 seconds
[2023-04-30T18:04:49.438+0000] {processor.py:154} INFO - Started process (PID=1969) to work on /home/airflow/.local/lib/python3.7/site-packages/airflow/example_dags/example_task_group_decorator.py
[2023-04-30T18:04:49.439+0000] {processor.py:756} INFO - Processing file /home/airflow/.local/lib/python3.7/site-packages/airflow/example_dags/example_task_group_decorator.py for tasks to queue
[2023-04-30T18:04:49.440+0000] {logging_mixin.py:120} INFO - [2023-04-30T18:04:49.439+0000] {dagbag.py:537} INFO - Filling up the DagBag from /home/airflow/.local/lib/python3.7/site-packages/airflow/example_dags/example_task_group_decorator.py
[2023-04-30T18:04:49.463+0000] {processor.py:766} INFO - DAG(s) dict_keys(['example_task_group_decorator']) retrieved from /home/airflow/.local/lib/python3.7/site-packages/airflow/example_dags/example_task_group_decorator.py
[2023-04-30T18:04:49.500+0000] {logging_mixin.py:120} INFO - [2023-04-30T18:04:49.499+0000] {dag.py:2585} INFO - Sync 1 DAGs
[2023-04-30T18:04:49.524+0000] {logging_mixin.py:120} INFO - [2023-04-30T18:04:49.524+0000] {dag.py:3340} INFO - Setting next_dagrun for example_task_group_decorator to 2023-04-29T18:04:49.524213+00:00, run_after=2023-04-30T18:04:49.524213+00:00
[2023-04-30T18:04:49.549+0000] {processor.py:176} INFO - Processing /home/airflow/.local/lib/python3.7/site-packages/airflow/example_dags/example_task_group_decorator.py took 0.113 seconds
[2023-04-30T18:05:20.123+0000] {processor.py:154} INFO - Started process (PID=2033) to work on /home/airflow/.local/lib/python3.7/site-packages/airflow/example_dags/example_task_group_decorator.py
[2023-04-30T18:05:20.124+0000] {processor.py:756} INFO - Processing file /home/airflow/.local/lib/python3.7/site-packages/airflow/example_dags/example_task_group_decorator.py for tasks to queue
[2023-04-30T18:05:20.125+0000] {logging_mixin.py:120} INFO - [2023-04-30T18:05:20.124+0000] {dagbag.py:537} INFO - Filling up the DagBag from /home/airflow/.local/lib/python3.7/site-packages/airflow/example_dags/example_task_group_decorator.py
[2023-04-30T18:05:20.153+0000] {processor.py:766} INFO - DAG(s) dict_keys(['example_task_group_decorator']) retrieved from /home/airflow/.local/lib/python3.7/site-packages/airflow/example_dags/example_task_group_decorator.py
[2023-04-30T18:05:20.194+0000] {logging_mixin.py:120} INFO - [2023-04-30T18:05:20.194+0000] {dag.py:2585} INFO - Sync 1 DAGs
[2023-04-30T18:05:20.224+0000] {logging_mixin.py:120} INFO - [2023-04-30T18:05:20.224+0000] {dag.py:3340} INFO - Setting next_dagrun for example_task_group_decorator to 2023-04-29T18:05:20.224525+00:00, run_after=2023-04-30T18:05:20.224525+00:00
[2023-04-30T18:05:20.249+0000] {processor.py:176} INFO - Processing /home/airflow/.local/lib/python3.7/site-packages/airflow/example_dags/example_task_group_decorator.py took 0.129 seconds
[2023-04-30T18:05:50.716+0000] {processor.py:154} INFO - Started process (PID=2087) to work on /home/airflow/.local/lib/python3.7/site-packages/airflow/example_dags/example_task_group_decorator.py
[2023-04-30T18:05:50.718+0000] {processor.py:756} INFO - Processing file /home/airflow/.local/lib/python3.7/site-packages/airflow/example_dags/example_task_group_decorator.py for tasks to queue
[2023-04-30T18:05:50.718+0000] {logging_mixin.py:120} INFO - [2023-04-30T18:05:50.718+0000] {dagbag.py:537} INFO - Filling up the DagBag from /home/airflow/.local/lib/python3.7/site-packages/airflow/example_dags/example_task_group_decorator.py
[2023-04-30T18:05:50.741+0000] {processor.py:766} INFO - DAG(s) dict_keys(['example_task_group_decorator']) retrieved from /home/airflow/.local/lib/python3.7/site-packages/airflow/example_dags/example_task_group_decorator.py
[2023-04-30T18:05:50.779+0000] {logging_mixin.py:120} INFO - [2023-04-30T18:05:50.779+0000] {dag.py:2585} INFO - Sync 1 DAGs
[2023-04-30T18:05:50.804+0000] {logging_mixin.py:120} INFO - [2023-04-30T18:05:50.804+0000] {dag.py:3340} INFO - Setting next_dagrun for example_task_group_decorator to 2023-04-29T18:05:50.804265+00:00, run_after=2023-04-30T18:05:50.804265+00:00
[2023-04-30T18:05:50.826+0000] {processor.py:176} INFO - Processing /home/airflow/.local/lib/python3.7/site-packages/airflow/example_dags/example_task_group_decorator.py took 0.111 seconds
[2023-04-30T18:06:21.187+0000] {processor.py:154} INFO - Started process (PID=2150) to work on /home/airflow/.local/lib/python3.7/site-packages/airflow/example_dags/example_task_group_decorator.py
[2023-04-30T18:06:21.188+0000] {processor.py:756} INFO - Processing file /home/airflow/.local/lib/python3.7/site-packages/airflow/example_dags/example_task_group_decorator.py for tasks to queue
[2023-04-30T18:06:21.188+0000] {logging_mixin.py:120} INFO - [2023-04-30T18:06:21.188+0000] {dagbag.py:537} INFO - Filling up the DagBag from /home/airflow/.local/lib/python3.7/site-packages/airflow/example_dags/example_task_group_decorator.py
[2023-04-30T18:06:21.212+0000] {processor.py:766} INFO - DAG(s) dict_keys(['example_task_group_decorator']) retrieved from /home/airflow/.local/lib/python3.7/site-packages/airflow/example_dags/example_task_group_decorator.py
[2023-04-30T18:06:21.248+0000] {logging_mixin.py:120} INFO - [2023-04-30T18:06:21.247+0000] {dag.py:2585} INFO - Sync 1 DAGs
[2023-04-30T18:06:21.273+0000] {logging_mixin.py:120} INFO - [2023-04-30T18:06:21.272+0000] {dag.py:3340} INFO - Setting next_dagrun for example_task_group_decorator to 2023-04-29T18:06:21.272744+00:00, run_after=2023-04-30T18:06:21.272744+00:00
[2023-04-30T18:06:21.295+0000] {processor.py:176} INFO - Processing /home/airflow/.local/lib/python3.7/site-packages/airflow/example_dags/example_task_group_decorator.py took 0.110 seconds
[2023-04-30T18:06:51.713+0000] {processor.py:154} INFO - Started process (PID=2213) to work on /home/airflow/.local/lib/python3.7/site-packages/airflow/example_dags/example_task_group_decorator.py
[2023-04-30T18:06:51.714+0000] {processor.py:756} INFO - Processing file /home/airflow/.local/lib/python3.7/site-packages/airflow/example_dags/example_task_group_decorator.py for tasks to queue
[2023-04-30T18:06:51.714+0000] {logging_mixin.py:120} INFO - [2023-04-30T18:06:51.714+0000] {dagbag.py:537} INFO - Filling up the DagBag from /home/airflow/.local/lib/python3.7/site-packages/airflow/example_dags/example_task_group_decorator.py
[2023-04-30T18:06:51.737+0000] {processor.py:766} INFO - DAG(s) dict_keys(['example_task_group_decorator']) retrieved from /home/airflow/.local/lib/python3.7/site-packages/airflow/example_dags/example_task_group_decorator.py
[2023-04-30T18:06:51.773+0000] {logging_mixin.py:120} INFO - [2023-04-30T18:06:51.772+0000] {dag.py:2585} INFO - Sync 1 DAGs
[2023-04-30T18:06:51.797+0000] {logging_mixin.py:120} INFO - [2023-04-30T18:06:51.797+0000] {dag.py:3340} INFO - Setting next_dagrun for example_task_group_decorator to 2023-04-29T18:06:51.797343+00:00, run_after=2023-04-30T18:06:51.797343+00:00
[2023-04-30T18:06:51.820+0000] {processor.py:176} INFO - Processing /home/airflow/.local/lib/python3.7/site-packages/airflow/example_dags/example_task_group_decorator.py took 0.109 seconds
[2023-04-30T18:07:22.276+0000] {processor.py:154} INFO - Started process (PID=2267) to work on /home/airflow/.local/lib/python3.7/site-packages/airflow/example_dags/example_task_group_decorator.py
[2023-04-30T18:07:22.276+0000] {processor.py:756} INFO - Processing file /home/airflow/.local/lib/python3.7/site-packages/airflow/example_dags/example_task_group_decorator.py for tasks to queue
[2023-04-30T18:07:22.277+0000] {logging_mixin.py:120} INFO - [2023-04-30T18:07:22.277+0000] {dagbag.py:537} INFO - Filling up the DagBag from /home/airflow/.local/lib/python3.7/site-packages/airflow/example_dags/example_task_group_decorator.py
[2023-04-30T18:07:22.306+0000] {processor.py:766} INFO - DAG(s) dict_keys(['example_task_group_decorator']) retrieved from /home/airflow/.local/lib/python3.7/site-packages/airflow/example_dags/example_task_group_decorator.py
[2023-04-30T18:07:22.342+0000] {logging_mixin.py:120} INFO - [2023-04-30T18:07:22.342+0000] {dag.py:2585} INFO - Sync 1 DAGs
[2023-04-30T18:07:22.367+0000] {logging_mixin.py:120} INFO - [2023-04-30T18:07:22.367+0000] {dag.py:3340} INFO - Setting next_dagrun for example_task_group_decorator to 2023-04-29T18:07:22.367186+00:00, run_after=2023-04-30T18:07:22.367186+00:00
[2023-04-30T18:07:22.392+0000] {processor.py:176} INFO - Processing /home/airflow/.local/lib/python3.7/site-packages/airflow/example_dags/example_task_group_decorator.py took 0.118 seconds
[2023-04-30T18:07:52.747+0000] {processor.py:154} INFO - Started process (PID=2330) to work on /home/airflow/.local/lib/python3.7/site-packages/airflow/example_dags/example_task_group_decorator.py
[2023-04-30T18:07:52.748+0000] {processor.py:756} INFO - Processing file /home/airflow/.local/lib/python3.7/site-packages/airflow/example_dags/example_task_group_decorator.py for tasks to queue
[2023-04-30T18:07:52.749+0000] {logging_mixin.py:120} INFO - [2023-04-30T18:07:52.749+0000] {dagbag.py:537} INFO - Filling up the DagBag from /home/airflow/.local/lib/python3.7/site-packages/airflow/example_dags/example_task_group_decorator.py
[2023-04-30T18:07:52.773+0000] {processor.py:766} INFO - DAG(s) dict_keys(['example_task_group_decorator']) retrieved from /home/airflow/.local/lib/python3.7/site-packages/airflow/example_dags/example_task_group_decorator.py
[2023-04-30T18:07:52.810+0000] {logging_mixin.py:120} INFO - [2023-04-30T18:07:52.809+0000] {dag.py:2585} INFO - Sync 1 DAGs
[2023-04-30T18:07:52.836+0000] {logging_mixin.py:120} INFO - [2023-04-30T18:07:52.836+0000] {dag.py:3340} INFO - Setting next_dagrun for example_task_group_decorator to 2023-04-29T18:07:52.836461+00:00, run_after=2023-04-30T18:07:52.836461+00:00
[2023-04-30T18:07:52.859+0000] {processor.py:176} INFO - Processing /home/airflow/.local/lib/python3.7/site-packages/airflow/example_dags/example_task_group_decorator.py took 0.114 seconds
[2023-04-30T18:08:23.290+0000] {processor.py:154} INFO - Started process (PID=2393) to work on /home/airflow/.local/lib/python3.7/site-packages/airflow/example_dags/example_task_group_decorator.py
[2023-04-30T18:08:23.291+0000] {processor.py:756} INFO - Processing file /home/airflow/.local/lib/python3.7/site-packages/airflow/example_dags/example_task_group_decorator.py for tasks to queue
[2023-04-30T18:08:23.291+0000] {logging_mixin.py:120} INFO - [2023-04-30T18:08:23.291+0000] {dagbag.py:537} INFO - Filling up the DagBag from /home/airflow/.local/lib/python3.7/site-packages/airflow/example_dags/example_task_group_decorator.py
[2023-04-30T18:08:23.315+0000] {processor.py:766} INFO - DAG(s) dict_keys(['example_task_group_decorator']) retrieved from /home/airflow/.local/lib/python3.7/site-packages/airflow/example_dags/example_task_group_decorator.py
[2023-04-30T18:08:23.353+0000] {logging_mixin.py:120} INFO - [2023-04-30T18:08:23.353+0000] {dag.py:2585} INFO - Sync 1 DAGs
[2023-04-30T18:08:23.378+0000] {logging_mixin.py:120} INFO - [2023-04-30T18:08:23.378+0000] {dag.py:3340} INFO - Setting next_dagrun for example_task_group_decorator to 2023-04-29T18:08:23.378143+00:00, run_after=2023-04-30T18:08:23.378143+00:00
[2023-04-30T18:08:23.402+0000] {processor.py:176} INFO - Processing /home/airflow/.local/lib/python3.7/site-packages/airflow/example_dags/example_task_group_decorator.py took 0.114 seconds
[2023-04-30T18:08:53.834+0000] {processor.py:154} INFO - Started process (PID=2447) to work on /home/airflow/.local/lib/python3.7/site-packages/airflow/example_dags/example_task_group_decorator.py
[2023-04-30T18:08:53.835+0000] {processor.py:756} INFO - Processing file /home/airflow/.local/lib/python3.7/site-packages/airflow/example_dags/example_task_group_decorator.py for tasks to queue
[2023-04-30T18:08:53.836+0000] {logging_mixin.py:120} INFO - [2023-04-30T18:08:53.836+0000] {dagbag.py:537} INFO - Filling up the DagBag from /home/airflow/.local/lib/python3.7/site-packages/airflow/example_dags/example_task_group_decorator.py
[2023-04-30T18:08:53.859+0000] {processor.py:766} INFO - DAG(s) dict_keys(['example_task_group_decorator']) retrieved from /home/airflow/.local/lib/python3.7/site-packages/airflow/example_dags/example_task_group_decorator.py
[2023-04-30T18:08:53.894+0000] {logging_mixin.py:120} INFO - [2023-04-30T18:08:53.893+0000] {dag.py:2585} INFO - Sync 1 DAGs
[2023-04-30T18:08:53.918+0000] {logging_mixin.py:120} INFO - [2023-04-30T18:08:53.917+0000] {dag.py:3340} INFO - Setting next_dagrun for example_task_group_decorator to 2023-04-29T18:08:53.917749+00:00, run_after=2023-04-30T18:08:53.917749+00:00
[2023-04-30T18:08:53.943+0000] {processor.py:176} INFO - Processing /home/airflow/.local/lib/python3.7/site-packages/airflow/example_dags/example_task_group_decorator.py took 0.111 seconds
[2023-04-30T18:09:24.598+0000] {processor.py:154} INFO - Started process (PID=2510) to work on /home/airflow/.local/lib/python3.7/site-packages/airflow/example_dags/example_task_group_decorator.py
[2023-04-30T18:09:24.599+0000] {processor.py:756} INFO - Processing file /home/airflow/.local/lib/python3.7/site-packages/airflow/example_dags/example_task_group_decorator.py for tasks to queue
[2023-04-30T18:09:24.600+0000] {logging_mixin.py:120} INFO - [2023-04-30T18:09:24.600+0000] {dagbag.py:537} INFO - Filling up the DagBag from /home/airflow/.local/lib/python3.7/site-packages/airflow/example_dags/example_task_group_decorator.py
[2023-04-30T18:09:24.625+0000] {processor.py:766} INFO - DAG(s) dict_keys(['example_task_group_decorator']) retrieved from /home/airflow/.local/lib/python3.7/site-packages/airflow/example_dags/example_task_group_decorator.py
[2023-04-30T18:09:24.662+0000] {logging_mixin.py:120} INFO - [2023-04-30T18:09:24.661+0000] {dag.py:2585} INFO - Sync 1 DAGs
[2023-04-30T18:09:24.687+0000] {logging_mixin.py:120} INFO - [2023-04-30T18:09:24.687+0000] {dag.py:3340} INFO - Setting next_dagrun for example_task_group_decorator to 2023-04-29T18:09:24.687580+00:00, run_after=2023-04-30T18:09:24.687580+00:00
[2023-04-30T18:09:24.711+0000] {processor.py:176} INFO - Processing /home/airflow/.local/lib/python3.7/site-packages/airflow/example_dags/example_task_group_decorator.py took 0.115 seconds
[2023-04-30T18:09:55.176+0000] {processor.py:154} INFO - Started process (PID=2573) to work on /home/airflow/.local/lib/python3.7/site-packages/airflow/example_dags/example_task_group_decorator.py
[2023-04-30T18:09:55.177+0000] {processor.py:756} INFO - Processing file /home/airflow/.local/lib/python3.7/site-packages/airflow/example_dags/example_task_group_decorator.py for tasks to queue
[2023-04-30T18:09:55.177+0000] {logging_mixin.py:120} INFO - [2023-04-30T18:09:55.177+0000] {dagbag.py:537} INFO - Filling up the DagBag from /home/airflow/.local/lib/python3.7/site-packages/airflow/example_dags/example_task_group_decorator.py
[2023-04-30T18:09:55.199+0000] {processor.py:766} INFO - DAG(s) dict_keys(['example_task_group_decorator']) retrieved from /home/airflow/.local/lib/python3.7/site-packages/airflow/example_dags/example_task_group_decorator.py
[2023-04-30T18:09:55.235+0000] {logging_mixin.py:120} INFO - [2023-04-30T18:09:55.235+0000] {dag.py:2585} INFO - Sync 1 DAGs
[2023-04-30T18:09:55.262+0000] {logging_mixin.py:120} INFO - [2023-04-30T18:09:55.261+0000] {dag.py:3340} INFO - Setting next_dagrun for example_task_group_decorator to 2023-04-29T18:09:55.261790+00:00, run_after=2023-04-30T18:09:55.261790+00:00
[2023-04-30T18:09:55.286+0000] {processor.py:176} INFO - Processing /home/airflow/.local/lib/python3.7/site-packages/airflow/example_dags/example_task_group_decorator.py took 0.112 seconds
[2023-04-30T18:10:25.666+0000] {processor.py:154} INFO - Started process (PID=2636) to work on /home/airflow/.local/lib/python3.7/site-packages/airflow/example_dags/example_task_group_decorator.py
[2023-04-30T18:10:25.666+0000] {processor.py:756} INFO - Processing file /home/airflow/.local/lib/python3.7/site-packages/airflow/example_dags/example_task_group_decorator.py for tasks to queue
[2023-04-30T18:10:25.667+0000] {logging_mixin.py:120} INFO - [2023-04-30T18:10:25.667+0000] {dagbag.py:537} INFO - Filling up the DagBag from /home/airflow/.local/lib/python3.7/site-packages/airflow/example_dags/example_task_group_decorator.py
[2023-04-30T18:10:25.690+0000] {processor.py:766} INFO - DAG(s) dict_keys(['example_task_group_decorator']) retrieved from /home/airflow/.local/lib/python3.7/site-packages/airflow/example_dags/example_task_group_decorator.py
[2023-04-30T18:10:25.731+0000] {logging_mixin.py:120} INFO - [2023-04-30T18:10:25.731+0000] {dag.py:2585} INFO - Sync 1 DAGs
[2023-04-30T18:10:25.758+0000] {logging_mixin.py:120} INFO - [2023-04-30T18:10:25.758+0000] {dag.py:3340} INFO - Setting next_dagrun for example_task_group_decorator to 2023-04-29T18:10:25.758264+00:00, run_after=2023-04-30T18:10:25.758264+00:00
[2023-04-30T18:10:25.783+0000] {processor.py:176} INFO - Processing /home/airflow/.local/lib/python3.7/site-packages/airflow/example_dags/example_task_group_decorator.py took 0.119 seconds
[2023-04-30T18:10:56.195+0000] {processor.py:154} INFO - Started process (PID=2690) to work on /home/airflow/.local/lib/python3.7/site-packages/airflow/example_dags/example_task_group_decorator.py
[2023-04-30T18:10:56.196+0000] {processor.py:756} INFO - Processing file /home/airflow/.local/lib/python3.7/site-packages/airflow/example_dags/example_task_group_decorator.py for tasks to queue
[2023-04-30T18:10:56.196+0000] {logging_mixin.py:120} INFO - [2023-04-30T18:10:56.196+0000] {dagbag.py:537} INFO - Filling up the DagBag from /home/airflow/.local/lib/python3.7/site-packages/airflow/example_dags/example_task_group_decorator.py
[2023-04-30T18:10:56.220+0000] {processor.py:766} INFO - DAG(s) dict_keys(['example_task_group_decorator']) retrieved from /home/airflow/.local/lib/python3.7/site-packages/airflow/example_dags/example_task_group_decorator.py
[2023-04-30T18:10:56.261+0000] {logging_mixin.py:120} INFO - [2023-04-30T18:10:56.260+0000] {dag.py:2585} INFO - Sync 1 DAGs
[2023-04-30T18:10:56.285+0000] {logging_mixin.py:120} INFO - [2023-04-30T18:10:56.285+0000] {dag.py:3340} INFO - Setting next_dagrun for example_task_group_decorator to 2023-04-29T18:10:56.285345+00:00, run_after=2023-04-30T18:10:56.285345+00:00
[2023-04-30T18:10:56.313+0000] {processor.py:176} INFO - Processing /home/airflow/.local/lib/python3.7/site-packages/airflow/example_dags/example_task_group_decorator.py took 0.121 seconds
[2023-04-30T18:11:26.593+0000] {processor.py:154} INFO - Started process (PID=2753) to work on /home/airflow/.local/lib/python3.7/site-packages/airflow/example_dags/example_task_group_decorator.py
[2023-04-30T18:11:26.593+0000] {processor.py:756} INFO - Processing file /home/airflow/.local/lib/python3.7/site-packages/airflow/example_dags/example_task_group_decorator.py for tasks to queue
[2023-04-30T18:11:26.594+0000] {logging_mixin.py:120} INFO - [2023-04-30T18:11:26.594+0000] {dagbag.py:537} INFO - Filling up the DagBag from /home/airflow/.local/lib/python3.7/site-packages/airflow/example_dags/example_task_group_decorator.py
[2023-04-30T18:11:26.616+0000] {processor.py:766} INFO - DAG(s) dict_keys(['example_task_group_decorator']) retrieved from /home/airflow/.local/lib/python3.7/site-packages/airflow/example_dags/example_task_group_decorator.py
[2023-04-30T18:11:26.652+0000] {logging_mixin.py:120} INFO - [2023-04-30T18:11:26.652+0000] {dag.py:2585} INFO - Sync 1 DAGs
[2023-04-30T18:11:26.677+0000] {logging_mixin.py:120} INFO - [2023-04-30T18:11:26.677+0000] {dag.py:3340} INFO - Setting next_dagrun for example_task_group_decorator to 2023-04-29T18:11:26.677555+00:00, run_after=2023-04-30T18:11:26.677555+00:00
[2023-04-30T18:11:26.701+0000] {processor.py:176} INFO - Processing /home/airflow/.local/lib/python3.7/site-packages/airflow/example_dags/example_task_group_decorator.py took 0.110 seconds
[2023-04-30T18:20:47.333+0000] {processor.py:154} INFO - Started process (PID=2836) to work on /home/airflow/.local/lib/python3.7/site-packages/airflow/example_dags/example_task_group_decorator.py
[2023-04-30T18:20:47.335+0000] {processor.py:756} INFO - Processing file /home/airflow/.local/lib/python3.7/site-packages/airflow/example_dags/example_task_group_decorator.py for tasks to queue
[2023-04-30T18:20:47.336+0000] {logging_mixin.py:120} INFO - [2023-04-30T18:20:47.336+0000] {dagbag.py:537} INFO - Filling up the DagBag from /home/airflow/.local/lib/python3.7/site-packages/airflow/example_dags/example_task_group_decorator.py
[2023-04-30T18:20:47.432+0000] {processor.py:766} INFO - DAG(s) dict_keys(['example_task_group_decorator']) retrieved from /home/airflow/.local/lib/python3.7/site-packages/airflow/example_dags/example_task_group_decorator.py
[2023-04-30T18:20:47.568+0000] {logging_mixin.py:120} INFO - [2023-04-30T18:20:47.568+0000] {dag.py:2585} INFO - Sync 1 DAGs
[2023-04-30T18:20:47.637+0000] {logging_mixin.py:120} INFO - [2023-04-30T18:20:47.637+0000] {dag.py:3340} INFO - Setting next_dagrun for example_task_group_decorator to 2023-04-29T18:20:47.636673+00:00, run_after=2023-04-30T18:20:47.636673+00:00
[2023-04-30T18:20:47.693+0000] {processor.py:176} INFO - Processing /home/airflow/.local/lib/python3.7/site-packages/airflow/example_dags/example_task_group_decorator.py took 0.365 seconds
