[2023-04-30T17:48:55.488+0000] {processor.py:154} INFO - Started process (PID=68) to work on /home/airflow/.local/lib/python3.7/site-packages/airflow/example_dags/example_short_circuit_operator.py
[2023-04-30T17:48:55.489+0000] {processor.py:756} INFO - Processing file /home/airflow/.local/lib/python3.7/site-packages/airflow/example_dags/example_short_circuit_operator.py for tasks to queue
[2023-04-30T17:48:55.489+0000] {logging_mixin.py:120} INFO - [2023-04-30T17:48:55.489+0000] {dagbag.py:537} INFO - Filling up the DagBag from /home/airflow/.local/lib/python3.7/site-packages/airflow/example_dags/example_short_circuit_operator.py
[2023-04-30T17:48:55.510+0000] {processor.py:766} INFO - DAG(s) dict_keys(['example_short_circuit_operator']) retrieved from /home/airflow/.local/lib/python3.7/site-packages/airflow/example_dags/example_short_circuit_operator.py
[2023-04-30T17:48:55.761+0000] {logging_mixin.py:120} INFO - [2023-04-30T17:48:55.760+0000] {manager.py:507} INFO - Created Permission View: can read on DAG:example_short_circuit_operator
[2023-04-30T17:48:55.795+0000] {logging_mixin.py:120} INFO - [2023-04-30T17:48:55.794+0000] {manager.py:507} INFO - Created Permission View: can edit on DAG:example_short_circuit_operator
[2023-04-30T17:48:55.814+0000] {logging_mixin.py:120} INFO - [2023-04-30T17:48:55.814+0000] {manager.py:507} INFO - Created Permission View: can delete on DAG:example_short_circuit_operator
[2023-04-30T17:48:55.815+0000] {logging_mixin.py:120} INFO - [2023-04-30T17:48:55.815+0000] {dag.py:2585} INFO - Sync 1 DAGs
[2023-04-30T17:48:55.843+0000] {logging_mixin.py:120} INFO - [2023-04-30T17:48:55.842+0000] {dag.py:2606} INFO - Creating ORM DAG for example_short_circuit_operator
[2023-04-30T17:48:55.863+0000] {logging_mixin.py:120} INFO - [2023-04-30T17:48:55.863+0000] {dag.py:3340} INFO - Setting next_dagrun for example_short_circuit_operator to 2023-04-29T17:48:55.863350+00:00, run_after=2023-04-30T17:48:55.863350+00:00
[2023-04-30T17:48:55.913+0000] {processor.py:176} INFO - Processing /home/airflow/.local/lib/python3.7/site-packages/airflow/example_dags/example_short_circuit_operator.py took 0.429 seconds
[2023-04-30T17:49:26.958+0000] {processor.py:154} INFO - Started process (PID=131) to work on /home/airflow/.local/lib/python3.7/site-packages/airflow/example_dags/example_short_circuit_operator.py
[2023-04-30T17:49:26.960+0000] {processor.py:756} INFO - Processing file /home/airflow/.local/lib/python3.7/site-packages/airflow/example_dags/example_short_circuit_operator.py for tasks to queue
[2023-04-30T17:49:26.960+0000] {logging_mixin.py:120} INFO - [2023-04-30T17:49:26.960+0000] {dagbag.py:537} INFO - Filling up the DagBag from /home/airflow/.local/lib/python3.7/site-packages/airflow/example_dags/example_short_circuit_operator.py
[2023-04-30T17:49:26.975+0000] {processor.py:766} INFO - DAG(s) dict_keys(['example_short_circuit_operator']) retrieved from /home/airflow/.local/lib/python3.7/site-packages/airflow/example_dags/example_short_circuit_operator.py
[2023-04-30T17:49:27.013+0000] {logging_mixin.py:120} INFO - [2023-04-30T17:49:27.013+0000] {dag.py:2585} INFO - Sync 1 DAGs
[2023-04-30T17:49:27.040+0000] {logging_mixin.py:120} INFO - [2023-04-30T17:49:27.039+0000] {dag.py:3340} INFO - Setting next_dagrun for example_short_circuit_operator to 2023-04-29T17:49:27.039673+00:00, run_after=2023-04-30T17:49:27.039673+00:00
[2023-04-30T17:49:27.062+0000] {processor.py:176} INFO - Processing /home/airflow/.local/lib/python3.7/site-packages/airflow/example_dags/example_short_circuit_operator.py took 0.105 seconds
[2023-04-30T17:49:57.541+0000] {processor.py:154} INFO - Started process (PID=186) to work on /home/airflow/.local/lib/python3.7/site-packages/airflow/example_dags/example_short_circuit_operator.py
[2023-04-30T17:49:57.543+0000] {processor.py:756} INFO - Processing file /home/airflow/.local/lib/python3.7/site-packages/airflow/example_dags/example_short_circuit_operator.py for tasks to queue
[2023-04-30T17:49:57.544+0000] {logging_mixin.py:120} INFO - [2023-04-30T17:49:57.544+0000] {dagbag.py:537} INFO - Filling up the DagBag from /home/airflow/.local/lib/python3.7/site-packages/airflow/example_dags/example_short_circuit_operator.py
[2023-04-30T17:49:57.556+0000] {processor.py:766} INFO - DAG(s) dict_keys(['example_short_circuit_operator']) retrieved from /home/airflow/.local/lib/python3.7/site-packages/airflow/example_dags/example_short_circuit_operator.py
[2023-04-30T17:49:57.591+0000] {logging_mixin.py:120} INFO - [2023-04-30T17:49:57.591+0000] {dag.py:2585} INFO - Sync 1 DAGs
[2023-04-30T17:49:57.616+0000] {logging_mixin.py:120} INFO - [2023-04-30T17:49:57.616+0000] {dag.py:3340} INFO - Setting next_dagrun for example_short_circuit_operator to 2023-04-29T17:49:57.616449+00:00, run_after=2023-04-30T17:49:57.616449+00:00
[2023-04-30T17:49:57.638+0000] {processor.py:176} INFO - Processing /home/airflow/.local/lib/python3.7/site-packages/airflow/example_dags/example_short_circuit_operator.py took 0.099 seconds
[2023-04-30T17:50:28.313+0000] {processor.py:154} INFO - Started process (PID=249) to work on /home/airflow/.local/lib/python3.7/site-packages/airflow/example_dags/example_short_circuit_operator.py
[2023-04-30T17:50:28.314+0000] {processor.py:756} INFO - Processing file /home/airflow/.local/lib/python3.7/site-packages/airflow/example_dags/example_short_circuit_operator.py for tasks to queue
[2023-04-30T17:50:28.315+0000] {logging_mixin.py:120} INFO - [2023-04-30T17:50:28.315+0000] {dagbag.py:537} INFO - Filling up the DagBag from /home/airflow/.local/lib/python3.7/site-packages/airflow/example_dags/example_short_circuit_operator.py
[2023-04-30T17:50:28.328+0000] {processor.py:766} INFO - DAG(s) dict_keys(['example_short_circuit_operator']) retrieved from /home/airflow/.local/lib/python3.7/site-packages/airflow/example_dags/example_short_circuit_operator.py
[2023-04-30T17:50:28.368+0000] {logging_mixin.py:120} INFO - [2023-04-30T17:50:28.368+0000] {dag.py:2585} INFO - Sync 1 DAGs
[2023-04-30T17:50:28.398+0000] {logging_mixin.py:120} INFO - [2023-04-30T17:50:28.398+0000] {dag.py:3340} INFO - Setting next_dagrun for example_short_circuit_operator to 2023-04-29T17:50:28.398512+00:00, run_after=2023-04-30T17:50:28.398512+00:00
[2023-04-30T17:50:28.424+0000] {processor.py:176} INFO - Processing /home/airflow/.local/lib/python3.7/site-packages/airflow/example_dags/example_short_circuit_operator.py took 0.113 seconds
[2023-04-30T17:50:59.146+0000] {processor.py:154} INFO - Started process (PID=312) to work on /home/airflow/.local/lib/python3.7/site-packages/airflow/example_dags/example_short_circuit_operator.py
[2023-04-30T17:50:59.147+0000] {processor.py:756} INFO - Processing file /home/airflow/.local/lib/python3.7/site-packages/airflow/example_dags/example_short_circuit_operator.py for tasks to queue
[2023-04-30T17:50:59.148+0000] {logging_mixin.py:120} INFO - [2023-04-30T17:50:59.147+0000] {dagbag.py:537} INFO - Filling up the DagBag from /home/airflow/.local/lib/python3.7/site-packages/airflow/example_dags/example_short_circuit_operator.py
[2023-04-30T17:50:59.162+0000] {processor.py:766} INFO - DAG(s) dict_keys(['example_short_circuit_operator']) retrieved from /home/airflow/.local/lib/python3.7/site-packages/airflow/example_dags/example_short_circuit_operator.py
[2023-04-30T17:50:59.198+0000] {logging_mixin.py:120} INFO - [2023-04-30T17:50:59.198+0000] {dag.py:2585} INFO - Sync 1 DAGs
[2023-04-30T17:50:59.224+0000] {logging_mixin.py:120} INFO - [2023-04-30T17:50:59.224+0000] {dag.py:3340} INFO - Setting next_dagrun for example_short_circuit_operator to 2023-04-29T17:50:59.223958+00:00, run_after=2023-04-30T17:50:59.223958+00:00
[2023-04-30T17:50:59.248+0000] {processor.py:176} INFO - Processing /home/airflow/.local/lib/python3.7/site-packages/airflow/example_dags/example_short_circuit_operator.py took 0.104 seconds
[2023-04-30T17:51:29.747+0000] {processor.py:154} INFO - Started process (PID=375) to work on /home/airflow/.local/lib/python3.7/site-packages/airflow/example_dags/example_short_circuit_operator.py
[2023-04-30T17:51:29.748+0000] {processor.py:756} INFO - Processing file /home/airflow/.local/lib/python3.7/site-packages/airflow/example_dags/example_short_circuit_operator.py for tasks to queue
[2023-04-30T17:51:29.750+0000] {logging_mixin.py:120} INFO - [2023-04-30T17:51:29.749+0000] {dagbag.py:537} INFO - Filling up the DagBag from /home/airflow/.local/lib/python3.7/site-packages/airflow/example_dags/example_short_circuit_operator.py
[2023-04-30T17:51:29.768+0000] {processor.py:766} INFO - DAG(s) dict_keys(['example_short_circuit_operator']) retrieved from /home/airflow/.local/lib/python3.7/site-packages/airflow/example_dags/example_short_circuit_operator.py
[2023-04-30T17:51:29.816+0000] {logging_mixin.py:120} INFO - [2023-04-30T17:51:29.816+0000] {dag.py:2585} INFO - Sync 1 DAGs
[2023-04-30T17:51:29.853+0000] {logging_mixin.py:120} INFO - [2023-04-30T17:51:29.853+0000] {dag.py:3340} INFO - Setting next_dagrun for example_short_circuit_operator to 2023-04-29T17:51:29.852740+00:00, run_after=2023-04-30T17:51:29.852740+00:00
[2023-04-30T17:51:29.885+0000] {processor.py:176} INFO - Processing /home/airflow/.local/lib/python3.7/site-packages/airflow/example_dags/example_short_circuit_operator.py took 0.140 seconds
[2023-04-30T17:52:00.590+0000] {processor.py:154} INFO - Started process (PID=429) to work on /home/airflow/.local/lib/python3.7/site-packages/airflow/example_dags/example_short_circuit_operator.py
[2023-04-30T17:52:00.592+0000] {processor.py:756} INFO - Processing file /home/airflow/.local/lib/python3.7/site-packages/airflow/example_dags/example_short_circuit_operator.py for tasks to queue
[2023-04-30T17:52:00.593+0000] {logging_mixin.py:120} INFO - [2023-04-30T17:52:00.593+0000] {dagbag.py:537} INFO - Filling up the DagBag from /home/airflow/.local/lib/python3.7/site-packages/airflow/example_dags/example_short_circuit_operator.py
[2023-04-30T17:52:00.607+0000] {processor.py:766} INFO - DAG(s) dict_keys(['example_short_circuit_operator']) retrieved from /home/airflow/.local/lib/python3.7/site-packages/airflow/example_dags/example_short_circuit_operator.py
[2023-04-30T17:52:00.643+0000] {logging_mixin.py:120} INFO - [2023-04-30T17:52:00.643+0000] {dag.py:2585} INFO - Sync 1 DAGs
[2023-04-30T17:52:00.669+0000] {logging_mixin.py:120} INFO - [2023-04-30T17:52:00.669+0000] {dag.py:3340} INFO - Setting next_dagrun for example_short_circuit_operator to 2023-04-29T17:52:00.669025+00:00, run_after=2023-04-30T17:52:00.669025+00:00
[2023-04-30T17:52:00.694+0000] {processor.py:176} INFO - Processing /home/airflow/.local/lib/python3.7/site-packages/airflow/example_dags/example_short_circuit_operator.py took 0.106 seconds
[2023-04-30T17:52:31.372+0000] {processor.py:154} INFO - Started process (PID=492) to work on /home/airflow/.local/lib/python3.7/site-packages/airflow/example_dags/example_short_circuit_operator.py
[2023-04-30T17:52:31.373+0000] {processor.py:756} INFO - Processing file /home/airflow/.local/lib/python3.7/site-packages/airflow/example_dags/example_short_circuit_operator.py for tasks to queue
[2023-04-30T17:52:31.374+0000] {logging_mixin.py:120} INFO - [2023-04-30T17:52:31.374+0000] {dagbag.py:537} INFO - Filling up the DagBag from /home/airflow/.local/lib/python3.7/site-packages/airflow/example_dags/example_short_circuit_operator.py
[2023-04-30T17:52:31.387+0000] {processor.py:766} INFO - DAG(s) dict_keys(['example_short_circuit_operator']) retrieved from /home/airflow/.local/lib/python3.7/site-packages/airflow/example_dags/example_short_circuit_operator.py
[2023-04-30T17:52:31.426+0000] {logging_mixin.py:120} INFO - [2023-04-30T17:52:31.426+0000] {dag.py:2585} INFO - Sync 1 DAGs
[2023-04-30T17:52:31.454+0000] {logging_mixin.py:120} INFO - [2023-04-30T17:52:31.454+0000] {dag.py:3340} INFO - Setting next_dagrun for example_short_circuit_operator to 2023-04-29T17:52:31.454123+00:00, run_after=2023-04-30T17:52:31.454123+00:00
[2023-04-30T17:52:31.480+0000] {processor.py:176} INFO - Processing /home/airflow/.local/lib/python3.7/site-packages/airflow/example_dags/example_short_circuit_operator.py took 0.110 seconds
[2023-04-30T17:53:01.971+0000] {processor.py:154} INFO - Started process (PID=555) to work on /home/airflow/.local/lib/python3.7/site-packages/airflow/example_dags/example_short_circuit_operator.py
[2023-04-30T17:53:01.973+0000] {processor.py:756} INFO - Processing file /home/airflow/.local/lib/python3.7/site-packages/airflow/example_dags/example_short_circuit_operator.py for tasks to queue
[2023-04-30T17:53:01.974+0000] {logging_mixin.py:120} INFO - [2023-04-30T17:53:01.974+0000] {dagbag.py:537} INFO - Filling up the DagBag from /home/airflow/.local/lib/python3.7/site-packages/airflow/example_dags/example_short_circuit_operator.py
[2023-04-30T17:53:01.988+0000] {processor.py:766} INFO - DAG(s) dict_keys(['example_short_circuit_operator']) retrieved from /home/airflow/.local/lib/python3.7/site-packages/airflow/example_dags/example_short_circuit_operator.py
[2023-04-30T17:53:02.026+0000] {logging_mixin.py:120} INFO - [2023-04-30T17:53:02.026+0000] {dag.py:2585} INFO - Sync 1 DAGs
[2023-04-30T17:53:02.054+0000] {logging_mixin.py:120} INFO - [2023-04-30T17:53:02.054+0000] {dag.py:3340} INFO - Setting next_dagrun for example_short_circuit_operator to 2023-04-29T17:53:02.053813+00:00, run_after=2023-04-30T17:53:02.053813+00:00
[2023-04-30T17:53:02.079+0000] {processor.py:176} INFO - Processing /home/airflow/.local/lib/python3.7/site-packages/airflow/example_dags/example_short_circuit_operator.py took 0.110 seconds
[2023-04-30T17:53:32.544+0000] {processor.py:154} INFO - Started process (PID=609) to work on /home/airflow/.local/lib/python3.7/site-packages/airflow/example_dags/example_short_circuit_operator.py
[2023-04-30T17:53:32.545+0000] {processor.py:756} INFO - Processing file /home/airflow/.local/lib/python3.7/site-packages/airflow/example_dags/example_short_circuit_operator.py for tasks to queue
[2023-04-30T17:53:32.546+0000] {logging_mixin.py:120} INFO - [2023-04-30T17:53:32.546+0000] {dagbag.py:537} INFO - Filling up the DagBag from /home/airflow/.local/lib/python3.7/site-packages/airflow/example_dags/example_short_circuit_operator.py
[2023-04-30T17:53:32.561+0000] {processor.py:766} INFO - DAG(s) dict_keys(['example_short_circuit_operator']) retrieved from /home/airflow/.local/lib/python3.7/site-packages/airflow/example_dags/example_short_circuit_operator.py
[2023-04-30T17:53:32.606+0000] {logging_mixin.py:120} INFO - [2023-04-30T17:53:32.606+0000] {dag.py:2585} INFO - Sync 1 DAGs
[2023-04-30T17:53:32.634+0000] {logging_mixin.py:120} INFO - [2023-04-30T17:53:32.634+0000] {dag.py:3340} INFO - Setting next_dagrun for example_short_circuit_operator to 2023-04-29T17:53:32.634531+00:00, run_after=2023-04-30T17:53:32.634531+00:00
[2023-04-30T17:53:32.659+0000] {processor.py:176} INFO - Processing /home/airflow/.local/lib/python3.7/site-packages/airflow/example_dags/example_short_circuit_operator.py took 0.118 seconds
[2023-04-30T17:54:03.176+0000] {processor.py:154} INFO - Started process (PID=672) to work on /home/airflow/.local/lib/python3.7/site-packages/airflow/example_dags/example_short_circuit_operator.py
[2023-04-30T17:54:03.176+0000] {processor.py:756} INFO - Processing file /home/airflow/.local/lib/python3.7/site-packages/airflow/example_dags/example_short_circuit_operator.py for tasks to queue
[2023-04-30T17:54:03.177+0000] {logging_mixin.py:120} INFO - [2023-04-30T17:54:03.176+0000] {dagbag.py:537} INFO - Filling up the DagBag from /home/airflow/.local/lib/python3.7/site-packages/airflow/example_dags/example_short_circuit_operator.py
[2023-04-30T17:54:03.190+0000] {processor.py:766} INFO - DAG(s) dict_keys(['example_short_circuit_operator']) retrieved from /home/airflow/.local/lib/python3.7/site-packages/airflow/example_dags/example_short_circuit_operator.py
[2023-04-30T17:54:03.225+0000] {logging_mixin.py:120} INFO - [2023-04-30T17:54:03.225+0000] {dag.py:2585} INFO - Sync 1 DAGs
[2023-04-30T17:54:03.251+0000] {logging_mixin.py:120} INFO - [2023-04-30T17:54:03.250+0000] {dag.py:3340} INFO - Setting next_dagrun for example_short_circuit_operator to 2023-04-29T17:54:03.250757+00:00, run_after=2023-04-30T17:54:03.250757+00:00
[2023-04-30T17:54:03.271+0000] {processor.py:176} INFO - Processing /home/airflow/.local/lib/python3.7/site-packages/airflow/example_dags/example_short_circuit_operator.py took 0.098 seconds
[2023-04-30T17:54:33.860+0000] {processor.py:154} INFO - Started process (PID=735) to work on /home/airflow/.local/lib/python3.7/site-packages/airflow/example_dags/example_short_circuit_operator.py
[2023-04-30T17:54:33.861+0000] {processor.py:756} INFO - Processing file /home/airflow/.local/lib/python3.7/site-packages/airflow/example_dags/example_short_circuit_operator.py for tasks to queue
[2023-04-30T17:54:33.862+0000] {logging_mixin.py:120} INFO - [2023-04-30T17:54:33.862+0000] {dagbag.py:537} INFO - Filling up the DagBag from /home/airflow/.local/lib/python3.7/site-packages/airflow/example_dags/example_short_circuit_operator.py
[2023-04-30T17:54:33.877+0000] {processor.py:766} INFO - DAG(s) dict_keys(['example_short_circuit_operator']) retrieved from /home/airflow/.local/lib/python3.7/site-packages/airflow/example_dags/example_short_circuit_operator.py
[2023-04-30T17:54:33.914+0000] {logging_mixin.py:120} INFO - [2023-04-30T17:54:33.914+0000] {dag.py:2585} INFO - Sync 1 DAGs
[2023-04-30T17:54:33.938+0000] {logging_mixin.py:120} INFO - [2023-04-30T17:54:33.938+0000] {dag.py:3340} INFO - Setting next_dagrun for example_short_circuit_operator to 2023-04-29T17:54:33.938246+00:00, run_after=2023-04-30T17:54:33.938246+00:00
[2023-04-30T17:54:33.962+0000] {processor.py:176} INFO - Processing /home/airflow/.local/lib/python3.7/site-packages/airflow/example_dags/example_short_circuit_operator.py took 0.104 seconds
[2023-04-30T17:55:04.457+0000] {processor.py:154} INFO - Started process (PID=789) to work on /home/airflow/.local/lib/python3.7/site-packages/airflow/example_dags/example_short_circuit_operator.py
[2023-04-30T17:55:04.458+0000] {processor.py:756} INFO - Processing file /home/airflow/.local/lib/python3.7/site-packages/airflow/example_dags/example_short_circuit_operator.py for tasks to queue
[2023-04-30T17:55:04.459+0000] {logging_mixin.py:120} INFO - [2023-04-30T17:55:04.459+0000] {dagbag.py:537} INFO - Filling up the DagBag from /home/airflow/.local/lib/python3.7/site-packages/airflow/example_dags/example_short_circuit_operator.py
[2023-04-30T17:55:04.471+0000] {processor.py:766} INFO - DAG(s) dict_keys(['example_short_circuit_operator']) retrieved from /home/airflow/.local/lib/python3.7/site-packages/airflow/example_dags/example_short_circuit_operator.py
[2023-04-30T17:55:04.509+0000] {logging_mixin.py:120} INFO - [2023-04-30T17:55:04.509+0000] {dag.py:2585} INFO - Sync 1 DAGs
[2023-04-30T17:55:04.537+0000] {logging_mixin.py:120} INFO - [2023-04-30T17:55:04.537+0000] {dag.py:3340} INFO - Setting next_dagrun for example_short_circuit_operator to 2023-04-29T17:55:04.537309+00:00, run_after=2023-04-30T17:55:04.537309+00:00
[2023-04-30T17:55:04.565+0000] {processor.py:176} INFO - Processing /home/airflow/.local/lib/python3.7/site-packages/airflow/example_dags/example_short_circuit_operator.py took 0.110 seconds
[2023-04-30T17:55:35.217+0000] {processor.py:154} INFO - Started process (PID=853) to work on /home/airflow/.local/lib/python3.7/site-packages/airflow/example_dags/example_short_circuit_operator.py
[2023-04-30T17:55:35.218+0000] {processor.py:756} INFO - Processing file /home/airflow/.local/lib/python3.7/site-packages/airflow/example_dags/example_short_circuit_operator.py for tasks to queue
[2023-04-30T17:55:35.218+0000] {logging_mixin.py:120} INFO - [2023-04-30T17:55:35.218+0000] {dagbag.py:537} INFO - Filling up the DagBag from /home/airflow/.local/lib/python3.7/site-packages/airflow/example_dags/example_short_circuit_operator.py
[2023-04-30T17:55:35.231+0000] {processor.py:766} INFO - DAG(s) dict_keys(['example_short_circuit_operator']) retrieved from /home/airflow/.local/lib/python3.7/site-packages/airflow/example_dags/example_short_circuit_operator.py
[2023-04-30T17:55:35.265+0000] {logging_mixin.py:120} INFO - [2023-04-30T17:55:35.265+0000] {dag.py:2585} INFO - Sync 1 DAGs
[2023-04-30T17:55:35.291+0000] {logging_mixin.py:120} INFO - [2023-04-30T17:55:35.291+0000] {dag.py:3340} INFO - Setting next_dagrun for example_short_circuit_operator to 2023-04-29T17:55:35.291020+00:00, run_after=2023-04-30T17:55:35.291020+00:00
[2023-04-30T17:55:35.314+0000] {processor.py:176} INFO - Processing /home/airflow/.local/lib/python3.7/site-packages/airflow/example_dags/example_short_circuit_operator.py took 0.098 seconds
[2023-04-30T17:56:05.831+0000] {processor.py:154} INFO - Started process (PID=916) to work on /home/airflow/.local/lib/python3.7/site-packages/airflow/example_dags/example_short_circuit_operator.py
[2023-04-30T17:56:05.832+0000] {processor.py:756} INFO - Processing file /home/airflow/.local/lib/python3.7/site-packages/airflow/example_dags/example_short_circuit_operator.py for tasks to queue
[2023-04-30T17:56:05.832+0000] {logging_mixin.py:120} INFO - [2023-04-30T17:56:05.832+0000] {dagbag.py:537} INFO - Filling up the DagBag from /home/airflow/.local/lib/python3.7/site-packages/airflow/example_dags/example_short_circuit_operator.py
[2023-04-30T17:56:05.845+0000] {processor.py:766} INFO - DAG(s) dict_keys(['example_short_circuit_operator']) retrieved from /home/airflow/.local/lib/python3.7/site-packages/airflow/example_dags/example_short_circuit_operator.py
[2023-04-30T17:56:05.885+0000] {logging_mixin.py:120} INFO - [2023-04-30T17:56:05.885+0000] {dag.py:2585} INFO - Sync 1 DAGs
[2023-04-30T17:56:05.911+0000] {logging_mixin.py:120} INFO - [2023-04-30T17:56:05.911+0000] {dag.py:3340} INFO - Setting next_dagrun for example_short_circuit_operator to 2023-04-29T17:56:05.911561+00:00, run_after=2023-04-30T17:56:05.911561+00:00
[2023-04-30T17:56:05.937+0000] {processor.py:176} INFO - Processing /home/airflow/.local/lib/python3.7/site-packages/airflow/example_dags/example_short_circuit_operator.py took 0.109 seconds
[2023-04-30T17:56:36.393+0000] {processor.py:154} INFO - Started process (PID=971) to work on /home/airflow/.local/lib/python3.7/site-packages/airflow/example_dags/example_short_circuit_operator.py
[2023-04-30T17:56:36.394+0000] {processor.py:756} INFO - Processing file /home/airflow/.local/lib/python3.7/site-packages/airflow/example_dags/example_short_circuit_operator.py for tasks to queue
[2023-04-30T17:56:36.394+0000] {logging_mixin.py:120} INFO - [2023-04-30T17:56:36.394+0000] {dagbag.py:537} INFO - Filling up the DagBag from /home/airflow/.local/lib/python3.7/site-packages/airflow/example_dags/example_short_circuit_operator.py
[2023-04-30T17:56:36.408+0000] {processor.py:766} INFO - DAG(s) dict_keys(['example_short_circuit_operator']) retrieved from /home/airflow/.local/lib/python3.7/site-packages/airflow/example_dags/example_short_circuit_operator.py
[2023-04-30T17:56:36.444+0000] {logging_mixin.py:120} INFO - [2023-04-30T17:56:36.444+0000] {dag.py:2585} INFO - Sync 1 DAGs
[2023-04-30T17:56:36.468+0000] {logging_mixin.py:120} INFO - [2023-04-30T17:56:36.468+0000] {dag.py:3340} INFO - Setting next_dagrun for example_short_circuit_operator to 2023-04-29T17:56:36.468526+00:00, run_after=2023-04-30T17:56:36.468526+00:00
[2023-04-30T17:56:36.489+0000] {processor.py:176} INFO - Processing /home/airflow/.local/lib/python3.7/site-packages/airflow/example_dags/example_short_circuit_operator.py took 0.098 seconds
[2023-04-30T17:57:06.972+0000] {processor.py:154} INFO - Started process (PID=1035) to work on /home/airflow/.local/lib/python3.7/site-packages/airflow/example_dags/example_short_circuit_operator.py
[2023-04-30T17:57:06.973+0000] {processor.py:756} INFO - Processing file /home/airflow/.local/lib/python3.7/site-packages/airflow/example_dags/example_short_circuit_operator.py for tasks to queue
[2023-04-30T17:57:06.974+0000] {logging_mixin.py:120} INFO - [2023-04-30T17:57:06.974+0000] {dagbag.py:537} INFO - Filling up the DagBag from /home/airflow/.local/lib/python3.7/site-packages/airflow/example_dags/example_short_circuit_operator.py
[2023-04-30T17:57:06.987+0000] {processor.py:766} INFO - DAG(s) dict_keys(['example_short_circuit_operator']) retrieved from /home/airflow/.local/lib/python3.7/site-packages/airflow/example_dags/example_short_circuit_operator.py
[2023-04-30T17:57:07.023+0000] {logging_mixin.py:120} INFO - [2023-04-30T17:57:07.023+0000] {dag.py:2585} INFO - Sync 1 DAGs
[2023-04-30T17:57:07.047+0000] {logging_mixin.py:120} INFO - [2023-04-30T17:57:07.047+0000] {dag.py:3340} INFO - Setting next_dagrun for example_short_circuit_operator to 2023-04-29T17:57:07.046983+00:00, run_after=2023-04-30T17:57:07.046983+00:00
[2023-04-30T17:57:07.072+0000] {processor.py:176} INFO - Processing /home/airflow/.local/lib/python3.7/site-packages/airflow/example_dags/example_short_circuit_operator.py took 0.102 seconds
[2023-04-30T17:57:37.663+0000] {processor.py:154} INFO - Started process (PID=1098) to work on /home/airflow/.local/lib/python3.7/site-packages/airflow/example_dags/example_short_circuit_operator.py
[2023-04-30T17:57:37.664+0000] {processor.py:756} INFO - Processing file /home/airflow/.local/lib/python3.7/site-packages/airflow/example_dags/example_short_circuit_operator.py for tasks to queue
[2023-04-30T17:57:37.665+0000] {logging_mixin.py:120} INFO - [2023-04-30T17:57:37.664+0000] {dagbag.py:537} INFO - Filling up the DagBag from /home/airflow/.local/lib/python3.7/site-packages/airflow/example_dags/example_short_circuit_operator.py
[2023-04-30T17:57:37.680+0000] {processor.py:766} INFO - DAG(s) dict_keys(['example_short_circuit_operator']) retrieved from /home/airflow/.local/lib/python3.7/site-packages/airflow/example_dags/example_short_circuit_operator.py
[2023-04-30T17:57:37.720+0000] {logging_mixin.py:120} INFO - [2023-04-30T17:57:37.719+0000] {dag.py:2585} INFO - Sync 1 DAGs
[2023-04-30T17:57:37.748+0000] {logging_mixin.py:120} INFO - [2023-04-30T17:57:37.747+0000] {dag.py:3340} INFO - Setting next_dagrun for example_short_circuit_operator to 2023-04-29T17:57:37.747785+00:00, run_after=2023-04-30T17:57:37.747785+00:00
[2023-04-30T17:57:37.773+0000] {processor.py:176} INFO - Processing /home/airflow/.local/lib/python3.7/site-packages/airflow/example_dags/example_short_circuit_operator.py took 0.111 seconds
[2023-04-30T17:58:08.309+0000] {processor.py:154} INFO - Started process (PID=1168) to work on /home/airflow/.local/lib/python3.7/site-packages/airflow/example_dags/example_short_circuit_operator.py
[2023-04-30T17:58:08.310+0000] {processor.py:756} INFO - Processing file /home/airflow/.local/lib/python3.7/site-packages/airflow/example_dags/example_short_circuit_operator.py for tasks to queue
[2023-04-30T17:58:08.311+0000] {logging_mixin.py:120} INFO - [2023-04-30T17:58:08.311+0000] {dagbag.py:537} INFO - Filling up the DagBag from /home/airflow/.local/lib/python3.7/site-packages/airflow/example_dags/example_short_circuit_operator.py
[2023-04-30T17:58:08.324+0000] {processor.py:766} INFO - DAG(s) dict_keys(['example_short_circuit_operator']) retrieved from /home/airflow/.local/lib/python3.7/site-packages/airflow/example_dags/example_short_circuit_operator.py
[2023-04-30T17:58:08.359+0000] {logging_mixin.py:120} INFO - [2023-04-30T17:58:08.359+0000] {dag.py:2585} INFO - Sync 1 DAGs
[2023-04-30T17:58:08.385+0000] {logging_mixin.py:120} INFO - [2023-04-30T17:58:08.385+0000] {dag.py:3340} INFO - Setting next_dagrun for example_short_circuit_operator to 2023-04-29T17:58:08.385212+00:00, run_after=2023-04-30T17:58:08.385212+00:00
[2023-04-30T17:58:08.409+0000] {processor.py:176} INFO - Processing /home/airflow/.local/lib/python3.7/site-packages/airflow/example_dags/example_short_circuit_operator.py took 0.101 seconds
[2023-04-30T17:58:38.917+0000] {processor.py:154} INFO - Started process (PID=1222) to work on /home/airflow/.local/lib/python3.7/site-packages/airflow/example_dags/example_short_circuit_operator.py
[2023-04-30T17:58:38.918+0000] {processor.py:756} INFO - Processing file /home/airflow/.local/lib/python3.7/site-packages/airflow/example_dags/example_short_circuit_operator.py for tasks to queue
[2023-04-30T17:58:38.919+0000] {logging_mixin.py:120} INFO - [2023-04-30T17:58:38.919+0000] {dagbag.py:537} INFO - Filling up the DagBag from /home/airflow/.local/lib/python3.7/site-packages/airflow/example_dags/example_short_circuit_operator.py
[2023-04-30T17:58:38.937+0000] {processor.py:766} INFO - DAG(s) dict_keys(['example_short_circuit_operator']) retrieved from /home/airflow/.local/lib/python3.7/site-packages/airflow/example_dags/example_short_circuit_operator.py
[2023-04-30T17:58:38.979+0000] {logging_mixin.py:120} INFO - [2023-04-30T17:58:38.979+0000] {dag.py:2585} INFO - Sync 1 DAGs
[2023-04-30T17:58:39.005+0000] {logging_mixin.py:120} INFO - [2023-04-30T17:58:39.005+0000] {dag.py:3340} INFO - Setting next_dagrun for example_short_circuit_operator to 2023-04-29T17:58:39.005202+00:00, run_after=2023-04-30T17:58:39.005202+00:00
[2023-04-30T17:58:39.031+0000] {processor.py:176} INFO - Processing /home/airflow/.local/lib/python3.7/site-packages/airflow/example_dags/example_short_circuit_operator.py took 0.117 seconds
[2023-04-30T17:59:09.777+0000] {processor.py:154} INFO - Started process (PID=1285) to work on /home/airflow/.local/lib/python3.7/site-packages/airflow/example_dags/example_short_circuit_operator.py
[2023-04-30T17:59:09.778+0000] {processor.py:756} INFO - Processing file /home/airflow/.local/lib/python3.7/site-packages/airflow/example_dags/example_short_circuit_operator.py for tasks to queue
[2023-04-30T17:59:09.778+0000] {logging_mixin.py:120} INFO - [2023-04-30T17:59:09.778+0000] {dagbag.py:537} INFO - Filling up the DagBag from /home/airflow/.local/lib/python3.7/site-packages/airflow/example_dags/example_short_circuit_operator.py
[2023-04-30T17:59:09.792+0000] {processor.py:766} INFO - DAG(s) dict_keys(['example_short_circuit_operator']) retrieved from /home/airflow/.local/lib/python3.7/site-packages/airflow/example_dags/example_short_circuit_operator.py
[2023-04-30T17:59:09.827+0000] {logging_mixin.py:120} INFO - [2023-04-30T17:59:09.827+0000] {dag.py:2585} INFO - Sync 1 DAGs
[2023-04-30T17:59:09.852+0000] {logging_mixin.py:120} INFO - [2023-04-30T17:59:09.852+0000] {dag.py:3340} INFO - Setting next_dagrun for example_short_circuit_operator to 2023-04-29T17:59:09.852025+00:00, run_after=2023-04-30T17:59:09.852025+00:00
[2023-04-30T17:59:09.879+0000] {processor.py:176} INFO - Processing /home/airflow/.local/lib/python3.7/site-packages/airflow/example_dags/example_short_circuit_operator.py took 0.104 seconds
[2023-04-30T17:59:40.498+0000] {processor.py:154} INFO - Started process (PID=1348) to work on /home/airflow/.local/lib/python3.7/site-packages/airflow/example_dags/example_short_circuit_operator.py
[2023-04-30T17:59:40.499+0000] {processor.py:756} INFO - Processing file /home/airflow/.local/lib/python3.7/site-packages/airflow/example_dags/example_short_circuit_operator.py for tasks to queue
[2023-04-30T17:59:40.500+0000] {logging_mixin.py:120} INFO - [2023-04-30T17:59:40.499+0000] {dagbag.py:537} INFO - Filling up the DagBag from /home/airflow/.local/lib/python3.7/site-packages/airflow/example_dags/example_short_circuit_operator.py
[2023-04-30T17:59:40.512+0000] {processor.py:766} INFO - DAG(s) dict_keys(['example_short_circuit_operator']) retrieved from /home/airflow/.local/lib/python3.7/site-packages/airflow/example_dags/example_short_circuit_operator.py
[2023-04-30T17:59:40.549+0000] {logging_mixin.py:120} INFO - [2023-04-30T17:59:40.548+0000] {dag.py:2585} INFO - Sync 1 DAGs
[2023-04-30T17:59:40.575+0000] {logging_mixin.py:120} INFO - [2023-04-30T17:59:40.575+0000] {dag.py:3340} INFO - Setting next_dagrun for example_short_circuit_operator to 2023-04-29T17:59:40.575336+00:00, run_after=2023-04-30T17:59:40.575336+00:00
[2023-04-30T17:59:40.596+0000] {processor.py:176} INFO - Processing /home/airflow/.local/lib/python3.7/site-packages/airflow/example_dags/example_short_circuit_operator.py took 0.100 seconds
[2023-04-30T18:00:11.159+0000] {processor.py:154} INFO - Started process (PID=1403) to work on /home/airflow/.local/lib/python3.7/site-packages/airflow/example_dags/example_short_circuit_operator.py
[2023-04-30T18:00:11.160+0000] {processor.py:756} INFO - Processing file /home/airflow/.local/lib/python3.7/site-packages/airflow/example_dags/example_short_circuit_operator.py for tasks to queue
[2023-04-30T18:00:11.161+0000] {logging_mixin.py:120} INFO - [2023-04-30T18:00:11.160+0000] {dagbag.py:537} INFO - Filling up the DagBag from /home/airflow/.local/lib/python3.7/site-packages/airflow/example_dags/example_short_circuit_operator.py
[2023-04-30T18:00:11.183+0000] {processor.py:766} INFO - DAG(s) dict_keys(['example_short_circuit_operator']) retrieved from /home/airflow/.local/lib/python3.7/site-packages/airflow/example_dags/example_short_circuit_operator.py
[2023-04-30T18:00:11.223+0000] {logging_mixin.py:120} INFO - [2023-04-30T18:00:11.222+0000] {dag.py:2585} INFO - Sync 1 DAGs
[2023-04-30T18:00:11.251+0000] {logging_mixin.py:120} INFO - [2023-04-30T18:00:11.251+0000] {dag.py:3340} INFO - Setting next_dagrun for example_short_circuit_operator to 2023-04-29T18:00:11.251423+00:00, run_after=2023-04-30T18:00:11.251423+00:00
[2023-04-30T18:00:11.276+0000] {processor.py:176} INFO - Processing /home/airflow/.local/lib/python3.7/site-packages/airflow/example_dags/example_short_circuit_operator.py took 0.120 seconds
[2023-04-30T18:00:41.797+0000] {processor.py:154} INFO - Started process (PID=1467) to work on /home/airflow/.local/lib/python3.7/site-packages/airflow/example_dags/example_short_circuit_operator.py
[2023-04-30T18:00:41.798+0000] {processor.py:756} INFO - Processing file /home/airflow/.local/lib/python3.7/site-packages/airflow/example_dags/example_short_circuit_operator.py for tasks to queue
[2023-04-30T18:00:41.798+0000] {logging_mixin.py:120} INFO - [2023-04-30T18:00:41.798+0000] {dagbag.py:537} INFO - Filling up the DagBag from /home/airflow/.local/lib/python3.7/site-packages/airflow/example_dags/example_short_circuit_operator.py
[2023-04-30T18:00:41.816+0000] {processor.py:766} INFO - DAG(s) dict_keys(['example_short_circuit_operator']) retrieved from /home/airflow/.local/lib/python3.7/site-packages/airflow/example_dags/example_short_circuit_operator.py
[2023-04-30T18:00:41.861+0000] {logging_mixin.py:120} INFO - [2023-04-30T18:00:41.861+0000] {dag.py:2585} INFO - Sync 1 DAGs
[2023-04-30T18:00:41.890+0000] {logging_mixin.py:120} INFO - [2023-04-30T18:00:41.890+0000] {dag.py:3340} INFO - Setting next_dagrun for example_short_circuit_operator to 2023-04-29T18:00:41.890012+00:00, run_after=2023-04-30T18:00:41.890012+00:00
[2023-04-30T18:00:41.914+0000] {processor.py:176} INFO - Processing /home/airflow/.local/lib/python3.7/site-packages/airflow/example_dags/example_short_circuit_operator.py took 0.119 seconds
[2023-04-30T18:01:12.739+0000] {processor.py:154} INFO - Started process (PID=1530) to work on /home/airflow/.local/lib/python3.7/site-packages/airflow/example_dags/example_short_circuit_operator.py
[2023-04-30T18:01:12.741+0000] {processor.py:756} INFO - Processing file /home/airflow/.local/lib/python3.7/site-packages/airflow/example_dags/example_short_circuit_operator.py for tasks to queue
[2023-04-30T18:01:12.742+0000] {logging_mixin.py:120} INFO - [2023-04-30T18:01:12.741+0000] {dagbag.py:537} INFO - Filling up the DagBag from /home/airflow/.local/lib/python3.7/site-packages/airflow/example_dags/example_short_circuit_operator.py
[2023-04-30T18:01:12.760+0000] {processor.py:766} INFO - DAG(s) dict_keys(['example_short_circuit_operator']) retrieved from /home/airflow/.local/lib/python3.7/site-packages/airflow/example_dags/example_short_circuit_operator.py
[2023-04-30T18:01:12.799+0000] {logging_mixin.py:120} INFO - [2023-04-30T18:01:12.798+0000] {dag.py:2585} INFO - Sync 1 DAGs
[2023-04-30T18:01:12.827+0000] {logging_mixin.py:120} INFO - [2023-04-30T18:01:12.827+0000] {dag.py:3340} INFO - Setting next_dagrun for example_short_circuit_operator to 2023-04-29T18:01:12.826898+00:00, run_after=2023-04-30T18:01:12.826898+00:00
[2023-04-30T18:01:12.850+0000] {processor.py:176} INFO - Processing /home/airflow/.local/lib/python3.7/site-packages/airflow/example_dags/example_short_circuit_operator.py took 0.113 seconds
[2023-04-30T18:01:43.323+0000] {processor.py:154} INFO - Started process (PID=1584) to work on /home/airflow/.local/lib/python3.7/site-packages/airflow/example_dags/example_short_circuit_operator.py
[2023-04-30T18:01:43.324+0000] {processor.py:756} INFO - Processing file /home/airflow/.local/lib/python3.7/site-packages/airflow/example_dags/example_short_circuit_operator.py for tasks to queue
[2023-04-30T18:01:43.325+0000] {logging_mixin.py:120} INFO - [2023-04-30T18:01:43.325+0000] {dagbag.py:537} INFO - Filling up the DagBag from /home/airflow/.local/lib/python3.7/site-packages/airflow/example_dags/example_short_circuit_operator.py
[2023-04-30T18:01:43.338+0000] {processor.py:766} INFO - DAG(s) dict_keys(['example_short_circuit_operator']) retrieved from /home/airflow/.local/lib/python3.7/site-packages/airflow/example_dags/example_short_circuit_operator.py
[2023-04-30T18:01:43.371+0000] {logging_mixin.py:120} INFO - [2023-04-30T18:01:43.371+0000] {dag.py:2585} INFO - Sync 1 DAGs
[2023-04-30T18:01:43.396+0000] {logging_mixin.py:120} INFO - [2023-04-30T18:01:43.395+0000] {dag.py:3340} INFO - Setting next_dagrun for example_short_circuit_operator to 2023-04-29T18:01:43.395774+00:00, run_after=2023-04-30T18:01:43.395774+00:00
[2023-04-30T18:01:43.420+0000] {processor.py:176} INFO - Processing /home/airflow/.local/lib/python3.7/site-packages/airflow/example_dags/example_short_circuit_operator.py took 0.099 seconds
[2023-04-30T18:02:13.802+0000] {processor.py:154} INFO - Started process (PID=1647) to work on /home/airflow/.local/lib/python3.7/site-packages/airflow/example_dags/example_short_circuit_operator.py
[2023-04-30T18:02:13.803+0000] {processor.py:756} INFO - Processing file /home/airflow/.local/lib/python3.7/site-packages/airflow/example_dags/example_short_circuit_operator.py for tasks to queue
[2023-04-30T18:02:13.804+0000] {logging_mixin.py:120} INFO - [2023-04-30T18:02:13.804+0000] {dagbag.py:537} INFO - Filling up the DagBag from /home/airflow/.local/lib/python3.7/site-packages/airflow/example_dags/example_short_circuit_operator.py
[2023-04-30T18:02:13.817+0000] {processor.py:766} INFO - DAG(s) dict_keys(['example_short_circuit_operator']) retrieved from /home/airflow/.local/lib/python3.7/site-packages/airflow/example_dags/example_short_circuit_operator.py
[2023-04-30T18:02:13.853+0000] {logging_mixin.py:120} INFO - [2023-04-30T18:02:13.853+0000] {dag.py:2585} INFO - Sync 1 DAGs
[2023-04-30T18:02:13.878+0000] {logging_mixin.py:120} INFO - [2023-04-30T18:02:13.878+0000] {dag.py:3340} INFO - Setting next_dagrun for example_short_circuit_operator to 2023-04-29T18:02:13.878276+00:00, run_after=2023-04-30T18:02:13.878276+00:00
[2023-04-30T18:02:13.901+0000] {processor.py:176} INFO - Processing /home/airflow/.local/lib/python3.7/site-packages/airflow/example_dags/example_short_circuit_operator.py took 0.101 seconds
[2023-04-30T18:02:44.282+0000] {processor.py:154} INFO - Started process (PID=1710) to work on /home/airflow/.local/lib/python3.7/site-packages/airflow/example_dags/example_short_circuit_operator.py
[2023-04-30T18:02:44.284+0000] {processor.py:756} INFO - Processing file /home/airflow/.local/lib/python3.7/site-packages/airflow/example_dags/example_short_circuit_operator.py for tasks to queue
[2023-04-30T18:02:44.284+0000] {logging_mixin.py:120} INFO - [2023-04-30T18:02:44.284+0000] {dagbag.py:537} INFO - Filling up the DagBag from /home/airflow/.local/lib/python3.7/site-packages/airflow/example_dags/example_short_circuit_operator.py
[2023-04-30T18:02:44.297+0000] {processor.py:766} INFO - DAG(s) dict_keys(['example_short_circuit_operator']) retrieved from /home/airflow/.local/lib/python3.7/site-packages/airflow/example_dags/example_short_circuit_operator.py
[2023-04-30T18:02:44.334+0000] {logging_mixin.py:120} INFO - [2023-04-30T18:02:44.333+0000] {dag.py:2585} INFO - Sync 1 DAGs
[2023-04-30T18:02:44.359+0000] {logging_mixin.py:120} INFO - [2023-04-30T18:02:44.359+0000] {dag.py:3340} INFO - Setting next_dagrun for example_short_circuit_operator to 2023-04-29T18:02:44.359377+00:00, run_after=2023-04-30T18:02:44.359377+00:00
[2023-04-30T18:02:44.382+0000] {processor.py:176} INFO - Processing /home/airflow/.local/lib/python3.7/site-packages/airflow/example_dags/example_short_circuit_operator.py took 0.102 seconds
[2023-04-30T18:03:14.800+0000] {processor.py:154} INFO - Started process (PID=1770) to work on /home/airflow/.local/lib/python3.7/site-packages/airflow/example_dags/example_short_circuit_operator.py
[2023-04-30T18:03:14.801+0000] {processor.py:756} INFO - Processing file /home/airflow/.local/lib/python3.7/site-packages/airflow/example_dags/example_short_circuit_operator.py for tasks to queue
[2023-04-30T18:03:14.803+0000] {logging_mixin.py:120} INFO - [2023-04-30T18:03:14.802+0000] {dagbag.py:537} INFO - Filling up the DagBag from /home/airflow/.local/lib/python3.7/site-packages/airflow/example_dags/example_short_circuit_operator.py
[2023-04-30T18:03:14.817+0000] {processor.py:766} INFO - DAG(s) dict_keys(['example_short_circuit_operator']) retrieved from /home/airflow/.local/lib/python3.7/site-packages/airflow/example_dags/example_short_circuit_operator.py
[2023-04-30T18:03:14.857+0000] {logging_mixin.py:120} INFO - [2023-04-30T18:03:14.857+0000] {dag.py:2585} INFO - Sync 1 DAGs
[2023-04-30T18:03:14.885+0000] {logging_mixin.py:120} INFO - [2023-04-30T18:03:14.885+0000] {dag.py:3340} INFO - Setting next_dagrun for example_short_circuit_operator to 2023-04-29T18:03:14.885445+00:00, run_after=2023-04-30T18:03:14.885445+00:00
[2023-04-30T18:03:14.911+0000] {processor.py:176} INFO - Processing /home/airflow/.local/lib/python3.7/site-packages/airflow/example_dags/example_short_circuit_operator.py took 0.114 seconds
[2023-04-30T18:03:45.415+0000] {processor.py:154} INFO - Started process (PID=1828) to work on /home/airflow/.local/lib/python3.7/site-packages/airflow/example_dags/example_short_circuit_operator.py
[2023-04-30T18:03:45.416+0000] {processor.py:756} INFO - Processing file /home/airflow/.local/lib/python3.7/site-packages/airflow/example_dags/example_short_circuit_operator.py for tasks to queue
[2023-04-30T18:03:45.417+0000] {logging_mixin.py:120} INFO - [2023-04-30T18:03:45.417+0000] {dagbag.py:537} INFO - Filling up the DagBag from /home/airflow/.local/lib/python3.7/site-packages/airflow/example_dags/example_short_circuit_operator.py
[2023-04-30T18:03:45.430+0000] {processor.py:766} INFO - DAG(s) dict_keys(['example_short_circuit_operator']) retrieved from /home/airflow/.local/lib/python3.7/site-packages/airflow/example_dags/example_short_circuit_operator.py
[2023-04-30T18:03:45.466+0000] {logging_mixin.py:120} INFO - [2023-04-30T18:03:45.466+0000] {dag.py:2585} INFO - Sync 1 DAGs
[2023-04-30T18:03:45.493+0000] {logging_mixin.py:120} INFO - [2023-04-30T18:03:45.493+0000] {dag.py:3340} INFO - Setting next_dagrun for example_short_circuit_operator to 2023-04-29T18:03:45.492976+00:00, run_after=2023-04-30T18:03:45.492976+00:00
[2023-04-30T18:03:45.514+0000] {processor.py:176} INFO - Processing /home/airflow/.local/lib/python3.7/site-packages/airflow/example_dags/example_short_circuit_operator.py took 0.101 seconds
[2023-04-30T18:04:15.929+0000] {processor.py:154} INFO - Started process (PID=1891) to work on /home/airflow/.local/lib/python3.7/site-packages/airflow/example_dags/example_short_circuit_operator.py
[2023-04-30T18:04:15.930+0000] {processor.py:756} INFO - Processing file /home/airflow/.local/lib/python3.7/site-packages/airflow/example_dags/example_short_circuit_operator.py for tasks to queue
[2023-04-30T18:04:15.931+0000] {logging_mixin.py:120} INFO - [2023-04-30T18:04:15.931+0000] {dagbag.py:537} INFO - Filling up the DagBag from /home/airflow/.local/lib/python3.7/site-packages/airflow/example_dags/example_short_circuit_operator.py
[2023-04-30T18:04:15.951+0000] {processor.py:766} INFO - DAG(s) dict_keys(['example_short_circuit_operator']) retrieved from /home/airflow/.local/lib/python3.7/site-packages/airflow/example_dags/example_short_circuit_operator.py
[2023-04-30T18:04:15.990+0000] {logging_mixin.py:120} INFO - [2023-04-30T18:04:15.989+0000] {dag.py:2585} INFO - Sync 1 DAGs
[2023-04-30T18:04:16.015+0000] {logging_mixin.py:120} INFO - [2023-04-30T18:04:16.015+0000] {dag.py:3340} INFO - Setting next_dagrun for example_short_circuit_operator to 2023-04-29T18:04:16.014971+00:00, run_after=2023-04-30T18:04:16.014971+00:00
[2023-04-30T18:04:16.036+0000] {processor.py:176} INFO - Processing /home/airflow/.local/lib/python3.7/site-packages/airflow/example_dags/example_short_circuit_operator.py took 0.109 seconds
[2023-04-30T18:04:46.406+0000] {processor.py:154} INFO - Started process (PID=1955) to work on /home/airflow/.local/lib/python3.7/site-packages/airflow/example_dags/example_short_circuit_operator.py
[2023-04-30T18:04:46.407+0000] {processor.py:756} INFO - Processing file /home/airflow/.local/lib/python3.7/site-packages/airflow/example_dags/example_short_circuit_operator.py for tasks to queue
[2023-04-30T18:04:46.408+0000] {logging_mixin.py:120} INFO - [2023-04-30T18:04:46.408+0000] {dagbag.py:537} INFO - Filling up the DagBag from /home/airflow/.local/lib/python3.7/site-packages/airflow/example_dags/example_short_circuit_operator.py
[2023-04-30T18:04:46.422+0000] {processor.py:766} INFO - DAG(s) dict_keys(['example_short_circuit_operator']) retrieved from /home/airflow/.local/lib/python3.7/site-packages/airflow/example_dags/example_short_circuit_operator.py
[2023-04-30T18:04:46.461+0000] {logging_mixin.py:120} INFO - [2023-04-30T18:04:46.461+0000] {dag.py:2585} INFO - Sync 1 DAGs
[2023-04-30T18:04:46.484+0000] {logging_mixin.py:120} INFO - [2023-04-30T18:04:46.484+0000] {dag.py:3340} INFO - Setting next_dagrun for example_short_circuit_operator to 2023-04-29T18:04:46.484641+00:00, run_after=2023-04-30T18:04:46.484641+00:00
[2023-04-30T18:04:46.508+0000] {processor.py:176} INFO - Processing /home/airflow/.local/lib/python3.7/site-packages/airflow/example_dags/example_short_circuit_operator.py took 0.104 seconds
[2023-04-30T18:05:17.147+0000] {processor.py:154} INFO - Started process (PID=2009) to work on /home/airflow/.local/lib/python3.7/site-packages/airflow/example_dags/example_short_circuit_operator.py
[2023-04-30T18:05:17.147+0000] {processor.py:756} INFO - Processing file /home/airflow/.local/lib/python3.7/site-packages/airflow/example_dags/example_short_circuit_operator.py for tasks to queue
[2023-04-30T18:05:17.148+0000] {logging_mixin.py:120} INFO - [2023-04-30T18:05:17.148+0000] {dagbag.py:537} INFO - Filling up the DagBag from /home/airflow/.local/lib/python3.7/site-packages/airflow/example_dags/example_short_circuit_operator.py
[2023-04-30T18:05:17.162+0000] {processor.py:766} INFO - DAG(s) dict_keys(['example_short_circuit_operator']) retrieved from /home/airflow/.local/lib/python3.7/site-packages/airflow/example_dags/example_short_circuit_operator.py
[2023-04-30T18:05:17.203+0000] {logging_mixin.py:120} INFO - [2023-04-30T18:05:17.203+0000] {dag.py:2585} INFO - Sync 1 DAGs
[2023-04-30T18:05:17.236+0000] {logging_mixin.py:120} INFO - [2023-04-30T18:05:17.236+0000] {dag.py:3340} INFO - Setting next_dagrun for example_short_circuit_operator to 2023-04-29T18:05:17.236409+00:00, run_after=2023-04-30T18:05:17.236409+00:00
[2023-04-30T18:05:17.266+0000] {processor.py:176} INFO - Processing /home/airflow/.local/lib/python3.7/site-packages/airflow/example_dags/example_short_circuit_operator.py took 0.122 seconds
[2023-04-30T18:05:47.710+0000] {processor.py:154} INFO - Started process (PID=2073) to work on /home/airflow/.local/lib/python3.7/site-packages/airflow/example_dags/example_short_circuit_operator.py
[2023-04-30T18:05:47.711+0000] {processor.py:756} INFO - Processing file /home/airflow/.local/lib/python3.7/site-packages/airflow/example_dags/example_short_circuit_operator.py for tasks to queue
[2023-04-30T18:05:47.711+0000] {logging_mixin.py:120} INFO - [2023-04-30T18:05:47.711+0000] {dagbag.py:537} INFO - Filling up the DagBag from /home/airflow/.local/lib/python3.7/site-packages/airflow/example_dags/example_short_circuit_operator.py
[2023-04-30T18:05:47.724+0000] {processor.py:766} INFO - DAG(s) dict_keys(['example_short_circuit_operator']) retrieved from /home/airflow/.local/lib/python3.7/site-packages/airflow/example_dags/example_short_circuit_operator.py
[2023-04-30T18:05:47.758+0000] {logging_mixin.py:120} INFO - [2023-04-30T18:05:47.758+0000] {dag.py:2585} INFO - Sync 1 DAGs
[2023-04-30T18:05:47.787+0000] {logging_mixin.py:120} INFO - [2023-04-30T18:05:47.787+0000] {dag.py:3340} INFO - Setting next_dagrun for example_short_circuit_operator to 2023-04-29T18:05:47.786850+00:00, run_after=2023-04-30T18:05:47.786850+00:00
[2023-04-30T18:05:47.809+0000] {processor.py:176} INFO - Processing /home/airflow/.local/lib/python3.7/site-packages/airflow/example_dags/example_short_circuit_operator.py took 0.102 seconds
[2023-04-30T18:06:18.289+0000] {processor.py:154} INFO - Started process (PID=2136) to work on /home/airflow/.local/lib/python3.7/site-packages/airflow/example_dags/example_short_circuit_operator.py
[2023-04-30T18:06:18.290+0000] {processor.py:756} INFO - Processing file /home/airflow/.local/lib/python3.7/site-packages/airflow/example_dags/example_short_circuit_operator.py for tasks to queue
[2023-04-30T18:06:18.290+0000] {logging_mixin.py:120} INFO - [2023-04-30T18:06:18.290+0000] {dagbag.py:537} INFO - Filling up the DagBag from /home/airflow/.local/lib/python3.7/site-packages/airflow/example_dags/example_short_circuit_operator.py
[2023-04-30T18:06:18.302+0000] {processor.py:766} INFO - DAG(s) dict_keys(['example_short_circuit_operator']) retrieved from /home/airflow/.local/lib/python3.7/site-packages/airflow/example_dags/example_short_circuit_operator.py
[2023-04-30T18:06:18.336+0000] {logging_mixin.py:120} INFO - [2023-04-30T18:06:18.336+0000] {dag.py:2585} INFO - Sync 1 DAGs
[2023-04-30T18:06:18.363+0000] {logging_mixin.py:120} INFO - [2023-04-30T18:06:18.363+0000] {dag.py:3340} INFO - Setting next_dagrun for example_short_circuit_operator to 2023-04-29T18:06:18.362886+00:00, run_after=2023-04-30T18:06:18.362886+00:00
[2023-04-30T18:06:18.384+0000] {processor.py:176} INFO - Processing /home/airflow/.local/lib/python3.7/site-packages/airflow/example_dags/example_short_circuit_operator.py took 0.097 seconds
[2023-04-30T18:06:48.783+0000] {processor.py:154} INFO - Started process (PID=2190) to work on /home/airflow/.local/lib/python3.7/site-packages/airflow/example_dags/example_short_circuit_operator.py
[2023-04-30T18:06:48.784+0000] {processor.py:756} INFO - Processing file /home/airflow/.local/lib/python3.7/site-packages/airflow/example_dags/example_short_circuit_operator.py for tasks to queue
[2023-04-30T18:06:48.784+0000] {logging_mixin.py:120} INFO - [2023-04-30T18:06:48.784+0000] {dagbag.py:537} INFO - Filling up the DagBag from /home/airflow/.local/lib/python3.7/site-packages/airflow/example_dags/example_short_circuit_operator.py
[2023-04-30T18:06:48.796+0000] {processor.py:766} INFO - DAG(s) dict_keys(['example_short_circuit_operator']) retrieved from /home/airflow/.local/lib/python3.7/site-packages/airflow/example_dags/example_short_circuit_operator.py
[2023-04-30T18:06:48.832+0000] {logging_mixin.py:120} INFO - [2023-04-30T18:06:48.832+0000] {dag.py:2585} INFO - Sync 1 DAGs
[2023-04-30T18:06:48.855+0000] {logging_mixin.py:120} INFO - [2023-04-30T18:06:48.855+0000] {dag.py:3340} INFO - Setting next_dagrun for example_short_circuit_operator to 2023-04-29T18:06:48.855462+00:00, run_after=2023-04-30T18:06:48.855462+00:00
[2023-04-30T18:06:48.878+0000] {processor.py:176} INFO - Processing /home/airflow/.local/lib/python3.7/site-packages/airflow/example_dags/example_short_circuit_operator.py took 0.098 seconds
[2023-04-30T18:07:19.351+0000] {processor.py:154} INFO - Started process (PID=2253) to work on /home/airflow/.local/lib/python3.7/site-packages/airflow/example_dags/example_short_circuit_operator.py
[2023-04-30T18:07:19.351+0000] {processor.py:756} INFO - Processing file /home/airflow/.local/lib/python3.7/site-packages/airflow/example_dags/example_short_circuit_operator.py for tasks to queue
[2023-04-30T18:07:19.352+0000] {logging_mixin.py:120} INFO - [2023-04-30T18:07:19.352+0000] {dagbag.py:537} INFO - Filling up the DagBag from /home/airflow/.local/lib/python3.7/site-packages/airflow/example_dags/example_short_circuit_operator.py
[2023-04-30T18:07:19.364+0000] {processor.py:766} INFO - DAG(s) dict_keys(['example_short_circuit_operator']) retrieved from /home/airflow/.local/lib/python3.7/site-packages/airflow/example_dags/example_short_circuit_operator.py
[2023-04-30T18:07:19.399+0000] {logging_mixin.py:120} INFO - [2023-04-30T18:07:19.399+0000] {dag.py:2585} INFO - Sync 1 DAGs
[2023-04-30T18:07:19.423+0000] {logging_mixin.py:120} INFO - [2023-04-30T18:07:19.422+0000] {dag.py:3340} INFO - Setting next_dagrun for example_short_circuit_operator to 2023-04-29T18:07:19.422778+00:00, run_after=2023-04-30T18:07:19.422778+00:00
[2023-04-30T18:07:19.445+0000] {processor.py:176} INFO - Processing /home/airflow/.local/lib/python3.7/site-packages/airflow/example_dags/example_short_circuit_operator.py took 0.097 seconds
[2023-04-30T18:07:49.860+0000] {processor.py:154} INFO - Started process (PID=2316) to work on /home/airflow/.local/lib/python3.7/site-packages/airflow/example_dags/example_short_circuit_operator.py
[2023-04-30T18:07:49.861+0000] {processor.py:756} INFO - Processing file /home/airflow/.local/lib/python3.7/site-packages/airflow/example_dags/example_short_circuit_operator.py for tasks to queue
[2023-04-30T18:07:49.861+0000] {logging_mixin.py:120} INFO - [2023-04-30T18:07:49.861+0000] {dagbag.py:537} INFO - Filling up the DagBag from /home/airflow/.local/lib/python3.7/site-packages/airflow/example_dags/example_short_circuit_operator.py
[2023-04-30T18:07:49.874+0000] {processor.py:766} INFO - DAG(s) dict_keys(['example_short_circuit_operator']) retrieved from /home/airflow/.local/lib/python3.7/site-packages/airflow/example_dags/example_short_circuit_operator.py
[2023-04-30T18:07:49.909+0000] {logging_mixin.py:120} INFO - [2023-04-30T18:07:49.909+0000] {dag.py:2585} INFO - Sync 1 DAGs
[2023-04-30T18:07:49.934+0000] {logging_mixin.py:120} INFO - [2023-04-30T18:07:49.934+0000] {dag.py:3340} INFO - Setting next_dagrun for example_short_circuit_operator to 2023-04-29T18:07:49.934145+00:00, run_after=2023-04-30T18:07:49.934145+00:00
[2023-04-30T18:07:49.956+0000] {processor.py:176} INFO - Processing /home/airflow/.local/lib/python3.7/site-packages/airflow/example_dags/example_short_circuit_operator.py took 0.099 seconds
[2023-04-30T18:08:20.341+0000] {processor.py:154} INFO - Started process (PID=2370) to work on /home/airflow/.local/lib/python3.7/site-packages/airflow/example_dags/example_short_circuit_operator.py
[2023-04-30T18:08:20.341+0000] {processor.py:756} INFO - Processing file /home/airflow/.local/lib/python3.7/site-packages/airflow/example_dags/example_short_circuit_operator.py for tasks to queue
[2023-04-30T18:08:20.342+0000] {logging_mixin.py:120} INFO - [2023-04-30T18:08:20.342+0000] {dagbag.py:537} INFO - Filling up the DagBag from /home/airflow/.local/lib/python3.7/site-packages/airflow/example_dags/example_short_circuit_operator.py
[2023-04-30T18:08:20.354+0000] {processor.py:766} INFO - DAG(s) dict_keys(['example_short_circuit_operator']) retrieved from /home/airflow/.local/lib/python3.7/site-packages/airflow/example_dags/example_short_circuit_operator.py
[2023-04-30T18:08:20.389+0000] {logging_mixin.py:120} INFO - [2023-04-30T18:08:20.389+0000] {dag.py:2585} INFO - Sync 1 DAGs
[2023-04-30T18:08:20.416+0000] {logging_mixin.py:120} INFO - [2023-04-30T18:08:20.416+0000] {dag.py:3340} INFO - Setting next_dagrun for example_short_circuit_operator to 2023-04-29T18:08:20.416254+00:00, run_after=2023-04-30T18:08:20.416254+00:00
[2023-04-30T18:08:20.439+0000] {processor.py:176} INFO - Processing /home/airflow/.local/lib/python3.7/site-packages/airflow/example_dags/example_short_circuit_operator.py took 0.101 seconds
[2023-04-30T18:08:50.795+0000] {processor.py:154} INFO - Started process (PID=2433) to work on /home/airflow/.local/lib/python3.7/site-packages/airflow/example_dags/example_short_circuit_operator.py
[2023-04-30T18:08:50.795+0000] {processor.py:756} INFO - Processing file /home/airflow/.local/lib/python3.7/site-packages/airflow/example_dags/example_short_circuit_operator.py for tasks to queue
[2023-04-30T18:08:50.796+0000] {logging_mixin.py:120} INFO - [2023-04-30T18:08:50.796+0000] {dagbag.py:537} INFO - Filling up the DagBag from /home/airflow/.local/lib/python3.7/site-packages/airflow/example_dags/example_short_circuit_operator.py
[2023-04-30T18:08:50.808+0000] {processor.py:766} INFO - DAG(s) dict_keys(['example_short_circuit_operator']) retrieved from /home/airflow/.local/lib/python3.7/site-packages/airflow/example_dags/example_short_circuit_operator.py
[2023-04-30T18:08:50.842+0000] {logging_mixin.py:120} INFO - [2023-04-30T18:08:50.842+0000] {dag.py:2585} INFO - Sync 1 DAGs
[2023-04-30T18:08:50.868+0000] {logging_mixin.py:120} INFO - [2023-04-30T18:08:50.868+0000] {dag.py:3340} INFO - Setting next_dagrun for example_short_circuit_operator to 2023-04-29T18:08:50.868041+00:00, run_after=2023-04-30T18:08:50.868041+00:00
[2023-04-30T18:08:50.891+0000] {processor.py:176} INFO - Processing /home/airflow/.local/lib/python3.7/site-packages/airflow/example_dags/example_short_circuit_operator.py took 0.099 seconds
[2023-04-30T18:09:21.647+0000] {processor.py:154} INFO - Started process (PID=2496) to work on /home/airflow/.local/lib/python3.7/site-packages/airflow/example_dags/example_short_circuit_operator.py
[2023-04-30T18:09:21.648+0000] {processor.py:756} INFO - Processing file /home/airflow/.local/lib/python3.7/site-packages/airflow/example_dags/example_short_circuit_operator.py for tasks to queue
[2023-04-30T18:09:21.648+0000] {logging_mixin.py:120} INFO - [2023-04-30T18:09:21.648+0000] {dagbag.py:537} INFO - Filling up the DagBag from /home/airflow/.local/lib/python3.7/site-packages/airflow/example_dags/example_short_circuit_operator.py
[2023-04-30T18:09:21.661+0000] {processor.py:766} INFO - DAG(s) dict_keys(['example_short_circuit_operator']) retrieved from /home/airflow/.local/lib/python3.7/site-packages/airflow/example_dags/example_short_circuit_operator.py
[2023-04-30T18:09:21.695+0000] {logging_mixin.py:120} INFO - [2023-04-30T18:09:21.695+0000] {dag.py:2585} INFO - Sync 1 DAGs
[2023-04-30T18:09:21.719+0000] {logging_mixin.py:120} INFO - [2023-04-30T18:09:21.718+0000] {dag.py:3340} INFO - Setting next_dagrun for example_short_circuit_operator to 2023-04-29T18:09:21.718815+00:00, run_after=2023-04-30T18:09:21.718815+00:00
[2023-04-30T18:09:21.743+0000] {processor.py:176} INFO - Processing /home/airflow/.local/lib/python3.7/site-packages/airflow/example_dags/example_short_circuit_operator.py took 0.098 seconds
[2023-04-30T18:09:52.262+0000] {processor.py:154} INFO - Started process (PID=2559) to work on /home/airflow/.local/lib/python3.7/site-packages/airflow/example_dags/example_short_circuit_operator.py
[2023-04-30T18:09:52.263+0000] {processor.py:756} INFO - Processing file /home/airflow/.local/lib/python3.7/site-packages/airflow/example_dags/example_short_circuit_operator.py for tasks to queue
[2023-04-30T18:09:52.265+0000] {logging_mixin.py:120} INFO - [2023-04-30T18:09:52.264+0000] {dagbag.py:537} INFO - Filling up the DagBag from /home/airflow/.local/lib/python3.7/site-packages/airflow/example_dags/example_short_circuit_operator.py
[2023-04-30T18:09:52.284+0000] {processor.py:766} INFO - DAG(s) dict_keys(['example_short_circuit_operator']) retrieved from /home/airflow/.local/lib/python3.7/site-packages/airflow/example_dags/example_short_circuit_operator.py
[2023-04-30T18:09:52.321+0000] {logging_mixin.py:120} INFO - [2023-04-30T18:09:52.321+0000] {dag.py:2585} INFO - Sync 1 DAGs
[2023-04-30T18:09:52.349+0000] {logging_mixin.py:120} INFO - [2023-04-30T18:09:52.348+0000] {dag.py:3340} INFO - Setting next_dagrun for example_short_circuit_operator to 2023-04-29T18:09:52.348812+00:00, run_after=2023-04-30T18:09:52.348812+00:00
[2023-04-30T18:09:52.374+0000] {processor.py:176} INFO - Processing /home/airflow/.local/lib/python3.7/site-packages/airflow/example_dags/example_short_circuit_operator.py took 0.115 seconds
[2023-04-30T18:10:22.720+0000] {processor.py:154} INFO - Started process (PID=2613) to work on /home/airflow/.local/lib/python3.7/site-packages/airflow/example_dags/example_short_circuit_operator.py
[2023-04-30T18:10:22.721+0000] {processor.py:756} INFO - Processing file /home/airflow/.local/lib/python3.7/site-packages/airflow/example_dags/example_short_circuit_operator.py for tasks to queue
[2023-04-30T18:10:22.721+0000] {logging_mixin.py:120} INFO - [2023-04-30T18:10:22.721+0000] {dagbag.py:537} INFO - Filling up the DagBag from /home/airflow/.local/lib/python3.7/site-packages/airflow/example_dags/example_short_circuit_operator.py
[2023-04-30T18:10:22.734+0000] {processor.py:766} INFO - DAG(s) dict_keys(['example_short_circuit_operator']) retrieved from /home/airflow/.local/lib/python3.7/site-packages/airflow/example_dags/example_short_circuit_operator.py
[2023-04-30T18:10:22.768+0000] {logging_mixin.py:120} INFO - [2023-04-30T18:10:22.768+0000] {dag.py:2585} INFO - Sync 1 DAGs
[2023-04-30T18:10:22.794+0000] {logging_mixin.py:120} INFO - [2023-04-30T18:10:22.794+0000] {dag.py:3340} INFO - Setting next_dagrun for example_short_circuit_operator to 2023-04-29T18:10:22.794016+00:00, run_after=2023-04-30T18:10:22.794016+00:00
[2023-04-30T18:10:22.816+0000] {processor.py:176} INFO - Processing /home/airflow/.local/lib/python3.7/site-packages/airflow/example_dags/example_short_circuit_operator.py took 0.098 seconds
[2023-04-30T18:10:53.197+0000] {processor.py:154} INFO - Started process (PID=2676) to work on /home/airflow/.local/lib/python3.7/site-packages/airflow/example_dags/example_short_circuit_operator.py
[2023-04-30T18:10:53.198+0000] {processor.py:756} INFO - Processing file /home/airflow/.local/lib/python3.7/site-packages/airflow/example_dags/example_short_circuit_operator.py for tasks to queue
[2023-04-30T18:10:53.198+0000] {logging_mixin.py:120} INFO - [2023-04-30T18:10:53.198+0000] {dagbag.py:537} INFO - Filling up the DagBag from /home/airflow/.local/lib/python3.7/site-packages/airflow/example_dags/example_short_circuit_operator.py
[2023-04-30T18:10:53.210+0000] {processor.py:766} INFO - DAG(s) dict_keys(['example_short_circuit_operator']) retrieved from /home/airflow/.local/lib/python3.7/site-packages/airflow/example_dags/example_short_circuit_operator.py
[2023-04-30T18:10:53.245+0000] {logging_mixin.py:120} INFO - [2023-04-30T18:10:53.245+0000] {dag.py:2585} INFO - Sync 1 DAGs
[2023-04-30T18:10:53.268+0000] {logging_mixin.py:120} INFO - [2023-04-30T18:10:53.268+0000] {dag.py:3340} INFO - Setting next_dagrun for example_short_circuit_operator to 2023-04-29T18:10:53.268639+00:00, run_after=2023-04-30T18:10:53.268639+00:00
[2023-04-30T18:10:53.289+0000] {processor.py:176} INFO - Processing /home/airflow/.local/lib/python3.7/site-packages/airflow/example_dags/example_short_circuit_operator.py took 0.094 seconds
[2023-04-30T18:11:23.697+0000] {processor.py:154} INFO - Started process (PID=2739) to work on /home/airflow/.local/lib/python3.7/site-packages/airflow/example_dags/example_short_circuit_operator.py
[2023-04-30T18:11:23.698+0000] {processor.py:756} INFO - Processing file /home/airflow/.local/lib/python3.7/site-packages/airflow/example_dags/example_short_circuit_operator.py for tasks to queue
[2023-04-30T18:11:23.698+0000] {logging_mixin.py:120} INFO - [2023-04-30T18:11:23.698+0000] {dagbag.py:537} INFO - Filling up the DagBag from /home/airflow/.local/lib/python3.7/site-packages/airflow/example_dags/example_short_circuit_operator.py
[2023-04-30T18:11:23.711+0000] {processor.py:766} INFO - DAG(s) dict_keys(['example_short_circuit_operator']) retrieved from /home/airflow/.local/lib/python3.7/site-packages/airflow/example_dags/example_short_circuit_operator.py
[2023-04-30T18:11:23.747+0000] {logging_mixin.py:120} INFO - [2023-04-30T18:11:23.747+0000] {dag.py:2585} INFO - Sync 1 DAGs
[2023-04-30T18:11:23.771+0000] {logging_mixin.py:120} INFO - [2023-04-30T18:11:23.771+0000] {dag.py:3340} INFO - Setting next_dagrun for example_short_circuit_operator to 2023-04-29T18:11:23.771447+00:00, run_after=2023-04-30T18:11:23.771447+00:00
[2023-04-30T18:11:23.796+0000] {processor.py:176} INFO - Processing /home/airflow/.local/lib/python3.7/site-packages/airflow/example_dags/example_short_circuit_operator.py took 0.101 seconds
[2023-04-30T18:11:54.277+0000] {processor.py:154} INFO - Started process (PID=2793) to work on /home/airflow/.local/lib/python3.7/site-packages/airflow/example_dags/example_short_circuit_operator.py
[2023-04-30T18:11:54.277+0000] {processor.py:756} INFO - Processing file /home/airflow/.local/lib/python3.7/site-packages/airflow/example_dags/example_short_circuit_operator.py for tasks to queue
[2023-04-30T18:11:54.278+0000] {logging_mixin.py:120} INFO - [2023-04-30T18:11:54.278+0000] {dagbag.py:537} INFO - Filling up the DagBag from /home/airflow/.local/lib/python3.7/site-packages/airflow/example_dags/example_short_circuit_operator.py
[2023-04-30T18:11:54.297+0000] {processor.py:766} INFO - DAG(s) dict_keys(['example_short_circuit_operator']) retrieved from /home/airflow/.local/lib/python3.7/site-packages/airflow/example_dags/example_short_circuit_operator.py
[2023-04-30T18:11:54.353+0000] {logging_mixin.py:120} INFO - [2023-04-30T18:11:54.353+0000] {dag.py:2585} INFO - Sync 1 DAGs
[2023-04-30T18:11:54.396+0000] {logging_mixin.py:120} INFO - [2023-04-30T18:11:54.396+0000] {dag.py:3340} INFO - Setting next_dagrun for example_short_circuit_operator to 2023-04-29T18:11:54.395742+00:00, run_after=2023-04-30T18:11:54.395742+00:00
[2023-04-30T18:20:39.970+0000] {processor.py:176} INFO - Processing /home/airflow/.local/lib/python3.7/site-packages/airflow/example_dags/example_short_circuit_operator.py took 3.902 seconds
