[2023-04-30T17:48:54.260+0000] {processor.py:154} INFO - Started process (PID=63) to work on /home/airflow/.local/lib/python3.7/site-packages/airflow/example_dags/example_sla_dag.py
[2023-04-30T17:48:54.261+0000] {processor.py:756} INFO - Processing file /home/airflow/.local/lib/python3.7/site-packages/airflow/example_dags/example_sla_dag.py for tasks to queue
[2023-04-30T17:48:54.262+0000] {logging_mixin.py:120} INFO - [2023-04-30T17:48:54.262+0000] {dagbag.py:537} INFO - Filling up the DagBag from /home/airflow/.local/lib/python3.7/site-packages/airflow/example_dags/example_sla_dag.py
[2023-04-30T17:48:54.325+0000] {processor.py:766} INFO - DAG(s) dict_keys(['example_sla_dag']) retrieved from /home/airflow/.local/lib/python3.7/site-packages/airflow/example_dags/example_sla_dag.py
[2023-04-30T17:48:54.572+0000] {logging_mixin.py:120} INFO - [2023-04-30T17:48:54.571+0000] {manager.py:507} INFO - Created Permission View: can read on DAG:example_sla_dag
[2023-04-30T17:48:54.602+0000] {logging_mixin.py:120} INFO - [2023-04-30T17:48:54.602+0000] {manager.py:507} INFO - Created Permission View: can edit on DAG:example_sla_dag
[2023-04-30T17:48:54.627+0000] {logging_mixin.py:120} INFO - [2023-04-30T17:48:54.626+0000] {manager.py:507} INFO - Created Permission View: can delete on DAG:example_sla_dag
[2023-04-30T17:48:54.627+0000] {logging_mixin.py:120} INFO - [2023-04-30T17:48:54.627+0000] {dag.py:2585} INFO - Sync 1 DAGs
[2023-04-30T17:48:54.652+0000] {logging_mixin.py:120} INFO - [2023-04-30T17:48:54.652+0000] {dag.py:2606} INFO - Creating ORM DAG for example_sla_dag
[2023-04-30T17:48:54.690+0000] {logging_mixin.py:120} INFO - [2023-04-30T17:48:54.690+0000] {dag.py:3340} INFO - Setting next_dagrun for example_sla_dag to 2023-04-30T17:46:00+00:00, run_after=2023-04-30T17:48:00+00:00
[2023-04-30T17:48:54.741+0000] {processor.py:176} INFO - Processing /home/airflow/.local/lib/python3.7/site-packages/airflow/example_dags/example_sla_dag.py took 0.485 seconds
[2023-04-30T17:49:24.799+0000] {processor.py:154} INFO - Started process (PID=126) to work on /home/airflow/.local/lib/python3.7/site-packages/airflow/example_dags/example_sla_dag.py
[2023-04-30T17:49:24.800+0000] {processor.py:756} INFO - Processing file /home/airflow/.local/lib/python3.7/site-packages/airflow/example_dags/example_sla_dag.py for tasks to queue
[2023-04-30T17:49:24.801+0000] {logging_mixin.py:120} INFO - [2023-04-30T17:49:24.800+0000] {dagbag.py:537} INFO - Filling up the DagBag from /home/airflow/.local/lib/python3.7/site-packages/airflow/example_dags/example_sla_dag.py
[2023-04-30T17:49:24.820+0000] {processor.py:766} INFO - DAG(s) dict_keys(['example_sla_dag']) retrieved from /home/airflow/.local/lib/python3.7/site-packages/airflow/example_dags/example_sla_dag.py
[2023-04-30T17:49:24.855+0000] {logging_mixin.py:120} INFO - [2023-04-30T17:49:24.855+0000] {dag.py:2585} INFO - Sync 1 DAGs
[2023-04-30T17:49:24.885+0000] {logging_mixin.py:120} INFO - [2023-04-30T17:49:24.885+0000] {dag.py:3340} INFO - Setting next_dagrun for example_sla_dag to 2023-04-30T17:46:00+00:00, run_after=2023-04-30T17:48:00+00:00
[2023-04-30T17:49:24.906+0000] {processor.py:176} INFO - Processing /home/airflow/.local/lib/python3.7/site-packages/airflow/example_dags/example_sla_dag.py took 0.109 seconds
[2023-04-30T17:49:55.288+0000] {processor.py:154} INFO - Started process (PID=181) to work on /home/airflow/.local/lib/python3.7/site-packages/airflow/example_dags/example_sla_dag.py
[2023-04-30T17:49:55.289+0000] {processor.py:756} INFO - Processing file /home/airflow/.local/lib/python3.7/site-packages/airflow/example_dags/example_sla_dag.py for tasks to queue
[2023-04-30T17:49:55.289+0000] {logging_mixin.py:120} INFO - [2023-04-30T17:49:55.289+0000] {dagbag.py:537} INFO - Filling up the DagBag from /home/airflow/.local/lib/python3.7/site-packages/airflow/example_dags/example_sla_dag.py
[2023-04-30T17:49:55.307+0000] {processor.py:766} INFO - DAG(s) dict_keys(['example_sla_dag']) retrieved from /home/airflow/.local/lib/python3.7/site-packages/airflow/example_dags/example_sla_dag.py
[2023-04-30T17:49:55.341+0000] {logging_mixin.py:120} INFO - [2023-04-30T17:49:55.340+0000] {dag.py:2585} INFO - Sync 1 DAGs
[2023-04-30T17:49:55.367+0000] {logging_mixin.py:120} INFO - [2023-04-30T17:49:55.367+0000] {dag.py:3340} INFO - Setting next_dagrun for example_sla_dag to 2023-04-30T17:46:00+00:00, run_after=2023-04-30T17:48:00+00:00
[2023-04-30T17:49:55.388+0000] {processor.py:176} INFO - Processing /home/airflow/.local/lib/python3.7/site-packages/airflow/example_dags/example_sla_dag.py took 0.102 seconds
[2023-04-30T17:50:26.040+0000] {processor.py:154} INFO - Started process (PID=244) to work on /home/airflow/.local/lib/python3.7/site-packages/airflow/example_dags/example_sla_dag.py
[2023-04-30T17:50:26.042+0000] {processor.py:756} INFO - Processing file /home/airflow/.local/lib/python3.7/site-packages/airflow/example_dags/example_sla_dag.py for tasks to queue
[2023-04-30T17:50:26.042+0000] {logging_mixin.py:120} INFO - [2023-04-30T17:50:26.042+0000] {dagbag.py:537} INFO - Filling up the DagBag from /home/airflow/.local/lib/python3.7/site-packages/airflow/example_dags/example_sla_dag.py
[2023-04-30T17:50:26.062+0000] {processor.py:766} INFO - DAG(s) dict_keys(['example_sla_dag']) retrieved from /home/airflow/.local/lib/python3.7/site-packages/airflow/example_dags/example_sla_dag.py
[2023-04-30T17:50:26.100+0000] {logging_mixin.py:120} INFO - [2023-04-30T17:50:26.100+0000] {dag.py:2585} INFO - Sync 1 DAGs
[2023-04-30T17:50:26.129+0000] {logging_mixin.py:120} INFO - [2023-04-30T17:50:26.129+0000] {dag.py:3340} INFO - Setting next_dagrun for example_sla_dag to 2023-04-30T17:48:00+00:00, run_after=2023-04-30T17:50:00+00:00
[2023-04-30T17:50:26.151+0000] {processor.py:176} INFO - Processing /home/airflow/.local/lib/python3.7/site-packages/airflow/example_dags/example_sla_dag.py took 0.112 seconds
[2023-04-30T17:50:56.832+0000] {processor.py:154} INFO - Started process (PID=307) to work on /home/airflow/.local/lib/python3.7/site-packages/airflow/example_dags/example_sla_dag.py
[2023-04-30T17:50:56.833+0000] {processor.py:756} INFO - Processing file /home/airflow/.local/lib/python3.7/site-packages/airflow/example_dags/example_sla_dag.py for tasks to queue
[2023-04-30T17:50:56.834+0000] {logging_mixin.py:120} INFO - [2023-04-30T17:50:56.834+0000] {dagbag.py:537} INFO - Filling up the DagBag from /home/airflow/.local/lib/python3.7/site-packages/airflow/example_dags/example_sla_dag.py
[2023-04-30T17:50:56.854+0000] {processor.py:766} INFO - DAG(s) dict_keys(['example_sla_dag']) retrieved from /home/airflow/.local/lib/python3.7/site-packages/airflow/example_dags/example_sla_dag.py
[2023-04-30T17:50:56.891+0000] {logging_mixin.py:120} INFO - [2023-04-30T17:50:56.890+0000] {dag.py:2585} INFO - Sync 1 DAGs
[2023-04-30T17:50:56.929+0000] {logging_mixin.py:120} INFO - [2023-04-30T17:50:56.928+0000] {dag.py:3340} INFO - Setting next_dagrun for example_sla_dag to 2023-04-30T17:48:00+00:00, run_after=2023-04-30T17:50:00+00:00
[2023-04-30T17:50:56.958+0000] {processor.py:176} INFO - Processing /home/airflow/.local/lib/python3.7/site-packages/airflow/example_dags/example_sla_dag.py took 0.128 seconds
[2023-04-30T17:51:27.447+0000] {processor.py:154} INFO - Started process (PID=361) to work on /home/airflow/.local/lib/python3.7/site-packages/airflow/example_dags/example_sla_dag.py
[2023-04-30T17:51:27.448+0000] {processor.py:756} INFO - Processing file /home/airflow/.local/lib/python3.7/site-packages/airflow/example_dags/example_sla_dag.py for tasks to queue
[2023-04-30T17:51:27.449+0000] {logging_mixin.py:120} INFO - [2023-04-30T17:51:27.449+0000] {dagbag.py:537} INFO - Filling up the DagBag from /home/airflow/.local/lib/python3.7/site-packages/airflow/example_dags/example_sla_dag.py
[2023-04-30T17:51:27.470+0000] {processor.py:766} INFO - DAG(s) dict_keys(['example_sla_dag']) retrieved from /home/airflow/.local/lib/python3.7/site-packages/airflow/example_dags/example_sla_dag.py
[2023-04-30T17:51:27.509+0000] {logging_mixin.py:120} INFO - [2023-04-30T17:51:27.509+0000] {dag.py:2585} INFO - Sync 1 DAGs
[2023-04-30T17:51:27.538+0000] {logging_mixin.py:120} INFO - [2023-04-30T17:51:27.538+0000] {dag.py:3340} INFO - Setting next_dagrun for example_sla_dag to 2023-04-30T17:48:00+00:00, run_after=2023-04-30T17:50:00+00:00
[2023-04-30T17:51:27.560+0000] {processor.py:176} INFO - Processing /home/airflow/.local/lib/python3.7/site-packages/airflow/example_dags/example_sla_dag.py took 0.116 seconds
[2023-04-30T17:51:58.320+0000] {processor.py:154} INFO - Started process (PID=424) to work on /home/airflow/.local/lib/python3.7/site-packages/airflow/example_dags/example_sla_dag.py
[2023-04-30T17:51:58.321+0000] {processor.py:756} INFO - Processing file /home/airflow/.local/lib/python3.7/site-packages/airflow/example_dags/example_sla_dag.py for tasks to queue
[2023-04-30T17:51:58.322+0000] {logging_mixin.py:120} INFO - [2023-04-30T17:51:58.321+0000] {dagbag.py:537} INFO - Filling up the DagBag from /home/airflow/.local/lib/python3.7/site-packages/airflow/example_dags/example_sla_dag.py
[2023-04-30T17:51:58.340+0000] {processor.py:766} INFO - DAG(s) dict_keys(['example_sla_dag']) retrieved from /home/airflow/.local/lib/python3.7/site-packages/airflow/example_dags/example_sla_dag.py
[2023-04-30T17:51:58.377+0000] {logging_mixin.py:120} INFO - [2023-04-30T17:51:58.377+0000] {dag.py:2585} INFO - Sync 1 DAGs
[2023-04-30T17:51:58.405+0000] {logging_mixin.py:120} INFO - [2023-04-30T17:51:58.404+0000] {dag.py:3340} INFO - Setting next_dagrun for example_sla_dag to 2023-04-30T17:48:00+00:00, run_after=2023-04-30T17:50:00+00:00
[2023-04-30T17:51:58.427+0000] {processor.py:176} INFO - Processing /home/airflow/.local/lib/python3.7/site-packages/airflow/example_dags/example_sla_dag.py took 0.109 seconds
[2023-04-30T17:52:29.039+0000] {processor.py:154} INFO - Started process (PID=487) to work on /home/airflow/.local/lib/python3.7/site-packages/airflow/example_dags/example_sla_dag.py
[2023-04-30T17:52:29.040+0000] {processor.py:756} INFO - Processing file /home/airflow/.local/lib/python3.7/site-packages/airflow/example_dags/example_sla_dag.py for tasks to queue
[2023-04-30T17:52:29.040+0000] {logging_mixin.py:120} INFO - [2023-04-30T17:52:29.040+0000] {dagbag.py:537} INFO - Filling up the DagBag from /home/airflow/.local/lib/python3.7/site-packages/airflow/example_dags/example_sla_dag.py
[2023-04-30T17:52:29.060+0000] {processor.py:766} INFO - DAG(s) dict_keys(['example_sla_dag']) retrieved from /home/airflow/.local/lib/python3.7/site-packages/airflow/example_dags/example_sla_dag.py
[2023-04-30T17:52:29.099+0000] {logging_mixin.py:120} INFO - [2023-04-30T17:52:29.099+0000] {dag.py:2585} INFO - Sync 1 DAGs
[2023-04-30T17:52:29.129+0000] {logging_mixin.py:120} INFO - [2023-04-30T17:52:29.128+0000] {dag.py:3340} INFO - Setting next_dagrun for example_sla_dag to 2023-04-30T17:50:00+00:00, run_after=2023-04-30T17:52:00+00:00
[2023-04-30T17:52:29.155+0000] {processor.py:176} INFO - Processing /home/airflow/.local/lib/python3.7/site-packages/airflow/example_dags/example_sla_dag.py took 0.118 seconds
[2023-04-30T17:52:59.694+0000] {processor.py:154} INFO - Started process (PID=541) to work on /home/airflow/.local/lib/python3.7/site-packages/airflow/example_dags/example_sla_dag.py
[2023-04-30T17:52:59.694+0000] {processor.py:756} INFO - Processing file /home/airflow/.local/lib/python3.7/site-packages/airflow/example_dags/example_sla_dag.py for tasks to queue
[2023-04-30T17:52:59.695+0000] {logging_mixin.py:120} INFO - [2023-04-30T17:52:59.695+0000] {dagbag.py:537} INFO - Filling up the DagBag from /home/airflow/.local/lib/python3.7/site-packages/airflow/example_dags/example_sla_dag.py
[2023-04-30T17:52:59.715+0000] {processor.py:766} INFO - DAG(s) dict_keys(['example_sla_dag']) retrieved from /home/airflow/.local/lib/python3.7/site-packages/airflow/example_dags/example_sla_dag.py
[2023-04-30T17:52:59.754+0000] {logging_mixin.py:120} INFO - [2023-04-30T17:52:59.754+0000] {dag.py:2585} INFO - Sync 1 DAGs
[2023-04-30T17:52:59.781+0000] {logging_mixin.py:120} INFO - [2023-04-30T17:52:59.781+0000] {dag.py:3340} INFO - Setting next_dagrun for example_sla_dag to 2023-04-30T17:50:00+00:00, run_after=2023-04-30T17:52:00+00:00
[2023-04-30T17:52:59.804+0000] {processor.py:176} INFO - Processing /home/airflow/.local/lib/python3.7/site-packages/airflow/example_dags/example_sla_dag.py took 0.112 seconds
[2023-04-30T17:53:30.278+0000] {processor.py:154} INFO - Started process (PID=604) to work on /home/airflow/.local/lib/python3.7/site-packages/airflow/example_dags/example_sla_dag.py
[2023-04-30T17:53:30.279+0000] {processor.py:756} INFO - Processing file /home/airflow/.local/lib/python3.7/site-packages/airflow/example_dags/example_sla_dag.py for tasks to queue
[2023-04-30T17:53:30.280+0000] {logging_mixin.py:120} INFO - [2023-04-30T17:53:30.280+0000] {dagbag.py:537} INFO - Filling up the DagBag from /home/airflow/.local/lib/python3.7/site-packages/airflow/example_dags/example_sla_dag.py
[2023-04-30T17:53:30.298+0000] {processor.py:766} INFO - DAG(s) dict_keys(['example_sla_dag']) retrieved from /home/airflow/.local/lib/python3.7/site-packages/airflow/example_dags/example_sla_dag.py
[2023-04-30T17:53:30.333+0000] {logging_mixin.py:120} INFO - [2023-04-30T17:53:30.332+0000] {dag.py:2585} INFO - Sync 1 DAGs
[2023-04-30T17:53:30.360+0000] {logging_mixin.py:120} INFO - [2023-04-30T17:53:30.360+0000] {dag.py:3340} INFO - Setting next_dagrun for example_sla_dag to 2023-04-30T17:50:00+00:00, run_after=2023-04-30T17:52:00+00:00
[2023-04-30T17:53:30.382+0000] {processor.py:176} INFO - Processing /home/airflow/.local/lib/python3.7/site-packages/airflow/example_dags/example_sla_dag.py took 0.106 seconds
[2023-04-30T17:54:00.909+0000] {processor.py:154} INFO - Started process (PID=667) to work on /home/airflow/.local/lib/python3.7/site-packages/airflow/example_dags/example_sla_dag.py
[2023-04-30T17:54:00.910+0000] {processor.py:756} INFO - Processing file /home/airflow/.local/lib/python3.7/site-packages/airflow/example_dags/example_sla_dag.py for tasks to queue
[2023-04-30T17:54:00.911+0000] {logging_mixin.py:120} INFO - [2023-04-30T17:54:00.911+0000] {dagbag.py:537} INFO - Filling up the DagBag from /home/airflow/.local/lib/python3.7/site-packages/airflow/example_dags/example_sla_dag.py
[2023-04-30T17:54:00.934+0000] {processor.py:766} INFO - DAG(s) dict_keys(['example_sla_dag']) retrieved from /home/airflow/.local/lib/python3.7/site-packages/airflow/example_dags/example_sla_dag.py
[2023-04-30T17:54:00.971+0000] {logging_mixin.py:120} INFO - [2023-04-30T17:54:00.971+0000] {dag.py:2585} INFO - Sync 1 DAGs
[2023-04-30T17:54:00.998+0000] {logging_mixin.py:120} INFO - [2023-04-30T17:54:00.998+0000] {dag.py:3340} INFO - Setting next_dagrun for example_sla_dag to 2023-04-30T17:52:00+00:00, run_after=2023-04-30T17:54:00+00:00
[2023-04-30T17:54:01.019+0000] {processor.py:176} INFO - Processing /home/airflow/.local/lib/python3.7/site-packages/airflow/example_dags/example_sla_dag.py took 0.113 seconds
[2023-04-30T17:54:31.502+0000] {processor.py:154} INFO - Started process (PID=728) to work on /home/airflow/.local/lib/python3.7/site-packages/airflow/example_dags/example_sla_dag.py
[2023-04-30T17:54:31.503+0000] {processor.py:756} INFO - Processing file /home/airflow/.local/lib/python3.7/site-packages/airflow/example_dags/example_sla_dag.py for tasks to queue
[2023-04-30T17:54:31.503+0000] {logging_mixin.py:120} INFO - [2023-04-30T17:54:31.503+0000] {dagbag.py:537} INFO - Filling up the DagBag from /home/airflow/.local/lib/python3.7/site-packages/airflow/example_dags/example_sla_dag.py
[2023-04-30T17:54:31.525+0000] {processor.py:766} INFO - DAG(s) dict_keys(['example_sla_dag']) retrieved from /home/airflow/.local/lib/python3.7/site-packages/airflow/example_dags/example_sla_dag.py
[2023-04-30T17:54:31.575+0000] {logging_mixin.py:120} INFO - [2023-04-30T17:54:31.575+0000] {dag.py:2585} INFO - Sync 1 DAGs
[2023-04-30T17:54:31.611+0000] {logging_mixin.py:120} INFO - [2023-04-30T17:54:31.611+0000] {dag.py:3340} INFO - Setting next_dagrun for example_sla_dag to 2023-04-30T17:52:00+00:00, run_after=2023-04-30T17:54:00+00:00
[2023-04-30T17:54:31.634+0000] {processor.py:176} INFO - Processing /home/airflow/.local/lib/python3.7/site-packages/airflow/example_dags/example_sla_dag.py took 0.135 seconds
[2023-04-30T17:55:02.164+0000] {processor.py:154} INFO - Started process (PID=784) to work on /home/airflow/.local/lib/python3.7/site-packages/airflow/example_dags/example_sla_dag.py
[2023-04-30T17:55:02.165+0000] {processor.py:756} INFO - Processing file /home/airflow/.local/lib/python3.7/site-packages/airflow/example_dags/example_sla_dag.py for tasks to queue
[2023-04-30T17:55:02.166+0000] {logging_mixin.py:120} INFO - [2023-04-30T17:55:02.166+0000] {dagbag.py:537} INFO - Filling up the DagBag from /home/airflow/.local/lib/python3.7/site-packages/airflow/example_dags/example_sla_dag.py
[2023-04-30T17:55:02.184+0000] {processor.py:766} INFO - DAG(s) dict_keys(['example_sla_dag']) retrieved from /home/airflow/.local/lib/python3.7/site-packages/airflow/example_dags/example_sla_dag.py
[2023-04-30T17:55:02.218+0000] {logging_mixin.py:120} INFO - [2023-04-30T17:55:02.218+0000] {dag.py:2585} INFO - Sync 1 DAGs
[2023-04-30T17:55:02.247+0000] {logging_mixin.py:120} INFO - [2023-04-30T17:55:02.246+0000] {dag.py:3340} INFO - Setting next_dagrun for example_sla_dag to 2023-04-30T17:52:00+00:00, run_after=2023-04-30T17:54:00+00:00
[2023-04-30T17:55:02.273+0000] {processor.py:176} INFO - Processing /home/airflow/.local/lib/python3.7/site-packages/airflow/example_dags/example_sla_dag.py took 0.111 seconds
[2023-04-30T17:55:32.959+0000] {processor.py:154} INFO - Started process (PID=848) to work on /home/airflow/.local/lib/python3.7/site-packages/airflow/example_dags/example_sla_dag.py
[2023-04-30T17:55:32.960+0000] {processor.py:756} INFO - Processing file /home/airflow/.local/lib/python3.7/site-packages/airflow/example_dags/example_sla_dag.py for tasks to queue
[2023-04-30T17:55:32.961+0000] {logging_mixin.py:120} INFO - [2023-04-30T17:55:32.960+0000] {dagbag.py:537} INFO - Filling up the DagBag from /home/airflow/.local/lib/python3.7/site-packages/airflow/example_dags/example_sla_dag.py
[2023-04-30T17:55:32.980+0000] {processor.py:766} INFO - DAG(s) dict_keys(['example_sla_dag']) retrieved from /home/airflow/.local/lib/python3.7/site-packages/airflow/example_dags/example_sla_dag.py
[2023-04-30T17:55:33.013+0000] {logging_mixin.py:120} INFO - [2023-04-30T17:55:33.013+0000] {dag.py:2585} INFO - Sync 1 DAGs
[2023-04-30T17:55:33.042+0000] {logging_mixin.py:120} INFO - [2023-04-30T17:55:33.042+0000] {dag.py:3340} INFO - Setting next_dagrun for example_sla_dag to 2023-04-30T17:52:00+00:00, run_after=2023-04-30T17:54:00+00:00
[2023-04-30T17:55:33.063+0000] {processor.py:176} INFO - Processing /home/airflow/.local/lib/python3.7/site-packages/airflow/example_dags/example_sla_dag.py took 0.105 seconds
[2023-04-30T17:56:03.533+0000] {processor.py:154} INFO - Started process (PID=911) to work on /home/airflow/.local/lib/python3.7/site-packages/airflow/example_dags/example_sla_dag.py
[2023-04-30T17:56:03.534+0000] {processor.py:756} INFO - Processing file /home/airflow/.local/lib/python3.7/site-packages/airflow/example_dags/example_sla_dag.py for tasks to queue
[2023-04-30T17:56:03.534+0000] {logging_mixin.py:120} INFO - [2023-04-30T17:56:03.534+0000] {dagbag.py:537} INFO - Filling up the DagBag from /home/airflow/.local/lib/python3.7/site-packages/airflow/example_dags/example_sla_dag.py
[2023-04-30T17:56:03.554+0000] {processor.py:766} INFO - DAG(s) dict_keys(['example_sla_dag']) retrieved from /home/airflow/.local/lib/python3.7/site-packages/airflow/example_dags/example_sla_dag.py
[2023-04-30T17:56:03.597+0000] {logging_mixin.py:120} INFO - [2023-04-30T17:56:03.597+0000] {dag.py:2585} INFO - Sync 1 DAGs
[2023-04-30T17:56:03.627+0000] {logging_mixin.py:120} INFO - [2023-04-30T17:56:03.627+0000] {dag.py:3340} INFO - Setting next_dagrun for example_sla_dag to 2023-04-30T17:54:00+00:00, run_after=2023-04-30T17:56:00+00:00
[2023-04-30T17:56:03.652+0000] {processor.py:176} INFO - Processing /home/airflow/.local/lib/python3.7/site-packages/airflow/example_dags/example_sla_dag.py took 0.121 seconds
[2023-04-30T17:56:34.062+0000] {processor.py:154} INFO - Started process (PID=966) to work on /home/airflow/.local/lib/python3.7/site-packages/airflow/example_dags/example_sla_dag.py
[2023-04-30T17:56:34.063+0000] {processor.py:756} INFO - Processing file /home/airflow/.local/lib/python3.7/site-packages/airflow/example_dags/example_sla_dag.py for tasks to queue
[2023-04-30T17:56:34.063+0000] {logging_mixin.py:120} INFO - [2023-04-30T17:56:34.063+0000] {dagbag.py:537} INFO - Filling up the DagBag from /home/airflow/.local/lib/python3.7/site-packages/airflow/example_dags/example_sla_dag.py
[2023-04-30T17:56:34.081+0000] {processor.py:766} INFO - DAG(s) dict_keys(['example_sla_dag']) retrieved from /home/airflow/.local/lib/python3.7/site-packages/airflow/example_dags/example_sla_dag.py
[2023-04-30T17:56:34.116+0000] {logging_mixin.py:120} INFO - [2023-04-30T17:56:34.115+0000] {dag.py:2585} INFO - Sync 1 DAGs
[2023-04-30T17:56:34.146+0000] {logging_mixin.py:120} INFO - [2023-04-30T17:56:34.146+0000] {dag.py:3340} INFO - Setting next_dagrun for example_sla_dag to 2023-04-30T17:54:00+00:00, run_after=2023-04-30T17:56:00+00:00
[2023-04-30T17:56:34.168+0000] {processor.py:176} INFO - Processing /home/airflow/.local/lib/python3.7/site-packages/airflow/example_dags/example_sla_dag.py took 0.108 seconds
[2023-04-30T17:57:04.701+0000] {processor.py:154} INFO - Started process (PID=1030) to work on /home/airflow/.local/lib/python3.7/site-packages/airflow/example_dags/example_sla_dag.py
[2023-04-30T17:57:04.702+0000] {processor.py:756} INFO - Processing file /home/airflow/.local/lib/python3.7/site-packages/airflow/example_dags/example_sla_dag.py for tasks to queue
[2023-04-30T17:57:04.702+0000] {logging_mixin.py:120} INFO - [2023-04-30T17:57:04.702+0000] {dagbag.py:537} INFO - Filling up the DagBag from /home/airflow/.local/lib/python3.7/site-packages/airflow/example_dags/example_sla_dag.py
[2023-04-30T17:57:04.721+0000] {processor.py:766} INFO - DAG(s) dict_keys(['example_sla_dag']) retrieved from /home/airflow/.local/lib/python3.7/site-packages/airflow/example_dags/example_sla_dag.py
[2023-04-30T17:57:04.755+0000] {logging_mixin.py:120} INFO - [2023-04-30T17:57:04.755+0000] {dag.py:2585} INFO - Sync 1 DAGs
[2023-04-30T17:57:04.783+0000] {logging_mixin.py:120} INFO - [2023-04-30T17:57:04.783+0000] {dag.py:3340} INFO - Setting next_dagrun for example_sla_dag to 2023-04-30T17:54:00+00:00, run_after=2023-04-30T17:56:00+00:00
[2023-04-30T17:57:04.808+0000] {processor.py:176} INFO - Processing /home/airflow/.local/lib/python3.7/site-packages/airflow/example_dags/example_sla_dag.py took 0.109 seconds
[2023-04-30T17:57:35.321+0000] {processor.py:154} INFO - Started process (PID=1093) to work on /home/airflow/.local/lib/python3.7/site-packages/airflow/example_dags/example_sla_dag.py
[2023-04-30T17:57:35.321+0000] {processor.py:756} INFO - Processing file /home/airflow/.local/lib/python3.7/site-packages/airflow/example_dags/example_sla_dag.py for tasks to queue
[2023-04-30T17:57:35.322+0000] {logging_mixin.py:120} INFO - [2023-04-30T17:57:35.322+0000] {dagbag.py:537} INFO - Filling up the DagBag from /home/airflow/.local/lib/python3.7/site-packages/airflow/example_dags/example_sla_dag.py
[2023-04-30T17:57:35.340+0000] {processor.py:766} INFO - DAG(s) dict_keys(['example_sla_dag']) retrieved from /home/airflow/.local/lib/python3.7/site-packages/airflow/example_dags/example_sla_dag.py
[2023-04-30T17:57:35.375+0000] {logging_mixin.py:120} INFO - [2023-04-30T17:57:35.375+0000] {dag.py:2585} INFO - Sync 1 DAGs
[2023-04-30T17:57:35.406+0000] {logging_mixin.py:120} INFO - [2023-04-30T17:57:35.406+0000] {dag.py:3340} INFO - Setting next_dagrun for example_sla_dag to 2023-04-30T17:54:00+00:00, run_after=2023-04-30T17:56:00+00:00
[2023-04-30T17:57:35.427+0000] {processor.py:176} INFO - Processing /home/airflow/.local/lib/python3.7/site-packages/airflow/example_dags/example_sla_dag.py took 0.108 seconds
[2023-04-30T17:58:06.032+0000] {processor.py:154} INFO - Started process (PID=1154) to work on /home/airflow/.local/lib/python3.7/site-packages/airflow/example_dags/example_sla_dag.py
[2023-04-30T17:58:06.033+0000] {processor.py:756} INFO - Processing file /home/airflow/.local/lib/python3.7/site-packages/airflow/example_dags/example_sla_dag.py for tasks to queue
[2023-04-30T17:58:06.033+0000] {logging_mixin.py:120} INFO - [2023-04-30T17:58:06.033+0000] {dagbag.py:537} INFO - Filling up the DagBag from /home/airflow/.local/lib/python3.7/site-packages/airflow/example_dags/example_sla_dag.py
[2023-04-30T17:58:06.053+0000] {processor.py:766} INFO - DAG(s) dict_keys(['example_sla_dag']) retrieved from /home/airflow/.local/lib/python3.7/site-packages/airflow/example_dags/example_sla_dag.py
[2023-04-30T17:58:06.089+0000] {logging_mixin.py:120} INFO - [2023-04-30T17:58:06.089+0000] {dag.py:2585} INFO - Sync 1 DAGs
[2023-04-30T17:58:06.117+0000] {logging_mixin.py:120} INFO - [2023-04-30T17:58:06.116+0000] {dag.py:3340} INFO - Setting next_dagrun for example_sla_dag to 2023-04-30T17:56:00+00:00, run_after=2023-04-30T17:58:00+00:00
[2023-04-30T17:58:06.139+0000] {processor.py:176} INFO - Processing /home/airflow/.local/lib/python3.7/site-packages/airflow/example_dags/example_sla_dag.py took 0.110 seconds
[2023-04-30T17:58:36.596+0000] {processor.py:154} INFO - Started process (PID=1217) to work on /home/airflow/.local/lib/python3.7/site-packages/airflow/example_dags/example_sla_dag.py
[2023-04-30T17:58:36.597+0000] {processor.py:756} INFO - Processing file /home/airflow/.local/lib/python3.7/site-packages/airflow/example_dags/example_sla_dag.py for tasks to queue
[2023-04-30T17:58:36.597+0000] {logging_mixin.py:120} INFO - [2023-04-30T17:58:36.597+0000] {dagbag.py:537} INFO - Filling up the DagBag from /home/airflow/.local/lib/python3.7/site-packages/airflow/example_dags/example_sla_dag.py
[2023-04-30T17:58:36.616+0000] {processor.py:766} INFO - DAG(s) dict_keys(['example_sla_dag']) retrieved from /home/airflow/.local/lib/python3.7/site-packages/airflow/example_dags/example_sla_dag.py
[2023-04-30T17:58:36.651+0000] {logging_mixin.py:120} INFO - [2023-04-30T17:58:36.651+0000] {dag.py:2585} INFO - Sync 1 DAGs
[2023-04-30T17:58:36.684+0000] {logging_mixin.py:120} INFO - [2023-04-30T17:58:36.684+0000] {dag.py:3340} INFO - Setting next_dagrun for example_sla_dag to 2023-04-30T17:56:00+00:00, run_after=2023-04-30T17:58:00+00:00
[2023-04-30T17:58:36.712+0000] {processor.py:176} INFO - Processing /home/airflow/.local/lib/python3.7/site-packages/airflow/example_dags/example_sla_dag.py took 0.118 seconds
[2023-04-30T17:59:07.485+0000] {processor.py:154} INFO - Started process (PID=1280) to work on /home/airflow/.local/lib/python3.7/site-packages/airflow/example_dags/example_sla_dag.py
[2023-04-30T17:59:07.486+0000] {processor.py:756} INFO - Processing file /home/airflow/.local/lib/python3.7/site-packages/airflow/example_dags/example_sla_dag.py for tasks to queue
[2023-04-30T17:59:07.487+0000] {logging_mixin.py:120} INFO - [2023-04-30T17:59:07.487+0000] {dagbag.py:537} INFO - Filling up the DagBag from /home/airflow/.local/lib/python3.7/site-packages/airflow/example_dags/example_sla_dag.py
[2023-04-30T17:59:07.506+0000] {processor.py:766} INFO - DAG(s) dict_keys(['example_sla_dag']) retrieved from /home/airflow/.local/lib/python3.7/site-packages/airflow/example_dags/example_sla_dag.py
[2023-04-30T17:59:07.540+0000] {logging_mixin.py:120} INFO - [2023-04-30T17:59:07.540+0000] {dag.py:2585} INFO - Sync 1 DAGs
[2023-04-30T17:59:07.567+0000] {logging_mixin.py:120} INFO - [2023-04-30T17:59:07.567+0000] {dag.py:3340} INFO - Setting next_dagrun for example_sla_dag to 2023-04-30T17:56:00+00:00, run_after=2023-04-30T17:58:00+00:00
[2023-04-30T17:59:07.590+0000] {processor.py:176} INFO - Processing /home/airflow/.local/lib/python3.7/site-packages/airflow/example_dags/example_sla_dag.py took 0.107 seconds
[2023-04-30T17:59:38.197+0000] {processor.py:154} INFO - Started process (PID=1334) to work on /home/airflow/.local/lib/python3.7/site-packages/airflow/example_dags/example_sla_dag.py
[2023-04-30T17:59:38.199+0000] {processor.py:756} INFO - Processing file /home/airflow/.local/lib/python3.7/site-packages/airflow/example_dags/example_sla_dag.py for tasks to queue
[2023-04-30T17:59:38.199+0000] {logging_mixin.py:120} INFO - [2023-04-30T17:59:38.199+0000] {dagbag.py:537} INFO - Filling up the DagBag from /home/airflow/.local/lib/python3.7/site-packages/airflow/example_dags/example_sla_dag.py
[2023-04-30T17:59:38.224+0000] {processor.py:766} INFO - DAG(s) dict_keys(['example_sla_dag']) retrieved from /home/airflow/.local/lib/python3.7/site-packages/airflow/example_dags/example_sla_dag.py
[2023-04-30T17:59:38.269+0000] {logging_mixin.py:120} INFO - [2023-04-30T17:59:38.269+0000] {dag.py:2585} INFO - Sync 1 DAGs
[2023-04-30T17:59:38.304+0000] {logging_mixin.py:120} INFO - [2023-04-30T17:59:38.304+0000] {dag.py:3340} INFO - Setting next_dagrun for example_sla_dag to 2023-04-30T17:56:00+00:00, run_after=2023-04-30T17:58:00+00:00
[2023-04-30T17:59:38.328+0000] {processor.py:176} INFO - Processing /home/airflow/.local/lib/python3.7/site-packages/airflow/example_dags/example_sla_dag.py took 0.133 seconds
[2023-04-30T18:00:08.813+0000] {processor.py:154} INFO - Started process (PID=1398) to work on /home/airflow/.local/lib/python3.7/site-packages/airflow/example_dags/example_sla_dag.py
[2023-04-30T18:00:08.814+0000] {processor.py:756} INFO - Processing file /home/airflow/.local/lib/python3.7/site-packages/airflow/example_dags/example_sla_dag.py for tasks to queue
[2023-04-30T18:00:08.815+0000] {logging_mixin.py:120} INFO - [2023-04-30T18:00:08.815+0000] {dagbag.py:537} INFO - Filling up the DagBag from /home/airflow/.local/lib/python3.7/site-packages/airflow/example_dags/example_sla_dag.py
[2023-04-30T18:00:08.832+0000] {processor.py:766} INFO - DAG(s) dict_keys(['example_sla_dag']) retrieved from /home/airflow/.local/lib/python3.7/site-packages/airflow/example_dags/example_sla_dag.py
[2023-04-30T18:00:08.872+0000] {logging_mixin.py:120} INFO - [2023-04-30T18:00:08.872+0000] {dag.py:2585} INFO - Sync 1 DAGs
[2023-04-30T18:00:08.901+0000] {logging_mixin.py:120} INFO - [2023-04-30T18:00:08.901+0000] {dag.py:3340} INFO - Setting next_dagrun for example_sla_dag to 2023-04-30T17:58:00+00:00, run_after=2023-04-30T18:00:00+00:00
[2023-04-30T18:00:08.923+0000] {processor.py:176} INFO - Processing /home/airflow/.local/lib/python3.7/site-packages/airflow/example_dags/example_sla_dag.py took 0.112 seconds
[2023-04-30T18:00:39.532+0000] {processor.py:154} INFO - Started process (PID=1462) to work on /home/airflow/.local/lib/python3.7/site-packages/airflow/example_dags/example_sla_dag.py
[2023-04-30T18:00:39.533+0000] {processor.py:756} INFO - Processing file /home/airflow/.local/lib/python3.7/site-packages/airflow/example_dags/example_sla_dag.py for tasks to queue
[2023-04-30T18:00:39.534+0000] {logging_mixin.py:120} INFO - [2023-04-30T18:00:39.534+0000] {dagbag.py:537} INFO - Filling up the DagBag from /home/airflow/.local/lib/python3.7/site-packages/airflow/example_dags/example_sla_dag.py
[2023-04-30T18:00:39.550+0000] {processor.py:766} INFO - DAG(s) dict_keys(['example_sla_dag']) retrieved from /home/airflow/.local/lib/python3.7/site-packages/airflow/example_dags/example_sla_dag.py
[2023-04-30T18:00:39.586+0000] {logging_mixin.py:120} INFO - [2023-04-30T18:00:39.586+0000] {dag.py:2585} INFO - Sync 1 DAGs
[2023-04-30T18:00:39.614+0000] {logging_mixin.py:120} INFO - [2023-04-30T18:00:39.614+0000] {dag.py:3340} INFO - Setting next_dagrun for example_sla_dag to 2023-04-30T17:58:00+00:00, run_after=2023-04-30T18:00:00+00:00
[2023-04-30T18:00:39.638+0000] {processor.py:176} INFO - Processing /home/airflow/.local/lib/python3.7/site-packages/airflow/example_dags/example_sla_dag.py took 0.107 seconds
[2023-04-30T18:01:10.450+0000] {processor.py:154} INFO - Started process (PID=1525) to work on /home/airflow/.local/lib/python3.7/site-packages/airflow/example_dags/example_sla_dag.py
[2023-04-30T18:01:10.451+0000] {processor.py:756} INFO - Processing file /home/airflow/.local/lib/python3.7/site-packages/airflow/example_dags/example_sla_dag.py for tasks to queue
[2023-04-30T18:01:10.452+0000] {logging_mixin.py:120} INFO - [2023-04-30T18:01:10.452+0000] {dagbag.py:537} INFO - Filling up the DagBag from /home/airflow/.local/lib/python3.7/site-packages/airflow/example_dags/example_sla_dag.py
[2023-04-30T18:01:10.479+0000] {processor.py:766} INFO - DAG(s) dict_keys(['example_sla_dag']) retrieved from /home/airflow/.local/lib/python3.7/site-packages/airflow/example_dags/example_sla_dag.py
[2023-04-30T18:01:10.518+0000] {logging_mixin.py:120} INFO - [2023-04-30T18:01:10.518+0000] {dag.py:2585} INFO - Sync 1 DAGs
[2023-04-30T18:01:10.546+0000] {logging_mixin.py:120} INFO - [2023-04-30T18:01:10.546+0000] {dag.py:3340} INFO - Setting next_dagrun for example_sla_dag to 2023-04-30T17:58:00+00:00, run_after=2023-04-30T18:00:00+00:00
[2023-04-30T18:01:10.573+0000] {processor.py:176} INFO - Processing /home/airflow/.local/lib/python3.7/site-packages/airflow/example_dags/example_sla_dag.py took 0.127 seconds
[2023-04-30T18:01:41.062+0000] {processor.py:154} INFO - Started process (PID=1579) to work on /home/airflow/.local/lib/python3.7/site-packages/airflow/example_dags/example_sla_dag.py
[2023-04-30T18:01:41.063+0000] {processor.py:756} INFO - Processing file /home/airflow/.local/lib/python3.7/site-packages/airflow/example_dags/example_sla_dag.py for tasks to queue
[2023-04-30T18:01:41.064+0000] {logging_mixin.py:120} INFO - [2023-04-30T18:01:41.064+0000] {dagbag.py:537} INFO - Filling up the DagBag from /home/airflow/.local/lib/python3.7/site-packages/airflow/example_dags/example_sla_dag.py
[2023-04-30T18:01:41.083+0000] {processor.py:766} INFO - DAG(s) dict_keys(['example_sla_dag']) retrieved from /home/airflow/.local/lib/python3.7/site-packages/airflow/example_dags/example_sla_dag.py
[2023-04-30T18:01:41.121+0000] {logging_mixin.py:120} INFO - [2023-04-30T18:01:41.120+0000] {dag.py:2585} INFO - Sync 1 DAGs
[2023-04-30T18:01:41.149+0000] {logging_mixin.py:120} INFO - [2023-04-30T18:01:41.149+0000] {dag.py:3340} INFO - Setting next_dagrun for example_sla_dag to 2023-04-30T17:58:00+00:00, run_after=2023-04-30T18:00:00+00:00
[2023-04-30T18:01:41.173+0000] {processor.py:176} INFO - Processing /home/airflow/.local/lib/python3.7/site-packages/airflow/example_dags/example_sla_dag.py took 0.114 seconds
[2023-04-30T18:02:11.538+0000] {processor.py:154} INFO - Started process (PID=1642) to work on /home/airflow/.local/lib/python3.7/site-packages/airflow/example_dags/example_sla_dag.py
[2023-04-30T18:02:11.539+0000] {processor.py:756} INFO - Processing file /home/airflow/.local/lib/python3.7/site-packages/airflow/example_dags/example_sla_dag.py for tasks to queue
[2023-04-30T18:02:11.540+0000] {logging_mixin.py:120} INFO - [2023-04-30T18:02:11.540+0000] {dagbag.py:537} INFO - Filling up the DagBag from /home/airflow/.local/lib/python3.7/site-packages/airflow/example_dags/example_sla_dag.py
[2023-04-30T18:02:11.558+0000] {processor.py:766} INFO - DAG(s) dict_keys(['example_sla_dag']) retrieved from /home/airflow/.local/lib/python3.7/site-packages/airflow/example_dags/example_sla_dag.py
[2023-04-30T18:02:11.596+0000] {logging_mixin.py:120} INFO - [2023-04-30T18:02:11.596+0000] {dag.py:2585} INFO - Sync 1 DAGs
[2023-04-30T18:02:11.625+0000] {logging_mixin.py:120} INFO - [2023-04-30T18:02:11.625+0000] {dag.py:3340} INFO - Setting next_dagrun for example_sla_dag to 2023-04-30T18:00:00+00:00, run_after=2023-04-30T18:02:00+00:00
[2023-04-30T18:02:11.648+0000] {processor.py:176} INFO - Processing /home/airflow/.local/lib/python3.7/site-packages/airflow/example_dags/example_sla_dag.py took 0.112 seconds
[2023-04-30T18:02:42.011+0000] {processor.py:154} INFO - Started process (PID=1705) to work on /home/airflow/.local/lib/python3.7/site-packages/airflow/example_dags/example_sla_dag.py
[2023-04-30T18:02:42.013+0000] {processor.py:756} INFO - Processing file /home/airflow/.local/lib/python3.7/site-packages/airflow/example_dags/example_sla_dag.py for tasks to queue
[2023-04-30T18:02:42.014+0000] {logging_mixin.py:120} INFO - [2023-04-30T18:02:42.014+0000] {dagbag.py:537} INFO - Filling up the DagBag from /home/airflow/.local/lib/python3.7/site-packages/airflow/example_dags/example_sla_dag.py
[2023-04-30T18:02:42.036+0000] {processor.py:766} INFO - DAG(s) dict_keys(['example_sla_dag']) retrieved from /home/airflow/.local/lib/python3.7/site-packages/airflow/example_dags/example_sla_dag.py
[2023-04-30T18:02:42.076+0000] {logging_mixin.py:120} INFO - [2023-04-30T18:02:42.076+0000] {dag.py:2585} INFO - Sync 1 DAGs
[2023-04-30T18:02:42.104+0000] {logging_mixin.py:120} INFO - [2023-04-30T18:02:42.104+0000] {dag.py:3340} INFO - Setting next_dagrun for example_sla_dag to 2023-04-30T18:00:00+00:00, run_after=2023-04-30T18:02:00+00:00
[2023-04-30T18:02:42.126+0000] {processor.py:176} INFO - Processing /home/airflow/.local/lib/python3.7/site-packages/airflow/example_dags/example_sla_dag.py took 0.117 seconds
[2023-04-30T18:03:12.502+0000] {processor.py:154} INFO - Started process (PID=1759) to work on /home/airflow/.local/lib/python3.7/site-packages/airflow/example_dags/example_sla_dag.py
[2023-04-30T18:03:12.503+0000] {processor.py:756} INFO - Processing file /home/airflow/.local/lib/python3.7/site-packages/airflow/example_dags/example_sla_dag.py for tasks to queue
[2023-04-30T18:03:12.504+0000] {logging_mixin.py:120} INFO - [2023-04-30T18:03:12.504+0000] {dagbag.py:537} INFO - Filling up the DagBag from /home/airflow/.local/lib/python3.7/site-packages/airflow/example_dags/example_sla_dag.py
[2023-04-30T18:03:12.521+0000] {processor.py:766} INFO - DAG(s) dict_keys(['example_sla_dag']) retrieved from /home/airflow/.local/lib/python3.7/site-packages/airflow/example_dags/example_sla_dag.py
[2023-04-30T18:03:12.559+0000] {logging_mixin.py:120} INFO - [2023-04-30T18:03:12.559+0000] {dag.py:2585} INFO - Sync 1 DAGs
[2023-04-30T18:03:12.588+0000] {logging_mixin.py:120} INFO - [2023-04-30T18:03:12.588+0000] {dag.py:3340} INFO - Setting next_dagrun for example_sla_dag to 2023-04-30T18:00:00+00:00, run_after=2023-04-30T18:02:00+00:00
[2023-04-30T18:03:12.613+0000] {processor.py:176} INFO - Processing /home/airflow/.local/lib/python3.7/site-packages/airflow/example_dags/example_sla_dag.py took 0.112 seconds
[2023-04-30T18:03:43.123+0000] {processor.py:154} INFO - Started process (PID=1823) to work on /home/airflow/.local/lib/python3.7/site-packages/airflow/example_dags/example_sla_dag.py
[2023-04-30T18:03:43.124+0000] {processor.py:756} INFO - Processing file /home/airflow/.local/lib/python3.7/site-packages/airflow/example_dags/example_sla_dag.py for tasks to queue
[2023-04-30T18:03:43.124+0000] {logging_mixin.py:120} INFO - [2023-04-30T18:03:43.124+0000] {dagbag.py:537} INFO - Filling up the DagBag from /home/airflow/.local/lib/python3.7/site-packages/airflow/example_dags/example_sla_dag.py
[2023-04-30T18:03:43.144+0000] {processor.py:766} INFO - DAG(s) dict_keys(['example_sla_dag']) retrieved from /home/airflow/.local/lib/python3.7/site-packages/airflow/example_dags/example_sla_dag.py
[2023-04-30T18:03:43.179+0000] {logging_mixin.py:120} INFO - [2023-04-30T18:03:43.179+0000] {dag.py:2585} INFO - Sync 1 DAGs
[2023-04-30T18:03:43.207+0000] {logging_mixin.py:120} INFO - [2023-04-30T18:03:43.207+0000] {dag.py:3340} INFO - Setting next_dagrun for example_sla_dag to 2023-04-30T18:00:00+00:00, run_after=2023-04-30T18:02:00+00:00
[2023-04-30T18:03:43.230+0000] {processor.py:176} INFO - Processing /home/airflow/.local/lib/python3.7/site-packages/airflow/example_dags/example_sla_dag.py took 0.109 seconds
[2023-04-30T18:04:13.633+0000] {processor.py:154} INFO - Started process (PID=1886) to work on /home/airflow/.local/lib/python3.7/site-packages/airflow/example_dags/example_sla_dag.py
[2023-04-30T18:04:13.634+0000] {processor.py:756} INFO - Processing file /home/airflow/.local/lib/python3.7/site-packages/airflow/example_dags/example_sla_dag.py for tasks to queue
[2023-04-30T18:04:13.635+0000] {logging_mixin.py:120} INFO - [2023-04-30T18:04:13.635+0000] {dagbag.py:537} INFO - Filling up the DagBag from /home/airflow/.local/lib/python3.7/site-packages/airflow/example_dags/example_sla_dag.py
[2023-04-30T18:04:13.653+0000] {processor.py:766} INFO - DAG(s) dict_keys(['example_sla_dag']) retrieved from /home/airflow/.local/lib/python3.7/site-packages/airflow/example_dags/example_sla_dag.py
[2023-04-30T18:04:13.689+0000] {logging_mixin.py:120} INFO - [2023-04-30T18:04:13.688+0000] {dag.py:2585} INFO - Sync 1 DAGs
[2023-04-30T18:04:13.716+0000] {logging_mixin.py:120} INFO - [2023-04-30T18:04:13.715+0000] {dag.py:3340} INFO - Setting next_dagrun for example_sla_dag to 2023-04-30T18:02:00+00:00, run_after=2023-04-30T18:04:00+00:00
[2023-04-30T18:04:13.736+0000] {processor.py:176} INFO - Processing /home/airflow/.local/lib/python3.7/site-packages/airflow/example_dags/example_sla_dag.py took 0.105 seconds
[2023-04-30T18:04:44.223+0000] {processor.py:154} INFO - Started process (PID=1941) to work on /home/airflow/.local/lib/python3.7/site-packages/airflow/example_dags/example_sla_dag.py
[2023-04-30T18:04:44.223+0000] {processor.py:756} INFO - Processing file /home/airflow/.local/lib/python3.7/site-packages/airflow/example_dags/example_sla_dag.py for tasks to queue
[2023-04-30T18:04:44.224+0000] {logging_mixin.py:120} INFO - [2023-04-30T18:04:44.224+0000] {dagbag.py:537} INFO - Filling up the DagBag from /home/airflow/.local/lib/python3.7/site-packages/airflow/example_dags/example_sla_dag.py
[2023-04-30T18:04:44.252+0000] {processor.py:766} INFO - DAG(s) dict_keys(['example_sla_dag']) retrieved from /home/airflow/.local/lib/python3.7/site-packages/airflow/example_dags/example_sla_dag.py
[2023-04-30T18:04:44.315+0000] {logging_mixin.py:120} INFO - [2023-04-30T18:04:44.314+0000] {dag.py:2585} INFO - Sync 1 DAGs
[2023-04-30T18:04:44.346+0000] {logging_mixin.py:120} INFO - [2023-04-30T18:04:44.346+0000] {dag.py:3340} INFO - Setting next_dagrun for example_sla_dag to 2023-04-30T18:02:00+00:00, run_after=2023-04-30T18:04:00+00:00
[2023-04-30T18:04:44.368+0000] {processor.py:176} INFO - Processing /home/airflow/.local/lib/python3.7/site-packages/airflow/example_dags/example_sla_dag.py took 0.148 seconds
[2023-04-30T18:05:14.863+0000] {processor.py:154} INFO - Started process (PID=2004) to work on /home/airflow/.local/lib/python3.7/site-packages/airflow/example_dags/example_sla_dag.py
[2023-04-30T18:05:14.864+0000] {processor.py:756} INFO - Processing file /home/airflow/.local/lib/python3.7/site-packages/airflow/example_dags/example_sla_dag.py for tasks to queue
[2023-04-30T18:05:14.865+0000] {logging_mixin.py:120} INFO - [2023-04-30T18:05:14.865+0000] {dagbag.py:537} INFO - Filling up the DagBag from /home/airflow/.local/lib/python3.7/site-packages/airflow/example_dags/example_sla_dag.py
[2023-04-30T18:05:14.886+0000] {processor.py:766} INFO - DAG(s) dict_keys(['example_sla_dag']) retrieved from /home/airflow/.local/lib/python3.7/site-packages/airflow/example_dags/example_sla_dag.py
[2023-04-30T18:05:14.928+0000] {logging_mixin.py:120} INFO - [2023-04-30T18:05:14.928+0000] {dag.py:2585} INFO - Sync 1 DAGs
[2023-04-30T18:05:14.962+0000] {logging_mixin.py:120} INFO - [2023-04-30T18:05:14.962+0000] {dag.py:3340} INFO - Setting next_dagrun for example_sla_dag to 2023-04-30T18:02:00+00:00, run_after=2023-04-30T18:04:00+00:00
[2023-04-30T18:05:14.991+0000] {processor.py:176} INFO - Processing /home/airflow/.local/lib/python3.7/site-packages/airflow/example_dags/example_sla_dag.py took 0.130 seconds
[2023-04-30T18:05:45.443+0000] {processor.py:154} INFO - Started process (PID=2068) to work on /home/airflow/.local/lib/python3.7/site-packages/airflow/example_dags/example_sla_dag.py
[2023-04-30T18:05:45.444+0000] {processor.py:756} INFO - Processing file /home/airflow/.local/lib/python3.7/site-packages/airflow/example_dags/example_sla_dag.py for tasks to queue
[2023-04-30T18:05:45.445+0000] {logging_mixin.py:120} INFO - [2023-04-30T18:05:45.445+0000] {dagbag.py:537} INFO - Filling up the DagBag from /home/airflow/.local/lib/python3.7/site-packages/airflow/example_dags/example_sla_dag.py
[2023-04-30T18:05:45.463+0000] {processor.py:766} INFO - DAG(s) dict_keys(['example_sla_dag']) retrieved from /home/airflow/.local/lib/python3.7/site-packages/airflow/example_dags/example_sla_dag.py
[2023-04-30T18:05:45.500+0000] {logging_mixin.py:120} INFO - [2023-04-30T18:05:45.499+0000] {dag.py:2585} INFO - Sync 1 DAGs
[2023-04-30T18:05:45.529+0000] {logging_mixin.py:120} INFO - [2023-04-30T18:05:45.529+0000] {dag.py:3340} INFO - Setting next_dagrun for example_sla_dag to 2023-04-30T18:02:00+00:00, run_after=2023-04-30T18:04:00+00:00
[2023-04-30T18:05:45.552+0000] {processor.py:176} INFO - Processing /home/airflow/.local/lib/python3.7/site-packages/airflow/example_dags/example_sla_dag.py took 0.111 seconds
[2023-04-30T18:06:15.982+0000] {processor.py:154} INFO - Started process (PID=2122) to work on /home/airflow/.local/lib/python3.7/site-packages/airflow/example_dags/example_sla_dag.py
[2023-04-30T18:06:15.982+0000] {processor.py:756} INFO - Processing file /home/airflow/.local/lib/python3.7/site-packages/airflow/example_dags/example_sla_dag.py for tasks to queue
[2023-04-30T18:06:15.983+0000] {logging_mixin.py:120} INFO - [2023-04-30T18:06:15.983+0000] {dagbag.py:537} INFO - Filling up the DagBag from /home/airflow/.local/lib/python3.7/site-packages/airflow/example_dags/example_sla_dag.py
[2023-04-30T18:06:16.000+0000] {processor.py:766} INFO - DAG(s) dict_keys(['example_sla_dag']) retrieved from /home/airflow/.local/lib/python3.7/site-packages/airflow/example_dags/example_sla_dag.py
[2023-04-30T18:06:16.034+0000] {logging_mixin.py:120} INFO - [2023-04-30T18:06:16.034+0000] {dag.py:2585} INFO - Sync 1 DAGs
[2023-04-30T18:06:16.068+0000] {logging_mixin.py:120} INFO - [2023-04-30T18:06:16.068+0000] {dag.py:3340} INFO - Setting next_dagrun for example_sla_dag to 2023-04-30T18:04:00+00:00, run_after=2023-04-30T18:06:00+00:00
[2023-04-30T18:06:16.091+0000] {processor.py:176} INFO - Processing /home/airflow/.local/lib/python3.7/site-packages/airflow/example_dags/example_sla_dag.py took 0.111 seconds
[2023-04-30T18:06:46.526+0000] {processor.py:154} INFO - Started process (PID=2185) to work on /home/airflow/.local/lib/python3.7/site-packages/airflow/example_dags/example_sla_dag.py
[2023-04-30T18:06:46.527+0000] {processor.py:756} INFO - Processing file /home/airflow/.local/lib/python3.7/site-packages/airflow/example_dags/example_sla_dag.py for tasks to queue
[2023-04-30T18:06:46.528+0000] {logging_mixin.py:120} INFO - [2023-04-30T18:06:46.528+0000] {dagbag.py:537} INFO - Filling up the DagBag from /home/airflow/.local/lib/python3.7/site-packages/airflow/example_dags/example_sla_dag.py
[2023-04-30T18:06:46.546+0000] {processor.py:766} INFO - DAG(s) dict_keys(['example_sla_dag']) retrieved from /home/airflow/.local/lib/python3.7/site-packages/airflow/example_dags/example_sla_dag.py
[2023-04-30T18:06:46.582+0000] {logging_mixin.py:120} INFO - [2023-04-30T18:06:46.582+0000] {dag.py:2585} INFO - Sync 1 DAGs
[2023-04-30T18:06:46.612+0000] {logging_mixin.py:120} INFO - [2023-04-30T18:06:46.612+0000] {dag.py:3340} INFO - Setting next_dagrun for example_sla_dag to 2023-04-30T18:04:00+00:00, run_after=2023-04-30T18:06:00+00:00
[2023-04-30T18:06:46.634+0000] {processor.py:176} INFO - Processing /home/airflow/.local/lib/python3.7/site-packages/airflow/example_dags/example_sla_dag.py took 0.110 seconds
[2023-04-30T18:07:17.094+0000] {processor.py:154} INFO - Started process (PID=2248) to work on /home/airflow/.local/lib/python3.7/site-packages/airflow/example_dags/example_sla_dag.py
[2023-04-30T18:07:17.094+0000] {processor.py:756} INFO - Processing file /home/airflow/.local/lib/python3.7/site-packages/airflow/example_dags/example_sla_dag.py for tasks to queue
[2023-04-30T18:07:17.095+0000] {logging_mixin.py:120} INFO - [2023-04-30T18:07:17.095+0000] {dagbag.py:537} INFO - Filling up the DagBag from /home/airflow/.local/lib/python3.7/site-packages/airflow/example_dags/example_sla_dag.py
[2023-04-30T18:07:17.112+0000] {processor.py:766} INFO - DAG(s) dict_keys(['example_sla_dag']) retrieved from /home/airflow/.local/lib/python3.7/site-packages/airflow/example_dags/example_sla_dag.py
[2023-04-30T18:07:17.146+0000] {logging_mixin.py:120} INFO - [2023-04-30T18:07:17.146+0000] {dag.py:2585} INFO - Sync 1 DAGs
[2023-04-30T18:07:17.173+0000] {logging_mixin.py:120} INFO - [2023-04-30T18:07:17.173+0000] {dag.py:3340} INFO - Setting next_dagrun for example_sla_dag to 2023-04-30T18:04:00+00:00, run_after=2023-04-30T18:06:00+00:00
[2023-04-30T18:07:17.197+0000] {processor.py:176} INFO - Processing /home/airflow/.local/lib/python3.7/site-packages/airflow/example_dags/example_sla_dag.py took 0.106 seconds
[2023-04-30T18:07:47.592+0000] {processor.py:154} INFO - Started process (PID=2311) to work on /home/airflow/.local/lib/python3.7/site-packages/airflow/example_dags/example_sla_dag.py
[2023-04-30T18:07:47.593+0000] {processor.py:756} INFO - Processing file /home/airflow/.local/lib/python3.7/site-packages/airflow/example_dags/example_sla_dag.py for tasks to queue
[2023-04-30T18:07:47.594+0000] {logging_mixin.py:120} INFO - [2023-04-30T18:07:47.594+0000] {dagbag.py:537} INFO - Filling up the DagBag from /home/airflow/.local/lib/python3.7/site-packages/airflow/example_dags/example_sla_dag.py
[2023-04-30T18:07:47.614+0000] {processor.py:766} INFO - DAG(s) dict_keys(['example_sla_dag']) retrieved from /home/airflow/.local/lib/python3.7/site-packages/airflow/example_dags/example_sla_dag.py
[2023-04-30T18:07:47.651+0000] {logging_mixin.py:120} INFO - [2023-04-30T18:07:47.651+0000] {dag.py:2585} INFO - Sync 1 DAGs
[2023-04-30T18:07:47.683+0000] {logging_mixin.py:120} INFO - [2023-04-30T18:07:47.683+0000] {dag.py:3340} INFO - Setting next_dagrun for example_sla_dag to 2023-04-30T18:04:00+00:00, run_after=2023-04-30T18:06:00+00:00
[2023-04-30T18:07:47.709+0000] {processor.py:176} INFO - Processing /home/airflow/.local/lib/python3.7/site-packages/airflow/example_dags/example_sla_dag.py took 0.119 seconds
[2023-04-30T18:08:18.085+0000] {processor.py:154} INFO - Started process (PID=2365) to work on /home/airflow/.local/lib/python3.7/site-packages/airflow/example_dags/example_sla_dag.py
[2023-04-30T18:08:18.086+0000] {processor.py:756} INFO - Processing file /home/airflow/.local/lib/python3.7/site-packages/airflow/example_dags/example_sla_dag.py for tasks to queue
[2023-04-30T18:08:18.086+0000] {logging_mixin.py:120} INFO - [2023-04-30T18:08:18.086+0000] {dagbag.py:537} INFO - Filling up the DagBag from /home/airflow/.local/lib/python3.7/site-packages/airflow/example_dags/example_sla_dag.py
[2023-04-30T18:08:18.104+0000] {processor.py:766} INFO - DAG(s) dict_keys(['example_sla_dag']) retrieved from /home/airflow/.local/lib/python3.7/site-packages/airflow/example_dags/example_sla_dag.py
[2023-04-30T18:08:18.141+0000] {logging_mixin.py:120} INFO - [2023-04-30T18:08:18.141+0000] {dag.py:2585} INFO - Sync 1 DAGs
[2023-04-30T18:08:18.170+0000] {logging_mixin.py:120} INFO - [2023-04-30T18:08:18.169+0000] {dag.py:3340} INFO - Setting next_dagrun for example_sla_dag to 2023-04-30T18:06:00+00:00, run_after=2023-04-30T18:08:00+00:00
[2023-04-30T18:08:18.193+0000] {processor.py:176} INFO - Processing /home/airflow/.local/lib/python3.7/site-packages/airflow/example_dags/example_sla_dag.py took 0.110 seconds
[2023-04-30T18:08:48.539+0000] {processor.py:154} INFO - Started process (PID=2428) to work on /home/airflow/.local/lib/python3.7/site-packages/airflow/example_dags/example_sla_dag.py
[2023-04-30T18:08:48.540+0000] {processor.py:756} INFO - Processing file /home/airflow/.local/lib/python3.7/site-packages/airflow/example_dags/example_sla_dag.py for tasks to queue
[2023-04-30T18:08:48.540+0000] {logging_mixin.py:120} INFO - [2023-04-30T18:08:48.540+0000] {dagbag.py:537} INFO - Filling up the DagBag from /home/airflow/.local/lib/python3.7/site-packages/airflow/example_dags/example_sla_dag.py
[2023-04-30T18:08:48.557+0000] {processor.py:766} INFO - DAG(s) dict_keys(['example_sla_dag']) retrieved from /home/airflow/.local/lib/python3.7/site-packages/airflow/example_dags/example_sla_dag.py
[2023-04-30T18:08:48.590+0000] {logging_mixin.py:120} INFO - [2023-04-30T18:08:48.590+0000] {dag.py:2585} INFO - Sync 1 DAGs
[2023-04-30T18:08:48.618+0000] {logging_mixin.py:120} INFO - [2023-04-30T18:08:48.618+0000] {dag.py:3340} INFO - Setting next_dagrun for example_sla_dag to 2023-04-30T18:06:00+00:00, run_after=2023-04-30T18:08:00+00:00
[2023-04-30T18:08:48.638+0000] {processor.py:176} INFO - Processing /home/airflow/.local/lib/python3.7/site-packages/airflow/example_dags/example_sla_dag.py took 0.101 seconds
[2023-04-30T18:09:19.350+0000] {processor.py:154} INFO - Started process (PID=2491) to work on /home/airflow/.local/lib/python3.7/site-packages/airflow/example_dags/example_sla_dag.py
[2023-04-30T18:09:19.351+0000] {processor.py:756} INFO - Processing file /home/airflow/.local/lib/python3.7/site-packages/airflow/example_dags/example_sla_dag.py for tasks to queue
[2023-04-30T18:09:19.352+0000] {logging_mixin.py:120} INFO - [2023-04-30T18:09:19.351+0000] {dagbag.py:537} INFO - Filling up the DagBag from /home/airflow/.local/lib/python3.7/site-packages/airflow/example_dags/example_sla_dag.py
[2023-04-30T18:09:19.370+0000] {processor.py:766} INFO - DAG(s) dict_keys(['example_sla_dag']) retrieved from /home/airflow/.local/lib/python3.7/site-packages/airflow/example_dags/example_sla_dag.py
[2023-04-30T18:09:19.405+0000] {logging_mixin.py:120} INFO - [2023-04-30T18:09:19.405+0000] {dag.py:2585} INFO - Sync 1 DAGs
[2023-04-30T18:09:19.433+0000] {logging_mixin.py:120} INFO - [2023-04-30T18:09:19.433+0000] {dag.py:3340} INFO - Setting next_dagrun for example_sla_dag to 2023-04-30T18:06:00+00:00, run_after=2023-04-30T18:08:00+00:00
[2023-04-30T18:09:19.455+0000] {processor.py:176} INFO - Processing /home/airflow/.local/lib/python3.7/site-packages/airflow/example_dags/example_sla_dag.py took 0.106 seconds
[2023-04-30T18:09:49.981+0000] {processor.py:154} INFO - Started process (PID=2545) to work on /home/airflow/.local/lib/python3.7/site-packages/airflow/example_dags/example_sla_dag.py
[2023-04-30T18:09:49.982+0000] {processor.py:756} INFO - Processing file /home/airflow/.local/lib/python3.7/site-packages/airflow/example_dags/example_sla_dag.py for tasks to queue
[2023-04-30T18:09:49.982+0000] {logging_mixin.py:120} INFO - [2023-04-30T18:09:49.982+0000] {dagbag.py:537} INFO - Filling up the DagBag from /home/airflow/.local/lib/python3.7/site-packages/airflow/example_dags/example_sla_dag.py
[2023-04-30T18:09:49.999+0000] {processor.py:766} INFO - DAG(s) dict_keys(['example_sla_dag']) retrieved from /home/airflow/.local/lib/python3.7/site-packages/airflow/example_dags/example_sla_dag.py
[2023-04-30T18:09:50.033+0000] {logging_mixin.py:120} INFO - [2023-04-30T18:09:50.033+0000] {dag.py:2585} INFO - Sync 1 DAGs
[2023-04-30T18:09:50.061+0000] {logging_mixin.py:120} INFO - [2023-04-30T18:09:50.061+0000] {dag.py:3340} INFO - Setting next_dagrun for example_sla_dag to 2023-04-30T18:06:00+00:00, run_after=2023-04-30T18:08:00+00:00
[2023-04-30T18:09:50.085+0000] {processor.py:176} INFO - Processing /home/airflow/.local/lib/python3.7/site-packages/airflow/example_dags/example_sla_dag.py took 0.106 seconds
[2023-04-30T18:10:20.459+0000] {processor.py:154} INFO - Started process (PID=2608) to work on /home/airflow/.local/lib/python3.7/site-packages/airflow/example_dags/example_sla_dag.py
[2023-04-30T18:10:20.459+0000] {processor.py:756} INFO - Processing file /home/airflow/.local/lib/python3.7/site-packages/airflow/example_dags/example_sla_dag.py for tasks to queue
[2023-04-30T18:10:20.460+0000] {logging_mixin.py:120} INFO - [2023-04-30T18:10:20.460+0000] {dagbag.py:537} INFO - Filling up the DagBag from /home/airflow/.local/lib/python3.7/site-packages/airflow/example_dags/example_sla_dag.py
[2023-04-30T18:10:20.477+0000] {processor.py:766} INFO - DAG(s) dict_keys(['example_sla_dag']) retrieved from /home/airflow/.local/lib/python3.7/site-packages/airflow/example_dags/example_sla_dag.py
[2023-04-30T18:10:20.510+0000] {logging_mixin.py:120} INFO - [2023-04-30T18:10:20.510+0000] {dag.py:2585} INFO - Sync 1 DAGs
[2023-04-30T18:10:20.537+0000] {logging_mixin.py:120} INFO - [2023-04-30T18:10:20.537+0000] {dag.py:3340} INFO - Setting next_dagrun for example_sla_dag to 2023-04-30T18:08:00+00:00, run_after=2023-04-30T18:10:00+00:00
[2023-04-30T18:10:20.561+0000] {processor.py:176} INFO - Processing /home/airflow/.local/lib/python3.7/site-packages/airflow/example_dags/example_sla_dag.py took 0.104 seconds
[2023-04-30T18:10:50.930+0000] {processor.py:154} INFO - Started process (PID=2671) to work on /home/airflow/.local/lib/python3.7/site-packages/airflow/example_dags/example_sla_dag.py
[2023-04-30T18:10:50.931+0000] {processor.py:756} INFO - Processing file /home/airflow/.local/lib/python3.7/site-packages/airflow/example_dags/example_sla_dag.py for tasks to queue
[2023-04-30T18:10:50.932+0000] {logging_mixin.py:120} INFO - [2023-04-30T18:10:50.931+0000] {dagbag.py:537} INFO - Filling up the DagBag from /home/airflow/.local/lib/python3.7/site-packages/airflow/example_dags/example_sla_dag.py
[2023-04-30T18:10:50.949+0000] {processor.py:766} INFO - DAG(s) dict_keys(['example_sla_dag']) retrieved from /home/airflow/.local/lib/python3.7/site-packages/airflow/example_dags/example_sla_dag.py
[2023-04-30T18:10:50.983+0000] {logging_mixin.py:120} INFO - [2023-04-30T18:10:50.983+0000] {dag.py:2585} INFO - Sync 1 DAGs
[2023-04-30T18:10:51.012+0000] {logging_mixin.py:120} INFO - [2023-04-30T18:10:51.012+0000] {dag.py:3340} INFO - Setting next_dagrun for example_sla_dag to 2023-04-30T18:08:00+00:00, run_after=2023-04-30T18:10:00+00:00
[2023-04-30T18:10:51.034+0000] {processor.py:176} INFO - Processing /home/airflow/.local/lib/python3.7/site-packages/airflow/example_dags/example_sla_dag.py took 0.106 seconds
[2023-04-30T18:11:21.492+0000] {processor.py:154} INFO - Started process (PID=2725) to work on /home/airflow/.local/lib/python3.7/site-packages/airflow/example_dags/example_sla_dag.py
[2023-04-30T18:11:21.492+0000] {processor.py:756} INFO - Processing file /home/airflow/.local/lib/python3.7/site-packages/airflow/example_dags/example_sla_dag.py for tasks to queue
[2023-04-30T18:11:21.493+0000] {logging_mixin.py:120} INFO - [2023-04-30T18:11:21.493+0000] {dagbag.py:537} INFO - Filling up the DagBag from /home/airflow/.local/lib/python3.7/site-packages/airflow/example_dags/example_sla_dag.py
[2023-04-30T18:11:21.512+0000] {processor.py:766} INFO - DAG(s) dict_keys(['example_sla_dag']) retrieved from /home/airflow/.local/lib/python3.7/site-packages/airflow/example_dags/example_sla_dag.py
[2023-04-30T18:11:21.548+0000] {logging_mixin.py:120} INFO - [2023-04-30T18:11:21.548+0000] {dag.py:2585} INFO - Sync 1 DAGs
[2023-04-30T18:11:21.583+0000] {logging_mixin.py:120} INFO - [2023-04-30T18:11:21.583+0000] {dag.py:3340} INFO - Setting next_dagrun for example_sla_dag to 2023-04-30T18:08:00+00:00, run_after=2023-04-30T18:10:00+00:00
[2023-04-30T18:11:21.608+0000] {processor.py:176} INFO - Processing /home/airflow/.local/lib/python3.7/site-packages/airflow/example_dags/example_sla_dag.py took 0.119 seconds
[2023-04-30T18:11:51.812+0000] {processor.py:154} INFO - Started process (PID=2788) to work on /home/airflow/.local/lib/python3.7/site-packages/airflow/example_dags/example_sla_dag.py
[2023-04-30T18:11:51.813+0000] {processor.py:756} INFO - Processing file /home/airflow/.local/lib/python3.7/site-packages/airflow/example_dags/example_sla_dag.py for tasks to queue
[2023-04-30T18:11:51.813+0000] {logging_mixin.py:120} INFO - [2023-04-30T18:11:51.813+0000] {dagbag.py:537} INFO - Filling up the DagBag from /home/airflow/.local/lib/python3.7/site-packages/airflow/example_dags/example_sla_dag.py
[2023-04-30T18:11:51.831+0000] {processor.py:766} INFO - DAG(s) dict_keys(['example_sla_dag']) retrieved from /home/airflow/.local/lib/python3.7/site-packages/airflow/example_dags/example_sla_dag.py
[2023-04-30T18:11:51.863+0000] {logging_mixin.py:120} INFO - [2023-04-30T18:11:51.863+0000] {dag.py:2585} INFO - Sync 1 DAGs
[2023-04-30T18:11:51.893+0000] {logging_mixin.py:120} INFO - [2023-04-30T18:11:51.893+0000] {dag.py:3340} INFO - Setting next_dagrun for example_sla_dag to 2023-04-30T18:08:00+00:00, run_after=2023-04-30T18:10:00+00:00
[2023-04-30T18:11:51.914+0000] {processor.py:176} INFO - Processing /home/airflow/.local/lib/python3.7/site-packages/airflow/example_dags/example_sla_dag.py took 0.105 seconds
[2023-04-30T18:20:44.800+0000] {processor.py:154} INFO - Started process (PID=2819) to work on /home/airflow/.local/lib/python3.7/site-packages/airflow/example_dags/example_sla_dag.py
[2023-04-30T18:20:44.801+0000] {processor.py:756} INFO - Processing file /home/airflow/.local/lib/python3.7/site-packages/airflow/example_dags/example_sla_dag.py for tasks to queue
[2023-04-30T18:20:44.809+0000] {logging_mixin.py:120} INFO - [2023-04-30T18:20:44.804+0000] {dagbag.py:537} INFO - Filling up the DagBag from /home/airflow/.local/lib/python3.7/site-packages/airflow/example_dags/example_sla_dag.py
[2023-04-30T18:20:44.894+0000] {processor.py:766} INFO - DAG(s) dict_keys(['example_sla_dag']) retrieved from /home/airflow/.local/lib/python3.7/site-packages/airflow/example_dags/example_sla_dag.py
[2023-04-30T18:20:45.079+0000] {logging_mixin.py:120} INFO - [2023-04-30T18:20:45.079+0000] {dag.py:2585} INFO - Sync 1 DAGs
[2023-04-30T18:20:45.272+0000] {logging_mixin.py:120} INFO - [2023-04-30T18:20:45.272+0000] {dag.py:3340} INFO - Setting next_dagrun for example_sla_dag to 2023-04-30T18:18:00+00:00, run_after=2023-04-30T18:20:00+00:00
[2023-04-30T18:20:45.335+0000] {processor.py:176} INFO - Processing /home/airflow/.local/lib/python3.7/site-packages/airflow/example_dags/example_sla_dag.py took 0.550 seconds
