[2023-04-30T17:48:53.006+0000] {processor.py:154} INFO - Started process (PID=59) to work on /home/airflow/.local/lib/python3.7/site-packages/airflow/example_dags/example_dag_decorator.py
[2023-04-30T17:48:53.006+0000] {processor.py:756} INFO - Processing file /home/airflow/.local/lib/python3.7/site-packages/airflow/example_dags/example_dag_decorator.py for tasks to queue
[2023-04-30T17:48:53.007+0000] {logging_mixin.py:120} INFO - [2023-04-30T17:48:53.007+0000] {dagbag.py:537} INFO - Filling up the DagBag from /home/airflow/.local/lib/python3.7/site-packages/airflow/example_dags/example_dag_decorator.py
[2023-04-30T17:48:53.028+0000] {logging_mixin.py:120} INFO - [2023-04-30T17:48:53.028+0000] {taskmixin.py:205} WARNING - Dependency <Task(_PythonDecoratedOperator): prepare_email>, send_email already registered for DAG: example_dag_decorator
[2023-04-30T17:48:53.028+0000] {logging_mixin.py:120} INFO - [2023-04-30T17:48:53.028+0000] {taskmixin.py:205} WARNING - Dependency <Task(EmailOperator): send_email>, prepare_email already registered for DAG: example_dag_decorator
[2023-04-30T17:48:53.053+0000] {processor.py:766} INFO - DAG(s) dict_keys(['example_dag_decorator']) retrieved from /home/airflow/.local/lib/python3.7/site-packages/airflow/example_dags/example_dag_decorator.py
[2023-04-30T17:48:53.260+0000] {logging_mixin.py:120} INFO - [2023-04-30T17:48:53.260+0000] {manager.py:507} INFO - Created Permission View: can read on DAG:example_dag_decorator
[2023-04-30T17:48:53.330+0000] {logging_mixin.py:120} INFO - [2023-04-30T17:48:53.330+0000] {manager.py:507} INFO - Created Permission View: can edit on DAG:example_dag_decorator
[2023-04-30T17:48:53.383+0000] {logging_mixin.py:120} INFO - [2023-04-30T17:48:53.382+0000] {manager.py:507} INFO - Created Permission View: can delete on DAG:example_dag_decorator
[2023-04-30T17:48:53.383+0000] {logging_mixin.py:120} INFO - [2023-04-30T17:48:53.383+0000] {dag.py:2585} INFO - Sync 1 DAGs
[2023-04-30T17:48:53.408+0000] {logging_mixin.py:120} INFO - [2023-04-30T17:48:53.407+0000] {dag.py:2606} INFO - Creating ORM DAG for example_dag_decorator
[2023-04-30T17:48:53.430+0000] {logging_mixin.py:120} INFO - [2023-04-30T17:48:53.429+0000] {dag.py:3340} INFO - Setting next_dagrun for example_dag_decorator to None, run_after=None
[2023-04-30T17:48:53.508+0000] {processor.py:176} INFO - Processing /home/airflow/.local/lib/python3.7/site-packages/airflow/example_dags/example_dag_decorator.py took 0.505 seconds
[2023-04-30T17:49:24.310+0000] {processor.py:154} INFO - Started process (PID=113) to work on /home/airflow/.local/lib/python3.7/site-packages/airflow/example_dags/example_dag_decorator.py
[2023-04-30T17:49:24.311+0000] {processor.py:756} INFO - Processing file /home/airflow/.local/lib/python3.7/site-packages/airflow/example_dags/example_dag_decorator.py for tasks to queue
[2023-04-30T17:49:24.312+0000] {logging_mixin.py:120} INFO - [2023-04-30T17:49:24.312+0000] {dagbag.py:537} INFO - Filling up the DagBag from /home/airflow/.local/lib/python3.7/site-packages/airflow/example_dags/example_dag_decorator.py
[2023-04-30T17:49:24.329+0000] {logging_mixin.py:120} INFO - [2023-04-30T17:49:24.328+0000] {taskmixin.py:205} WARNING - Dependency <Task(_PythonDecoratedOperator): prepare_email>, send_email already registered for DAG: example_dag_decorator
[2023-04-30T17:49:24.329+0000] {logging_mixin.py:120} INFO - [2023-04-30T17:49:24.329+0000] {taskmixin.py:205} WARNING - Dependency <Task(EmailOperator): send_email>, prepare_email already registered for DAG: example_dag_decorator
[2023-04-30T17:49:24.339+0000] {processor.py:766} INFO - DAG(s) dict_keys(['example_dag_decorator']) retrieved from /home/airflow/.local/lib/python3.7/site-packages/airflow/example_dags/example_dag_decorator.py
[2023-04-30T17:49:24.477+0000] {logging_mixin.py:120} INFO - [2023-04-30T17:49:24.477+0000] {dag.py:2585} INFO - Sync 1 DAGs
[2023-04-30T17:49:24.505+0000] {logging_mixin.py:120} INFO - [2023-04-30T17:49:24.505+0000] {dag.py:3340} INFO - Setting next_dagrun for example_dag_decorator to None, run_after=None
[2023-04-30T17:49:24.532+0000] {processor.py:176} INFO - Processing /home/airflow/.local/lib/python3.7/site-packages/airflow/example_dags/example_dag_decorator.py took 0.225 seconds
[2023-04-30T17:49:54.894+0000] {processor.py:154} INFO - Started process (PID=177) to work on /home/airflow/.local/lib/python3.7/site-packages/airflow/example_dags/example_dag_decorator.py
[2023-04-30T17:49:54.895+0000] {processor.py:756} INFO - Processing file /home/airflow/.local/lib/python3.7/site-packages/airflow/example_dags/example_dag_decorator.py for tasks to queue
[2023-04-30T17:49:54.896+0000] {logging_mixin.py:120} INFO - [2023-04-30T17:49:54.896+0000] {dagbag.py:537} INFO - Filling up the DagBag from /home/airflow/.local/lib/python3.7/site-packages/airflow/example_dags/example_dag_decorator.py
[2023-04-30T17:49:54.911+0000] {logging_mixin.py:120} INFO - [2023-04-30T17:49:54.910+0000] {taskmixin.py:205} WARNING - Dependency <Task(_PythonDecoratedOperator): prepare_email>, send_email already registered for DAG: example_dag_decorator
[2023-04-30T17:49:54.911+0000] {logging_mixin.py:120} INFO - [2023-04-30T17:49:54.911+0000] {taskmixin.py:205} WARNING - Dependency <Task(EmailOperator): send_email>, prepare_email already registered for DAG: example_dag_decorator
[2023-04-30T17:49:54.923+0000] {processor.py:766} INFO - DAG(s) dict_keys(['example_dag_decorator']) retrieved from /home/airflow/.local/lib/python3.7/site-packages/airflow/example_dags/example_dag_decorator.py
[2023-04-30T17:49:55.009+0000] {logging_mixin.py:120} INFO - [2023-04-30T17:49:55.009+0000] {dag.py:2585} INFO - Sync 1 DAGs
[2023-04-30T17:49:55.039+0000] {logging_mixin.py:120} INFO - [2023-04-30T17:49:55.039+0000] {dag.py:3340} INFO - Setting next_dagrun for example_dag_decorator to None, run_after=None
[2023-04-30T17:49:55.066+0000] {processor.py:176} INFO - Processing /home/airflow/.local/lib/python3.7/site-packages/airflow/example_dags/example_dag_decorator.py took 0.174 seconds
[2023-04-30T17:50:25.653+0000] {processor.py:154} INFO - Started process (PID=240) to work on /home/airflow/.local/lib/python3.7/site-packages/airflow/example_dags/example_dag_decorator.py
[2023-04-30T17:50:25.654+0000] {processor.py:756} INFO - Processing file /home/airflow/.local/lib/python3.7/site-packages/airflow/example_dags/example_dag_decorator.py for tasks to queue
[2023-04-30T17:50:25.655+0000] {logging_mixin.py:120} INFO - [2023-04-30T17:50:25.655+0000] {dagbag.py:537} INFO - Filling up the DagBag from /home/airflow/.local/lib/python3.7/site-packages/airflow/example_dags/example_dag_decorator.py
[2023-04-30T17:50:25.669+0000] {logging_mixin.py:120} INFO - [2023-04-30T17:50:25.668+0000] {taskmixin.py:205} WARNING - Dependency <Task(_PythonDecoratedOperator): prepare_email>, send_email already registered for DAG: example_dag_decorator
[2023-04-30T17:50:25.669+0000] {logging_mixin.py:120} INFO - [2023-04-30T17:50:25.669+0000] {taskmixin.py:205} WARNING - Dependency <Task(EmailOperator): send_email>, prepare_email already registered for DAG: example_dag_decorator
[2023-04-30T17:50:25.678+0000] {processor.py:766} INFO - DAG(s) dict_keys(['example_dag_decorator']) retrieved from /home/airflow/.local/lib/python3.7/site-packages/airflow/example_dags/example_dag_decorator.py
[2023-04-30T17:50:25.764+0000] {logging_mixin.py:120} INFO - [2023-04-30T17:50:25.764+0000] {dag.py:2585} INFO - Sync 1 DAGs
[2023-04-30T17:50:25.789+0000] {logging_mixin.py:120} INFO - [2023-04-30T17:50:25.789+0000] {dag.py:3340} INFO - Setting next_dagrun for example_dag_decorator to None, run_after=None
[2023-04-30T17:50:25.815+0000] {processor.py:176} INFO - Processing /home/airflow/.local/lib/python3.7/site-packages/airflow/example_dags/example_dag_decorator.py took 0.165 seconds
[2023-04-30T17:50:56.382+0000] {processor.py:154} INFO - Started process (PID=303) to work on /home/airflow/.local/lib/python3.7/site-packages/airflow/example_dags/example_dag_decorator.py
[2023-04-30T17:50:56.382+0000] {processor.py:756} INFO - Processing file /home/airflow/.local/lib/python3.7/site-packages/airflow/example_dags/example_dag_decorator.py for tasks to queue
[2023-04-30T17:50:56.383+0000] {logging_mixin.py:120} INFO - [2023-04-30T17:50:56.383+0000] {dagbag.py:537} INFO - Filling up the DagBag from /home/airflow/.local/lib/python3.7/site-packages/airflow/example_dags/example_dag_decorator.py
[2023-04-30T17:50:56.397+0000] {logging_mixin.py:120} INFO - [2023-04-30T17:50:56.397+0000] {taskmixin.py:205} WARNING - Dependency <Task(_PythonDecoratedOperator): prepare_email>, send_email already registered for DAG: example_dag_decorator
[2023-04-30T17:50:56.397+0000] {logging_mixin.py:120} INFO - [2023-04-30T17:50:56.397+0000] {taskmixin.py:205} WARNING - Dependency <Task(EmailOperator): send_email>, prepare_email already registered for DAG: example_dag_decorator
[2023-04-30T17:50:56.408+0000] {processor.py:766} INFO - DAG(s) dict_keys(['example_dag_decorator']) retrieved from /home/airflow/.local/lib/python3.7/site-packages/airflow/example_dags/example_dag_decorator.py
[2023-04-30T17:50:56.497+0000] {logging_mixin.py:120} INFO - [2023-04-30T17:50:56.497+0000] {dag.py:2585} INFO - Sync 1 DAGs
[2023-04-30T17:50:56.524+0000] {logging_mixin.py:120} INFO - [2023-04-30T17:50:56.524+0000] {dag.py:3340} INFO - Setting next_dagrun for example_dag_decorator to None, run_after=None
[2023-04-30T17:50:56.553+0000] {processor.py:176} INFO - Processing /home/airflow/.local/lib/python3.7/site-packages/airflow/example_dags/example_dag_decorator.py took 0.173 seconds
[2023-04-30T17:51:27.045+0000] {processor.py:154} INFO - Started process (PID=357) to work on /home/airflow/.local/lib/python3.7/site-packages/airflow/example_dags/example_dag_decorator.py
[2023-04-30T17:51:27.046+0000] {processor.py:756} INFO - Processing file /home/airflow/.local/lib/python3.7/site-packages/airflow/example_dags/example_dag_decorator.py for tasks to queue
[2023-04-30T17:51:27.046+0000] {logging_mixin.py:120} INFO - [2023-04-30T17:51:27.046+0000] {dagbag.py:537} INFO - Filling up the DagBag from /home/airflow/.local/lib/python3.7/site-packages/airflow/example_dags/example_dag_decorator.py
[2023-04-30T17:51:27.060+0000] {logging_mixin.py:120} INFO - [2023-04-30T17:51:27.060+0000] {taskmixin.py:205} WARNING - Dependency <Task(_PythonDecoratedOperator): prepare_email>, send_email already registered for DAG: example_dag_decorator
[2023-04-30T17:51:27.060+0000] {logging_mixin.py:120} INFO - [2023-04-30T17:51:27.060+0000] {taskmixin.py:205} WARNING - Dependency <Task(EmailOperator): send_email>, prepare_email already registered for DAG: example_dag_decorator
[2023-04-30T17:51:27.070+0000] {processor.py:766} INFO - DAG(s) dict_keys(['example_dag_decorator']) retrieved from /home/airflow/.local/lib/python3.7/site-packages/airflow/example_dags/example_dag_decorator.py
[2023-04-30T17:51:27.156+0000] {logging_mixin.py:120} INFO - [2023-04-30T17:51:27.156+0000] {dag.py:2585} INFO - Sync 1 DAGs
[2023-04-30T17:51:27.182+0000] {logging_mixin.py:120} INFO - [2023-04-30T17:51:27.182+0000] {dag.py:3340} INFO - Setting next_dagrun for example_dag_decorator to None, run_after=None
[2023-04-30T17:51:27.212+0000] {processor.py:176} INFO - Processing /home/airflow/.local/lib/python3.7/site-packages/airflow/example_dags/example_dag_decorator.py took 0.170 seconds
[2023-04-30T17:51:57.915+0000] {processor.py:154} INFO - Started process (PID=420) to work on /home/airflow/.local/lib/python3.7/site-packages/airflow/example_dags/example_dag_decorator.py
[2023-04-30T17:51:57.916+0000] {processor.py:756} INFO - Processing file /home/airflow/.local/lib/python3.7/site-packages/airflow/example_dags/example_dag_decorator.py for tasks to queue
[2023-04-30T17:51:57.917+0000] {logging_mixin.py:120} INFO - [2023-04-30T17:51:57.917+0000] {dagbag.py:537} INFO - Filling up the DagBag from /home/airflow/.local/lib/python3.7/site-packages/airflow/example_dags/example_dag_decorator.py
[2023-04-30T17:51:57.933+0000] {logging_mixin.py:120} INFO - [2023-04-30T17:51:57.933+0000] {taskmixin.py:205} WARNING - Dependency <Task(_PythonDecoratedOperator): prepare_email>, send_email already registered for DAG: example_dag_decorator
[2023-04-30T17:51:57.933+0000] {logging_mixin.py:120} INFO - [2023-04-30T17:51:57.933+0000] {taskmixin.py:205} WARNING - Dependency <Task(EmailOperator): send_email>, prepare_email already registered for DAG: example_dag_decorator
[2023-04-30T17:51:57.945+0000] {processor.py:766} INFO - DAG(s) dict_keys(['example_dag_decorator']) retrieved from /home/airflow/.local/lib/python3.7/site-packages/airflow/example_dags/example_dag_decorator.py
[2023-04-30T17:51:58.035+0000] {logging_mixin.py:120} INFO - [2023-04-30T17:51:58.035+0000] {dag.py:2585} INFO - Sync 1 DAGs
[2023-04-30T17:51:58.058+0000] {logging_mixin.py:120} INFO - [2023-04-30T17:51:58.058+0000] {dag.py:3340} INFO - Setting next_dagrun for example_dag_decorator to None, run_after=None
[2023-04-30T17:51:58.086+0000] {processor.py:176} INFO - Processing /home/airflow/.local/lib/python3.7/site-packages/airflow/example_dags/example_dag_decorator.py took 0.173 seconds
[2023-04-30T17:52:28.640+0000] {processor.py:154} INFO - Started process (PID=483) to work on /home/airflow/.local/lib/python3.7/site-packages/airflow/example_dags/example_dag_decorator.py
[2023-04-30T17:52:28.641+0000] {processor.py:756} INFO - Processing file /home/airflow/.local/lib/python3.7/site-packages/airflow/example_dags/example_dag_decorator.py for tasks to queue
[2023-04-30T17:52:28.642+0000] {logging_mixin.py:120} INFO - [2023-04-30T17:52:28.642+0000] {dagbag.py:537} INFO - Filling up the DagBag from /home/airflow/.local/lib/python3.7/site-packages/airflow/example_dags/example_dag_decorator.py
[2023-04-30T17:52:28.658+0000] {logging_mixin.py:120} INFO - [2023-04-30T17:52:28.658+0000] {taskmixin.py:205} WARNING - Dependency <Task(_PythonDecoratedOperator): prepare_email>, send_email already registered for DAG: example_dag_decorator
[2023-04-30T17:52:28.658+0000] {logging_mixin.py:120} INFO - [2023-04-30T17:52:28.658+0000] {taskmixin.py:205} WARNING - Dependency <Task(EmailOperator): send_email>, prepare_email already registered for DAG: example_dag_decorator
[2023-04-30T17:52:28.670+0000] {processor.py:766} INFO - DAG(s) dict_keys(['example_dag_decorator']) retrieved from /home/airflow/.local/lib/python3.7/site-packages/airflow/example_dags/example_dag_decorator.py
[2023-04-30T17:52:28.750+0000] {logging_mixin.py:120} INFO - [2023-04-30T17:52:28.750+0000] {dag.py:2585} INFO - Sync 1 DAGs
[2023-04-30T17:52:28.777+0000] {logging_mixin.py:120} INFO - [2023-04-30T17:52:28.777+0000] {dag.py:3340} INFO - Setting next_dagrun for example_dag_decorator to None, run_after=None
[2023-04-30T17:52:28.806+0000] {processor.py:176} INFO - Processing /home/airflow/.local/lib/python3.7/site-packages/airflow/example_dags/example_dag_decorator.py took 0.168 seconds
[2023-04-30T17:52:59.281+0000] {processor.py:154} INFO - Started process (PID=537) to work on /home/airflow/.local/lib/python3.7/site-packages/airflow/example_dags/example_dag_decorator.py
[2023-04-30T17:52:59.281+0000] {processor.py:756} INFO - Processing file /home/airflow/.local/lib/python3.7/site-packages/airflow/example_dags/example_dag_decorator.py for tasks to queue
[2023-04-30T17:52:59.282+0000] {logging_mixin.py:120} INFO - [2023-04-30T17:52:59.282+0000] {dagbag.py:537} INFO - Filling up the DagBag from /home/airflow/.local/lib/python3.7/site-packages/airflow/example_dags/example_dag_decorator.py
[2023-04-30T17:52:59.295+0000] {logging_mixin.py:120} INFO - [2023-04-30T17:52:59.295+0000] {taskmixin.py:205} WARNING - Dependency <Task(_PythonDecoratedOperator): prepare_email>, send_email already registered for DAG: example_dag_decorator
[2023-04-30T17:52:59.296+0000] {logging_mixin.py:120} INFO - [2023-04-30T17:52:59.296+0000] {taskmixin.py:205} WARNING - Dependency <Task(EmailOperator): send_email>, prepare_email already registered for DAG: example_dag_decorator
[2023-04-30T17:52:59.311+0000] {processor.py:766} INFO - DAG(s) dict_keys(['example_dag_decorator']) retrieved from /home/airflow/.local/lib/python3.7/site-packages/airflow/example_dags/example_dag_decorator.py
[2023-04-30T17:52:59.394+0000] {logging_mixin.py:120} INFO - [2023-04-30T17:52:59.394+0000] {dag.py:2585} INFO - Sync 1 DAGs
[2023-04-30T17:52:59.418+0000] {logging_mixin.py:120} INFO - [2023-04-30T17:52:59.418+0000] {dag.py:3340} INFO - Setting next_dagrun for example_dag_decorator to None, run_after=None
[2023-04-30T17:52:59.447+0000] {processor.py:176} INFO - Processing /home/airflow/.local/lib/python3.7/site-packages/airflow/example_dags/example_dag_decorator.py took 0.169 seconds
[2023-04-30T17:53:29.890+0000] {processor.py:154} INFO - Started process (PID=600) to work on /home/airflow/.local/lib/python3.7/site-packages/airflow/example_dags/example_dag_decorator.py
[2023-04-30T17:53:29.891+0000] {processor.py:756} INFO - Processing file /home/airflow/.local/lib/python3.7/site-packages/airflow/example_dags/example_dag_decorator.py for tasks to queue
[2023-04-30T17:53:29.892+0000] {logging_mixin.py:120} INFO - [2023-04-30T17:53:29.892+0000] {dagbag.py:537} INFO - Filling up the DagBag from /home/airflow/.local/lib/python3.7/site-packages/airflow/example_dags/example_dag_decorator.py
[2023-04-30T17:53:29.906+0000] {logging_mixin.py:120} INFO - [2023-04-30T17:53:29.906+0000] {taskmixin.py:205} WARNING - Dependency <Task(_PythonDecoratedOperator): prepare_email>, send_email already registered for DAG: example_dag_decorator
[2023-04-30T17:53:29.906+0000] {logging_mixin.py:120} INFO - [2023-04-30T17:53:29.906+0000] {taskmixin.py:205} WARNING - Dependency <Task(EmailOperator): send_email>, prepare_email already registered for DAG: example_dag_decorator
[2023-04-30T17:53:29.916+0000] {processor.py:766} INFO - DAG(s) dict_keys(['example_dag_decorator']) retrieved from /home/airflow/.local/lib/python3.7/site-packages/airflow/example_dags/example_dag_decorator.py
[2023-04-30T17:53:29.999+0000] {logging_mixin.py:120} INFO - [2023-04-30T17:53:29.999+0000] {dag.py:2585} INFO - Sync 1 DAGs
[2023-04-30T17:53:30.026+0000] {logging_mixin.py:120} INFO - [2023-04-30T17:53:30.025+0000] {dag.py:3340} INFO - Setting next_dagrun for example_dag_decorator to None, run_after=None
[2023-04-30T17:53:30.056+0000] {processor.py:176} INFO - Processing /home/airflow/.local/lib/python3.7/site-packages/airflow/example_dags/example_dag_decorator.py took 0.169 seconds
[2023-04-30T17:54:00.494+0000] {processor.py:154} INFO - Started process (PID=663) to work on /home/airflow/.local/lib/python3.7/site-packages/airflow/example_dags/example_dag_decorator.py
[2023-04-30T17:54:00.495+0000] {processor.py:756} INFO - Processing file /home/airflow/.local/lib/python3.7/site-packages/airflow/example_dags/example_dag_decorator.py for tasks to queue
[2023-04-30T17:54:00.495+0000] {logging_mixin.py:120} INFO - [2023-04-30T17:54:00.495+0000] {dagbag.py:537} INFO - Filling up the DagBag from /home/airflow/.local/lib/python3.7/site-packages/airflow/example_dags/example_dag_decorator.py
[2023-04-30T17:54:00.507+0000] {logging_mixin.py:120} INFO - [2023-04-30T17:54:00.507+0000] {taskmixin.py:205} WARNING - Dependency <Task(_PythonDecoratedOperator): prepare_email>, send_email already registered for DAG: example_dag_decorator
[2023-04-30T17:54:00.508+0000] {logging_mixin.py:120} INFO - [2023-04-30T17:54:00.507+0000] {taskmixin.py:205} WARNING - Dependency <Task(EmailOperator): send_email>, prepare_email already registered for DAG: example_dag_decorator
[2023-04-30T17:54:00.520+0000] {processor.py:766} INFO - DAG(s) dict_keys(['example_dag_decorator']) retrieved from /home/airflow/.local/lib/python3.7/site-packages/airflow/example_dags/example_dag_decorator.py
[2023-04-30T17:54:00.608+0000] {logging_mixin.py:120} INFO - [2023-04-30T17:54:00.608+0000] {dag.py:2585} INFO - Sync 1 DAGs
[2023-04-30T17:54:00.634+0000] {logging_mixin.py:120} INFO - [2023-04-30T17:54:00.634+0000] {dag.py:3340} INFO - Setting next_dagrun for example_dag_decorator to None, run_after=None
[2023-04-30T17:54:00.666+0000] {processor.py:176} INFO - Processing /home/airflow/.local/lib/python3.7/site-packages/airflow/example_dags/example_dag_decorator.py took 0.175 seconds
[2023-04-30T17:54:31.006+0000] {processor.py:154} INFO - Started process (PID=717) to work on /home/airflow/.local/lib/python3.7/site-packages/airflow/example_dags/example_dag_decorator.py
[2023-04-30T17:54:31.007+0000] {processor.py:756} INFO - Processing file /home/airflow/.local/lib/python3.7/site-packages/airflow/example_dags/example_dag_decorator.py for tasks to queue
[2023-04-30T17:54:31.008+0000] {logging_mixin.py:120} INFO - [2023-04-30T17:54:31.008+0000] {dagbag.py:537} INFO - Filling up the DagBag from /home/airflow/.local/lib/python3.7/site-packages/airflow/example_dags/example_dag_decorator.py
[2023-04-30T17:54:31.022+0000] {logging_mixin.py:120} INFO - [2023-04-30T17:54:31.022+0000] {taskmixin.py:205} WARNING - Dependency <Task(_PythonDecoratedOperator): prepare_email>, send_email already registered for DAG: example_dag_decorator
[2023-04-30T17:54:31.023+0000] {logging_mixin.py:120} INFO - [2023-04-30T17:54:31.022+0000] {taskmixin.py:205} WARNING - Dependency <Task(EmailOperator): send_email>, prepare_email already registered for DAG: example_dag_decorator
[2023-04-30T17:54:31.034+0000] {processor.py:766} INFO - DAG(s) dict_keys(['example_dag_decorator']) retrieved from /home/airflow/.local/lib/python3.7/site-packages/airflow/example_dags/example_dag_decorator.py
[2023-04-30T17:54:31.130+0000] {logging_mixin.py:120} INFO - [2023-04-30T17:54:31.129+0000] {dag.py:2585} INFO - Sync 1 DAGs
[2023-04-30T17:54:31.170+0000] {logging_mixin.py:120} INFO - [2023-04-30T17:54:31.169+0000] {dag.py:3340} INFO - Setting next_dagrun for example_dag_decorator to None, run_after=None
[2023-04-30T17:54:31.210+0000] {processor.py:176} INFO - Processing /home/airflow/.local/lib/python3.7/site-packages/airflow/example_dags/example_dag_decorator.py took 0.207 seconds
[2023-04-30T17:55:01.752+0000] {processor.py:154} INFO - Started process (PID=780) to work on /home/airflow/.local/lib/python3.7/site-packages/airflow/example_dags/example_dag_decorator.py
[2023-04-30T17:55:01.754+0000] {processor.py:756} INFO - Processing file /home/airflow/.local/lib/python3.7/site-packages/airflow/example_dags/example_dag_decorator.py for tasks to queue
[2023-04-30T17:55:01.754+0000] {logging_mixin.py:120} INFO - [2023-04-30T17:55:01.754+0000] {dagbag.py:537} INFO - Filling up the DagBag from /home/airflow/.local/lib/python3.7/site-packages/airflow/example_dags/example_dag_decorator.py
[2023-04-30T17:55:01.770+0000] {logging_mixin.py:120} INFO - [2023-04-30T17:55:01.769+0000] {taskmixin.py:205} WARNING - Dependency <Task(_PythonDecoratedOperator): prepare_email>, send_email already registered for DAG: example_dag_decorator
[2023-04-30T17:55:01.770+0000] {logging_mixin.py:120} INFO - [2023-04-30T17:55:01.770+0000] {taskmixin.py:205} WARNING - Dependency <Task(EmailOperator): send_email>, prepare_email already registered for DAG: example_dag_decorator
[2023-04-30T17:55:01.784+0000] {processor.py:766} INFO - DAG(s) dict_keys(['example_dag_decorator']) retrieved from /home/airflow/.local/lib/python3.7/site-packages/airflow/example_dags/example_dag_decorator.py
[2023-04-30T17:55:01.865+0000] {logging_mixin.py:120} INFO - [2023-04-30T17:55:01.865+0000] {dag.py:2585} INFO - Sync 1 DAGs
[2023-04-30T17:55:01.889+0000] {logging_mixin.py:120} INFO - [2023-04-30T17:55:01.889+0000] {dag.py:3340} INFO - Setting next_dagrun for example_dag_decorator to None, run_after=None
[2023-04-30T17:55:01.917+0000] {processor.py:176} INFO - Processing /home/airflow/.local/lib/python3.7/site-packages/airflow/example_dags/example_dag_decorator.py took 0.167 seconds
[2023-04-30T17:55:32.525+0000] {processor.py:154} INFO - Started process (PID=844) to work on /home/airflow/.local/lib/python3.7/site-packages/airflow/example_dags/example_dag_decorator.py
[2023-04-30T17:55:32.525+0000] {processor.py:756} INFO - Processing file /home/airflow/.local/lib/python3.7/site-packages/airflow/example_dags/example_dag_decorator.py for tasks to queue
[2023-04-30T17:55:32.526+0000] {logging_mixin.py:120} INFO - [2023-04-30T17:55:32.526+0000] {dagbag.py:537} INFO - Filling up the DagBag from /home/airflow/.local/lib/python3.7/site-packages/airflow/example_dags/example_dag_decorator.py
[2023-04-30T17:55:32.541+0000] {logging_mixin.py:120} INFO - [2023-04-30T17:55:32.541+0000] {taskmixin.py:205} WARNING - Dependency <Task(_PythonDecoratedOperator): prepare_email>, send_email already registered for DAG: example_dag_decorator
[2023-04-30T17:55:32.542+0000] {logging_mixin.py:120} INFO - [2023-04-30T17:55:32.542+0000] {taskmixin.py:205} WARNING - Dependency <Task(EmailOperator): send_email>, prepare_email already registered for DAG: example_dag_decorator
[2023-04-30T17:55:32.556+0000] {processor.py:766} INFO - DAG(s) dict_keys(['example_dag_decorator']) retrieved from /home/airflow/.local/lib/python3.7/site-packages/airflow/example_dags/example_dag_decorator.py
[2023-04-30T17:55:32.642+0000] {logging_mixin.py:120} INFO - [2023-04-30T17:55:32.642+0000] {dag.py:2585} INFO - Sync 1 DAGs
[2023-04-30T17:55:32.665+0000] {logging_mixin.py:120} INFO - [2023-04-30T17:55:32.665+0000] {dag.py:3340} INFO - Setting next_dagrun for example_dag_decorator to None, run_after=None
[2023-04-30T17:55:32.691+0000] {processor.py:176} INFO - Processing /home/airflow/.local/lib/python3.7/site-packages/airflow/example_dags/example_dag_decorator.py took 0.169 seconds
[2023-04-30T17:56:03.088+0000] {processor.py:154} INFO - Started process (PID=907) to work on /home/airflow/.local/lib/python3.7/site-packages/airflow/example_dags/example_dag_decorator.py
[2023-04-30T17:56:03.090+0000] {processor.py:756} INFO - Processing file /home/airflow/.local/lib/python3.7/site-packages/airflow/example_dags/example_dag_decorator.py for tasks to queue
[2023-04-30T17:56:03.091+0000] {logging_mixin.py:120} INFO - [2023-04-30T17:56:03.091+0000] {dagbag.py:537} INFO - Filling up the DagBag from /home/airflow/.local/lib/python3.7/site-packages/airflow/example_dags/example_dag_decorator.py
[2023-04-30T17:56:03.109+0000] {logging_mixin.py:120} INFO - [2023-04-30T17:56:03.109+0000] {taskmixin.py:205} WARNING - Dependency <Task(_PythonDecoratedOperator): prepare_email>, send_email already registered for DAG: example_dag_decorator
[2023-04-30T17:56:03.110+0000] {logging_mixin.py:120} INFO - [2023-04-30T17:56:03.109+0000] {taskmixin.py:205} WARNING - Dependency <Task(EmailOperator): send_email>, prepare_email already registered for DAG: example_dag_decorator
[2023-04-30T17:56:03.123+0000] {processor.py:766} INFO - DAG(s) dict_keys(['example_dag_decorator']) retrieved from /home/airflow/.local/lib/python3.7/site-packages/airflow/example_dags/example_dag_decorator.py
[2023-04-30T17:56:03.209+0000] {logging_mixin.py:120} INFO - [2023-04-30T17:56:03.209+0000] {dag.py:2585} INFO - Sync 1 DAGs
[2023-04-30T17:56:03.233+0000] {logging_mixin.py:120} INFO - [2023-04-30T17:56:03.233+0000] {dag.py:3340} INFO - Setting next_dagrun for example_dag_decorator to None, run_after=None
[2023-04-30T17:56:03.262+0000] {processor.py:176} INFO - Processing /home/airflow/.local/lib/python3.7/site-packages/airflow/example_dags/example_dag_decorator.py took 0.177 seconds
[2023-04-30T17:56:33.692+0000] {processor.py:154} INFO - Started process (PID=962) to work on /home/airflow/.local/lib/python3.7/site-packages/airflow/example_dags/example_dag_decorator.py
[2023-04-30T17:56:33.693+0000] {processor.py:756} INFO - Processing file /home/airflow/.local/lib/python3.7/site-packages/airflow/example_dags/example_dag_decorator.py for tasks to queue
[2023-04-30T17:56:33.694+0000] {logging_mixin.py:120} INFO - [2023-04-30T17:56:33.694+0000] {dagbag.py:537} INFO - Filling up the DagBag from /home/airflow/.local/lib/python3.7/site-packages/airflow/example_dags/example_dag_decorator.py
[2023-04-30T17:56:33.707+0000] {logging_mixin.py:120} INFO - [2023-04-30T17:56:33.707+0000] {taskmixin.py:205} WARNING - Dependency <Task(_PythonDecoratedOperator): prepare_email>, send_email already registered for DAG: example_dag_decorator
[2023-04-30T17:56:33.707+0000] {logging_mixin.py:120} INFO - [2023-04-30T17:56:33.707+0000] {taskmixin.py:205} WARNING - Dependency <Task(EmailOperator): send_email>, prepare_email already registered for DAG: example_dag_decorator
[2023-04-30T17:56:33.717+0000] {processor.py:766} INFO - DAG(s) dict_keys(['example_dag_decorator']) retrieved from /home/airflow/.local/lib/python3.7/site-packages/airflow/example_dags/example_dag_decorator.py
[2023-04-30T17:56:33.802+0000] {logging_mixin.py:120} INFO - [2023-04-30T17:56:33.802+0000] {dag.py:2585} INFO - Sync 1 DAGs
[2023-04-30T17:56:33.828+0000] {logging_mixin.py:120} INFO - [2023-04-30T17:56:33.827+0000] {dag.py:3340} INFO - Setting next_dagrun for example_dag_decorator to None, run_after=None
[2023-04-30T17:56:33.854+0000] {processor.py:176} INFO - Processing /home/airflow/.local/lib/python3.7/site-packages/airflow/example_dags/example_dag_decorator.py took 0.165 seconds
[2023-04-30T17:57:04.317+0000] {processor.py:154} INFO - Started process (PID=1026) to work on /home/airflow/.local/lib/python3.7/site-packages/airflow/example_dags/example_dag_decorator.py
[2023-04-30T17:57:04.319+0000] {processor.py:756} INFO - Processing file /home/airflow/.local/lib/python3.7/site-packages/airflow/example_dags/example_dag_decorator.py for tasks to queue
[2023-04-30T17:57:04.320+0000] {logging_mixin.py:120} INFO - [2023-04-30T17:57:04.320+0000] {dagbag.py:537} INFO - Filling up the DagBag from /home/airflow/.local/lib/python3.7/site-packages/airflow/example_dags/example_dag_decorator.py
[2023-04-30T17:57:04.337+0000] {logging_mixin.py:120} INFO - [2023-04-30T17:57:04.336+0000] {taskmixin.py:205} WARNING - Dependency <Task(_PythonDecoratedOperator): prepare_email>, send_email already registered for DAG: example_dag_decorator
[2023-04-30T17:57:04.337+0000] {logging_mixin.py:120} INFO - [2023-04-30T17:57:04.337+0000] {taskmixin.py:205} WARNING - Dependency <Task(EmailOperator): send_email>, prepare_email already registered for DAG: example_dag_decorator
[2023-04-30T17:57:04.348+0000] {processor.py:766} INFO - DAG(s) dict_keys(['example_dag_decorator']) retrieved from /home/airflow/.local/lib/python3.7/site-packages/airflow/example_dags/example_dag_decorator.py
[2023-04-30T17:57:04.425+0000] {logging_mixin.py:120} INFO - [2023-04-30T17:57:04.425+0000] {dag.py:2585} INFO - Sync 1 DAGs
[2023-04-30T17:57:04.448+0000] {logging_mixin.py:120} INFO - [2023-04-30T17:57:04.448+0000] {dag.py:3340} INFO - Setting next_dagrun for example_dag_decorator to None, run_after=None
[2023-04-30T17:57:04.473+0000] {processor.py:176} INFO - Processing /home/airflow/.local/lib/python3.7/site-packages/airflow/example_dags/example_dag_decorator.py took 0.159 seconds
[2023-04-30T17:57:34.904+0000] {processor.py:154} INFO - Started process (PID=1089) to work on /home/airflow/.local/lib/python3.7/site-packages/airflow/example_dags/example_dag_decorator.py
[2023-04-30T17:57:34.905+0000] {processor.py:756} INFO - Processing file /home/airflow/.local/lib/python3.7/site-packages/airflow/example_dags/example_dag_decorator.py for tasks to queue
[2023-04-30T17:57:34.905+0000] {logging_mixin.py:120} INFO - [2023-04-30T17:57:34.905+0000] {dagbag.py:537} INFO - Filling up the DagBag from /home/airflow/.local/lib/python3.7/site-packages/airflow/example_dags/example_dag_decorator.py
[2023-04-30T17:57:34.922+0000] {logging_mixin.py:120} INFO - [2023-04-30T17:57:34.922+0000] {taskmixin.py:205} WARNING - Dependency <Task(_PythonDecoratedOperator): prepare_email>, send_email already registered for DAG: example_dag_decorator
[2023-04-30T17:57:34.922+0000] {logging_mixin.py:120} INFO - [2023-04-30T17:57:34.922+0000] {taskmixin.py:205} WARNING - Dependency <Task(EmailOperator): send_email>, prepare_email already registered for DAG: example_dag_decorator
[2023-04-30T17:57:34.936+0000] {processor.py:766} INFO - DAG(s) dict_keys(['example_dag_decorator']) retrieved from /home/airflow/.local/lib/python3.7/site-packages/airflow/example_dags/example_dag_decorator.py
[2023-04-30T17:57:35.030+0000] {logging_mixin.py:120} INFO - [2023-04-30T17:57:35.029+0000] {dag.py:2585} INFO - Sync 1 DAGs
[2023-04-30T17:57:35.054+0000] {logging_mixin.py:120} INFO - [2023-04-30T17:57:35.054+0000] {dag.py:3340} INFO - Setting next_dagrun for example_dag_decorator to None, run_after=None
[2023-04-30T17:57:35.088+0000] {processor.py:176} INFO - Processing /home/airflow/.local/lib/python3.7/site-packages/airflow/example_dags/example_dag_decorator.py took 0.187 seconds
[2023-04-30T17:58:05.593+0000] {processor.py:154} INFO - Started process (PID=1150) to work on /home/airflow/.local/lib/python3.7/site-packages/airflow/example_dags/example_dag_decorator.py
[2023-04-30T17:58:05.595+0000] {processor.py:756} INFO - Processing file /home/airflow/.local/lib/python3.7/site-packages/airflow/example_dags/example_dag_decorator.py for tasks to queue
[2023-04-30T17:58:05.596+0000] {logging_mixin.py:120} INFO - [2023-04-30T17:58:05.595+0000] {dagbag.py:537} INFO - Filling up the DagBag from /home/airflow/.local/lib/python3.7/site-packages/airflow/example_dags/example_dag_decorator.py
[2023-04-30T17:58:05.614+0000] {logging_mixin.py:120} INFO - [2023-04-30T17:58:05.614+0000] {taskmixin.py:205} WARNING - Dependency <Task(_PythonDecoratedOperator): prepare_email>, send_email already registered for DAG: example_dag_decorator
[2023-04-30T17:58:05.615+0000] {logging_mixin.py:120} INFO - [2023-04-30T17:58:05.615+0000] {taskmixin.py:205} WARNING - Dependency <Task(EmailOperator): send_email>, prepare_email already registered for DAG: example_dag_decorator
[2023-04-30T17:58:05.628+0000] {processor.py:766} INFO - DAG(s) dict_keys(['example_dag_decorator']) retrieved from /home/airflow/.local/lib/python3.7/site-packages/airflow/example_dags/example_dag_decorator.py
[2023-04-30T17:58:05.732+0000] {logging_mixin.py:120} INFO - [2023-04-30T17:58:05.732+0000] {dag.py:2585} INFO - Sync 1 DAGs
[2023-04-30T17:58:05.768+0000] {logging_mixin.py:120} INFO - [2023-04-30T17:58:05.768+0000] {dag.py:3340} INFO - Setting next_dagrun for example_dag_decorator to None, run_after=None
[2023-04-30T17:58:05.798+0000] {processor.py:176} INFO - Processing /home/airflow/.local/lib/python3.7/site-packages/airflow/example_dags/example_dag_decorator.py took 0.207 seconds
[2023-04-30T17:58:36.223+0000] {processor.py:154} INFO - Started process (PID=1213) to work on /home/airflow/.local/lib/python3.7/site-packages/airflow/example_dags/example_dag_decorator.py
[2023-04-30T17:58:36.225+0000] {processor.py:756} INFO - Processing file /home/airflow/.local/lib/python3.7/site-packages/airflow/example_dags/example_dag_decorator.py for tasks to queue
[2023-04-30T17:58:36.225+0000] {logging_mixin.py:120} INFO - [2023-04-30T17:58:36.225+0000] {dagbag.py:537} INFO - Filling up the DagBag from /home/airflow/.local/lib/python3.7/site-packages/airflow/example_dags/example_dag_decorator.py
[2023-04-30T17:58:36.237+0000] {logging_mixin.py:120} INFO - [2023-04-30T17:58:36.237+0000] {taskmixin.py:205} WARNING - Dependency <Task(_PythonDecoratedOperator): prepare_email>, send_email already registered for DAG: example_dag_decorator
[2023-04-30T17:58:36.237+0000] {logging_mixin.py:120} INFO - [2023-04-30T17:58:36.237+0000] {taskmixin.py:205} WARNING - Dependency <Task(EmailOperator): send_email>, prepare_email already registered for DAG: example_dag_decorator
[2023-04-30T17:58:36.247+0000] {processor.py:766} INFO - DAG(s) dict_keys(['example_dag_decorator']) retrieved from /home/airflow/.local/lib/python3.7/site-packages/airflow/example_dags/example_dag_decorator.py
[2023-04-30T17:58:36.324+0000] {logging_mixin.py:120} INFO - [2023-04-30T17:58:36.324+0000] {dag.py:2585} INFO - Sync 1 DAGs
[2023-04-30T17:58:36.350+0000] {logging_mixin.py:120} INFO - [2023-04-30T17:58:36.350+0000] {dag.py:3340} INFO - Setting next_dagrun for example_dag_decorator to None, run_after=None
[2023-04-30T17:58:36.374+0000] {processor.py:176} INFO - Processing /home/airflow/.local/lib/python3.7/site-packages/airflow/example_dags/example_dag_decorator.py took 0.153 seconds
[2023-04-30T17:59:07.075+0000] {processor.py:154} INFO - Started process (PID=1276) to work on /home/airflow/.local/lib/python3.7/site-packages/airflow/example_dags/example_dag_decorator.py
[2023-04-30T17:59:07.076+0000] {processor.py:756} INFO - Processing file /home/airflow/.local/lib/python3.7/site-packages/airflow/example_dags/example_dag_decorator.py for tasks to queue
[2023-04-30T17:59:07.077+0000] {logging_mixin.py:120} INFO - [2023-04-30T17:59:07.077+0000] {dagbag.py:537} INFO - Filling up the DagBag from /home/airflow/.local/lib/python3.7/site-packages/airflow/example_dags/example_dag_decorator.py
[2023-04-30T17:59:07.091+0000] {logging_mixin.py:120} INFO - [2023-04-30T17:59:07.091+0000] {taskmixin.py:205} WARNING - Dependency <Task(_PythonDecoratedOperator): prepare_email>, send_email already registered for DAG: example_dag_decorator
[2023-04-30T17:59:07.091+0000] {logging_mixin.py:120} INFO - [2023-04-30T17:59:07.091+0000] {taskmixin.py:205} WARNING - Dependency <Task(EmailOperator): send_email>, prepare_email already registered for DAG: example_dag_decorator
[2023-04-30T17:59:07.103+0000] {processor.py:766} INFO - DAG(s) dict_keys(['example_dag_decorator']) retrieved from /home/airflow/.local/lib/python3.7/site-packages/airflow/example_dags/example_dag_decorator.py
[2023-04-30T17:59:07.183+0000] {logging_mixin.py:120} INFO - [2023-04-30T17:59:07.183+0000] {dag.py:2585} INFO - Sync 1 DAGs
[2023-04-30T17:59:07.208+0000] {logging_mixin.py:120} INFO - [2023-04-30T17:59:07.208+0000] {dag.py:3340} INFO - Setting next_dagrun for example_dag_decorator to None, run_after=None
[2023-04-30T17:59:07.238+0000] {processor.py:176} INFO - Processing /home/airflow/.local/lib/python3.7/site-packages/airflow/example_dags/example_dag_decorator.py took 0.166 seconds
[2023-04-30T17:59:37.748+0000] {processor.py:154} INFO - Started process (PID=1330) to work on /home/airflow/.local/lib/python3.7/site-packages/airflow/example_dags/example_dag_decorator.py
[2023-04-30T17:59:37.750+0000] {processor.py:756} INFO - Processing file /home/airflow/.local/lib/python3.7/site-packages/airflow/example_dags/example_dag_decorator.py for tasks to queue
[2023-04-30T17:59:37.750+0000] {logging_mixin.py:120} INFO - [2023-04-30T17:59:37.750+0000] {dagbag.py:537} INFO - Filling up the DagBag from /home/airflow/.local/lib/python3.7/site-packages/airflow/example_dags/example_dag_decorator.py
[2023-04-30T17:59:37.763+0000] {logging_mixin.py:120} INFO - [2023-04-30T17:59:37.763+0000] {taskmixin.py:205} WARNING - Dependency <Task(_PythonDecoratedOperator): prepare_email>, send_email already registered for DAG: example_dag_decorator
[2023-04-30T17:59:37.763+0000] {logging_mixin.py:120} INFO - [2023-04-30T17:59:37.763+0000] {taskmixin.py:205} WARNING - Dependency <Task(EmailOperator): send_email>, prepare_email already registered for DAG: example_dag_decorator
[2023-04-30T17:59:37.773+0000] {processor.py:766} INFO - DAG(s) dict_keys(['example_dag_decorator']) retrieved from /home/airflow/.local/lib/python3.7/site-packages/airflow/example_dags/example_dag_decorator.py
[2023-04-30T17:59:37.860+0000] {logging_mixin.py:120} INFO - [2023-04-30T17:59:37.860+0000] {dag.py:2585} INFO - Sync 1 DAGs
[2023-04-30T17:59:37.886+0000] {logging_mixin.py:120} INFO - [2023-04-30T17:59:37.886+0000] {dag.py:3340} INFO - Setting next_dagrun for example_dag_decorator to None, run_after=None
[2023-04-30T17:59:37.915+0000] {processor.py:176} INFO - Processing /home/airflow/.local/lib/python3.7/site-packages/airflow/example_dags/example_dag_decorator.py took 0.169 seconds
[2023-04-30T18:00:08.450+0000] {processor.py:154} INFO - Started process (PID=1394) to work on /home/airflow/.local/lib/python3.7/site-packages/airflow/example_dags/example_dag_decorator.py
[2023-04-30T18:00:08.451+0000] {processor.py:756} INFO - Processing file /home/airflow/.local/lib/python3.7/site-packages/airflow/example_dags/example_dag_decorator.py for tasks to queue
[2023-04-30T18:00:08.452+0000] {logging_mixin.py:120} INFO - [2023-04-30T18:00:08.452+0000] {dagbag.py:537} INFO - Filling up the DagBag from /home/airflow/.local/lib/python3.7/site-packages/airflow/example_dags/example_dag_decorator.py
[2023-04-30T18:00:08.464+0000] {logging_mixin.py:120} INFO - [2023-04-30T18:00:08.464+0000] {taskmixin.py:205} WARNING - Dependency <Task(_PythonDecoratedOperator): prepare_email>, send_email already registered for DAG: example_dag_decorator
[2023-04-30T18:00:08.465+0000] {logging_mixin.py:120} INFO - [2023-04-30T18:00:08.465+0000] {taskmixin.py:205} WARNING - Dependency <Task(EmailOperator): send_email>, prepare_email already registered for DAG: example_dag_decorator
[2023-04-30T18:00:08.474+0000] {processor.py:766} INFO - DAG(s) dict_keys(['example_dag_decorator']) retrieved from /home/airflow/.local/lib/python3.7/site-packages/airflow/example_dags/example_dag_decorator.py
[2023-04-30T18:00:08.550+0000] {logging_mixin.py:120} INFO - [2023-04-30T18:00:08.550+0000] {dag.py:2585} INFO - Sync 1 DAGs
[2023-04-30T18:00:08.574+0000] {logging_mixin.py:120} INFO - [2023-04-30T18:00:08.574+0000] {dag.py:3340} INFO - Setting next_dagrun for example_dag_decorator to None, run_after=None
[2023-04-30T18:00:08.600+0000] {processor.py:176} INFO - Processing /home/airflow/.local/lib/python3.7/site-packages/airflow/example_dags/example_dag_decorator.py took 0.152 seconds
[2023-04-30T18:00:39.159+0000] {processor.py:154} INFO - Started process (PID=1458) to work on /home/airflow/.local/lib/python3.7/site-packages/airflow/example_dags/example_dag_decorator.py
[2023-04-30T18:00:39.161+0000] {processor.py:756} INFO - Processing file /home/airflow/.local/lib/python3.7/site-packages/airflow/example_dags/example_dag_decorator.py for tasks to queue
[2023-04-30T18:00:39.161+0000] {logging_mixin.py:120} INFO - [2023-04-30T18:00:39.161+0000] {dagbag.py:537} INFO - Filling up the DagBag from /home/airflow/.local/lib/python3.7/site-packages/airflow/example_dags/example_dag_decorator.py
[2023-04-30T18:00:39.174+0000] {logging_mixin.py:120} INFO - [2023-04-30T18:00:39.173+0000] {taskmixin.py:205} WARNING - Dependency <Task(_PythonDecoratedOperator): prepare_email>, send_email already registered for DAG: example_dag_decorator
[2023-04-30T18:00:39.174+0000] {logging_mixin.py:120} INFO - [2023-04-30T18:00:39.174+0000] {taskmixin.py:205} WARNING - Dependency <Task(EmailOperator): send_email>, prepare_email already registered for DAG: example_dag_decorator
[2023-04-30T18:00:39.184+0000] {processor.py:766} INFO - DAG(s) dict_keys(['example_dag_decorator']) retrieved from /home/airflow/.local/lib/python3.7/site-packages/airflow/example_dags/example_dag_decorator.py
[2023-04-30T18:00:39.261+0000] {logging_mixin.py:120} INFO - [2023-04-30T18:00:39.261+0000] {dag.py:2585} INFO - Sync 1 DAGs
[2023-04-30T18:00:39.285+0000] {logging_mixin.py:120} INFO - [2023-04-30T18:00:39.285+0000] {dag.py:3340} INFO - Setting next_dagrun for example_dag_decorator to None, run_after=None
[2023-04-30T18:00:39.310+0000] {processor.py:176} INFO - Processing /home/airflow/.local/lib/python3.7/site-packages/airflow/example_dags/example_dag_decorator.py took 0.153 seconds
[2023-04-30T18:01:09.900+0000] {processor.py:154} INFO - Started process (PID=1514) to work on /home/airflow/.local/lib/python3.7/site-packages/airflow/example_dags/example_dag_decorator.py
[2023-04-30T18:01:09.902+0000] {processor.py:756} INFO - Processing file /home/airflow/.local/lib/python3.7/site-packages/airflow/example_dags/example_dag_decorator.py for tasks to queue
[2023-04-30T18:01:09.902+0000] {logging_mixin.py:120} INFO - [2023-04-30T18:01:09.902+0000] {dagbag.py:537} INFO - Filling up the DagBag from /home/airflow/.local/lib/python3.7/site-packages/airflow/example_dags/example_dag_decorator.py
[2023-04-30T18:01:09.922+0000] {logging_mixin.py:120} INFO - [2023-04-30T18:01:09.921+0000] {taskmixin.py:205} WARNING - Dependency <Task(_PythonDecoratedOperator): prepare_email>, send_email already registered for DAG: example_dag_decorator
[2023-04-30T18:01:09.922+0000] {logging_mixin.py:120} INFO - [2023-04-30T18:01:09.922+0000] {taskmixin.py:205} WARNING - Dependency <Task(EmailOperator): send_email>, prepare_email already registered for DAG: example_dag_decorator
[2023-04-30T18:01:09.941+0000] {processor.py:766} INFO - DAG(s) dict_keys(['example_dag_decorator']) retrieved from /home/airflow/.local/lib/python3.7/site-packages/airflow/example_dags/example_dag_decorator.py
[2023-04-30T18:01:10.068+0000] {logging_mixin.py:120} INFO - [2023-04-30T18:01:10.068+0000] {dag.py:2585} INFO - Sync 1 DAGs
[2023-04-30T18:01:10.102+0000] {logging_mixin.py:120} INFO - [2023-04-30T18:01:10.102+0000] {dag.py:3340} INFO - Setting next_dagrun for example_dag_decorator to None, run_after=None
[2023-04-30T18:01:10.141+0000] {processor.py:176} INFO - Processing /home/airflow/.local/lib/python3.7/site-packages/airflow/example_dags/example_dag_decorator.py took 0.244 seconds
[2023-04-30T18:01:40.651+0000] {processor.py:154} INFO - Started process (PID=1575) to work on /home/airflow/.local/lib/python3.7/site-packages/airflow/example_dags/example_dag_decorator.py
[2023-04-30T18:01:40.652+0000] {processor.py:756} INFO - Processing file /home/airflow/.local/lib/python3.7/site-packages/airflow/example_dags/example_dag_decorator.py for tasks to queue
[2023-04-30T18:01:40.653+0000] {logging_mixin.py:120} INFO - [2023-04-30T18:01:40.653+0000] {dagbag.py:537} INFO - Filling up the DagBag from /home/airflow/.local/lib/python3.7/site-packages/airflow/example_dags/example_dag_decorator.py
[2023-04-30T18:01:40.666+0000] {logging_mixin.py:120} INFO - [2023-04-30T18:01:40.666+0000] {taskmixin.py:205} WARNING - Dependency <Task(_PythonDecoratedOperator): prepare_email>, send_email already registered for DAG: example_dag_decorator
[2023-04-30T18:01:40.666+0000] {logging_mixin.py:120} INFO - [2023-04-30T18:01:40.666+0000] {taskmixin.py:205} WARNING - Dependency <Task(EmailOperator): send_email>, prepare_email already registered for DAG: example_dag_decorator
[2023-04-30T18:01:40.676+0000] {processor.py:766} INFO - DAG(s) dict_keys(['example_dag_decorator']) retrieved from /home/airflow/.local/lib/python3.7/site-packages/airflow/example_dags/example_dag_decorator.py
[2023-04-30T18:01:40.761+0000] {logging_mixin.py:120} INFO - [2023-04-30T18:01:40.761+0000] {dag.py:2585} INFO - Sync 1 DAGs
[2023-04-30T18:01:40.785+0000] {logging_mixin.py:120} INFO - [2023-04-30T18:01:40.785+0000] {dag.py:3340} INFO - Setting next_dagrun for example_dag_decorator to None, run_after=None
[2023-04-30T18:01:40.810+0000] {processor.py:176} INFO - Processing /home/airflow/.local/lib/python3.7/site-packages/airflow/example_dags/example_dag_decorator.py took 0.162 seconds
[2023-04-30T18:02:11.167+0000] {processor.py:154} INFO - Started process (PID=1638) to work on /home/airflow/.local/lib/python3.7/site-packages/airflow/example_dags/example_dag_decorator.py
[2023-04-30T18:02:11.169+0000] {processor.py:756} INFO - Processing file /home/airflow/.local/lib/python3.7/site-packages/airflow/example_dags/example_dag_decorator.py for tasks to queue
[2023-04-30T18:02:11.170+0000] {logging_mixin.py:120} INFO - [2023-04-30T18:02:11.169+0000] {dagbag.py:537} INFO - Filling up the DagBag from /home/airflow/.local/lib/python3.7/site-packages/airflow/example_dags/example_dag_decorator.py
[2023-04-30T18:02:11.181+0000] {logging_mixin.py:120} INFO - [2023-04-30T18:02:11.181+0000] {taskmixin.py:205} WARNING - Dependency <Task(_PythonDecoratedOperator): prepare_email>, send_email already registered for DAG: example_dag_decorator
[2023-04-30T18:02:11.182+0000] {logging_mixin.py:120} INFO - [2023-04-30T18:02:11.182+0000] {taskmixin.py:205} WARNING - Dependency <Task(EmailOperator): send_email>, prepare_email already registered for DAG: example_dag_decorator
[2023-04-30T18:02:11.191+0000] {processor.py:766} INFO - DAG(s) dict_keys(['example_dag_decorator']) retrieved from /home/airflow/.local/lib/python3.7/site-packages/airflow/example_dags/example_dag_decorator.py
[2023-04-30T18:02:11.270+0000] {logging_mixin.py:120} INFO - [2023-04-30T18:02:11.270+0000] {dag.py:2585} INFO - Sync 1 DAGs
[2023-04-30T18:02:11.293+0000] {logging_mixin.py:120} INFO - [2023-04-30T18:02:11.292+0000] {dag.py:3340} INFO - Setting next_dagrun for example_dag_decorator to None, run_after=None
[2023-04-30T18:02:11.320+0000] {processor.py:176} INFO - Processing /home/airflow/.local/lib/python3.7/site-packages/airflow/example_dags/example_dag_decorator.py took 0.154 seconds
[2023-04-30T18:02:41.594+0000] {processor.py:154} INFO - Started process (PID=1701) to work on /home/airflow/.local/lib/python3.7/site-packages/airflow/example_dags/example_dag_decorator.py
[2023-04-30T18:02:41.596+0000] {processor.py:756} INFO - Processing file /home/airflow/.local/lib/python3.7/site-packages/airflow/example_dags/example_dag_decorator.py for tasks to queue
[2023-04-30T18:02:41.596+0000] {logging_mixin.py:120} INFO - [2023-04-30T18:02:41.596+0000] {dagbag.py:537} INFO - Filling up the DagBag from /home/airflow/.local/lib/python3.7/site-packages/airflow/example_dags/example_dag_decorator.py
[2023-04-30T18:02:41.609+0000] {logging_mixin.py:120} INFO - [2023-04-30T18:02:41.609+0000] {taskmixin.py:205} WARNING - Dependency <Task(_PythonDecoratedOperator): prepare_email>, send_email already registered for DAG: example_dag_decorator
[2023-04-30T18:02:41.609+0000] {logging_mixin.py:120} INFO - [2023-04-30T18:02:41.609+0000] {taskmixin.py:205} WARNING - Dependency <Task(EmailOperator): send_email>, prepare_email already registered for DAG: example_dag_decorator
[2023-04-30T18:02:41.619+0000] {processor.py:766} INFO - DAG(s) dict_keys(['example_dag_decorator']) retrieved from /home/airflow/.local/lib/python3.7/site-packages/airflow/example_dags/example_dag_decorator.py
[2023-04-30T18:02:41.713+0000] {logging_mixin.py:120} INFO - [2023-04-30T18:02:41.713+0000] {dag.py:2585} INFO - Sync 1 DAGs
[2023-04-30T18:02:41.738+0000] {logging_mixin.py:120} INFO - [2023-04-30T18:02:41.738+0000] {dag.py:3340} INFO - Setting next_dagrun for example_dag_decorator to None, run_after=None
[2023-04-30T18:02:41.764+0000] {processor.py:176} INFO - Processing /home/airflow/.local/lib/python3.7/site-packages/airflow/example_dags/example_dag_decorator.py took 0.173 seconds
[2023-04-30T18:03:12.117+0000] {processor.py:154} INFO - Started process (PID=1755) to work on /home/airflow/.local/lib/python3.7/site-packages/airflow/example_dags/example_dag_decorator.py
[2023-04-30T18:03:12.118+0000] {processor.py:756} INFO - Processing file /home/airflow/.local/lib/python3.7/site-packages/airflow/example_dags/example_dag_decorator.py for tasks to queue
[2023-04-30T18:03:12.119+0000] {logging_mixin.py:120} INFO - [2023-04-30T18:03:12.119+0000] {dagbag.py:537} INFO - Filling up the DagBag from /home/airflow/.local/lib/python3.7/site-packages/airflow/example_dags/example_dag_decorator.py
[2023-04-30T18:03:12.132+0000] {logging_mixin.py:120} INFO - [2023-04-30T18:03:12.132+0000] {taskmixin.py:205} WARNING - Dependency <Task(_PythonDecoratedOperator): prepare_email>, send_email already registered for DAG: example_dag_decorator
[2023-04-30T18:03:12.132+0000] {logging_mixin.py:120} INFO - [2023-04-30T18:03:12.132+0000] {taskmixin.py:205} WARNING - Dependency <Task(EmailOperator): send_email>, prepare_email already registered for DAG: example_dag_decorator
[2023-04-30T18:03:12.143+0000] {processor.py:766} INFO - DAG(s) dict_keys(['example_dag_decorator']) retrieved from /home/airflow/.local/lib/python3.7/site-packages/airflow/example_dags/example_dag_decorator.py
[2023-04-30T18:03:12.232+0000] {logging_mixin.py:120} INFO - [2023-04-30T18:03:12.232+0000] {dag.py:2585} INFO - Sync 1 DAGs
[2023-04-30T18:03:12.258+0000] {logging_mixin.py:120} INFO - [2023-04-30T18:03:12.258+0000] {dag.py:3340} INFO - Setting next_dagrun for example_dag_decorator to None, run_after=None
[2023-04-30T18:03:12.282+0000] {processor.py:176} INFO - Processing /home/airflow/.local/lib/python3.7/site-packages/airflow/example_dags/example_dag_decorator.py took 0.168 seconds
[2023-04-30T18:03:42.720+0000] {processor.py:154} INFO - Started process (PID=1819) to work on /home/airflow/.local/lib/python3.7/site-packages/airflow/example_dags/example_dag_decorator.py
[2023-04-30T18:03:42.722+0000] {processor.py:756} INFO - Processing file /home/airflow/.local/lib/python3.7/site-packages/airflow/example_dags/example_dag_decorator.py for tasks to queue
[2023-04-30T18:03:42.722+0000] {logging_mixin.py:120} INFO - [2023-04-30T18:03:42.722+0000] {dagbag.py:537} INFO - Filling up the DagBag from /home/airflow/.local/lib/python3.7/site-packages/airflow/example_dags/example_dag_decorator.py
[2023-04-30T18:03:42.733+0000] {logging_mixin.py:120} INFO - [2023-04-30T18:03:42.733+0000] {taskmixin.py:205} WARNING - Dependency <Task(_PythonDecoratedOperator): prepare_email>, send_email already registered for DAG: example_dag_decorator
[2023-04-30T18:03:42.734+0000] {logging_mixin.py:120} INFO - [2023-04-30T18:03:42.733+0000] {taskmixin.py:205} WARNING - Dependency <Task(EmailOperator): send_email>, prepare_email already registered for DAG: example_dag_decorator
[2023-04-30T18:03:42.743+0000] {processor.py:766} INFO - DAG(s) dict_keys(['example_dag_decorator']) retrieved from /home/airflow/.local/lib/python3.7/site-packages/airflow/example_dags/example_dag_decorator.py
[2023-04-30T18:03:42.824+0000] {logging_mixin.py:120} INFO - [2023-04-30T18:03:42.823+0000] {dag.py:2585} INFO - Sync 1 DAGs
[2023-04-30T18:03:42.847+0000] {logging_mixin.py:120} INFO - [2023-04-30T18:03:42.847+0000] {dag.py:3340} INFO - Setting next_dagrun for example_dag_decorator to None, run_after=None
[2023-04-30T18:03:42.872+0000] {processor.py:176} INFO - Processing /home/airflow/.local/lib/python3.7/site-packages/airflow/example_dags/example_dag_decorator.py took 0.154 seconds
[2023-04-30T18:04:13.268+0000] {processor.py:154} INFO - Started process (PID=1882) to work on /home/airflow/.local/lib/python3.7/site-packages/airflow/example_dags/example_dag_decorator.py
[2023-04-30T18:04:13.271+0000] {processor.py:756} INFO - Processing file /home/airflow/.local/lib/python3.7/site-packages/airflow/example_dags/example_dag_decorator.py for tasks to queue
[2023-04-30T18:04:13.271+0000] {logging_mixin.py:120} INFO - [2023-04-30T18:04:13.271+0000] {dagbag.py:537} INFO - Filling up the DagBag from /home/airflow/.local/lib/python3.7/site-packages/airflow/example_dags/example_dag_decorator.py
[2023-04-30T18:04:13.284+0000] {logging_mixin.py:120} INFO - [2023-04-30T18:04:13.284+0000] {taskmixin.py:205} WARNING - Dependency <Task(_PythonDecoratedOperator): prepare_email>, send_email already registered for DAG: example_dag_decorator
[2023-04-30T18:04:13.285+0000] {logging_mixin.py:120} INFO - [2023-04-30T18:04:13.285+0000] {taskmixin.py:205} WARNING - Dependency <Task(EmailOperator): send_email>, prepare_email already registered for DAG: example_dag_decorator
[2023-04-30T18:04:13.294+0000] {processor.py:766} INFO - DAG(s) dict_keys(['example_dag_decorator']) retrieved from /home/airflow/.local/lib/python3.7/site-packages/airflow/example_dags/example_dag_decorator.py
[2023-04-30T18:04:13.372+0000] {logging_mixin.py:120} INFO - [2023-04-30T18:04:13.372+0000] {dag.py:2585} INFO - Sync 1 DAGs
[2023-04-30T18:04:13.395+0000] {logging_mixin.py:120} INFO - [2023-04-30T18:04:13.395+0000] {dag.py:3340} INFO - Setting next_dagrun for example_dag_decorator to None, run_after=None
[2023-04-30T18:04:13.422+0000] {processor.py:176} INFO - Processing /home/airflow/.local/lib/python3.7/site-packages/airflow/example_dags/example_dag_decorator.py took 0.156 seconds
[2023-04-30T18:04:43.784+0000] {processor.py:154} INFO - Started process (PID=1937) to work on /home/airflow/.local/lib/python3.7/site-packages/airflow/example_dags/example_dag_decorator.py
[2023-04-30T18:04:43.785+0000] {processor.py:756} INFO - Processing file /home/airflow/.local/lib/python3.7/site-packages/airflow/example_dags/example_dag_decorator.py for tasks to queue
[2023-04-30T18:04:43.785+0000] {logging_mixin.py:120} INFO - [2023-04-30T18:04:43.785+0000] {dagbag.py:537} INFO - Filling up the DagBag from /home/airflow/.local/lib/python3.7/site-packages/airflow/example_dags/example_dag_decorator.py
[2023-04-30T18:04:43.797+0000] {logging_mixin.py:120} INFO - [2023-04-30T18:04:43.797+0000] {taskmixin.py:205} WARNING - Dependency <Task(_PythonDecoratedOperator): prepare_email>, send_email already registered for DAG: example_dag_decorator
[2023-04-30T18:04:43.797+0000] {logging_mixin.py:120} INFO - [2023-04-30T18:04:43.797+0000] {taskmixin.py:205} WARNING - Dependency <Task(EmailOperator): send_email>, prepare_email already registered for DAG: example_dag_decorator
[2023-04-30T18:04:43.807+0000] {processor.py:766} INFO - DAG(s) dict_keys(['example_dag_decorator']) retrieved from /home/airflow/.local/lib/python3.7/site-packages/airflow/example_dags/example_dag_decorator.py
[2023-04-30T18:04:43.887+0000] {logging_mixin.py:120} INFO - [2023-04-30T18:04:43.886+0000] {dag.py:2585} INFO - Sync 1 DAGs
[2023-04-30T18:04:43.912+0000] {logging_mixin.py:120} INFO - [2023-04-30T18:04:43.912+0000] {dag.py:3340} INFO - Setting next_dagrun for example_dag_decorator to None, run_after=None
[2023-04-30T18:04:43.950+0000] {processor.py:176} INFO - Processing /home/airflow/.local/lib/python3.7/site-packages/airflow/example_dags/example_dag_decorator.py took 0.168 seconds
[2023-04-30T18:05:14.409+0000] {processor.py:154} INFO - Started process (PID=2000) to work on /home/airflow/.local/lib/python3.7/site-packages/airflow/example_dags/example_dag_decorator.py
[2023-04-30T18:05:14.411+0000] {processor.py:756} INFO - Processing file /home/airflow/.local/lib/python3.7/site-packages/airflow/example_dags/example_dag_decorator.py for tasks to queue
[2023-04-30T18:05:14.412+0000] {logging_mixin.py:120} INFO - [2023-04-30T18:05:14.411+0000] {dagbag.py:537} INFO - Filling up the DagBag from /home/airflow/.local/lib/python3.7/site-packages/airflow/example_dags/example_dag_decorator.py
[2023-04-30T18:05:14.425+0000] {logging_mixin.py:120} INFO - [2023-04-30T18:05:14.425+0000] {taskmixin.py:205} WARNING - Dependency <Task(_PythonDecoratedOperator): prepare_email>, send_email already registered for DAG: example_dag_decorator
[2023-04-30T18:05:14.425+0000] {logging_mixin.py:120} INFO - [2023-04-30T18:05:14.425+0000] {taskmixin.py:205} WARNING - Dependency <Task(EmailOperator): send_email>, prepare_email already registered for DAG: example_dag_decorator
[2023-04-30T18:05:14.438+0000] {processor.py:766} INFO - DAG(s) dict_keys(['example_dag_decorator']) retrieved from /home/airflow/.local/lib/python3.7/site-packages/airflow/example_dags/example_dag_decorator.py
[2023-04-30T18:05:14.533+0000] {logging_mixin.py:120} INFO - [2023-04-30T18:05:14.532+0000] {dag.py:2585} INFO - Sync 1 DAGs
[2023-04-30T18:05:14.560+0000] {logging_mixin.py:120} INFO - [2023-04-30T18:05:14.560+0000] {dag.py:3340} INFO - Setting next_dagrun for example_dag_decorator to None, run_after=None
[2023-04-30T18:05:14.596+0000] {processor.py:176} INFO - Processing /home/airflow/.local/lib/python3.7/site-packages/airflow/example_dags/example_dag_decorator.py took 0.189 seconds
[2023-04-30T18:05:45.054+0000] {processor.py:154} INFO - Started process (PID=2064) to work on /home/airflow/.local/lib/python3.7/site-packages/airflow/example_dags/example_dag_decorator.py
[2023-04-30T18:05:45.055+0000] {processor.py:756} INFO - Processing file /home/airflow/.local/lib/python3.7/site-packages/airflow/example_dags/example_dag_decorator.py for tasks to queue
[2023-04-30T18:05:45.055+0000] {logging_mixin.py:120} INFO - [2023-04-30T18:05:45.055+0000] {dagbag.py:537} INFO - Filling up the DagBag from /home/airflow/.local/lib/python3.7/site-packages/airflow/example_dags/example_dag_decorator.py
[2023-04-30T18:05:45.072+0000] {logging_mixin.py:120} INFO - [2023-04-30T18:05:45.072+0000] {taskmixin.py:205} WARNING - Dependency <Task(_PythonDecoratedOperator): prepare_email>, send_email already registered for DAG: example_dag_decorator
[2023-04-30T18:05:45.072+0000] {logging_mixin.py:120} INFO - [2023-04-30T18:05:45.072+0000] {taskmixin.py:205} WARNING - Dependency <Task(EmailOperator): send_email>, prepare_email already registered for DAG: example_dag_decorator
[2023-04-30T18:05:45.083+0000] {processor.py:766} INFO - DAG(s) dict_keys(['example_dag_decorator']) retrieved from /home/airflow/.local/lib/python3.7/site-packages/airflow/example_dags/example_dag_decorator.py
[2023-04-30T18:05:45.163+0000] {logging_mixin.py:120} INFO - [2023-04-30T18:05:45.162+0000] {dag.py:2585} INFO - Sync 1 DAGs
[2023-04-30T18:05:45.186+0000] {logging_mixin.py:120} INFO - [2023-04-30T18:05:45.186+0000] {dag.py:3340} INFO - Setting next_dagrun for example_dag_decorator to None, run_after=None
[2023-04-30T18:05:45.212+0000] {processor.py:176} INFO - Processing /home/airflow/.local/lib/python3.7/site-packages/airflow/example_dags/example_dag_decorator.py took 0.160 seconds
[2023-04-30T18:06:15.595+0000] {processor.py:154} INFO - Started process (PID=2118) to work on /home/airflow/.local/lib/python3.7/site-packages/airflow/example_dags/example_dag_decorator.py
[2023-04-30T18:06:15.596+0000] {processor.py:756} INFO - Processing file /home/airflow/.local/lib/python3.7/site-packages/airflow/example_dags/example_dag_decorator.py for tasks to queue
[2023-04-30T18:06:15.597+0000] {logging_mixin.py:120} INFO - [2023-04-30T18:06:15.597+0000] {dagbag.py:537} INFO - Filling up the DagBag from /home/airflow/.local/lib/python3.7/site-packages/airflow/example_dags/example_dag_decorator.py
[2023-04-30T18:06:15.608+0000] {logging_mixin.py:120} INFO - [2023-04-30T18:06:15.608+0000] {taskmixin.py:205} WARNING - Dependency <Task(_PythonDecoratedOperator): prepare_email>, send_email already registered for DAG: example_dag_decorator
[2023-04-30T18:06:15.608+0000] {logging_mixin.py:120} INFO - [2023-04-30T18:06:15.608+0000] {taskmixin.py:205} WARNING - Dependency <Task(EmailOperator): send_email>, prepare_email already registered for DAG: example_dag_decorator
[2023-04-30T18:06:15.618+0000] {processor.py:766} INFO - DAG(s) dict_keys(['example_dag_decorator']) retrieved from /home/airflow/.local/lib/python3.7/site-packages/airflow/example_dags/example_dag_decorator.py
[2023-04-30T18:06:15.698+0000] {logging_mixin.py:120} INFO - [2023-04-30T18:06:15.698+0000] {dag.py:2585} INFO - Sync 1 DAGs
[2023-04-30T18:06:15.725+0000] {logging_mixin.py:120} INFO - [2023-04-30T18:06:15.724+0000] {dag.py:3340} INFO - Setting next_dagrun for example_dag_decorator to None, run_after=None
[2023-04-30T18:06:15.753+0000] {processor.py:176} INFO - Processing /home/airflow/.local/lib/python3.7/site-packages/airflow/example_dags/example_dag_decorator.py took 0.160 seconds
[2023-04-30T18:06:46.100+0000] {processor.py:154} INFO - Started process (PID=2181) to work on /home/airflow/.local/lib/python3.7/site-packages/airflow/example_dags/example_dag_decorator.py
[2023-04-30T18:06:46.101+0000] {processor.py:756} INFO - Processing file /home/airflow/.local/lib/python3.7/site-packages/airflow/example_dags/example_dag_decorator.py for tasks to queue
[2023-04-30T18:06:46.101+0000] {logging_mixin.py:120} INFO - [2023-04-30T18:06:46.101+0000] {dagbag.py:537} INFO - Filling up the DagBag from /home/airflow/.local/lib/python3.7/site-packages/airflow/example_dags/example_dag_decorator.py
[2023-04-30T18:06:46.115+0000] {logging_mixin.py:120} INFO - [2023-04-30T18:06:46.115+0000] {taskmixin.py:205} WARNING - Dependency <Task(_PythonDecoratedOperator): prepare_email>, send_email already registered for DAG: example_dag_decorator
[2023-04-30T18:06:46.115+0000] {logging_mixin.py:120} INFO - [2023-04-30T18:06:46.115+0000] {taskmixin.py:205} WARNING - Dependency <Task(EmailOperator): send_email>, prepare_email already registered for DAG: example_dag_decorator
[2023-04-30T18:06:46.125+0000] {processor.py:766} INFO - DAG(s) dict_keys(['example_dag_decorator']) retrieved from /home/airflow/.local/lib/python3.7/site-packages/airflow/example_dags/example_dag_decorator.py
[2023-04-30T18:06:46.207+0000] {logging_mixin.py:120} INFO - [2023-04-30T18:06:46.207+0000] {dag.py:2585} INFO - Sync 1 DAGs
[2023-04-30T18:06:46.233+0000] {logging_mixin.py:120} INFO - [2023-04-30T18:06:46.233+0000] {dag.py:3340} INFO - Setting next_dagrun for example_dag_decorator to None, run_after=None
[2023-04-30T18:06:46.257+0000] {processor.py:176} INFO - Processing /home/airflow/.local/lib/python3.7/site-packages/airflow/example_dags/example_dag_decorator.py took 0.160 seconds
[2023-04-30T18:07:16.710+0000] {processor.py:154} INFO - Started process (PID=2244) to work on /home/airflow/.local/lib/python3.7/site-packages/airflow/example_dags/example_dag_decorator.py
[2023-04-30T18:07:16.711+0000] {processor.py:756} INFO - Processing file /home/airflow/.local/lib/python3.7/site-packages/airflow/example_dags/example_dag_decorator.py for tasks to queue
[2023-04-30T18:07:16.711+0000] {logging_mixin.py:120} INFO - [2023-04-30T18:07:16.711+0000] {dagbag.py:537} INFO - Filling up the DagBag from /home/airflow/.local/lib/python3.7/site-packages/airflow/example_dags/example_dag_decorator.py
[2023-04-30T18:07:16.723+0000] {logging_mixin.py:120} INFO - [2023-04-30T18:07:16.722+0000] {taskmixin.py:205} WARNING - Dependency <Task(_PythonDecoratedOperator): prepare_email>, send_email already registered for DAG: example_dag_decorator
[2023-04-30T18:07:16.723+0000] {logging_mixin.py:120} INFO - [2023-04-30T18:07:16.723+0000] {taskmixin.py:205} WARNING - Dependency <Task(EmailOperator): send_email>, prepare_email already registered for DAG: example_dag_decorator
[2023-04-30T18:07:16.732+0000] {processor.py:766} INFO - DAG(s) dict_keys(['example_dag_decorator']) retrieved from /home/airflow/.local/lib/python3.7/site-packages/airflow/example_dags/example_dag_decorator.py
[2023-04-30T18:07:16.823+0000] {logging_mixin.py:120} INFO - [2023-04-30T18:07:16.823+0000] {dag.py:2585} INFO - Sync 1 DAGs
[2023-04-30T18:07:16.847+0000] {logging_mixin.py:120} INFO - [2023-04-30T18:07:16.846+0000] {dag.py:3340} INFO - Setting next_dagrun for example_dag_decorator to None, run_after=None
[2023-04-30T18:07:16.870+0000] {processor.py:176} INFO - Processing /home/airflow/.local/lib/python3.7/site-packages/airflow/example_dags/example_dag_decorator.py took 0.162 seconds
[2023-04-30T18:07:47.197+0000] {processor.py:154} INFO - Started process (PID=2307) to work on /home/airflow/.local/lib/python3.7/site-packages/airflow/example_dags/example_dag_decorator.py
[2023-04-30T18:07:47.206+0000] {processor.py:756} INFO - Processing file /home/airflow/.local/lib/python3.7/site-packages/airflow/example_dags/example_dag_decorator.py for tasks to queue
[2023-04-30T18:07:47.206+0000] {logging_mixin.py:120} INFO - [2023-04-30T18:07:47.206+0000] {dagbag.py:537} INFO - Filling up the DagBag from /home/airflow/.local/lib/python3.7/site-packages/airflow/example_dags/example_dag_decorator.py
[2023-04-30T18:07:47.224+0000] {logging_mixin.py:120} INFO - [2023-04-30T18:07:47.223+0000] {taskmixin.py:205} WARNING - Dependency <Task(_PythonDecoratedOperator): prepare_email>, send_email already registered for DAG: example_dag_decorator
[2023-04-30T18:07:47.224+0000] {logging_mixin.py:120} INFO - [2023-04-30T18:07:47.224+0000] {taskmixin.py:205} WARNING - Dependency <Task(EmailOperator): send_email>, prepare_email already registered for DAG: example_dag_decorator
[2023-04-30T18:07:47.234+0000] {processor.py:766} INFO - DAG(s) dict_keys(['example_dag_decorator']) retrieved from /home/airflow/.local/lib/python3.7/site-packages/airflow/example_dags/example_dag_decorator.py
[2023-04-30T18:07:47.317+0000] {logging_mixin.py:120} INFO - [2023-04-30T18:07:47.317+0000] {dag.py:2585} INFO - Sync 1 DAGs
[2023-04-30T18:07:47.344+0000] {logging_mixin.py:120} INFO - [2023-04-30T18:07:47.344+0000] {dag.py:3340} INFO - Setting next_dagrun for example_dag_decorator to None, run_after=None
[2023-04-30T18:07:47.373+0000] {processor.py:176} INFO - Processing /home/airflow/.local/lib/python3.7/site-packages/airflow/example_dags/example_dag_decorator.py took 0.179 seconds
[2023-04-30T18:08:17.718+0000] {processor.py:154} INFO - Started process (PID=2361) to work on /home/airflow/.local/lib/python3.7/site-packages/airflow/example_dags/example_dag_decorator.py
[2023-04-30T18:08:17.718+0000] {processor.py:756} INFO - Processing file /home/airflow/.local/lib/python3.7/site-packages/airflow/example_dags/example_dag_decorator.py for tasks to queue
[2023-04-30T18:08:17.719+0000] {logging_mixin.py:120} INFO - [2023-04-30T18:08:17.719+0000] {dagbag.py:537} INFO - Filling up the DagBag from /home/airflow/.local/lib/python3.7/site-packages/airflow/example_dags/example_dag_decorator.py
[2023-04-30T18:08:17.732+0000] {logging_mixin.py:120} INFO - [2023-04-30T18:08:17.732+0000] {taskmixin.py:205} WARNING - Dependency <Task(_PythonDecoratedOperator): prepare_email>, send_email already registered for DAG: example_dag_decorator
[2023-04-30T18:08:17.732+0000] {logging_mixin.py:120} INFO - [2023-04-30T18:08:17.732+0000] {taskmixin.py:205} WARNING - Dependency <Task(EmailOperator): send_email>, prepare_email already registered for DAG: example_dag_decorator
[2023-04-30T18:08:17.742+0000] {processor.py:766} INFO - DAG(s) dict_keys(['example_dag_decorator']) retrieved from /home/airflow/.local/lib/python3.7/site-packages/airflow/example_dags/example_dag_decorator.py
[2023-04-30T18:08:17.821+0000] {logging_mixin.py:120} INFO - [2023-04-30T18:08:17.821+0000] {dag.py:2585} INFO - Sync 1 DAGs
[2023-04-30T18:08:17.845+0000] {logging_mixin.py:120} INFO - [2023-04-30T18:08:17.845+0000] {dag.py:3340} INFO - Setting next_dagrun for example_dag_decorator to None, run_after=None
[2023-04-30T18:08:17.869+0000] {processor.py:176} INFO - Processing /home/airflow/.local/lib/python3.7/site-packages/airflow/example_dags/example_dag_decorator.py took 0.153 seconds
[2023-04-30T18:08:48.164+0000] {processor.py:154} INFO - Started process (PID=2424) to work on /home/airflow/.local/lib/python3.7/site-packages/airflow/example_dags/example_dag_decorator.py
[2023-04-30T18:08:48.173+0000] {processor.py:756} INFO - Processing file /home/airflow/.local/lib/python3.7/site-packages/airflow/example_dags/example_dag_decorator.py for tasks to queue
[2023-04-30T18:08:48.173+0000] {logging_mixin.py:120} INFO - [2023-04-30T18:08:48.173+0000] {dagbag.py:537} INFO - Filling up the DagBag from /home/airflow/.local/lib/python3.7/site-packages/airflow/example_dags/example_dag_decorator.py
[2023-04-30T18:08:48.186+0000] {logging_mixin.py:120} INFO - [2023-04-30T18:08:48.186+0000] {taskmixin.py:205} WARNING - Dependency <Task(_PythonDecoratedOperator): prepare_email>, send_email already registered for DAG: example_dag_decorator
[2023-04-30T18:08:48.187+0000] {logging_mixin.py:120} INFO - [2023-04-30T18:08:48.187+0000] {taskmixin.py:205} WARNING - Dependency <Task(EmailOperator): send_email>, prepare_email already registered for DAG: example_dag_decorator
[2023-04-30T18:08:48.198+0000] {processor.py:766} INFO - DAG(s) dict_keys(['example_dag_decorator']) retrieved from /home/airflow/.local/lib/python3.7/site-packages/airflow/example_dags/example_dag_decorator.py
[2023-04-30T18:08:48.277+0000] {logging_mixin.py:120} INFO - [2023-04-30T18:08:48.277+0000] {dag.py:2585} INFO - Sync 1 DAGs
[2023-04-30T18:08:48.303+0000] {logging_mixin.py:120} INFO - [2023-04-30T18:08:48.303+0000] {dag.py:3340} INFO - Setting next_dagrun for example_dag_decorator to None, run_after=None
[2023-04-30T18:08:48.329+0000] {processor.py:176} INFO - Processing /home/airflow/.local/lib/python3.7/site-packages/airflow/example_dags/example_dag_decorator.py took 0.166 seconds
[2023-04-30T18:09:18.962+0000] {processor.py:154} INFO - Started process (PID=2487) to work on /home/airflow/.local/lib/python3.7/site-packages/airflow/example_dags/example_dag_decorator.py
[2023-04-30T18:09:18.963+0000] {processor.py:756} INFO - Processing file /home/airflow/.local/lib/python3.7/site-packages/airflow/example_dags/example_dag_decorator.py for tasks to queue
[2023-04-30T18:09:18.964+0000] {logging_mixin.py:120} INFO - [2023-04-30T18:09:18.964+0000] {dagbag.py:537} INFO - Filling up the DagBag from /home/airflow/.local/lib/python3.7/site-packages/airflow/example_dags/example_dag_decorator.py
[2023-04-30T18:09:18.994+0000] {logging_mixin.py:120} INFO - [2023-04-30T18:09:18.994+0000] {taskmixin.py:205} WARNING - Dependency <Task(_PythonDecoratedOperator): prepare_email>, send_email already registered for DAG: example_dag_decorator
[2023-04-30T18:09:18.994+0000] {logging_mixin.py:120} INFO - [2023-04-30T18:09:18.994+0000] {taskmixin.py:205} WARNING - Dependency <Task(EmailOperator): send_email>, prepare_email already registered for DAG: example_dag_decorator
[2023-04-30T18:09:19.008+0000] {processor.py:766} INFO - DAG(s) dict_keys(['example_dag_decorator']) retrieved from /home/airflow/.local/lib/python3.7/site-packages/airflow/example_dags/example_dag_decorator.py
[2023-04-30T18:09:19.087+0000] {logging_mixin.py:120} INFO - [2023-04-30T18:09:19.087+0000] {dag.py:2585} INFO - Sync 1 DAGs
[2023-04-30T18:09:19.110+0000] {logging_mixin.py:120} INFO - [2023-04-30T18:09:19.110+0000] {dag.py:3340} INFO - Setting next_dagrun for example_dag_decorator to None, run_after=None
[2023-04-30T18:09:19.134+0000] {processor.py:176} INFO - Processing /home/airflow/.local/lib/python3.7/site-packages/airflow/example_dags/example_dag_decorator.py took 0.174 seconds
[2023-04-30T18:09:49.601+0000] {processor.py:154} INFO - Started process (PID=2541) to work on /home/airflow/.local/lib/python3.7/site-packages/airflow/example_dags/example_dag_decorator.py
[2023-04-30T18:09:49.602+0000] {processor.py:756} INFO - Processing file /home/airflow/.local/lib/python3.7/site-packages/airflow/example_dags/example_dag_decorator.py for tasks to queue
[2023-04-30T18:09:49.603+0000] {logging_mixin.py:120} INFO - [2023-04-30T18:09:49.603+0000] {dagbag.py:537} INFO - Filling up the DagBag from /home/airflow/.local/lib/python3.7/site-packages/airflow/example_dags/example_dag_decorator.py
[2023-04-30T18:09:49.616+0000] {logging_mixin.py:120} INFO - [2023-04-30T18:09:49.616+0000] {taskmixin.py:205} WARNING - Dependency <Task(_PythonDecoratedOperator): prepare_email>, send_email already registered for DAG: example_dag_decorator
[2023-04-30T18:09:49.616+0000] {logging_mixin.py:120} INFO - [2023-04-30T18:09:49.616+0000] {taskmixin.py:205} WARNING - Dependency <Task(EmailOperator): send_email>, prepare_email already registered for DAG: example_dag_decorator
[2023-04-30T18:09:49.630+0000] {processor.py:766} INFO - DAG(s) dict_keys(['example_dag_decorator']) retrieved from /home/airflow/.local/lib/python3.7/site-packages/airflow/example_dags/example_dag_decorator.py
[2023-04-30T18:09:49.710+0000] {logging_mixin.py:120} INFO - [2023-04-30T18:09:49.710+0000] {dag.py:2585} INFO - Sync 1 DAGs
[2023-04-30T18:09:49.734+0000] {logging_mixin.py:120} INFO - [2023-04-30T18:09:49.734+0000] {dag.py:3340} INFO - Setting next_dagrun for example_dag_decorator to None, run_after=None
[2023-04-30T18:09:49.762+0000] {processor.py:176} INFO - Processing /home/airflow/.local/lib/python3.7/site-packages/airflow/example_dags/example_dag_decorator.py took 0.163 seconds
[2023-04-30T18:10:20.089+0000] {processor.py:154} INFO - Started process (PID=2604) to work on /home/airflow/.local/lib/python3.7/site-packages/airflow/example_dags/example_dag_decorator.py
[2023-04-30T18:10:20.090+0000] {processor.py:756} INFO - Processing file /home/airflow/.local/lib/python3.7/site-packages/airflow/example_dags/example_dag_decorator.py for tasks to queue
[2023-04-30T18:10:20.090+0000] {logging_mixin.py:120} INFO - [2023-04-30T18:10:20.090+0000] {dagbag.py:537} INFO - Filling up the DagBag from /home/airflow/.local/lib/python3.7/site-packages/airflow/example_dags/example_dag_decorator.py
[2023-04-30T18:10:20.102+0000] {logging_mixin.py:120} INFO - [2023-04-30T18:10:20.102+0000] {taskmixin.py:205} WARNING - Dependency <Task(_PythonDecoratedOperator): prepare_email>, send_email already registered for DAG: example_dag_decorator
[2023-04-30T18:10:20.102+0000] {logging_mixin.py:120} INFO - [2023-04-30T18:10:20.102+0000] {taskmixin.py:205} WARNING - Dependency <Task(EmailOperator): send_email>, prepare_email already registered for DAG: example_dag_decorator
[2023-04-30T18:10:20.111+0000] {processor.py:766} INFO - DAG(s) dict_keys(['example_dag_decorator']) retrieved from /home/airflow/.local/lib/python3.7/site-packages/airflow/example_dags/example_dag_decorator.py
[2023-04-30T18:10:20.187+0000] {logging_mixin.py:120} INFO - [2023-04-30T18:10:20.187+0000] {dag.py:2585} INFO - Sync 1 DAGs
[2023-04-30T18:10:20.212+0000] {logging_mixin.py:120} INFO - [2023-04-30T18:10:20.211+0000] {dag.py:3340} INFO - Setting next_dagrun for example_dag_decorator to None, run_after=None
[2023-04-30T18:10:20.236+0000] {processor.py:176} INFO - Processing /home/airflow/.local/lib/python3.7/site-packages/airflow/example_dags/example_dag_decorator.py took 0.148 seconds
[2023-04-30T18:10:50.564+0000] {processor.py:154} INFO - Started process (PID=2667) to work on /home/airflow/.local/lib/python3.7/site-packages/airflow/example_dags/example_dag_decorator.py
[2023-04-30T18:10:50.572+0000] {processor.py:756} INFO - Processing file /home/airflow/.local/lib/python3.7/site-packages/airflow/example_dags/example_dag_decorator.py for tasks to queue
[2023-04-30T18:10:50.573+0000] {logging_mixin.py:120} INFO - [2023-04-30T18:10:50.573+0000] {dagbag.py:537} INFO - Filling up the DagBag from /home/airflow/.local/lib/python3.7/site-packages/airflow/example_dags/example_dag_decorator.py
[2023-04-30T18:10:50.584+0000] {logging_mixin.py:120} INFO - [2023-04-30T18:10:50.584+0000] {taskmixin.py:205} WARNING - Dependency <Task(_PythonDecoratedOperator): prepare_email>, send_email already registered for DAG: example_dag_decorator
[2023-04-30T18:10:50.584+0000] {logging_mixin.py:120} INFO - [2023-04-30T18:10:50.584+0000] {taskmixin.py:205} WARNING - Dependency <Task(EmailOperator): send_email>, prepare_email already registered for DAG: example_dag_decorator
[2023-04-30T18:10:50.594+0000] {processor.py:766} INFO - DAG(s) dict_keys(['example_dag_decorator']) retrieved from /home/airflow/.local/lib/python3.7/site-packages/airflow/example_dags/example_dag_decorator.py
[2023-04-30T18:10:50.672+0000] {logging_mixin.py:120} INFO - [2023-04-30T18:10:50.672+0000] {dag.py:2585} INFO - Sync 1 DAGs
[2023-04-30T18:10:50.697+0000] {logging_mixin.py:120} INFO - [2023-04-30T18:10:50.697+0000] {dag.py:3340} INFO - Setting next_dagrun for example_dag_decorator to None, run_after=None
[2023-04-30T18:10:50.723+0000] {processor.py:176} INFO - Processing /home/airflow/.local/lib/python3.7/site-packages/airflow/example_dags/example_dag_decorator.py took 0.161 seconds
[2023-04-30T18:11:21.121+0000] {processor.py:154} INFO - Started process (PID=2721) to work on /home/airflow/.local/lib/python3.7/site-packages/airflow/example_dags/example_dag_decorator.py
[2023-04-30T18:11:21.122+0000] {processor.py:756} INFO - Processing file /home/airflow/.local/lib/python3.7/site-packages/airflow/example_dags/example_dag_decorator.py for tasks to queue
[2023-04-30T18:11:21.122+0000] {logging_mixin.py:120} INFO - [2023-04-30T18:11:21.122+0000] {dagbag.py:537} INFO - Filling up the DagBag from /home/airflow/.local/lib/python3.7/site-packages/airflow/example_dags/example_dag_decorator.py
[2023-04-30T18:11:21.138+0000] {logging_mixin.py:120} INFO - [2023-04-30T18:11:21.138+0000] {taskmixin.py:205} WARNING - Dependency <Task(_PythonDecoratedOperator): prepare_email>, send_email already registered for DAG: example_dag_decorator
[2023-04-30T18:11:21.138+0000] {logging_mixin.py:120} INFO - [2023-04-30T18:11:21.138+0000] {taskmixin.py:205} WARNING - Dependency <Task(EmailOperator): send_email>, prepare_email already registered for DAG: example_dag_decorator
[2023-04-30T18:11:21.148+0000] {processor.py:766} INFO - DAG(s) dict_keys(['example_dag_decorator']) retrieved from /home/airflow/.local/lib/python3.7/site-packages/airflow/example_dags/example_dag_decorator.py
[2023-04-30T18:11:21.231+0000] {logging_mixin.py:120} INFO - [2023-04-30T18:11:21.231+0000] {dag.py:2585} INFO - Sync 1 DAGs
[2023-04-30T18:11:21.255+0000] {logging_mixin.py:120} INFO - [2023-04-30T18:11:21.255+0000] {dag.py:3340} INFO - Setting next_dagrun for example_dag_decorator to None, run_after=None
[2023-04-30T18:11:21.283+0000] {processor.py:176} INFO - Processing /home/airflow/.local/lib/python3.7/site-packages/airflow/example_dags/example_dag_decorator.py took 0.164 seconds
[2023-04-30T18:11:51.532+0000] {processor.py:154} INFO - Started process (PID=2784) to work on /home/airflow/.local/lib/python3.7/site-packages/airflow/example_dags/example_dag_decorator.py
[2023-04-30T18:11:51.533+0000] {processor.py:756} INFO - Processing file /home/airflow/.local/lib/python3.7/site-packages/airflow/example_dags/example_dag_decorator.py for tasks to queue
[2023-04-30T18:11:51.534+0000] {logging_mixin.py:120} INFO - [2023-04-30T18:11:51.534+0000] {dagbag.py:537} INFO - Filling up the DagBag from /home/airflow/.local/lib/python3.7/site-packages/airflow/example_dags/example_dag_decorator.py
[2023-04-30T18:11:51.547+0000] {logging_mixin.py:120} INFO - [2023-04-30T18:11:51.547+0000] {taskmixin.py:205} WARNING - Dependency <Task(_PythonDecoratedOperator): prepare_email>, send_email already registered for DAG: example_dag_decorator
[2023-04-30T18:11:51.547+0000] {logging_mixin.py:120} INFO - [2023-04-30T18:11:51.547+0000] {taskmixin.py:205} WARNING - Dependency <Task(EmailOperator): send_email>, prepare_email already registered for DAG: example_dag_decorator
[2023-04-30T18:11:51.558+0000] {processor.py:766} INFO - DAG(s) dict_keys(['example_dag_decorator']) retrieved from /home/airflow/.local/lib/python3.7/site-packages/airflow/example_dags/example_dag_decorator.py
[2023-04-30T18:11:51.639+0000] {logging_mixin.py:120} INFO - [2023-04-30T18:11:51.639+0000] {dag.py:2585} INFO - Sync 1 DAGs
[2023-04-30T18:11:51.662+0000] {logging_mixin.py:120} INFO - [2023-04-30T18:11:51.662+0000] {dag.py:3340} INFO - Setting next_dagrun for example_dag_decorator to None, run_after=None
[2023-04-30T18:11:51.687+0000] {processor.py:176} INFO - Processing /home/airflow/.local/lib/python3.7/site-packages/airflow/example_dags/example_dag_decorator.py took 0.157 seconds
[2023-04-30T18:20:43.466+0000] {processor.py:154} INFO - Started process (PID=2815) to work on /home/airflow/.local/lib/python3.7/site-packages/airflow/example_dags/example_dag_decorator.py
[2023-04-30T18:20:43.468+0000] {processor.py:756} INFO - Processing file /home/airflow/.local/lib/python3.7/site-packages/airflow/example_dags/example_dag_decorator.py for tasks to queue
[2023-04-30T18:20:43.469+0000] {logging_mixin.py:120} INFO - [2023-04-30T18:20:43.469+0000] {dagbag.py:537} INFO - Filling up the DagBag from /home/airflow/.local/lib/python3.7/site-packages/airflow/example_dags/example_dag_decorator.py
[2023-04-30T18:20:43.518+0000] {logging_mixin.py:120} INFO - [2023-04-30T18:20:43.518+0000] {taskmixin.py:205} WARNING - Dependency <Task(_PythonDecoratedOperator): prepare_email>, send_email already registered for DAG: example_dag_decorator
[2023-04-30T18:20:43.519+0000] {logging_mixin.py:120} INFO - [2023-04-30T18:20:43.518+0000] {taskmixin.py:205} WARNING - Dependency <Task(EmailOperator): send_email>, prepare_email already registered for DAG: example_dag_decorator
[2023-04-30T18:20:43.549+0000] {processor.py:766} INFO - DAG(s) dict_keys(['example_dag_decorator']) retrieved from /home/airflow/.local/lib/python3.7/site-packages/airflow/example_dags/example_dag_decorator.py
[2023-04-30T18:20:43.770+0000] {logging_mixin.py:120} INFO - [2023-04-30T18:20:43.770+0000] {dag.py:2585} INFO - Sync 1 DAGs
[2023-04-30T18:20:43.826+0000] {logging_mixin.py:120} INFO - [2023-04-30T18:20:43.826+0000] {dag.py:3340} INFO - Setting next_dagrun for example_dag_decorator to None, run_after=None
[2023-04-30T18:20:43.886+0000] {processor.py:176} INFO - Processing /home/airflow/.local/lib/python3.7/site-packages/airflow/example_dags/example_dag_decorator.py took 0.431 seconds
