[2023-04-30T17:48:59.198+0000] {processor.py:154} INFO - Started process (PID=83) to work on /home/airflow/.local/lib/python3.7/site-packages/airflow/example_dags/example_branch_day_of_week_operator.py
[2023-04-30T17:48:59.199+0000] {processor.py:756} INFO - Processing file /home/airflow/.local/lib/python3.7/site-packages/airflow/example_dags/example_branch_day_of_week_operator.py for tasks to queue
[2023-04-30T17:48:59.201+0000] {logging_mixin.py:120} INFO - [2023-04-30T17:48:59.200+0000] {dagbag.py:537} INFO - Filling up the DagBag from /home/airflow/.local/lib/python3.7/site-packages/airflow/example_dags/example_branch_day_of_week_operator.py
[2023-04-30T17:48:59.230+0000] {processor.py:766} INFO - DAG(s) dict_keys(['example_weekday_branch_operator']) retrieved from /home/airflow/.local/lib/python3.7/site-packages/airflow/example_dags/example_branch_day_of_week_operator.py
[2023-04-30T17:48:59.435+0000] {logging_mixin.py:120} INFO - [2023-04-30T17:48:59.435+0000] {manager.py:507} INFO - Created Permission View: can read on DAG:example_weekday_branch_operator
[2023-04-30T17:48:59.452+0000] {logging_mixin.py:120} INFO - [2023-04-30T17:48:59.451+0000] {manager.py:507} INFO - Created Permission View: can edit on DAG:example_weekday_branch_operator
[2023-04-30T17:48:59.466+0000] {logging_mixin.py:120} INFO - [2023-04-30T17:48:59.466+0000] {manager.py:507} INFO - Created Permission View: can delete on DAG:example_weekday_branch_operator
[2023-04-30T17:48:59.467+0000] {logging_mixin.py:120} INFO - [2023-04-30T17:48:59.467+0000] {dag.py:2585} INFO - Sync 1 DAGs
[2023-04-30T17:48:59.485+0000] {logging_mixin.py:120} INFO - [2023-04-30T17:48:59.485+0000] {dag.py:2606} INFO - Creating ORM DAG for example_weekday_branch_operator
[2023-04-30T17:48:59.504+0000] {logging_mixin.py:120} INFO - [2023-04-30T17:48:59.503+0000] {dag.py:3340} INFO - Setting next_dagrun for example_weekday_branch_operator to 2023-04-29T00:00:00+00:00, run_after=2023-04-30T00:00:00+00:00
[2023-04-30T17:48:59.544+0000] {processor.py:176} INFO - Processing /home/airflow/.local/lib/python3.7/site-packages/airflow/example_dags/example_branch_day_of_week_operator.py took 0.349 seconds
[2023-04-30T17:49:30.027+0000] {processor.py:154} INFO - Started process (PID=146) to work on /home/airflow/.local/lib/python3.7/site-packages/airflow/example_dags/example_branch_day_of_week_operator.py
[2023-04-30T17:49:30.028+0000] {processor.py:756} INFO - Processing file /home/airflow/.local/lib/python3.7/site-packages/airflow/example_dags/example_branch_day_of_week_operator.py for tasks to queue
[2023-04-30T17:49:30.029+0000] {logging_mixin.py:120} INFO - [2023-04-30T17:49:30.028+0000] {dagbag.py:537} INFO - Filling up the DagBag from /home/airflow/.local/lib/python3.7/site-packages/airflow/example_dags/example_branch_day_of_week_operator.py
[2023-04-30T17:49:30.043+0000] {processor.py:766} INFO - DAG(s) dict_keys(['example_weekday_branch_operator']) retrieved from /home/airflow/.local/lib/python3.7/site-packages/airflow/example_dags/example_branch_day_of_week_operator.py
[2023-04-30T17:49:30.084+0000] {logging_mixin.py:120} INFO - [2023-04-30T17:49:30.084+0000] {dag.py:2585} INFO - Sync 1 DAGs
[2023-04-30T17:49:30.116+0000] {logging_mixin.py:120} INFO - [2023-04-30T17:49:30.116+0000] {dag.py:3340} INFO - Setting next_dagrun for example_weekday_branch_operator to 2023-04-29T00:00:00+00:00, run_after=2023-04-30T00:00:00+00:00
[2023-04-30T17:49:30.142+0000] {processor.py:176} INFO - Processing /home/airflow/.local/lib/python3.7/site-packages/airflow/example_dags/example_branch_day_of_week_operator.py took 0.117 seconds
[2023-04-30T17:50:00.655+0000] {processor.py:154} INFO - Started process (PID=210) to work on /home/airflow/.local/lib/python3.7/site-packages/airflow/example_dags/example_branch_day_of_week_operator.py
[2023-04-30T17:50:00.656+0000] {processor.py:756} INFO - Processing file /home/airflow/.local/lib/python3.7/site-packages/airflow/example_dags/example_branch_day_of_week_operator.py for tasks to queue
[2023-04-30T17:50:00.657+0000] {logging_mixin.py:120} INFO - [2023-04-30T17:50:00.657+0000] {dagbag.py:537} INFO - Filling up the DagBag from /home/airflow/.local/lib/python3.7/site-packages/airflow/example_dags/example_branch_day_of_week_operator.py
[2023-04-30T17:50:00.670+0000] {processor.py:766} INFO - DAG(s) dict_keys(['example_weekday_branch_operator']) retrieved from /home/airflow/.local/lib/python3.7/site-packages/airflow/example_dags/example_branch_day_of_week_operator.py
[2023-04-30T17:50:00.710+0000] {logging_mixin.py:120} INFO - [2023-04-30T17:50:00.710+0000] {dag.py:2585} INFO - Sync 1 DAGs
[2023-04-30T17:50:00.738+0000] {logging_mixin.py:120} INFO - [2023-04-30T17:50:00.738+0000] {dag.py:3340} INFO - Setting next_dagrun for example_weekday_branch_operator to 2023-04-29T00:00:00+00:00, run_after=2023-04-30T00:00:00+00:00
[2023-04-30T17:50:00.759+0000] {processor.py:176} INFO - Processing /home/airflow/.local/lib/python3.7/site-packages/airflow/example_dags/example_branch_day_of_week_operator.py took 0.107 seconds
[2023-04-30T17:50:31.271+0000] {processor.py:154} INFO - Started process (PID=264) to work on /home/airflow/.local/lib/python3.7/site-packages/airflow/example_dags/example_branch_day_of_week_operator.py
[2023-04-30T17:50:31.272+0000] {processor.py:756} INFO - Processing file /home/airflow/.local/lib/python3.7/site-packages/airflow/example_dags/example_branch_day_of_week_operator.py for tasks to queue
[2023-04-30T17:50:31.273+0000] {logging_mixin.py:120} INFO - [2023-04-30T17:50:31.272+0000] {dagbag.py:537} INFO - Filling up the DagBag from /home/airflow/.local/lib/python3.7/site-packages/airflow/example_dags/example_branch_day_of_week_operator.py
[2023-04-30T17:50:31.286+0000] {processor.py:766} INFO - DAG(s) dict_keys(['example_weekday_branch_operator']) retrieved from /home/airflow/.local/lib/python3.7/site-packages/airflow/example_dags/example_branch_day_of_week_operator.py
[2023-04-30T17:50:31.326+0000] {logging_mixin.py:120} INFO - [2023-04-30T17:50:31.326+0000] {dag.py:2585} INFO - Sync 1 DAGs
[2023-04-30T17:50:31.354+0000] {logging_mixin.py:120} INFO - [2023-04-30T17:50:31.354+0000] {dag.py:3340} INFO - Setting next_dagrun for example_weekday_branch_operator to 2023-04-29T00:00:00+00:00, run_after=2023-04-30T00:00:00+00:00
[2023-04-30T17:50:31.377+0000] {processor.py:176} INFO - Processing /home/airflow/.local/lib/python3.7/site-packages/airflow/example_dags/example_branch_day_of_week_operator.py took 0.108 seconds
[2023-04-30T17:51:02.120+0000] {processor.py:154} INFO - Started process (PID=327) to work on /home/airflow/.local/lib/python3.7/site-packages/airflow/example_dags/example_branch_day_of_week_operator.py
[2023-04-30T17:51:02.121+0000] {processor.py:756} INFO - Processing file /home/airflow/.local/lib/python3.7/site-packages/airflow/example_dags/example_branch_day_of_week_operator.py for tasks to queue
[2023-04-30T17:51:02.122+0000] {logging_mixin.py:120} INFO - [2023-04-30T17:51:02.122+0000] {dagbag.py:537} INFO - Filling up the DagBag from /home/airflow/.local/lib/python3.7/site-packages/airflow/example_dags/example_branch_day_of_week_operator.py
[2023-04-30T17:51:02.134+0000] {processor.py:766} INFO - DAG(s) dict_keys(['example_weekday_branch_operator']) retrieved from /home/airflow/.local/lib/python3.7/site-packages/airflow/example_dags/example_branch_day_of_week_operator.py
[2023-04-30T17:51:02.172+0000] {logging_mixin.py:120} INFO - [2023-04-30T17:51:02.172+0000] {dag.py:2585} INFO - Sync 1 DAGs
[2023-04-30T17:51:02.199+0000] {logging_mixin.py:120} INFO - [2023-04-30T17:51:02.199+0000] {dag.py:3340} INFO - Setting next_dagrun for example_weekday_branch_operator to 2023-04-29T00:00:00+00:00, run_after=2023-04-30T00:00:00+00:00
[2023-04-30T17:51:02.224+0000] {processor.py:176} INFO - Processing /home/airflow/.local/lib/python3.7/site-packages/airflow/example_dags/example_branch_day_of_week_operator.py took 0.106 seconds
[2023-04-30T17:51:32.986+0000] {processor.py:154} INFO - Started process (PID=390) to work on /home/airflow/.local/lib/python3.7/site-packages/airflow/example_dags/example_branch_day_of_week_operator.py
[2023-04-30T17:51:32.987+0000] {processor.py:756} INFO - Processing file /home/airflow/.local/lib/python3.7/site-packages/airflow/example_dags/example_branch_day_of_week_operator.py for tasks to queue
[2023-04-30T17:51:32.987+0000] {logging_mixin.py:120} INFO - [2023-04-30T17:51:32.987+0000] {dagbag.py:537} INFO - Filling up the DagBag from /home/airflow/.local/lib/python3.7/site-packages/airflow/example_dags/example_branch_day_of_week_operator.py
[2023-04-30T17:51:33.003+0000] {processor.py:766} INFO - DAG(s) dict_keys(['example_weekday_branch_operator']) retrieved from /home/airflow/.local/lib/python3.7/site-packages/airflow/example_dags/example_branch_day_of_week_operator.py
[2023-04-30T17:51:33.045+0000] {logging_mixin.py:120} INFO - [2023-04-30T17:51:33.044+0000] {dag.py:2585} INFO - Sync 1 DAGs
[2023-04-30T17:51:33.079+0000] {logging_mixin.py:120} INFO - [2023-04-30T17:51:33.079+0000] {dag.py:3340} INFO - Setting next_dagrun for example_weekday_branch_operator to 2023-04-29T00:00:00+00:00, run_after=2023-04-30T00:00:00+00:00
[2023-04-30T17:51:33.104+0000] {processor.py:176} INFO - Processing /home/airflow/.local/lib/python3.7/site-packages/airflow/example_dags/example_branch_day_of_week_operator.py took 0.121 seconds
[2023-04-30T17:52:03.593+0000] {processor.py:154} INFO - Started process (PID=453) to work on /home/airflow/.local/lib/python3.7/site-packages/airflow/example_dags/example_branch_day_of_week_operator.py
[2023-04-30T17:52:03.594+0000] {processor.py:756} INFO - Processing file /home/airflow/.local/lib/python3.7/site-packages/airflow/example_dags/example_branch_day_of_week_operator.py for tasks to queue
[2023-04-30T17:52:03.595+0000] {logging_mixin.py:120} INFO - [2023-04-30T17:52:03.595+0000] {dagbag.py:537} INFO - Filling up the DagBag from /home/airflow/.local/lib/python3.7/site-packages/airflow/example_dags/example_branch_day_of_week_operator.py
[2023-04-30T17:52:03.613+0000] {processor.py:766} INFO - DAG(s) dict_keys(['example_weekday_branch_operator']) retrieved from /home/airflow/.local/lib/python3.7/site-packages/airflow/example_dags/example_branch_day_of_week_operator.py
[2023-04-30T17:52:03.655+0000] {logging_mixin.py:120} INFO - [2023-04-30T17:52:03.655+0000] {dag.py:2585} INFO - Sync 1 DAGs
[2023-04-30T17:52:03.686+0000] {logging_mixin.py:120} INFO - [2023-04-30T17:52:03.686+0000] {dag.py:3340} INFO - Setting next_dagrun for example_weekday_branch_operator to 2023-04-29T00:00:00+00:00, run_after=2023-04-30T00:00:00+00:00
[2023-04-30T17:52:03.715+0000] {processor.py:176} INFO - Processing /home/airflow/.local/lib/python3.7/site-packages/airflow/example_dags/example_branch_day_of_week_operator.py took 0.125 seconds
[2023-04-30T17:52:34.353+0000] {processor.py:154} INFO - Started process (PID=507) to work on /home/airflow/.local/lib/python3.7/site-packages/airflow/example_dags/example_branch_day_of_week_operator.py
[2023-04-30T17:52:34.354+0000] {processor.py:756} INFO - Processing file /home/airflow/.local/lib/python3.7/site-packages/airflow/example_dags/example_branch_day_of_week_operator.py for tasks to queue
[2023-04-30T17:52:34.354+0000] {logging_mixin.py:120} INFO - [2023-04-30T17:52:34.354+0000] {dagbag.py:537} INFO - Filling up the DagBag from /home/airflow/.local/lib/python3.7/site-packages/airflow/example_dags/example_branch_day_of_week_operator.py
[2023-04-30T17:52:34.367+0000] {processor.py:766} INFO - DAG(s) dict_keys(['example_weekday_branch_operator']) retrieved from /home/airflow/.local/lib/python3.7/site-packages/airflow/example_dags/example_branch_day_of_week_operator.py
[2023-04-30T17:52:34.404+0000] {logging_mixin.py:120} INFO - [2023-04-30T17:52:34.403+0000] {dag.py:2585} INFO - Sync 1 DAGs
[2023-04-30T17:52:34.430+0000] {logging_mixin.py:120} INFO - [2023-04-30T17:52:34.430+0000] {dag.py:3340} INFO - Setting next_dagrun for example_weekday_branch_operator to 2023-04-29T00:00:00+00:00, run_after=2023-04-30T00:00:00+00:00
[2023-04-30T17:52:34.455+0000] {processor.py:176} INFO - Processing /home/airflow/.local/lib/python3.7/site-packages/airflow/example_dags/example_branch_day_of_week_operator.py took 0.105 seconds
[2023-04-30T17:53:05.001+0000] {processor.py:154} INFO - Started process (PID=570) to work on /home/airflow/.local/lib/python3.7/site-packages/airflow/example_dags/example_branch_day_of_week_operator.py
[2023-04-30T17:53:05.002+0000] {processor.py:756} INFO - Processing file /home/airflow/.local/lib/python3.7/site-packages/airflow/example_dags/example_branch_day_of_week_operator.py for tasks to queue
[2023-04-30T17:53:05.002+0000] {logging_mixin.py:120} INFO - [2023-04-30T17:53:05.002+0000] {dagbag.py:537} INFO - Filling up the DagBag from /home/airflow/.local/lib/python3.7/site-packages/airflow/example_dags/example_branch_day_of_week_operator.py
[2023-04-30T17:53:05.017+0000] {processor.py:766} INFO - DAG(s) dict_keys(['example_weekday_branch_operator']) retrieved from /home/airflow/.local/lib/python3.7/site-packages/airflow/example_dags/example_branch_day_of_week_operator.py
[2023-04-30T17:53:05.060+0000] {logging_mixin.py:120} INFO - [2023-04-30T17:53:05.059+0000] {dag.py:2585} INFO - Sync 1 DAGs
[2023-04-30T17:53:05.090+0000] {logging_mixin.py:120} INFO - [2023-04-30T17:53:05.090+0000] {dag.py:3340} INFO - Setting next_dagrun for example_weekday_branch_operator to 2023-04-29T00:00:00+00:00, run_after=2023-04-30T00:00:00+00:00
[2023-04-30T17:53:05.118+0000] {processor.py:176} INFO - Processing /home/airflow/.local/lib/python3.7/site-packages/airflow/example_dags/example_branch_day_of_week_operator.py took 0.119 seconds
[2023-04-30T17:53:35.606+0000] {processor.py:154} INFO - Started process (PID=633) to work on /home/airflow/.local/lib/python3.7/site-packages/airflow/example_dags/example_branch_day_of_week_operator.py
[2023-04-30T17:53:35.607+0000] {processor.py:756} INFO - Processing file /home/airflow/.local/lib/python3.7/site-packages/airflow/example_dags/example_branch_day_of_week_operator.py for tasks to queue
[2023-04-30T17:53:35.607+0000] {logging_mixin.py:120} INFO - [2023-04-30T17:53:35.607+0000] {dagbag.py:537} INFO - Filling up the DagBag from /home/airflow/.local/lib/python3.7/site-packages/airflow/example_dags/example_branch_day_of_week_operator.py
[2023-04-30T17:53:35.623+0000] {processor.py:766} INFO - DAG(s) dict_keys(['example_weekday_branch_operator']) retrieved from /home/airflow/.local/lib/python3.7/site-packages/airflow/example_dags/example_branch_day_of_week_operator.py
[2023-04-30T17:53:35.664+0000] {logging_mixin.py:120} INFO - [2023-04-30T17:53:35.664+0000] {dag.py:2585} INFO - Sync 1 DAGs
[2023-04-30T17:53:35.694+0000] {logging_mixin.py:120} INFO - [2023-04-30T17:53:35.694+0000] {dag.py:3340} INFO - Setting next_dagrun for example_weekday_branch_operator to 2023-04-29T00:00:00+00:00, run_after=2023-04-30T00:00:00+00:00
[2023-04-30T17:53:35.724+0000] {processor.py:176} INFO - Processing /home/airflow/.local/lib/python3.7/site-packages/airflow/example_dags/example_branch_day_of_week_operator.py took 0.120 seconds
[2023-04-30T17:54:06.196+0000] {processor.py:154} INFO - Started process (PID=687) to work on /home/airflow/.local/lib/python3.7/site-packages/airflow/example_dags/example_branch_day_of_week_operator.py
[2023-04-30T17:54:06.197+0000] {processor.py:756} INFO - Processing file /home/airflow/.local/lib/python3.7/site-packages/airflow/example_dags/example_branch_day_of_week_operator.py for tasks to queue
[2023-04-30T17:54:06.197+0000] {logging_mixin.py:120} INFO - [2023-04-30T17:54:06.197+0000] {dagbag.py:537} INFO - Filling up the DagBag from /home/airflow/.local/lib/python3.7/site-packages/airflow/example_dags/example_branch_day_of_week_operator.py
[2023-04-30T17:54:06.210+0000] {processor.py:766} INFO - DAG(s) dict_keys(['example_weekday_branch_operator']) retrieved from /home/airflow/.local/lib/python3.7/site-packages/airflow/example_dags/example_branch_day_of_week_operator.py
[2023-04-30T17:54:06.245+0000] {logging_mixin.py:120} INFO - [2023-04-30T17:54:06.245+0000] {dag.py:2585} INFO - Sync 1 DAGs
[2023-04-30T17:54:06.274+0000] {logging_mixin.py:120} INFO - [2023-04-30T17:54:06.273+0000] {dag.py:3340} INFO - Setting next_dagrun for example_weekday_branch_operator to 2023-04-29T00:00:00+00:00, run_after=2023-04-30T00:00:00+00:00
[2023-04-30T17:54:06.296+0000] {processor.py:176} INFO - Processing /home/airflow/.local/lib/python3.7/site-packages/airflow/example_dags/example_branch_day_of_week_operator.py took 0.102 seconds
[2023-04-30T17:54:36.951+0000] {processor.py:154} INFO - Started process (PID=750) to work on /home/airflow/.local/lib/python3.7/site-packages/airflow/example_dags/example_branch_day_of_week_operator.py
[2023-04-30T17:54:36.952+0000] {processor.py:756} INFO - Processing file /home/airflow/.local/lib/python3.7/site-packages/airflow/example_dags/example_branch_day_of_week_operator.py for tasks to queue
[2023-04-30T17:54:36.953+0000] {logging_mixin.py:120} INFO - [2023-04-30T17:54:36.953+0000] {dagbag.py:537} INFO - Filling up the DagBag from /home/airflow/.local/lib/python3.7/site-packages/airflow/example_dags/example_branch_day_of_week_operator.py
[2023-04-30T17:54:36.965+0000] {processor.py:766} INFO - DAG(s) dict_keys(['example_weekday_branch_operator']) retrieved from /home/airflow/.local/lib/python3.7/site-packages/airflow/example_dags/example_branch_day_of_week_operator.py
[2023-04-30T17:54:37.001+0000] {logging_mixin.py:120} INFO - [2023-04-30T17:54:37.001+0000] {dag.py:2585} INFO - Sync 1 DAGs
[2023-04-30T17:54:37.027+0000] {logging_mixin.py:120} INFO - [2023-04-30T17:54:37.027+0000] {dag.py:3340} INFO - Setting next_dagrun for example_weekday_branch_operator to 2023-04-29T00:00:00+00:00, run_after=2023-04-30T00:00:00+00:00
[2023-04-30T17:54:37.048+0000] {processor.py:176} INFO - Processing /home/airflow/.local/lib/python3.7/site-packages/airflow/example_dags/example_branch_day_of_week_operator.py took 0.098 seconds
[2023-04-30T17:55:07.533+0000] {processor.py:154} INFO - Started process (PID=814) to work on /home/airflow/.local/lib/python3.7/site-packages/airflow/example_dags/example_branch_day_of_week_operator.py
[2023-04-30T17:55:07.534+0000] {processor.py:756} INFO - Processing file /home/airflow/.local/lib/python3.7/site-packages/airflow/example_dags/example_branch_day_of_week_operator.py for tasks to queue
[2023-04-30T17:55:07.534+0000] {logging_mixin.py:120} INFO - [2023-04-30T17:55:07.534+0000] {dagbag.py:537} INFO - Filling up the DagBag from /home/airflow/.local/lib/python3.7/site-packages/airflow/example_dags/example_branch_day_of_week_operator.py
[2023-04-30T17:55:07.552+0000] {processor.py:766} INFO - DAG(s) dict_keys(['example_weekday_branch_operator']) retrieved from /home/airflow/.local/lib/python3.7/site-packages/airflow/example_dags/example_branch_day_of_week_operator.py
[2023-04-30T17:55:07.591+0000] {logging_mixin.py:120} INFO - [2023-04-30T17:55:07.590+0000] {dag.py:2585} INFO - Sync 1 DAGs
[2023-04-30T17:55:07.618+0000] {logging_mixin.py:120} INFO - [2023-04-30T17:55:07.618+0000] {dag.py:3340} INFO - Setting next_dagrun for example_weekday_branch_operator to 2023-04-29T00:00:00+00:00, run_after=2023-04-30T00:00:00+00:00
[2023-04-30T17:55:07.644+0000] {processor.py:176} INFO - Processing /home/airflow/.local/lib/python3.7/site-packages/airflow/example_dags/example_branch_day_of_week_operator.py took 0.114 seconds
[2023-04-30T17:55:38.158+0000] {processor.py:154} INFO - Started process (PID=868) to work on /home/airflow/.local/lib/python3.7/site-packages/airflow/example_dags/example_branch_day_of_week_operator.py
[2023-04-30T17:55:38.159+0000] {processor.py:756} INFO - Processing file /home/airflow/.local/lib/python3.7/site-packages/airflow/example_dags/example_branch_day_of_week_operator.py for tasks to queue
[2023-04-30T17:55:38.160+0000] {logging_mixin.py:120} INFO - [2023-04-30T17:55:38.160+0000] {dagbag.py:537} INFO - Filling up the DagBag from /home/airflow/.local/lib/python3.7/site-packages/airflow/example_dags/example_branch_day_of_week_operator.py
[2023-04-30T17:55:38.181+0000] {processor.py:766} INFO - DAG(s) dict_keys(['example_weekday_branch_operator']) retrieved from /home/airflow/.local/lib/python3.7/site-packages/airflow/example_dags/example_branch_day_of_week_operator.py
[2023-04-30T17:55:38.229+0000] {logging_mixin.py:120} INFO - [2023-04-30T17:55:38.229+0000] {dag.py:2585} INFO - Sync 1 DAGs
[2023-04-30T17:55:38.262+0000] {logging_mixin.py:120} INFO - [2023-04-30T17:55:38.262+0000] {dag.py:3340} INFO - Setting next_dagrun for example_weekday_branch_operator to 2023-04-29T00:00:00+00:00, run_after=2023-04-30T00:00:00+00:00
[2023-04-30T17:55:38.290+0000] {processor.py:176} INFO - Processing /home/airflow/.local/lib/python3.7/site-packages/airflow/example_dags/example_branch_day_of_week_operator.py took 0.135 seconds
[2023-04-30T17:56:08.784+0000] {processor.py:154} INFO - Started process (PID=931) to work on /home/airflow/.local/lib/python3.7/site-packages/airflow/example_dags/example_branch_day_of_week_operator.py
[2023-04-30T17:56:08.784+0000] {processor.py:756} INFO - Processing file /home/airflow/.local/lib/python3.7/site-packages/airflow/example_dags/example_branch_day_of_week_operator.py for tasks to queue
[2023-04-30T17:56:08.785+0000] {logging_mixin.py:120} INFO - [2023-04-30T17:56:08.785+0000] {dagbag.py:537} INFO - Filling up the DagBag from /home/airflow/.local/lib/python3.7/site-packages/airflow/example_dags/example_branch_day_of_week_operator.py
[2023-04-30T17:56:08.802+0000] {processor.py:766} INFO - DAG(s) dict_keys(['example_weekday_branch_operator']) retrieved from /home/airflow/.local/lib/python3.7/site-packages/airflow/example_dags/example_branch_day_of_week_operator.py
[2023-04-30T17:56:08.838+0000] {logging_mixin.py:120} INFO - [2023-04-30T17:56:08.838+0000] {dag.py:2585} INFO - Sync 1 DAGs
[2023-04-30T17:56:08.866+0000] {logging_mixin.py:120} INFO - [2023-04-30T17:56:08.865+0000] {dag.py:3340} INFO - Setting next_dagrun for example_weekday_branch_operator to 2023-04-29T00:00:00+00:00, run_after=2023-04-30T00:00:00+00:00
[2023-04-30T17:56:08.891+0000] {processor.py:176} INFO - Processing /home/airflow/.local/lib/python3.7/site-packages/airflow/example_dags/example_branch_day_of_week_operator.py took 0.110 seconds
[2023-04-30T17:56:39.404+0000] {processor.py:154} INFO - Started process (PID=995) to work on /home/airflow/.local/lib/python3.7/site-packages/airflow/example_dags/example_branch_day_of_week_operator.py
[2023-04-30T17:56:39.405+0000] {processor.py:756} INFO - Processing file /home/airflow/.local/lib/python3.7/site-packages/airflow/example_dags/example_branch_day_of_week_operator.py for tasks to queue
[2023-04-30T17:56:39.405+0000] {logging_mixin.py:120} INFO - [2023-04-30T17:56:39.405+0000] {dagbag.py:537} INFO - Filling up the DagBag from /home/airflow/.local/lib/python3.7/site-packages/airflow/example_dags/example_branch_day_of_week_operator.py
[2023-04-30T17:56:39.417+0000] {processor.py:766} INFO - DAG(s) dict_keys(['example_weekday_branch_operator']) retrieved from /home/airflow/.local/lib/python3.7/site-packages/airflow/example_dags/example_branch_day_of_week_operator.py
[2023-04-30T17:56:39.455+0000] {logging_mixin.py:120} INFO - [2023-04-30T17:56:39.455+0000] {dag.py:2585} INFO - Sync 1 DAGs
[2023-04-30T17:56:39.482+0000] {logging_mixin.py:120} INFO - [2023-04-30T17:56:39.482+0000] {dag.py:3340} INFO - Setting next_dagrun for example_weekday_branch_operator to 2023-04-29T00:00:00+00:00, run_after=2023-04-30T00:00:00+00:00
[2023-04-30T17:56:39.508+0000] {processor.py:176} INFO - Processing /home/airflow/.local/lib/python3.7/site-packages/airflow/example_dags/example_branch_day_of_week_operator.py took 0.105 seconds
[2023-04-30T17:57:09.924+0000] {processor.py:154} INFO - Started process (PID=1050) to work on /home/airflow/.local/lib/python3.7/site-packages/airflow/example_dags/example_branch_day_of_week_operator.py
[2023-04-30T17:57:09.925+0000] {processor.py:756} INFO - Processing file /home/airflow/.local/lib/python3.7/site-packages/airflow/example_dags/example_branch_day_of_week_operator.py for tasks to queue
[2023-04-30T17:57:09.926+0000] {logging_mixin.py:120} INFO - [2023-04-30T17:57:09.926+0000] {dagbag.py:537} INFO - Filling up the DagBag from /home/airflow/.local/lib/python3.7/site-packages/airflow/example_dags/example_branch_day_of_week_operator.py
[2023-04-30T17:57:09.941+0000] {processor.py:766} INFO - DAG(s) dict_keys(['example_weekday_branch_operator']) retrieved from /home/airflow/.local/lib/python3.7/site-packages/airflow/example_dags/example_branch_day_of_week_operator.py
[2023-04-30T17:57:09.982+0000] {logging_mixin.py:120} INFO - [2023-04-30T17:57:09.981+0000] {dag.py:2585} INFO - Sync 1 DAGs
[2023-04-30T17:57:10.009+0000] {logging_mixin.py:120} INFO - [2023-04-30T17:57:10.009+0000] {dag.py:3340} INFO - Setting next_dagrun for example_weekday_branch_operator to 2023-04-29T00:00:00+00:00, run_after=2023-04-30T00:00:00+00:00
[2023-04-30T17:57:10.035+0000] {processor.py:176} INFO - Processing /home/airflow/.local/lib/python3.7/site-packages/airflow/example_dags/example_branch_day_of_week_operator.py took 0.113 seconds
[2023-04-30T17:57:40.676+0000] {processor.py:154} INFO - Started process (PID=1113) to work on /home/airflow/.local/lib/python3.7/site-packages/airflow/example_dags/example_branch_day_of_week_operator.py
[2023-04-30T17:57:40.677+0000] {processor.py:756} INFO - Processing file /home/airflow/.local/lib/python3.7/site-packages/airflow/example_dags/example_branch_day_of_week_operator.py for tasks to queue
[2023-04-30T17:57:40.677+0000] {logging_mixin.py:120} INFO - [2023-04-30T17:57:40.677+0000] {dagbag.py:537} INFO - Filling up the DagBag from /home/airflow/.local/lib/python3.7/site-packages/airflow/example_dags/example_branch_day_of_week_operator.py
[2023-04-30T17:57:40.689+0000] {processor.py:766} INFO - DAG(s) dict_keys(['example_weekday_branch_operator']) retrieved from /home/airflow/.local/lib/python3.7/site-packages/airflow/example_dags/example_branch_day_of_week_operator.py
[2023-04-30T17:57:40.723+0000] {logging_mixin.py:120} INFO - [2023-04-30T17:57:40.723+0000] {dag.py:2585} INFO - Sync 1 DAGs
[2023-04-30T17:57:40.751+0000] {logging_mixin.py:120} INFO - [2023-04-30T17:57:40.750+0000] {dag.py:3340} INFO - Setting next_dagrun for example_weekday_branch_operator to 2023-04-29T00:00:00+00:00, run_after=2023-04-30T00:00:00+00:00
[2023-04-30T17:57:40.773+0000] {processor.py:176} INFO - Processing /home/airflow/.local/lib/python3.7/site-packages/airflow/example_dags/example_branch_day_of_week_operator.py took 0.099 seconds
[2023-04-30T17:58:11.411+0000] {processor.py:154} INFO - Started process (PID=1183) to work on /home/airflow/.local/lib/python3.7/site-packages/airflow/example_dags/example_branch_day_of_week_operator.py
[2023-04-30T17:58:11.412+0000] {processor.py:756} INFO - Processing file /home/airflow/.local/lib/python3.7/site-packages/airflow/example_dags/example_branch_day_of_week_operator.py for tasks to queue
[2023-04-30T17:58:11.412+0000] {logging_mixin.py:120} INFO - [2023-04-30T17:58:11.412+0000] {dagbag.py:537} INFO - Filling up the DagBag from /home/airflow/.local/lib/python3.7/site-packages/airflow/example_dags/example_branch_day_of_week_operator.py
[2023-04-30T17:58:11.426+0000] {processor.py:766} INFO - DAG(s) dict_keys(['example_weekday_branch_operator']) retrieved from /home/airflow/.local/lib/python3.7/site-packages/airflow/example_dags/example_branch_day_of_week_operator.py
[2023-04-30T17:58:11.462+0000] {logging_mixin.py:120} INFO - [2023-04-30T17:58:11.462+0000] {dag.py:2585} INFO - Sync 1 DAGs
[2023-04-30T17:58:11.489+0000] {logging_mixin.py:120} INFO - [2023-04-30T17:58:11.488+0000] {dag.py:3340} INFO - Setting next_dagrun for example_weekday_branch_operator to 2023-04-29T00:00:00+00:00, run_after=2023-04-30T00:00:00+00:00
[2023-04-30T17:58:11.513+0000] {processor.py:176} INFO - Processing /home/airflow/.local/lib/python3.7/site-packages/airflow/example_dags/example_branch_day_of_week_operator.py took 0.104 seconds
[2023-04-30T17:58:41.958+0000] {processor.py:154} INFO - Started process (PID=1244) to work on /home/airflow/.local/lib/python3.7/site-packages/airflow/example_dags/example_branch_day_of_week_operator.py
[2023-04-30T17:58:41.959+0000] {processor.py:756} INFO - Processing file /home/airflow/.local/lib/python3.7/site-packages/airflow/example_dags/example_branch_day_of_week_operator.py for tasks to queue
[2023-04-30T17:58:41.960+0000] {logging_mixin.py:120} INFO - [2023-04-30T17:58:41.959+0000] {dagbag.py:537} INFO - Filling up the DagBag from /home/airflow/.local/lib/python3.7/site-packages/airflow/example_dags/example_branch_day_of_week_operator.py
[2023-04-30T17:58:41.972+0000] {processor.py:766} INFO - DAG(s) dict_keys(['example_weekday_branch_operator']) retrieved from /home/airflow/.local/lib/python3.7/site-packages/airflow/example_dags/example_branch_day_of_week_operator.py
[2023-04-30T17:58:42.014+0000] {logging_mixin.py:120} INFO - [2023-04-30T17:58:42.013+0000] {dag.py:2585} INFO - Sync 1 DAGs
[2023-04-30T17:58:42.045+0000] {logging_mixin.py:120} INFO - [2023-04-30T17:58:42.045+0000] {dag.py:3340} INFO - Setting next_dagrun for example_weekday_branch_operator to 2023-04-29T00:00:00+00:00, run_after=2023-04-30T00:00:00+00:00
[2023-04-30T17:58:42.073+0000] {processor.py:176} INFO - Processing /home/airflow/.local/lib/python3.7/site-packages/airflow/example_dags/example_branch_day_of_week_operator.py took 0.119 seconds
[2023-04-30T17:59:12.830+0000] {processor.py:154} INFO - Started process (PID=1300) to work on /home/airflow/.local/lib/python3.7/site-packages/airflow/example_dags/example_branch_day_of_week_operator.py
[2023-04-30T17:59:12.832+0000] {processor.py:756} INFO - Processing file /home/airflow/.local/lib/python3.7/site-packages/airflow/example_dags/example_branch_day_of_week_operator.py for tasks to queue
[2023-04-30T17:59:12.832+0000] {logging_mixin.py:120} INFO - [2023-04-30T17:59:12.832+0000] {dagbag.py:537} INFO - Filling up the DagBag from /home/airflow/.local/lib/python3.7/site-packages/airflow/example_dags/example_branch_day_of_week_operator.py
[2023-04-30T17:59:12.845+0000] {processor.py:766} INFO - DAG(s) dict_keys(['example_weekday_branch_operator']) retrieved from /home/airflow/.local/lib/python3.7/site-packages/airflow/example_dags/example_branch_day_of_week_operator.py
[2023-04-30T17:59:12.882+0000] {logging_mixin.py:120} INFO - [2023-04-30T17:59:12.882+0000] {dag.py:2585} INFO - Sync 1 DAGs
[2023-04-30T17:59:12.911+0000] {logging_mixin.py:120} INFO - [2023-04-30T17:59:12.911+0000] {dag.py:3340} INFO - Setting next_dagrun for example_weekday_branch_operator to 2023-04-29T00:00:00+00:00, run_after=2023-04-30T00:00:00+00:00
[2023-04-30T17:59:12.934+0000] {processor.py:176} INFO - Processing /home/airflow/.local/lib/python3.7/site-packages/airflow/example_dags/example_branch_day_of_week_operator.py took 0.106 seconds
[2023-04-30T17:59:43.508+0000] {processor.py:154} INFO - Started process (PID=1363) to work on /home/airflow/.local/lib/python3.7/site-packages/airflow/example_dags/example_branch_day_of_week_operator.py
[2023-04-30T17:59:43.509+0000] {processor.py:756} INFO - Processing file /home/airflow/.local/lib/python3.7/site-packages/airflow/example_dags/example_branch_day_of_week_operator.py for tasks to queue
[2023-04-30T17:59:43.509+0000] {logging_mixin.py:120} INFO - [2023-04-30T17:59:43.509+0000] {dagbag.py:537} INFO - Filling up the DagBag from /home/airflow/.local/lib/python3.7/site-packages/airflow/example_dags/example_branch_day_of_week_operator.py
[2023-04-30T17:59:43.524+0000] {processor.py:766} INFO - DAG(s) dict_keys(['example_weekday_branch_operator']) retrieved from /home/airflow/.local/lib/python3.7/site-packages/airflow/example_dags/example_branch_day_of_week_operator.py
[2023-04-30T17:59:43.564+0000] {logging_mixin.py:120} INFO - [2023-04-30T17:59:43.564+0000] {dag.py:2585} INFO - Sync 1 DAGs
[2023-04-30T17:59:43.593+0000] {logging_mixin.py:120} INFO - [2023-04-30T17:59:43.593+0000] {dag.py:3340} INFO - Setting next_dagrun for example_weekday_branch_operator to 2023-04-29T00:00:00+00:00, run_after=2023-04-30T00:00:00+00:00
[2023-04-30T17:59:43.616+0000] {processor.py:176} INFO - Processing /home/airflow/.local/lib/python3.7/site-packages/airflow/example_dags/example_branch_day_of_week_operator.py took 0.110 seconds
[2023-04-30T18:00:14.218+0000] {processor.py:154} INFO - Started process (PID=1427) to work on /home/airflow/.local/lib/python3.7/site-packages/airflow/example_dags/example_branch_day_of_week_operator.py
[2023-04-30T18:00:14.220+0000] {processor.py:756} INFO - Processing file /home/airflow/.local/lib/python3.7/site-packages/airflow/example_dags/example_branch_day_of_week_operator.py for tasks to queue
[2023-04-30T18:00:14.221+0000] {logging_mixin.py:120} INFO - [2023-04-30T18:00:14.220+0000] {dagbag.py:537} INFO - Filling up the DagBag from /home/airflow/.local/lib/python3.7/site-packages/airflow/example_dags/example_branch_day_of_week_operator.py
[2023-04-30T18:00:14.238+0000] {processor.py:766} INFO - DAG(s) dict_keys(['example_weekday_branch_operator']) retrieved from /home/airflow/.local/lib/python3.7/site-packages/airflow/example_dags/example_branch_day_of_week_operator.py
[2023-04-30T18:00:14.287+0000] {logging_mixin.py:120} INFO - [2023-04-30T18:00:14.287+0000] {dag.py:2585} INFO - Sync 1 DAGs
[2023-04-30T18:00:14.325+0000] {logging_mixin.py:120} INFO - [2023-04-30T18:00:14.325+0000] {dag.py:3340} INFO - Setting next_dagrun for example_weekday_branch_operator to 2023-04-29T00:00:00+00:00, run_after=2023-04-30T00:00:00+00:00
[2023-04-30T18:00:14.355+0000] {processor.py:176} INFO - Processing /home/airflow/.local/lib/python3.7/site-packages/airflow/example_dags/example_branch_day_of_week_operator.py took 0.140 seconds
[2023-04-30T18:00:44.961+0000] {processor.py:154} INFO - Started process (PID=1482) to work on /home/airflow/.local/lib/python3.7/site-packages/airflow/example_dags/example_branch_day_of_week_operator.py
[2023-04-30T18:00:44.962+0000] {processor.py:756} INFO - Processing file /home/airflow/.local/lib/python3.7/site-packages/airflow/example_dags/example_branch_day_of_week_operator.py for tasks to queue
[2023-04-30T18:00:44.963+0000] {logging_mixin.py:120} INFO - [2023-04-30T18:00:44.963+0000] {dagbag.py:537} INFO - Filling up the DagBag from /home/airflow/.local/lib/python3.7/site-packages/airflow/example_dags/example_branch_day_of_week_operator.py
[2023-04-30T18:00:44.978+0000] {processor.py:766} INFO - DAG(s) dict_keys(['example_weekday_branch_operator']) retrieved from /home/airflow/.local/lib/python3.7/site-packages/airflow/example_dags/example_branch_day_of_week_operator.py
[2023-04-30T18:00:45.023+0000] {logging_mixin.py:120} INFO - [2023-04-30T18:00:45.023+0000] {dag.py:2585} INFO - Sync 1 DAGs
[2023-04-30T18:00:45.051+0000] {logging_mixin.py:120} INFO - [2023-04-30T18:00:45.051+0000] {dag.py:3340} INFO - Setting next_dagrun for example_weekday_branch_operator to 2023-04-29T00:00:00+00:00, run_after=2023-04-30T00:00:00+00:00
[2023-04-30T18:00:45.075+0000] {processor.py:176} INFO - Processing /home/airflow/.local/lib/python3.7/site-packages/airflow/example_dags/example_branch_day_of_week_operator.py took 0.116 seconds
[2023-04-30T18:01:15.680+0000] {processor.py:154} INFO - Started process (PID=1545) to work on /home/airflow/.local/lib/python3.7/site-packages/airflow/example_dags/example_branch_day_of_week_operator.py
[2023-04-30T18:01:15.681+0000] {processor.py:756} INFO - Processing file /home/airflow/.local/lib/python3.7/site-packages/airflow/example_dags/example_branch_day_of_week_operator.py for tasks to queue
[2023-04-30T18:01:15.682+0000] {logging_mixin.py:120} INFO - [2023-04-30T18:01:15.682+0000] {dagbag.py:537} INFO - Filling up the DagBag from /home/airflow/.local/lib/python3.7/site-packages/airflow/example_dags/example_branch_day_of_week_operator.py
[2023-04-30T18:01:15.695+0000] {processor.py:766} INFO - DAG(s) dict_keys(['example_weekday_branch_operator']) retrieved from /home/airflow/.local/lib/python3.7/site-packages/airflow/example_dags/example_branch_day_of_week_operator.py
[2023-04-30T18:01:15.738+0000] {logging_mixin.py:120} INFO - [2023-04-30T18:01:15.738+0000] {dag.py:2585} INFO - Sync 1 DAGs
[2023-04-30T18:01:15.765+0000] {logging_mixin.py:120} INFO - [2023-04-30T18:01:15.765+0000] {dag.py:3340} INFO - Setting next_dagrun for example_weekday_branch_operator to 2023-04-29T00:00:00+00:00, run_after=2023-04-30T00:00:00+00:00
[2023-04-30T18:01:15.792+0000] {processor.py:176} INFO - Processing /home/airflow/.local/lib/python3.7/site-packages/airflow/example_dags/example_branch_day_of_week_operator.py took 0.115 seconds
[2023-04-30T18:01:46.291+0000] {processor.py:154} INFO - Started process (PID=1608) to work on /home/airflow/.local/lib/python3.7/site-packages/airflow/example_dags/example_branch_day_of_week_operator.py
[2023-04-30T18:01:46.292+0000] {processor.py:756} INFO - Processing file /home/airflow/.local/lib/python3.7/site-packages/airflow/example_dags/example_branch_day_of_week_operator.py for tasks to queue
[2023-04-30T18:01:46.292+0000] {logging_mixin.py:120} INFO - [2023-04-30T18:01:46.292+0000] {dagbag.py:537} INFO - Filling up the DagBag from /home/airflow/.local/lib/python3.7/site-packages/airflow/example_dags/example_branch_day_of_week_operator.py
[2023-04-30T18:01:46.305+0000] {processor.py:766} INFO - DAG(s) dict_keys(['example_weekday_branch_operator']) retrieved from /home/airflow/.local/lib/python3.7/site-packages/airflow/example_dags/example_branch_day_of_week_operator.py
[2023-04-30T18:01:46.339+0000] {logging_mixin.py:120} INFO - [2023-04-30T18:01:46.339+0000] {dag.py:2585} INFO - Sync 1 DAGs
[2023-04-30T18:01:46.368+0000] {logging_mixin.py:120} INFO - [2023-04-30T18:01:46.367+0000] {dag.py:3340} INFO - Setting next_dagrun for example_weekday_branch_operator to 2023-04-29T00:00:00+00:00, run_after=2023-04-30T00:00:00+00:00
[2023-04-30T18:01:46.389+0000] {processor.py:176} INFO - Processing /home/airflow/.local/lib/python3.7/site-packages/airflow/example_dags/example_branch_day_of_week_operator.py took 0.101 seconds
[2023-04-30T18:02:16.795+0000] {processor.py:154} INFO - Started process (PID=1662) to work on /home/airflow/.local/lib/python3.7/site-packages/airflow/example_dags/example_branch_day_of_week_operator.py
[2023-04-30T18:02:16.796+0000] {processor.py:756} INFO - Processing file /home/airflow/.local/lib/python3.7/site-packages/airflow/example_dags/example_branch_day_of_week_operator.py for tasks to queue
[2023-04-30T18:02:16.797+0000] {logging_mixin.py:120} INFO - [2023-04-30T18:02:16.797+0000] {dagbag.py:537} INFO - Filling up the DagBag from /home/airflow/.local/lib/python3.7/site-packages/airflow/example_dags/example_branch_day_of_week_operator.py
[2023-04-30T18:02:16.810+0000] {processor.py:766} INFO - DAG(s) dict_keys(['example_weekday_branch_operator']) retrieved from /home/airflow/.local/lib/python3.7/site-packages/airflow/example_dags/example_branch_day_of_week_operator.py
[2023-04-30T18:02:16.846+0000] {logging_mixin.py:120} INFO - [2023-04-30T18:02:16.846+0000] {dag.py:2585} INFO - Sync 1 DAGs
[2023-04-30T18:02:16.874+0000] {logging_mixin.py:120} INFO - [2023-04-30T18:02:16.874+0000] {dag.py:3340} INFO - Setting next_dagrun for example_weekday_branch_operator to 2023-04-29T00:00:00+00:00, run_after=2023-04-30T00:00:00+00:00
[2023-04-30T18:02:16.900+0000] {processor.py:176} INFO - Processing /home/airflow/.local/lib/python3.7/site-packages/airflow/example_dags/example_branch_day_of_week_operator.py took 0.106 seconds
[2023-04-30T18:02:47.288+0000] {processor.py:154} INFO - Started process (PID=1725) to work on /home/airflow/.local/lib/python3.7/site-packages/airflow/example_dags/example_branch_day_of_week_operator.py
[2023-04-30T18:02:47.289+0000] {processor.py:756} INFO - Processing file /home/airflow/.local/lib/python3.7/site-packages/airflow/example_dags/example_branch_day_of_week_operator.py for tasks to queue
[2023-04-30T18:02:47.289+0000] {logging_mixin.py:120} INFO - [2023-04-30T18:02:47.289+0000] {dagbag.py:537} INFO - Filling up the DagBag from /home/airflow/.local/lib/python3.7/site-packages/airflow/example_dags/example_branch_day_of_week_operator.py
[2023-04-30T18:02:47.302+0000] {processor.py:766} INFO - DAG(s) dict_keys(['example_weekday_branch_operator']) retrieved from /home/airflow/.local/lib/python3.7/site-packages/airflow/example_dags/example_branch_day_of_week_operator.py
[2023-04-30T18:02:47.340+0000] {logging_mixin.py:120} INFO - [2023-04-30T18:02:47.340+0000] {dag.py:2585} INFO - Sync 1 DAGs
[2023-04-30T18:02:47.367+0000] {logging_mixin.py:120} INFO - [2023-04-30T18:02:47.366+0000] {dag.py:3340} INFO - Setting next_dagrun for example_weekday_branch_operator to 2023-04-29T00:00:00+00:00, run_after=2023-04-30T00:00:00+00:00
[2023-04-30T18:02:47.393+0000] {processor.py:176} INFO - Processing /home/airflow/.local/lib/python3.7/site-packages/airflow/example_dags/example_branch_day_of_week_operator.py took 0.107 seconds
[2023-04-30T18:03:17.911+0000] {processor.py:154} INFO - Started process (PID=1788) to work on /home/airflow/.local/lib/python3.7/site-packages/airflow/example_dags/example_branch_day_of_week_operator.py
[2023-04-30T18:03:17.912+0000] {processor.py:756} INFO - Processing file /home/airflow/.local/lib/python3.7/site-packages/airflow/example_dags/example_branch_day_of_week_operator.py for tasks to queue
[2023-04-30T18:03:17.913+0000] {logging_mixin.py:120} INFO - [2023-04-30T18:03:17.912+0000] {dagbag.py:537} INFO - Filling up the DagBag from /home/airflow/.local/lib/python3.7/site-packages/airflow/example_dags/example_branch_day_of_week_operator.py
[2023-04-30T18:03:17.926+0000] {processor.py:766} INFO - DAG(s) dict_keys(['example_weekday_branch_operator']) retrieved from /home/airflow/.local/lib/python3.7/site-packages/airflow/example_dags/example_branch_day_of_week_operator.py
[2023-04-30T18:03:17.963+0000] {logging_mixin.py:120} INFO - [2023-04-30T18:03:17.963+0000] {dag.py:2585} INFO - Sync 1 DAGs
[2023-04-30T18:03:17.987+0000] {logging_mixin.py:120} INFO - [2023-04-30T18:03:17.987+0000] {dag.py:3340} INFO - Setting next_dagrun for example_weekday_branch_operator to 2023-04-29T00:00:00+00:00, run_after=2023-04-30T00:00:00+00:00
[2023-04-30T18:03:18.008+0000] {processor.py:176} INFO - Processing /home/airflow/.local/lib/python3.7/site-packages/airflow/example_dags/example_branch_day_of_week_operator.py took 0.099 seconds
[2023-04-30T18:03:48.311+0000] {processor.py:154} INFO - Started process (PID=1843) to work on /home/airflow/.local/lib/python3.7/site-packages/airflow/example_dags/example_branch_day_of_week_operator.py
[2023-04-30T18:03:48.312+0000] {processor.py:756} INFO - Processing file /home/airflow/.local/lib/python3.7/site-packages/airflow/example_dags/example_branch_day_of_week_operator.py for tasks to queue
[2023-04-30T18:03:48.312+0000] {logging_mixin.py:120} INFO - [2023-04-30T18:03:48.312+0000] {dagbag.py:537} INFO - Filling up the DagBag from /home/airflow/.local/lib/python3.7/site-packages/airflow/example_dags/example_branch_day_of_week_operator.py
[2023-04-30T18:03:48.324+0000] {processor.py:766} INFO - DAG(s) dict_keys(['example_weekday_branch_operator']) retrieved from /home/airflow/.local/lib/python3.7/site-packages/airflow/example_dags/example_branch_day_of_week_operator.py
[2023-04-30T18:03:48.358+0000] {logging_mixin.py:120} INFO - [2023-04-30T18:03:48.358+0000] {dag.py:2585} INFO - Sync 1 DAGs
[2023-04-30T18:03:48.386+0000] {logging_mixin.py:120} INFO - [2023-04-30T18:03:48.385+0000] {dag.py:3340} INFO - Setting next_dagrun for example_weekday_branch_operator to 2023-04-29T00:00:00+00:00, run_after=2023-04-30T00:00:00+00:00
[2023-04-30T18:03:48.409+0000] {processor.py:176} INFO - Processing /home/airflow/.local/lib/python3.7/site-packages/airflow/example_dags/example_branch_day_of_week_operator.py took 0.100 seconds
[2023-04-30T18:04:18.969+0000] {processor.py:154} INFO - Started process (PID=1906) to work on /home/airflow/.local/lib/python3.7/site-packages/airflow/example_dags/example_branch_day_of_week_operator.py
[2023-04-30T18:04:18.969+0000] {processor.py:756} INFO - Processing file /home/airflow/.local/lib/python3.7/site-packages/airflow/example_dags/example_branch_day_of_week_operator.py for tasks to queue
[2023-04-30T18:04:18.970+0000] {logging_mixin.py:120} INFO - [2023-04-30T18:04:18.969+0000] {dagbag.py:537} INFO - Filling up the DagBag from /home/airflow/.local/lib/python3.7/site-packages/airflow/example_dags/example_branch_day_of_week_operator.py
[2023-04-30T18:04:18.982+0000] {processor.py:766} INFO - DAG(s) dict_keys(['example_weekday_branch_operator']) retrieved from /home/airflow/.local/lib/python3.7/site-packages/airflow/example_dags/example_branch_day_of_week_operator.py
[2023-04-30T18:04:19.015+0000] {logging_mixin.py:120} INFO - [2023-04-30T18:04:19.015+0000] {dag.py:2585} INFO - Sync 1 DAGs
[2023-04-30T18:04:19.043+0000] {logging_mixin.py:120} INFO - [2023-04-30T18:04:19.043+0000] {dag.py:3340} INFO - Setting next_dagrun for example_weekday_branch_operator to 2023-04-29T00:00:00+00:00, run_after=2023-04-30T00:00:00+00:00
[2023-04-30T18:04:19.064+0000] {processor.py:176} INFO - Processing /home/airflow/.local/lib/python3.7/site-packages/airflow/example_dags/example_branch_day_of_week_operator.py took 0.098 seconds
[2023-04-30T18:04:49.442+0000] {processor.py:154} INFO - Started process (PID=1970) to work on /home/airflow/.local/lib/python3.7/site-packages/airflow/example_dags/example_branch_day_of_week_operator.py
[2023-04-30T18:04:49.443+0000] {processor.py:756} INFO - Processing file /home/airflow/.local/lib/python3.7/site-packages/airflow/example_dags/example_branch_day_of_week_operator.py for tasks to queue
[2023-04-30T18:04:49.444+0000] {logging_mixin.py:120} INFO - [2023-04-30T18:04:49.444+0000] {dagbag.py:537} INFO - Filling up the DagBag from /home/airflow/.local/lib/python3.7/site-packages/airflow/example_dags/example_branch_day_of_week_operator.py
[2023-04-30T18:04:49.457+0000] {processor.py:766} INFO - DAG(s) dict_keys(['example_weekday_branch_operator']) retrieved from /home/airflow/.local/lib/python3.7/site-packages/airflow/example_dags/example_branch_day_of_week_operator.py
[2023-04-30T18:04:49.494+0000] {logging_mixin.py:120} INFO - [2023-04-30T18:04:49.494+0000] {dag.py:2585} INFO - Sync 1 DAGs
[2023-04-30T18:04:49.522+0000] {logging_mixin.py:120} INFO - [2023-04-30T18:04:49.522+0000] {dag.py:3340} INFO - Setting next_dagrun for example_weekday_branch_operator to 2023-04-29T00:00:00+00:00, run_after=2023-04-30T00:00:00+00:00
[2023-04-30T18:04:49.546+0000] {processor.py:176} INFO - Processing /home/airflow/.local/lib/python3.7/site-packages/airflow/example_dags/example_branch_day_of_week_operator.py took 0.106 seconds
[2023-04-30T18:05:20.140+0000] {processor.py:154} INFO - Started process (PID=2034) to work on /home/airflow/.local/lib/python3.7/site-packages/airflow/example_dags/example_branch_day_of_week_operator.py
[2023-04-30T18:05:20.141+0000] {processor.py:756} INFO - Processing file /home/airflow/.local/lib/python3.7/site-packages/airflow/example_dags/example_branch_day_of_week_operator.py for tasks to queue
[2023-04-30T18:05:20.142+0000] {logging_mixin.py:120} INFO - [2023-04-30T18:05:20.142+0000] {dagbag.py:537} INFO - Filling up the DagBag from /home/airflow/.local/lib/python3.7/site-packages/airflow/example_dags/example_branch_day_of_week_operator.py
[2023-04-30T18:05:20.156+0000] {processor.py:766} INFO - DAG(s) dict_keys(['example_weekday_branch_operator']) retrieved from /home/airflow/.local/lib/python3.7/site-packages/airflow/example_dags/example_branch_day_of_week_operator.py
[2023-04-30T18:05:20.197+0000] {logging_mixin.py:120} INFO - [2023-04-30T18:05:20.196+0000] {dag.py:2585} INFO - Sync 1 DAGs
[2023-04-30T18:05:20.228+0000] {logging_mixin.py:120} INFO - [2023-04-30T18:05:20.228+0000] {dag.py:3340} INFO - Setting next_dagrun for example_weekday_branch_operator to 2023-04-29T00:00:00+00:00, run_after=2023-04-30T00:00:00+00:00
[2023-04-30T18:05:20.252+0000] {processor.py:176} INFO - Processing /home/airflow/.local/lib/python3.7/site-packages/airflow/example_dags/example_branch_day_of_week_operator.py took 0.114 seconds
[2023-04-30T18:05:50.720+0000] {processor.py:154} INFO - Started process (PID=2088) to work on /home/airflow/.local/lib/python3.7/site-packages/airflow/example_dags/example_branch_day_of_week_operator.py
[2023-04-30T18:05:50.721+0000] {processor.py:756} INFO - Processing file /home/airflow/.local/lib/python3.7/site-packages/airflow/example_dags/example_branch_day_of_week_operator.py for tasks to queue
[2023-04-30T18:05:50.721+0000] {logging_mixin.py:120} INFO - [2023-04-30T18:05:50.721+0000] {dagbag.py:537} INFO - Filling up the DagBag from /home/airflow/.local/lib/python3.7/site-packages/airflow/example_dags/example_branch_day_of_week_operator.py
[2023-04-30T18:05:50.734+0000] {processor.py:766} INFO - DAG(s) dict_keys(['example_weekday_branch_operator']) retrieved from /home/airflow/.local/lib/python3.7/site-packages/airflow/example_dags/example_branch_day_of_week_operator.py
[2023-04-30T18:05:50.770+0000] {logging_mixin.py:120} INFO - [2023-04-30T18:05:50.770+0000] {dag.py:2585} INFO - Sync 1 DAGs
[2023-04-30T18:05:50.798+0000] {logging_mixin.py:120} INFO - [2023-04-30T18:05:50.798+0000] {dag.py:3340} INFO - Setting next_dagrun for example_weekday_branch_operator to 2023-04-29T00:00:00+00:00, run_after=2023-04-30T00:00:00+00:00
[2023-04-30T18:05:50.820+0000] {processor.py:176} INFO - Processing /home/airflow/.local/lib/python3.7/site-packages/airflow/example_dags/example_branch_day_of_week_operator.py took 0.103 seconds
[2023-04-30T18:06:21.311+0000] {processor.py:154} INFO - Started process (PID=2151) to work on /home/airflow/.local/lib/python3.7/site-packages/airflow/example_dags/example_branch_day_of_week_operator.py
[2023-04-30T18:06:21.312+0000] {processor.py:756} INFO - Processing file /home/airflow/.local/lib/python3.7/site-packages/airflow/example_dags/example_branch_day_of_week_operator.py for tasks to queue
[2023-04-30T18:06:21.312+0000] {logging_mixin.py:120} INFO - [2023-04-30T18:06:21.312+0000] {dagbag.py:537} INFO - Filling up the DagBag from /home/airflow/.local/lib/python3.7/site-packages/airflow/example_dags/example_branch_day_of_week_operator.py
[2023-04-30T18:06:21.325+0000] {processor.py:766} INFO - DAG(s) dict_keys(['example_weekday_branch_operator']) retrieved from /home/airflow/.local/lib/python3.7/site-packages/airflow/example_dags/example_branch_day_of_week_operator.py
[2023-04-30T18:06:21.360+0000] {logging_mixin.py:120} INFO - [2023-04-30T18:06:21.359+0000] {dag.py:2585} INFO - Sync 1 DAGs
[2023-04-30T18:06:21.386+0000] {logging_mixin.py:120} INFO - [2023-04-30T18:06:21.385+0000] {dag.py:3340} INFO - Setting next_dagrun for example_weekday_branch_operator to 2023-04-29T00:00:00+00:00, run_after=2023-04-30T00:00:00+00:00
[2023-04-30T18:06:21.408+0000] {processor.py:176} INFO - Processing /home/airflow/.local/lib/python3.7/site-packages/airflow/example_dags/example_branch_day_of_week_operator.py took 0.099 seconds
[2023-04-30T18:06:51.836+0000] {processor.py:154} INFO - Started process (PID=2214) to work on /home/airflow/.local/lib/python3.7/site-packages/airflow/example_dags/example_branch_day_of_week_operator.py
[2023-04-30T18:06:51.837+0000] {processor.py:756} INFO - Processing file /home/airflow/.local/lib/python3.7/site-packages/airflow/example_dags/example_branch_day_of_week_operator.py for tasks to queue
[2023-04-30T18:06:51.837+0000] {logging_mixin.py:120} INFO - [2023-04-30T18:06:51.837+0000] {dagbag.py:537} INFO - Filling up the DagBag from /home/airflow/.local/lib/python3.7/site-packages/airflow/example_dags/example_branch_day_of_week_operator.py
[2023-04-30T18:06:51.849+0000] {processor.py:766} INFO - DAG(s) dict_keys(['example_weekday_branch_operator']) retrieved from /home/airflow/.local/lib/python3.7/site-packages/airflow/example_dags/example_branch_day_of_week_operator.py
[2023-04-30T18:06:51.884+0000] {logging_mixin.py:120} INFO - [2023-04-30T18:06:51.884+0000] {dag.py:2585} INFO - Sync 1 DAGs
[2023-04-30T18:06:51.910+0000] {logging_mixin.py:120} INFO - [2023-04-30T18:06:51.910+0000] {dag.py:3340} INFO - Setting next_dagrun for example_weekday_branch_operator to 2023-04-29T00:00:00+00:00, run_after=2023-04-30T00:00:00+00:00
[2023-04-30T18:06:51.934+0000] {processor.py:176} INFO - Processing /home/airflow/.local/lib/python3.7/site-packages/airflow/example_dags/example_branch_day_of_week_operator.py took 0.100 seconds
[2023-04-30T18:07:22.286+0000] {processor.py:154} INFO - Started process (PID=2268) to work on /home/airflow/.local/lib/python3.7/site-packages/airflow/example_dags/example_branch_day_of_week_operator.py
[2023-04-30T18:07:22.287+0000] {processor.py:756} INFO - Processing file /home/airflow/.local/lib/python3.7/site-packages/airflow/example_dags/example_branch_day_of_week_operator.py for tasks to queue
[2023-04-30T18:07:22.287+0000] {logging_mixin.py:120} INFO - [2023-04-30T18:07:22.287+0000] {dagbag.py:537} INFO - Filling up the DagBag from /home/airflow/.local/lib/python3.7/site-packages/airflow/example_dags/example_branch_day_of_week_operator.py
[2023-04-30T18:07:22.305+0000] {processor.py:766} INFO - DAG(s) dict_keys(['example_weekday_branch_operator']) retrieved from /home/airflow/.local/lib/python3.7/site-packages/airflow/example_dags/example_branch_day_of_week_operator.py
[2023-04-30T18:07:22.340+0000] {logging_mixin.py:120} INFO - [2023-04-30T18:07:22.340+0000] {dag.py:2585} INFO - Sync 1 DAGs
[2023-04-30T18:07:22.367+0000] {logging_mixin.py:120} INFO - [2023-04-30T18:07:22.367+0000] {dag.py:3340} INFO - Setting next_dagrun for example_weekday_branch_operator to 2023-04-29T00:00:00+00:00, run_after=2023-04-30T00:00:00+00:00
[2023-04-30T18:07:22.389+0000] {processor.py:176} INFO - Processing /home/airflow/.local/lib/python3.7/site-packages/airflow/example_dags/example_branch_day_of_week_operator.py took 0.105 seconds
[2023-04-30T18:07:52.875+0000] {processor.py:154} INFO - Started process (PID=2331) to work on /home/airflow/.local/lib/python3.7/site-packages/airflow/example_dags/example_branch_day_of_week_operator.py
[2023-04-30T18:07:52.876+0000] {processor.py:756} INFO - Processing file /home/airflow/.local/lib/python3.7/site-packages/airflow/example_dags/example_branch_day_of_week_operator.py for tasks to queue
[2023-04-30T18:07:52.876+0000] {logging_mixin.py:120} INFO - [2023-04-30T18:07:52.876+0000] {dagbag.py:537} INFO - Filling up the DagBag from /home/airflow/.local/lib/python3.7/site-packages/airflow/example_dags/example_branch_day_of_week_operator.py
[2023-04-30T18:07:52.889+0000] {processor.py:766} INFO - DAG(s) dict_keys(['example_weekday_branch_operator']) retrieved from /home/airflow/.local/lib/python3.7/site-packages/airflow/example_dags/example_branch_day_of_week_operator.py
[2023-04-30T18:07:52.924+0000] {logging_mixin.py:120} INFO - [2023-04-30T18:07:52.924+0000] {dag.py:2585} INFO - Sync 1 DAGs
[2023-04-30T18:07:52.952+0000] {logging_mixin.py:120} INFO - [2023-04-30T18:07:52.952+0000] {dag.py:3340} INFO - Setting next_dagrun for example_weekday_branch_operator to 2023-04-29T00:00:00+00:00, run_after=2023-04-30T00:00:00+00:00
[2023-04-30T18:07:52.975+0000] {processor.py:176} INFO - Processing /home/airflow/.local/lib/python3.7/site-packages/airflow/example_dags/example_branch_day_of_week_operator.py took 0.103 seconds
[2023-04-30T18:08:23.298+0000] {processor.py:154} INFO - Started process (PID=2394) to work on /home/airflow/.local/lib/python3.7/site-packages/airflow/example_dags/example_branch_day_of_week_operator.py
[2023-04-30T18:08:23.299+0000] {processor.py:756} INFO - Processing file /home/airflow/.local/lib/python3.7/site-packages/airflow/example_dags/example_branch_day_of_week_operator.py for tasks to queue
[2023-04-30T18:08:23.299+0000] {logging_mixin.py:120} INFO - [2023-04-30T18:08:23.299+0000] {dagbag.py:537} INFO - Filling up the DagBag from /home/airflow/.local/lib/python3.7/site-packages/airflow/example_dags/example_branch_day_of_week_operator.py
[2023-04-30T18:08:23.312+0000] {processor.py:766} INFO - DAG(s) dict_keys(['example_weekday_branch_operator']) retrieved from /home/airflow/.local/lib/python3.7/site-packages/airflow/example_dags/example_branch_day_of_week_operator.py
[2023-04-30T18:08:23.350+0000] {logging_mixin.py:120} INFO - [2023-04-30T18:08:23.350+0000] {dag.py:2585} INFO - Sync 1 DAGs
[2023-04-30T18:08:23.377+0000] {logging_mixin.py:120} INFO - [2023-04-30T18:08:23.377+0000] {dag.py:3340} INFO - Setting next_dagrun for example_weekday_branch_operator to 2023-04-29T00:00:00+00:00, run_after=2023-04-30T00:00:00+00:00
[2023-04-30T18:08:23.401+0000] {processor.py:176} INFO - Processing /home/airflow/.local/lib/python3.7/site-packages/airflow/example_dags/example_branch_day_of_week_operator.py took 0.105 seconds
[2023-04-30T18:08:53.846+0000] {processor.py:154} INFO - Started process (PID=2448) to work on /home/airflow/.local/lib/python3.7/site-packages/airflow/example_dags/example_branch_day_of_week_operator.py
[2023-04-30T18:08:53.847+0000] {processor.py:756} INFO - Processing file /home/airflow/.local/lib/python3.7/site-packages/airflow/example_dags/example_branch_day_of_week_operator.py for tasks to queue
[2023-04-30T18:08:53.847+0000] {logging_mixin.py:120} INFO - [2023-04-30T18:08:53.847+0000] {dagbag.py:537} INFO - Filling up the DagBag from /home/airflow/.local/lib/python3.7/site-packages/airflow/example_dags/example_branch_day_of_week_operator.py
[2023-04-30T18:08:53.860+0000] {processor.py:766} INFO - DAG(s) dict_keys(['example_weekday_branch_operator']) retrieved from /home/airflow/.local/lib/python3.7/site-packages/airflow/example_dags/example_branch_day_of_week_operator.py
[2023-04-30T18:08:53.893+0000] {logging_mixin.py:120} INFO - [2023-04-30T18:08:53.893+0000] {dag.py:2585} INFO - Sync 1 DAGs
[2023-04-30T18:08:53.920+0000] {logging_mixin.py:120} INFO - [2023-04-30T18:08:53.920+0000] {dag.py:3340} INFO - Setting next_dagrun for example_weekday_branch_operator to 2023-04-29T00:00:00+00:00, run_after=2023-04-30T00:00:00+00:00
[2023-04-30T18:08:53.941+0000] {processor.py:176} INFO - Processing /home/airflow/.local/lib/python3.7/site-packages/airflow/example_dags/example_branch_day_of_week_operator.py took 0.097 seconds
[2023-04-30T18:09:24.602+0000] {processor.py:154} INFO - Started process (PID=2511) to work on /home/airflow/.local/lib/python3.7/site-packages/airflow/example_dags/example_branch_day_of_week_operator.py
[2023-04-30T18:09:24.603+0000] {processor.py:756} INFO - Processing file /home/airflow/.local/lib/python3.7/site-packages/airflow/example_dags/example_branch_day_of_week_operator.py for tasks to queue
[2023-04-30T18:09:24.604+0000] {logging_mixin.py:120} INFO - [2023-04-30T18:09:24.604+0000] {dagbag.py:537} INFO - Filling up the DagBag from /home/airflow/.local/lib/python3.7/site-packages/airflow/example_dags/example_branch_day_of_week_operator.py
[2023-04-30T18:09:24.619+0000] {processor.py:766} INFO - DAG(s) dict_keys(['example_weekday_branch_operator']) retrieved from /home/airflow/.local/lib/python3.7/site-packages/airflow/example_dags/example_branch_day_of_week_operator.py
[2023-04-30T18:09:24.659+0000] {logging_mixin.py:120} INFO - [2023-04-30T18:09:24.658+0000] {dag.py:2585} INFO - Sync 1 DAGs
[2023-04-30T18:09:24.687+0000] {logging_mixin.py:120} INFO - [2023-04-30T18:09:24.687+0000] {dag.py:3340} INFO - Setting next_dagrun for example_weekday_branch_operator to 2023-04-29T00:00:00+00:00, run_after=2023-04-30T00:00:00+00:00
[2023-04-30T18:09:24.715+0000] {processor.py:176} INFO - Processing /home/airflow/.local/lib/python3.7/site-packages/airflow/example_dags/example_branch_day_of_week_operator.py took 0.116 seconds
[2023-04-30T18:09:55.302+0000] {processor.py:154} INFO - Started process (PID=2574) to work on /home/airflow/.local/lib/python3.7/site-packages/airflow/example_dags/example_branch_day_of_week_operator.py
[2023-04-30T18:09:55.303+0000] {processor.py:756} INFO - Processing file /home/airflow/.local/lib/python3.7/site-packages/airflow/example_dags/example_branch_day_of_week_operator.py for tasks to queue
[2023-04-30T18:09:55.303+0000] {logging_mixin.py:120} INFO - [2023-04-30T18:09:55.303+0000] {dagbag.py:537} INFO - Filling up the DagBag from /home/airflow/.local/lib/python3.7/site-packages/airflow/example_dags/example_branch_day_of_week_operator.py
[2023-04-30T18:09:55.316+0000] {processor.py:766} INFO - DAG(s) dict_keys(['example_weekday_branch_operator']) retrieved from /home/airflow/.local/lib/python3.7/site-packages/airflow/example_dags/example_branch_day_of_week_operator.py
[2023-04-30T18:09:55.350+0000] {logging_mixin.py:120} INFO - [2023-04-30T18:09:55.350+0000] {dag.py:2585} INFO - Sync 1 DAGs
[2023-04-30T18:09:55.378+0000] {logging_mixin.py:120} INFO - [2023-04-30T18:09:55.378+0000] {dag.py:3340} INFO - Setting next_dagrun for example_weekday_branch_operator to 2023-04-29T00:00:00+00:00, run_after=2023-04-30T00:00:00+00:00
[2023-04-30T18:09:55.402+0000] {processor.py:176} INFO - Processing /home/airflow/.local/lib/python3.7/site-packages/airflow/example_dags/example_branch_day_of_week_operator.py took 0.102 seconds
[2023-04-30T18:10:25.701+0000] {processor.py:154} INFO - Started process (PID=2637) to work on /home/airflow/.local/lib/python3.7/site-packages/airflow/example_dags/example_branch_day_of_week_operator.py
[2023-04-30T18:10:25.702+0000] {processor.py:756} INFO - Processing file /home/airflow/.local/lib/python3.7/site-packages/airflow/example_dags/example_branch_day_of_week_operator.py for tasks to queue
[2023-04-30T18:10:25.702+0000] {logging_mixin.py:120} INFO - [2023-04-30T18:10:25.702+0000] {dagbag.py:537} INFO - Filling up the DagBag from /home/airflow/.local/lib/python3.7/site-packages/airflow/example_dags/example_branch_day_of_week_operator.py
[2023-04-30T18:10:25.717+0000] {processor.py:766} INFO - DAG(s) dict_keys(['example_weekday_branch_operator']) retrieved from /home/airflow/.local/lib/python3.7/site-packages/airflow/example_dags/example_branch_day_of_week_operator.py
[2023-04-30T18:10:25.757+0000] {logging_mixin.py:120} INFO - [2023-04-30T18:10:25.757+0000] {dag.py:2585} INFO - Sync 1 DAGs
[2023-04-30T18:10:25.783+0000] {logging_mixin.py:120} INFO - [2023-04-30T18:10:25.783+0000] {dag.py:3340} INFO - Setting next_dagrun for example_weekday_branch_operator to 2023-04-29T00:00:00+00:00, run_after=2023-04-30T00:00:00+00:00
[2023-04-30T18:10:25.807+0000] {processor.py:176} INFO - Processing /home/airflow/.local/lib/python3.7/site-packages/airflow/example_dags/example_branch_day_of_week_operator.py took 0.109 seconds
[2023-04-30T18:10:56.218+0000] {processor.py:154} INFO - Started process (PID=2691) to work on /home/airflow/.local/lib/python3.7/site-packages/airflow/example_dags/example_branch_day_of_week_operator.py
[2023-04-30T18:10:56.219+0000] {processor.py:756} INFO - Processing file /home/airflow/.local/lib/python3.7/site-packages/airflow/example_dags/example_branch_day_of_week_operator.py for tasks to queue
[2023-04-30T18:10:56.220+0000] {logging_mixin.py:120} INFO - [2023-04-30T18:10:56.220+0000] {dagbag.py:537} INFO - Filling up the DagBag from /home/airflow/.local/lib/python3.7/site-packages/airflow/example_dags/example_branch_day_of_week_operator.py
[2023-04-30T18:10:56.235+0000] {processor.py:766} INFO - DAG(s) dict_keys(['example_weekday_branch_operator']) retrieved from /home/airflow/.local/lib/python3.7/site-packages/airflow/example_dags/example_branch_day_of_week_operator.py
[2023-04-30T18:10:56.272+0000] {logging_mixin.py:120} INFO - [2023-04-30T18:10:56.272+0000] {dag.py:2585} INFO - Sync 1 DAGs
[2023-04-30T18:10:56.299+0000] {logging_mixin.py:120} INFO - [2023-04-30T18:10:56.299+0000] {dag.py:3340} INFO - Setting next_dagrun for example_weekday_branch_operator to 2023-04-29T00:00:00+00:00, run_after=2023-04-30T00:00:00+00:00
[2023-04-30T18:10:56.323+0000] {processor.py:176} INFO - Processing /home/airflow/.local/lib/python3.7/site-packages/airflow/example_dags/example_branch_day_of_week_operator.py took 0.107 seconds
[2023-04-30T18:11:26.716+0000] {processor.py:154} INFO - Started process (PID=2754) to work on /home/airflow/.local/lib/python3.7/site-packages/airflow/example_dags/example_branch_day_of_week_operator.py
[2023-04-30T18:11:26.717+0000] {processor.py:756} INFO - Processing file /home/airflow/.local/lib/python3.7/site-packages/airflow/example_dags/example_branch_day_of_week_operator.py for tasks to queue
[2023-04-30T18:11:26.718+0000] {logging_mixin.py:120} INFO - [2023-04-30T18:11:26.717+0000] {dagbag.py:537} INFO - Filling up the DagBag from /home/airflow/.local/lib/python3.7/site-packages/airflow/example_dags/example_branch_day_of_week_operator.py
[2023-04-30T18:11:26.731+0000] {processor.py:766} INFO - DAG(s) dict_keys(['example_weekday_branch_operator']) retrieved from /home/airflow/.local/lib/python3.7/site-packages/airflow/example_dags/example_branch_day_of_week_operator.py
[2023-04-30T18:11:26.768+0000] {logging_mixin.py:120} INFO - [2023-04-30T18:11:26.768+0000] {dag.py:2585} INFO - Sync 1 DAGs
[2023-04-30T18:11:26.795+0000] {logging_mixin.py:120} INFO - [2023-04-30T18:11:26.794+0000] {dag.py:3340} INFO - Setting next_dagrun for example_weekday_branch_operator to 2023-04-29T00:00:00+00:00, run_after=2023-04-30T00:00:00+00:00
[2023-04-30T18:11:26.819+0000] {processor.py:176} INFO - Processing /home/airflow/.local/lib/python3.7/site-packages/airflow/example_dags/example_branch_day_of_week_operator.py took 0.105 seconds
[2023-04-30T18:20:47.485+0000] {processor.py:154} INFO - Started process (PID=2837) to work on /home/airflow/.local/lib/python3.7/site-packages/airflow/example_dags/example_branch_day_of_week_operator.py
[2023-04-30T18:20:47.488+0000] {processor.py:756} INFO - Processing file /home/airflow/.local/lib/python3.7/site-packages/airflow/example_dags/example_branch_day_of_week_operator.py for tasks to queue
[2023-04-30T18:20:47.491+0000] {logging_mixin.py:120} INFO - [2023-04-30T18:20:47.491+0000] {dagbag.py:537} INFO - Filling up the DagBag from /home/airflow/.local/lib/python3.7/site-packages/airflow/example_dags/example_branch_day_of_week_operator.py
[2023-04-30T18:20:47.536+0000] {processor.py:766} INFO - DAG(s) dict_keys(['example_weekday_branch_operator']) retrieved from /home/airflow/.local/lib/python3.7/site-packages/airflow/example_dags/example_branch_day_of_week_operator.py
[2023-04-30T18:20:47.628+0000] {logging_mixin.py:120} INFO - [2023-04-30T18:20:47.627+0000] {dag.py:2585} INFO - Sync 1 DAGs
[2023-04-30T18:20:47.688+0000] {logging_mixin.py:120} INFO - [2023-04-30T18:20:47.688+0000] {dag.py:3340} INFO - Setting next_dagrun for example_weekday_branch_operator to 2023-04-29T00:00:00+00:00, run_after=2023-04-30T00:00:00+00:00
[2023-04-30T18:20:47.771+0000] {processor.py:176} INFO - Processing /home/airflow/.local/lib/python3.7/site-packages/airflow/example_dags/example_branch_day_of_week_operator.py took 0.290 seconds
