[2023-04-30T17:48:54.965+0000] {processor.py:154} INFO - Started process (PID=66) to work on /home/airflow/.local/lib/python3.7/site-packages/airflow/example_dags/example_branch_python_dop_operator_3.py
[2023-04-30T17:48:54.966+0000] {processor.py:756} INFO - Processing file /home/airflow/.local/lib/python3.7/site-packages/airflow/example_dags/example_branch_python_dop_operator_3.py for tasks to queue
[2023-04-30T17:48:54.967+0000] {logging_mixin.py:120} INFO - [2023-04-30T17:48:54.967+0000] {dagbag.py:537} INFO - Filling up the DagBag from /home/airflow/.local/lib/python3.7/site-packages/airflow/example_dags/example_branch_python_dop_operator_3.py
[2023-04-30T17:48:55.018+0000] {processor.py:766} INFO - DAG(s) dict_keys(['example_branch_dop_operator_v3']) retrieved from /home/airflow/.local/lib/python3.7/site-packages/airflow/example_dags/example_branch_python_dop_operator_3.py
[2023-04-30T17:48:55.328+0000] {logging_mixin.py:120} INFO - [2023-04-30T17:48:55.328+0000] {manager.py:507} INFO - Created Permission View: can read on DAG:example_branch_dop_operator_v3
[2023-04-30T17:48:55.349+0000] {logging_mixin.py:120} INFO - [2023-04-30T17:48:55.349+0000] {manager.py:507} INFO - Created Permission View: can edit on DAG:example_branch_dop_operator_v3
[2023-04-30T17:48:55.367+0000] {logging_mixin.py:120} INFO - [2023-04-30T17:48:55.367+0000] {manager.py:507} INFO - Created Permission View: can delete on DAG:example_branch_dop_operator_v3
[2023-04-30T17:48:55.367+0000] {logging_mixin.py:120} INFO - [2023-04-30T17:48:55.367+0000] {dag.py:2585} INFO - Sync 1 DAGs
[2023-04-30T17:48:55.393+0000] {logging_mixin.py:120} INFO - [2023-04-30T17:48:55.393+0000] {dag.py:2606} INFO - Creating ORM DAG for example_branch_dop_operator_v3
[2023-04-30T17:48:55.426+0000] {logging_mixin.py:120} INFO - [2023-04-30T17:48:55.426+0000] {dag.py:3340} INFO - Setting next_dagrun for example_branch_dop_operator_v3 to 2023-04-30T17:47:00+00:00, run_after=2023-04-30T17:48:00+00:00
[2023-04-30T17:48:55.461+0000] {processor.py:176} INFO - Processing /home/airflow/.local/lib/python3.7/site-packages/airflow/example_dags/example_branch_python_dop_operator_3.py took 0.500 seconds
[2023-04-30T17:49:26.825+0000] {processor.py:154} INFO - Started process (PID=129) to work on /home/airflow/.local/lib/python3.7/site-packages/airflow/example_dags/example_branch_python_dop_operator_3.py
[2023-04-30T17:49:26.827+0000] {processor.py:756} INFO - Processing file /home/airflow/.local/lib/python3.7/site-packages/airflow/example_dags/example_branch_python_dop_operator_3.py for tasks to queue
[2023-04-30T17:49:26.828+0000] {logging_mixin.py:120} INFO - [2023-04-30T17:49:26.827+0000] {dagbag.py:537} INFO - Filling up the DagBag from /home/airflow/.local/lib/python3.7/site-packages/airflow/example_dags/example_branch_python_dop_operator_3.py
[2023-04-30T17:49:26.849+0000] {processor.py:766} INFO - DAG(s) dict_keys(['example_branch_dop_operator_v3']) retrieved from /home/airflow/.local/lib/python3.7/site-packages/airflow/example_dags/example_branch_python_dop_operator_3.py
[2023-04-30T17:49:26.884+0000] {logging_mixin.py:120} INFO - [2023-04-30T17:49:26.883+0000] {dag.py:2585} INFO - Sync 1 DAGs
[2023-04-30T17:49:26.916+0000] {logging_mixin.py:120} INFO - [2023-04-30T17:49:26.916+0000] {dag.py:3340} INFO - Setting next_dagrun for example_branch_dop_operator_v3 to 2023-04-30T17:48:00+00:00, run_after=2023-04-30T17:49:00+00:00
[2023-04-30T17:49:26.945+0000] {processor.py:176} INFO - Processing /home/airflow/.local/lib/python3.7/site-packages/airflow/example_dags/example_branch_python_dop_operator_3.py took 0.122 seconds
[2023-04-30T17:49:57.416+0000] {processor.py:154} INFO - Started process (PID=184) to work on /home/airflow/.local/lib/python3.7/site-packages/airflow/example_dags/example_branch_python_dop_operator_3.py
[2023-04-30T17:49:57.417+0000] {processor.py:756} INFO - Processing file /home/airflow/.local/lib/python3.7/site-packages/airflow/example_dags/example_branch_python_dop_operator_3.py for tasks to queue
[2023-04-30T17:49:57.418+0000] {logging_mixin.py:120} INFO - [2023-04-30T17:49:57.417+0000] {dagbag.py:537} INFO - Filling up the DagBag from /home/airflow/.local/lib/python3.7/site-packages/airflow/example_dags/example_branch_python_dop_operator_3.py
[2023-04-30T17:49:57.438+0000] {processor.py:766} INFO - DAG(s) dict_keys(['example_branch_dop_operator_v3']) retrieved from /home/airflow/.local/lib/python3.7/site-packages/airflow/example_dags/example_branch_python_dop_operator_3.py
[2023-04-30T17:49:57.475+0000] {logging_mixin.py:120} INFO - [2023-04-30T17:49:57.474+0000] {dag.py:2585} INFO - Sync 1 DAGs
[2023-04-30T17:49:57.504+0000] {logging_mixin.py:120} INFO - [2023-04-30T17:49:57.504+0000] {dag.py:3340} INFO - Setting next_dagrun for example_branch_dop_operator_v3 to 2023-04-30T17:48:00+00:00, run_after=2023-04-30T17:49:00+00:00
[2023-04-30T17:49:57.526+0000] {processor.py:176} INFO - Processing /home/airflow/.local/lib/python3.7/site-packages/airflow/example_dags/example_branch_python_dop_operator_3.py took 0.112 seconds
[2023-04-30T17:50:28.177+0000] {processor.py:154} INFO - Started process (PID=247) to work on /home/airflow/.local/lib/python3.7/site-packages/airflow/example_dags/example_branch_python_dop_operator_3.py
[2023-04-30T17:50:28.179+0000] {processor.py:756} INFO - Processing file /home/airflow/.local/lib/python3.7/site-packages/airflow/example_dags/example_branch_python_dop_operator_3.py for tasks to queue
[2023-04-30T17:50:28.179+0000] {logging_mixin.py:120} INFO - [2023-04-30T17:50:28.179+0000] {dagbag.py:537} INFO - Filling up the DagBag from /home/airflow/.local/lib/python3.7/site-packages/airflow/example_dags/example_branch_python_dop_operator_3.py
[2023-04-30T17:50:28.197+0000] {processor.py:766} INFO - DAG(s) dict_keys(['example_branch_dop_operator_v3']) retrieved from /home/airflow/.local/lib/python3.7/site-packages/airflow/example_dags/example_branch_python_dop_operator_3.py
[2023-04-30T17:50:28.232+0000] {logging_mixin.py:120} INFO - [2023-04-30T17:50:28.232+0000] {dag.py:2585} INFO - Sync 1 DAGs
[2023-04-30T17:50:28.266+0000] {logging_mixin.py:120} INFO - [2023-04-30T17:50:28.266+0000] {dag.py:3340} INFO - Setting next_dagrun for example_branch_dop_operator_v3 to 2023-04-30T17:49:00+00:00, run_after=2023-04-30T17:50:00+00:00
[2023-04-30T17:50:28.294+0000] {processor.py:176} INFO - Processing /home/airflow/.local/lib/python3.7/site-packages/airflow/example_dags/example_branch_python_dop_operator_3.py took 0.119 seconds
[2023-04-30T17:50:59.011+0000] {processor.py:154} INFO - Started process (PID=310) to work on /home/airflow/.local/lib/python3.7/site-packages/airflow/example_dags/example_branch_python_dop_operator_3.py
[2023-04-30T17:50:59.012+0000] {processor.py:756} INFO - Processing file /home/airflow/.local/lib/python3.7/site-packages/airflow/example_dags/example_branch_python_dop_operator_3.py for tasks to queue
[2023-04-30T17:50:59.013+0000] {logging_mixin.py:120} INFO - [2023-04-30T17:50:59.013+0000] {dagbag.py:537} INFO - Filling up the DagBag from /home/airflow/.local/lib/python3.7/site-packages/airflow/example_dags/example_branch_python_dop_operator_3.py
[2023-04-30T17:50:59.033+0000] {processor.py:766} INFO - DAG(s) dict_keys(['example_branch_dop_operator_v3']) retrieved from /home/airflow/.local/lib/python3.7/site-packages/airflow/example_dags/example_branch_python_dop_operator_3.py
[2023-04-30T17:50:59.069+0000] {logging_mixin.py:120} INFO - [2023-04-30T17:50:59.069+0000] {dag.py:2585} INFO - Sync 1 DAGs
[2023-04-30T17:50:59.101+0000] {logging_mixin.py:120} INFO - [2023-04-30T17:50:59.101+0000] {dag.py:3340} INFO - Setting next_dagrun for example_branch_dop_operator_v3 to 2023-04-30T17:49:00+00:00, run_after=2023-04-30T17:50:00+00:00
[2023-04-30T17:50:59.136+0000] {processor.py:176} INFO - Processing /home/airflow/.local/lib/python3.7/site-packages/airflow/example_dags/example_branch_python_dop_operator_3.py took 0.127 seconds
[2023-04-30T17:51:29.590+0000] {processor.py:154} INFO - Started process (PID=373) to work on /home/airflow/.local/lib/python3.7/site-packages/airflow/example_dags/example_branch_python_dop_operator_3.py
[2023-04-30T17:51:29.591+0000] {processor.py:756} INFO - Processing file /home/airflow/.local/lib/python3.7/site-packages/airflow/example_dags/example_branch_python_dop_operator_3.py for tasks to queue
[2023-04-30T17:51:29.592+0000] {logging_mixin.py:120} INFO - [2023-04-30T17:51:29.592+0000] {dagbag.py:537} INFO - Filling up the DagBag from /home/airflow/.local/lib/python3.7/site-packages/airflow/example_dags/example_branch_python_dop_operator_3.py
[2023-04-30T17:51:29.616+0000] {processor.py:766} INFO - DAG(s) dict_keys(['example_branch_dop_operator_v3']) retrieved from /home/airflow/.local/lib/python3.7/site-packages/airflow/example_dags/example_branch_python_dop_operator_3.py
[2023-04-30T17:51:29.658+0000] {logging_mixin.py:120} INFO - [2023-04-30T17:51:29.658+0000] {dag.py:2585} INFO - Sync 1 DAGs
[2023-04-30T17:51:29.699+0000] {logging_mixin.py:120} INFO - [2023-04-30T17:51:29.699+0000] {dag.py:3340} INFO - Setting next_dagrun for example_branch_dop_operator_v3 to 2023-04-30T17:50:00+00:00, run_after=2023-04-30T17:51:00+00:00
[2023-04-30T17:51:29.725+0000] {processor.py:176} INFO - Processing /home/airflow/.local/lib/python3.7/site-packages/airflow/example_dags/example_branch_python_dop_operator_3.py took 0.138 seconds
[2023-04-30T17:52:00.455+0000] {processor.py:154} INFO - Started process (PID=427) to work on /home/airflow/.local/lib/python3.7/site-packages/airflow/example_dags/example_branch_python_dop_operator_3.py
[2023-04-30T17:52:00.456+0000] {processor.py:756} INFO - Processing file /home/airflow/.local/lib/python3.7/site-packages/airflow/example_dags/example_branch_python_dop_operator_3.py for tasks to queue
[2023-04-30T17:52:00.457+0000] {logging_mixin.py:120} INFO - [2023-04-30T17:52:00.457+0000] {dagbag.py:537} INFO - Filling up the DagBag from /home/airflow/.local/lib/python3.7/site-packages/airflow/example_dags/example_branch_python_dop_operator_3.py
[2023-04-30T17:52:00.477+0000] {processor.py:766} INFO - DAG(s) dict_keys(['example_branch_dop_operator_v3']) retrieved from /home/airflow/.local/lib/python3.7/site-packages/airflow/example_dags/example_branch_python_dop_operator_3.py
[2023-04-30T17:52:00.518+0000] {logging_mixin.py:120} INFO - [2023-04-30T17:52:00.517+0000] {dag.py:2585} INFO - Sync 1 DAGs
[2023-04-30T17:52:00.548+0000] {logging_mixin.py:120} INFO - [2023-04-30T17:52:00.548+0000] {dag.py:3340} INFO - Setting next_dagrun for example_branch_dop_operator_v3 to 2023-04-30T17:51:00+00:00, run_after=2023-04-30T17:52:00+00:00
[2023-04-30T17:52:00.573+0000] {processor.py:176} INFO - Processing /home/airflow/.local/lib/python3.7/site-packages/airflow/example_dags/example_branch_python_dop_operator_3.py took 0.120 seconds
[2023-04-30T17:52:31.239+0000] {processor.py:154} INFO - Started process (PID=490) to work on /home/airflow/.local/lib/python3.7/site-packages/airflow/example_dags/example_branch_python_dop_operator_3.py
[2023-04-30T17:52:31.240+0000] {processor.py:756} INFO - Processing file /home/airflow/.local/lib/python3.7/site-packages/airflow/example_dags/example_branch_python_dop_operator_3.py for tasks to queue
[2023-04-30T17:52:31.240+0000] {logging_mixin.py:120} INFO - [2023-04-30T17:52:31.240+0000] {dagbag.py:537} INFO - Filling up the DagBag from /home/airflow/.local/lib/python3.7/site-packages/airflow/example_dags/example_branch_python_dop_operator_3.py
[2023-04-30T17:52:31.261+0000] {processor.py:766} INFO - DAG(s) dict_keys(['example_branch_dop_operator_v3']) retrieved from /home/airflow/.local/lib/python3.7/site-packages/airflow/example_dags/example_branch_python_dop_operator_3.py
[2023-04-30T17:52:31.300+0000] {logging_mixin.py:120} INFO - [2023-04-30T17:52:31.299+0000] {dag.py:2585} INFO - Sync 1 DAGs
[2023-04-30T17:52:31.329+0000] {logging_mixin.py:120} INFO - [2023-04-30T17:52:31.329+0000] {dag.py:3340} INFO - Setting next_dagrun for example_branch_dop_operator_v3 to 2023-04-30T17:51:00+00:00, run_after=2023-04-30T17:52:00+00:00
[2023-04-30T17:52:31.355+0000] {processor.py:176} INFO - Processing /home/airflow/.local/lib/python3.7/site-packages/airflow/example_dags/example_branch_python_dop_operator_3.py took 0.118 seconds
[2023-04-30T17:53:01.831+0000] {processor.py:154} INFO - Started process (PID=553) to work on /home/airflow/.local/lib/python3.7/site-packages/airflow/example_dags/example_branch_python_dop_operator_3.py
[2023-04-30T17:53:01.833+0000] {processor.py:756} INFO - Processing file /home/airflow/.local/lib/python3.7/site-packages/airflow/example_dags/example_branch_python_dop_operator_3.py for tasks to queue
[2023-04-30T17:53:01.834+0000] {logging_mixin.py:120} INFO - [2023-04-30T17:53:01.833+0000] {dagbag.py:537} INFO - Filling up the DagBag from /home/airflow/.local/lib/python3.7/site-packages/airflow/example_dags/example_branch_python_dop_operator_3.py
[2023-04-30T17:53:01.855+0000] {processor.py:766} INFO - DAG(s) dict_keys(['example_branch_dop_operator_v3']) retrieved from /home/airflow/.local/lib/python3.7/site-packages/airflow/example_dags/example_branch_python_dop_operator_3.py
[2023-04-30T17:53:01.897+0000] {logging_mixin.py:120} INFO - [2023-04-30T17:53:01.897+0000] {dag.py:2585} INFO - Sync 1 DAGs
[2023-04-30T17:53:01.929+0000] {logging_mixin.py:120} INFO - [2023-04-30T17:53:01.929+0000] {dag.py:3340} INFO - Setting next_dagrun for example_branch_dop_operator_v3 to 2023-04-30T17:52:00+00:00, run_after=2023-04-30T17:53:00+00:00
[2023-04-30T17:53:01.954+0000] {processor.py:176} INFO - Processing /home/airflow/.local/lib/python3.7/site-packages/airflow/example_dags/example_branch_python_dop_operator_3.py took 0.126 seconds
[2023-04-30T17:53:32.411+0000] {processor.py:154} INFO - Started process (PID=607) to work on /home/airflow/.local/lib/python3.7/site-packages/airflow/example_dags/example_branch_python_dop_operator_3.py
[2023-04-30T17:53:32.412+0000] {processor.py:756} INFO - Processing file /home/airflow/.local/lib/python3.7/site-packages/airflow/example_dags/example_branch_python_dop_operator_3.py for tasks to queue
[2023-04-30T17:53:32.413+0000] {logging_mixin.py:120} INFO - [2023-04-30T17:53:32.413+0000] {dagbag.py:537} INFO - Filling up the DagBag from /home/airflow/.local/lib/python3.7/site-packages/airflow/example_dags/example_branch_python_dop_operator_3.py
[2023-04-30T17:53:32.435+0000] {processor.py:766} INFO - DAG(s) dict_keys(['example_branch_dop_operator_v3']) retrieved from /home/airflow/.local/lib/python3.7/site-packages/airflow/example_dags/example_branch_python_dop_operator_3.py
[2023-04-30T17:53:32.469+0000] {logging_mixin.py:120} INFO - [2023-04-30T17:53:32.469+0000] {dag.py:2585} INFO - Sync 1 DAGs
[2023-04-30T17:53:32.501+0000] {logging_mixin.py:120} INFO - [2023-04-30T17:53:32.501+0000] {dag.py:3340} INFO - Setting next_dagrun for example_branch_dop_operator_v3 to 2023-04-30T17:52:00+00:00, run_after=2023-04-30T17:53:00+00:00
[2023-04-30T17:53:32.526+0000] {processor.py:176} INFO - Processing /home/airflow/.local/lib/python3.7/site-packages/airflow/example_dags/example_branch_python_dop_operator_3.py took 0.118 seconds
[2023-04-30T17:54:03.045+0000] {processor.py:154} INFO - Started process (PID=670) to work on /home/airflow/.local/lib/python3.7/site-packages/airflow/example_dags/example_branch_python_dop_operator_3.py
[2023-04-30T17:54:03.046+0000] {processor.py:756} INFO - Processing file /home/airflow/.local/lib/python3.7/site-packages/airflow/example_dags/example_branch_python_dop_operator_3.py for tasks to queue
[2023-04-30T17:54:03.046+0000] {logging_mixin.py:120} INFO - [2023-04-30T17:54:03.046+0000] {dagbag.py:537} INFO - Filling up the DagBag from /home/airflow/.local/lib/python3.7/site-packages/airflow/example_dags/example_branch_python_dop_operator_3.py
[2023-04-30T17:54:03.068+0000] {processor.py:766} INFO - DAG(s) dict_keys(['example_branch_dop_operator_v3']) retrieved from /home/airflow/.local/lib/python3.7/site-packages/airflow/example_dags/example_branch_python_dop_operator_3.py
[2023-04-30T17:54:03.107+0000] {logging_mixin.py:120} INFO - [2023-04-30T17:54:03.106+0000] {dag.py:2585} INFO - Sync 1 DAGs
[2023-04-30T17:54:03.138+0000] {logging_mixin.py:120} INFO - [2023-04-30T17:54:03.138+0000] {dag.py:3340} INFO - Setting next_dagrun for example_branch_dop_operator_v3 to 2023-04-30T17:53:00+00:00, run_after=2023-04-30T17:54:00+00:00
[2023-04-30T17:54:03.161+0000] {processor.py:176} INFO - Processing /home/airflow/.local/lib/python3.7/site-packages/airflow/example_dags/example_branch_python_dop_operator_3.py took 0.118 seconds
[2023-04-30T17:54:33.738+0000] {processor.py:154} INFO - Started process (PID=733) to work on /home/airflow/.local/lib/python3.7/site-packages/airflow/example_dags/example_branch_python_dop_operator_3.py
[2023-04-30T17:54:33.740+0000] {processor.py:756} INFO - Processing file /home/airflow/.local/lib/python3.7/site-packages/airflow/example_dags/example_branch_python_dop_operator_3.py for tasks to queue
[2023-04-30T17:54:33.740+0000] {logging_mixin.py:120} INFO - [2023-04-30T17:54:33.740+0000] {dagbag.py:537} INFO - Filling up the DagBag from /home/airflow/.local/lib/python3.7/site-packages/airflow/example_dags/example_branch_python_dop_operator_3.py
[2023-04-30T17:54:33.758+0000] {processor.py:766} INFO - DAG(s) dict_keys(['example_branch_dop_operator_v3']) retrieved from /home/airflow/.local/lib/python3.7/site-packages/airflow/example_dags/example_branch_python_dop_operator_3.py
[2023-04-30T17:54:33.793+0000] {logging_mixin.py:120} INFO - [2023-04-30T17:54:33.793+0000] {dag.py:2585} INFO - Sync 1 DAGs
[2023-04-30T17:54:33.821+0000] {logging_mixin.py:120} INFO - [2023-04-30T17:54:33.821+0000] {dag.py:3340} INFO - Setting next_dagrun for example_branch_dop_operator_v3 to 2023-04-30T17:53:00+00:00, run_after=2023-04-30T17:54:00+00:00
[2023-04-30T17:54:33.844+0000] {processor.py:176} INFO - Processing /home/airflow/.local/lib/python3.7/site-packages/airflow/example_dags/example_branch_python_dop_operator_3.py took 0.109 seconds
[2023-04-30T17:55:04.329+0000] {processor.py:154} INFO - Started process (PID=787) to work on /home/airflow/.local/lib/python3.7/site-packages/airflow/example_dags/example_branch_python_dop_operator_3.py
[2023-04-30T17:55:04.330+0000] {processor.py:756} INFO - Processing file /home/airflow/.local/lib/python3.7/site-packages/airflow/example_dags/example_branch_python_dop_operator_3.py for tasks to queue
[2023-04-30T17:55:04.331+0000] {logging_mixin.py:120} INFO - [2023-04-30T17:55:04.331+0000] {dagbag.py:537} INFO - Filling up the DagBag from /home/airflow/.local/lib/python3.7/site-packages/airflow/example_dags/example_branch_python_dop_operator_3.py
[2023-04-30T17:55:04.351+0000] {processor.py:766} INFO - DAG(s) dict_keys(['example_branch_dop_operator_v3']) retrieved from /home/airflow/.local/lib/python3.7/site-packages/airflow/example_dags/example_branch_python_dop_operator_3.py
[2023-04-30T17:55:04.387+0000] {logging_mixin.py:120} INFO - [2023-04-30T17:55:04.386+0000] {dag.py:2585} INFO - Sync 1 DAGs
[2023-04-30T17:55:04.416+0000] {logging_mixin.py:120} INFO - [2023-04-30T17:55:04.415+0000] {dag.py:3340} INFO - Setting next_dagrun for example_branch_dop_operator_v3 to 2023-04-30T17:54:00+00:00, run_after=2023-04-30T17:55:00+00:00
[2023-04-30T17:55:04.441+0000] {processor.py:176} INFO - Processing /home/airflow/.local/lib/python3.7/site-packages/airflow/example_dags/example_branch_python_dop_operator_3.py took 0.114 seconds
[2023-04-30T17:55:35.092+0000] {processor.py:154} INFO - Started process (PID=851) to work on /home/airflow/.local/lib/python3.7/site-packages/airflow/example_dags/example_branch_python_dop_operator_3.py
[2023-04-30T17:55:35.093+0000] {processor.py:756} INFO - Processing file /home/airflow/.local/lib/python3.7/site-packages/airflow/example_dags/example_branch_python_dop_operator_3.py for tasks to queue
[2023-04-30T17:55:35.093+0000] {logging_mixin.py:120} INFO - [2023-04-30T17:55:35.093+0000] {dagbag.py:537} INFO - Filling up the DagBag from /home/airflow/.local/lib/python3.7/site-packages/airflow/example_dags/example_branch_python_dop_operator_3.py
[2023-04-30T17:55:35.112+0000] {processor.py:766} INFO - DAG(s) dict_keys(['example_branch_dop_operator_v3']) retrieved from /home/airflow/.local/lib/python3.7/site-packages/airflow/example_dags/example_branch_python_dop_operator_3.py
[2023-04-30T17:55:35.148+0000] {logging_mixin.py:120} INFO - [2023-04-30T17:55:35.148+0000] {dag.py:2585} INFO - Sync 1 DAGs
[2023-04-30T17:55:35.178+0000] {logging_mixin.py:120} INFO - [2023-04-30T17:55:35.177+0000] {dag.py:3340} INFO - Setting next_dagrun for example_branch_dop_operator_v3 to 2023-04-30T17:54:00+00:00, run_after=2023-04-30T17:55:00+00:00
[2023-04-30T17:55:35.201+0000] {processor.py:176} INFO - Processing /home/airflow/.local/lib/python3.7/site-packages/airflow/example_dags/example_branch_python_dop_operator_3.py took 0.111 seconds
[2023-04-30T17:56:05.704+0000] {processor.py:154} INFO - Started process (PID=914) to work on /home/airflow/.local/lib/python3.7/site-packages/airflow/example_dags/example_branch_python_dop_operator_3.py
[2023-04-30T17:56:05.706+0000] {processor.py:756} INFO - Processing file /home/airflow/.local/lib/python3.7/site-packages/airflow/example_dags/example_branch_python_dop_operator_3.py for tasks to queue
[2023-04-30T17:56:05.706+0000] {logging_mixin.py:120} INFO - [2023-04-30T17:56:05.706+0000] {dagbag.py:537} INFO - Filling up the DagBag from /home/airflow/.local/lib/python3.7/site-packages/airflow/example_dags/example_branch_python_dop_operator_3.py
[2023-04-30T17:56:05.727+0000] {processor.py:766} INFO - DAG(s) dict_keys(['example_branch_dop_operator_v3']) retrieved from /home/airflow/.local/lib/python3.7/site-packages/airflow/example_dags/example_branch_python_dop_operator_3.py
[2023-04-30T17:56:05.762+0000] {logging_mixin.py:120} INFO - [2023-04-30T17:56:05.762+0000] {dag.py:2585} INFO - Sync 1 DAGs
[2023-04-30T17:56:05.791+0000] {logging_mixin.py:120} INFO - [2023-04-30T17:56:05.791+0000] {dag.py:3340} INFO - Setting next_dagrun for example_branch_dop_operator_v3 to 2023-04-30T17:55:00+00:00, run_after=2023-04-30T17:56:00+00:00
[2023-04-30T17:56:05.815+0000] {processor.py:176} INFO - Processing /home/airflow/.local/lib/python3.7/site-packages/airflow/example_dags/example_branch_python_dop_operator_3.py took 0.112 seconds
[2023-04-30T17:56:36.265+0000] {processor.py:154} INFO - Started process (PID=969) to work on /home/airflow/.local/lib/python3.7/site-packages/airflow/example_dags/example_branch_python_dop_operator_3.py
[2023-04-30T17:56:36.266+0000] {processor.py:756} INFO - Processing file /home/airflow/.local/lib/python3.7/site-packages/airflow/example_dags/example_branch_python_dop_operator_3.py for tasks to queue
[2023-04-30T17:56:36.267+0000] {logging_mixin.py:120} INFO - [2023-04-30T17:56:36.266+0000] {dagbag.py:537} INFO - Filling up the DagBag from /home/airflow/.local/lib/python3.7/site-packages/airflow/example_dags/example_branch_python_dop_operator_3.py
[2023-04-30T17:56:36.287+0000] {processor.py:766} INFO - DAG(s) dict_keys(['example_branch_dop_operator_v3']) retrieved from /home/airflow/.local/lib/python3.7/site-packages/airflow/example_dags/example_branch_python_dop_operator_3.py
[2023-04-30T17:56:36.325+0000] {logging_mixin.py:120} INFO - [2023-04-30T17:56:36.325+0000] {dag.py:2585} INFO - Sync 1 DAGs
[2023-04-30T17:56:36.358+0000] {logging_mixin.py:120} INFO - [2023-04-30T17:56:36.358+0000] {dag.py:3340} INFO - Setting next_dagrun for example_branch_dop_operator_v3 to 2023-04-30T17:55:00+00:00, run_after=2023-04-30T17:56:00+00:00
[2023-04-30T17:56:36.383+0000] {processor.py:176} INFO - Processing /home/airflow/.local/lib/python3.7/site-packages/airflow/example_dags/example_branch_python_dop_operator_3.py took 0.120 seconds
[2023-04-30T17:57:06.837+0000] {processor.py:154} INFO - Started process (PID=1033) to work on /home/airflow/.local/lib/python3.7/site-packages/airflow/example_dags/example_branch_python_dop_operator_3.py
[2023-04-30T17:57:06.838+0000] {processor.py:756} INFO - Processing file /home/airflow/.local/lib/python3.7/site-packages/airflow/example_dags/example_branch_python_dop_operator_3.py for tasks to queue
[2023-04-30T17:57:06.839+0000] {logging_mixin.py:120} INFO - [2023-04-30T17:57:06.839+0000] {dagbag.py:537} INFO - Filling up the DagBag from /home/airflow/.local/lib/python3.7/site-packages/airflow/example_dags/example_branch_python_dop_operator_3.py
[2023-04-30T17:57:06.860+0000] {processor.py:766} INFO - DAG(s) dict_keys(['example_branch_dop_operator_v3']) retrieved from /home/airflow/.local/lib/python3.7/site-packages/airflow/example_dags/example_branch_python_dop_operator_3.py
[2023-04-30T17:57:06.897+0000] {logging_mixin.py:120} INFO - [2023-04-30T17:57:06.896+0000] {dag.py:2585} INFO - Sync 1 DAGs
[2023-04-30T17:57:06.928+0000] {logging_mixin.py:120} INFO - [2023-04-30T17:57:06.927+0000] {dag.py:3340} INFO - Setting next_dagrun for example_branch_dop_operator_v3 to 2023-04-30T17:56:00+00:00, run_after=2023-04-30T17:57:00+00:00
[2023-04-30T17:57:06.956+0000] {processor.py:176} INFO - Processing /home/airflow/.local/lib/python3.7/site-packages/airflow/example_dags/example_branch_python_dop_operator_3.py took 0.121 seconds
[2023-04-30T17:57:37.516+0000] {processor.py:154} INFO - Started process (PID=1096) to work on /home/airflow/.local/lib/python3.7/site-packages/airflow/example_dags/example_branch_python_dop_operator_3.py
[2023-04-30T17:57:37.516+0000] {processor.py:756} INFO - Processing file /home/airflow/.local/lib/python3.7/site-packages/airflow/example_dags/example_branch_python_dop_operator_3.py for tasks to queue
[2023-04-30T17:57:37.517+0000] {logging_mixin.py:120} INFO - [2023-04-30T17:57:37.517+0000] {dagbag.py:537} INFO - Filling up the DagBag from /home/airflow/.local/lib/python3.7/site-packages/airflow/example_dags/example_branch_python_dop_operator_3.py
[2023-04-30T17:57:37.543+0000] {processor.py:766} INFO - DAG(s) dict_keys(['example_branch_dop_operator_v3']) retrieved from /home/airflow/.local/lib/python3.7/site-packages/airflow/example_dags/example_branch_python_dop_operator_3.py
[2023-04-30T17:57:37.585+0000] {logging_mixin.py:120} INFO - [2023-04-30T17:57:37.585+0000] {dag.py:2585} INFO - Sync 1 DAGs
[2023-04-30T17:57:37.623+0000] {logging_mixin.py:120} INFO - [2023-04-30T17:57:37.623+0000] {dag.py:3340} INFO - Setting next_dagrun for example_branch_dop_operator_v3 to 2023-04-30T17:56:00+00:00, run_after=2023-04-30T17:57:00+00:00
[2023-04-30T17:57:37.649+0000] {processor.py:176} INFO - Processing /home/airflow/.local/lib/python3.7/site-packages/airflow/example_dags/example_branch_python_dop_operator_3.py took 0.135 seconds
[2023-04-30T17:58:08.167+0000] {processor.py:154} INFO - Started process (PID=1166) to work on /home/airflow/.local/lib/python3.7/site-packages/airflow/example_dags/example_branch_python_dop_operator_3.py
[2023-04-30T17:58:08.169+0000] {processor.py:756} INFO - Processing file /home/airflow/.local/lib/python3.7/site-packages/airflow/example_dags/example_branch_python_dop_operator_3.py for tasks to queue
[2023-04-30T17:58:08.170+0000] {logging_mixin.py:120} INFO - [2023-04-30T17:58:08.169+0000] {dagbag.py:537} INFO - Filling up the DagBag from /home/airflow/.local/lib/python3.7/site-packages/airflow/example_dags/example_branch_python_dop_operator_3.py
[2023-04-30T17:58:08.191+0000] {processor.py:766} INFO - DAG(s) dict_keys(['example_branch_dop_operator_v3']) retrieved from /home/airflow/.local/lib/python3.7/site-packages/airflow/example_dags/example_branch_python_dop_operator_3.py
[2023-04-30T17:58:08.232+0000] {logging_mixin.py:120} INFO - [2023-04-30T17:58:08.232+0000] {dag.py:2585} INFO - Sync 1 DAGs
[2023-04-30T17:58:08.266+0000] {logging_mixin.py:120} INFO - [2023-04-30T17:58:08.266+0000] {dag.py:3340} INFO - Setting next_dagrun for example_branch_dop_operator_v3 to 2023-04-30T17:57:00+00:00, run_after=2023-04-30T17:58:00+00:00
[2023-04-30T17:58:08.293+0000] {processor.py:176} INFO - Processing /home/airflow/.local/lib/python3.7/site-packages/airflow/example_dags/example_branch_python_dop_operator_3.py took 0.127 seconds
[2023-04-30T17:58:38.765+0000] {processor.py:154} INFO - Started process (PID=1220) to work on /home/airflow/.local/lib/python3.7/site-packages/airflow/example_dags/example_branch_python_dop_operator_3.py
[2023-04-30T17:58:38.767+0000] {processor.py:756} INFO - Processing file /home/airflow/.local/lib/python3.7/site-packages/airflow/example_dags/example_branch_python_dop_operator_3.py for tasks to queue
[2023-04-30T17:58:38.768+0000] {logging_mixin.py:120} INFO - [2023-04-30T17:58:38.768+0000] {dagbag.py:537} INFO - Filling up the DagBag from /home/airflow/.local/lib/python3.7/site-packages/airflow/example_dags/example_branch_python_dop_operator_3.py
[2023-04-30T17:58:38.791+0000] {processor.py:766} INFO - DAG(s) dict_keys(['example_branch_dop_operator_v3']) retrieved from /home/airflow/.local/lib/python3.7/site-packages/airflow/example_dags/example_branch_python_dop_operator_3.py
[2023-04-30T17:58:38.836+0000] {logging_mixin.py:120} INFO - [2023-04-30T17:58:38.836+0000] {dag.py:2585} INFO - Sync 1 DAGs
[2023-04-30T17:58:38.871+0000] {logging_mixin.py:120} INFO - [2023-04-30T17:58:38.871+0000] {dag.py:3340} INFO - Setting next_dagrun for example_branch_dop_operator_v3 to 2023-04-30T17:57:00+00:00, run_after=2023-04-30T17:58:00+00:00
[2023-04-30T17:58:38.899+0000] {processor.py:176} INFO - Processing /home/airflow/.local/lib/python3.7/site-packages/airflow/example_dags/example_branch_python_dop_operator_3.py took 0.136 seconds
[2023-04-30T17:59:09.620+0000] {processor.py:154} INFO - Started process (PID=1283) to work on /home/airflow/.local/lib/python3.7/site-packages/airflow/example_dags/example_branch_python_dop_operator_3.py
[2023-04-30T17:59:09.622+0000] {processor.py:756} INFO - Processing file /home/airflow/.local/lib/python3.7/site-packages/airflow/example_dags/example_branch_python_dop_operator_3.py for tasks to queue
[2023-04-30T17:59:09.623+0000] {logging_mixin.py:120} INFO - [2023-04-30T17:59:09.623+0000] {dagbag.py:537} INFO - Filling up the DagBag from /home/airflow/.local/lib/python3.7/site-packages/airflow/example_dags/example_branch_python_dop_operator_3.py
[2023-04-30T17:59:09.648+0000] {processor.py:766} INFO - DAG(s) dict_keys(['example_branch_dop_operator_v3']) retrieved from /home/airflow/.local/lib/python3.7/site-packages/airflow/example_dags/example_branch_python_dop_operator_3.py
[2023-04-30T17:59:09.699+0000] {logging_mixin.py:120} INFO - [2023-04-30T17:59:09.699+0000] {dag.py:2585} INFO - Sync 1 DAGs
[2023-04-30T17:59:09.734+0000] {logging_mixin.py:120} INFO - [2023-04-30T17:59:09.733+0000] {dag.py:3340} INFO - Setting next_dagrun for example_branch_dop_operator_v3 to 2023-04-30T17:58:00+00:00, run_after=2023-04-30T17:59:00+00:00
[2023-04-30T17:59:09.763+0000] {processor.py:176} INFO - Processing /home/airflow/.local/lib/python3.7/site-packages/airflow/example_dags/example_branch_python_dop_operator_3.py took 0.146 seconds
[2023-04-30T17:59:40.356+0000] {processor.py:154} INFO - Started process (PID=1346) to work on /home/airflow/.local/lib/python3.7/site-packages/airflow/example_dags/example_branch_python_dop_operator_3.py
[2023-04-30T17:59:40.357+0000] {processor.py:756} INFO - Processing file /home/airflow/.local/lib/python3.7/site-packages/airflow/example_dags/example_branch_python_dop_operator_3.py for tasks to queue
[2023-04-30T17:59:40.358+0000] {logging_mixin.py:120} INFO - [2023-04-30T17:59:40.358+0000] {dagbag.py:537} INFO - Filling up the DagBag from /home/airflow/.local/lib/python3.7/site-packages/airflow/example_dags/example_branch_python_dop_operator_3.py
[2023-04-30T17:59:40.380+0000] {processor.py:766} INFO - DAG(s) dict_keys(['example_branch_dop_operator_v3']) retrieved from /home/airflow/.local/lib/python3.7/site-packages/airflow/example_dags/example_branch_python_dop_operator_3.py
[2023-04-30T17:59:40.417+0000] {logging_mixin.py:120} INFO - [2023-04-30T17:59:40.417+0000] {dag.py:2585} INFO - Sync 1 DAGs
[2023-04-30T17:59:40.460+0000] {logging_mixin.py:120} INFO - [2023-04-30T17:59:40.460+0000] {dag.py:3340} INFO - Setting next_dagrun for example_branch_dop_operator_v3 to 2023-04-30T17:58:00+00:00, run_after=2023-04-30T17:59:00+00:00
[2023-04-30T17:59:40.485+0000] {processor.py:176} INFO - Processing /home/airflow/.local/lib/python3.7/site-packages/airflow/example_dags/example_branch_python_dop_operator_3.py took 0.130 seconds
[2023-04-30T18:00:11.001+0000] {processor.py:154} INFO - Started process (PID=1401) to work on /home/airflow/.local/lib/python3.7/site-packages/airflow/example_dags/example_branch_python_dop_operator_3.py
[2023-04-30T18:00:11.002+0000] {processor.py:756} INFO - Processing file /home/airflow/.local/lib/python3.7/site-packages/airflow/example_dags/example_branch_python_dop_operator_3.py for tasks to queue
[2023-04-30T18:00:11.003+0000] {logging_mixin.py:120} INFO - [2023-04-30T18:00:11.003+0000] {dagbag.py:537} INFO - Filling up the DagBag from /home/airflow/.local/lib/python3.7/site-packages/airflow/example_dags/example_branch_python_dop_operator_3.py
[2023-04-30T18:00:11.024+0000] {processor.py:766} INFO - DAG(s) dict_keys(['example_branch_dop_operator_v3']) retrieved from /home/airflow/.local/lib/python3.7/site-packages/airflow/example_dags/example_branch_python_dop_operator_3.py
[2023-04-30T18:00:11.066+0000] {logging_mixin.py:120} INFO - [2023-04-30T18:00:11.066+0000] {dag.py:2585} INFO - Sync 1 DAGs
[2023-04-30T18:00:11.110+0000] {logging_mixin.py:120} INFO - [2023-04-30T18:00:11.110+0000] {dag.py:3340} INFO - Setting next_dagrun for example_branch_dop_operator_v3 to 2023-04-30T17:59:00+00:00, run_after=2023-04-30T18:00:00+00:00
[2023-04-30T18:00:11.134+0000] {processor.py:176} INFO - Processing /home/airflow/.local/lib/python3.7/site-packages/airflow/example_dags/example_branch_python_dop_operator_3.py took 0.136 seconds
[2023-04-30T18:00:41.663+0000] {processor.py:154} INFO - Started process (PID=1465) to work on /home/airflow/.local/lib/python3.7/site-packages/airflow/example_dags/example_branch_python_dop_operator_3.py
[2023-04-30T18:00:41.665+0000] {processor.py:756} INFO - Processing file /home/airflow/.local/lib/python3.7/site-packages/airflow/example_dags/example_branch_python_dop_operator_3.py for tasks to queue
[2023-04-30T18:00:41.666+0000] {logging_mixin.py:120} INFO - [2023-04-30T18:00:41.666+0000] {dagbag.py:537} INFO - Filling up the DagBag from /home/airflow/.local/lib/python3.7/site-packages/airflow/example_dags/example_branch_python_dop_operator_3.py
[2023-04-30T18:00:41.685+0000] {processor.py:766} INFO - DAG(s) dict_keys(['example_branch_dop_operator_v3']) retrieved from /home/airflow/.local/lib/python3.7/site-packages/airflow/example_dags/example_branch_python_dop_operator_3.py
[2023-04-30T18:00:41.724+0000] {logging_mixin.py:120} INFO - [2023-04-30T18:00:41.723+0000] {dag.py:2585} INFO - Sync 1 DAGs
[2023-04-30T18:00:41.753+0000] {logging_mixin.py:120} INFO - [2023-04-30T18:00:41.753+0000] {dag.py:3340} INFO - Setting next_dagrun for example_branch_dop_operator_v3 to 2023-04-30T17:59:00+00:00, run_after=2023-04-30T18:00:00+00:00
[2023-04-30T18:00:41.780+0000] {processor.py:176} INFO - Processing /home/airflow/.local/lib/python3.7/site-packages/airflow/example_dags/example_branch_python_dop_operator_3.py took 0.120 seconds
[2023-04-30T18:01:12.602+0000] {processor.py:154} INFO - Started process (PID=1528) to work on /home/airflow/.local/lib/python3.7/site-packages/airflow/example_dags/example_branch_python_dop_operator_3.py
[2023-04-30T18:01:12.603+0000] {processor.py:756} INFO - Processing file /home/airflow/.local/lib/python3.7/site-packages/airflow/example_dags/example_branch_python_dop_operator_3.py for tasks to queue
[2023-04-30T18:01:12.603+0000] {logging_mixin.py:120} INFO - [2023-04-30T18:01:12.603+0000] {dagbag.py:537} INFO - Filling up the DagBag from /home/airflow/.local/lib/python3.7/site-packages/airflow/example_dags/example_branch_python_dop_operator_3.py
[2023-04-30T18:01:12.624+0000] {processor.py:766} INFO - DAG(s) dict_keys(['example_branch_dop_operator_v3']) retrieved from /home/airflow/.local/lib/python3.7/site-packages/airflow/example_dags/example_branch_python_dop_operator_3.py
[2023-04-30T18:01:12.665+0000] {logging_mixin.py:120} INFO - [2023-04-30T18:01:12.665+0000] {dag.py:2585} INFO - Sync 1 DAGs
[2023-04-30T18:01:12.696+0000] {logging_mixin.py:120} INFO - [2023-04-30T18:01:12.696+0000] {dag.py:3340} INFO - Setting next_dagrun for example_branch_dop_operator_v3 to 2023-04-30T18:00:00+00:00, run_after=2023-04-30T18:01:00+00:00
[2023-04-30T18:01:12.723+0000] {processor.py:176} INFO - Processing /home/airflow/.local/lib/python3.7/site-packages/airflow/example_dags/example_branch_python_dop_operator_3.py took 0.123 seconds
[2023-04-30T18:01:43.198+0000] {processor.py:154} INFO - Started process (PID=1582) to work on /home/airflow/.local/lib/python3.7/site-packages/airflow/example_dags/example_branch_python_dop_operator_3.py
[2023-04-30T18:01:43.199+0000] {processor.py:756} INFO - Processing file /home/airflow/.local/lib/python3.7/site-packages/airflow/example_dags/example_branch_python_dop_operator_3.py for tasks to queue
[2023-04-30T18:01:43.200+0000] {logging_mixin.py:120} INFO - [2023-04-30T18:01:43.200+0000] {dagbag.py:537} INFO - Filling up the DagBag from /home/airflow/.local/lib/python3.7/site-packages/airflow/example_dags/example_branch_python_dop_operator_3.py
[2023-04-30T18:01:43.219+0000] {processor.py:766} INFO - DAG(s) dict_keys(['example_branch_dop_operator_v3']) retrieved from /home/airflow/.local/lib/python3.7/site-packages/airflow/example_dags/example_branch_python_dop_operator_3.py
[2023-04-30T18:01:43.253+0000] {logging_mixin.py:120} INFO - [2023-04-30T18:01:43.253+0000] {dag.py:2585} INFO - Sync 1 DAGs
[2023-04-30T18:01:43.284+0000] {logging_mixin.py:120} INFO - [2023-04-30T18:01:43.283+0000] {dag.py:3340} INFO - Setting next_dagrun for example_branch_dop_operator_v3 to 2023-04-30T18:00:00+00:00, run_after=2023-04-30T18:01:00+00:00
[2023-04-30T18:01:43.307+0000] {processor.py:176} INFO - Processing /home/airflow/.local/lib/python3.7/site-packages/airflow/example_dags/example_branch_python_dop_operator_3.py took 0.111 seconds
[2023-04-30T18:02:13.674+0000] {processor.py:154} INFO - Started process (PID=1645) to work on /home/airflow/.local/lib/python3.7/site-packages/airflow/example_dags/example_branch_python_dop_operator_3.py
[2023-04-30T18:02:13.675+0000] {processor.py:756} INFO - Processing file /home/airflow/.local/lib/python3.7/site-packages/airflow/example_dags/example_branch_python_dop_operator_3.py for tasks to queue
[2023-04-30T18:02:13.676+0000] {logging_mixin.py:120} INFO - [2023-04-30T18:02:13.676+0000] {dagbag.py:537} INFO - Filling up the DagBag from /home/airflow/.local/lib/python3.7/site-packages/airflow/example_dags/example_branch_python_dop_operator_3.py
[2023-04-30T18:02:13.695+0000] {processor.py:766} INFO - DAG(s) dict_keys(['example_branch_dop_operator_v3']) retrieved from /home/airflow/.local/lib/python3.7/site-packages/airflow/example_dags/example_branch_python_dop_operator_3.py
[2023-04-30T18:02:13.732+0000] {logging_mixin.py:120} INFO - [2023-04-30T18:02:13.731+0000] {dag.py:2585} INFO - Sync 1 DAGs
[2023-04-30T18:02:13.763+0000] {logging_mixin.py:120} INFO - [2023-04-30T18:02:13.763+0000] {dag.py:3340} INFO - Setting next_dagrun for example_branch_dop_operator_v3 to 2023-04-30T18:01:00+00:00, run_after=2023-04-30T18:02:00+00:00
[2023-04-30T18:02:13.785+0000] {processor.py:176} INFO - Processing /home/airflow/.local/lib/python3.7/site-packages/airflow/example_dags/example_branch_python_dop_operator_3.py took 0.114 seconds
[2023-04-30T18:02:44.153+0000] {processor.py:154} INFO - Started process (PID=1708) to work on /home/airflow/.local/lib/python3.7/site-packages/airflow/example_dags/example_branch_python_dop_operator_3.py
[2023-04-30T18:02:44.154+0000] {processor.py:756} INFO - Processing file /home/airflow/.local/lib/python3.7/site-packages/airflow/example_dags/example_branch_python_dop_operator_3.py for tasks to queue
[2023-04-30T18:02:44.154+0000] {logging_mixin.py:120} INFO - [2023-04-30T18:02:44.154+0000] {dagbag.py:537} INFO - Filling up the DagBag from /home/airflow/.local/lib/python3.7/site-packages/airflow/example_dags/example_branch_python_dop_operator_3.py
[2023-04-30T18:02:44.172+0000] {processor.py:766} INFO - DAG(s) dict_keys(['example_branch_dop_operator_v3']) retrieved from /home/airflow/.local/lib/python3.7/site-packages/airflow/example_dags/example_branch_python_dop_operator_3.py
[2023-04-30T18:02:44.209+0000] {logging_mixin.py:120} INFO - [2023-04-30T18:02:44.208+0000] {dag.py:2585} INFO - Sync 1 DAGs
[2023-04-30T18:02:44.242+0000] {logging_mixin.py:120} INFO - [2023-04-30T18:02:44.242+0000] {dag.py:3340} INFO - Setting next_dagrun for example_branch_dop_operator_v3 to 2023-04-30T18:01:00+00:00, run_after=2023-04-30T18:02:00+00:00
[2023-04-30T18:02:44.266+0000] {processor.py:176} INFO - Processing /home/airflow/.local/lib/python3.7/site-packages/airflow/example_dags/example_branch_python_dop_operator_3.py took 0.115 seconds
[2023-04-30T18:03:14.639+0000] {processor.py:154} INFO - Started process (PID=1762) to work on /home/airflow/.local/lib/python3.7/site-packages/airflow/example_dags/example_branch_python_dop_operator_3.py
[2023-04-30T18:03:14.641+0000] {processor.py:756} INFO - Processing file /home/airflow/.local/lib/python3.7/site-packages/airflow/example_dags/example_branch_python_dop_operator_3.py for tasks to queue
[2023-04-30T18:03:14.642+0000] {logging_mixin.py:120} INFO - [2023-04-30T18:03:14.641+0000] {dagbag.py:537} INFO - Filling up the DagBag from /home/airflow/.local/lib/python3.7/site-packages/airflow/example_dags/example_branch_python_dop_operator_3.py
[2023-04-30T18:03:14.660+0000] {processor.py:766} INFO - DAG(s) dict_keys(['example_branch_dop_operator_v3']) retrieved from /home/airflow/.local/lib/python3.7/site-packages/airflow/example_dags/example_branch_python_dop_operator_3.py
[2023-04-30T18:03:14.694+0000] {logging_mixin.py:120} INFO - [2023-04-30T18:03:14.694+0000] {dag.py:2585} INFO - Sync 1 DAGs
[2023-04-30T18:03:14.736+0000] {logging_mixin.py:120} INFO - [2023-04-30T18:03:14.736+0000] {dag.py:3340} INFO - Setting next_dagrun for example_branch_dop_operator_v3 to 2023-04-30T18:02:00+00:00, run_after=2023-04-30T18:03:00+00:00
[2023-04-30T18:03:14.761+0000] {processor.py:176} INFO - Processing /home/airflow/.local/lib/python3.7/site-packages/airflow/example_dags/example_branch_python_dop_operator_3.py took 0.124 seconds
[2023-04-30T18:03:45.289+0000] {processor.py:154} INFO - Started process (PID=1826) to work on /home/airflow/.local/lib/python3.7/site-packages/airflow/example_dags/example_branch_python_dop_operator_3.py
[2023-04-30T18:03:45.290+0000] {processor.py:756} INFO - Processing file /home/airflow/.local/lib/python3.7/site-packages/airflow/example_dags/example_branch_python_dop_operator_3.py for tasks to queue
[2023-04-30T18:03:45.291+0000] {logging_mixin.py:120} INFO - [2023-04-30T18:03:45.291+0000] {dagbag.py:537} INFO - Filling up the DagBag from /home/airflow/.local/lib/python3.7/site-packages/airflow/example_dags/example_branch_python_dop_operator_3.py
[2023-04-30T18:03:45.310+0000] {processor.py:766} INFO - DAG(s) dict_keys(['example_branch_dop_operator_v3']) retrieved from /home/airflow/.local/lib/python3.7/site-packages/airflow/example_dags/example_branch_python_dop_operator_3.py
[2023-04-30T18:03:45.346+0000] {logging_mixin.py:120} INFO - [2023-04-30T18:03:45.346+0000] {dag.py:2585} INFO - Sync 1 DAGs
[2023-04-30T18:03:45.378+0000] {logging_mixin.py:120} INFO - [2023-04-30T18:03:45.377+0000] {dag.py:3340} INFO - Setting next_dagrun for example_branch_dop_operator_v3 to 2023-04-30T18:02:00+00:00, run_after=2023-04-30T18:03:00+00:00
[2023-04-30T18:03:45.399+0000] {processor.py:176} INFO - Processing /home/airflow/.local/lib/python3.7/site-packages/airflow/example_dags/example_branch_python_dop_operator_3.py took 0.112 seconds
[2023-04-30T18:04:15.763+0000] {processor.py:154} INFO - Started process (PID=1889) to work on /home/airflow/.local/lib/python3.7/site-packages/airflow/example_dags/example_branch_python_dop_operator_3.py
[2023-04-30T18:04:15.763+0000] {processor.py:756} INFO - Processing file /home/airflow/.local/lib/python3.7/site-packages/airflow/example_dags/example_branch_python_dop_operator_3.py for tasks to queue
[2023-04-30T18:04:15.764+0000] {logging_mixin.py:120} INFO - [2023-04-30T18:04:15.764+0000] {dagbag.py:537} INFO - Filling up the DagBag from /home/airflow/.local/lib/python3.7/site-packages/airflow/example_dags/example_branch_python_dop_operator_3.py
[2023-04-30T18:04:15.784+0000] {processor.py:766} INFO - DAG(s) dict_keys(['example_branch_dop_operator_v3']) retrieved from /home/airflow/.local/lib/python3.7/site-packages/airflow/example_dags/example_branch_python_dop_operator_3.py
[2023-04-30T18:04:15.818+0000] {logging_mixin.py:120} INFO - [2023-04-30T18:04:15.818+0000] {dag.py:2585} INFO - Sync 1 DAGs
[2023-04-30T18:04:15.852+0000] {logging_mixin.py:120} INFO - [2023-04-30T18:04:15.852+0000] {dag.py:3340} INFO - Setting next_dagrun for example_branch_dop_operator_v3 to 2023-04-30T18:03:00+00:00, run_after=2023-04-30T18:04:00+00:00
[2023-04-30T18:04:15.878+0000] {processor.py:176} INFO - Processing /home/airflow/.local/lib/python3.7/site-packages/airflow/example_dags/example_branch_python_dop_operator_3.py took 0.118 seconds
[2023-04-30T18:04:46.275+0000] {processor.py:154} INFO - Started process (PID=1953) to work on /home/airflow/.local/lib/python3.7/site-packages/airflow/example_dags/example_branch_python_dop_operator_3.py
[2023-04-30T18:04:46.276+0000] {processor.py:756} INFO - Processing file /home/airflow/.local/lib/python3.7/site-packages/airflow/example_dags/example_branch_python_dop_operator_3.py for tasks to queue
[2023-04-30T18:04:46.277+0000] {logging_mixin.py:120} INFO - [2023-04-30T18:04:46.277+0000] {dagbag.py:537} INFO - Filling up the DagBag from /home/airflow/.local/lib/python3.7/site-packages/airflow/example_dags/example_branch_python_dop_operator_3.py
[2023-04-30T18:04:46.295+0000] {processor.py:766} INFO - DAG(s) dict_keys(['example_branch_dop_operator_v3']) retrieved from /home/airflow/.local/lib/python3.7/site-packages/airflow/example_dags/example_branch_python_dop_operator_3.py
[2023-04-30T18:04:46.332+0000] {logging_mixin.py:120} INFO - [2023-04-30T18:04:46.331+0000] {dag.py:2585} INFO - Sync 1 DAGs
[2023-04-30T18:04:46.366+0000] {logging_mixin.py:120} INFO - [2023-04-30T18:04:46.366+0000] {dag.py:3340} INFO - Setting next_dagrun for example_branch_dop_operator_v3 to 2023-04-30T18:03:00+00:00, run_after=2023-04-30T18:04:00+00:00
[2023-04-30T18:04:46.390+0000] {processor.py:176} INFO - Processing /home/airflow/.local/lib/python3.7/site-packages/airflow/example_dags/example_branch_python_dop_operator_3.py took 0.118 seconds
[2023-04-30T18:05:17.019+0000] {processor.py:154} INFO - Started process (PID=2007) to work on /home/airflow/.local/lib/python3.7/site-packages/airflow/example_dags/example_branch_python_dop_operator_3.py
[2023-04-30T18:05:17.019+0000] {processor.py:756} INFO - Processing file /home/airflow/.local/lib/python3.7/site-packages/airflow/example_dags/example_branch_python_dop_operator_3.py for tasks to queue
[2023-04-30T18:05:17.020+0000] {logging_mixin.py:120} INFO - [2023-04-30T18:05:17.020+0000] {dagbag.py:537} INFO - Filling up the DagBag from /home/airflow/.local/lib/python3.7/site-packages/airflow/example_dags/example_branch_python_dop_operator_3.py
[2023-04-30T18:05:17.038+0000] {processor.py:766} INFO - DAG(s) dict_keys(['example_branch_dop_operator_v3']) retrieved from /home/airflow/.local/lib/python3.7/site-packages/airflow/example_dags/example_branch_python_dop_operator_3.py
[2023-04-30T18:05:17.070+0000] {logging_mixin.py:120} INFO - [2023-04-30T18:05:17.070+0000] {dag.py:2585} INFO - Sync 1 DAGs
[2023-04-30T18:05:17.099+0000] {logging_mixin.py:120} INFO - [2023-04-30T18:05:17.099+0000] {dag.py:3340} INFO - Setting next_dagrun for example_branch_dop_operator_v3 to 2023-04-30T18:04:00+00:00, run_after=2023-04-30T18:05:00+00:00
[2023-04-30T18:05:17.129+0000] {processor.py:176} INFO - Processing /home/airflow/.local/lib/python3.7/site-packages/airflow/example_dags/example_branch_python_dop_operator_3.py took 0.113 seconds
[2023-04-30T18:05:47.582+0000] {processor.py:154} INFO - Started process (PID=2071) to work on /home/airflow/.local/lib/python3.7/site-packages/airflow/example_dags/example_branch_python_dop_operator_3.py
[2023-04-30T18:05:47.583+0000] {processor.py:756} INFO - Processing file /home/airflow/.local/lib/python3.7/site-packages/airflow/example_dags/example_branch_python_dop_operator_3.py for tasks to queue
[2023-04-30T18:05:47.583+0000] {logging_mixin.py:120} INFO - [2023-04-30T18:05:47.583+0000] {dagbag.py:537} INFO - Filling up the DagBag from /home/airflow/.local/lib/python3.7/site-packages/airflow/example_dags/example_branch_python_dop_operator_3.py
[2023-04-30T18:05:47.602+0000] {processor.py:766} INFO - DAG(s) dict_keys(['example_branch_dop_operator_v3']) retrieved from /home/airflow/.local/lib/python3.7/site-packages/airflow/example_dags/example_branch_python_dop_operator_3.py
[2023-04-30T18:05:47.636+0000] {logging_mixin.py:120} INFO - [2023-04-30T18:05:47.636+0000] {dag.py:2585} INFO - Sync 1 DAGs
[2023-04-30T18:05:47.670+0000] {logging_mixin.py:120} INFO - [2023-04-30T18:05:47.669+0000] {dag.py:3340} INFO - Setting next_dagrun for example_branch_dop_operator_v3 to 2023-04-30T18:04:00+00:00, run_after=2023-04-30T18:05:00+00:00
[2023-04-30T18:05:47.693+0000] {processor.py:176} INFO - Processing /home/airflow/.local/lib/python3.7/site-packages/airflow/example_dags/example_branch_python_dop_operator_3.py took 0.114 seconds
[2023-04-30T18:06:18.166+0000] {processor.py:154} INFO - Started process (PID=2134) to work on /home/airflow/.local/lib/python3.7/site-packages/airflow/example_dags/example_branch_python_dop_operator_3.py
[2023-04-30T18:06:18.166+0000] {processor.py:756} INFO - Processing file /home/airflow/.local/lib/python3.7/site-packages/airflow/example_dags/example_branch_python_dop_operator_3.py for tasks to queue
[2023-04-30T18:06:18.167+0000] {logging_mixin.py:120} INFO - [2023-04-30T18:06:18.167+0000] {dagbag.py:537} INFO - Filling up the DagBag from /home/airflow/.local/lib/python3.7/site-packages/airflow/example_dags/example_branch_python_dop_operator_3.py
[2023-04-30T18:06:18.184+0000] {processor.py:766} INFO - DAG(s) dict_keys(['example_branch_dop_operator_v3']) retrieved from /home/airflow/.local/lib/python3.7/site-packages/airflow/example_dags/example_branch_python_dop_operator_3.py
[2023-04-30T18:06:18.220+0000] {logging_mixin.py:120} INFO - [2023-04-30T18:06:18.220+0000] {dag.py:2585} INFO - Sync 1 DAGs
[2023-04-30T18:06:18.252+0000] {logging_mixin.py:120} INFO - [2023-04-30T18:06:18.252+0000] {dag.py:3340} INFO - Setting next_dagrun for example_branch_dop_operator_v3 to 2023-04-30T18:05:00+00:00, run_after=2023-04-30T18:06:00+00:00
[2023-04-30T18:06:18.277+0000] {processor.py:176} INFO - Processing /home/airflow/.local/lib/python3.7/site-packages/airflow/example_dags/example_branch_python_dop_operator_3.py took 0.114 seconds
[2023-04-30T18:06:48.660+0000] {processor.py:154} INFO - Started process (PID=2188) to work on /home/airflow/.local/lib/python3.7/site-packages/airflow/example_dags/example_branch_python_dop_operator_3.py
[2023-04-30T18:06:48.661+0000] {processor.py:756} INFO - Processing file /home/airflow/.local/lib/python3.7/site-packages/airflow/example_dags/example_branch_python_dop_operator_3.py for tasks to queue
[2023-04-30T18:06:48.662+0000] {logging_mixin.py:120} INFO - [2023-04-30T18:06:48.662+0000] {dagbag.py:537} INFO - Filling up the DagBag from /home/airflow/.local/lib/python3.7/site-packages/airflow/example_dags/example_branch_python_dop_operator_3.py
[2023-04-30T18:06:48.680+0000] {processor.py:766} INFO - DAG(s) dict_keys(['example_branch_dop_operator_v3']) retrieved from /home/airflow/.local/lib/python3.7/site-packages/airflow/example_dags/example_branch_python_dop_operator_3.py
[2023-04-30T18:06:48.714+0000] {logging_mixin.py:120} INFO - [2023-04-30T18:06:48.714+0000] {dag.py:2585} INFO - Sync 1 DAGs
[2023-04-30T18:06:48.743+0000] {logging_mixin.py:120} INFO - [2023-04-30T18:06:48.743+0000] {dag.py:3340} INFO - Setting next_dagrun for example_branch_dop_operator_v3 to 2023-04-30T18:05:00+00:00, run_after=2023-04-30T18:06:00+00:00
[2023-04-30T18:06:48.766+0000] {processor.py:176} INFO - Processing /home/airflow/.local/lib/python3.7/site-packages/airflow/example_dags/example_branch_python_dop_operator_3.py took 0.108 seconds
[2023-04-30T18:07:19.225+0000] {processor.py:154} INFO - Started process (PID=2251) to work on /home/airflow/.local/lib/python3.7/site-packages/airflow/example_dags/example_branch_python_dop_operator_3.py
[2023-04-30T18:07:19.225+0000] {processor.py:756} INFO - Processing file /home/airflow/.local/lib/python3.7/site-packages/airflow/example_dags/example_branch_python_dop_operator_3.py for tasks to queue
[2023-04-30T18:07:19.226+0000] {logging_mixin.py:120} INFO - [2023-04-30T18:07:19.226+0000] {dagbag.py:537} INFO - Filling up the DagBag from /home/airflow/.local/lib/python3.7/site-packages/airflow/example_dags/example_branch_python_dop_operator_3.py
[2023-04-30T18:07:19.245+0000] {processor.py:766} INFO - DAG(s) dict_keys(['example_branch_dop_operator_v3']) retrieved from /home/airflow/.local/lib/python3.7/site-packages/airflow/example_dags/example_branch_python_dop_operator_3.py
[2023-04-30T18:07:19.280+0000] {logging_mixin.py:120} INFO - [2023-04-30T18:07:19.280+0000] {dag.py:2585} INFO - Sync 1 DAGs
[2023-04-30T18:07:19.310+0000] {logging_mixin.py:120} INFO - [2023-04-30T18:07:19.310+0000] {dag.py:3340} INFO - Setting next_dagrun for example_branch_dop_operator_v3 to 2023-04-30T18:06:00+00:00, run_after=2023-04-30T18:07:00+00:00
[2023-04-30T18:07:19.335+0000] {processor.py:176} INFO - Processing /home/airflow/.local/lib/python3.7/site-packages/airflow/example_dags/example_branch_python_dop_operator_3.py took 0.112 seconds
[2023-04-30T18:07:49.737+0000] {processor.py:154} INFO - Started process (PID=2314) to work on /home/airflow/.local/lib/python3.7/site-packages/airflow/example_dags/example_branch_python_dop_operator_3.py
[2023-04-30T18:07:49.738+0000] {processor.py:756} INFO - Processing file /home/airflow/.local/lib/python3.7/site-packages/airflow/example_dags/example_branch_python_dop_operator_3.py for tasks to queue
[2023-04-30T18:07:49.739+0000] {logging_mixin.py:120} INFO - [2023-04-30T18:07:49.738+0000] {dagbag.py:537} INFO - Filling up the DagBag from /home/airflow/.local/lib/python3.7/site-packages/airflow/example_dags/example_branch_python_dop_operator_3.py
[2023-04-30T18:07:49.757+0000] {processor.py:766} INFO - DAG(s) dict_keys(['example_branch_dop_operator_v3']) retrieved from /home/airflow/.local/lib/python3.7/site-packages/airflow/example_dags/example_branch_python_dop_operator_3.py
[2023-04-30T18:07:49.790+0000] {logging_mixin.py:120} INFO - [2023-04-30T18:07:49.790+0000] {dag.py:2585} INFO - Sync 1 DAGs
[2023-04-30T18:07:49.821+0000] {logging_mixin.py:120} INFO - [2023-04-30T18:07:49.821+0000] {dag.py:3340} INFO - Setting next_dagrun for example_branch_dop_operator_v3 to 2023-04-30T18:06:00+00:00, run_after=2023-04-30T18:07:00+00:00
[2023-04-30T18:07:49.844+0000] {processor.py:176} INFO - Processing /home/airflow/.local/lib/python3.7/site-packages/airflow/example_dags/example_branch_python_dop_operator_3.py took 0.109 seconds
[2023-04-30T18:08:20.219+0000] {processor.py:154} INFO - Started process (PID=2368) to work on /home/airflow/.local/lib/python3.7/site-packages/airflow/example_dags/example_branch_python_dop_operator_3.py
[2023-04-30T18:08:20.220+0000] {processor.py:756} INFO - Processing file /home/airflow/.local/lib/python3.7/site-packages/airflow/example_dags/example_branch_python_dop_operator_3.py for tasks to queue
[2023-04-30T18:08:20.220+0000] {logging_mixin.py:120} INFO - [2023-04-30T18:08:20.220+0000] {dagbag.py:537} INFO - Filling up the DagBag from /home/airflow/.local/lib/python3.7/site-packages/airflow/example_dags/example_branch_python_dop_operator_3.py
[2023-04-30T18:08:20.239+0000] {processor.py:766} INFO - DAG(s) dict_keys(['example_branch_dop_operator_v3']) retrieved from /home/airflow/.local/lib/python3.7/site-packages/airflow/example_dags/example_branch_python_dop_operator_3.py
[2023-04-30T18:08:20.274+0000] {logging_mixin.py:120} INFO - [2023-04-30T18:08:20.274+0000] {dag.py:2585} INFO - Sync 1 DAGs
[2023-04-30T18:08:20.303+0000] {logging_mixin.py:120} INFO - [2023-04-30T18:08:20.302+0000] {dag.py:3340} INFO - Setting next_dagrun for example_branch_dop_operator_v3 to 2023-04-30T18:07:00+00:00, run_after=2023-04-30T18:08:00+00:00
[2023-04-30T18:08:20.324+0000] {processor.py:176} INFO - Processing /home/airflow/.local/lib/python3.7/site-packages/airflow/example_dags/example_branch_python_dop_operator_3.py took 0.107 seconds
[2023-04-30T18:08:50.664+0000] {processor.py:154} INFO - Started process (PID=2431) to work on /home/airflow/.local/lib/python3.7/site-packages/airflow/example_dags/example_branch_python_dop_operator_3.py
[2023-04-30T18:08:50.666+0000] {processor.py:756} INFO - Processing file /home/airflow/.local/lib/python3.7/site-packages/airflow/example_dags/example_branch_python_dop_operator_3.py for tasks to queue
[2023-04-30T18:08:50.666+0000] {logging_mixin.py:120} INFO - [2023-04-30T18:08:50.666+0000] {dagbag.py:537} INFO - Filling up the DagBag from /home/airflow/.local/lib/python3.7/site-packages/airflow/example_dags/example_branch_python_dop_operator_3.py
[2023-04-30T18:08:50.685+0000] {processor.py:766} INFO - DAG(s) dict_keys(['example_branch_dop_operator_v3']) retrieved from /home/airflow/.local/lib/python3.7/site-packages/airflow/example_dags/example_branch_python_dop_operator_3.py
[2023-04-30T18:08:50.722+0000] {logging_mixin.py:120} INFO - [2023-04-30T18:08:50.721+0000] {dag.py:2585} INFO - Sync 1 DAGs
[2023-04-30T18:08:50.752+0000] {logging_mixin.py:120} INFO - [2023-04-30T18:08:50.752+0000] {dag.py:3340} INFO - Setting next_dagrun for example_branch_dop_operator_v3 to 2023-04-30T18:07:00+00:00, run_after=2023-04-30T18:08:00+00:00
[2023-04-30T18:08:50.776+0000] {processor.py:176} INFO - Processing /home/airflow/.local/lib/python3.7/site-packages/airflow/example_dags/example_branch_python_dop_operator_3.py took 0.114 seconds
[2023-04-30T18:09:21.522+0000] {processor.py:154} INFO - Started process (PID=2494) to work on /home/airflow/.local/lib/python3.7/site-packages/airflow/example_dags/example_branch_python_dop_operator_3.py
[2023-04-30T18:09:21.523+0000] {processor.py:756} INFO - Processing file /home/airflow/.local/lib/python3.7/site-packages/airflow/example_dags/example_branch_python_dop_operator_3.py for tasks to queue
[2023-04-30T18:09:21.523+0000] {logging_mixin.py:120} INFO - [2023-04-30T18:09:21.523+0000] {dagbag.py:537} INFO - Filling up the DagBag from /home/airflow/.local/lib/python3.7/site-packages/airflow/example_dags/example_branch_python_dop_operator_3.py
[2023-04-30T18:09:21.543+0000] {processor.py:766} INFO - DAG(s) dict_keys(['example_branch_dop_operator_v3']) retrieved from /home/airflow/.local/lib/python3.7/site-packages/airflow/example_dags/example_branch_python_dop_operator_3.py
[2023-04-30T18:09:21.577+0000] {logging_mixin.py:120} INFO - [2023-04-30T18:09:21.577+0000] {dag.py:2585} INFO - Sync 1 DAGs
[2023-04-30T18:09:21.608+0000] {logging_mixin.py:120} INFO - [2023-04-30T18:09:21.608+0000] {dag.py:3340} INFO - Setting next_dagrun for example_branch_dop_operator_v3 to 2023-04-30T18:08:00+00:00, run_after=2023-04-30T18:09:00+00:00
[2023-04-30T18:09:21.632+0000] {processor.py:176} INFO - Processing /home/airflow/.local/lib/python3.7/site-packages/airflow/example_dags/example_branch_python_dop_operator_3.py took 0.112 seconds
[2023-04-30T18:09:52.113+0000] {processor.py:154} INFO - Started process (PID=2557) to work on /home/airflow/.local/lib/python3.7/site-packages/airflow/example_dags/example_branch_python_dop_operator_3.py
[2023-04-30T18:09:52.114+0000] {processor.py:756} INFO - Processing file /home/airflow/.local/lib/python3.7/site-packages/airflow/example_dags/example_branch_python_dop_operator_3.py for tasks to queue
[2023-04-30T18:09:52.115+0000] {logging_mixin.py:120} INFO - [2023-04-30T18:09:52.115+0000] {dagbag.py:537} INFO - Filling up the DagBag from /home/airflow/.local/lib/python3.7/site-packages/airflow/example_dags/example_branch_python_dop_operator_3.py
[2023-04-30T18:09:52.138+0000] {processor.py:766} INFO - DAG(s) dict_keys(['example_branch_dop_operator_v3']) retrieved from /home/airflow/.local/lib/python3.7/site-packages/airflow/example_dags/example_branch_python_dop_operator_3.py
[2023-04-30T18:09:52.177+0000] {logging_mixin.py:120} INFO - [2023-04-30T18:09:52.177+0000] {dag.py:2585} INFO - Sync 1 DAGs
[2023-04-30T18:09:52.216+0000] {logging_mixin.py:120} INFO - [2023-04-30T18:09:52.215+0000] {dag.py:3340} INFO - Setting next_dagrun for example_branch_dop_operator_v3 to 2023-04-30T18:08:00+00:00, run_after=2023-04-30T18:09:00+00:00
[2023-04-30T18:09:52.243+0000] {processor.py:176} INFO - Processing /home/airflow/.local/lib/python3.7/site-packages/airflow/example_dags/example_branch_python_dop_operator_3.py took 0.133 seconds
[2023-04-30T18:10:22.587+0000] {processor.py:154} INFO - Started process (PID=2611) to work on /home/airflow/.local/lib/python3.7/site-packages/airflow/example_dags/example_branch_python_dop_operator_3.py
[2023-04-30T18:10:22.589+0000] {processor.py:756} INFO - Processing file /home/airflow/.local/lib/python3.7/site-packages/airflow/example_dags/example_branch_python_dop_operator_3.py for tasks to queue
[2023-04-30T18:10:22.590+0000] {logging_mixin.py:120} INFO - [2023-04-30T18:10:22.589+0000] {dagbag.py:537} INFO - Filling up the DagBag from /home/airflow/.local/lib/python3.7/site-packages/airflow/example_dags/example_branch_python_dop_operator_3.py
[2023-04-30T18:10:22.611+0000] {processor.py:766} INFO - DAG(s) dict_keys(['example_branch_dop_operator_v3']) retrieved from /home/airflow/.local/lib/python3.7/site-packages/airflow/example_dags/example_branch_python_dop_operator_3.py
[2023-04-30T18:10:22.648+0000] {logging_mixin.py:120} INFO - [2023-04-30T18:10:22.648+0000] {dag.py:2585} INFO - Sync 1 DAGs
[2023-04-30T18:10:22.682+0000] {logging_mixin.py:120} INFO - [2023-04-30T18:10:22.682+0000] {dag.py:3340} INFO - Setting next_dagrun for example_branch_dop_operator_v3 to 2023-04-30T18:09:00+00:00, run_after=2023-04-30T18:10:00+00:00
[2023-04-30T18:10:22.708+0000] {processor.py:176} INFO - Processing /home/airflow/.local/lib/python3.7/site-packages/airflow/example_dags/example_branch_python_dop_operator_3.py took 0.123 seconds
[2023-04-30T18:10:53.062+0000] {processor.py:154} INFO - Started process (PID=2674) to work on /home/airflow/.local/lib/python3.7/site-packages/airflow/example_dags/example_branch_python_dop_operator_3.py
[2023-04-30T18:10:53.063+0000] {processor.py:756} INFO - Processing file /home/airflow/.local/lib/python3.7/site-packages/airflow/example_dags/example_branch_python_dop_operator_3.py for tasks to queue
[2023-04-30T18:10:53.064+0000] {logging_mixin.py:120} INFO - [2023-04-30T18:10:53.064+0000] {dagbag.py:537} INFO - Filling up the DagBag from /home/airflow/.local/lib/python3.7/site-packages/airflow/example_dags/example_branch_python_dop_operator_3.py
[2023-04-30T18:10:53.089+0000] {processor.py:766} INFO - DAG(s) dict_keys(['example_branch_dop_operator_v3']) retrieved from /home/airflow/.local/lib/python3.7/site-packages/airflow/example_dags/example_branch_python_dop_operator_3.py
[2023-04-30T18:10:53.131+0000] {logging_mixin.py:120} INFO - [2023-04-30T18:10:53.131+0000] {dag.py:2585} INFO - Sync 1 DAGs
[2023-04-30T18:10:53.160+0000] {logging_mixin.py:120} INFO - [2023-04-30T18:10:53.160+0000] {dag.py:3340} INFO - Setting next_dagrun for example_branch_dop_operator_v3 to 2023-04-30T18:09:00+00:00, run_after=2023-04-30T18:10:00+00:00
[2023-04-30T18:10:53.183+0000] {processor.py:176} INFO - Processing /home/airflow/.local/lib/python3.7/site-packages/airflow/example_dags/example_branch_python_dop_operator_3.py took 0.123 seconds
[2023-04-30T18:11:23.570+0000] {processor.py:154} INFO - Started process (PID=2737) to work on /home/airflow/.local/lib/python3.7/site-packages/airflow/example_dags/example_branch_python_dop_operator_3.py
[2023-04-30T18:11:23.570+0000] {processor.py:756} INFO - Processing file /home/airflow/.local/lib/python3.7/site-packages/airflow/example_dags/example_branch_python_dop_operator_3.py for tasks to queue
[2023-04-30T18:11:23.571+0000] {logging_mixin.py:120} INFO - [2023-04-30T18:11:23.571+0000] {dagbag.py:537} INFO - Filling up the DagBag from /home/airflow/.local/lib/python3.7/site-packages/airflow/example_dags/example_branch_python_dop_operator_3.py
[2023-04-30T18:11:23.590+0000] {processor.py:766} INFO - DAG(s) dict_keys(['example_branch_dop_operator_v3']) retrieved from /home/airflow/.local/lib/python3.7/site-packages/airflow/example_dags/example_branch_python_dop_operator_3.py
[2023-04-30T18:11:23.625+0000] {logging_mixin.py:120} INFO - [2023-04-30T18:11:23.625+0000] {dag.py:2585} INFO - Sync 1 DAGs
[2023-04-30T18:11:23.655+0000] {logging_mixin.py:120} INFO - [2023-04-30T18:11:23.655+0000] {dag.py:3340} INFO - Setting next_dagrun for example_branch_dop_operator_v3 to 2023-04-30T18:10:00+00:00, run_after=2023-04-30T18:11:00+00:00
[2023-04-30T18:11:23.681+0000] {processor.py:176} INFO - Processing /home/airflow/.local/lib/python3.7/site-packages/airflow/example_dags/example_branch_python_dop_operator_3.py took 0.114 seconds
[2023-04-30T18:11:54.052+0000] {processor.py:154} INFO - Started process (PID=2791) to work on /home/airflow/.local/lib/python3.7/site-packages/airflow/example_dags/example_branch_python_dop_operator_3.py
[2023-04-30T18:11:54.054+0000] {processor.py:756} INFO - Processing file /home/airflow/.local/lib/python3.7/site-packages/airflow/example_dags/example_branch_python_dop_operator_3.py for tasks to queue
[2023-04-30T18:11:54.055+0000] {logging_mixin.py:120} INFO - [2023-04-30T18:11:54.055+0000] {dagbag.py:537} INFO - Filling up the DagBag from /home/airflow/.local/lib/python3.7/site-packages/airflow/example_dags/example_branch_python_dop_operator_3.py
[2023-04-30T18:11:54.109+0000] {processor.py:766} INFO - DAG(s) dict_keys(['example_branch_dop_operator_v3']) retrieved from /home/airflow/.local/lib/python3.7/site-packages/airflow/example_dags/example_branch_python_dop_operator_3.py
[2023-04-30T18:11:54.188+0000] {logging_mixin.py:120} INFO - [2023-04-30T18:11:54.188+0000] {dag.py:2585} INFO - Sync 1 DAGs
[2023-04-30T18:11:54.227+0000] {logging_mixin.py:120} INFO - [2023-04-30T18:11:54.227+0000] {dag.py:3340} INFO - Setting next_dagrun for example_branch_dop_operator_v3 to 2023-04-30T18:10:00+00:00, run_after=2023-04-30T18:11:00+00:00
[2023-04-30T18:11:54.256+0000] {processor.py:176} INFO - Processing /home/airflow/.local/lib/python3.7/site-packages/airflow/example_dags/example_branch_python_dop_operator_3.py took 0.208 seconds
[2023-04-30T18:20:45.446+0000] {processor.py:154} INFO - Started process (PID=2822) to work on /home/airflow/.local/lib/python3.7/site-packages/airflow/example_dags/example_branch_python_dop_operator_3.py
[2023-04-30T18:20:45.448+0000] {processor.py:756} INFO - Processing file /home/airflow/.local/lib/python3.7/site-packages/airflow/example_dags/example_branch_python_dop_operator_3.py for tasks to queue
[2023-04-30T18:20:45.449+0000] {logging_mixin.py:120} INFO - [2023-04-30T18:20:45.449+0000] {dagbag.py:537} INFO - Filling up the DagBag from /home/airflow/.local/lib/python3.7/site-packages/airflow/example_dags/example_branch_python_dop_operator_3.py
[2023-04-30T18:20:45.532+0000] {processor.py:766} INFO - DAG(s) dict_keys(['example_branch_dop_operator_v3']) retrieved from /home/airflow/.local/lib/python3.7/site-packages/airflow/example_dags/example_branch_python_dop_operator_3.py
[2023-04-30T18:20:45.678+0000] {logging_mixin.py:120} INFO - [2023-04-30T18:20:45.678+0000] {dag.py:2585} INFO - Sync 1 DAGs
[2023-04-30T18:20:45.768+0000] {logging_mixin.py:120} INFO - [2023-04-30T18:20:45.768+0000] {dag.py:3340} INFO - Setting next_dagrun for example_branch_dop_operator_v3 to 2023-04-30T18:19:00+00:00, run_after=2023-04-30T18:20:00+00:00
[2023-04-30T18:20:45.849+0000] {processor.py:176} INFO - Processing /home/airflow/.local/lib/python3.7/site-packages/airflow/example_dags/example_branch_python_dop_operator_3.py took 0.407 seconds
