[2023-04-30T17:48:56.971+0000] {processor.py:154} INFO - Started process (PID=74) to work on /home/airflow/.local/lib/python3.7/site-packages/airflow/example_dags/example_branch_datetime_operator.py
[2023-04-30T17:48:56.972+0000] {processor.py:756} INFO - Processing file /home/airflow/.local/lib/python3.7/site-packages/airflow/example_dags/example_branch_datetime_operator.py for tasks to queue
[2023-04-30T17:48:56.973+0000] {logging_mixin.py:120} INFO - [2023-04-30T17:48:56.973+0000] {dagbag.py:537} INFO - Filling up the DagBag from /home/airflow/.local/lib/python3.7/site-packages/airflow/example_dags/example_branch_datetime_operator.py
[2023-04-30T17:48:57.006+0000] {processor.py:766} INFO - DAG(s) dict_keys(['example_branch_datetime_operator', 'example_branch_datetime_operator_2', 'example_branch_datetime_operator_3']) retrieved from /home/airflow/.local/lib/python3.7/site-packages/airflow/example_dags/example_branch_datetime_operator.py
[2023-04-30T17:48:57.264+0000] {logging_mixin.py:120} INFO - [2023-04-30T17:48:57.263+0000] {manager.py:507} INFO - Created Permission View: can read on DAG:example_branch_datetime_operator
[2023-04-30T17:48:57.286+0000] {logging_mixin.py:120} INFO - [2023-04-30T17:48:57.285+0000] {manager.py:507} INFO - Created Permission View: can edit on DAG:example_branch_datetime_operator
[2023-04-30T17:48:57.307+0000] {logging_mixin.py:120} INFO - [2023-04-30T17:48:57.306+0000] {manager.py:507} INFO - Created Permission View: can delete on DAG:example_branch_datetime_operator
[2023-04-30T17:48:57.347+0000] {logging_mixin.py:120} INFO - [2023-04-30T17:48:57.347+0000] {manager.py:507} INFO - Created Permission View: can read on DAG:example_branch_datetime_operator_2
[2023-04-30T17:48:57.367+0000] {logging_mixin.py:120} INFO - [2023-04-30T17:48:57.366+0000] {manager.py:507} INFO - Created Permission View: can edit on DAG:example_branch_datetime_operator_2
[2023-04-30T17:48:57.393+0000] {logging_mixin.py:120} INFO - [2023-04-30T17:48:57.393+0000] {manager.py:507} INFO - Created Permission View: can delete on DAG:example_branch_datetime_operator_2
[2023-04-30T17:48:57.461+0000] {logging_mixin.py:120} INFO - [2023-04-30T17:48:57.460+0000] {manager.py:507} INFO - Created Permission View: can read on DAG:example_branch_datetime_operator_3
[2023-04-30T17:48:57.485+0000] {logging_mixin.py:120} INFO - [2023-04-30T17:48:57.485+0000] {manager.py:507} INFO - Created Permission View: can edit on DAG:example_branch_datetime_operator_3
[2023-04-30T17:48:57.513+0000] {logging_mixin.py:120} INFO - [2023-04-30T17:48:57.513+0000] {manager.py:507} INFO - Created Permission View: can delete on DAG:example_branch_datetime_operator_3
[2023-04-30T17:48:57.514+0000] {logging_mixin.py:120} INFO - [2023-04-30T17:48:57.514+0000] {dag.py:2585} INFO - Sync 3 DAGs
[2023-04-30T17:48:57.550+0000] {logging_mixin.py:120} INFO - [2023-04-30T17:48:57.550+0000] {dag.py:2606} INFO - Creating ORM DAG for example_branch_datetime_operator_3
[2023-04-30T17:48:57.551+0000] {logging_mixin.py:120} INFO - [2023-04-30T17:48:57.551+0000] {dag.py:2606} INFO - Creating ORM DAG for example_branch_datetime_operator
[2023-04-30T17:48:57.552+0000] {logging_mixin.py:120} INFO - [2023-04-30T17:48:57.551+0000] {dag.py:2606} INFO - Creating ORM DAG for example_branch_datetime_operator_2
[2023-04-30T17:48:57.589+0000] {logging_mixin.py:120} INFO - [2023-04-30T17:48:57.589+0000] {dag.py:3340} INFO - Setting next_dagrun for example_branch_datetime_operator to 2023-04-29T00:00:00+00:00, run_after=2023-04-30T00:00:00+00:00
[2023-04-30T17:48:57.596+0000] {logging_mixin.py:120} INFO - [2023-04-30T17:48:57.596+0000] {dag.py:3340} INFO - Setting next_dagrun for example_branch_datetime_operator_2 to 2023-04-29T00:00:00+00:00, run_after=2023-04-30T00:00:00+00:00
[2023-04-30T17:48:57.600+0000] {logging_mixin.py:120} INFO - [2023-04-30T17:48:57.600+0000] {dag.py:3340} INFO - Setting next_dagrun for example_branch_datetime_operator_3 to 2023-04-29T00:00:00+00:00, run_after=2023-04-30T00:00:00+00:00
[2023-04-30T17:48:57.654+0000] {processor.py:176} INFO - Processing /home/airflow/.local/lib/python3.7/site-packages/airflow/example_dags/example_branch_datetime_operator.py took 0.689 seconds
[2023-04-30T17:49:28.384+0000] {processor.py:154} INFO - Started process (PID=137) to work on /home/airflow/.local/lib/python3.7/site-packages/airflow/example_dags/example_branch_datetime_operator.py
[2023-04-30T17:49:28.385+0000] {processor.py:756} INFO - Processing file /home/airflow/.local/lib/python3.7/site-packages/airflow/example_dags/example_branch_datetime_operator.py for tasks to queue
[2023-04-30T17:49:28.386+0000] {logging_mixin.py:120} INFO - [2023-04-30T17:49:28.386+0000] {dagbag.py:537} INFO - Filling up the DagBag from /home/airflow/.local/lib/python3.7/site-packages/airflow/example_dags/example_branch_datetime_operator.py
[2023-04-30T17:49:28.401+0000] {processor.py:766} INFO - DAG(s) dict_keys(['example_branch_datetime_operator_3', 'example_branch_datetime_operator_2', 'example_branch_datetime_operator']) retrieved from /home/airflow/.local/lib/python3.7/site-packages/airflow/example_dags/example_branch_datetime_operator.py
[2023-04-30T17:49:28.446+0000] {logging_mixin.py:120} INFO - [2023-04-30T17:49:28.445+0000] {dag.py:2585} INFO - Sync 3 DAGs
[2023-04-30T17:49:28.475+0000] {logging_mixin.py:120} INFO - [2023-04-30T17:49:28.474+0000] {dag.py:3340} INFO - Setting next_dagrun for example_branch_datetime_operator to 2023-04-29T00:00:00+00:00, run_after=2023-04-30T00:00:00+00:00
[2023-04-30T17:49:28.479+0000] {logging_mixin.py:120} INFO - [2023-04-30T17:49:28.479+0000] {dag.py:3340} INFO - Setting next_dagrun for example_branch_datetime_operator_2 to 2023-04-29T00:00:00+00:00, run_after=2023-04-30T00:00:00+00:00
[2023-04-30T17:49:28.482+0000] {logging_mixin.py:120} INFO - [2023-04-30T17:49:28.482+0000] {dag.py:3340} INFO - Setting next_dagrun for example_branch_datetime_operator_3 to 2023-04-29T00:00:00+00:00, run_after=2023-04-30T00:00:00+00:00
[2023-04-30T17:49:28.505+0000] {processor.py:176} INFO - Processing /home/airflow/.local/lib/python3.7/site-packages/airflow/example_dags/example_branch_datetime_operator.py took 0.123 seconds
[2023-04-30T17:49:58.949+0000] {processor.py:154} INFO - Started process (PID=201) to work on /home/airflow/.local/lib/python3.7/site-packages/airflow/example_dags/example_branch_datetime_operator.py
[2023-04-30T17:49:58.950+0000] {processor.py:756} INFO - Processing file /home/airflow/.local/lib/python3.7/site-packages/airflow/example_dags/example_branch_datetime_operator.py for tasks to queue
[2023-04-30T17:49:58.951+0000] {logging_mixin.py:120} INFO - [2023-04-30T17:49:58.951+0000] {dagbag.py:537} INFO - Filling up the DagBag from /home/airflow/.local/lib/python3.7/site-packages/airflow/example_dags/example_branch_datetime_operator.py
[2023-04-30T17:49:58.969+0000] {processor.py:766} INFO - DAG(s) dict_keys(['example_branch_datetime_operator_2', 'example_branch_datetime_operator', 'example_branch_datetime_operator_3']) retrieved from /home/airflow/.local/lib/python3.7/site-packages/airflow/example_dags/example_branch_datetime_operator.py
[2023-04-30T17:49:59.032+0000] {logging_mixin.py:120} INFO - [2023-04-30T17:49:59.032+0000] {dag.py:2585} INFO - Sync 3 DAGs
[2023-04-30T17:49:59.062+0000] {logging_mixin.py:120} INFO - [2023-04-30T17:49:59.062+0000] {dag.py:3340} INFO - Setting next_dagrun for example_branch_datetime_operator to 2023-04-29T00:00:00+00:00, run_after=2023-04-30T00:00:00+00:00
[2023-04-30T17:49:59.068+0000] {logging_mixin.py:120} INFO - [2023-04-30T17:49:59.068+0000] {dag.py:3340} INFO - Setting next_dagrun for example_branch_datetime_operator_2 to 2023-04-29T00:00:00+00:00, run_after=2023-04-30T00:00:00+00:00
[2023-04-30T17:49:59.071+0000] {logging_mixin.py:120} INFO - [2023-04-30T17:49:59.071+0000] {dag.py:3340} INFO - Setting next_dagrun for example_branch_datetime_operator_3 to 2023-04-29T00:00:00+00:00, run_after=2023-04-30T00:00:00+00:00
[2023-04-30T17:49:59.096+0000] {processor.py:176} INFO - Processing /home/airflow/.local/lib/python3.7/site-packages/airflow/example_dags/example_branch_datetime_operator.py took 0.150 seconds
[2023-04-30T17:50:29.740+0000] {processor.py:154} INFO - Started process (PID=255) to work on /home/airflow/.local/lib/python3.7/site-packages/airflow/example_dags/example_branch_datetime_operator.py
[2023-04-30T17:50:29.741+0000] {processor.py:756} INFO - Processing file /home/airflow/.local/lib/python3.7/site-packages/airflow/example_dags/example_branch_datetime_operator.py for tasks to queue
[2023-04-30T17:50:29.742+0000] {logging_mixin.py:120} INFO - [2023-04-30T17:50:29.742+0000] {dagbag.py:537} INFO - Filling up the DagBag from /home/airflow/.local/lib/python3.7/site-packages/airflow/example_dags/example_branch_datetime_operator.py
[2023-04-30T17:50:29.760+0000] {processor.py:766} INFO - DAG(s) dict_keys(['example_branch_datetime_operator_3', 'example_branch_datetime_operator_2', 'example_branch_datetime_operator']) retrieved from /home/airflow/.local/lib/python3.7/site-packages/airflow/example_dags/example_branch_datetime_operator.py
[2023-04-30T17:50:29.812+0000] {logging_mixin.py:120} INFO - [2023-04-30T17:50:29.812+0000] {dag.py:2585} INFO - Sync 3 DAGs
[2023-04-30T17:50:29.845+0000] {logging_mixin.py:120} INFO - [2023-04-30T17:50:29.845+0000] {dag.py:3340} INFO - Setting next_dagrun for example_branch_datetime_operator to 2023-04-29T00:00:00+00:00, run_after=2023-04-30T00:00:00+00:00
[2023-04-30T17:50:29.851+0000] {logging_mixin.py:120} INFO - [2023-04-30T17:50:29.850+0000] {dag.py:3340} INFO - Setting next_dagrun for example_branch_datetime_operator_2 to 2023-04-29T00:00:00+00:00, run_after=2023-04-30T00:00:00+00:00
[2023-04-30T17:50:29.854+0000] {logging_mixin.py:120} INFO - [2023-04-30T17:50:29.854+0000] {dag.py:3340} INFO - Setting next_dagrun for example_branch_datetime_operator_3 to 2023-04-29T00:00:00+00:00, run_after=2023-04-30T00:00:00+00:00
[2023-04-30T17:50:29.879+0000] {processor.py:176} INFO - Processing /home/airflow/.local/lib/python3.7/site-packages/airflow/example_dags/example_branch_datetime_operator.py took 0.142 seconds
[2023-04-30T17:51:00.575+0000] {processor.py:154} INFO - Started process (PID=318) to work on /home/airflow/.local/lib/python3.7/site-packages/airflow/example_dags/example_branch_datetime_operator.py
[2023-04-30T17:51:00.576+0000] {processor.py:756} INFO - Processing file /home/airflow/.local/lib/python3.7/site-packages/airflow/example_dags/example_branch_datetime_operator.py for tasks to queue
[2023-04-30T17:51:00.576+0000] {logging_mixin.py:120} INFO - [2023-04-30T17:51:00.576+0000] {dagbag.py:537} INFO - Filling up the DagBag from /home/airflow/.local/lib/python3.7/site-packages/airflow/example_dags/example_branch_datetime_operator.py
[2023-04-30T17:51:00.595+0000] {processor.py:766} INFO - DAG(s) dict_keys(['example_branch_datetime_operator_3', 'example_branch_datetime_operator_2', 'example_branch_datetime_operator']) retrieved from /home/airflow/.local/lib/python3.7/site-packages/airflow/example_dags/example_branch_datetime_operator.py
[2023-04-30T17:51:00.644+0000] {logging_mixin.py:120} INFO - [2023-04-30T17:51:00.644+0000] {dag.py:2585} INFO - Sync 3 DAGs
[2023-04-30T17:51:00.674+0000] {logging_mixin.py:120} INFO - [2023-04-30T17:51:00.674+0000] {dag.py:3340} INFO - Setting next_dagrun for example_branch_datetime_operator to 2023-04-29T00:00:00+00:00, run_after=2023-04-30T00:00:00+00:00
[2023-04-30T17:51:00.680+0000] {logging_mixin.py:120} INFO - [2023-04-30T17:51:00.680+0000] {dag.py:3340} INFO - Setting next_dagrun for example_branch_datetime_operator_2 to 2023-04-29T00:00:00+00:00, run_after=2023-04-30T00:00:00+00:00
[2023-04-30T17:51:00.683+0000] {logging_mixin.py:120} INFO - [2023-04-30T17:51:00.683+0000] {dag.py:3340} INFO - Setting next_dagrun for example_branch_datetime_operator_3 to 2023-04-29T00:00:00+00:00, run_after=2023-04-30T00:00:00+00:00
[2023-04-30T17:51:00.706+0000] {processor.py:176} INFO - Processing /home/airflow/.local/lib/python3.7/site-packages/airflow/example_dags/example_branch_datetime_operator.py took 0.134 seconds
[2023-04-30T17:51:31.233+0000] {processor.py:154} INFO - Started process (PID=381) to work on /home/airflow/.local/lib/python3.7/site-packages/airflow/example_dags/example_branch_datetime_operator.py
[2023-04-30T17:51:31.235+0000] {processor.py:756} INFO - Processing file /home/airflow/.local/lib/python3.7/site-packages/airflow/example_dags/example_branch_datetime_operator.py for tasks to queue
[2023-04-30T17:51:31.235+0000] {logging_mixin.py:120} INFO - [2023-04-30T17:51:31.235+0000] {dagbag.py:537} INFO - Filling up the DagBag from /home/airflow/.local/lib/python3.7/site-packages/airflow/example_dags/example_branch_datetime_operator.py
[2023-04-30T17:51:31.252+0000] {processor.py:766} INFO - DAG(s) dict_keys(['example_branch_datetime_operator', 'example_branch_datetime_operator_3', 'example_branch_datetime_operator_2']) retrieved from /home/airflow/.local/lib/python3.7/site-packages/airflow/example_dags/example_branch_datetime_operator.py
[2023-04-30T17:51:31.301+0000] {logging_mixin.py:120} INFO - [2023-04-30T17:51:31.301+0000] {dag.py:2585} INFO - Sync 3 DAGs
[2023-04-30T17:51:31.334+0000] {logging_mixin.py:120} INFO - [2023-04-30T17:51:31.334+0000] {dag.py:3340} INFO - Setting next_dagrun for example_branch_datetime_operator to 2023-04-29T00:00:00+00:00, run_after=2023-04-30T00:00:00+00:00
[2023-04-30T17:51:31.341+0000] {logging_mixin.py:120} INFO - [2023-04-30T17:51:31.341+0000] {dag.py:3340} INFO - Setting next_dagrun for example_branch_datetime_operator_2 to 2023-04-29T00:00:00+00:00, run_after=2023-04-30T00:00:00+00:00
[2023-04-30T17:51:31.344+0000] {logging_mixin.py:120} INFO - [2023-04-30T17:51:31.344+0000] {dag.py:3340} INFO - Setting next_dagrun for example_branch_datetime_operator_3 to 2023-04-29T00:00:00+00:00, run_after=2023-04-30T00:00:00+00:00
[2023-04-30T17:51:31.366+0000] {processor.py:176} INFO - Processing /home/airflow/.local/lib/python3.7/site-packages/airflow/example_dags/example_branch_datetime_operator.py took 0.135 seconds
[2023-04-30T17:52:02.025+0000] {processor.py:154} INFO - Started process (PID=435) to work on /home/airflow/.local/lib/python3.7/site-packages/airflow/example_dags/example_branch_datetime_operator.py
[2023-04-30T17:52:02.026+0000] {processor.py:756} INFO - Processing file /home/airflow/.local/lib/python3.7/site-packages/airflow/example_dags/example_branch_datetime_operator.py for tasks to queue
[2023-04-30T17:52:02.027+0000] {logging_mixin.py:120} INFO - [2023-04-30T17:52:02.026+0000] {dagbag.py:537} INFO - Filling up the DagBag from /home/airflow/.local/lib/python3.7/site-packages/airflow/example_dags/example_branch_datetime_operator.py
[2023-04-30T17:52:02.044+0000] {processor.py:766} INFO - DAG(s) dict_keys(['example_branch_datetime_operator_3', 'example_branch_datetime_operator_2', 'example_branch_datetime_operator']) retrieved from /home/airflow/.local/lib/python3.7/site-packages/airflow/example_dags/example_branch_datetime_operator.py
[2023-04-30T17:52:02.093+0000] {logging_mixin.py:120} INFO - [2023-04-30T17:52:02.093+0000] {dag.py:2585} INFO - Sync 3 DAGs
[2023-04-30T17:52:02.129+0000] {logging_mixin.py:120} INFO - [2023-04-30T17:52:02.129+0000] {dag.py:3340} INFO - Setting next_dagrun for example_branch_datetime_operator to 2023-04-29T00:00:00+00:00, run_after=2023-04-30T00:00:00+00:00
[2023-04-30T17:52:02.135+0000] {logging_mixin.py:120} INFO - [2023-04-30T17:52:02.135+0000] {dag.py:3340} INFO - Setting next_dagrun for example_branch_datetime_operator_2 to 2023-04-29T00:00:00+00:00, run_after=2023-04-30T00:00:00+00:00
[2023-04-30T17:52:02.138+0000] {logging_mixin.py:120} INFO - [2023-04-30T17:52:02.138+0000] {dag.py:3340} INFO - Setting next_dagrun for example_branch_datetime_operator_3 to 2023-04-29T00:00:00+00:00, run_after=2023-04-30T00:00:00+00:00
[2023-04-30T17:52:02.162+0000] {processor.py:176} INFO - Processing /home/airflow/.local/lib/python3.7/site-packages/airflow/example_dags/example_branch_datetime_operator.py took 0.140 seconds
[2023-04-30T17:52:32.814+0000] {processor.py:154} INFO - Started process (PID=498) to work on /home/airflow/.local/lib/python3.7/site-packages/airflow/example_dags/example_branch_datetime_operator.py
[2023-04-30T17:52:32.815+0000] {processor.py:756} INFO - Processing file /home/airflow/.local/lib/python3.7/site-packages/airflow/example_dags/example_branch_datetime_operator.py for tasks to queue
[2023-04-30T17:52:32.816+0000] {logging_mixin.py:120} INFO - [2023-04-30T17:52:32.815+0000] {dagbag.py:537} INFO - Filling up the DagBag from /home/airflow/.local/lib/python3.7/site-packages/airflow/example_dags/example_branch_datetime_operator.py
[2023-04-30T17:52:32.833+0000] {processor.py:766} INFO - DAG(s) dict_keys(['example_branch_datetime_operator_2', 'example_branch_datetime_operator', 'example_branch_datetime_operator_3']) retrieved from /home/airflow/.local/lib/python3.7/site-packages/airflow/example_dags/example_branch_datetime_operator.py
[2023-04-30T17:52:32.880+0000] {logging_mixin.py:120} INFO - [2023-04-30T17:52:32.879+0000] {dag.py:2585} INFO - Sync 3 DAGs
[2023-04-30T17:52:32.915+0000] {logging_mixin.py:120} INFO - [2023-04-30T17:52:32.914+0000] {dag.py:3340} INFO - Setting next_dagrun for example_branch_datetime_operator to 2023-04-29T00:00:00+00:00, run_after=2023-04-30T00:00:00+00:00
[2023-04-30T17:52:32.921+0000] {logging_mixin.py:120} INFO - [2023-04-30T17:52:32.921+0000] {dag.py:3340} INFO - Setting next_dagrun for example_branch_datetime_operator_2 to 2023-04-29T00:00:00+00:00, run_after=2023-04-30T00:00:00+00:00
[2023-04-30T17:52:32.924+0000] {logging_mixin.py:120} INFO - [2023-04-30T17:52:32.924+0000] {dag.py:3340} INFO - Setting next_dagrun for example_branch_datetime_operator_3 to 2023-04-29T00:00:00+00:00, run_after=2023-04-30T00:00:00+00:00
[2023-04-30T17:52:32.949+0000] {processor.py:176} INFO - Processing /home/airflow/.local/lib/python3.7/site-packages/airflow/example_dags/example_branch_datetime_operator.py took 0.138 seconds
[2023-04-30T17:53:03.409+0000] {processor.py:154} INFO - Started process (PID=561) to work on /home/airflow/.local/lib/python3.7/site-packages/airflow/example_dags/example_branch_datetime_operator.py
[2023-04-30T17:53:03.410+0000] {processor.py:756} INFO - Processing file /home/airflow/.local/lib/python3.7/site-packages/airflow/example_dags/example_branch_datetime_operator.py for tasks to queue
[2023-04-30T17:53:03.410+0000] {logging_mixin.py:120} INFO - [2023-04-30T17:53:03.410+0000] {dagbag.py:537} INFO - Filling up the DagBag from /home/airflow/.local/lib/python3.7/site-packages/airflow/example_dags/example_branch_datetime_operator.py
[2023-04-30T17:53:03.427+0000] {processor.py:766} INFO - DAG(s) dict_keys(['example_branch_datetime_operator', 'example_branch_datetime_operator_3', 'example_branch_datetime_operator_2']) retrieved from /home/airflow/.local/lib/python3.7/site-packages/airflow/example_dags/example_branch_datetime_operator.py
[2023-04-30T17:53:03.477+0000] {logging_mixin.py:120} INFO - [2023-04-30T17:53:03.477+0000] {dag.py:2585} INFO - Sync 3 DAGs
[2023-04-30T17:53:03.506+0000] {logging_mixin.py:120} INFO - [2023-04-30T17:53:03.506+0000] {dag.py:3340} INFO - Setting next_dagrun for example_branch_datetime_operator to 2023-04-29T00:00:00+00:00, run_after=2023-04-30T00:00:00+00:00
[2023-04-30T17:53:03.511+0000] {logging_mixin.py:120} INFO - [2023-04-30T17:53:03.511+0000] {dag.py:3340} INFO - Setting next_dagrun for example_branch_datetime_operator_2 to 2023-04-29T00:00:00+00:00, run_after=2023-04-30T00:00:00+00:00
[2023-04-30T17:53:03.515+0000] {logging_mixin.py:120} INFO - [2023-04-30T17:53:03.515+0000] {dag.py:3340} INFO - Setting next_dagrun for example_branch_datetime_operator_3 to 2023-04-29T00:00:00+00:00, run_after=2023-04-30T00:00:00+00:00
[2023-04-30T17:53:03.539+0000] {processor.py:176} INFO - Processing /home/airflow/.local/lib/python3.7/site-packages/airflow/example_dags/example_branch_datetime_operator.py took 0.133 seconds
[2023-04-30T17:53:33.944+0000] {processor.py:154} INFO - Started process (PID=615) to work on /home/airflow/.local/lib/python3.7/site-packages/airflow/example_dags/example_branch_datetime_operator.py
[2023-04-30T17:53:33.945+0000] {processor.py:756} INFO - Processing file /home/airflow/.local/lib/python3.7/site-packages/airflow/example_dags/example_branch_datetime_operator.py for tasks to queue
[2023-04-30T17:53:33.947+0000] {logging_mixin.py:120} INFO - [2023-04-30T17:53:33.946+0000] {dagbag.py:537} INFO - Filling up the DagBag from /home/airflow/.local/lib/python3.7/site-packages/airflow/example_dags/example_branch_datetime_operator.py
[2023-04-30T17:53:33.967+0000] {processor.py:766} INFO - DAG(s) dict_keys(['example_branch_datetime_operator', 'example_branch_datetime_operator_3', 'example_branch_datetime_operator_2']) retrieved from /home/airflow/.local/lib/python3.7/site-packages/airflow/example_dags/example_branch_datetime_operator.py
[2023-04-30T17:53:34.010+0000] {logging_mixin.py:120} INFO - [2023-04-30T17:53:34.010+0000] {dag.py:2585} INFO - Sync 3 DAGs
[2023-04-30T17:53:34.037+0000] {logging_mixin.py:120} INFO - [2023-04-30T17:53:34.037+0000] {dag.py:3340} INFO - Setting next_dagrun for example_branch_datetime_operator to 2023-04-29T00:00:00+00:00, run_after=2023-04-30T00:00:00+00:00
[2023-04-30T17:53:34.043+0000] {logging_mixin.py:120} INFO - [2023-04-30T17:53:34.043+0000] {dag.py:3340} INFO - Setting next_dagrun for example_branch_datetime_operator_2 to 2023-04-29T00:00:00+00:00, run_after=2023-04-30T00:00:00+00:00
[2023-04-30T17:53:34.046+0000] {logging_mixin.py:120} INFO - [2023-04-30T17:53:34.046+0000] {dag.py:3340} INFO - Setting next_dagrun for example_branch_datetime_operator_3 to 2023-04-29T00:00:00+00:00, run_after=2023-04-30T00:00:00+00:00
[2023-04-30T17:53:34.066+0000] {processor.py:176} INFO - Processing /home/airflow/.local/lib/python3.7/site-packages/airflow/example_dags/example_branch_datetime_operator.py took 0.125 seconds
[2023-04-30T17:54:04.583+0000] {processor.py:154} INFO - Started process (PID=678) to work on /home/airflow/.local/lib/python3.7/site-packages/airflow/example_dags/example_branch_datetime_operator.py
[2023-04-30T17:54:04.584+0000] {processor.py:756} INFO - Processing file /home/airflow/.local/lib/python3.7/site-packages/airflow/example_dags/example_branch_datetime_operator.py for tasks to queue
[2023-04-30T17:54:04.585+0000] {logging_mixin.py:120} INFO - [2023-04-30T17:54:04.584+0000] {dagbag.py:537} INFO - Filling up the DagBag from /home/airflow/.local/lib/python3.7/site-packages/airflow/example_dags/example_branch_datetime_operator.py
[2023-04-30T17:54:04.600+0000] {processor.py:766} INFO - DAG(s) dict_keys(['example_branch_datetime_operator_2', 'example_branch_datetime_operator_3', 'example_branch_datetime_operator']) retrieved from /home/airflow/.local/lib/python3.7/site-packages/airflow/example_dags/example_branch_datetime_operator.py
[2023-04-30T17:54:04.641+0000] {logging_mixin.py:120} INFO - [2023-04-30T17:54:04.641+0000] {dag.py:2585} INFO - Sync 3 DAGs
[2023-04-30T17:54:04.669+0000] {logging_mixin.py:120} INFO - [2023-04-30T17:54:04.669+0000] {dag.py:3340} INFO - Setting next_dagrun for example_branch_datetime_operator to 2023-04-29T00:00:00+00:00, run_after=2023-04-30T00:00:00+00:00
[2023-04-30T17:54:04.674+0000] {logging_mixin.py:120} INFO - [2023-04-30T17:54:04.674+0000] {dag.py:3340} INFO - Setting next_dagrun for example_branch_datetime_operator_2 to 2023-04-29T00:00:00+00:00, run_after=2023-04-30T00:00:00+00:00
[2023-04-30T17:54:04.677+0000] {logging_mixin.py:120} INFO - [2023-04-30T17:54:04.677+0000] {dag.py:3340} INFO - Setting next_dagrun for example_branch_datetime_operator_3 to 2023-04-29T00:00:00+00:00, run_after=2023-04-30T00:00:00+00:00
[2023-04-30T17:54:04.698+0000] {processor.py:176} INFO - Processing /home/airflow/.local/lib/python3.7/site-packages/airflow/example_dags/example_branch_datetime_operator.py took 0.118 seconds
[2023-04-30T17:54:35.266+0000] {processor.py:154} INFO - Started process (PID=741) to work on /home/airflow/.local/lib/python3.7/site-packages/airflow/example_dags/example_branch_datetime_operator.py
[2023-04-30T17:54:35.267+0000] {processor.py:756} INFO - Processing file /home/airflow/.local/lib/python3.7/site-packages/airflow/example_dags/example_branch_datetime_operator.py for tasks to queue
[2023-04-30T17:54:35.268+0000] {logging_mixin.py:120} INFO - [2023-04-30T17:54:35.268+0000] {dagbag.py:537} INFO - Filling up the DagBag from /home/airflow/.local/lib/python3.7/site-packages/airflow/example_dags/example_branch_datetime_operator.py
[2023-04-30T17:54:35.288+0000] {processor.py:766} INFO - DAG(s) dict_keys(['example_branch_datetime_operator_2', 'example_branch_datetime_operator_3', 'example_branch_datetime_operator']) retrieved from /home/airflow/.local/lib/python3.7/site-packages/airflow/example_dags/example_branch_datetime_operator.py
[2023-04-30T17:54:35.336+0000] {logging_mixin.py:120} INFO - [2023-04-30T17:54:35.336+0000] {dag.py:2585} INFO - Sync 3 DAGs
[2023-04-30T17:54:35.364+0000] {logging_mixin.py:120} INFO - [2023-04-30T17:54:35.364+0000] {dag.py:3340} INFO - Setting next_dagrun for example_branch_datetime_operator to 2023-04-29T00:00:00+00:00, run_after=2023-04-30T00:00:00+00:00
[2023-04-30T17:54:35.370+0000] {logging_mixin.py:120} INFO - [2023-04-30T17:54:35.370+0000] {dag.py:3340} INFO - Setting next_dagrun for example_branch_datetime_operator_2 to 2023-04-29T00:00:00+00:00, run_after=2023-04-30T00:00:00+00:00
[2023-04-30T17:54:35.373+0000] {logging_mixin.py:120} INFO - [2023-04-30T17:54:35.373+0000] {dag.py:3340} INFO - Setting next_dagrun for example_branch_datetime_operator_3 to 2023-04-29T00:00:00+00:00, run_after=2023-04-30T00:00:00+00:00
[2023-04-30T17:54:35.395+0000] {processor.py:176} INFO - Processing /home/airflow/.local/lib/python3.7/site-packages/airflow/example_dags/example_branch_datetime_operator.py took 0.131 seconds
[2023-04-30T17:55:05.937+0000] {processor.py:154} INFO - Started process (PID=805) to work on /home/airflow/.local/lib/python3.7/site-packages/airflow/example_dags/example_branch_datetime_operator.py
[2023-04-30T17:55:05.937+0000] {processor.py:756} INFO - Processing file /home/airflow/.local/lib/python3.7/site-packages/airflow/example_dags/example_branch_datetime_operator.py for tasks to queue
[2023-04-30T17:55:05.938+0000] {logging_mixin.py:120} INFO - [2023-04-30T17:55:05.938+0000] {dagbag.py:537} INFO - Filling up the DagBag from /home/airflow/.local/lib/python3.7/site-packages/airflow/example_dags/example_branch_datetime_operator.py
[2023-04-30T17:55:05.960+0000] {processor.py:766} INFO - DAG(s) dict_keys(['example_branch_datetime_operator', 'example_branch_datetime_operator_3', 'example_branch_datetime_operator_2']) retrieved from /home/airflow/.local/lib/python3.7/site-packages/airflow/example_dags/example_branch_datetime_operator.py
[2023-04-30T17:55:06.012+0000] {logging_mixin.py:120} INFO - [2023-04-30T17:55:06.012+0000] {dag.py:2585} INFO - Sync 3 DAGs
[2023-04-30T17:55:06.045+0000] {logging_mixin.py:120} INFO - [2023-04-30T17:55:06.045+0000] {dag.py:3340} INFO - Setting next_dagrun for example_branch_datetime_operator to 2023-04-29T00:00:00+00:00, run_after=2023-04-30T00:00:00+00:00
[2023-04-30T17:55:06.051+0000] {logging_mixin.py:120} INFO - [2023-04-30T17:55:06.050+0000] {dag.py:3340} INFO - Setting next_dagrun for example_branch_datetime_operator_2 to 2023-04-29T00:00:00+00:00, run_after=2023-04-30T00:00:00+00:00
[2023-04-30T17:55:06.054+0000] {logging_mixin.py:120} INFO - [2023-04-30T17:55:06.054+0000] {dag.py:3340} INFO - Setting next_dagrun for example_branch_datetime_operator_3 to 2023-04-29T00:00:00+00:00, run_after=2023-04-30T00:00:00+00:00
[2023-04-30T17:55:06.081+0000] {processor.py:176} INFO - Processing /home/airflow/.local/lib/python3.7/site-packages/airflow/example_dags/example_branch_datetime_operator.py took 0.147 seconds
[2023-04-30T17:55:36.627+0000] {processor.py:154} INFO - Started process (PID=859) to work on /home/airflow/.local/lib/python3.7/site-packages/airflow/example_dags/example_branch_datetime_operator.py
[2023-04-30T17:55:36.628+0000] {processor.py:756} INFO - Processing file /home/airflow/.local/lib/python3.7/site-packages/airflow/example_dags/example_branch_datetime_operator.py for tasks to queue
[2023-04-30T17:55:36.629+0000] {logging_mixin.py:120} INFO - [2023-04-30T17:55:36.629+0000] {dagbag.py:537} INFO - Filling up the DagBag from /home/airflow/.local/lib/python3.7/site-packages/airflow/example_dags/example_branch_datetime_operator.py
[2023-04-30T17:55:36.644+0000] {processor.py:766} INFO - DAG(s) dict_keys(['example_branch_datetime_operator', 'example_branch_datetime_operator_2', 'example_branch_datetime_operator_3']) retrieved from /home/airflow/.local/lib/python3.7/site-packages/airflow/example_dags/example_branch_datetime_operator.py
[2023-04-30T17:55:36.687+0000] {logging_mixin.py:120} INFO - [2023-04-30T17:55:36.687+0000] {dag.py:2585} INFO - Sync 3 DAGs
[2023-04-30T17:55:36.717+0000] {logging_mixin.py:120} INFO - [2023-04-30T17:55:36.716+0000] {dag.py:3340} INFO - Setting next_dagrun for example_branch_datetime_operator to 2023-04-29T00:00:00+00:00, run_after=2023-04-30T00:00:00+00:00
[2023-04-30T17:55:36.721+0000] {logging_mixin.py:120} INFO - [2023-04-30T17:55:36.721+0000] {dag.py:3340} INFO - Setting next_dagrun for example_branch_datetime_operator_2 to 2023-04-29T00:00:00+00:00, run_after=2023-04-30T00:00:00+00:00
[2023-04-30T17:55:36.724+0000] {logging_mixin.py:120} INFO - [2023-04-30T17:55:36.724+0000] {dag.py:3340} INFO - Setting next_dagrun for example_branch_datetime_operator_3 to 2023-04-29T00:00:00+00:00, run_after=2023-04-30T00:00:00+00:00
[2023-04-30T17:55:36.747+0000] {processor.py:176} INFO - Processing /home/airflow/.local/lib/python3.7/site-packages/airflow/example_dags/example_branch_datetime_operator.py took 0.122 seconds
[2023-04-30T17:56:07.242+0000] {processor.py:154} INFO - Started process (PID=922) to work on /home/airflow/.local/lib/python3.7/site-packages/airflow/example_dags/example_branch_datetime_operator.py
[2023-04-30T17:56:07.244+0000] {processor.py:756} INFO - Processing file /home/airflow/.local/lib/python3.7/site-packages/airflow/example_dags/example_branch_datetime_operator.py for tasks to queue
[2023-04-30T17:56:07.245+0000] {logging_mixin.py:120} INFO - [2023-04-30T17:56:07.245+0000] {dagbag.py:537} INFO - Filling up the DagBag from /home/airflow/.local/lib/python3.7/site-packages/airflow/example_dags/example_branch_datetime_operator.py
[2023-04-30T17:56:07.261+0000] {processor.py:766} INFO - DAG(s) dict_keys(['example_branch_datetime_operator_2', 'example_branch_datetime_operator', 'example_branch_datetime_operator_3']) retrieved from /home/airflow/.local/lib/python3.7/site-packages/airflow/example_dags/example_branch_datetime_operator.py
[2023-04-30T17:56:07.313+0000] {logging_mixin.py:120} INFO - [2023-04-30T17:56:07.313+0000] {dag.py:2585} INFO - Sync 3 DAGs
[2023-04-30T17:56:07.346+0000] {logging_mixin.py:120} INFO - [2023-04-30T17:56:07.346+0000] {dag.py:3340} INFO - Setting next_dagrun for example_branch_datetime_operator to 2023-04-29T00:00:00+00:00, run_after=2023-04-30T00:00:00+00:00
[2023-04-30T17:56:07.350+0000] {logging_mixin.py:120} INFO - [2023-04-30T17:56:07.350+0000] {dag.py:3340} INFO - Setting next_dagrun for example_branch_datetime_operator_2 to 2023-04-29T00:00:00+00:00, run_after=2023-04-30T00:00:00+00:00
[2023-04-30T17:56:07.353+0000] {logging_mixin.py:120} INFO - [2023-04-30T17:56:07.353+0000] {dag.py:3340} INFO - Setting next_dagrun for example_branch_datetime_operator_3 to 2023-04-29T00:00:00+00:00, run_after=2023-04-30T00:00:00+00:00
[2023-04-30T17:56:07.375+0000] {processor.py:176} INFO - Processing /home/airflow/.local/lib/python3.7/site-packages/airflow/example_dags/example_branch_datetime_operator.py took 0.135 seconds
[2023-04-30T17:56:37.820+0000] {processor.py:154} INFO - Started process (PID=986) to work on /home/airflow/.local/lib/python3.7/site-packages/airflow/example_dags/example_branch_datetime_operator.py
[2023-04-30T17:56:37.821+0000] {processor.py:756} INFO - Processing file /home/airflow/.local/lib/python3.7/site-packages/airflow/example_dags/example_branch_datetime_operator.py for tasks to queue
[2023-04-30T17:56:37.821+0000] {logging_mixin.py:120} INFO - [2023-04-30T17:56:37.821+0000] {dagbag.py:537} INFO - Filling up the DagBag from /home/airflow/.local/lib/python3.7/site-packages/airflow/example_dags/example_branch_datetime_operator.py
[2023-04-30T17:56:37.844+0000] {processor.py:766} INFO - DAG(s) dict_keys(['example_branch_datetime_operator', 'example_branch_datetime_operator_2', 'example_branch_datetime_operator_3']) retrieved from /home/airflow/.local/lib/python3.7/site-packages/airflow/example_dags/example_branch_datetime_operator.py
[2023-04-30T17:56:37.901+0000] {logging_mixin.py:120} INFO - [2023-04-30T17:56:37.901+0000] {dag.py:2585} INFO - Sync 3 DAGs
[2023-04-30T17:56:37.931+0000] {logging_mixin.py:120} INFO - [2023-04-30T17:56:37.931+0000] {dag.py:3340} INFO - Setting next_dagrun for example_branch_datetime_operator to 2023-04-29T00:00:00+00:00, run_after=2023-04-30T00:00:00+00:00
[2023-04-30T17:56:37.938+0000] {logging_mixin.py:120} INFO - [2023-04-30T17:56:37.938+0000] {dag.py:3340} INFO - Setting next_dagrun for example_branch_datetime_operator_2 to 2023-04-29T00:00:00+00:00, run_after=2023-04-30T00:00:00+00:00
[2023-04-30T17:56:37.943+0000] {logging_mixin.py:120} INFO - [2023-04-30T17:56:37.943+0000] {dag.py:3340} INFO - Setting next_dagrun for example_branch_datetime_operator_3 to 2023-04-29T00:00:00+00:00, run_after=2023-04-30T00:00:00+00:00
[2023-04-30T17:56:37.969+0000] {processor.py:176} INFO - Processing /home/airflow/.local/lib/python3.7/site-packages/airflow/example_dags/example_branch_datetime_operator.py took 0.152 seconds
[2023-04-30T17:57:08.392+0000] {processor.py:154} INFO - Started process (PID=1041) to work on /home/airflow/.local/lib/python3.7/site-packages/airflow/example_dags/example_branch_datetime_operator.py
[2023-04-30T17:57:08.394+0000] {processor.py:756} INFO - Processing file /home/airflow/.local/lib/python3.7/site-packages/airflow/example_dags/example_branch_datetime_operator.py for tasks to queue
[2023-04-30T17:57:08.394+0000] {logging_mixin.py:120} INFO - [2023-04-30T17:57:08.394+0000] {dagbag.py:537} INFO - Filling up the DagBag from /home/airflow/.local/lib/python3.7/site-packages/airflow/example_dags/example_branch_datetime_operator.py
[2023-04-30T17:57:08.409+0000] {processor.py:766} INFO - DAG(s) dict_keys(['example_branch_datetime_operator_2', 'example_branch_datetime_operator', 'example_branch_datetime_operator_3']) retrieved from /home/airflow/.local/lib/python3.7/site-packages/airflow/example_dags/example_branch_datetime_operator.py
[2023-04-30T17:57:08.453+0000] {logging_mixin.py:120} INFO - [2023-04-30T17:57:08.453+0000] {dag.py:2585} INFO - Sync 3 DAGs
[2023-04-30T17:57:08.483+0000] {logging_mixin.py:120} INFO - [2023-04-30T17:57:08.483+0000] {dag.py:3340} INFO - Setting next_dagrun for example_branch_datetime_operator to 2023-04-29T00:00:00+00:00, run_after=2023-04-30T00:00:00+00:00
[2023-04-30T17:57:08.489+0000] {logging_mixin.py:120} INFO - [2023-04-30T17:57:08.489+0000] {dag.py:3340} INFO - Setting next_dagrun for example_branch_datetime_operator_2 to 2023-04-29T00:00:00+00:00, run_after=2023-04-30T00:00:00+00:00
[2023-04-30T17:57:08.493+0000] {logging_mixin.py:120} INFO - [2023-04-30T17:57:08.493+0000] {dag.py:3340} INFO - Setting next_dagrun for example_branch_datetime_operator_3 to 2023-04-29T00:00:00+00:00, run_after=2023-04-30T00:00:00+00:00
[2023-04-30T17:57:08.516+0000] {processor.py:176} INFO - Processing /home/airflow/.local/lib/python3.7/site-packages/airflow/example_dags/example_branch_datetime_operator.py took 0.126 seconds
[2023-04-30T17:57:39.132+0000] {processor.py:154} INFO - Started process (PID=1104) to work on /home/airflow/.local/lib/python3.7/site-packages/airflow/example_dags/example_branch_datetime_operator.py
[2023-04-30T17:57:39.133+0000] {processor.py:756} INFO - Processing file /home/airflow/.local/lib/python3.7/site-packages/airflow/example_dags/example_branch_datetime_operator.py for tasks to queue
[2023-04-30T17:57:39.133+0000] {logging_mixin.py:120} INFO - [2023-04-30T17:57:39.133+0000] {dagbag.py:537} INFO - Filling up the DagBag from /home/airflow/.local/lib/python3.7/site-packages/airflow/example_dags/example_branch_datetime_operator.py
[2023-04-30T17:57:39.147+0000] {processor.py:766} INFO - DAG(s) dict_keys(['example_branch_datetime_operator_2', 'example_branch_datetime_operator', 'example_branch_datetime_operator_3']) retrieved from /home/airflow/.local/lib/python3.7/site-packages/airflow/example_dags/example_branch_datetime_operator.py
[2023-04-30T17:57:39.191+0000] {logging_mixin.py:120} INFO - [2023-04-30T17:57:39.191+0000] {dag.py:2585} INFO - Sync 3 DAGs
[2023-04-30T17:57:39.220+0000] {logging_mixin.py:120} INFO - [2023-04-30T17:57:39.220+0000] {dag.py:3340} INFO - Setting next_dagrun for example_branch_datetime_operator to 2023-04-29T00:00:00+00:00, run_after=2023-04-30T00:00:00+00:00
[2023-04-30T17:57:39.226+0000] {logging_mixin.py:120} INFO - [2023-04-30T17:57:39.226+0000] {dag.py:3340} INFO - Setting next_dagrun for example_branch_datetime_operator_2 to 2023-04-29T00:00:00+00:00, run_after=2023-04-30T00:00:00+00:00
[2023-04-30T17:57:39.230+0000] {logging_mixin.py:120} INFO - [2023-04-30T17:57:39.229+0000] {dag.py:3340} INFO - Setting next_dagrun for example_branch_datetime_operator_3 to 2023-04-29T00:00:00+00:00, run_after=2023-04-30T00:00:00+00:00
[2023-04-30T17:57:39.250+0000] {processor.py:176} INFO - Processing /home/airflow/.local/lib/python3.7/site-packages/airflow/example_dags/example_branch_datetime_operator.py took 0.120 seconds
[2023-04-30T17:58:09.749+0000] {processor.py:154} INFO - Started process (PID=1174) to work on /home/airflow/.local/lib/python3.7/site-packages/airflow/example_dags/example_branch_datetime_operator.py
[2023-04-30T17:58:09.750+0000] {processor.py:756} INFO - Processing file /home/airflow/.local/lib/python3.7/site-packages/airflow/example_dags/example_branch_datetime_operator.py for tasks to queue
[2023-04-30T17:58:09.752+0000] {logging_mixin.py:120} INFO - [2023-04-30T17:58:09.751+0000] {dagbag.py:537} INFO - Filling up the DagBag from /home/airflow/.local/lib/python3.7/site-packages/airflow/example_dags/example_branch_datetime_operator.py
[2023-04-30T17:58:09.771+0000] {processor.py:766} INFO - DAG(s) dict_keys(['example_branch_datetime_operator_3', 'example_branch_datetime_operator_2', 'example_branch_datetime_operator']) retrieved from /home/airflow/.local/lib/python3.7/site-packages/airflow/example_dags/example_branch_datetime_operator.py
[2023-04-30T17:58:09.854+0000] {logging_mixin.py:120} INFO - [2023-04-30T17:58:09.854+0000] {dag.py:2585} INFO - Sync 3 DAGs
[2023-04-30T17:58:09.884+0000] {logging_mixin.py:120} INFO - [2023-04-30T17:58:09.884+0000] {dag.py:3340} INFO - Setting next_dagrun for example_branch_datetime_operator to 2023-04-29T00:00:00+00:00, run_after=2023-04-30T00:00:00+00:00
[2023-04-30T17:58:09.889+0000] {logging_mixin.py:120} INFO - [2023-04-30T17:58:09.889+0000] {dag.py:3340} INFO - Setting next_dagrun for example_branch_datetime_operator_2 to 2023-04-29T00:00:00+00:00, run_after=2023-04-30T00:00:00+00:00
[2023-04-30T17:58:09.892+0000] {logging_mixin.py:120} INFO - [2023-04-30T17:58:09.892+0000] {dag.py:3340} INFO - Setting next_dagrun for example_branch_datetime_operator_3 to 2023-04-29T00:00:00+00:00, run_after=2023-04-30T00:00:00+00:00
[2023-04-30T17:58:09.911+0000] {processor.py:176} INFO - Processing /home/airflow/.local/lib/python3.7/site-packages/airflow/example_dags/example_branch_datetime_operator.py took 0.165 seconds
[2023-04-30T17:58:40.363+0000] {processor.py:154} INFO - Started process (PID=1228) to work on /home/airflow/.local/lib/python3.7/site-packages/airflow/example_dags/example_branch_datetime_operator.py
[2023-04-30T17:58:40.365+0000] {processor.py:756} INFO - Processing file /home/airflow/.local/lib/python3.7/site-packages/airflow/example_dags/example_branch_datetime_operator.py for tasks to queue
[2023-04-30T17:58:40.366+0000] {logging_mixin.py:120} INFO - [2023-04-30T17:58:40.365+0000] {dagbag.py:537} INFO - Filling up the DagBag from /home/airflow/.local/lib/python3.7/site-packages/airflow/example_dags/example_branch_datetime_operator.py
[2023-04-30T17:58:40.388+0000] {processor.py:766} INFO - DAG(s) dict_keys(['example_branch_datetime_operator_2', 'example_branch_datetime_operator_3', 'example_branch_datetime_operator']) retrieved from /home/airflow/.local/lib/python3.7/site-packages/airflow/example_dags/example_branch_datetime_operator.py
[2023-04-30T17:58:40.456+0000] {logging_mixin.py:120} INFO - [2023-04-30T17:58:40.456+0000] {dag.py:2585} INFO - Sync 3 DAGs
[2023-04-30T17:58:40.490+0000] {logging_mixin.py:120} INFO - [2023-04-30T17:58:40.490+0000] {dag.py:3340} INFO - Setting next_dagrun for example_branch_datetime_operator to 2023-04-29T00:00:00+00:00, run_after=2023-04-30T00:00:00+00:00
[2023-04-30T17:58:40.498+0000] {logging_mixin.py:120} INFO - [2023-04-30T17:58:40.497+0000] {dag.py:3340} INFO - Setting next_dagrun for example_branch_datetime_operator_2 to 2023-04-29T00:00:00+00:00, run_after=2023-04-30T00:00:00+00:00
[2023-04-30T17:58:40.503+0000] {logging_mixin.py:120} INFO - [2023-04-30T17:58:40.503+0000] {dag.py:3340} INFO - Setting next_dagrun for example_branch_datetime_operator_3 to 2023-04-29T00:00:00+00:00, run_after=2023-04-30T00:00:00+00:00
[2023-04-30T17:58:40.529+0000] {processor.py:176} INFO - Processing /home/airflow/.local/lib/python3.7/site-packages/airflow/example_dags/example_branch_datetime_operator.py took 0.168 seconds
[2023-04-30T17:59:11.299+0000] {processor.py:154} INFO - Started process (PID=1291) to work on /home/airflow/.local/lib/python3.7/site-packages/airflow/example_dags/example_branch_datetime_operator.py
[2023-04-30T17:59:11.301+0000] {processor.py:756} INFO - Processing file /home/airflow/.local/lib/python3.7/site-packages/airflow/example_dags/example_branch_datetime_operator.py for tasks to queue
[2023-04-30T17:59:11.302+0000] {logging_mixin.py:120} INFO - [2023-04-30T17:59:11.302+0000] {dagbag.py:537} INFO - Filling up the DagBag from /home/airflow/.local/lib/python3.7/site-packages/airflow/example_dags/example_branch_datetime_operator.py
[2023-04-30T17:59:11.316+0000] {processor.py:766} INFO - DAG(s) dict_keys(['example_branch_datetime_operator_3', 'example_branch_datetime_operator', 'example_branch_datetime_operator_2']) retrieved from /home/airflow/.local/lib/python3.7/site-packages/airflow/example_dags/example_branch_datetime_operator.py
[2023-04-30T17:59:11.362+0000] {logging_mixin.py:120} INFO - [2023-04-30T17:59:11.361+0000] {dag.py:2585} INFO - Sync 3 DAGs
[2023-04-30T17:59:11.388+0000] {logging_mixin.py:120} INFO - [2023-04-30T17:59:11.388+0000] {dag.py:3340} INFO - Setting next_dagrun for example_branch_datetime_operator to 2023-04-29T00:00:00+00:00, run_after=2023-04-30T00:00:00+00:00
[2023-04-30T17:59:11.393+0000] {logging_mixin.py:120} INFO - [2023-04-30T17:59:11.393+0000] {dag.py:3340} INFO - Setting next_dagrun for example_branch_datetime_operator_2 to 2023-04-29T00:00:00+00:00, run_after=2023-04-30T00:00:00+00:00
[2023-04-30T17:59:11.396+0000] {logging_mixin.py:120} INFO - [2023-04-30T17:59:11.396+0000] {dag.py:3340} INFO - Setting next_dagrun for example_branch_datetime_operator_3 to 2023-04-29T00:00:00+00:00, run_after=2023-04-30T00:00:00+00:00
[2023-04-30T17:59:11.417+0000] {processor.py:176} INFO - Processing /home/airflow/.local/lib/python3.7/site-packages/airflow/example_dags/example_branch_datetime_operator.py took 0.121 seconds
[2023-04-30T17:59:41.968+0000] {processor.py:154} INFO - Started process (PID=1354) to work on /home/airflow/.local/lib/python3.7/site-packages/airflow/example_dags/example_branch_datetime_operator.py
[2023-04-30T17:59:41.973+0000] {processor.py:756} INFO - Processing file /home/airflow/.local/lib/python3.7/site-packages/airflow/example_dags/example_branch_datetime_operator.py for tasks to queue
[2023-04-30T17:59:41.974+0000] {logging_mixin.py:120} INFO - [2023-04-30T17:59:41.974+0000] {dagbag.py:537} INFO - Filling up the DagBag from /home/airflow/.local/lib/python3.7/site-packages/airflow/example_dags/example_branch_datetime_operator.py
[2023-04-30T17:59:41.989+0000] {processor.py:766} INFO - DAG(s) dict_keys(['example_branch_datetime_operator', 'example_branch_datetime_operator_3', 'example_branch_datetime_operator_2']) retrieved from /home/airflow/.local/lib/python3.7/site-packages/airflow/example_dags/example_branch_datetime_operator.py
[2023-04-30T17:59:42.032+0000] {logging_mixin.py:120} INFO - [2023-04-30T17:59:42.031+0000] {dag.py:2585} INFO - Sync 3 DAGs
[2023-04-30T17:59:42.063+0000] {logging_mixin.py:120} INFO - [2023-04-30T17:59:42.062+0000] {dag.py:3340} INFO - Setting next_dagrun for example_branch_datetime_operator to 2023-04-29T00:00:00+00:00, run_after=2023-04-30T00:00:00+00:00
[2023-04-30T17:59:42.068+0000] {logging_mixin.py:120} INFO - [2023-04-30T17:59:42.068+0000] {dag.py:3340} INFO - Setting next_dagrun for example_branch_datetime_operator_2 to 2023-04-29T00:00:00+00:00, run_after=2023-04-30T00:00:00+00:00
[2023-04-30T17:59:42.071+0000] {logging_mixin.py:120} INFO - [2023-04-30T17:59:42.071+0000] {dag.py:3340} INFO - Setting next_dagrun for example_branch_datetime_operator_3 to 2023-04-29T00:00:00+00:00, run_after=2023-04-30T00:00:00+00:00
[2023-04-30T17:59:42.092+0000] {processor.py:176} INFO - Processing /home/airflow/.local/lib/python3.7/site-packages/airflow/example_dags/example_branch_datetime_operator.py took 0.128 seconds
[2023-04-30T18:00:12.598+0000] {processor.py:154} INFO - Started process (PID=1409) to work on /home/airflow/.local/lib/python3.7/site-packages/airflow/example_dags/example_branch_datetime_operator.py
[2023-04-30T18:00:12.600+0000] {processor.py:756} INFO - Processing file /home/airflow/.local/lib/python3.7/site-packages/airflow/example_dags/example_branch_datetime_operator.py for tasks to queue
[2023-04-30T18:00:12.600+0000] {logging_mixin.py:120} INFO - [2023-04-30T18:00:12.600+0000] {dagbag.py:537} INFO - Filling up the DagBag from /home/airflow/.local/lib/python3.7/site-packages/airflow/example_dags/example_branch_datetime_operator.py
[2023-04-30T18:00:12.615+0000] {processor.py:766} INFO - DAG(s) dict_keys(['example_branch_datetime_operator_2', 'example_branch_datetime_operator', 'example_branch_datetime_operator_3']) retrieved from /home/airflow/.local/lib/python3.7/site-packages/airflow/example_dags/example_branch_datetime_operator.py
[2023-04-30T18:00:12.657+0000] {logging_mixin.py:120} INFO - [2023-04-30T18:00:12.657+0000] {dag.py:2585} INFO - Sync 3 DAGs
[2023-04-30T18:00:12.684+0000] {logging_mixin.py:120} INFO - [2023-04-30T18:00:12.684+0000] {dag.py:3340} INFO - Setting next_dagrun for example_branch_datetime_operator to 2023-04-29T00:00:00+00:00, run_after=2023-04-30T00:00:00+00:00
[2023-04-30T18:00:12.688+0000] {logging_mixin.py:120} INFO - [2023-04-30T18:00:12.688+0000] {dag.py:3340} INFO - Setting next_dagrun for example_branch_datetime_operator_2 to 2023-04-29T00:00:00+00:00, run_after=2023-04-30T00:00:00+00:00
[2023-04-30T18:00:12.691+0000] {logging_mixin.py:120} INFO - [2023-04-30T18:00:12.691+0000] {dag.py:3340} INFO - Setting next_dagrun for example_branch_datetime_operator_3 to 2023-04-29T00:00:00+00:00, run_after=2023-04-30T00:00:00+00:00
[2023-04-30T18:00:12.713+0000] {processor.py:176} INFO - Processing /home/airflow/.local/lib/python3.7/site-packages/airflow/example_dags/example_branch_datetime_operator.py took 0.118 seconds
[2023-04-30T18:00:43.292+0000] {processor.py:154} INFO - Started process (PID=1473) to work on /home/airflow/.local/lib/python3.7/site-packages/airflow/example_dags/example_branch_datetime_operator.py
[2023-04-30T18:00:43.293+0000] {processor.py:756} INFO - Processing file /home/airflow/.local/lib/python3.7/site-packages/airflow/example_dags/example_branch_datetime_operator.py for tasks to queue
[2023-04-30T18:00:43.294+0000] {logging_mixin.py:120} INFO - [2023-04-30T18:00:43.294+0000] {dagbag.py:537} INFO - Filling up the DagBag from /home/airflow/.local/lib/python3.7/site-packages/airflow/example_dags/example_branch_datetime_operator.py
[2023-04-30T18:00:43.309+0000] {processor.py:766} INFO - DAG(s) dict_keys(['example_branch_datetime_operator_3', 'example_branch_datetime_operator_2', 'example_branch_datetime_operator']) retrieved from /home/airflow/.local/lib/python3.7/site-packages/airflow/example_dags/example_branch_datetime_operator.py
[2023-04-30T18:00:43.352+0000] {logging_mixin.py:120} INFO - [2023-04-30T18:00:43.352+0000] {dag.py:2585} INFO - Sync 3 DAGs
[2023-04-30T18:00:43.378+0000] {logging_mixin.py:120} INFO - [2023-04-30T18:00:43.378+0000] {dag.py:3340} INFO - Setting next_dagrun for example_branch_datetime_operator to 2023-04-29T00:00:00+00:00, run_after=2023-04-30T00:00:00+00:00
[2023-04-30T18:00:43.383+0000] {logging_mixin.py:120} INFO - [2023-04-30T18:00:43.383+0000] {dag.py:3340} INFO - Setting next_dagrun for example_branch_datetime_operator_2 to 2023-04-29T00:00:00+00:00, run_after=2023-04-30T00:00:00+00:00
[2023-04-30T18:00:43.386+0000] {logging_mixin.py:120} INFO - [2023-04-30T18:00:43.386+0000] {dag.py:3340} INFO - Setting next_dagrun for example_branch_datetime_operator_3 to 2023-04-29T00:00:00+00:00, run_after=2023-04-30T00:00:00+00:00
[2023-04-30T18:00:43.407+0000] {processor.py:176} INFO - Processing /home/airflow/.local/lib/python3.7/site-packages/airflow/example_dags/example_branch_datetime_operator.py took 0.118 seconds
[2023-04-30T18:01:14.165+0000] {processor.py:154} INFO - Started process (PID=1536) to work on /home/airflow/.local/lib/python3.7/site-packages/airflow/example_dags/example_branch_datetime_operator.py
[2023-04-30T18:01:14.167+0000] {processor.py:756} INFO - Processing file /home/airflow/.local/lib/python3.7/site-packages/airflow/example_dags/example_branch_datetime_operator.py for tasks to queue
[2023-04-30T18:01:14.167+0000] {logging_mixin.py:120} INFO - [2023-04-30T18:01:14.167+0000] {dagbag.py:537} INFO - Filling up the DagBag from /home/airflow/.local/lib/python3.7/site-packages/airflow/example_dags/example_branch_datetime_operator.py
[2023-04-30T18:01:14.182+0000] {processor.py:766} INFO - DAG(s) dict_keys(['example_branch_datetime_operator_3', 'example_branch_datetime_operator_2', 'example_branch_datetime_operator']) retrieved from /home/airflow/.local/lib/python3.7/site-packages/airflow/example_dags/example_branch_datetime_operator.py
[2023-04-30T18:01:14.226+0000] {logging_mixin.py:120} INFO - [2023-04-30T18:01:14.226+0000] {dag.py:2585} INFO - Sync 3 DAGs
[2023-04-30T18:01:14.255+0000] {logging_mixin.py:120} INFO - [2023-04-30T18:01:14.255+0000] {dag.py:3340} INFO - Setting next_dagrun for example_branch_datetime_operator to 2023-04-29T00:00:00+00:00, run_after=2023-04-30T00:00:00+00:00
[2023-04-30T18:01:14.260+0000] {logging_mixin.py:120} INFO - [2023-04-30T18:01:14.260+0000] {dag.py:3340} INFO - Setting next_dagrun for example_branch_datetime_operator_2 to 2023-04-29T00:00:00+00:00, run_after=2023-04-30T00:00:00+00:00
[2023-04-30T18:01:14.264+0000] {logging_mixin.py:120} INFO - [2023-04-30T18:01:14.263+0000] {dag.py:3340} INFO - Setting next_dagrun for example_branch_datetime_operator_3 to 2023-04-29T00:00:00+00:00, run_after=2023-04-30T00:00:00+00:00
[2023-04-30T18:01:14.285+0000] {processor.py:176} INFO - Processing /home/airflow/.local/lib/python3.7/site-packages/airflow/example_dags/example_branch_datetime_operator.py took 0.122 seconds
[2023-04-30T18:01:44.738+0000] {processor.py:154} INFO - Started process (PID=1599) to work on /home/airflow/.local/lib/python3.7/site-packages/airflow/example_dags/example_branch_datetime_operator.py
[2023-04-30T18:01:44.740+0000] {processor.py:756} INFO - Processing file /home/airflow/.local/lib/python3.7/site-packages/airflow/example_dags/example_branch_datetime_operator.py for tasks to queue
[2023-04-30T18:01:44.740+0000] {logging_mixin.py:120} INFO - [2023-04-30T18:01:44.740+0000] {dagbag.py:537} INFO - Filling up the DagBag from /home/airflow/.local/lib/python3.7/site-packages/airflow/example_dags/example_branch_datetime_operator.py
[2023-04-30T18:01:44.755+0000] {processor.py:766} INFO - DAG(s) dict_keys(['example_branch_datetime_operator_3', 'example_branch_datetime_operator_2', 'example_branch_datetime_operator']) retrieved from /home/airflow/.local/lib/python3.7/site-packages/airflow/example_dags/example_branch_datetime_operator.py
[2023-04-30T18:01:44.799+0000] {logging_mixin.py:120} INFO - [2023-04-30T18:01:44.799+0000] {dag.py:2585} INFO - Sync 3 DAGs
[2023-04-30T18:01:44.828+0000] {logging_mixin.py:120} INFO - [2023-04-30T18:01:44.828+0000] {dag.py:3340} INFO - Setting next_dagrun for example_branch_datetime_operator to 2023-04-29T00:00:00+00:00, run_after=2023-04-30T00:00:00+00:00
[2023-04-30T18:01:44.833+0000] {logging_mixin.py:120} INFO - [2023-04-30T18:01:44.833+0000] {dag.py:3340} INFO - Setting next_dagrun for example_branch_datetime_operator_2 to 2023-04-29T00:00:00+00:00, run_after=2023-04-30T00:00:00+00:00
[2023-04-30T18:01:44.837+0000] {logging_mixin.py:120} INFO - [2023-04-30T18:01:44.836+0000] {dag.py:3340} INFO - Setting next_dagrun for example_branch_datetime_operator_3 to 2023-04-29T00:00:00+00:00, run_after=2023-04-30T00:00:00+00:00
[2023-04-30T18:01:44.860+0000] {processor.py:176} INFO - Processing /home/airflow/.local/lib/python3.7/site-packages/airflow/example_dags/example_branch_datetime_operator.py took 0.125 seconds
[2023-04-30T18:02:15.169+0000] {processor.py:154} INFO - Started process (PID=1653) to work on /home/airflow/.local/lib/python3.7/site-packages/airflow/example_dags/example_branch_datetime_operator.py
[2023-04-30T18:02:15.170+0000] {processor.py:756} INFO - Processing file /home/airflow/.local/lib/python3.7/site-packages/airflow/example_dags/example_branch_datetime_operator.py for tasks to queue
[2023-04-30T18:02:15.171+0000] {logging_mixin.py:120} INFO - [2023-04-30T18:02:15.171+0000] {dagbag.py:537} INFO - Filling up the DagBag from /home/airflow/.local/lib/python3.7/site-packages/airflow/example_dags/example_branch_datetime_operator.py
[2023-04-30T18:02:15.189+0000] {processor.py:766} INFO - DAG(s) dict_keys(['example_branch_datetime_operator_3', 'example_branch_datetime_operator_2', 'example_branch_datetime_operator']) retrieved from /home/airflow/.local/lib/python3.7/site-packages/airflow/example_dags/example_branch_datetime_operator.py
[2023-04-30T18:02:15.234+0000] {logging_mixin.py:120} INFO - [2023-04-30T18:02:15.234+0000] {dag.py:2585} INFO - Sync 3 DAGs
[2023-04-30T18:02:15.264+0000] {logging_mixin.py:120} INFO - [2023-04-30T18:02:15.264+0000] {dag.py:3340} INFO - Setting next_dagrun for example_branch_datetime_operator to 2023-04-29T00:00:00+00:00, run_after=2023-04-30T00:00:00+00:00
[2023-04-30T18:02:15.269+0000] {logging_mixin.py:120} INFO - [2023-04-30T18:02:15.269+0000] {dag.py:3340} INFO - Setting next_dagrun for example_branch_datetime_operator_2 to 2023-04-29T00:00:00+00:00, run_after=2023-04-30T00:00:00+00:00
[2023-04-30T18:02:15.272+0000] {logging_mixin.py:120} INFO - [2023-04-30T18:02:15.272+0000] {dag.py:3340} INFO - Setting next_dagrun for example_branch_datetime_operator_3 to 2023-04-29T00:00:00+00:00, run_after=2023-04-30T00:00:00+00:00
[2023-04-30T18:02:15.298+0000] {processor.py:176} INFO - Processing /home/airflow/.local/lib/python3.7/site-packages/airflow/example_dags/example_branch_datetime_operator.py took 0.131 seconds
[2023-04-30T18:02:45.653+0000] {processor.py:154} INFO - Started process (PID=1716) to work on /home/airflow/.local/lib/python3.7/site-packages/airflow/example_dags/example_branch_datetime_operator.py
[2023-04-30T18:02:45.654+0000] {processor.py:756} INFO - Processing file /home/airflow/.local/lib/python3.7/site-packages/airflow/example_dags/example_branch_datetime_operator.py for tasks to queue
[2023-04-30T18:02:45.655+0000] {logging_mixin.py:120} INFO - [2023-04-30T18:02:45.654+0000] {dagbag.py:537} INFO - Filling up the DagBag from /home/airflow/.local/lib/python3.7/site-packages/airflow/example_dags/example_branch_datetime_operator.py
[2023-04-30T18:02:45.669+0000] {processor.py:766} INFO - DAG(s) dict_keys(['example_branch_datetime_operator', 'example_branch_datetime_operator_2', 'example_branch_datetime_operator_3']) retrieved from /home/airflow/.local/lib/python3.7/site-packages/airflow/example_dags/example_branch_datetime_operator.py
[2023-04-30T18:02:45.714+0000] {logging_mixin.py:120} INFO - [2023-04-30T18:02:45.713+0000] {dag.py:2585} INFO - Sync 3 DAGs
[2023-04-30T18:02:45.740+0000] {logging_mixin.py:120} INFO - [2023-04-30T18:02:45.740+0000] {dag.py:3340} INFO - Setting next_dagrun for example_branch_datetime_operator to 2023-04-29T00:00:00+00:00, run_after=2023-04-30T00:00:00+00:00
[2023-04-30T18:02:45.745+0000] {logging_mixin.py:120} INFO - [2023-04-30T18:02:45.745+0000] {dag.py:3340} INFO - Setting next_dagrun for example_branch_datetime_operator_2 to 2023-04-29T00:00:00+00:00, run_after=2023-04-30T00:00:00+00:00
[2023-04-30T18:02:45.748+0000] {logging_mixin.py:120} INFO - [2023-04-30T18:02:45.748+0000] {dag.py:3340} INFO - Setting next_dagrun for example_branch_datetime_operator_3 to 2023-04-29T00:00:00+00:00, run_after=2023-04-30T00:00:00+00:00
[2023-04-30T18:02:45.770+0000] {processor.py:176} INFO - Processing /home/airflow/.local/lib/python3.7/site-packages/airflow/example_dags/example_branch_datetime_operator.py took 0.119 seconds
[2023-04-30T18:03:16.265+0000] {processor.py:154} INFO - Started process (PID=1779) to work on /home/airflow/.local/lib/python3.7/site-packages/airflow/example_dags/example_branch_datetime_operator.py
[2023-04-30T18:03:16.267+0000] {processor.py:756} INFO - Processing file /home/airflow/.local/lib/python3.7/site-packages/airflow/example_dags/example_branch_datetime_operator.py for tasks to queue
[2023-04-30T18:03:16.267+0000] {logging_mixin.py:120} INFO - [2023-04-30T18:03:16.267+0000] {dagbag.py:537} INFO - Filling up the DagBag from /home/airflow/.local/lib/python3.7/site-packages/airflow/example_dags/example_branch_datetime_operator.py
[2023-04-30T18:03:16.282+0000] {processor.py:766} INFO - DAG(s) dict_keys(['example_branch_datetime_operator_3', 'example_branch_datetime_operator', 'example_branch_datetime_operator_2']) retrieved from /home/airflow/.local/lib/python3.7/site-packages/airflow/example_dags/example_branch_datetime_operator.py
[2023-04-30T18:03:16.326+0000] {logging_mixin.py:120} INFO - [2023-04-30T18:03:16.326+0000] {dag.py:2585} INFO - Sync 3 DAGs
[2023-04-30T18:03:16.356+0000] {logging_mixin.py:120} INFO - [2023-04-30T18:03:16.356+0000] {dag.py:3340} INFO - Setting next_dagrun for example_branch_datetime_operator to 2023-04-29T00:00:00+00:00, run_after=2023-04-30T00:00:00+00:00
[2023-04-30T18:03:16.361+0000] {logging_mixin.py:120} INFO - [2023-04-30T18:03:16.361+0000] {dag.py:3340} INFO - Setting next_dagrun for example_branch_datetime_operator_2 to 2023-04-29T00:00:00+00:00, run_after=2023-04-30T00:00:00+00:00
[2023-04-30T18:03:16.365+0000] {logging_mixin.py:120} INFO - [2023-04-30T18:03:16.365+0000] {dag.py:3340} INFO - Setting next_dagrun for example_branch_datetime_operator_3 to 2023-04-29T00:00:00+00:00, run_after=2023-04-30T00:00:00+00:00
[2023-04-30T18:03:16.385+0000] {processor.py:176} INFO - Processing /home/airflow/.local/lib/python3.7/site-packages/airflow/example_dags/example_branch_datetime_operator.py took 0.122 seconds
[2023-04-30T18:03:46.790+0000] {processor.py:154} INFO - Started process (PID=1834) to work on /home/airflow/.local/lib/python3.7/site-packages/airflow/example_dags/example_branch_datetime_operator.py
[2023-04-30T18:03:46.792+0000] {processor.py:756} INFO - Processing file /home/airflow/.local/lib/python3.7/site-packages/airflow/example_dags/example_branch_datetime_operator.py for tasks to queue
[2023-04-30T18:03:46.792+0000] {logging_mixin.py:120} INFO - [2023-04-30T18:03:46.792+0000] {dagbag.py:537} INFO - Filling up the DagBag from /home/airflow/.local/lib/python3.7/site-packages/airflow/example_dags/example_branch_datetime_operator.py
[2023-04-30T18:03:46.806+0000] {processor.py:766} INFO - DAG(s) dict_keys(['example_branch_datetime_operator_3', 'example_branch_datetime_operator_2', 'example_branch_datetime_operator']) retrieved from /home/airflow/.local/lib/python3.7/site-packages/airflow/example_dags/example_branch_datetime_operator.py
[2023-04-30T18:03:46.847+0000] {logging_mixin.py:120} INFO - [2023-04-30T18:03:46.847+0000] {dag.py:2585} INFO - Sync 3 DAGs
[2023-04-30T18:03:46.876+0000] {logging_mixin.py:120} INFO - [2023-04-30T18:03:46.876+0000] {dag.py:3340} INFO - Setting next_dagrun for example_branch_datetime_operator to 2023-04-29T00:00:00+00:00, run_after=2023-04-30T00:00:00+00:00
[2023-04-30T18:03:46.880+0000] {logging_mixin.py:120} INFO - [2023-04-30T18:03:46.880+0000] {dag.py:3340} INFO - Setting next_dagrun for example_branch_datetime_operator_2 to 2023-04-29T00:00:00+00:00, run_after=2023-04-30T00:00:00+00:00
[2023-04-30T18:03:46.883+0000] {logging_mixin.py:120} INFO - [2023-04-30T18:03:46.883+0000] {dag.py:3340} INFO - Setting next_dagrun for example_branch_datetime_operator_3 to 2023-04-29T00:00:00+00:00, run_after=2023-04-30T00:00:00+00:00
[2023-04-30T18:03:46.904+0000] {processor.py:176} INFO - Processing /home/airflow/.local/lib/python3.7/site-packages/airflow/example_dags/example_branch_datetime_operator.py took 0.116 seconds
[2023-04-30T18:04:17.343+0000] {processor.py:154} INFO - Started process (PID=1897) to work on /home/airflow/.local/lib/python3.7/site-packages/airflow/example_dags/example_branch_datetime_operator.py
[2023-04-30T18:04:17.344+0000] {processor.py:756} INFO - Processing file /home/airflow/.local/lib/python3.7/site-packages/airflow/example_dags/example_branch_datetime_operator.py for tasks to queue
[2023-04-30T18:04:17.345+0000] {logging_mixin.py:120} INFO - [2023-04-30T18:04:17.344+0000] {dagbag.py:537} INFO - Filling up the DagBag from /home/airflow/.local/lib/python3.7/site-packages/airflow/example_dags/example_branch_datetime_operator.py
[2023-04-30T18:04:17.359+0000] {processor.py:766} INFO - DAG(s) dict_keys(['example_branch_datetime_operator_3', 'example_branch_datetime_operator_2', 'example_branch_datetime_operator']) retrieved from /home/airflow/.local/lib/python3.7/site-packages/airflow/example_dags/example_branch_datetime_operator.py
[2023-04-30T18:04:17.403+0000] {logging_mixin.py:120} INFO - [2023-04-30T18:04:17.403+0000] {dag.py:2585} INFO - Sync 3 DAGs
[2023-04-30T18:04:17.435+0000] {logging_mixin.py:120} INFO - [2023-04-30T18:04:17.434+0000] {dag.py:3340} INFO - Setting next_dagrun for example_branch_datetime_operator to 2023-04-29T00:00:00+00:00, run_after=2023-04-30T00:00:00+00:00
[2023-04-30T18:04:17.440+0000] {logging_mixin.py:120} INFO - [2023-04-30T18:04:17.440+0000] {dag.py:3340} INFO - Setting next_dagrun for example_branch_datetime_operator_2 to 2023-04-29T00:00:00+00:00, run_after=2023-04-30T00:00:00+00:00
[2023-04-30T18:04:17.443+0000] {logging_mixin.py:120} INFO - [2023-04-30T18:04:17.443+0000] {dag.py:3340} INFO - Setting next_dagrun for example_branch_datetime_operator_3 to 2023-04-29T00:00:00+00:00, run_after=2023-04-30T00:00:00+00:00
[2023-04-30T18:04:17.465+0000] {processor.py:176} INFO - Processing /home/airflow/.local/lib/python3.7/site-packages/airflow/example_dags/example_branch_datetime_operator.py took 0.124 seconds
[2023-04-30T18:04:47.946+0000] {processor.py:154} INFO - Started process (PID=1961) to work on /home/airflow/.local/lib/python3.7/site-packages/airflow/example_dags/example_branch_datetime_operator.py
[2023-04-30T18:04:47.947+0000] {processor.py:756} INFO - Processing file /home/airflow/.local/lib/python3.7/site-packages/airflow/example_dags/example_branch_datetime_operator.py for tasks to queue
[2023-04-30T18:04:47.948+0000] {logging_mixin.py:120} INFO - [2023-04-30T18:04:47.948+0000] {dagbag.py:537} INFO - Filling up the DagBag from /home/airflow/.local/lib/python3.7/site-packages/airflow/example_dags/example_branch_datetime_operator.py
[2023-04-30T18:04:47.963+0000] {processor.py:766} INFO - DAG(s) dict_keys(['example_branch_datetime_operator', 'example_branch_datetime_operator_2', 'example_branch_datetime_operator_3']) retrieved from /home/airflow/.local/lib/python3.7/site-packages/airflow/example_dags/example_branch_datetime_operator.py
[2023-04-30T18:04:48.007+0000] {logging_mixin.py:120} INFO - [2023-04-30T18:04:48.007+0000] {dag.py:2585} INFO - Sync 3 DAGs
[2023-04-30T18:04:48.035+0000] {logging_mixin.py:120} INFO - [2023-04-30T18:04:48.035+0000] {dag.py:3340} INFO - Setting next_dagrun for example_branch_datetime_operator to 2023-04-29T00:00:00+00:00, run_after=2023-04-30T00:00:00+00:00
[2023-04-30T18:04:48.040+0000] {logging_mixin.py:120} INFO - [2023-04-30T18:04:48.039+0000] {dag.py:3340} INFO - Setting next_dagrun for example_branch_datetime_operator_2 to 2023-04-29T00:00:00+00:00, run_after=2023-04-30T00:00:00+00:00
[2023-04-30T18:04:48.044+0000] {logging_mixin.py:120} INFO - [2023-04-30T18:04:48.043+0000] {dag.py:3340} INFO - Setting next_dagrun for example_branch_datetime_operator_3 to 2023-04-29T00:00:00+00:00, run_after=2023-04-30T00:00:00+00:00
[2023-04-30T18:04:48.065+0000] {processor.py:176} INFO - Processing /home/airflow/.local/lib/python3.7/site-packages/airflow/example_dags/example_branch_datetime_operator.py took 0.121 seconds
[2023-04-30T18:05:18.620+0000] {processor.py:154} INFO - Started process (PID=2015) to work on /home/airflow/.local/lib/python3.7/site-packages/airflow/example_dags/example_branch_datetime_operator.py
[2023-04-30T18:05:18.621+0000] {processor.py:756} INFO - Processing file /home/airflow/.local/lib/python3.7/site-packages/airflow/example_dags/example_branch_datetime_operator.py for tasks to queue
[2023-04-30T18:05:18.621+0000] {logging_mixin.py:120} INFO - [2023-04-30T18:05:18.621+0000] {dagbag.py:537} INFO - Filling up the DagBag from /home/airflow/.local/lib/python3.7/site-packages/airflow/example_dags/example_branch_datetime_operator.py
[2023-04-30T18:05:18.637+0000] {processor.py:766} INFO - DAG(s) dict_keys(['example_branch_datetime_operator_2', 'example_branch_datetime_operator_3', 'example_branch_datetime_operator']) retrieved from /home/airflow/.local/lib/python3.7/site-packages/airflow/example_dags/example_branch_datetime_operator.py
[2023-04-30T18:05:18.680+0000] {logging_mixin.py:120} INFO - [2023-04-30T18:05:18.680+0000] {dag.py:2585} INFO - Sync 3 DAGs
[2023-04-30T18:05:18.707+0000] {logging_mixin.py:120} INFO - [2023-04-30T18:05:18.706+0000] {dag.py:3340} INFO - Setting next_dagrun for example_branch_datetime_operator to 2023-04-29T00:00:00+00:00, run_after=2023-04-30T00:00:00+00:00
[2023-04-30T18:05:18.712+0000] {logging_mixin.py:120} INFO - [2023-04-30T18:05:18.712+0000] {dag.py:3340} INFO - Setting next_dagrun for example_branch_datetime_operator_2 to 2023-04-29T00:00:00+00:00, run_after=2023-04-30T00:00:00+00:00
[2023-04-30T18:05:18.715+0000] {logging_mixin.py:120} INFO - [2023-04-30T18:05:18.715+0000] {dag.py:3340} INFO - Setting next_dagrun for example_branch_datetime_operator_3 to 2023-04-29T00:00:00+00:00, run_after=2023-04-30T00:00:00+00:00
[2023-04-30T18:05:18.735+0000] {processor.py:176} INFO - Processing /home/airflow/.local/lib/python3.7/site-packages/airflow/example_dags/example_branch_datetime_operator.py took 0.118 seconds
[2023-04-30T18:05:49.180+0000] {processor.py:154} INFO - Started process (PID=2079) to work on /home/airflow/.local/lib/python3.7/site-packages/airflow/example_dags/example_branch_datetime_operator.py
[2023-04-30T18:05:49.181+0000] {processor.py:756} INFO - Processing file /home/airflow/.local/lib/python3.7/site-packages/airflow/example_dags/example_branch_datetime_operator.py for tasks to queue
[2023-04-30T18:05:49.181+0000] {logging_mixin.py:120} INFO - [2023-04-30T18:05:49.181+0000] {dagbag.py:537} INFO - Filling up the DagBag from /home/airflow/.local/lib/python3.7/site-packages/airflow/example_dags/example_branch_datetime_operator.py
[2023-04-30T18:05:49.196+0000] {processor.py:766} INFO - DAG(s) dict_keys(['example_branch_datetime_operator_3', 'example_branch_datetime_operator', 'example_branch_datetime_operator_2']) retrieved from /home/airflow/.local/lib/python3.7/site-packages/airflow/example_dags/example_branch_datetime_operator.py
[2023-04-30T18:05:49.239+0000] {logging_mixin.py:120} INFO - [2023-04-30T18:05:49.239+0000] {dag.py:2585} INFO - Sync 3 DAGs
[2023-04-30T18:05:49.269+0000] {logging_mixin.py:120} INFO - [2023-04-30T18:05:49.269+0000] {dag.py:3340} INFO - Setting next_dagrun for example_branch_datetime_operator to 2023-04-29T00:00:00+00:00, run_after=2023-04-30T00:00:00+00:00
[2023-04-30T18:05:49.275+0000] {logging_mixin.py:120} INFO - [2023-04-30T18:05:49.274+0000] {dag.py:3340} INFO - Setting next_dagrun for example_branch_datetime_operator_2 to 2023-04-29T00:00:00+00:00, run_after=2023-04-30T00:00:00+00:00
[2023-04-30T18:05:49.277+0000] {logging_mixin.py:120} INFO - [2023-04-30T18:05:49.277+0000] {dag.py:3340} INFO - Setting next_dagrun for example_branch_datetime_operator_3 to 2023-04-29T00:00:00+00:00, run_after=2023-04-30T00:00:00+00:00
[2023-04-30T18:05:49.300+0000] {processor.py:176} INFO - Processing /home/airflow/.local/lib/python3.7/site-packages/airflow/example_dags/example_branch_datetime_operator.py took 0.122 seconds
[2023-04-30T18:06:19.690+0000] {processor.py:154} INFO - Started process (PID=2142) to work on /home/airflow/.local/lib/python3.7/site-packages/airflow/example_dags/example_branch_datetime_operator.py
[2023-04-30T18:06:19.691+0000] {processor.py:756} INFO - Processing file /home/airflow/.local/lib/python3.7/site-packages/airflow/example_dags/example_branch_datetime_operator.py for tasks to queue
[2023-04-30T18:06:19.692+0000] {logging_mixin.py:120} INFO - [2023-04-30T18:06:19.691+0000] {dagbag.py:537} INFO - Filling up the DagBag from /home/airflow/.local/lib/python3.7/site-packages/airflow/example_dags/example_branch_datetime_operator.py
[2023-04-30T18:06:19.705+0000] {processor.py:766} INFO - DAG(s) dict_keys(['example_branch_datetime_operator_2', 'example_branch_datetime_operator_3', 'example_branch_datetime_operator']) retrieved from /home/airflow/.local/lib/python3.7/site-packages/airflow/example_dags/example_branch_datetime_operator.py
[2023-04-30T18:06:19.748+0000] {logging_mixin.py:120} INFO - [2023-04-30T18:06:19.747+0000] {dag.py:2585} INFO - Sync 3 DAGs
[2023-04-30T18:06:19.777+0000] {logging_mixin.py:120} INFO - [2023-04-30T18:06:19.777+0000] {dag.py:3340} INFO - Setting next_dagrun for example_branch_datetime_operator to 2023-04-29T00:00:00+00:00, run_after=2023-04-30T00:00:00+00:00
[2023-04-30T18:06:19.782+0000] {logging_mixin.py:120} INFO - [2023-04-30T18:06:19.782+0000] {dag.py:3340} INFO - Setting next_dagrun for example_branch_datetime_operator_2 to 2023-04-29T00:00:00+00:00, run_after=2023-04-30T00:00:00+00:00
[2023-04-30T18:06:19.785+0000] {logging_mixin.py:120} INFO - [2023-04-30T18:06:19.785+0000] {dag.py:3340} INFO - Setting next_dagrun for example_branch_datetime_operator_3 to 2023-04-29T00:00:00+00:00, run_after=2023-04-30T00:00:00+00:00
[2023-04-30T18:06:19.805+0000] {processor.py:176} INFO - Processing /home/airflow/.local/lib/python3.7/site-packages/airflow/example_dags/example_branch_datetime_operator.py took 0.116 seconds
[2023-04-30T18:06:50.183+0000] {processor.py:154} INFO - Started process (PID=2203) to work on /home/airflow/.local/lib/python3.7/site-packages/airflow/example_dags/example_branch_datetime_operator.py
[2023-04-30T18:06:50.184+0000] {processor.py:756} INFO - Processing file /home/airflow/.local/lib/python3.7/site-packages/airflow/example_dags/example_branch_datetime_operator.py for tasks to queue
[2023-04-30T18:06:50.185+0000] {logging_mixin.py:120} INFO - [2023-04-30T18:06:50.185+0000] {dagbag.py:537} INFO - Filling up the DagBag from /home/airflow/.local/lib/python3.7/site-packages/airflow/example_dags/example_branch_datetime_operator.py
[2023-04-30T18:06:50.200+0000] {processor.py:766} INFO - DAG(s) dict_keys(['example_branch_datetime_operator_3', 'example_branch_datetime_operator', 'example_branch_datetime_operator_2']) retrieved from /home/airflow/.local/lib/python3.7/site-packages/airflow/example_dags/example_branch_datetime_operator.py
[2023-04-30T18:06:50.253+0000] {logging_mixin.py:120} INFO - [2023-04-30T18:06:50.253+0000] {dag.py:2585} INFO - Sync 3 DAGs
[2023-04-30T18:06:50.283+0000] {logging_mixin.py:120} INFO - [2023-04-30T18:06:50.283+0000] {dag.py:3340} INFO - Setting next_dagrun for example_branch_datetime_operator to 2023-04-29T00:00:00+00:00, run_after=2023-04-30T00:00:00+00:00
[2023-04-30T18:06:50.289+0000] {logging_mixin.py:120} INFO - [2023-04-30T18:06:50.289+0000] {dag.py:3340} INFO - Setting next_dagrun for example_branch_datetime_operator_2 to 2023-04-29T00:00:00+00:00, run_after=2023-04-30T00:00:00+00:00
[2023-04-30T18:06:50.292+0000] {logging_mixin.py:120} INFO - [2023-04-30T18:06:50.291+0000] {dag.py:3340} INFO - Setting next_dagrun for example_branch_datetime_operator_3 to 2023-04-29T00:00:00+00:00, run_after=2023-04-30T00:00:00+00:00
[2023-04-30T18:06:50.314+0000] {processor.py:176} INFO - Processing /home/airflow/.local/lib/python3.7/site-packages/airflow/example_dags/example_branch_datetime_operator.py took 0.134 seconds
[2023-04-30T18:07:20.752+0000] {processor.py:154} INFO - Started process (PID=2259) to work on /home/airflow/.local/lib/python3.7/site-packages/airflow/example_dags/example_branch_datetime_operator.py
[2023-04-30T18:07:20.753+0000] {processor.py:756} INFO - Processing file /home/airflow/.local/lib/python3.7/site-packages/airflow/example_dags/example_branch_datetime_operator.py for tasks to queue
[2023-04-30T18:07:20.754+0000] {logging_mixin.py:120} INFO - [2023-04-30T18:07:20.754+0000] {dagbag.py:537} INFO - Filling up the DagBag from /home/airflow/.local/lib/python3.7/site-packages/airflow/example_dags/example_branch_datetime_operator.py
[2023-04-30T18:07:20.768+0000] {processor.py:766} INFO - DAG(s) dict_keys(['example_branch_datetime_operator_2', 'example_branch_datetime_operator_3', 'example_branch_datetime_operator']) retrieved from /home/airflow/.local/lib/python3.7/site-packages/airflow/example_dags/example_branch_datetime_operator.py
[2023-04-30T18:07:20.820+0000] {logging_mixin.py:120} INFO - [2023-04-30T18:07:20.820+0000] {dag.py:2585} INFO - Sync 3 DAGs
[2023-04-30T18:07:20.848+0000] {logging_mixin.py:120} INFO - [2023-04-30T18:07:20.848+0000] {dag.py:3340} INFO - Setting next_dagrun for example_branch_datetime_operator to 2023-04-29T00:00:00+00:00, run_after=2023-04-30T00:00:00+00:00
[2023-04-30T18:07:20.853+0000] {logging_mixin.py:120} INFO - [2023-04-30T18:07:20.853+0000] {dag.py:3340} INFO - Setting next_dagrun for example_branch_datetime_operator_2 to 2023-04-29T00:00:00+00:00, run_after=2023-04-30T00:00:00+00:00
[2023-04-30T18:07:20.856+0000] {logging_mixin.py:120} INFO - [2023-04-30T18:07:20.856+0000] {dag.py:3340} INFO - Setting next_dagrun for example_branch_datetime_operator_3 to 2023-04-29T00:00:00+00:00, run_after=2023-04-30T00:00:00+00:00
[2023-04-30T18:07:20.879+0000] {processor.py:176} INFO - Processing /home/airflow/.local/lib/python3.7/site-packages/airflow/example_dags/example_branch_datetime_operator.py took 0.129 seconds
[2023-04-30T18:07:51.260+0000] {processor.py:154} INFO - Started process (PID=2322) to work on /home/airflow/.local/lib/python3.7/site-packages/airflow/example_dags/example_branch_datetime_operator.py
[2023-04-30T18:07:51.262+0000] {processor.py:756} INFO - Processing file /home/airflow/.local/lib/python3.7/site-packages/airflow/example_dags/example_branch_datetime_operator.py for tasks to queue
[2023-04-30T18:07:51.262+0000] {logging_mixin.py:120} INFO - [2023-04-30T18:07:51.262+0000] {dagbag.py:537} INFO - Filling up the DagBag from /home/airflow/.local/lib/python3.7/site-packages/airflow/example_dags/example_branch_datetime_operator.py
[2023-04-30T18:07:51.276+0000] {processor.py:766} INFO - DAG(s) dict_keys(['example_branch_datetime_operator_2', 'example_branch_datetime_operator', 'example_branch_datetime_operator_3']) retrieved from /home/airflow/.local/lib/python3.7/site-packages/airflow/example_dags/example_branch_datetime_operator.py
[2023-04-30T18:07:51.318+0000] {logging_mixin.py:120} INFO - [2023-04-30T18:07:51.318+0000] {dag.py:2585} INFO - Sync 3 DAGs
[2023-04-30T18:07:51.347+0000] {logging_mixin.py:120} INFO - [2023-04-30T18:07:51.347+0000] {dag.py:3340} INFO - Setting next_dagrun for example_branch_datetime_operator to 2023-04-29T00:00:00+00:00, run_after=2023-04-30T00:00:00+00:00
[2023-04-30T18:07:51.354+0000] {logging_mixin.py:120} INFO - [2023-04-30T18:07:51.353+0000] {dag.py:3340} INFO - Setting next_dagrun for example_branch_datetime_operator_2 to 2023-04-29T00:00:00+00:00, run_after=2023-04-30T00:00:00+00:00
[2023-04-30T18:07:51.358+0000] {logging_mixin.py:120} INFO - [2023-04-30T18:07:51.358+0000] {dag.py:3340} INFO - Setting next_dagrun for example_branch_datetime_operator_3 to 2023-04-29T00:00:00+00:00, run_after=2023-04-30T00:00:00+00:00
[2023-04-30T18:07:51.380+0000] {processor.py:176} INFO - Processing /home/airflow/.local/lib/python3.7/site-packages/airflow/example_dags/example_branch_datetime_operator.py took 0.122 seconds
[2023-04-30T18:08:21.759+0000] {processor.py:154} INFO - Started process (PID=2385) to work on /home/airflow/.local/lib/python3.7/site-packages/airflow/example_dags/example_branch_datetime_operator.py
[2023-04-30T18:08:21.761+0000] {processor.py:756} INFO - Processing file /home/airflow/.local/lib/python3.7/site-packages/airflow/example_dags/example_branch_datetime_operator.py for tasks to queue
[2023-04-30T18:08:21.762+0000] {logging_mixin.py:120} INFO - [2023-04-30T18:08:21.762+0000] {dagbag.py:537} INFO - Filling up the DagBag from /home/airflow/.local/lib/python3.7/site-packages/airflow/example_dags/example_branch_datetime_operator.py
[2023-04-30T18:08:21.779+0000] {processor.py:766} INFO - DAG(s) dict_keys(['example_branch_datetime_operator_3', 'example_branch_datetime_operator', 'example_branch_datetime_operator_2']) retrieved from /home/airflow/.local/lib/python3.7/site-packages/airflow/example_dags/example_branch_datetime_operator.py
[2023-04-30T18:08:21.833+0000] {logging_mixin.py:120} INFO - [2023-04-30T18:08:21.832+0000] {dag.py:2585} INFO - Sync 3 DAGs
[2023-04-30T18:08:21.866+0000] {logging_mixin.py:120} INFO - [2023-04-30T18:08:21.866+0000] {dag.py:3340} INFO - Setting next_dagrun for example_branch_datetime_operator to 2023-04-29T00:00:00+00:00, run_after=2023-04-30T00:00:00+00:00
[2023-04-30T18:08:21.871+0000] {logging_mixin.py:120} INFO - [2023-04-30T18:08:21.871+0000] {dag.py:3340} INFO - Setting next_dagrun for example_branch_datetime_operator_2 to 2023-04-29T00:00:00+00:00, run_after=2023-04-30T00:00:00+00:00
[2023-04-30T18:08:21.874+0000] {logging_mixin.py:120} INFO - [2023-04-30T18:08:21.874+0000] {dag.py:3340} INFO - Setting next_dagrun for example_branch_datetime_operator_3 to 2023-04-29T00:00:00+00:00, run_after=2023-04-30T00:00:00+00:00
[2023-04-30T18:08:21.902+0000] {processor.py:176} INFO - Processing /home/airflow/.local/lib/python3.7/site-packages/airflow/example_dags/example_branch_datetime_operator.py took 0.145 seconds
[2023-04-30T18:08:52.297+0000] {processor.py:154} INFO - Started process (PID=2439) to work on /home/airflow/.local/lib/python3.7/site-packages/airflow/example_dags/example_branch_datetime_operator.py
[2023-04-30T18:08:52.298+0000] {processor.py:756} INFO - Processing file /home/airflow/.local/lib/python3.7/site-packages/airflow/example_dags/example_branch_datetime_operator.py for tasks to queue
[2023-04-30T18:08:52.298+0000] {logging_mixin.py:120} INFO - [2023-04-30T18:08:52.298+0000] {dagbag.py:537} INFO - Filling up the DagBag from /home/airflow/.local/lib/python3.7/site-packages/airflow/example_dags/example_branch_datetime_operator.py
[2023-04-30T18:08:52.323+0000] {processor.py:766} INFO - DAG(s) dict_keys(['example_branch_datetime_operator_3', 'example_branch_datetime_operator_2', 'example_branch_datetime_operator']) retrieved from /home/airflow/.local/lib/python3.7/site-packages/airflow/example_dags/example_branch_datetime_operator.py
[2023-04-30T18:08:52.372+0000] {logging_mixin.py:120} INFO - [2023-04-30T18:08:52.372+0000] {dag.py:2585} INFO - Sync 3 DAGs
[2023-04-30T18:08:52.399+0000] {logging_mixin.py:120} INFO - [2023-04-30T18:08:52.399+0000] {dag.py:3340} INFO - Setting next_dagrun for example_branch_datetime_operator to 2023-04-29T00:00:00+00:00, run_after=2023-04-30T00:00:00+00:00
[2023-04-30T18:08:52.404+0000] {logging_mixin.py:120} INFO - [2023-04-30T18:08:52.404+0000] {dag.py:3340} INFO - Setting next_dagrun for example_branch_datetime_operator_2 to 2023-04-29T00:00:00+00:00, run_after=2023-04-30T00:00:00+00:00
[2023-04-30T18:08:52.407+0000] {logging_mixin.py:120} INFO - [2023-04-30T18:08:52.407+0000] {dag.py:3340} INFO - Setting next_dagrun for example_branch_datetime_operator_3 to 2023-04-29T00:00:00+00:00, run_after=2023-04-30T00:00:00+00:00
[2023-04-30T18:08:52.428+0000] {processor.py:176} INFO - Processing /home/airflow/.local/lib/python3.7/site-packages/airflow/example_dags/example_branch_datetime_operator.py took 0.133 seconds
[2023-04-30T18:09:23.055+0000] {processor.py:154} INFO - Started process (PID=2502) to work on /home/airflow/.local/lib/python3.7/site-packages/airflow/example_dags/example_branch_datetime_operator.py
[2023-04-30T18:09:23.056+0000] {processor.py:756} INFO - Processing file /home/airflow/.local/lib/python3.7/site-packages/airflow/example_dags/example_branch_datetime_operator.py for tasks to queue
[2023-04-30T18:09:23.057+0000] {logging_mixin.py:120} INFO - [2023-04-30T18:09:23.057+0000] {dagbag.py:537} INFO - Filling up the DagBag from /home/airflow/.local/lib/python3.7/site-packages/airflow/example_dags/example_branch_datetime_operator.py
[2023-04-30T18:09:23.071+0000] {processor.py:766} INFO - DAG(s) dict_keys(['example_branch_datetime_operator_2', 'example_branch_datetime_operator', 'example_branch_datetime_operator_3']) retrieved from /home/airflow/.local/lib/python3.7/site-packages/airflow/example_dags/example_branch_datetime_operator.py
[2023-04-30T18:09:23.112+0000] {logging_mixin.py:120} INFO - [2023-04-30T18:09:23.112+0000] {dag.py:2585} INFO - Sync 3 DAGs
[2023-04-30T18:09:23.137+0000] {logging_mixin.py:120} INFO - [2023-04-30T18:09:23.137+0000] {dag.py:3340} INFO - Setting next_dagrun for example_branch_datetime_operator to 2023-04-29T00:00:00+00:00, run_after=2023-04-30T00:00:00+00:00
[2023-04-30T18:09:23.142+0000] {logging_mixin.py:120} INFO - [2023-04-30T18:09:23.142+0000] {dag.py:3340} INFO - Setting next_dagrun for example_branch_datetime_operator_2 to 2023-04-29T00:00:00+00:00, run_after=2023-04-30T00:00:00+00:00
[2023-04-30T18:09:23.145+0000] {logging_mixin.py:120} INFO - [2023-04-30T18:09:23.145+0000] {dag.py:3340} INFO - Setting next_dagrun for example_branch_datetime_operator_3 to 2023-04-29T00:00:00+00:00, run_after=2023-04-30T00:00:00+00:00
[2023-04-30T18:09:23.167+0000] {processor.py:176} INFO - Processing /home/airflow/.local/lib/python3.7/site-packages/airflow/example_dags/example_branch_datetime_operator.py took 0.114 seconds
[2023-04-30T18:09:53.678+0000] {processor.py:154} INFO - Started process (PID=2565) to work on /home/airflow/.local/lib/python3.7/site-packages/airflow/example_dags/example_branch_datetime_operator.py
[2023-04-30T18:09:53.679+0000] {processor.py:756} INFO - Processing file /home/airflow/.local/lib/python3.7/site-packages/airflow/example_dags/example_branch_datetime_operator.py for tasks to queue
[2023-04-30T18:09:53.679+0000] {logging_mixin.py:120} INFO - [2023-04-30T18:09:53.679+0000] {dagbag.py:537} INFO - Filling up the DagBag from /home/airflow/.local/lib/python3.7/site-packages/airflow/example_dags/example_branch_datetime_operator.py
[2023-04-30T18:09:53.694+0000] {processor.py:766} INFO - DAG(s) dict_keys(['example_branch_datetime_operator_2', 'example_branch_datetime_operator_3', 'example_branch_datetime_operator']) retrieved from /home/airflow/.local/lib/python3.7/site-packages/airflow/example_dags/example_branch_datetime_operator.py
[2023-04-30T18:09:53.738+0000] {logging_mixin.py:120} INFO - [2023-04-30T18:09:53.737+0000] {dag.py:2585} INFO - Sync 3 DAGs
[2023-04-30T18:09:53.766+0000] {logging_mixin.py:120} INFO - [2023-04-30T18:09:53.766+0000] {dag.py:3340} INFO - Setting next_dagrun for example_branch_datetime_operator to 2023-04-29T00:00:00+00:00, run_after=2023-04-30T00:00:00+00:00
[2023-04-30T18:09:53.771+0000] {logging_mixin.py:120} INFO - [2023-04-30T18:09:53.771+0000] {dag.py:3340} INFO - Setting next_dagrun for example_branch_datetime_operator_2 to 2023-04-29T00:00:00+00:00, run_after=2023-04-30T00:00:00+00:00
[2023-04-30T18:09:53.775+0000] {logging_mixin.py:120} INFO - [2023-04-30T18:09:53.774+0000] {dag.py:3340} INFO - Setting next_dagrun for example_branch_datetime_operator_3 to 2023-04-29T00:00:00+00:00, run_after=2023-04-30T00:00:00+00:00
[2023-04-30T18:09:53.797+0000] {processor.py:176} INFO - Processing /home/airflow/.local/lib/python3.7/site-packages/airflow/example_dags/example_branch_datetime_operator.py took 0.121 seconds
[2023-04-30T18:10:24.122+0000] {processor.py:154} INFO - Started process (PID=2619) to work on /home/airflow/.local/lib/python3.7/site-packages/airflow/example_dags/example_branch_datetime_operator.py
[2023-04-30T18:10:24.130+0000] {processor.py:756} INFO - Processing file /home/airflow/.local/lib/python3.7/site-packages/airflow/example_dags/example_branch_datetime_operator.py for tasks to queue
[2023-04-30T18:10:24.131+0000] {logging_mixin.py:120} INFO - [2023-04-30T18:10:24.131+0000] {dagbag.py:537} INFO - Filling up the DagBag from /home/airflow/.local/lib/python3.7/site-packages/airflow/example_dags/example_branch_datetime_operator.py
[2023-04-30T18:10:24.145+0000] {processor.py:766} INFO - DAG(s) dict_keys(['example_branch_datetime_operator', 'example_branch_datetime_operator_3', 'example_branch_datetime_operator_2']) retrieved from /home/airflow/.local/lib/python3.7/site-packages/airflow/example_dags/example_branch_datetime_operator.py
[2023-04-30T18:10:24.190+0000] {logging_mixin.py:120} INFO - [2023-04-30T18:10:24.190+0000] {dag.py:2585} INFO - Sync 3 DAGs
[2023-04-30T18:10:24.217+0000] {logging_mixin.py:120} INFO - [2023-04-30T18:10:24.217+0000] {dag.py:3340} INFO - Setting next_dagrun for example_branch_datetime_operator to 2023-04-29T00:00:00+00:00, run_after=2023-04-30T00:00:00+00:00
[2023-04-30T18:10:24.222+0000] {logging_mixin.py:120} INFO - [2023-04-30T18:10:24.222+0000] {dag.py:3340} INFO - Setting next_dagrun for example_branch_datetime_operator_2 to 2023-04-29T00:00:00+00:00, run_after=2023-04-30T00:00:00+00:00
[2023-04-30T18:10:24.225+0000] {logging_mixin.py:120} INFO - [2023-04-30T18:10:24.225+0000] {dag.py:3340} INFO - Setting next_dagrun for example_branch_datetime_operator_3 to 2023-04-29T00:00:00+00:00, run_after=2023-04-30T00:00:00+00:00
[2023-04-30T18:10:24.248+0000] {processor.py:176} INFO - Processing /home/airflow/.local/lib/python3.7/site-packages/airflow/example_dags/example_branch_datetime_operator.py took 0.128 seconds
[2023-04-30T18:10:54.591+0000] {processor.py:154} INFO - Started process (PID=2682) to work on /home/airflow/.local/lib/python3.7/site-packages/airflow/example_dags/example_branch_datetime_operator.py
[2023-04-30T18:10:54.592+0000] {processor.py:756} INFO - Processing file /home/airflow/.local/lib/python3.7/site-packages/airflow/example_dags/example_branch_datetime_operator.py for tasks to queue
[2023-04-30T18:10:54.592+0000] {logging_mixin.py:120} INFO - [2023-04-30T18:10:54.592+0000] {dagbag.py:537} INFO - Filling up the DagBag from /home/airflow/.local/lib/python3.7/site-packages/airflow/example_dags/example_branch_datetime_operator.py
[2023-04-30T18:10:54.607+0000] {processor.py:766} INFO - DAG(s) dict_keys(['example_branch_datetime_operator_3', 'example_branch_datetime_operator', 'example_branch_datetime_operator_2']) retrieved from /home/airflow/.local/lib/python3.7/site-packages/airflow/example_dags/example_branch_datetime_operator.py
[2023-04-30T18:10:54.648+0000] {logging_mixin.py:120} INFO - [2023-04-30T18:10:54.648+0000] {dag.py:2585} INFO - Sync 3 DAGs
[2023-04-30T18:10:54.674+0000] {logging_mixin.py:120} INFO - [2023-04-30T18:10:54.673+0000] {dag.py:3340} INFO - Setting next_dagrun for example_branch_datetime_operator to 2023-04-29T00:00:00+00:00, run_after=2023-04-30T00:00:00+00:00
[2023-04-30T18:10:54.678+0000] {logging_mixin.py:120} INFO - [2023-04-30T18:10:54.678+0000] {dag.py:3340} INFO - Setting next_dagrun for example_branch_datetime_operator_2 to 2023-04-29T00:00:00+00:00, run_after=2023-04-30T00:00:00+00:00
[2023-04-30T18:10:54.681+0000] {logging_mixin.py:120} INFO - [2023-04-30T18:10:54.681+0000] {dag.py:3340} INFO - Setting next_dagrun for example_branch_datetime_operator_3 to 2023-04-29T00:00:00+00:00, run_after=2023-04-30T00:00:00+00:00
[2023-04-30T18:10:54.702+0000] {processor.py:176} INFO - Processing /home/airflow/.local/lib/python3.7/site-packages/airflow/example_dags/example_branch_datetime_operator.py took 0.113 seconds
[2023-04-30T18:11:25.090+0000] {processor.py:154} INFO - Started process (PID=2745) to work on /home/airflow/.local/lib/python3.7/site-packages/airflow/example_dags/example_branch_datetime_operator.py
[2023-04-30T18:11:25.091+0000] {processor.py:756} INFO - Processing file /home/airflow/.local/lib/python3.7/site-packages/airflow/example_dags/example_branch_datetime_operator.py for tasks to queue
[2023-04-30T18:11:25.092+0000] {logging_mixin.py:120} INFO - [2023-04-30T18:11:25.092+0000] {dagbag.py:537} INFO - Filling up the DagBag from /home/airflow/.local/lib/python3.7/site-packages/airflow/example_dags/example_branch_datetime_operator.py
[2023-04-30T18:11:25.109+0000] {processor.py:766} INFO - DAG(s) dict_keys(['example_branch_datetime_operator_2', 'example_branch_datetime_operator_3', 'example_branch_datetime_operator']) retrieved from /home/airflow/.local/lib/python3.7/site-packages/airflow/example_dags/example_branch_datetime_operator.py
[2023-04-30T18:11:25.162+0000] {logging_mixin.py:120} INFO - [2023-04-30T18:11:25.162+0000] {dag.py:2585} INFO - Sync 3 DAGs
[2023-04-30T18:11:25.193+0000] {logging_mixin.py:120} INFO - [2023-04-30T18:11:25.193+0000] {dag.py:3340} INFO - Setting next_dagrun for example_branch_datetime_operator to 2023-04-29T00:00:00+00:00, run_after=2023-04-30T00:00:00+00:00
[2023-04-30T18:11:25.198+0000] {logging_mixin.py:120} INFO - [2023-04-30T18:11:25.198+0000] {dag.py:3340} INFO - Setting next_dagrun for example_branch_datetime_operator_2 to 2023-04-29T00:00:00+00:00, run_after=2023-04-30T00:00:00+00:00
[2023-04-30T18:11:25.201+0000] {logging_mixin.py:120} INFO - [2023-04-30T18:11:25.201+0000] {dag.py:3340} INFO - Setting next_dagrun for example_branch_datetime_operator_3 to 2023-04-29T00:00:00+00:00, run_after=2023-04-30T00:00:00+00:00
[2023-04-30T18:11:25.227+0000] {processor.py:176} INFO - Processing /home/airflow/.local/lib/python3.7/site-packages/airflow/example_dags/example_branch_datetime_operator.py took 0.139 seconds
[2023-04-30T18:20:46.542+0000] {processor.py:154} INFO - Started process (PID=2828) to work on /home/airflow/.local/lib/python3.7/site-packages/airflow/example_dags/example_branch_datetime_operator.py
[2023-04-30T18:20:46.543+0000] {processor.py:756} INFO - Processing file /home/airflow/.local/lib/python3.7/site-packages/airflow/example_dags/example_branch_datetime_operator.py for tasks to queue
[2023-04-30T18:20:46.545+0000] {logging_mixin.py:120} INFO - [2023-04-30T18:20:46.544+0000] {dagbag.py:537} INFO - Filling up the DagBag from /home/airflow/.local/lib/python3.7/site-packages/airflow/example_dags/example_branch_datetime_operator.py
[2023-04-30T18:20:46.585+0000] {processor.py:766} INFO - DAG(s) dict_keys(['example_branch_datetime_operator_2', 'example_branch_datetime_operator', 'example_branch_datetime_operator_3']) retrieved from /home/airflow/.local/lib/python3.7/site-packages/airflow/example_dags/example_branch_datetime_operator.py
[2023-04-30T18:20:46.667+0000] {logging_mixin.py:120} INFO - [2023-04-30T18:20:46.666+0000] {dag.py:2585} INFO - Sync 3 DAGs
[2023-04-30T18:20:46.715+0000] {logging_mixin.py:120} INFO - [2023-04-30T18:20:46.714+0000] {dag.py:3340} INFO - Setting next_dagrun for example_branch_datetime_operator to 2023-04-29T00:00:00+00:00, run_after=2023-04-30T00:00:00+00:00
[2023-04-30T18:20:46.723+0000] {logging_mixin.py:120} INFO - [2023-04-30T18:20:46.723+0000] {dag.py:3340} INFO - Setting next_dagrun for example_branch_datetime_operator_2 to 2023-04-29T00:00:00+00:00, run_after=2023-04-30T00:00:00+00:00
[2023-04-30T18:20:46.728+0000] {logging_mixin.py:120} INFO - [2023-04-30T18:20:46.728+0000] {dag.py:3340} INFO - Setting next_dagrun for example_branch_datetime_operator_3 to 2023-04-29T00:00:00+00:00, run_after=2023-04-30T00:00:00+00:00
[2023-04-30T18:20:46.758+0000] {processor.py:176} INFO - Processing /home/airflow/.local/lib/python3.7/site-packages/airflow/example_dags/example_branch_datetime_operator.py took 0.222 seconds
