[2023-04-30T17:48:56.333+0000] {processor.py:154} INFO - Started process (PID=71) to work on /home/airflow/.local/lib/python3.7/site-packages/airflow/example_dags/example_branch_operator.py
[2023-04-30T17:48:56.334+0000] {processor.py:756} INFO - Processing file /home/airflow/.local/lib/python3.7/site-packages/airflow/example_dags/example_branch_operator.py for tasks to queue
[2023-04-30T17:48:56.335+0000] {logging_mixin.py:120} INFO - [2023-04-30T17:48:56.335+0000] {dagbag.py:537} INFO - Filling up the DagBag from /home/airflow/.local/lib/python3.7/site-packages/airflow/example_dags/example_branch_operator.py
[2023-04-30T17:48:56.357+0000] {processor.py:766} INFO - DAG(s) dict_keys(['example_branch_operator']) retrieved from /home/airflow/.local/lib/python3.7/site-packages/airflow/example_dags/example_branch_operator.py
[2023-04-30T17:48:56.618+0000] {logging_mixin.py:120} INFO - [2023-04-30T17:48:56.617+0000] {manager.py:507} INFO - Created Permission View: can read on DAG:example_branch_operator
[2023-04-30T17:48:56.634+0000] {logging_mixin.py:120} INFO - [2023-04-30T17:48:56.634+0000] {manager.py:507} INFO - Created Permission View: can edit on DAG:example_branch_operator
[2023-04-30T17:48:56.651+0000] {logging_mixin.py:120} INFO - [2023-04-30T17:48:56.650+0000] {manager.py:507} INFO - Created Permission View: can delete on DAG:example_branch_operator
[2023-04-30T17:48:56.651+0000] {logging_mixin.py:120} INFO - [2023-04-30T17:48:56.651+0000] {dag.py:2585} INFO - Sync 1 DAGs
[2023-04-30T17:48:56.672+0000] {logging_mixin.py:120} INFO - [2023-04-30T17:48:56.672+0000] {dag.py:2606} INFO - Creating ORM DAG for example_branch_operator
[2023-04-30T17:48:56.692+0000] {logging_mixin.py:120} INFO - [2023-04-30T17:48:56.692+0000] {dag.py:3340} INFO - Setting next_dagrun for example_branch_operator to 2023-04-29T00:00:00+00:00, run_after=2023-04-30T00:00:00+00:00
[2023-04-30T17:48:56.723+0000] {processor.py:176} INFO - Processing /home/airflow/.local/lib/python3.7/site-packages/airflow/example_dags/example_branch_operator.py took 0.392 seconds
[2023-04-30T17:49:27.211+0000] {processor.py:154} INFO - Started process (PID=134) to work on /home/airflow/.local/lib/python3.7/site-packages/airflow/example_dags/example_branch_operator.py
[2023-04-30T17:49:27.213+0000] {processor.py:756} INFO - Processing file /home/airflow/.local/lib/python3.7/site-packages/airflow/example_dags/example_branch_operator.py for tasks to queue
[2023-04-30T17:49:27.214+0000] {logging_mixin.py:120} INFO - [2023-04-30T17:49:27.213+0000] {dagbag.py:537} INFO - Filling up the DagBag from /home/airflow/.local/lib/python3.7/site-packages/airflow/example_dags/example_branch_operator.py
[2023-04-30T17:49:27.228+0000] {processor.py:766} INFO - DAG(s) dict_keys(['example_branch_operator']) retrieved from /home/airflow/.local/lib/python3.7/site-packages/airflow/example_dags/example_branch_operator.py
[2023-04-30T17:49:27.268+0000] {logging_mixin.py:120} INFO - [2023-04-30T17:49:27.268+0000] {dag.py:2585} INFO - Sync 1 DAGs
[2023-04-30T17:49:27.297+0000] {logging_mixin.py:120} INFO - [2023-04-30T17:49:27.296+0000] {dag.py:3340} INFO - Setting next_dagrun for example_branch_operator to 2023-04-29T00:00:00+00:00, run_after=2023-04-30T00:00:00+00:00
[2023-04-30T17:49:27.323+0000] {processor.py:176} INFO - Processing /home/airflow/.local/lib/python3.7/site-packages/airflow/example_dags/example_branch_operator.py took 0.113 seconds
[2023-04-30T17:49:57.784+0000] {processor.py:154} INFO - Started process (PID=189) to work on /home/airflow/.local/lib/python3.7/site-packages/airflow/example_dags/example_branch_operator.py
[2023-04-30T17:49:57.786+0000] {processor.py:756} INFO - Processing file /home/airflow/.local/lib/python3.7/site-packages/airflow/example_dags/example_branch_operator.py for tasks to queue
[2023-04-30T17:49:57.786+0000] {logging_mixin.py:120} INFO - [2023-04-30T17:49:57.786+0000] {dagbag.py:537} INFO - Filling up the DagBag from /home/airflow/.local/lib/python3.7/site-packages/airflow/example_dags/example_branch_operator.py
[2023-04-30T17:49:57.800+0000] {processor.py:766} INFO - DAG(s) dict_keys(['example_branch_operator']) retrieved from /home/airflow/.local/lib/python3.7/site-packages/airflow/example_dags/example_branch_operator.py
[2023-04-30T17:49:57.840+0000] {logging_mixin.py:120} INFO - [2023-04-30T17:49:57.839+0000] {dag.py:2585} INFO - Sync 1 DAGs
[2023-04-30T17:49:57.868+0000] {logging_mixin.py:120} INFO - [2023-04-30T17:49:57.868+0000] {dag.py:3340} INFO - Setting next_dagrun for example_branch_operator to 2023-04-29T00:00:00+00:00, run_after=2023-04-30T00:00:00+00:00
[2023-04-30T17:49:57.891+0000] {processor.py:176} INFO - Processing /home/airflow/.local/lib/python3.7/site-packages/airflow/example_dags/example_branch_operator.py took 0.109 seconds
[2023-04-30T17:50:28.570+0000] {processor.py:154} INFO - Started process (PID=252) to work on /home/airflow/.local/lib/python3.7/site-packages/airflow/example_dags/example_branch_operator.py
[2023-04-30T17:50:28.572+0000] {processor.py:756} INFO - Processing file /home/airflow/.local/lib/python3.7/site-packages/airflow/example_dags/example_branch_operator.py for tasks to queue
[2023-04-30T17:50:28.573+0000] {logging_mixin.py:120} INFO - [2023-04-30T17:50:28.573+0000] {dagbag.py:537} INFO - Filling up the DagBag from /home/airflow/.local/lib/python3.7/site-packages/airflow/example_dags/example_branch_operator.py
[2023-04-30T17:50:28.589+0000] {processor.py:766} INFO - DAG(s) dict_keys(['example_branch_operator']) retrieved from /home/airflow/.local/lib/python3.7/site-packages/airflow/example_dags/example_branch_operator.py
[2023-04-30T17:50:28.626+0000] {logging_mixin.py:120} INFO - [2023-04-30T17:50:28.626+0000] {dag.py:2585} INFO - Sync 1 DAGs
[2023-04-30T17:50:28.653+0000] {logging_mixin.py:120} INFO - [2023-04-30T17:50:28.653+0000] {dag.py:3340} INFO - Setting next_dagrun for example_branch_operator to 2023-04-29T00:00:00+00:00, run_after=2023-04-30T00:00:00+00:00
[2023-04-30T17:50:28.677+0000] {processor.py:176} INFO - Processing /home/airflow/.local/lib/python3.7/site-packages/airflow/example_dags/example_branch_operator.py took 0.109 seconds
[2023-04-30T17:50:59.402+0000] {processor.py:154} INFO - Started process (PID=315) to work on /home/airflow/.local/lib/python3.7/site-packages/airflow/example_dags/example_branch_operator.py
[2023-04-30T17:50:59.403+0000] {processor.py:756} INFO - Processing file /home/airflow/.local/lib/python3.7/site-packages/airflow/example_dags/example_branch_operator.py for tasks to queue
[2023-04-30T17:50:59.403+0000] {logging_mixin.py:120} INFO - [2023-04-30T17:50:59.403+0000] {dagbag.py:537} INFO - Filling up the DagBag from /home/airflow/.local/lib/python3.7/site-packages/airflow/example_dags/example_branch_operator.py
[2023-04-30T17:50:59.418+0000] {processor.py:766} INFO - DAG(s) dict_keys(['example_branch_operator']) retrieved from /home/airflow/.local/lib/python3.7/site-packages/airflow/example_dags/example_branch_operator.py
[2023-04-30T17:50:59.456+0000] {logging_mixin.py:120} INFO - [2023-04-30T17:50:59.456+0000] {dag.py:2585} INFO - Sync 1 DAGs
[2023-04-30T17:50:59.486+0000] {logging_mixin.py:120} INFO - [2023-04-30T17:50:59.486+0000] {dag.py:3340} INFO - Setting next_dagrun for example_branch_operator to 2023-04-29T00:00:00+00:00, run_after=2023-04-30T00:00:00+00:00
[2023-04-30T17:50:59.511+0000] {processor.py:176} INFO - Processing /home/airflow/.local/lib/python3.7/site-packages/airflow/example_dags/example_branch_operator.py took 0.112 seconds
[2023-04-30T17:51:29.968+0000] {processor.py:154} INFO - Started process (PID=378) to work on /home/airflow/.local/lib/python3.7/site-packages/airflow/example_dags/example_branch_operator.py
[2023-04-30T17:51:29.970+0000] {processor.py:756} INFO - Processing file /home/airflow/.local/lib/python3.7/site-packages/airflow/example_dags/example_branch_operator.py for tasks to queue
[2023-04-30T17:51:29.970+0000] {logging_mixin.py:120} INFO - [2023-04-30T17:51:29.970+0000] {dagbag.py:537} INFO - Filling up the DagBag from /home/airflow/.local/lib/python3.7/site-packages/airflow/example_dags/example_branch_operator.py
[2023-04-30T17:51:29.986+0000] {processor.py:766} INFO - DAG(s) dict_keys(['example_branch_operator']) retrieved from /home/airflow/.local/lib/python3.7/site-packages/airflow/example_dags/example_branch_operator.py
[2023-04-30T17:51:30.032+0000] {logging_mixin.py:120} INFO - [2023-04-30T17:51:30.032+0000] {dag.py:2585} INFO - Sync 1 DAGs
[2023-04-30T17:51:30.063+0000] {logging_mixin.py:120} INFO - [2023-04-30T17:51:30.062+0000] {dag.py:3340} INFO - Setting next_dagrun for example_branch_operator to 2023-04-29T00:00:00+00:00, run_after=2023-04-30T00:00:00+00:00
[2023-04-30T17:51:30.089+0000] {processor.py:176} INFO - Processing /home/airflow/.local/lib/python3.7/site-packages/airflow/example_dags/example_branch_operator.py took 0.125 seconds
[2023-04-30T17:52:00.848+0000] {processor.py:154} INFO - Started process (PID=432) to work on /home/airflow/.local/lib/python3.7/site-packages/airflow/example_dags/example_branch_operator.py
[2023-04-30T17:52:00.849+0000] {processor.py:756} INFO - Processing file /home/airflow/.local/lib/python3.7/site-packages/airflow/example_dags/example_branch_operator.py for tasks to queue
[2023-04-30T17:52:00.849+0000] {logging_mixin.py:120} INFO - [2023-04-30T17:52:00.849+0000] {dagbag.py:537} INFO - Filling up the DagBag from /home/airflow/.local/lib/python3.7/site-packages/airflow/example_dags/example_branch_operator.py
[2023-04-30T17:52:00.864+0000] {processor.py:766} INFO - DAG(s) dict_keys(['example_branch_operator']) retrieved from /home/airflow/.local/lib/python3.7/site-packages/airflow/example_dags/example_branch_operator.py
[2023-04-30T17:52:00.903+0000] {logging_mixin.py:120} INFO - [2023-04-30T17:52:00.903+0000] {dag.py:2585} INFO - Sync 1 DAGs
[2023-04-30T17:52:00.932+0000] {logging_mixin.py:120} INFO - [2023-04-30T17:52:00.931+0000] {dag.py:3340} INFO - Setting next_dagrun for example_branch_operator to 2023-04-29T00:00:00+00:00, run_after=2023-04-30T00:00:00+00:00
[2023-04-30T17:52:00.959+0000] {processor.py:176} INFO - Processing /home/airflow/.local/lib/python3.7/site-packages/airflow/example_dags/example_branch_operator.py took 0.113 seconds
[2023-04-30T17:52:31.640+0000] {processor.py:154} INFO - Started process (PID=495) to work on /home/airflow/.local/lib/python3.7/site-packages/airflow/example_dags/example_branch_operator.py
[2023-04-30T17:52:31.641+0000] {processor.py:756} INFO - Processing file /home/airflow/.local/lib/python3.7/site-packages/airflow/example_dags/example_branch_operator.py for tasks to queue
[2023-04-30T17:52:31.642+0000] {logging_mixin.py:120} INFO - [2023-04-30T17:52:31.642+0000] {dagbag.py:537} INFO - Filling up the DagBag from /home/airflow/.local/lib/python3.7/site-packages/airflow/example_dags/example_branch_operator.py
[2023-04-30T17:52:31.657+0000] {processor.py:766} INFO - DAG(s) dict_keys(['example_branch_operator']) retrieved from /home/airflow/.local/lib/python3.7/site-packages/airflow/example_dags/example_branch_operator.py
[2023-04-30T17:52:31.698+0000] {logging_mixin.py:120} INFO - [2023-04-30T17:52:31.697+0000] {dag.py:2585} INFO - Sync 1 DAGs
[2023-04-30T17:52:31.727+0000] {logging_mixin.py:120} INFO - [2023-04-30T17:52:31.727+0000] {dag.py:3340} INFO - Setting next_dagrun for example_branch_operator to 2023-04-29T00:00:00+00:00, run_after=2023-04-30T00:00:00+00:00
[2023-04-30T17:52:31.751+0000] {processor.py:176} INFO - Processing /home/airflow/.local/lib/python3.7/site-packages/airflow/example_dags/example_branch_operator.py took 0.114 seconds
[2023-04-30T17:53:02.234+0000] {processor.py:154} INFO - Started process (PID=558) to work on /home/airflow/.local/lib/python3.7/site-packages/airflow/example_dags/example_branch_operator.py
[2023-04-30T17:53:02.234+0000] {processor.py:756} INFO - Processing file /home/airflow/.local/lib/python3.7/site-packages/airflow/example_dags/example_branch_operator.py for tasks to queue
[2023-04-30T17:53:02.235+0000] {logging_mixin.py:120} INFO - [2023-04-30T17:53:02.235+0000] {dagbag.py:537} INFO - Filling up the DagBag from /home/airflow/.local/lib/python3.7/site-packages/airflow/example_dags/example_branch_operator.py
[2023-04-30T17:53:02.249+0000] {processor.py:766} INFO - DAG(s) dict_keys(['example_branch_operator']) retrieved from /home/airflow/.local/lib/python3.7/site-packages/airflow/example_dags/example_branch_operator.py
[2023-04-30T17:53:02.288+0000] {logging_mixin.py:120} INFO - [2023-04-30T17:53:02.288+0000] {dag.py:2585} INFO - Sync 1 DAGs
[2023-04-30T17:53:02.315+0000] {logging_mixin.py:120} INFO - [2023-04-30T17:53:02.315+0000] {dag.py:3340} INFO - Setting next_dagrun for example_branch_operator to 2023-04-29T00:00:00+00:00, run_after=2023-04-30T00:00:00+00:00
[2023-04-30T17:53:02.338+0000] {processor.py:176} INFO - Processing /home/airflow/.local/lib/python3.7/site-packages/airflow/example_dags/example_branch_operator.py took 0.106 seconds
[2023-04-30T17:53:32.733+0000] {processor.py:154} INFO - Started process (PID=612) to work on /home/airflow/.local/lib/python3.7/site-packages/airflow/example_dags/example_branch_operator.py
[2023-04-30T17:53:32.734+0000] {processor.py:756} INFO - Processing file /home/airflow/.local/lib/python3.7/site-packages/airflow/example_dags/example_branch_operator.py for tasks to queue
[2023-04-30T17:53:32.735+0000] {logging_mixin.py:120} INFO - [2023-04-30T17:53:32.735+0000] {dagbag.py:537} INFO - Filling up the DagBag from /home/airflow/.local/lib/python3.7/site-packages/airflow/example_dags/example_branch_operator.py
[2023-04-30T17:53:32.750+0000] {processor.py:766} INFO - DAG(s) dict_keys(['example_branch_operator']) retrieved from /home/airflow/.local/lib/python3.7/site-packages/airflow/example_dags/example_branch_operator.py
[2023-04-30T17:53:32.791+0000] {logging_mixin.py:120} INFO - [2023-04-30T17:53:32.790+0000] {dag.py:2585} INFO - Sync 1 DAGs
[2023-04-30T17:53:32.820+0000] {logging_mixin.py:120} INFO - [2023-04-30T17:53:32.820+0000] {dag.py:3340} INFO - Setting next_dagrun for example_branch_operator to 2023-04-29T00:00:00+00:00, run_after=2023-04-30T00:00:00+00:00
[2023-04-30T17:53:32.848+0000] {processor.py:176} INFO - Processing /home/airflow/.local/lib/python3.7/site-packages/airflow/example_dags/example_branch_operator.py took 0.116 seconds
[2023-04-30T17:54:03.410+0000] {processor.py:154} INFO - Started process (PID=675) to work on /home/airflow/.local/lib/python3.7/site-packages/airflow/example_dags/example_branch_operator.py
[2023-04-30T17:54:03.411+0000] {processor.py:756} INFO - Processing file /home/airflow/.local/lib/python3.7/site-packages/airflow/example_dags/example_branch_operator.py for tasks to queue
[2023-04-30T17:54:03.411+0000] {logging_mixin.py:120} INFO - [2023-04-30T17:54:03.411+0000] {dagbag.py:537} INFO - Filling up the DagBag from /home/airflow/.local/lib/python3.7/site-packages/airflow/example_dags/example_branch_operator.py
[2023-04-30T17:54:03.426+0000] {processor.py:766} INFO - DAG(s) dict_keys(['example_branch_operator']) retrieved from /home/airflow/.local/lib/python3.7/site-packages/airflow/example_dags/example_branch_operator.py
[2023-04-30T17:54:03.467+0000] {logging_mixin.py:120} INFO - [2023-04-30T17:54:03.467+0000] {dag.py:2585} INFO - Sync 1 DAGs
[2023-04-30T17:54:03.496+0000] {logging_mixin.py:120} INFO - [2023-04-30T17:54:03.496+0000] {dag.py:3340} INFO - Setting next_dagrun for example_branch_operator to 2023-04-29T00:00:00+00:00, run_after=2023-04-30T00:00:00+00:00
[2023-04-30T17:54:03.522+0000] {processor.py:176} INFO - Processing /home/airflow/.local/lib/python3.7/site-packages/airflow/example_dags/example_branch_operator.py took 0.113 seconds
[2023-04-30T17:54:34.110+0000] {processor.py:154} INFO - Started process (PID=738) to work on /home/airflow/.local/lib/python3.7/site-packages/airflow/example_dags/example_branch_operator.py
[2023-04-30T17:54:34.111+0000] {processor.py:756} INFO - Processing file /home/airflow/.local/lib/python3.7/site-packages/airflow/example_dags/example_branch_operator.py for tasks to queue
[2023-04-30T17:54:34.111+0000] {logging_mixin.py:120} INFO - [2023-04-30T17:54:34.111+0000] {dagbag.py:537} INFO - Filling up the DagBag from /home/airflow/.local/lib/python3.7/site-packages/airflow/example_dags/example_branch_operator.py
[2023-04-30T17:54:34.125+0000] {processor.py:766} INFO - DAG(s) dict_keys(['example_branch_operator']) retrieved from /home/airflow/.local/lib/python3.7/site-packages/airflow/example_dags/example_branch_operator.py
[2023-04-30T17:54:34.162+0000] {logging_mixin.py:120} INFO - [2023-04-30T17:54:34.162+0000] {dag.py:2585} INFO - Sync 1 DAGs
[2023-04-30T17:54:34.188+0000] {logging_mixin.py:120} INFO - [2023-04-30T17:54:34.187+0000] {dag.py:3340} INFO - Setting next_dagrun for example_branch_operator to 2023-04-29T00:00:00+00:00, run_after=2023-04-30T00:00:00+00:00
[2023-04-30T17:54:34.210+0000] {processor.py:176} INFO - Processing /home/airflow/.local/lib/python3.7/site-packages/airflow/example_dags/example_branch_operator.py took 0.103 seconds
[2023-04-30T17:55:04.737+0000] {processor.py:154} INFO - Started process (PID=792) to work on /home/airflow/.local/lib/python3.7/site-packages/airflow/example_dags/example_branch_operator.py
[2023-04-30T17:55:04.738+0000] {processor.py:756} INFO - Processing file /home/airflow/.local/lib/python3.7/site-packages/airflow/example_dags/example_branch_operator.py for tasks to queue
[2023-04-30T17:55:04.738+0000] {logging_mixin.py:120} INFO - [2023-04-30T17:55:04.738+0000] {dagbag.py:537} INFO - Filling up the DagBag from /home/airflow/.local/lib/python3.7/site-packages/airflow/example_dags/example_branch_operator.py
[2023-04-30T17:55:04.755+0000] {processor.py:766} INFO - DAG(s) dict_keys(['example_branch_operator']) retrieved from /home/airflow/.local/lib/python3.7/site-packages/airflow/example_dags/example_branch_operator.py
[2023-04-30T17:55:04.806+0000] {logging_mixin.py:120} INFO - [2023-04-30T17:55:04.805+0000] {dag.py:2585} INFO - Sync 1 DAGs
[2023-04-30T17:55:04.838+0000] {logging_mixin.py:120} INFO - [2023-04-30T17:55:04.838+0000] {dag.py:3340} INFO - Setting next_dagrun for example_branch_operator to 2023-04-29T00:00:00+00:00, run_after=2023-04-30T00:00:00+00:00
[2023-04-30T17:55:04.866+0000] {processor.py:176} INFO - Processing /home/airflow/.local/lib/python3.7/site-packages/airflow/example_dags/example_branch_operator.py took 0.131 seconds
[2023-04-30T17:55:35.460+0000] {processor.py:154} INFO - Started process (PID=856) to work on /home/airflow/.local/lib/python3.7/site-packages/airflow/example_dags/example_branch_operator.py
[2023-04-30T17:55:35.461+0000] {processor.py:756} INFO - Processing file /home/airflow/.local/lib/python3.7/site-packages/airflow/example_dags/example_branch_operator.py for tasks to queue
[2023-04-30T17:55:35.461+0000] {logging_mixin.py:120} INFO - [2023-04-30T17:55:35.461+0000] {dagbag.py:537} INFO - Filling up the DagBag from /home/airflow/.local/lib/python3.7/site-packages/airflow/example_dags/example_branch_operator.py
[2023-04-30T17:55:35.475+0000] {processor.py:766} INFO - DAG(s) dict_keys(['example_branch_operator']) retrieved from /home/airflow/.local/lib/python3.7/site-packages/airflow/example_dags/example_branch_operator.py
[2023-04-30T17:55:35.510+0000] {logging_mixin.py:120} INFO - [2023-04-30T17:55:35.510+0000] {dag.py:2585} INFO - Sync 1 DAGs
[2023-04-30T17:55:35.537+0000] {logging_mixin.py:120} INFO - [2023-04-30T17:55:35.537+0000] {dag.py:3340} INFO - Setting next_dagrun for example_branch_operator to 2023-04-29T00:00:00+00:00, run_after=2023-04-30T00:00:00+00:00
[2023-04-30T17:55:35.560+0000] {processor.py:176} INFO - Processing /home/airflow/.local/lib/python3.7/site-packages/airflow/example_dags/example_branch_operator.py took 0.102 seconds
[2023-04-30T17:56:06.079+0000] {processor.py:154} INFO - Started process (PID=919) to work on /home/airflow/.local/lib/python3.7/site-packages/airflow/example_dags/example_branch_operator.py
[2023-04-30T17:56:06.080+0000] {processor.py:756} INFO - Processing file /home/airflow/.local/lib/python3.7/site-packages/airflow/example_dags/example_branch_operator.py for tasks to queue
[2023-04-30T17:56:06.080+0000] {logging_mixin.py:120} INFO - [2023-04-30T17:56:06.080+0000] {dagbag.py:537} INFO - Filling up the DagBag from /home/airflow/.local/lib/python3.7/site-packages/airflow/example_dags/example_branch_operator.py
[2023-04-30T17:56:06.096+0000] {processor.py:766} INFO - DAG(s) dict_keys(['example_branch_operator']) retrieved from /home/airflow/.local/lib/python3.7/site-packages/airflow/example_dags/example_branch_operator.py
[2023-04-30T17:56:06.133+0000] {logging_mixin.py:120} INFO - [2023-04-30T17:56:06.133+0000] {dag.py:2585} INFO - Sync 1 DAGs
[2023-04-30T17:56:06.164+0000] {logging_mixin.py:120} INFO - [2023-04-30T17:56:06.164+0000] {dag.py:3340} INFO - Setting next_dagrun for example_branch_operator to 2023-04-29T00:00:00+00:00, run_after=2023-04-30T00:00:00+00:00
[2023-04-30T17:56:06.186+0000] {processor.py:176} INFO - Processing /home/airflow/.local/lib/python3.7/site-packages/airflow/example_dags/example_branch_operator.py took 0.109 seconds
[2023-04-30T17:56:36.646+0000] {processor.py:154} INFO - Started process (PID=974) to work on /home/airflow/.local/lib/python3.7/site-packages/airflow/example_dags/example_branch_operator.py
[2023-04-30T17:56:36.647+0000] {processor.py:756} INFO - Processing file /home/airflow/.local/lib/python3.7/site-packages/airflow/example_dags/example_branch_operator.py for tasks to queue
[2023-04-30T17:56:36.647+0000] {logging_mixin.py:120} INFO - [2023-04-30T17:56:36.647+0000] {dagbag.py:537} INFO - Filling up the DagBag from /home/airflow/.local/lib/python3.7/site-packages/airflow/example_dags/example_branch_operator.py
[2023-04-30T17:56:36.661+0000] {processor.py:766} INFO - DAG(s) dict_keys(['example_branch_operator']) retrieved from /home/airflow/.local/lib/python3.7/site-packages/airflow/example_dags/example_branch_operator.py
[2023-04-30T17:56:36.703+0000] {logging_mixin.py:120} INFO - [2023-04-30T17:56:36.703+0000] {dag.py:2585} INFO - Sync 1 DAGs
[2023-04-30T17:56:36.731+0000] {logging_mixin.py:120} INFO - [2023-04-30T17:56:36.731+0000] {dag.py:3340} INFO - Setting next_dagrun for example_branch_operator to 2023-04-29T00:00:00+00:00, run_after=2023-04-30T00:00:00+00:00
[2023-04-30T17:56:36.756+0000] {processor.py:176} INFO - Processing /home/airflow/.local/lib/python3.7/site-packages/airflow/example_dags/example_branch_operator.py took 0.111 seconds
[2023-04-30T17:57:07.225+0000] {processor.py:154} INFO - Started process (PID=1038) to work on /home/airflow/.local/lib/python3.7/site-packages/airflow/example_dags/example_branch_operator.py
[2023-04-30T17:57:07.226+0000] {processor.py:756} INFO - Processing file /home/airflow/.local/lib/python3.7/site-packages/airflow/example_dags/example_branch_operator.py for tasks to queue
[2023-04-30T17:57:07.226+0000] {logging_mixin.py:120} INFO - [2023-04-30T17:57:07.226+0000] {dagbag.py:537} INFO - Filling up the DagBag from /home/airflow/.local/lib/python3.7/site-packages/airflow/example_dags/example_branch_operator.py
[2023-04-30T17:57:07.240+0000] {processor.py:766} INFO - DAG(s) dict_keys(['example_branch_operator']) retrieved from /home/airflow/.local/lib/python3.7/site-packages/airflow/example_dags/example_branch_operator.py
[2023-04-30T17:57:07.278+0000] {logging_mixin.py:120} INFO - [2023-04-30T17:57:07.278+0000] {dag.py:2585} INFO - Sync 1 DAGs
[2023-04-30T17:57:07.304+0000] {logging_mixin.py:120} INFO - [2023-04-30T17:57:07.304+0000] {dag.py:3340} INFO - Setting next_dagrun for example_branch_operator to 2023-04-29T00:00:00+00:00, run_after=2023-04-30T00:00:00+00:00
[2023-04-30T17:57:07.329+0000] {processor.py:176} INFO - Processing /home/airflow/.local/lib/python3.7/site-packages/airflow/example_dags/example_branch_operator.py took 0.107 seconds
[2023-04-30T17:57:37.930+0000] {processor.py:154} INFO - Started process (PID=1101) to work on /home/airflow/.local/lib/python3.7/site-packages/airflow/example_dags/example_branch_operator.py
[2023-04-30T17:57:37.931+0000] {processor.py:756} INFO - Processing file /home/airflow/.local/lib/python3.7/site-packages/airflow/example_dags/example_branch_operator.py for tasks to queue
[2023-04-30T17:57:37.931+0000] {logging_mixin.py:120} INFO - [2023-04-30T17:57:37.931+0000] {dagbag.py:537} INFO - Filling up the DagBag from /home/airflow/.local/lib/python3.7/site-packages/airflow/example_dags/example_branch_operator.py
[2023-04-30T17:57:37.947+0000] {processor.py:766} INFO - DAG(s) dict_keys(['example_branch_operator']) retrieved from /home/airflow/.local/lib/python3.7/site-packages/airflow/example_dags/example_branch_operator.py
[2023-04-30T17:57:37.988+0000] {logging_mixin.py:120} INFO - [2023-04-30T17:57:37.987+0000] {dag.py:2585} INFO - Sync 1 DAGs
[2023-04-30T17:57:38.017+0000] {logging_mixin.py:120} INFO - [2023-04-30T17:57:38.017+0000] {dag.py:3340} INFO - Setting next_dagrun for example_branch_operator to 2023-04-29T00:00:00+00:00, run_after=2023-04-30T00:00:00+00:00
[2023-04-30T17:57:38.046+0000] {processor.py:176} INFO - Processing /home/airflow/.local/lib/python3.7/site-packages/airflow/example_dags/example_branch_operator.py took 0.118 seconds
[2023-04-30T17:58:08.578+0000] {processor.py:154} INFO - Started process (PID=1171) to work on /home/airflow/.local/lib/python3.7/site-packages/airflow/example_dags/example_branch_operator.py
[2023-04-30T17:58:08.579+0000] {processor.py:756} INFO - Processing file /home/airflow/.local/lib/python3.7/site-packages/airflow/example_dags/example_branch_operator.py for tasks to queue
[2023-04-30T17:58:08.580+0000] {logging_mixin.py:120} INFO - [2023-04-30T17:58:08.579+0000] {dagbag.py:537} INFO - Filling up the DagBag from /home/airflow/.local/lib/python3.7/site-packages/airflow/example_dags/example_branch_operator.py
[2023-04-30T17:58:08.595+0000] {processor.py:766} INFO - DAG(s) dict_keys(['example_branch_operator']) retrieved from /home/airflow/.local/lib/python3.7/site-packages/airflow/example_dags/example_branch_operator.py
[2023-04-30T17:58:08.634+0000] {logging_mixin.py:120} INFO - [2023-04-30T17:58:08.634+0000] {dag.py:2585} INFO - Sync 1 DAGs
[2023-04-30T17:58:08.664+0000] {logging_mixin.py:120} INFO - [2023-04-30T17:58:08.663+0000] {dag.py:3340} INFO - Setting next_dagrun for example_branch_operator to 2023-04-29T00:00:00+00:00, run_after=2023-04-30T00:00:00+00:00
[2023-04-30T17:58:08.689+0000] {processor.py:176} INFO - Processing /home/airflow/.local/lib/python3.7/site-packages/airflow/example_dags/example_branch_operator.py took 0.113 seconds
[2023-04-30T17:58:39.200+0000] {processor.py:154} INFO - Started process (PID=1225) to work on /home/airflow/.local/lib/python3.7/site-packages/airflow/example_dags/example_branch_operator.py
[2023-04-30T17:58:39.202+0000] {processor.py:756} INFO - Processing file /home/airflow/.local/lib/python3.7/site-packages/airflow/example_dags/example_branch_operator.py for tasks to queue
[2023-04-30T17:58:39.202+0000] {logging_mixin.py:120} INFO - [2023-04-30T17:58:39.202+0000] {dagbag.py:537} INFO - Filling up the DagBag from /home/airflow/.local/lib/python3.7/site-packages/airflow/example_dags/example_branch_operator.py
[2023-04-30T17:58:39.216+0000] {processor.py:766} INFO - DAG(s) dict_keys(['example_branch_operator']) retrieved from /home/airflow/.local/lib/python3.7/site-packages/airflow/example_dags/example_branch_operator.py
[2023-04-30T17:58:39.255+0000] {logging_mixin.py:120} INFO - [2023-04-30T17:58:39.255+0000] {dag.py:2585} INFO - Sync 1 DAGs
[2023-04-30T17:58:39.284+0000] {logging_mixin.py:120} INFO - [2023-04-30T17:58:39.283+0000] {dag.py:3340} INFO - Setting next_dagrun for example_branch_operator to 2023-04-29T00:00:00+00:00, run_after=2023-04-30T00:00:00+00:00
[2023-04-30T17:58:39.312+0000] {processor.py:176} INFO - Processing /home/airflow/.local/lib/python3.7/site-packages/airflow/example_dags/example_branch_operator.py took 0.114 seconds
[2023-04-30T17:59:10.104+0000] {processor.py:154} INFO - Started process (PID=1288) to work on /home/airflow/.local/lib/python3.7/site-packages/airflow/example_dags/example_branch_operator.py
[2023-04-30T17:59:10.106+0000] {processor.py:756} INFO - Processing file /home/airflow/.local/lib/python3.7/site-packages/airflow/example_dags/example_branch_operator.py for tasks to queue
[2023-04-30T17:59:10.107+0000] {logging_mixin.py:120} INFO - [2023-04-30T17:59:10.107+0000] {dagbag.py:537} INFO - Filling up the DagBag from /home/airflow/.local/lib/python3.7/site-packages/airflow/example_dags/example_branch_operator.py
[2023-04-30T17:59:10.128+0000] {processor.py:766} INFO - DAG(s) dict_keys(['example_branch_operator']) retrieved from /home/airflow/.local/lib/python3.7/site-packages/airflow/example_dags/example_branch_operator.py
[2023-04-30T17:59:10.182+0000] {logging_mixin.py:120} INFO - [2023-04-30T17:59:10.181+0000] {dag.py:2585} INFO - Sync 1 DAGs
[2023-04-30T17:59:10.222+0000] {logging_mixin.py:120} INFO - [2023-04-30T17:59:10.222+0000] {dag.py:3340} INFO - Setting next_dagrun for example_branch_operator to 2023-04-29T00:00:00+00:00, run_after=2023-04-30T00:00:00+00:00
[2023-04-30T17:59:10.250+0000] {processor.py:176} INFO - Processing /home/airflow/.local/lib/python3.7/site-packages/airflow/example_dags/example_branch_operator.py took 0.148 seconds
[2023-04-30T17:59:40.817+0000] {processor.py:154} INFO - Started process (PID=1351) to work on /home/airflow/.local/lib/python3.7/site-packages/airflow/example_dags/example_branch_operator.py
[2023-04-30T17:59:40.818+0000] {processor.py:756} INFO - Processing file /home/airflow/.local/lib/python3.7/site-packages/airflow/example_dags/example_branch_operator.py for tasks to queue
[2023-04-30T17:59:40.819+0000] {logging_mixin.py:120} INFO - [2023-04-30T17:59:40.819+0000] {dagbag.py:537} INFO - Filling up the DagBag from /home/airflow/.local/lib/python3.7/site-packages/airflow/example_dags/example_branch_operator.py
[2023-04-30T17:59:40.835+0000] {processor.py:766} INFO - DAG(s) dict_keys(['example_branch_operator']) retrieved from /home/airflow/.local/lib/python3.7/site-packages/airflow/example_dags/example_branch_operator.py
[2023-04-30T17:59:40.873+0000] {logging_mixin.py:120} INFO - [2023-04-30T17:59:40.873+0000] {dag.py:2585} INFO - Sync 1 DAGs
[2023-04-30T17:59:40.900+0000] {logging_mixin.py:120} INFO - [2023-04-30T17:59:40.900+0000] {dag.py:3340} INFO - Setting next_dagrun for example_branch_operator to 2023-04-29T00:00:00+00:00, run_after=2023-04-30T00:00:00+00:00
[2023-04-30T17:59:40.923+0000] {processor.py:176} INFO - Processing /home/airflow/.local/lib/python3.7/site-packages/airflow/example_dags/example_branch_operator.py took 0.108 seconds
[2023-04-30T18:00:11.422+0000] {processor.py:154} INFO - Started process (PID=1406) to work on /home/airflow/.local/lib/python3.7/site-packages/airflow/example_dags/example_branch_operator.py
[2023-04-30T18:00:11.423+0000] {processor.py:756} INFO - Processing file /home/airflow/.local/lib/python3.7/site-packages/airflow/example_dags/example_branch_operator.py for tasks to queue
[2023-04-30T18:00:11.424+0000] {logging_mixin.py:120} INFO - [2023-04-30T18:00:11.424+0000] {dagbag.py:537} INFO - Filling up the DagBag from /home/airflow/.local/lib/python3.7/site-packages/airflow/example_dags/example_branch_operator.py
[2023-04-30T18:00:11.437+0000] {processor.py:766} INFO - DAG(s) dict_keys(['example_branch_operator']) retrieved from /home/airflow/.local/lib/python3.7/site-packages/airflow/example_dags/example_branch_operator.py
[2023-04-30T18:00:11.475+0000] {logging_mixin.py:120} INFO - [2023-04-30T18:00:11.475+0000] {dag.py:2585} INFO - Sync 1 DAGs
[2023-04-30T18:00:11.504+0000] {logging_mixin.py:120} INFO - [2023-04-30T18:00:11.503+0000] {dag.py:3340} INFO - Setting next_dagrun for example_branch_operator to 2023-04-29T00:00:00+00:00, run_after=2023-04-30T00:00:00+00:00
[2023-04-30T18:00:11.528+0000] {processor.py:176} INFO - Processing /home/airflow/.local/lib/python3.7/site-packages/airflow/example_dags/example_branch_operator.py took 0.108 seconds
[2023-04-30T18:00:42.066+0000] {processor.py:154} INFO - Started process (PID=1470) to work on /home/airflow/.local/lib/python3.7/site-packages/airflow/example_dags/example_branch_operator.py
[2023-04-30T18:00:42.067+0000] {processor.py:756} INFO - Processing file /home/airflow/.local/lib/python3.7/site-packages/airflow/example_dags/example_branch_operator.py for tasks to queue
[2023-04-30T18:00:42.068+0000] {logging_mixin.py:120} INFO - [2023-04-30T18:00:42.068+0000] {dagbag.py:537} INFO - Filling up the DagBag from /home/airflow/.local/lib/python3.7/site-packages/airflow/example_dags/example_branch_operator.py
[2023-04-30T18:00:42.087+0000] {processor.py:766} INFO - DAG(s) dict_keys(['example_branch_operator']) retrieved from /home/airflow/.local/lib/python3.7/site-packages/airflow/example_dags/example_branch_operator.py
[2023-04-30T18:00:42.141+0000] {logging_mixin.py:120} INFO - [2023-04-30T18:00:42.141+0000] {dag.py:2585} INFO - Sync 1 DAGs
[2023-04-30T18:00:42.171+0000] {logging_mixin.py:120} INFO - [2023-04-30T18:00:42.170+0000] {dag.py:3340} INFO - Setting next_dagrun for example_branch_operator to 2023-04-29T00:00:00+00:00, run_after=2023-04-30T00:00:00+00:00
[2023-04-30T18:00:42.204+0000] {processor.py:176} INFO - Processing /home/airflow/.local/lib/python3.7/site-packages/airflow/example_dags/example_branch_operator.py took 0.140 seconds
[2023-04-30T18:01:13.007+0000] {processor.py:154} INFO - Started process (PID=1533) to work on /home/airflow/.local/lib/python3.7/site-packages/airflow/example_dags/example_branch_operator.py
[2023-04-30T18:01:13.008+0000] {processor.py:756} INFO - Processing file /home/airflow/.local/lib/python3.7/site-packages/airflow/example_dags/example_branch_operator.py for tasks to queue
[2023-04-30T18:01:13.009+0000] {logging_mixin.py:120} INFO - [2023-04-30T18:01:13.009+0000] {dagbag.py:537} INFO - Filling up the DagBag from /home/airflow/.local/lib/python3.7/site-packages/airflow/example_dags/example_branch_operator.py
[2023-04-30T18:01:13.023+0000] {processor.py:766} INFO - DAG(s) dict_keys(['example_branch_operator']) retrieved from /home/airflow/.local/lib/python3.7/site-packages/airflow/example_dags/example_branch_operator.py
[2023-04-30T18:01:13.062+0000] {logging_mixin.py:120} INFO - [2023-04-30T18:01:13.062+0000] {dag.py:2585} INFO - Sync 1 DAGs
[2023-04-30T18:01:13.089+0000] {logging_mixin.py:120} INFO - [2023-04-30T18:01:13.089+0000] {dag.py:3340} INFO - Setting next_dagrun for example_branch_operator to 2023-04-29T00:00:00+00:00, run_after=2023-04-30T00:00:00+00:00
[2023-04-30T18:01:13.113+0000] {processor.py:176} INFO - Processing /home/airflow/.local/lib/python3.7/site-packages/airflow/example_dags/example_branch_operator.py took 0.108 seconds
[2023-04-30T18:01:43.569+0000] {processor.py:154} INFO - Started process (PID=1587) to work on /home/airflow/.local/lib/python3.7/site-packages/airflow/example_dags/example_branch_operator.py
[2023-04-30T18:01:43.570+0000] {processor.py:756} INFO - Processing file /home/airflow/.local/lib/python3.7/site-packages/airflow/example_dags/example_branch_operator.py for tasks to queue
[2023-04-30T18:01:43.571+0000] {logging_mixin.py:120} INFO - [2023-04-30T18:01:43.571+0000] {dagbag.py:537} INFO - Filling up the DagBag from /home/airflow/.local/lib/python3.7/site-packages/airflow/example_dags/example_branch_operator.py
[2023-04-30T18:01:43.585+0000] {processor.py:766} INFO - DAG(s) dict_keys(['example_branch_operator']) retrieved from /home/airflow/.local/lib/python3.7/site-packages/airflow/example_dags/example_branch_operator.py
[2023-04-30T18:01:43.621+0000] {logging_mixin.py:120} INFO - [2023-04-30T18:01:43.621+0000] {dag.py:2585} INFO - Sync 1 DAGs
[2023-04-30T18:01:43.649+0000] {logging_mixin.py:120} INFO - [2023-04-30T18:01:43.649+0000] {dag.py:3340} INFO - Setting next_dagrun for example_branch_operator to 2023-04-29T00:00:00+00:00, run_after=2023-04-30T00:00:00+00:00
[2023-04-30T18:01:43.671+0000] {processor.py:176} INFO - Processing /home/airflow/.local/lib/python3.7/site-packages/airflow/example_dags/example_branch_operator.py took 0.104 seconds
[2023-04-30T18:02:13.962+0000] {processor.py:154} INFO - Started process (PID=1650) to work on /home/airflow/.local/lib/python3.7/site-packages/airflow/example_dags/example_branch_operator.py
[2023-04-30T18:02:13.963+0000] {processor.py:756} INFO - Processing file /home/airflow/.local/lib/python3.7/site-packages/airflow/example_dags/example_branch_operator.py for tasks to queue
[2023-04-30T18:02:13.964+0000] {logging_mixin.py:120} INFO - [2023-04-30T18:02:13.964+0000] {dagbag.py:537} INFO - Filling up the DagBag from /home/airflow/.local/lib/python3.7/site-packages/airflow/example_dags/example_branch_operator.py
[2023-04-30T18:02:13.977+0000] {processor.py:766} INFO - DAG(s) dict_keys(['example_branch_operator']) retrieved from /home/airflow/.local/lib/python3.7/site-packages/airflow/example_dags/example_branch_operator.py
[2023-04-30T18:02:14.012+0000] {logging_mixin.py:120} INFO - [2023-04-30T18:02:14.012+0000] {dag.py:2585} INFO - Sync 1 DAGs
[2023-04-30T18:02:14.041+0000] {logging_mixin.py:120} INFO - [2023-04-30T18:02:14.041+0000] {dag.py:3340} INFO - Setting next_dagrun for example_branch_operator to 2023-04-29T00:00:00+00:00, run_after=2023-04-30T00:00:00+00:00
[2023-04-30T18:02:14.064+0000] {processor.py:176} INFO - Processing /home/airflow/.local/lib/python3.7/site-packages/airflow/example_dags/example_branch_operator.py took 0.103 seconds
[2023-04-30T18:02:44.442+0000] {processor.py:154} INFO - Started process (PID=1713) to work on /home/airflow/.local/lib/python3.7/site-packages/airflow/example_dags/example_branch_operator.py
[2023-04-30T18:02:44.443+0000] {processor.py:756} INFO - Processing file /home/airflow/.local/lib/python3.7/site-packages/airflow/example_dags/example_branch_operator.py for tasks to queue
[2023-04-30T18:02:44.444+0000] {logging_mixin.py:120} INFO - [2023-04-30T18:02:44.444+0000] {dagbag.py:537} INFO - Filling up the DagBag from /home/airflow/.local/lib/python3.7/site-packages/airflow/example_dags/example_branch_operator.py
[2023-04-30T18:02:44.457+0000] {processor.py:766} INFO - DAG(s) dict_keys(['example_branch_operator']) retrieved from /home/airflow/.local/lib/python3.7/site-packages/airflow/example_dags/example_branch_operator.py
[2023-04-30T18:02:44.494+0000] {logging_mixin.py:120} INFO - [2023-04-30T18:02:44.494+0000] {dag.py:2585} INFO - Sync 1 DAGs
[2023-04-30T18:02:44.521+0000] {logging_mixin.py:120} INFO - [2023-04-30T18:02:44.521+0000] {dag.py:3340} INFO - Setting next_dagrun for example_branch_operator to 2023-04-29T00:00:00+00:00, run_after=2023-04-30T00:00:00+00:00
[2023-04-30T18:02:44.545+0000] {processor.py:176} INFO - Processing /home/airflow/.local/lib/python3.7/site-packages/airflow/example_dags/example_branch_operator.py took 0.104 seconds
[2023-04-30T18:03:15.066+0000] {processor.py:154} INFO - Started process (PID=1776) to work on /home/airflow/.local/lib/python3.7/site-packages/airflow/example_dags/example_branch_operator.py
[2023-04-30T18:03:15.067+0000] {processor.py:756} INFO - Processing file /home/airflow/.local/lib/python3.7/site-packages/airflow/example_dags/example_branch_operator.py for tasks to queue
[2023-04-30T18:03:15.068+0000] {logging_mixin.py:120} INFO - [2023-04-30T18:03:15.068+0000] {dagbag.py:537} INFO - Filling up the DagBag from /home/airflow/.local/lib/python3.7/site-packages/airflow/example_dags/example_branch_operator.py
[2023-04-30T18:03:15.085+0000] {processor.py:766} INFO - DAG(s) dict_keys(['example_branch_operator']) retrieved from /home/airflow/.local/lib/python3.7/site-packages/airflow/example_dags/example_branch_operator.py
[2023-04-30T18:03:15.125+0000] {logging_mixin.py:120} INFO - [2023-04-30T18:03:15.125+0000] {dag.py:2585} INFO - Sync 1 DAGs
[2023-04-30T18:03:15.159+0000] {logging_mixin.py:120} INFO - [2023-04-30T18:03:15.159+0000] {dag.py:3340} INFO - Setting next_dagrun for example_branch_operator to 2023-04-29T00:00:00+00:00, run_after=2023-04-30T00:00:00+00:00
[2023-04-30T18:03:15.186+0000] {processor.py:176} INFO - Processing /home/airflow/.local/lib/python3.7/site-packages/airflow/example_dags/example_branch_operator.py took 0.122 seconds
[2023-04-30T18:03:45.590+0000] {processor.py:154} INFO - Started process (PID=1831) to work on /home/airflow/.local/lib/python3.7/site-packages/airflow/example_dags/example_branch_operator.py
[2023-04-30T18:03:45.592+0000] {processor.py:756} INFO - Processing file /home/airflow/.local/lib/python3.7/site-packages/airflow/example_dags/example_branch_operator.py for tasks to queue
[2023-04-30T18:03:45.592+0000] {logging_mixin.py:120} INFO - [2023-04-30T18:03:45.592+0000] {dagbag.py:537} INFO - Filling up the DagBag from /home/airflow/.local/lib/python3.7/site-packages/airflow/example_dags/example_branch_operator.py
[2023-04-30T18:03:45.606+0000] {processor.py:766} INFO - DAG(s) dict_keys(['example_branch_operator']) retrieved from /home/airflow/.local/lib/python3.7/site-packages/airflow/example_dags/example_branch_operator.py
[2023-04-30T18:03:45.645+0000] {logging_mixin.py:120} INFO - [2023-04-30T18:03:45.645+0000] {dag.py:2585} INFO - Sync 1 DAGs
[2023-04-30T18:03:45.674+0000] {logging_mixin.py:120} INFO - [2023-04-30T18:03:45.673+0000] {dag.py:3340} INFO - Setting next_dagrun for example_branch_operator to 2023-04-29T00:00:00+00:00, run_after=2023-04-30T00:00:00+00:00
[2023-04-30T18:03:45.697+0000] {processor.py:176} INFO - Processing /home/airflow/.local/lib/python3.7/site-packages/airflow/example_dags/example_branch_operator.py took 0.110 seconds
[2023-04-30T18:04:16.180+0000] {processor.py:154} INFO - Started process (PID=1894) to work on /home/airflow/.local/lib/python3.7/site-packages/airflow/example_dags/example_branch_operator.py
[2023-04-30T18:04:16.180+0000] {processor.py:756} INFO - Processing file /home/airflow/.local/lib/python3.7/site-packages/airflow/example_dags/example_branch_operator.py for tasks to queue
[2023-04-30T18:04:16.181+0000] {logging_mixin.py:120} INFO - [2023-04-30T18:04:16.181+0000] {dagbag.py:537} INFO - Filling up the DagBag from /home/airflow/.local/lib/python3.7/site-packages/airflow/example_dags/example_branch_operator.py
[2023-04-30T18:04:16.195+0000] {processor.py:766} INFO - DAG(s) dict_keys(['example_branch_operator']) retrieved from /home/airflow/.local/lib/python3.7/site-packages/airflow/example_dags/example_branch_operator.py
[2023-04-30T18:04:16.233+0000] {logging_mixin.py:120} INFO - [2023-04-30T18:04:16.232+0000] {dag.py:2585} INFO - Sync 1 DAGs
[2023-04-30T18:04:16.258+0000] {logging_mixin.py:120} INFO - [2023-04-30T18:04:16.257+0000] {dag.py:3340} INFO - Setting next_dagrun for example_branch_operator to 2023-04-29T00:00:00+00:00, run_after=2023-04-30T00:00:00+00:00
[2023-04-30T18:04:16.282+0000] {processor.py:176} INFO - Processing /home/airflow/.local/lib/python3.7/site-packages/airflow/example_dags/example_branch_operator.py took 0.104 seconds
[2023-04-30T18:04:46.749+0000] {processor.py:154} INFO - Started process (PID=1958) to work on /home/airflow/.local/lib/python3.7/site-packages/airflow/example_dags/example_branch_operator.py
[2023-04-30T18:04:46.750+0000] {processor.py:756} INFO - Processing file /home/airflow/.local/lib/python3.7/site-packages/airflow/example_dags/example_branch_operator.py for tasks to queue
[2023-04-30T18:04:46.751+0000] {logging_mixin.py:120} INFO - [2023-04-30T18:04:46.751+0000] {dagbag.py:537} INFO - Filling up the DagBag from /home/airflow/.local/lib/python3.7/site-packages/airflow/example_dags/example_branch_operator.py
[2023-04-30T18:04:46.769+0000] {processor.py:766} INFO - DAG(s) dict_keys(['example_branch_operator']) retrieved from /home/airflow/.local/lib/python3.7/site-packages/airflow/example_dags/example_branch_operator.py
[2023-04-30T18:04:46.814+0000] {logging_mixin.py:120} INFO - [2023-04-30T18:04:46.814+0000] {dag.py:2585} INFO - Sync 1 DAGs
[2023-04-30T18:04:46.850+0000] {logging_mixin.py:120} INFO - [2023-04-30T18:04:46.850+0000] {dag.py:3340} INFO - Setting next_dagrun for example_branch_operator to 2023-04-29T00:00:00+00:00, run_after=2023-04-30T00:00:00+00:00
[2023-04-30T18:04:46.872+0000] {processor.py:176} INFO - Processing /home/airflow/.local/lib/python3.7/site-packages/airflow/example_dags/example_branch_operator.py took 0.125 seconds
[2023-04-30T18:05:17.367+0000] {processor.py:154} INFO - Started process (PID=2012) to work on /home/airflow/.local/lib/python3.7/site-packages/airflow/example_dags/example_branch_operator.py
[2023-04-30T18:05:17.367+0000] {processor.py:756} INFO - Processing file /home/airflow/.local/lib/python3.7/site-packages/airflow/example_dags/example_branch_operator.py for tasks to queue
[2023-04-30T18:05:17.368+0000] {logging_mixin.py:120} INFO - [2023-04-30T18:05:17.368+0000] {dagbag.py:537} INFO - Filling up the DagBag from /home/airflow/.local/lib/python3.7/site-packages/airflow/example_dags/example_branch_operator.py
[2023-04-30T18:05:17.386+0000] {processor.py:766} INFO - DAG(s) dict_keys(['example_branch_operator']) retrieved from /home/airflow/.local/lib/python3.7/site-packages/airflow/example_dags/example_branch_operator.py
[2023-04-30T18:05:17.428+0000] {logging_mixin.py:120} INFO - [2023-04-30T18:05:17.428+0000] {dag.py:2585} INFO - Sync 1 DAGs
[2023-04-30T18:05:17.454+0000] {logging_mixin.py:120} INFO - [2023-04-30T18:05:17.454+0000] {dag.py:3340} INFO - Setting next_dagrun for example_branch_operator to 2023-04-29T00:00:00+00:00, run_after=2023-04-30T00:00:00+00:00
[2023-04-30T18:05:17.480+0000] {processor.py:176} INFO - Processing /home/airflow/.local/lib/python3.7/site-packages/airflow/example_dags/example_branch_operator.py took 0.117 seconds
[2023-04-30T18:05:47.960+0000] {processor.py:154} INFO - Started process (PID=2076) to work on /home/airflow/.local/lib/python3.7/site-packages/airflow/example_dags/example_branch_operator.py
[2023-04-30T18:05:47.961+0000] {processor.py:756} INFO - Processing file /home/airflow/.local/lib/python3.7/site-packages/airflow/example_dags/example_branch_operator.py for tasks to queue
[2023-04-30T18:05:47.962+0000] {logging_mixin.py:120} INFO - [2023-04-30T18:05:47.962+0000] {dagbag.py:537} INFO - Filling up the DagBag from /home/airflow/.local/lib/python3.7/site-packages/airflow/example_dags/example_branch_operator.py
[2023-04-30T18:05:47.977+0000] {processor.py:766} INFO - DAG(s) dict_keys(['example_branch_operator']) retrieved from /home/airflow/.local/lib/python3.7/site-packages/airflow/example_dags/example_branch_operator.py
[2023-04-30T18:05:48.020+0000] {logging_mixin.py:120} INFO - [2023-04-30T18:05:48.019+0000] {dag.py:2585} INFO - Sync 1 DAGs
[2023-04-30T18:05:48.049+0000] {logging_mixin.py:120} INFO - [2023-04-30T18:05:48.049+0000] {dag.py:3340} INFO - Setting next_dagrun for example_branch_operator to 2023-04-29T00:00:00+00:00, run_after=2023-04-30T00:00:00+00:00
[2023-04-30T18:05:48.072+0000] {processor.py:176} INFO - Processing /home/airflow/.local/lib/python3.7/site-packages/airflow/example_dags/example_branch_operator.py took 0.114 seconds
[2023-04-30T18:06:18.531+0000] {processor.py:154} INFO - Started process (PID=2139) to work on /home/airflow/.local/lib/python3.7/site-packages/airflow/example_dags/example_branch_operator.py
[2023-04-30T18:06:18.532+0000] {processor.py:756} INFO - Processing file /home/airflow/.local/lib/python3.7/site-packages/airflow/example_dags/example_branch_operator.py for tasks to queue
[2023-04-30T18:06:18.532+0000] {logging_mixin.py:120} INFO - [2023-04-30T18:06:18.532+0000] {dagbag.py:537} INFO - Filling up the DagBag from /home/airflow/.local/lib/python3.7/site-packages/airflow/example_dags/example_branch_operator.py
[2023-04-30T18:06:18.546+0000] {processor.py:766} INFO - DAG(s) dict_keys(['example_branch_operator']) retrieved from /home/airflow/.local/lib/python3.7/site-packages/airflow/example_dags/example_branch_operator.py
[2023-04-30T18:06:18.586+0000] {logging_mixin.py:120} INFO - [2023-04-30T18:06:18.585+0000] {dag.py:2585} INFO - Sync 1 DAGs
[2023-04-30T18:06:18.613+0000] {logging_mixin.py:120} INFO - [2023-04-30T18:06:18.613+0000] {dag.py:3340} INFO - Setting next_dagrun for example_branch_operator to 2023-04-29T00:00:00+00:00, run_after=2023-04-30T00:00:00+00:00
[2023-04-30T18:06:18.636+0000] {processor.py:176} INFO - Processing /home/airflow/.local/lib/python3.7/site-packages/airflow/example_dags/example_branch_operator.py took 0.107 seconds
[2023-04-30T18:06:49.023+0000] {processor.py:154} INFO - Started process (PID=2193) to work on /home/airflow/.local/lib/python3.7/site-packages/airflow/example_dags/example_branch_operator.py
[2023-04-30T18:06:49.024+0000] {processor.py:756} INFO - Processing file /home/airflow/.local/lib/python3.7/site-packages/airflow/example_dags/example_branch_operator.py for tasks to queue
[2023-04-30T18:06:49.025+0000] {logging_mixin.py:120} INFO - [2023-04-30T18:06:49.025+0000] {dagbag.py:537} INFO - Filling up the DagBag from /home/airflow/.local/lib/python3.7/site-packages/airflow/example_dags/example_branch_operator.py
[2023-04-30T18:06:49.038+0000] {processor.py:766} INFO - DAG(s) dict_keys(['example_branch_operator']) retrieved from /home/airflow/.local/lib/python3.7/site-packages/airflow/example_dags/example_branch_operator.py
[2023-04-30T18:06:49.075+0000] {logging_mixin.py:120} INFO - [2023-04-30T18:06:49.075+0000] {dag.py:2585} INFO - Sync 1 DAGs
[2023-04-30T18:06:49.100+0000] {logging_mixin.py:120} INFO - [2023-04-30T18:06:49.100+0000] {dag.py:3340} INFO - Setting next_dagrun for example_branch_operator to 2023-04-29T00:00:00+00:00, run_after=2023-04-30T00:00:00+00:00
[2023-04-30T18:06:49.123+0000] {processor.py:176} INFO - Processing /home/airflow/.local/lib/python3.7/site-packages/airflow/example_dags/example_branch_operator.py took 0.102 seconds
[2023-04-30T18:07:19.608+0000] {processor.py:154} INFO - Started process (PID=2256) to work on /home/airflow/.local/lib/python3.7/site-packages/airflow/example_dags/example_branch_operator.py
[2023-04-30T18:07:19.609+0000] {processor.py:756} INFO - Processing file /home/airflow/.local/lib/python3.7/site-packages/airflow/example_dags/example_branch_operator.py for tasks to queue
[2023-04-30T18:07:19.610+0000] {logging_mixin.py:120} INFO - [2023-04-30T18:07:19.610+0000] {dagbag.py:537} INFO - Filling up the DagBag from /home/airflow/.local/lib/python3.7/site-packages/airflow/example_dags/example_branch_operator.py
[2023-04-30T18:07:19.625+0000] {processor.py:766} INFO - DAG(s) dict_keys(['example_branch_operator']) retrieved from /home/airflow/.local/lib/python3.7/site-packages/airflow/example_dags/example_branch_operator.py
[2023-04-30T18:07:19.662+0000] {logging_mixin.py:120} INFO - [2023-04-30T18:07:19.662+0000] {dag.py:2585} INFO - Sync 1 DAGs
[2023-04-30T18:07:19.689+0000] {logging_mixin.py:120} INFO - [2023-04-30T18:07:19.688+0000] {dag.py:3340} INFO - Setting next_dagrun for example_branch_operator to 2023-04-29T00:00:00+00:00, run_after=2023-04-30T00:00:00+00:00
[2023-04-30T18:07:19.712+0000] {processor.py:176} INFO - Processing /home/airflow/.local/lib/python3.7/site-packages/airflow/example_dags/example_branch_operator.py took 0.107 seconds
[2023-04-30T18:07:50.097+0000] {processor.py:154} INFO - Started process (PID=2319) to work on /home/airflow/.local/lib/python3.7/site-packages/airflow/example_dags/example_branch_operator.py
[2023-04-30T18:07:50.098+0000] {processor.py:756} INFO - Processing file /home/airflow/.local/lib/python3.7/site-packages/airflow/example_dags/example_branch_operator.py for tasks to queue
[2023-04-30T18:07:50.099+0000] {logging_mixin.py:120} INFO - [2023-04-30T18:07:50.099+0000] {dagbag.py:537} INFO - Filling up the DagBag from /home/airflow/.local/lib/python3.7/site-packages/airflow/example_dags/example_branch_operator.py
[2023-04-30T18:07:50.112+0000] {processor.py:766} INFO - DAG(s) dict_keys(['example_branch_operator']) retrieved from /home/airflow/.local/lib/python3.7/site-packages/airflow/example_dags/example_branch_operator.py
[2023-04-30T18:07:50.148+0000] {logging_mixin.py:120} INFO - [2023-04-30T18:07:50.148+0000] {dag.py:2585} INFO - Sync 1 DAGs
[2023-04-30T18:07:50.177+0000] {logging_mixin.py:120} INFO - [2023-04-30T18:07:50.177+0000] {dag.py:3340} INFO - Setting next_dagrun for example_branch_operator to 2023-04-29T00:00:00+00:00, run_after=2023-04-30T00:00:00+00:00
[2023-04-30T18:07:50.199+0000] {processor.py:176} INFO - Processing /home/airflow/.local/lib/python3.7/site-packages/airflow/example_dags/example_branch_operator.py took 0.103 seconds
[2023-04-30T18:08:20.514+0000] {processor.py:154} INFO - Started process (PID=2373) to work on /home/airflow/.local/lib/python3.7/site-packages/airflow/example_dags/example_branch_operator.py
[2023-04-30T18:08:20.514+0000] {processor.py:756} INFO - Processing file /home/airflow/.local/lib/python3.7/site-packages/airflow/example_dags/example_branch_operator.py for tasks to queue
[2023-04-30T18:08:20.515+0000] {logging_mixin.py:120} INFO - [2023-04-30T18:08:20.515+0000] {dagbag.py:537} INFO - Filling up the DagBag from /home/airflow/.local/lib/python3.7/site-packages/airflow/example_dags/example_branch_operator.py
[2023-04-30T18:08:20.528+0000] {processor.py:766} INFO - DAG(s) dict_keys(['example_branch_operator']) retrieved from /home/airflow/.local/lib/python3.7/site-packages/airflow/example_dags/example_branch_operator.py
[2023-04-30T18:08:20.563+0000] {logging_mixin.py:120} INFO - [2023-04-30T18:08:20.563+0000] {dag.py:2585} INFO - Sync 1 DAGs
[2023-04-30T18:08:20.593+0000] {logging_mixin.py:120} INFO - [2023-04-30T18:08:20.593+0000] {dag.py:3340} INFO - Setting next_dagrun for example_branch_operator to 2023-04-29T00:00:00+00:00, run_after=2023-04-30T00:00:00+00:00
[2023-04-30T18:08:20.624+0000] {processor.py:176} INFO - Processing /home/airflow/.local/lib/python3.7/site-packages/airflow/example_dags/example_branch_operator.py took 0.112 seconds
[2023-04-30T18:08:51.046+0000] {processor.py:154} INFO - Started process (PID=2436) to work on /home/airflow/.local/lib/python3.7/site-packages/airflow/example_dags/example_branch_operator.py
[2023-04-30T18:08:51.047+0000] {processor.py:756} INFO - Processing file /home/airflow/.local/lib/python3.7/site-packages/airflow/example_dags/example_branch_operator.py for tasks to queue
[2023-04-30T18:08:51.048+0000] {logging_mixin.py:120} INFO - [2023-04-30T18:08:51.048+0000] {dagbag.py:537} INFO - Filling up the DagBag from /home/airflow/.local/lib/python3.7/site-packages/airflow/example_dags/example_branch_operator.py
[2023-04-30T18:08:51.061+0000] {processor.py:766} INFO - DAG(s) dict_keys(['example_branch_operator']) retrieved from /home/airflow/.local/lib/python3.7/site-packages/airflow/example_dags/example_branch_operator.py
[2023-04-30T18:08:51.098+0000] {logging_mixin.py:120} INFO - [2023-04-30T18:08:51.098+0000] {dag.py:2585} INFO - Sync 1 DAGs
[2023-04-30T18:08:51.124+0000] {logging_mixin.py:120} INFO - [2023-04-30T18:08:51.123+0000] {dag.py:3340} INFO - Setting next_dagrun for example_branch_operator to 2023-04-29T00:00:00+00:00, run_after=2023-04-30T00:00:00+00:00
[2023-04-30T18:08:51.148+0000] {processor.py:176} INFO - Processing /home/airflow/.local/lib/python3.7/site-packages/airflow/example_dags/example_branch_operator.py took 0.104 seconds
[2023-04-30T18:09:21.887+0000] {processor.py:154} INFO - Started process (PID=2499) to work on /home/airflow/.local/lib/python3.7/site-packages/airflow/example_dags/example_branch_operator.py
[2023-04-30T18:09:21.888+0000] {processor.py:756} INFO - Processing file /home/airflow/.local/lib/python3.7/site-packages/airflow/example_dags/example_branch_operator.py for tasks to queue
[2023-04-30T18:09:21.889+0000] {logging_mixin.py:120} INFO - [2023-04-30T18:09:21.889+0000] {dagbag.py:537} INFO - Filling up the DagBag from /home/airflow/.local/lib/python3.7/site-packages/airflow/example_dags/example_branch_operator.py
[2023-04-30T18:09:21.903+0000] {processor.py:766} INFO - DAG(s) dict_keys(['example_branch_operator']) retrieved from /home/airflow/.local/lib/python3.7/site-packages/airflow/example_dags/example_branch_operator.py
[2023-04-30T18:09:21.939+0000] {logging_mixin.py:120} INFO - [2023-04-30T18:09:21.939+0000] {dag.py:2585} INFO - Sync 1 DAGs
[2023-04-30T18:09:21.966+0000] {logging_mixin.py:120} INFO - [2023-04-30T18:09:21.965+0000] {dag.py:3340} INFO - Setting next_dagrun for example_branch_operator to 2023-04-29T00:00:00+00:00, run_after=2023-04-30T00:00:00+00:00
[2023-04-30T18:09:21.992+0000] {processor.py:176} INFO - Processing /home/airflow/.local/lib/python3.7/site-packages/airflow/example_dags/example_branch_operator.py took 0.107 seconds
[2023-04-30T18:09:52.520+0000] {processor.py:154} INFO - Started process (PID=2562) to work on /home/airflow/.local/lib/python3.7/site-packages/airflow/example_dags/example_branch_operator.py
[2023-04-30T18:09:52.521+0000] {processor.py:756} INFO - Processing file /home/airflow/.local/lib/python3.7/site-packages/airflow/example_dags/example_branch_operator.py for tasks to queue
[2023-04-30T18:09:52.521+0000] {logging_mixin.py:120} INFO - [2023-04-30T18:09:52.521+0000] {dagbag.py:537} INFO - Filling up the DagBag from /home/airflow/.local/lib/python3.7/site-packages/airflow/example_dags/example_branch_operator.py
[2023-04-30T18:09:52.536+0000] {processor.py:766} INFO - DAG(s) dict_keys(['example_branch_operator']) retrieved from /home/airflow/.local/lib/python3.7/site-packages/airflow/example_dags/example_branch_operator.py
[2023-04-30T18:09:52.572+0000] {logging_mixin.py:120} INFO - [2023-04-30T18:09:52.571+0000] {dag.py:2585} INFO - Sync 1 DAGs
[2023-04-30T18:09:52.598+0000] {logging_mixin.py:120} INFO - [2023-04-30T18:09:52.598+0000] {dag.py:3340} INFO - Setting next_dagrun for example_branch_operator to 2023-04-29T00:00:00+00:00, run_after=2023-04-30T00:00:00+00:00
[2023-04-30T18:09:52.619+0000] {processor.py:176} INFO - Processing /home/airflow/.local/lib/python3.7/site-packages/airflow/example_dags/example_branch_operator.py took 0.102 seconds
[2023-04-30T18:10:22.958+0000] {processor.py:154} INFO - Started process (PID=2616) to work on /home/airflow/.local/lib/python3.7/site-packages/airflow/example_dags/example_branch_operator.py
[2023-04-30T18:10:22.958+0000] {processor.py:756} INFO - Processing file /home/airflow/.local/lib/python3.7/site-packages/airflow/example_dags/example_branch_operator.py for tasks to queue
[2023-04-30T18:10:22.959+0000] {logging_mixin.py:120} INFO - [2023-04-30T18:10:22.959+0000] {dagbag.py:537} INFO - Filling up the DagBag from /home/airflow/.local/lib/python3.7/site-packages/airflow/example_dags/example_branch_operator.py
[2023-04-30T18:10:22.973+0000] {processor.py:766} INFO - DAG(s) dict_keys(['example_branch_operator']) retrieved from /home/airflow/.local/lib/python3.7/site-packages/airflow/example_dags/example_branch_operator.py
[2023-04-30T18:10:23.017+0000] {logging_mixin.py:120} INFO - [2023-04-30T18:10:23.017+0000] {dag.py:2585} INFO - Sync 1 DAGs
[2023-04-30T18:10:23.045+0000] {logging_mixin.py:120} INFO - [2023-04-30T18:10:23.044+0000] {dag.py:3340} INFO - Setting next_dagrun for example_branch_operator to 2023-04-29T00:00:00+00:00, run_after=2023-04-30T00:00:00+00:00
[2023-04-30T18:10:23.067+0000] {processor.py:176} INFO - Processing /home/airflow/.local/lib/python3.7/site-packages/airflow/example_dags/example_branch_operator.py took 0.112 seconds
[2023-04-30T18:10:53.433+0000] {processor.py:154} INFO - Started process (PID=2679) to work on /home/airflow/.local/lib/python3.7/site-packages/airflow/example_dags/example_branch_operator.py
[2023-04-30T18:10:53.434+0000] {processor.py:756} INFO - Processing file /home/airflow/.local/lib/python3.7/site-packages/airflow/example_dags/example_branch_operator.py for tasks to queue
[2023-04-30T18:10:53.434+0000] {logging_mixin.py:120} INFO - [2023-04-30T18:10:53.434+0000] {dagbag.py:537} INFO - Filling up the DagBag from /home/airflow/.local/lib/python3.7/site-packages/airflow/example_dags/example_branch_operator.py
[2023-04-30T18:10:53.448+0000] {processor.py:766} INFO - DAG(s) dict_keys(['example_branch_operator']) retrieved from /home/airflow/.local/lib/python3.7/site-packages/airflow/example_dags/example_branch_operator.py
[2023-04-30T18:10:53.486+0000] {logging_mixin.py:120} INFO - [2023-04-30T18:10:53.486+0000] {dag.py:2585} INFO - Sync 1 DAGs
[2023-04-30T18:10:53.514+0000] {logging_mixin.py:120} INFO - [2023-04-30T18:10:53.513+0000] {dag.py:3340} INFO - Setting next_dagrun for example_branch_operator to 2023-04-29T00:00:00+00:00, run_after=2023-04-30T00:00:00+00:00
[2023-04-30T18:10:53.537+0000] {processor.py:176} INFO - Processing /home/airflow/.local/lib/python3.7/site-packages/airflow/example_dags/example_branch_operator.py took 0.107 seconds
[2023-04-30T18:11:23.935+0000] {processor.py:154} INFO - Started process (PID=2742) to work on /home/airflow/.local/lib/python3.7/site-packages/airflow/example_dags/example_branch_operator.py
[2023-04-30T18:11:23.936+0000] {processor.py:756} INFO - Processing file /home/airflow/.local/lib/python3.7/site-packages/airflow/example_dags/example_branch_operator.py for tasks to queue
[2023-04-30T18:11:23.936+0000] {logging_mixin.py:120} INFO - [2023-04-30T18:11:23.936+0000] {dagbag.py:537} INFO - Filling up the DagBag from /home/airflow/.local/lib/python3.7/site-packages/airflow/example_dags/example_branch_operator.py
[2023-04-30T18:11:23.950+0000] {processor.py:766} INFO - DAG(s) dict_keys(['example_branch_operator']) retrieved from /home/airflow/.local/lib/python3.7/site-packages/airflow/example_dags/example_branch_operator.py
[2023-04-30T18:11:23.985+0000] {logging_mixin.py:120} INFO - [2023-04-30T18:11:23.984+0000] {dag.py:2585} INFO - Sync 1 DAGs
[2023-04-30T18:11:24.011+0000] {logging_mixin.py:120} INFO - [2023-04-30T18:11:24.011+0000] {dag.py:3340} INFO - Setting next_dagrun for example_branch_operator to 2023-04-29T00:00:00+00:00, run_after=2023-04-30T00:00:00+00:00
[2023-04-30T18:11:24.035+0000] {processor.py:176} INFO - Processing /home/airflow/.local/lib/python3.7/site-packages/airflow/example_dags/example_branch_operator.py took 0.102 seconds
[2023-04-30T18:20:46.100+0000] {processor.py:154} INFO - Started process (PID=2825) to work on /home/airflow/.local/lib/python3.7/site-packages/airflow/example_dags/example_branch_operator.py
[2023-04-30T18:20:46.101+0000] {processor.py:756} INFO - Processing file /home/airflow/.local/lib/python3.7/site-packages/airflow/example_dags/example_branch_operator.py for tasks to queue
[2023-04-30T18:20:46.103+0000] {logging_mixin.py:120} INFO - [2023-04-30T18:20:46.102+0000] {dagbag.py:537} INFO - Filling up the DagBag from /home/airflow/.local/lib/python3.7/site-packages/airflow/example_dags/example_branch_operator.py
[2023-04-30T18:20:46.130+0000] {processor.py:766} INFO - DAG(s) dict_keys(['example_branch_operator']) retrieved from /home/airflow/.local/lib/python3.7/site-packages/airflow/example_dags/example_branch_operator.py
[2023-04-30T18:20:46.204+0000] {logging_mixin.py:120} INFO - [2023-04-30T18:20:46.204+0000] {dag.py:2585} INFO - Sync 1 DAGs
[2023-04-30T18:20:46.258+0000] {logging_mixin.py:120} INFO - [2023-04-30T18:20:46.258+0000] {dag.py:3340} INFO - Setting next_dagrun for example_branch_operator to 2023-04-29T00:00:00+00:00, run_after=2023-04-30T00:00:00+00:00
[2023-04-30T18:20:46.302+0000] {processor.py:176} INFO - Processing /home/airflow/.local/lib/python3.7/site-packages/airflow/example_dags/example_branch_operator.py took 0.206 seconds
