[2023-04-30T17:48:58.724+0000] {processor.py:154} INFO - Started process (PID=80) to work on /home/airflow/.local/lib/python3.7/site-packages/airflow/example_dags/example_task_group.py
[2023-04-30T17:48:58.724+0000] {processor.py:756} INFO - Processing file /home/airflow/.local/lib/python3.7/site-packages/airflow/example_dags/example_task_group.py for tasks to queue
[2023-04-30T17:48:58.725+0000] {logging_mixin.py:120} INFO - [2023-04-30T17:48:58.725+0000] {dagbag.py:537} INFO - Filling up the DagBag from /home/airflow/.local/lib/python3.7/site-packages/airflow/example_dags/example_task_group.py
[2023-04-30T17:48:58.749+0000] {processor.py:766} INFO - DAG(s) dict_keys(['example_task_group']) retrieved from /home/airflow/.local/lib/python3.7/site-packages/airflow/example_dags/example_task_group.py
[2023-04-30T17:48:58.998+0000] {logging_mixin.py:120} INFO - [2023-04-30T17:48:58.998+0000] {manager.py:507} INFO - Created Permission View: can read on DAG:example_task_group
[2023-04-30T17:48:59.018+0000] {logging_mixin.py:120} INFO - [2023-04-30T17:48:59.017+0000] {manager.py:507} INFO - Created Permission View: can edit on DAG:example_task_group
[2023-04-30T17:48:59.033+0000] {logging_mixin.py:120} INFO - [2023-04-30T17:48:59.033+0000] {manager.py:507} INFO - Created Permission View: can delete on DAG:example_task_group
[2023-04-30T17:48:59.034+0000] {logging_mixin.py:120} INFO - [2023-04-30T17:48:59.033+0000] {dag.py:2585} INFO - Sync 1 DAGs
[2023-04-30T17:48:59.055+0000] {logging_mixin.py:120} INFO - [2023-04-30T17:48:59.055+0000] {dag.py:2606} INFO - Creating ORM DAG for example_task_group
[2023-04-30T17:48:59.077+0000] {logging_mixin.py:120} INFO - [2023-04-30T17:48:59.077+0000] {dag.py:3340} INFO - Setting next_dagrun for example_task_group to 2023-04-29T17:48:59.076819+00:00, run_after=2023-04-30T17:48:59.076819+00:00
[2023-04-30T17:48:59.111+0000] {processor.py:176} INFO - Processing /home/airflow/.local/lib/python3.7/site-packages/airflow/example_dags/example_task_group.py took 0.391 seconds
[2023-04-30T17:49:29.780+0000] {processor.py:154} INFO - Started process (PID=143) to work on /home/airflow/.local/lib/python3.7/site-packages/airflow/example_dags/example_task_group.py
[2023-04-30T17:49:29.782+0000] {processor.py:756} INFO - Processing file /home/airflow/.local/lib/python3.7/site-packages/airflow/example_dags/example_task_group.py for tasks to queue
[2023-04-30T17:49:29.782+0000] {logging_mixin.py:120} INFO - [2023-04-30T17:49:29.782+0000] {dagbag.py:537} INFO - Filling up the DagBag from /home/airflow/.local/lib/python3.7/site-packages/airflow/example_dags/example_task_group.py
[2023-04-30T17:49:29.796+0000] {processor.py:766} INFO - DAG(s) dict_keys(['example_task_group']) retrieved from /home/airflow/.local/lib/python3.7/site-packages/airflow/example_dags/example_task_group.py
[2023-04-30T17:49:29.835+0000] {logging_mixin.py:120} INFO - [2023-04-30T17:49:29.835+0000] {dag.py:2585} INFO - Sync 1 DAGs
[2023-04-30T17:49:29.863+0000] {logging_mixin.py:120} INFO - [2023-04-30T17:49:29.863+0000] {dag.py:3340} INFO - Setting next_dagrun for example_task_group to 2023-04-29T17:49:29.863131+00:00, run_after=2023-04-30T17:49:29.863131+00:00
[2023-04-30T17:49:29.890+0000] {processor.py:176} INFO - Processing /home/airflow/.local/lib/python3.7/site-packages/airflow/example_dags/example_task_group.py took 0.112 seconds
[2023-04-30T17:50:00.393+0000] {processor.py:154} INFO - Started process (PID=207) to work on /home/airflow/.local/lib/python3.7/site-packages/airflow/example_dags/example_task_group.py
[2023-04-30T17:50:00.394+0000] {processor.py:756} INFO - Processing file /home/airflow/.local/lib/python3.7/site-packages/airflow/example_dags/example_task_group.py for tasks to queue
[2023-04-30T17:50:00.395+0000] {logging_mixin.py:120} INFO - [2023-04-30T17:50:00.395+0000] {dagbag.py:537} INFO - Filling up the DagBag from /home/airflow/.local/lib/python3.7/site-packages/airflow/example_dags/example_task_group.py
[2023-04-30T17:50:00.409+0000] {processor.py:766} INFO - DAG(s) dict_keys(['example_task_group']) retrieved from /home/airflow/.local/lib/python3.7/site-packages/airflow/example_dags/example_task_group.py
[2023-04-30T17:50:00.451+0000] {logging_mixin.py:120} INFO - [2023-04-30T17:50:00.451+0000] {dag.py:2585} INFO - Sync 1 DAGs
[2023-04-30T17:50:00.478+0000] {logging_mixin.py:120} INFO - [2023-04-30T17:50:00.478+0000] {dag.py:3340} INFO - Setting next_dagrun for example_task_group to 2023-04-29T17:50:00.478035+00:00, run_after=2023-04-30T17:50:00.478035+00:00
[2023-04-30T17:50:00.503+0000] {processor.py:176} INFO - Processing /home/airflow/.local/lib/python3.7/site-packages/airflow/example_dags/example_task_group.py took 0.112 seconds
[2023-04-30T17:50:31.137+0000] {processor.py:154} INFO - Started process (PID=261) to work on /home/airflow/.local/lib/python3.7/site-packages/airflow/example_dags/example_task_group.py
[2023-04-30T17:50:31.138+0000] {processor.py:756} INFO - Processing file /home/airflow/.local/lib/python3.7/site-packages/airflow/example_dags/example_task_group.py for tasks to queue
[2023-04-30T17:50:31.138+0000] {logging_mixin.py:120} INFO - [2023-04-30T17:50:31.138+0000] {dagbag.py:537} INFO - Filling up the DagBag from /home/airflow/.local/lib/python3.7/site-packages/airflow/example_dags/example_task_group.py
[2023-04-30T17:50:31.151+0000] {processor.py:766} INFO - DAG(s) dict_keys(['example_task_group']) retrieved from /home/airflow/.local/lib/python3.7/site-packages/airflow/example_dags/example_task_group.py
[2023-04-30T17:50:31.188+0000] {logging_mixin.py:120} INFO - [2023-04-30T17:50:31.188+0000] {dag.py:2585} INFO - Sync 1 DAGs
[2023-04-30T17:50:31.213+0000] {logging_mixin.py:120} INFO - [2023-04-30T17:50:31.212+0000] {dag.py:3340} INFO - Setting next_dagrun for example_task_group to 2023-04-29T17:50:31.212650+00:00, run_after=2023-04-30T17:50:31.212650+00:00
[2023-04-30T17:50:31.239+0000] {processor.py:176} INFO - Processing /home/airflow/.local/lib/python3.7/site-packages/airflow/example_dags/example_task_group.py took 0.104 seconds
[2023-04-30T17:51:01.978+0000] {processor.py:154} INFO - Started process (PID=324) to work on /home/airflow/.local/lib/python3.7/site-packages/airflow/example_dags/example_task_group.py
[2023-04-30T17:51:01.979+0000] {processor.py:756} INFO - Processing file /home/airflow/.local/lib/python3.7/site-packages/airflow/example_dags/example_task_group.py for tasks to queue
[2023-04-30T17:51:01.980+0000] {logging_mixin.py:120} INFO - [2023-04-30T17:51:01.980+0000] {dagbag.py:537} INFO - Filling up the DagBag from /home/airflow/.local/lib/python3.7/site-packages/airflow/example_dags/example_task_group.py
[2023-04-30T17:51:01.993+0000] {processor.py:766} INFO - DAG(s) dict_keys(['example_task_group']) retrieved from /home/airflow/.local/lib/python3.7/site-packages/airflow/example_dags/example_task_group.py
[2023-04-30T17:51:02.033+0000] {logging_mixin.py:120} INFO - [2023-04-30T17:51:02.033+0000] {dag.py:2585} INFO - Sync 1 DAGs
[2023-04-30T17:51:02.063+0000] {logging_mixin.py:120} INFO - [2023-04-30T17:51:02.063+0000] {dag.py:3340} INFO - Setting next_dagrun for example_task_group to 2023-04-29T17:51:02.063114+00:00, run_after=2023-04-30T17:51:02.063114+00:00
[2023-04-30T17:51:02.088+0000] {processor.py:176} INFO - Processing /home/airflow/.local/lib/python3.7/site-packages/airflow/example_dags/example_task_group.py took 0.113 seconds
[2023-04-30T17:51:32.714+0000] {processor.py:154} INFO - Started process (PID=387) to work on /home/airflow/.local/lib/python3.7/site-packages/airflow/example_dags/example_task_group.py
[2023-04-30T17:51:32.715+0000] {processor.py:756} INFO - Processing file /home/airflow/.local/lib/python3.7/site-packages/airflow/example_dags/example_task_group.py for tasks to queue
[2023-04-30T17:51:32.716+0000] {logging_mixin.py:120} INFO - [2023-04-30T17:51:32.715+0000] {dagbag.py:537} INFO - Filling up the DagBag from /home/airflow/.local/lib/python3.7/site-packages/airflow/example_dags/example_task_group.py
[2023-04-30T17:51:32.729+0000] {processor.py:766} INFO - DAG(s) dict_keys(['example_task_group']) retrieved from /home/airflow/.local/lib/python3.7/site-packages/airflow/example_dags/example_task_group.py
[2023-04-30T17:51:32.769+0000] {logging_mixin.py:120} INFO - [2023-04-30T17:51:32.768+0000] {dag.py:2585} INFO - Sync 1 DAGs
[2023-04-30T17:51:32.801+0000] {logging_mixin.py:120} INFO - [2023-04-30T17:51:32.801+0000] {dag.py:3340} INFO - Setting next_dagrun for example_task_group to 2023-04-29T17:51:32.801601+00:00, run_after=2023-04-30T17:51:32.801601+00:00
[2023-04-30T17:51:32.830+0000] {processor.py:176} INFO - Processing /home/airflow/.local/lib/python3.7/site-packages/airflow/example_dags/example_task_group.py took 0.119 seconds
[2023-04-30T17:52:03.433+0000] {processor.py:154} INFO - Started process (PID=448) to work on /home/airflow/.local/lib/python3.7/site-packages/airflow/example_dags/example_task_group.py
[2023-04-30T17:52:03.435+0000] {processor.py:756} INFO - Processing file /home/airflow/.local/lib/python3.7/site-packages/airflow/example_dags/example_task_group.py for tasks to queue
[2023-04-30T17:52:03.436+0000] {logging_mixin.py:120} INFO - [2023-04-30T17:52:03.436+0000] {dagbag.py:537} INFO - Filling up the DagBag from /home/airflow/.local/lib/python3.7/site-packages/airflow/example_dags/example_task_group.py
[2023-04-30T17:52:03.453+0000] {processor.py:766} INFO - DAG(s) dict_keys(['example_task_group']) retrieved from /home/airflow/.local/lib/python3.7/site-packages/airflow/example_dags/example_task_group.py
[2023-04-30T17:52:03.496+0000] {logging_mixin.py:120} INFO - [2023-04-30T17:52:03.495+0000] {dag.py:2585} INFO - Sync 1 DAGs
[2023-04-30T17:52:03.528+0000] {logging_mixin.py:120} INFO - [2023-04-30T17:52:03.528+0000] {dag.py:3340} INFO - Setting next_dagrun for example_task_group to 2023-04-29T17:52:03.528253+00:00, run_after=2023-04-30T17:52:03.528253+00:00
[2023-04-30T17:52:03.558+0000] {processor.py:176} INFO - Processing /home/airflow/.local/lib/python3.7/site-packages/airflow/example_dags/example_task_group.py took 0.127 seconds
[2023-04-30T17:52:34.220+0000] {processor.py:154} INFO - Started process (PID=504) to work on /home/airflow/.local/lib/python3.7/site-packages/airflow/example_dags/example_task_group.py
[2023-04-30T17:52:34.221+0000] {processor.py:756} INFO - Processing file /home/airflow/.local/lib/python3.7/site-packages/airflow/example_dags/example_task_group.py for tasks to queue
[2023-04-30T17:52:34.221+0000] {logging_mixin.py:120} INFO - [2023-04-30T17:52:34.221+0000] {dagbag.py:537} INFO - Filling up the DagBag from /home/airflow/.local/lib/python3.7/site-packages/airflow/example_dags/example_task_group.py
[2023-04-30T17:52:34.234+0000] {processor.py:766} INFO - DAG(s) dict_keys(['example_task_group']) retrieved from /home/airflow/.local/lib/python3.7/site-packages/airflow/example_dags/example_task_group.py
[2023-04-30T17:52:34.275+0000] {logging_mixin.py:120} INFO - [2023-04-30T17:52:34.275+0000] {dag.py:2585} INFO - Sync 1 DAGs
[2023-04-30T17:52:34.303+0000] {logging_mixin.py:120} INFO - [2023-04-30T17:52:34.303+0000] {dag.py:3340} INFO - Setting next_dagrun for example_task_group to 2023-04-29T17:52:34.303179+00:00, run_after=2023-04-30T17:52:34.303179+00:00
[2023-04-30T17:52:34.328+0000] {processor.py:176} INFO - Processing /home/airflow/.local/lib/python3.7/site-packages/airflow/example_dags/example_task_group.py took 0.110 seconds
[2023-04-30T17:53:04.861+0000] {processor.py:154} INFO - Started process (PID=567) to work on /home/airflow/.local/lib/python3.7/site-packages/airflow/example_dags/example_task_group.py
[2023-04-30T17:53:04.862+0000] {processor.py:756} INFO - Processing file /home/airflow/.local/lib/python3.7/site-packages/airflow/example_dags/example_task_group.py for tasks to queue
[2023-04-30T17:53:04.863+0000] {logging_mixin.py:120} INFO - [2023-04-30T17:53:04.863+0000] {dagbag.py:537} INFO - Filling up the DagBag from /home/airflow/.local/lib/python3.7/site-packages/airflow/example_dags/example_task_group.py
[2023-04-30T17:53:04.876+0000] {processor.py:766} INFO - DAG(s) dict_keys(['example_task_group']) retrieved from /home/airflow/.local/lib/python3.7/site-packages/airflow/example_dags/example_task_group.py
[2023-04-30T17:53:04.912+0000] {logging_mixin.py:120} INFO - [2023-04-30T17:53:04.911+0000] {dag.py:2585} INFO - Sync 1 DAGs
[2023-04-30T17:53:04.937+0000] {logging_mixin.py:120} INFO - [2023-04-30T17:53:04.936+0000] {dag.py:3340} INFO - Setting next_dagrun for example_task_group to 2023-04-29T17:53:04.936713+00:00, run_after=2023-04-30T17:53:04.936713+00:00
[2023-04-30T17:53:04.963+0000] {processor.py:176} INFO - Processing /home/airflow/.local/lib/python3.7/site-packages/airflow/example_dags/example_task_group.py took 0.104 seconds
[2023-04-30T17:53:35.338+0000] {processor.py:154} INFO - Started process (PID=630) to work on /home/airflow/.local/lib/python3.7/site-packages/airflow/example_dags/example_task_group.py
[2023-04-30T17:53:35.340+0000] {processor.py:756} INFO - Processing file /home/airflow/.local/lib/python3.7/site-packages/airflow/example_dags/example_task_group.py for tasks to queue
[2023-04-30T17:53:35.341+0000] {logging_mixin.py:120} INFO - [2023-04-30T17:53:35.341+0000] {dagbag.py:537} INFO - Filling up the DagBag from /home/airflow/.local/lib/python3.7/site-packages/airflow/example_dags/example_task_group.py
[2023-04-30T17:53:35.354+0000] {processor.py:766} INFO - DAG(s) dict_keys(['example_task_group']) retrieved from /home/airflow/.local/lib/python3.7/site-packages/airflow/example_dags/example_task_group.py
[2023-04-30T17:53:35.394+0000] {logging_mixin.py:120} INFO - [2023-04-30T17:53:35.394+0000] {dag.py:2585} INFO - Sync 1 DAGs
[2023-04-30T17:53:35.422+0000] {logging_mixin.py:120} INFO - [2023-04-30T17:53:35.422+0000] {dag.py:3340} INFO - Setting next_dagrun for example_task_group to 2023-04-29T17:53:35.422428+00:00, run_after=2023-04-30T17:53:35.422428+00:00
[2023-04-30T17:53:35.449+0000] {processor.py:176} INFO - Processing /home/airflow/.local/lib/python3.7/site-packages/airflow/example_dags/example_task_group.py took 0.113 seconds
[2023-04-30T17:54:05.951+0000] {processor.py:154} INFO - Started process (PID=684) to work on /home/airflow/.local/lib/python3.7/site-packages/airflow/example_dags/example_task_group.py
[2023-04-30T17:54:05.952+0000] {processor.py:756} INFO - Processing file /home/airflow/.local/lib/python3.7/site-packages/airflow/example_dags/example_task_group.py for tasks to queue
[2023-04-30T17:54:05.953+0000] {logging_mixin.py:120} INFO - [2023-04-30T17:54:05.952+0000] {dagbag.py:537} INFO - Filling up the DagBag from /home/airflow/.local/lib/python3.7/site-packages/airflow/example_dags/example_task_group.py
[2023-04-30T17:54:05.965+0000] {processor.py:766} INFO - DAG(s) dict_keys(['example_task_group']) retrieved from /home/airflow/.local/lib/python3.7/site-packages/airflow/example_dags/example_task_group.py
[2023-04-30T17:54:06.001+0000] {logging_mixin.py:120} INFO - [2023-04-30T17:54:06.001+0000] {dag.py:2585} INFO - Sync 1 DAGs
[2023-04-30T17:54:06.028+0000] {logging_mixin.py:120} INFO - [2023-04-30T17:54:06.028+0000] {dag.py:3340} INFO - Setting next_dagrun for example_task_group to 2023-04-29T17:54:06.028352+00:00, run_after=2023-04-30T17:54:06.028352+00:00
[2023-04-30T17:54:06.055+0000] {processor.py:176} INFO - Processing /home/airflow/.local/lib/python3.7/site-packages/airflow/example_dags/example_task_group.py took 0.106 seconds
[2023-04-30T17:54:36.708+0000] {processor.py:154} INFO - Started process (PID=747) to work on /home/airflow/.local/lib/python3.7/site-packages/airflow/example_dags/example_task_group.py
[2023-04-30T17:54:36.710+0000] {processor.py:756} INFO - Processing file /home/airflow/.local/lib/python3.7/site-packages/airflow/example_dags/example_task_group.py for tasks to queue
[2023-04-30T17:54:36.710+0000] {logging_mixin.py:120} INFO - [2023-04-30T17:54:36.710+0000] {dagbag.py:537} INFO - Filling up the DagBag from /home/airflow/.local/lib/python3.7/site-packages/airflow/example_dags/example_task_group.py
[2023-04-30T17:54:36.725+0000] {processor.py:766} INFO - DAG(s) dict_keys(['example_task_group']) retrieved from /home/airflow/.local/lib/python3.7/site-packages/airflow/example_dags/example_task_group.py
[2023-04-30T17:54:36.761+0000] {logging_mixin.py:120} INFO - [2023-04-30T17:54:36.761+0000] {dag.py:2585} INFO - Sync 1 DAGs
[2023-04-30T17:54:36.786+0000] {logging_mixin.py:120} INFO - [2023-04-30T17:54:36.786+0000] {dag.py:3340} INFO - Setting next_dagrun for example_task_group to 2023-04-29T17:54:36.785994+00:00, run_after=2023-04-30T17:54:36.785994+00:00
[2023-04-30T17:54:36.810+0000] {processor.py:176} INFO - Processing /home/airflow/.local/lib/python3.7/site-packages/airflow/example_dags/example_task_group.py took 0.105 seconds
[2023-04-30T17:55:07.384+0000] {processor.py:154} INFO - Started process (PID=811) to work on /home/airflow/.local/lib/python3.7/site-packages/airflow/example_dags/example_task_group.py
[2023-04-30T17:55:07.385+0000] {processor.py:756} INFO - Processing file /home/airflow/.local/lib/python3.7/site-packages/airflow/example_dags/example_task_group.py for tasks to queue
[2023-04-30T17:55:07.385+0000] {logging_mixin.py:120} INFO - [2023-04-30T17:55:07.385+0000] {dagbag.py:537} INFO - Filling up the DagBag from /home/airflow/.local/lib/python3.7/site-packages/airflow/example_dags/example_task_group.py
[2023-04-30T17:55:07.397+0000] {processor.py:766} INFO - DAG(s) dict_keys(['example_task_group']) retrieved from /home/airflow/.local/lib/python3.7/site-packages/airflow/example_dags/example_task_group.py
[2023-04-30T17:55:07.433+0000] {logging_mixin.py:120} INFO - [2023-04-30T17:55:07.433+0000] {dag.py:2585} INFO - Sync 1 DAGs
[2023-04-30T17:55:07.464+0000] {logging_mixin.py:120} INFO - [2023-04-30T17:55:07.464+0000] {dag.py:3340} INFO - Setting next_dagrun for example_task_group to 2023-04-29T17:55:07.464166+00:00, run_after=2023-04-30T17:55:07.464166+00:00
[2023-04-30T17:55:07.488+0000] {processor.py:176} INFO - Processing /home/airflow/.local/lib/python3.7/site-packages/airflow/example_dags/example_task_group.py took 0.105 seconds
[2023-04-30T17:55:38.032+0000] {processor.py:154} INFO - Started process (PID=865) to work on /home/airflow/.local/lib/python3.7/site-packages/airflow/example_dags/example_task_group.py
[2023-04-30T17:55:38.034+0000] {processor.py:756} INFO - Processing file /home/airflow/.local/lib/python3.7/site-packages/airflow/example_dags/example_task_group.py for tasks to queue
[2023-04-30T17:55:38.035+0000] {logging_mixin.py:120} INFO - [2023-04-30T17:55:38.035+0000] {dagbag.py:537} INFO - Filling up the DagBag from /home/airflow/.local/lib/python3.7/site-packages/airflow/example_dags/example_task_group.py
[2023-04-30T17:55:38.047+0000] {processor.py:766} INFO - DAG(s) dict_keys(['example_task_group']) retrieved from /home/airflow/.local/lib/python3.7/site-packages/airflow/example_dags/example_task_group.py
[2023-04-30T17:55:38.083+0000] {logging_mixin.py:120} INFO - [2023-04-30T17:55:38.083+0000] {dag.py:2585} INFO - Sync 1 DAGs
[2023-04-30T17:55:38.108+0000] {logging_mixin.py:120} INFO - [2023-04-30T17:55:38.108+0000] {dag.py:3340} INFO - Setting next_dagrun for example_task_group to 2023-04-29T17:55:38.107908+00:00, run_after=2023-04-30T17:55:38.107908+00:00
[2023-04-30T17:55:38.131+0000] {processor.py:176} INFO - Processing /home/airflow/.local/lib/python3.7/site-packages/airflow/example_dags/example_task_group.py took 0.101 seconds
[2023-04-30T17:56:08.647+0000] {processor.py:154} INFO - Started process (PID=928) to work on /home/airflow/.local/lib/python3.7/site-packages/airflow/example_dags/example_task_group.py
[2023-04-30T17:56:08.648+0000] {processor.py:756} INFO - Processing file /home/airflow/.local/lib/python3.7/site-packages/airflow/example_dags/example_task_group.py for tasks to queue
[2023-04-30T17:56:08.649+0000] {logging_mixin.py:120} INFO - [2023-04-30T17:56:08.649+0000] {dagbag.py:537} INFO - Filling up the DagBag from /home/airflow/.local/lib/python3.7/site-packages/airflow/example_dags/example_task_group.py
[2023-04-30T17:56:08.662+0000] {processor.py:766} INFO - DAG(s) dict_keys(['example_task_group']) retrieved from /home/airflow/.local/lib/python3.7/site-packages/airflow/example_dags/example_task_group.py
[2023-04-30T17:56:08.696+0000] {logging_mixin.py:120} INFO - [2023-04-30T17:56:08.696+0000] {dag.py:2585} INFO - Sync 1 DAGs
[2023-04-30T17:56:08.721+0000] {logging_mixin.py:120} INFO - [2023-04-30T17:56:08.721+0000] {dag.py:3340} INFO - Setting next_dagrun for example_task_group to 2023-04-29T17:56:08.721368+00:00, run_after=2023-04-30T17:56:08.721368+00:00
[2023-04-30T17:56:08.746+0000] {processor.py:176} INFO - Processing /home/airflow/.local/lib/python3.7/site-packages/airflow/example_dags/example_task_group.py took 0.102 seconds
[2023-04-30T17:56:39.276+0000] {processor.py:154} INFO - Started process (PID=992) to work on /home/airflow/.local/lib/python3.7/site-packages/airflow/example_dags/example_task_group.py
[2023-04-30T17:56:39.276+0000] {processor.py:756} INFO - Processing file /home/airflow/.local/lib/python3.7/site-packages/airflow/example_dags/example_task_group.py for tasks to queue
[2023-04-30T17:56:39.277+0000] {logging_mixin.py:120} INFO - [2023-04-30T17:56:39.277+0000] {dagbag.py:537} INFO - Filling up the DagBag from /home/airflow/.local/lib/python3.7/site-packages/airflow/example_dags/example_task_group.py
[2023-04-30T17:56:39.289+0000] {processor.py:766} INFO - DAG(s) dict_keys(['example_task_group']) retrieved from /home/airflow/.local/lib/python3.7/site-packages/airflow/example_dags/example_task_group.py
[2023-04-30T17:56:39.326+0000] {logging_mixin.py:120} INFO - [2023-04-30T17:56:39.326+0000] {dag.py:2585} INFO - Sync 1 DAGs
[2023-04-30T17:56:39.352+0000] {logging_mixin.py:120} INFO - [2023-04-30T17:56:39.352+0000] {dag.py:3340} INFO - Setting next_dagrun for example_task_group to 2023-04-29T17:56:39.352281+00:00, run_after=2023-04-30T17:56:39.352281+00:00
[2023-04-30T17:56:39.377+0000] {processor.py:176} INFO - Processing /home/airflow/.local/lib/python3.7/site-packages/airflow/example_dags/example_task_group.py took 0.104 seconds
[2023-04-30T17:57:09.793+0000] {processor.py:154} INFO - Started process (PID=1047) to work on /home/airflow/.local/lib/python3.7/site-packages/airflow/example_dags/example_task_group.py
[2023-04-30T17:57:09.794+0000] {processor.py:756} INFO - Processing file /home/airflow/.local/lib/python3.7/site-packages/airflow/example_dags/example_task_group.py for tasks to queue
[2023-04-30T17:57:09.795+0000] {logging_mixin.py:120} INFO - [2023-04-30T17:57:09.795+0000] {dagbag.py:537} INFO - Filling up the DagBag from /home/airflow/.local/lib/python3.7/site-packages/airflow/example_dags/example_task_group.py
[2023-04-30T17:57:09.807+0000] {processor.py:766} INFO - DAG(s) dict_keys(['example_task_group']) retrieved from /home/airflow/.local/lib/python3.7/site-packages/airflow/example_dags/example_task_group.py
[2023-04-30T17:57:09.844+0000] {logging_mixin.py:120} INFO - [2023-04-30T17:57:09.844+0000] {dag.py:2585} INFO - Sync 1 DAGs
[2023-04-30T17:57:09.868+0000] {logging_mixin.py:120} INFO - [2023-04-30T17:57:09.868+0000] {dag.py:3340} INFO - Setting next_dagrun for example_task_group to 2023-04-29T17:57:09.868497+00:00, run_after=2023-04-30T17:57:09.868497+00:00
[2023-04-30T17:57:09.893+0000] {processor.py:176} INFO - Processing /home/airflow/.local/lib/python3.7/site-packages/airflow/example_dags/example_task_group.py took 0.103 seconds
[2023-04-30T17:57:40.547+0000] {processor.py:154} INFO - Started process (PID=1110) to work on /home/airflow/.local/lib/python3.7/site-packages/airflow/example_dags/example_task_group.py
[2023-04-30T17:57:40.547+0000] {processor.py:756} INFO - Processing file /home/airflow/.local/lib/python3.7/site-packages/airflow/example_dags/example_task_group.py for tasks to queue
[2023-04-30T17:57:40.548+0000] {logging_mixin.py:120} INFO - [2023-04-30T17:57:40.548+0000] {dagbag.py:537} INFO - Filling up the DagBag from /home/airflow/.local/lib/python3.7/site-packages/airflow/example_dags/example_task_group.py
[2023-04-30T17:57:40.560+0000] {processor.py:766} INFO - DAG(s) dict_keys(['example_task_group']) retrieved from /home/airflow/.local/lib/python3.7/site-packages/airflow/example_dags/example_task_group.py
[2023-04-30T17:57:40.598+0000] {logging_mixin.py:120} INFO - [2023-04-30T17:57:40.598+0000] {dag.py:2585} INFO - Sync 1 DAGs
[2023-04-30T17:57:40.624+0000] {logging_mixin.py:120} INFO - [2023-04-30T17:57:40.624+0000] {dag.py:3340} INFO - Setting next_dagrun for example_task_group to 2023-04-29T17:57:40.624449+00:00, run_after=2023-04-30T17:57:40.624449+00:00
[2023-04-30T17:57:40.647+0000] {processor.py:176} INFO - Processing /home/airflow/.local/lib/python3.7/site-packages/airflow/example_dags/example_task_group.py took 0.103 seconds
[2023-04-30T17:58:11.163+0000] {processor.py:154} INFO - Started process (PID=1180) to work on /home/airflow/.local/lib/python3.7/site-packages/airflow/example_dags/example_task_group.py
[2023-04-30T17:58:11.166+0000] {processor.py:756} INFO - Processing file /home/airflow/.local/lib/python3.7/site-packages/airflow/example_dags/example_task_group.py for tasks to queue
[2023-04-30T17:58:11.167+0000] {logging_mixin.py:120} INFO - [2023-04-30T17:58:11.167+0000] {dagbag.py:537} INFO - Filling up the DagBag from /home/airflow/.local/lib/python3.7/site-packages/airflow/example_dags/example_task_group.py
[2023-04-30T17:58:11.178+0000] {processor.py:766} INFO - DAG(s) dict_keys(['example_task_group']) retrieved from /home/airflow/.local/lib/python3.7/site-packages/airflow/example_dags/example_task_group.py
[2023-04-30T17:58:11.213+0000] {logging_mixin.py:120} INFO - [2023-04-30T17:58:11.213+0000] {dag.py:2585} INFO - Sync 1 DAGs
[2023-04-30T17:58:11.239+0000] {logging_mixin.py:120} INFO - [2023-04-30T17:58:11.239+0000] {dag.py:3340} INFO - Setting next_dagrun for example_task_group to 2023-04-29T17:58:11.239450+00:00, run_after=2023-04-30T17:58:11.239450+00:00
[2023-04-30T17:58:11.272+0000] {processor.py:176} INFO - Processing /home/airflow/.local/lib/python3.7/site-packages/airflow/example_dags/example_task_group.py took 0.112 seconds
[2023-04-30T17:58:41.797+0000] {processor.py:154} INFO - Started process (PID=1234) to work on /home/airflow/.local/lib/python3.7/site-packages/airflow/example_dags/example_task_group.py
[2023-04-30T17:58:41.799+0000] {processor.py:756} INFO - Processing file /home/airflow/.local/lib/python3.7/site-packages/airflow/example_dags/example_task_group.py for tasks to queue
[2023-04-30T17:58:41.799+0000] {logging_mixin.py:120} INFO - [2023-04-30T17:58:41.799+0000] {dagbag.py:537} INFO - Filling up the DagBag from /home/airflow/.local/lib/python3.7/site-packages/airflow/example_dags/example_task_group.py
[2023-04-30T17:58:41.811+0000] {processor.py:766} INFO - DAG(s) dict_keys(['example_task_group']) retrieved from /home/airflow/.local/lib/python3.7/site-packages/airflow/example_dags/example_task_group.py
[2023-04-30T17:58:41.848+0000] {logging_mixin.py:120} INFO - [2023-04-30T17:58:41.848+0000] {dag.py:2585} INFO - Sync 1 DAGs
[2023-04-30T17:58:41.883+0000] {logging_mixin.py:120} INFO - [2023-04-30T17:58:41.883+0000] {dag.py:3340} INFO - Setting next_dagrun for example_task_group to 2023-04-29T17:58:41.883146+00:00, run_after=2023-04-30T17:58:41.883146+00:00
[2023-04-30T17:58:41.915+0000] {processor.py:176} INFO - Processing /home/airflow/.local/lib/python3.7/site-packages/airflow/example_dags/example_task_group.py took 0.120 seconds
[2023-04-30T17:59:12.698+0000] {processor.py:154} INFO - Started process (PID=1297) to work on /home/airflow/.local/lib/python3.7/site-packages/airflow/example_dags/example_task_group.py
[2023-04-30T17:59:12.699+0000] {processor.py:756} INFO - Processing file /home/airflow/.local/lib/python3.7/site-packages/airflow/example_dags/example_task_group.py for tasks to queue
[2023-04-30T17:59:12.699+0000] {logging_mixin.py:120} INFO - [2023-04-30T17:59:12.699+0000] {dagbag.py:537} INFO - Filling up the DagBag from /home/airflow/.local/lib/python3.7/site-packages/airflow/example_dags/example_task_group.py
[2023-04-30T17:59:12.712+0000] {processor.py:766} INFO - DAG(s) dict_keys(['example_task_group']) retrieved from /home/airflow/.local/lib/python3.7/site-packages/airflow/example_dags/example_task_group.py
[2023-04-30T17:59:12.751+0000] {logging_mixin.py:120} INFO - [2023-04-30T17:59:12.750+0000] {dag.py:2585} INFO - Sync 1 DAGs
[2023-04-30T17:59:12.775+0000] {logging_mixin.py:120} INFO - [2023-04-30T17:59:12.775+0000] {dag.py:3340} INFO - Setting next_dagrun for example_task_group to 2023-04-29T17:59:12.775288+00:00, run_after=2023-04-30T17:59:12.775288+00:00
[2023-04-30T17:59:12.801+0000] {processor.py:176} INFO - Processing /home/airflow/.local/lib/python3.7/site-packages/airflow/example_dags/example_task_group.py took 0.106 seconds
[2023-04-30T17:59:43.359+0000] {processor.py:154} INFO - Started process (PID=1360) to work on /home/airflow/.local/lib/python3.7/site-packages/airflow/example_dags/example_task_group.py
[2023-04-30T17:59:43.360+0000] {processor.py:756} INFO - Processing file /home/airflow/.local/lib/python3.7/site-packages/airflow/example_dags/example_task_group.py for tasks to queue
[2023-04-30T17:59:43.361+0000] {logging_mixin.py:120} INFO - [2023-04-30T17:59:43.361+0000] {dagbag.py:537} INFO - Filling up the DagBag from /home/airflow/.local/lib/python3.7/site-packages/airflow/example_dags/example_task_group.py
[2023-04-30T17:59:43.375+0000] {processor.py:766} INFO - DAG(s) dict_keys(['example_task_group']) retrieved from /home/airflow/.local/lib/python3.7/site-packages/airflow/example_dags/example_task_group.py
[2023-04-30T17:59:43.416+0000] {logging_mixin.py:120} INFO - [2023-04-30T17:59:43.416+0000] {dag.py:2585} INFO - Sync 1 DAGs
[2023-04-30T17:59:43.457+0000] {logging_mixin.py:120} INFO - [2023-04-30T17:59:43.457+0000] {dag.py:3340} INFO - Setting next_dagrun for example_task_group to 2023-04-29T17:59:43.456856+00:00, run_after=2023-04-30T17:59:43.456856+00:00
[2023-04-30T17:59:43.482+0000] {processor.py:176} INFO - Processing /home/airflow/.local/lib/python3.7/site-packages/airflow/example_dags/example_task_group.py took 0.125 seconds
[2023-04-30T18:00:14.044+0000] {processor.py:154} INFO - Started process (PID=1424) to work on /home/airflow/.local/lib/python3.7/site-packages/airflow/example_dags/example_task_group.py
[2023-04-30T18:00:14.045+0000] {processor.py:756} INFO - Processing file /home/airflow/.local/lib/python3.7/site-packages/airflow/example_dags/example_task_group.py for tasks to queue
[2023-04-30T18:00:14.046+0000] {logging_mixin.py:120} INFO - [2023-04-30T18:00:14.046+0000] {dagbag.py:537} INFO - Filling up the DagBag from /home/airflow/.local/lib/python3.7/site-packages/airflow/example_dags/example_task_group.py
[2023-04-30T18:00:14.063+0000] {processor.py:766} INFO - DAG(s) dict_keys(['example_task_group']) retrieved from /home/airflow/.local/lib/python3.7/site-packages/airflow/example_dags/example_task_group.py
[2023-04-30T18:00:14.109+0000] {logging_mixin.py:120} INFO - [2023-04-30T18:00:14.109+0000] {dag.py:2585} INFO - Sync 1 DAGs
[2023-04-30T18:00:14.140+0000] {logging_mixin.py:120} INFO - [2023-04-30T18:00:14.140+0000] {dag.py:3340} INFO - Setting next_dagrun for example_task_group to 2023-04-29T18:00:14.139872+00:00, run_after=2023-04-30T18:00:14.139872+00:00
[2023-04-30T18:00:14.171+0000] {processor.py:176} INFO - Processing /home/airflow/.local/lib/python3.7/site-packages/airflow/example_dags/example_task_group.py took 0.129 seconds
[2023-04-30T18:00:44.687+0000] {processor.py:154} INFO - Started process (PID=1479) to work on /home/airflow/.local/lib/python3.7/site-packages/airflow/example_dags/example_task_group.py
[2023-04-30T18:00:44.687+0000] {processor.py:756} INFO - Processing file /home/airflow/.local/lib/python3.7/site-packages/airflow/example_dags/example_task_group.py for tasks to queue
[2023-04-30T18:00:44.688+0000] {logging_mixin.py:120} INFO - [2023-04-30T18:00:44.688+0000] {dagbag.py:537} INFO - Filling up the DagBag from /home/airflow/.local/lib/python3.7/site-packages/airflow/example_dags/example_task_group.py
[2023-04-30T18:00:44.699+0000] {processor.py:766} INFO - DAG(s) dict_keys(['example_task_group']) retrieved from /home/airflow/.local/lib/python3.7/site-packages/airflow/example_dags/example_task_group.py
[2023-04-30T18:00:44.742+0000] {logging_mixin.py:120} INFO - [2023-04-30T18:00:44.742+0000] {dag.py:2585} INFO - Sync 1 DAGs
[2023-04-30T18:00:44.771+0000] {logging_mixin.py:120} INFO - [2023-04-30T18:00:44.770+0000] {dag.py:3340} INFO - Setting next_dagrun for example_task_group to 2023-04-29T18:00:44.770665+00:00, run_after=2023-04-30T18:00:44.770665+00:00
[2023-04-30T18:00:44.799+0000] {processor.py:176} INFO - Processing /home/airflow/.local/lib/python3.7/site-packages/airflow/example_dags/example_task_group.py took 0.115 seconds
[2023-04-30T18:01:15.551+0000] {processor.py:154} INFO - Started process (PID=1542) to work on /home/airflow/.local/lib/python3.7/site-packages/airflow/example_dags/example_task_group.py
[2023-04-30T18:01:15.552+0000] {processor.py:756} INFO - Processing file /home/airflow/.local/lib/python3.7/site-packages/airflow/example_dags/example_task_group.py for tasks to queue
[2023-04-30T18:01:15.553+0000] {logging_mixin.py:120} INFO - [2023-04-30T18:01:15.553+0000] {dagbag.py:537} INFO - Filling up the DagBag from /home/airflow/.local/lib/python3.7/site-packages/airflow/example_dags/example_task_group.py
[2023-04-30T18:01:15.565+0000] {processor.py:766} INFO - DAG(s) dict_keys(['example_task_group']) retrieved from /home/airflow/.local/lib/python3.7/site-packages/airflow/example_dags/example_task_group.py
[2023-04-30T18:01:15.602+0000] {logging_mixin.py:120} INFO - [2023-04-30T18:01:15.602+0000] {dag.py:2585} INFO - Sync 1 DAGs
[2023-04-30T18:01:15.627+0000] {logging_mixin.py:120} INFO - [2023-04-30T18:01:15.627+0000] {dag.py:3340} INFO - Setting next_dagrun for example_task_group to 2023-04-29T18:01:15.627568+00:00, run_after=2023-04-30T18:01:15.627568+00:00
[2023-04-30T18:01:15.651+0000] {processor.py:176} INFO - Processing /home/airflow/.local/lib/python3.7/site-packages/airflow/example_dags/example_task_group.py took 0.102 seconds
[2023-04-30T18:01:46.161+0000] {processor.py:154} INFO - Started process (PID=1605) to work on /home/airflow/.local/lib/python3.7/site-packages/airflow/example_dags/example_task_group.py
[2023-04-30T18:01:46.162+0000] {processor.py:756} INFO - Processing file /home/airflow/.local/lib/python3.7/site-packages/airflow/example_dags/example_task_group.py for tasks to queue
[2023-04-30T18:01:46.163+0000] {logging_mixin.py:120} INFO - [2023-04-30T18:01:46.163+0000] {dagbag.py:537} INFO - Filling up the DagBag from /home/airflow/.local/lib/python3.7/site-packages/airflow/example_dags/example_task_group.py
[2023-04-30T18:01:46.176+0000] {processor.py:766} INFO - DAG(s) dict_keys(['example_task_group']) retrieved from /home/airflow/.local/lib/python3.7/site-packages/airflow/example_dags/example_task_group.py
[2023-04-30T18:01:46.212+0000] {logging_mixin.py:120} INFO - [2023-04-30T18:01:46.212+0000] {dag.py:2585} INFO - Sync 1 DAGs
[2023-04-30T18:01:46.237+0000] {logging_mixin.py:120} INFO - [2023-04-30T18:01:46.237+0000] {dag.py:3340} INFO - Setting next_dagrun for example_task_group to 2023-04-29T18:01:46.237596+00:00, run_after=2023-04-30T18:01:46.237596+00:00
[2023-04-30T18:01:46.262+0000] {processor.py:176} INFO - Processing /home/airflow/.local/lib/python3.7/site-packages/airflow/example_dags/example_task_group.py took 0.102 seconds
[2023-04-30T18:02:16.556+0000] {processor.py:154} INFO - Started process (PID=1659) to work on /home/airflow/.local/lib/python3.7/site-packages/airflow/example_dags/example_task_group.py
[2023-04-30T18:02:16.557+0000] {processor.py:756} INFO - Processing file /home/airflow/.local/lib/python3.7/site-packages/airflow/example_dags/example_task_group.py for tasks to queue
[2023-04-30T18:02:16.558+0000] {logging_mixin.py:120} INFO - [2023-04-30T18:02:16.557+0000] {dagbag.py:537} INFO - Filling up the DagBag from /home/airflow/.local/lib/python3.7/site-packages/airflow/example_dags/example_task_group.py
[2023-04-30T18:02:16.570+0000] {processor.py:766} INFO - DAG(s) dict_keys(['example_task_group']) retrieved from /home/airflow/.local/lib/python3.7/site-packages/airflow/example_dags/example_task_group.py
[2023-04-30T18:02:16.609+0000] {logging_mixin.py:120} INFO - [2023-04-30T18:02:16.608+0000] {dag.py:2585} INFO - Sync 1 DAGs
[2023-04-30T18:02:16.636+0000] {logging_mixin.py:120} INFO - [2023-04-30T18:02:16.636+0000] {dag.py:3340} INFO - Setting next_dagrun for example_task_group to 2023-04-29T18:02:16.636303+00:00, run_after=2023-04-30T18:02:16.636303+00:00
[2023-04-30T18:02:16.659+0000] {processor.py:176} INFO - Processing /home/airflow/.local/lib/python3.7/site-packages/airflow/example_dags/example_task_group.py took 0.106 seconds
[2023-04-30T18:02:47.040+0000] {processor.py:154} INFO - Started process (PID=1722) to work on /home/airflow/.local/lib/python3.7/site-packages/airflow/example_dags/example_task_group.py
[2023-04-30T18:02:47.041+0000] {processor.py:756} INFO - Processing file /home/airflow/.local/lib/python3.7/site-packages/airflow/example_dags/example_task_group.py for tasks to queue
[2023-04-30T18:02:47.041+0000] {logging_mixin.py:120} INFO - [2023-04-30T18:02:47.041+0000] {dagbag.py:537} INFO - Filling up the DagBag from /home/airflow/.local/lib/python3.7/site-packages/airflow/example_dags/example_task_group.py
[2023-04-30T18:02:47.053+0000] {processor.py:766} INFO - DAG(s) dict_keys(['example_task_group']) retrieved from /home/airflow/.local/lib/python3.7/site-packages/airflow/example_dags/example_task_group.py
[2023-04-30T18:02:47.095+0000] {logging_mixin.py:120} INFO - [2023-04-30T18:02:47.095+0000] {dag.py:2585} INFO - Sync 1 DAGs
[2023-04-30T18:02:47.122+0000] {logging_mixin.py:120} INFO - [2023-04-30T18:02:47.121+0000] {dag.py:3340} INFO - Setting next_dagrun for example_task_group to 2023-04-29T18:02:47.121593+00:00, run_after=2023-04-30T18:02:47.121593+00:00
[2023-04-30T18:02:47.147+0000] {processor.py:176} INFO - Processing /home/airflow/.local/lib/python3.7/site-packages/airflow/example_dags/example_task_group.py took 0.110 seconds
[2023-04-30T18:03:17.658+0000] {processor.py:154} INFO - Started process (PID=1785) to work on /home/airflow/.local/lib/python3.7/site-packages/airflow/example_dags/example_task_group.py
[2023-04-30T18:03:17.660+0000] {processor.py:756} INFO - Processing file /home/airflow/.local/lib/python3.7/site-packages/airflow/example_dags/example_task_group.py for tasks to queue
[2023-04-30T18:03:17.660+0000] {logging_mixin.py:120} INFO - [2023-04-30T18:03:17.660+0000] {dagbag.py:537} INFO - Filling up the DagBag from /home/airflow/.local/lib/python3.7/site-packages/airflow/example_dags/example_task_group.py
[2023-04-30T18:03:17.673+0000] {processor.py:766} INFO - DAG(s) dict_keys(['example_task_group']) retrieved from /home/airflow/.local/lib/python3.7/site-packages/airflow/example_dags/example_task_group.py
[2023-04-30T18:03:17.711+0000] {logging_mixin.py:120} INFO - [2023-04-30T18:03:17.711+0000] {dag.py:2585} INFO - Sync 1 DAGs
[2023-04-30T18:03:17.738+0000] {logging_mixin.py:120} INFO - [2023-04-30T18:03:17.737+0000] {dag.py:3340} INFO - Setting next_dagrun for example_task_group to 2023-04-29T18:03:17.737736+00:00, run_after=2023-04-30T18:03:17.737736+00:00
[2023-04-30T18:03:17.764+0000] {processor.py:176} INFO - Processing /home/airflow/.local/lib/python3.7/site-packages/airflow/example_dags/example_task_group.py took 0.108 seconds
[2023-04-30T18:03:48.175+0000] {processor.py:154} INFO - Started process (PID=1840) to work on /home/airflow/.local/lib/python3.7/site-packages/airflow/example_dags/example_task_group.py
[2023-04-30T18:03:48.176+0000] {processor.py:756} INFO - Processing file /home/airflow/.local/lib/python3.7/site-packages/airflow/example_dags/example_task_group.py for tasks to queue
[2023-04-30T18:03:48.177+0000] {logging_mixin.py:120} INFO - [2023-04-30T18:03:48.177+0000] {dagbag.py:537} INFO - Filling up the DagBag from /home/airflow/.local/lib/python3.7/site-packages/airflow/example_dags/example_task_group.py
[2023-04-30T18:03:48.189+0000] {processor.py:766} INFO - DAG(s) dict_keys(['example_task_group']) retrieved from /home/airflow/.local/lib/python3.7/site-packages/airflow/example_dags/example_task_group.py
[2023-04-30T18:03:48.229+0000] {logging_mixin.py:120} INFO - [2023-04-30T18:03:48.229+0000] {dag.py:2585} INFO - Sync 1 DAGs
[2023-04-30T18:03:48.256+0000] {logging_mixin.py:120} INFO - [2023-04-30T18:03:48.255+0000] {dag.py:3340} INFO - Setting next_dagrun for example_task_group to 2023-04-29T18:03:48.255611+00:00, run_after=2023-04-30T18:03:48.255611+00:00
[2023-04-30T18:03:48.283+0000] {processor.py:176} INFO - Processing /home/airflow/.local/lib/python3.7/site-packages/airflow/example_dags/example_task_group.py took 0.111 seconds
[2023-04-30T18:04:18.735+0000] {processor.py:154} INFO - Started process (PID=1903) to work on /home/airflow/.local/lib/python3.7/site-packages/airflow/example_dags/example_task_group.py
[2023-04-30T18:04:18.735+0000] {processor.py:756} INFO - Processing file /home/airflow/.local/lib/python3.7/site-packages/airflow/example_dags/example_task_group.py for tasks to queue
[2023-04-30T18:04:18.736+0000] {logging_mixin.py:120} INFO - [2023-04-30T18:04:18.736+0000] {dagbag.py:537} INFO - Filling up the DagBag from /home/airflow/.local/lib/python3.7/site-packages/airflow/example_dags/example_task_group.py
[2023-04-30T18:04:18.748+0000] {processor.py:766} INFO - DAG(s) dict_keys(['example_task_group']) retrieved from /home/airflow/.local/lib/python3.7/site-packages/airflow/example_dags/example_task_group.py
[2023-04-30T18:04:18.786+0000] {logging_mixin.py:120} INFO - [2023-04-30T18:04:18.786+0000] {dag.py:2585} INFO - Sync 1 DAGs
[2023-04-30T18:04:18.812+0000] {logging_mixin.py:120} INFO - [2023-04-30T18:04:18.812+0000] {dag.py:3340} INFO - Setting next_dagrun for example_task_group to 2023-04-29T18:04:18.811975+00:00, run_after=2023-04-30T18:04:18.811975+00:00
[2023-04-30T18:04:18.835+0000] {processor.py:176} INFO - Processing /home/airflow/.local/lib/python3.7/site-packages/airflow/example_dags/example_task_group.py took 0.103 seconds
[2023-04-30T18:04:49.316+0000] {processor.py:154} INFO - Started process (PID=1967) to work on /home/airflow/.local/lib/python3.7/site-packages/airflow/example_dags/example_task_group.py
[2023-04-30T18:04:49.317+0000] {processor.py:756} INFO - Processing file /home/airflow/.local/lib/python3.7/site-packages/airflow/example_dags/example_task_group.py for tasks to queue
[2023-04-30T18:04:49.318+0000] {logging_mixin.py:120} INFO - [2023-04-30T18:04:49.318+0000] {dagbag.py:537} INFO - Filling up the DagBag from /home/airflow/.local/lib/python3.7/site-packages/airflow/example_dags/example_task_group.py
[2023-04-30T18:04:49.330+0000] {processor.py:766} INFO - DAG(s) dict_keys(['example_task_group']) retrieved from /home/airflow/.local/lib/python3.7/site-packages/airflow/example_dags/example_task_group.py
[2023-04-30T18:04:49.367+0000] {logging_mixin.py:120} INFO - [2023-04-30T18:04:49.367+0000] {dag.py:2585} INFO - Sync 1 DAGs
[2023-04-30T18:04:49.396+0000] {logging_mixin.py:120} INFO - [2023-04-30T18:04:49.396+0000] {dag.py:3340} INFO - Setting next_dagrun for example_task_group to 2023-04-29T18:04:49.395962+00:00, run_after=2023-04-30T18:04:49.395962+00:00
[2023-04-30T18:04:49.422+0000] {processor.py:176} INFO - Processing /home/airflow/.local/lib/python3.7/site-packages/airflow/example_dags/example_task_group.py took 0.108 seconds
[2023-04-30T18:05:20.003+0000] {processor.py:154} INFO - Started process (PID=2031) to work on /home/airflow/.local/lib/python3.7/site-packages/airflow/example_dags/example_task_group.py
[2023-04-30T18:05:20.004+0000] {processor.py:756} INFO - Processing file /home/airflow/.local/lib/python3.7/site-packages/airflow/example_dags/example_task_group.py for tasks to queue
[2023-04-30T18:05:20.005+0000] {logging_mixin.py:120} INFO - [2023-04-30T18:05:20.005+0000] {dagbag.py:537} INFO - Filling up the DagBag from /home/airflow/.local/lib/python3.7/site-packages/airflow/example_dags/example_task_group.py
[2023-04-30T18:05:20.017+0000] {processor.py:766} INFO - DAG(s) dict_keys(['example_task_group']) retrieved from /home/airflow/.local/lib/python3.7/site-packages/airflow/example_dags/example_task_group.py
[2023-04-30T18:05:20.053+0000] {logging_mixin.py:120} INFO - [2023-04-30T18:05:20.053+0000] {dag.py:2585} INFO - Sync 1 DAGs
[2023-04-30T18:05:20.079+0000] {logging_mixin.py:120} INFO - [2023-04-30T18:05:20.079+0000] {dag.py:3340} INFO - Setting next_dagrun for example_task_group to 2023-04-29T18:05:20.079616+00:00, run_after=2023-04-30T18:05:20.079616+00:00
[2023-04-30T18:05:20.105+0000] {processor.py:176} INFO - Processing /home/airflow/.local/lib/python3.7/site-packages/airflow/example_dags/example_task_group.py took 0.105 seconds
[2023-04-30T18:05:50.592+0000] {processor.py:154} INFO - Started process (PID=2085) to work on /home/airflow/.local/lib/python3.7/site-packages/airflow/example_dags/example_task_group.py
[2023-04-30T18:05:50.593+0000] {processor.py:756} INFO - Processing file /home/airflow/.local/lib/python3.7/site-packages/airflow/example_dags/example_task_group.py for tasks to queue
[2023-04-30T18:05:50.594+0000] {logging_mixin.py:120} INFO - [2023-04-30T18:05:50.594+0000] {dagbag.py:537} INFO - Filling up the DagBag from /home/airflow/.local/lib/python3.7/site-packages/airflow/example_dags/example_task_group.py
[2023-04-30T18:05:50.607+0000] {processor.py:766} INFO - DAG(s) dict_keys(['example_task_group']) retrieved from /home/airflow/.local/lib/python3.7/site-packages/airflow/example_dags/example_task_group.py
[2023-04-30T18:05:50.643+0000] {logging_mixin.py:120} INFO - [2023-04-30T18:05:50.642+0000] {dag.py:2585} INFO - Sync 1 DAGs
[2023-04-30T18:05:50.669+0000] {logging_mixin.py:120} INFO - [2023-04-30T18:05:50.669+0000] {dag.py:3340} INFO - Setting next_dagrun for example_task_group to 2023-04-29T18:05:50.669367+00:00, run_after=2023-04-30T18:05:50.669367+00:00
[2023-04-30T18:05:50.693+0000] {processor.py:176} INFO - Processing /home/airflow/.local/lib/python3.7/site-packages/airflow/example_dags/example_task_group.py took 0.103 seconds
[2023-04-30T18:06:21.071+0000] {processor.py:154} INFO - Started process (PID=2148) to work on /home/airflow/.local/lib/python3.7/site-packages/airflow/example_dags/example_task_group.py
[2023-04-30T18:06:21.071+0000] {processor.py:756} INFO - Processing file /home/airflow/.local/lib/python3.7/site-packages/airflow/example_dags/example_task_group.py for tasks to queue
[2023-04-30T18:06:21.072+0000] {logging_mixin.py:120} INFO - [2023-04-30T18:06:21.072+0000] {dagbag.py:537} INFO - Filling up the DagBag from /home/airflow/.local/lib/python3.7/site-packages/airflow/example_dags/example_task_group.py
[2023-04-30T18:06:21.084+0000] {processor.py:766} INFO - DAG(s) dict_keys(['example_task_group']) retrieved from /home/airflow/.local/lib/python3.7/site-packages/airflow/example_dags/example_task_group.py
[2023-04-30T18:06:21.119+0000] {logging_mixin.py:120} INFO - [2023-04-30T18:06:21.119+0000] {dag.py:2585} INFO - Sync 1 DAGs
[2023-04-30T18:06:21.145+0000] {logging_mixin.py:120} INFO - [2023-04-30T18:06:21.145+0000] {dag.py:3340} INFO - Setting next_dagrun for example_task_group to 2023-04-29T18:06:21.145391+00:00, run_after=2023-04-30T18:06:21.145391+00:00
[2023-04-30T18:06:21.172+0000] {processor.py:176} INFO - Processing /home/airflow/.local/lib/python3.7/site-packages/airflow/example_dags/example_task_group.py took 0.103 seconds
[2023-04-30T18:06:51.593+0000] {processor.py:154} INFO - Started process (PID=2211) to work on /home/airflow/.local/lib/python3.7/site-packages/airflow/example_dags/example_task_group.py
[2023-04-30T18:06:51.602+0000] {processor.py:756} INFO - Processing file /home/airflow/.local/lib/python3.7/site-packages/airflow/example_dags/example_task_group.py for tasks to queue
[2023-04-30T18:06:51.602+0000] {logging_mixin.py:120} INFO - [2023-04-30T18:06:51.602+0000] {dagbag.py:537} INFO - Filling up the DagBag from /home/airflow/.local/lib/python3.7/site-packages/airflow/example_dags/example_task_group.py
[2023-04-30T18:06:51.614+0000] {processor.py:766} INFO - DAG(s) dict_keys(['example_task_group']) retrieved from /home/airflow/.local/lib/python3.7/site-packages/airflow/example_dags/example_task_group.py
[2023-04-30T18:06:51.649+0000] {logging_mixin.py:120} INFO - [2023-04-30T18:06:51.649+0000] {dag.py:2585} INFO - Sync 1 DAGs
[2023-04-30T18:06:51.673+0000] {logging_mixin.py:120} INFO - [2023-04-30T18:06:51.673+0000] {dag.py:3340} INFO - Setting next_dagrun for example_task_group to 2023-04-29T18:06:51.672861+00:00, run_after=2023-04-30T18:06:51.672861+00:00
[2023-04-30T18:06:51.695+0000] {processor.py:176} INFO - Processing /home/airflow/.local/lib/python3.7/site-packages/airflow/example_dags/example_task_group.py took 0.104 seconds
[2023-04-30T18:07:22.163+0000] {processor.py:154} INFO - Started process (PID=2265) to work on /home/airflow/.local/lib/python3.7/site-packages/airflow/example_dags/example_task_group.py
[2023-04-30T18:07:22.164+0000] {processor.py:756} INFO - Processing file /home/airflow/.local/lib/python3.7/site-packages/airflow/example_dags/example_task_group.py for tasks to queue
[2023-04-30T18:07:22.164+0000] {logging_mixin.py:120} INFO - [2023-04-30T18:07:22.164+0000] {dagbag.py:537} INFO - Filling up the DagBag from /home/airflow/.local/lib/python3.7/site-packages/airflow/example_dags/example_task_group.py
[2023-04-30T18:07:22.176+0000] {processor.py:766} INFO - DAG(s) dict_keys(['example_task_group']) retrieved from /home/airflow/.local/lib/python3.7/site-packages/airflow/example_dags/example_task_group.py
[2023-04-30T18:07:22.211+0000] {logging_mixin.py:120} INFO - [2023-04-30T18:07:22.211+0000] {dag.py:2585} INFO - Sync 1 DAGs
[2023-04-30T18:07:22.236+0000] {logging_mixin.py:120} INFO - [2023-04-30T18:07:22.236+0000] {dag.py:3340} INFO - Setting next_dagrun for example_task_group to 2023-04-29T18:07:22.236198+00:00, run_after=2023-04-30T18:07:22.236198+00:00
[2023-04-30T18:07:22.259+0000] {processor.py:176} INFO - Processing /home/airflow/.local/lib/python3.7/site-packages/airflow/example_dags/example_task_group.py took 0.098 seconds
[2023-04-30T18:07:52.632+0000] {processor.py:154} INFO - Started process (PID=2328) to work on /home/airflow/.local/lib/python3.7/site-packages/airflow/example_dags/example_task_group.py
[2023-04-30T18:07:52.634+0000] {processor.py:756} INFO - Processing file /home/airflow/.local/lib/python3.7/site-packages/airflow/example_dags/example_task_group.py for tasks to queue
[2023-04-30T18:07:52.634+0000] {logging_mixin.py:120} INFO - [2023-04-30T18:07:52.634+0000] {dagbag.py:537} INFO - Filling up the DagBag from /home/airflow/.local/lib/python3.7/site-packages/airflow/example_dags/example_task_group.py
[2023-04-30T18:07:52.646+0000] {processor.py:766} INFO - DAG(s) dict_keys(['example_task_group']) retrieved from /home/airflow/.local/lib/python3.7/site-packages/airflow/example_dags/example_task_group.py
[2023-04-30T18:07:52.680+0000] {logging_mixin.py:120} INFO - [2023-04-30T18:07:52.680+0000] {dag.py:2585} INFO - Sync 1 DAGs
[2023-04-30T18:07:52.707+0000] {logging_mixin.py:120} INFO - [2023-04-30T18:07:52.707+0000] {dag.py:3340} INFO - Setting next_dagrun for example_task_group to 2023-04-29T18:07:52.707069+00:00, run_after=2023-04-30T18:07:52.707069+00:00
[2023-04-30T18:07:52.731+0000] {processor.py:176} INFO - Processing /home/airflow/.local/lib/python3.7/site-packages/airflow/example_dags/example_task_group.py took 0.101 seconds
[2023-04-30T18:08:23.174+0000] {processor.py:154} INFO - Started process (PID=2391) to work on /home/airflow/.local/lib/python3.7/site-packages/airflow/example_dags/example_task_group.py
[2023-04-30T18:08:23.174+0000] {processor.py:756} INFO - Processing file /home/airflow/.local/lib/python3.7/site-packages/airflow/example_dags/example_task_group.py for tasks to queue
[2023-04-30T18:08:23.175+0000] {logging_mixin.py:120} INFO - [2023-04-30T18:08:23.175+0000] {dagbag.py:537} INFO - Filling up the DagBag from /home/airflow/.local/lib/python3.7/site-packages/airflow/example_dags/example_task_group.py
[2023-04-30T18:08:23.187+0000] {processor.py:766} INFO - DAG(s) dict_keys(['example_task_group']) retrieved from /home/airflow/.local/lib/python3.7/site-packages/airflow/example_dags/example_task_group.py
[2023-04-30T18:08:23.225+0000] {logging_mixin.py:120} INFO - [2023-04-30T18:08:23.225+0000] {dag.py:2585} INFO - Sync 1 DAGs
[2023-04-30T18:08:23.249+0000] {logging_mixin.py:120} INFO - [2023-04-30T18:08:23.249+0000] {dag.py:3340} INFO - Setting next_dagrun for example_task_group to 2023-04-29T18:08:23.249588+00:00, run_after=2023-04-30T18:08:23.249588+00:00
[2023-04-30T18:08:23.274+0000] {processor.py:176} INFO - Processing /home/airflow/.local/lib/python3.7/site-packages/airflow/example_dags/example_task_group.py took 0.102 seconds
[2023-04-30T18:08:53.715+0000] {processor.py:154} INFO - Started process (PID=2445) to work on /home/airflow/.local/lib/python3.7/site-packages/airflow/example_dags/example_task_group.py
[2023-04-30T18:08:53.723+0000] {processor.py:756} INFO - Processing file /home/airflow/.local/lib/python3.7/site-packages/airflow/example_dags/example_task_group.py for tasks to queue
[2023-04-30T18:08:53.724+0000] {logging_mixin.py:120} INFO - [2023-04-30T18:08:53.723+0000] {dagbag.py:537} INFO - Filling up the DagBag from /home/airflow/.local/lib/python3.7/site-packages/airflow/example_dags/example_task_group.py
[2023-04-30T18:08:53.735+0000] {processor.py:766} INFO - DAG(s) dict_keys(['example_task_group']) retrieved from /home/airflow/.local/lib/python3.7/site-packages/airflow/example_dags/example_task_group.py
[2023-04-30T18:08:53.769+0000] {logging_mixin.py:120} INFO - [2023-04-30T18:08:53.769+0000] {dag.py:2585} INFO - Sync 1 DAGs
[2023-04-30T18:08:53.794+0000] {logging_mixin.py:120} INFO - [2023-04-30T18:08:53.794+0000] {dag.py:3340} INFO - Setting next_dagrun for example_task_group to 2023-04-29T18:08:53.794211+00:00, run_after=2023-04-30T18:08:53.794211+00:00
[2023-04-30T18:08:53.817+0000] {processor.py:176} INFO - Processing /home/airflow/.local/lib/python3.7/site-packages/airflow/example_dags/example_task_group.py took 0.105 seconds
[2023-04-30T18:09:24.436+0000] {processor.py:154} INFO - Started process (PID=2508) to work on /home/airflow/.local/lib/python3.7/site-packages/airflow/example_dags/example_task_group.py
[2023-04-30T18:09:24.436+0000] {processor.py:756} INFO - Processing file /home/airflow/.local/lib/python3.7/site-packages/airflow/example_dags/example_task_group.py for tasks to queue
[2023-04-30T18:09:24.437+0000] {logging_mixin.py:120} INFO - [2023-04-30T18:09:24.437+0000] {dagbag.py:537} INFO - Filling up the DagBag from /home/airflow/.local/lib/python3.7/site-packages/airflow/example_dags/example_task_group.py
[2023-04-30T18:09:24.449+0000] {processor.py:766} INFO - DAG(s) dict_keys(['example_task_group']) retrieved from /home/airflow/.local/lib/python3.7/site-packages/airflow/example_dags/example_task_group.py
[2023-04-30T18:09:24.490+0000] {logging_mixin.py:120} INFO - [2023-04-30T18:09:24.490+0000] {dag.py:2585} INFO - Sync 1 DAGs
[2023-04-30T18:09:24.516+0000] {logging_mixin.py:120} INFO - [2023-04-30T18:09:24.516+0000] {dag.py:3340} INFO - Setting next_dagrun for example_task_group to 2023-04-29T18:09:24.516494+00:00, run_after=2023-04-30T18:09:24.516494+00:00
[2023-04-30T18:09:24.541+0000] {processor.py:176} INFO - Processing /home/airflow/.local/lib/python3.7/site-packages/airflow/example_dags/example_task_group.py took 0.107 seconds
[2023-04-30T18:09:55.054+0000] {processor.py:154} INFO - Started process (PID=2571) to work on /home/airflow/.local/lib/python3.7/site-packages/airflow/example_dags/example_task_group.py
[2023-04-30T18:09:55.062+0000] {processor.py:756} INFO - Processing file /home/airflow/.local/lib/python3.7/site-packages/airflow/example_dags/example_task_group.py for tasks to queue
[2023-04-30T18:09:55.063+0000] {logging_mixin.py:120} INFO - [2023-04-30T18:09:55.063+0000] {dagbag.py:537} INFO - Filling up the DagBag from /home/airflow/.local/lib/python3.7/site-packages/airflow/example_dags/example_task_group.py
[2023-04-30T18:09:55.075+0000] {processor.py:766} INFO - DAG(s) dict_keys(['example_task_group']) retrieved from /home/airflow/.local/lib/python3.7/site-packages/airflow/example_dags/example_task_group.py
[2023-04-30T18:09:55.111+0000] {logging_mixin.py:120} INFO - [2023-04-30T18:09:55.110+0000] {dag.py:2585} INFO - Sync 1 DAGs
[2023-04-30T18:09:55.137+0000] {logging_mixin.py:120} INFO - [2023-04-30T18:09:55.137+0000] {dag.py:3340} INFO - Setting next_dagrun for example_task_group to 2023-04-29T18:09:55.136827+00:00, run_after=2023-04-30T18:09:55.136827+00:00
[2023-04-30T18:09:55.162+0000] {processor.py:176} INFO - Processing /home/airflow/.local/lib/python3.7/site-packages/airflow/example_dags/example_task_group.py took 0.111 seconds
[2023-04-30T18:10:25.546+0000] {processor.py:154} INFO - Started process (PID=2634) to work on /home/airflow/.local/lib/python3.7/site-packages/airflow/example_dags/example_task_group.py
[2023-04-30T18:10:25.546+0000] {processor.py:756} INFO - Processing file /home/airflow/.local/lib/python3.7/site-packages/airflow/example_dags/example_task_group.py for tasks to queue
[2023-04-30T18:10:25.547+0000] {logging_mixin.py:120} INFO - [2023-04-30T18:10:25.547+0000] {dagbag.py:537} INFO - Filling up the DagBag from /home/airflow/.local/lib/python3.7/site-packages/airflow/example_dags/example_task_group.py
[2023-04-30T18:10:25.559+0000] {processor.py:766} INFO - DAG(s) dict_keys(['example_task_group']) retrieved from /home/airflow/.local/lib/python3.7/site-packages/airflow/example_dags/example_task_group.py
[2023-04-30T18:10:25.597+0000] {logging_mixin.py:120} INFO - [2023-04-30T18:10:25.597+0000] {dag.py:2585} INFO - Sync 1 DAGs
[2023-04-30T18:10:25.624+0000] {logging_mixin.py:120} INFO - [2023-04-30T18:10:25.624+0000] {dag.py:3340} INFO - Setting next_dagrun for example_task_group to 2023-04-29T18:10:25.624136+00:00, run_after=2023-04-30T18:10:25.624136+00:00
[2023-04-30T18:10:25.649+0000] {processor.py:176} INFO - Processing /home/airflow/.local/lib/python3.7/site-packages/airflow/example_dags/example_task_group.py took 0.105 seconds
[2023-04-30T18:10:56.079+0000] {processor.py:154} INFO - Started process (PID=2688) to work on /home/airflow/.local/lib/python3.7/site-packages/airflow/example_dags/example_task_group.py
[2023-04-30T18:10:56.081+0000] {processor.py:756} INFO - Processing file /home/airflow/.local/lib/python3.7/site-packages/airflow/example_dags/example_task_group.py for tasks to queue
[2023-04-30T18:10:56.081+0000] {logging_mixin.py:120} INFO - [2023-04-30T18:10:56.081+0000] {dagbag.py:537} INFO - Filling up the DagBag from /home/airflow/.local/lib/python3.7/site-packages/airflow/example_dags/example_task_group.py
[2023-04-30T18:10:56.093+0000] {processor.py:766} INFO - DAG(s) dict_keys(['example_task_group']) retrieved from /home/airflow/.local/lib/python3.7/site-packages/airflow/example_dags/example_task_group.py
[2023-04-30T18:10:56.129+0000] {logging_mixin.py:120} INFO - [2023-04-30T18:10:56.129+0000] {dag.py:2585} INFO - Sync 1 DAGs
[2023-04-30T18:10:56.153+0000] {logging_mixin.py:120} INFO - [2023-04-30T18:10:56.153+0000] {dag.py:3340} INFO - Setting next_dagrun for example_task_group to 2023-04-29T18:10:56.153561+00:00, run_after=2023-04-30T18:10:56.153561+00:00
[2023-04-30T18:10:56.178+0000] {processor.py:176} INFO - Processing /home/airflow/.local/lib/python3.7/site-packages/airflow/example_dags/example_task_group.py took 0.101 seconds
[2023-04-30T18:11:26.474+0000] {processor.py:154} INFO - Started process (PID=2751) to work on /home/airflow/.local/lib/python3.7/site-packages/airflow/example_dags/example_task_group.py
[2023-04-30T18:11:26.475+0000] {processor.py:756} INFO - Processing file /home/airflow/.local/lib/python3.7/site-packages/airflow/example_dags/example_task_group.py for tasks to queue
[2023-04-30T18:11:26.476+0000] {logging_mixin.py:120} INFO - [2023-04-30T18:11:26.475+0000] {dagbag.py:537} INFO - Filling up the DagBag from /home/airflow/.local/lib/python3.7/site-packages/airflow/example_dags/example_task_group.py
[2023-04-30T18:11:26.488+0000] {processor.py:766} INFO - DAG(s) dict_keys(['example_task_group']) retrieved from /home/airflow/.local/lib/python3.7/site-packages/airflow/example_dags/example_task_group.py
[2023-04-30T18:11:26.524+0000] {logging_mixin.py:120} INFO - [2023-04-30T18:11:26.524+0000] {dag.py:2585} INFO - Sync 1 DAGs
[2023-04-30T18:11:26.549+0000] {logging_mixin.py:120} INFO - [2023-04-30T18:11:26.549+0000] {dag.py:3340} INFO - Setting next_dagrun for example_task_group to 2023-04-29T18:11:26.549360+00:00, run_after=2023-04-30T18:11:26.549360+00:00
[2023-04-30T18:11:26.577+0000] {processor.py:176} INFO - Processing /home/airflow/.local/lib/python3.7/site-packages/airflow/example_dags/example_task_group.py took 0.105 seconds
[2023-04-30T18:20:47.146+0000] {processor.py:154} INFO - Started process (PID=2834) to work on /home/airflow/.local/lib/python3.7/site-packages/airflow/example_dags/example_task_group.py
[2023-04-30T18:20:47.147+0000] {processor.py:756} INFO - Processing file /home/airflow/.local/lib/python3.7/site-packages/airflow/example_dags/example_task_group.py for tasks to queue
[2023-04-30T18:20:47.148+0000] {logging_mixin.py:120} INFO - [2023-04-30T18:20:47.148+0000] {dagbag.py:537} INFO - Filling up the DagBag from /home/airflow/.local/lib/python3.7/site-packages/airflow/example_dags/example_task_group.py
[2023-04-30T18:20:47.169+0000] {processor.py:766} INFO - DAG(s) dict_keys(['example_task_group']) retrieved from /home/airflow/.local/lib/python3.7/site-packages/airflow/example_dags/example_task_group.py
[2023-04-30T18:20:47.214+0000] {logging_mixin.py:120} INFO - [2023-04-30T18:20:47.214+0000] {dag.py:2585} INFO - Sync 1 DAGs
[2023-04-30T18:20:47.255+0000] {logging_mixin.py:120} INFO - [2023-04-30T18:20:47.255+0000] {dag.py:3340} INFO - Setting next_dagrun for example_task_group to 2023-04-29T18:20:47.255461+00:00, run_after=2023-04-30T18:20:47.255461+00:00
[2023-04-30T18:20:47.292+0000] {processor.py:176} INFO - Processing /home/airflow/.local/lib/python3.7/site-packages/airflow/example_dags/example_task_group.py took 0.148 seconds
