[2023-04-30T17:48:52.063+0000] {processor.py:154} INFO - Started process (PID=53) to work on /home/airflow/.local/lib/python3.7/site-packages/airflow/example_dags/example_skip_dag.py
[2023-04-30T17:48:52.064+0000] {processor.py:756} INFO - Processing file /home/airflow/.local/lib/python3.7/site-packages/airflow/example_dags/example_skip_dag.py for tasks to queue
[2023-04-30T17:48:52.065+0000] {logging_mixin.py:120} INFO - [2023-04-30T17:48:52.065+0000] {dagbag.py:537} INFO - Filling up the DagBag from /home/airflow/.local/lib/python3.7/site-packages/airflow/example_dags/example_skip_dag.py
[2023-04-30T17:48:52.081+0000] {processor.py:766} INFO - DAG(s) dict_keys(['example_skip_dag']) retrieved from /home/airflow/.local/lib/python3.7/site-packages/airflow/example_dags/example_skip_dag.py
[2023-04-30T17:48:52.238+0000] {logging_mixin.py:120} INFO - [2023-04-30T17:48:52.237+0000] {manager.py:507} INFO - Created Permission View: can read on DAG:example_skip_dag
[2023-04-30T17:48:52.254+0000] {logging_mixin.py:120} INFO - [2023-04-30T17:48:52.253+0000] {manager.py:507} INFO - Created Permission View: can edit on DAG:example_skip_dag
[2023-04-30T17:48:52.267+0000] {logging_mixin.py:120} INFO - [2023-04-30T17:48:52.266+0000] {manager.py:507} INFO - Created Permission View: can delete on DAG:example_skip_dag
[2023-04-30T17:48:52.267+0000] {logging_mixin.py:120} INFO - [2023-04-30T17:48:52.267+0000] {dag.py:2585} INFO - Sync 1 DAGs
[2023-04-30T17:48:52.281+0000] {logging_mixin.py:120} INFO - [2023-04-30T17:48:52.281+0000] {dag.py:2606} INFO - Creating ORM DAG for example_skip_dag
[2023-04-30T17:48:52.294+0000] {logging_mixin.py:120} INFO - [2023-04-30T17:48:52.294+0000] {dag.py:3340} INFO - Setting next_dagrun for example_skip_dag to 2023-04-29T17:48:52.293961+00:00, run_after=2023-04-30T17:48:52.293961+00:00
[2023-04-30T17:48:52.325+0000] {processor.py:176} INFO - Processing /home/airflow/.local/lib/python3.7/site-packages/airflow/example_dags/example_skip_dag.py took 0.265 seconds
[2023-04-30T17:49:22.941+0000] {processor.py:154} INFO - Started process (PID=107) to work on /home/airflow/.local/lib/python3.7/site-packages/airflow/example_dags/example_skip_dag.py
[2023-04-30T17:49:22.942+0000] {processor.py:756} INFO - Processing file /home/airflow/.local/lib/python3.7/site-packages/airflow/example_dags/example_skip_dag.py for tasks to queue
[2023-04-30T17:49:22.943+0000] {logging_mixin.py:120} INFO - [2023-04-30T17:49:22.943+0000] {dagbag.py:537} INFO - Filling up the DagBag from /home/airflow/.local/lib/python3.7/site-packages/airflow/example_dags/example_skip_dag.py
[2023-04-30T17:49:22.958+0000] {processor.py:766} INFO - DAG(s) dict_keys(['example_skip_dag']) retrieved from /home/airflow/.local/lib/python3.7/site-packages/airflow/example_dags/example_skip_dag.py
[2023-04-30T17:49:22.991+0000] {logging_mixin.py:120} INFO - [2023-04-30T17:49:22.991+0000] {dag.py:2585} INFO - Sync 1 DAGs
[2023-04-30T17:49:23.018+0000] {logging_mixin.py:120} INFO - [2023-04-30T17:49:23.018+0000] {dag.py:3340} INFO - Setting next_dagrun for example_skip_dag to 2023-04-29T17:49:23.018092+00:00, run_after=2023-04-30T17:49:23.018092+00:00
[2023-04-30T17:49:23.043+0000] {processor.py:176} INFO - Processing /home/airflow/.local/lib/python3.7/site-packages/airflow/example_dags/example_skip_dag.py took 0.104 seconds
[2023-04-30T17:49:53.489+0000] {processor.py:154} INFO - Started process (PID=171) to work on /home/airflow/.local/lib/python3.7/site-packages/airflow/example_dags/example_skip_dag.py
[2023-04-30T17:49:53.490+0000] {processor.py:756} INFO - Processing file /home/airflow/.local/lib/python3.7/site-packages/airflow/example_dags/example_skip_dag.py for tasks to queue
[2023-04-30T17:49:53.491+0000] {logging_mixin.py:120} INFO - [2023-04-30T17:49:53.491+0000] {dagbag.py:537} INFO - Filling up the DagBag from /home/airflow/.local/lib/python3.7/site-packages/airflow/example_dags/example_skip_dag.py
[2023-04-30T17:49:53.504+0000] {processor.py:766} INFO - DAG(s) dict_keys(['example_skip_dag']) retrieved from /home/airflow/.local/lib/python3.7/site-packages/airflow/example_dags/example_skip_dag.py
[2023-04-30T17:49:53.543+0000] {logging_mixin.py:120} INFO - [2023-04-30T17:49:53.543+0000] {dag.py:2585} INFO - Sync 1 DAGs
[2023-04-30T17:49:53.570+0000] {logging_mixin.py:120} INFO - [2023-04-30T17:49:53.570+0000] {dag.py:3340} INFO - Setting next_dagrun for example_skip_dag to 2023-04-29T17:49:53.569953+00:00, run_after=2023-04-30T17:49:53.569953+00:00
[2023-04-30T17:49:53.597+0000] {processor.py:176} INFO - Processing /home/airflow/.local/lib/python3.7/site-packages/airflow/example_dags/example_skip_dag.py took 0.110 seconds
[2023-04-30T17:50:24.149+0000] {processor.py:154} INFO - Started process (PID=234) to work on /home/airflow/.local/lib/python3.7/site-packages/airflow/example_dags/example_skip_dag.py
[2023-04-30T17:50:24.150+0000] {processor.py:756} INFO - Processing file /home/airflow/.local/lib/python3.7/site-packages/airflow/example_dags/example_skip_dag.py for tasks to queue
[2023-04-30T17:50:24.151+0000] {logging_mixin.py:120} INFO - [2023-04-30T17:50:24.151+0000] {dagbag.py:537} INFO - Filling up the DagBag from /home/airflow/.local/lib/python3.7/site-packages/airflow/example_dags/example_skip_dag.py
[2023-04-30T17:50:24.165+0000] {processor.py:766} INFO - DAG(s) dict_keys(['example_skip_dag']) retrieved from /home/airflow/.local/lib/python3.7/site-packages/airflow/example_dags/example_skip_dag.py
[2023-04-30T17:50:24.205+0000] {logging_mixin.py:120} INFO - [2023-04-30T17:50:24.205+0000] {dag.py:2585} INFO - Sync 1 DAGs
[2023-04-30T17:50:24.232+0000] {logging_mixin.py:120} INFO - [2023-04-30T17:50:24.232+0000] {dag.py:3340} INFO - Setting next_dagrun for example_skip_dag to 2023-04-29T17:50:24.232321+00:00, run_after=2023-04-30T17:50:24.232321+00:00
[2023-04-30T17:50:24.254+0000] {processor.py:176} INFO - Processing /home/airflow/.local/lib/python3.7/site-packages/airflow/example_dags/example_skip_dag.py took 0.108 seconds
[2023-04-30T17:50:54.878+0000] {processor.py:154} INFO - Started process (PID=290) to work on /home/airflow/.local/lib/python3.7/site-packages/airflow/example_dags/example_skip_dag.py
[2023-04-30T17:50:54.880+0000] {processor.py:756} INFO - Processing file /home/airflow/.local/lib/python3.7/site-packages/airflow/example_dags/example_skip_dag.py for tasks to queue
[2023-04-30T17:50:54.881+0000] {logging_mixin.py:120} INFO - [2023-04-30T17:50:54.880+0000] {dagbag.py:537} INFO - Filling up the DagBag from /home/airflow/.local/lib/python3.7/site-packages/airflow/example_dags/example_skip_dag.py
[2023-04-30T17:50:54.897+0000] {processor.py:766} INFO - DAG(s) dict_keys(['example_skip_dag']) retrieved from /home/airflow/.local/lib/python3.7/site-packages/airflow/example_dags/example_skip_dag.py
[2023-04-30T17:50:54.956+0000] {logging_mixin.py:120} INFO - [2023-04-30T17:50:54.955+0000] {dag.py:2585} INFO - Sync 1 DAGs
[2023-04-30T17:50:54.991+0000] {logging_mixin.py:120} INFO - [2023-04-30T17:50:54.991+0000] {dag.py:3340} INFO - Setting next_dagrun for example_skip_dag to 2023-04-29T17:50:54.991262+00:00, run_after=2023-04-30T17:50:54.991262+00:00
[2023-04-30T17:50:55.022+0000] {processor.py:176} INFO - Processing /home/airflow/.local/lib/python3.7/site-packages/airflow/example_dags/example_skip_dag.py took 0.146 seconds
[2023-04-30T17:51:25.651+0000] {processor.py:154} INFO - Started process (PID=351) to work on /home/airflow/.local/lib/python3.7/site-packages/airflow/example_dags/example_skip_dag.py
[2023-04-30T17:51:25.652+0000] {processor.py:756} INFO - Processing file /home/airflow/.local/lib/python3.7/site-packages/airflow/example_dags/example_skip_dag.py for tasks to queue
[2023-04-30T17:51:25.653+0000] {logging_mixin.py:120} INFO - [2023-04-30T17:51:25.652+0000] {dagbag.py:537} INFO - Filling up the DagBag from /home/airflow/.local/lib/python3.7/site-packages/airflow/example_dags/example_skip_dag.py
[2023-04-30T17:51:25.664+0000] {processor.py:766} INFO - DAG(s) dict_keys(['example_skip_dag']) retrieved from /home/airflow/.local/lib/python3.7/site-packages/airflow/example_dags/example_skip_dag.py
[2023-04-30T17:51:25.703+0000] {logging_mixin.py:120} INFO - [2023-04-30T17:51:25.703+0000] {dag.py:2585} INFO - Sync 1 DAGs
[2023-04-30T17:51:25.729+0000] {logging_mixin.py:120} INFO - [2023-04-30T17:51:25.729+0000] {dag.py:3340} INFO - Setting next_dagrun for example_skip_dag to 2023-04-29T17:51:25.729324+00:00, run_after=2023-04-30T17:51:25.729324+00:00
[2023-04-30T17:51:25.757+0000] {processor.py:176} INFO - Processing /home/airflow/.local/lib/python3.7/site-packages/airflow/example_dags/example_skip_dag.py took 0.108 seconds
[2023-04-30T17:51:56.477+0000] {processor.py:154} INFO - Started process (PID=414) to work on /home/airflow/.local/lib/python3.7/site-packages/airflow/example_dags/example_skip_dag.py
[2023-04-30T17:51:56.478+0000] {processor.py:756} INFO - Processing file /home/airflow/.local/lib/python3.7/site-packages/airflow/example_dags/example_skip_dag.py for tasks to queue
[2023-04-30T17:51:56.479+0000] {logging_mixin.py:120} INFO - [2023-04-30T17:51:56.479+0000] {dagbag.py:537} INFO - Filling up the DagBag from /home/airflow/.local/lib/python3.7/site-packages/airflow/example_dags/example_skip_dag.py
[2023-04-30T17:51:56.492+0000] {processor.py:766} INFO - DAG(s) dict_keys(['example_skip_dag']) retrieved from /home/airflow/.local/lib/python3.7/site-packages/airflow/example_dags/example_skip_dag.py
[2023-04-30T17:51:56.533+0000] {logging_mixin.py:120} INFO - [2023-04-30T17:51:56.533+0000] {dag.py:2585} INFO - Sync 1 DAGs
[2023-04-30T17:51:56.561+0000] {logging_mixin.py:120} INFO - [2023-04-30T17:51:56.561+0000] {dag.py:3340} INFO - Setting next_dagrun for example_skip_dag to 2023-04-29T17:51:56.561113+00:00, run_after=2023-04-30T17:51:56.561113+00:00
[2023-04-30T17:51:56.591+0000] {processor.py:176} INFO - Processing /home/airflow/.local/lib/python3.7/site-packages/airflow/example_dags/example_skip_dag.py took 0.116 seconds
[2023-04-30T17:52:27.173+0000] {processor.py:154} INFO - Started process (PID=477) to work on /home/airflow/.local/lib/python3.7/site-packages/airflow/example_dags/example_skip_dag.py
[2023-04-30T17:52:27.173+0000] {processor.py:756} INFO - Processing file /home/airflow/.local/lib/python3.7/site-packages/airflow/example_dags/example_skip_dag.py for tasks to queue
[2023-04-30T17:52:27.174+0000] {logging_mixin.py:120} INFO - [2023-04-30T17:52:27.174+0000] {dagbag.py:537} INFO - Filling up the DagBag from /home/airflow/.local/lib/python3.7/site-packages/airflow/example_dags/example_skip_dag.py
[2023-04-30T17:52:27.189+0000] {processor.py:766} INFO - DAG(s) dict_keys(['example_skip_dag']) retrieved from /home/airflow/.local/lib/python3.7/site-packages/airflow/example_dags/example_skip_dag.py
[2023-04-30T17:52:27.229+0000] {logging_mixin.py:120} INFO - [2023-04-30T17:52:27.228+0000] {dag.py:2585} INFO - Sync 1 DAGs
[2023-04-30T17:52:27.263+0000] {logging_mixin.py:120} INFO - [2023-04-30T17:52:27.263+0000] {dag.py:3340} INFO - Setting next_dagrun for example_skip_dag to 2023-04-29T17:52:27.262905+00:00, run_after=2023-04-30T17:52:27.262905+00:00
[2023-04-30T17:52:27.290+0000] {processor.py:176} INFO - Processing /home/airflow/.local/lib/python3.7/site-packages/airflow/example_dags/example_skip_dag.py took 0.120 seconds
[2023-04-30T17:52:57.885+0000] {processor.py:154} INFO - Started process (PID=531) to work on /home/airflow/.local/lib/python3.7/site-packages/airflow/example_dags/example_skip_dag.py
[2023-04-30T17:52:57.886+0000] {processor.py:756} INFO - Processing file /home/airflow/.local/lib/python3.7/site-packages/airflow/example_dags/example_skip_dag.py for tasks to queue
[2023-04-30T17:52:57.886+0000] {logging_mixin.py:120} INFO - [2023-04-30T17:52:57.886+0000] {dagbag.py:537} INFO - Filling up the DagBag from /home/airflow/.local/lib/python3.7/site-packages/airflow/example_dags/example_skip_dag.py
[2023-04-30T17:52:57.898+0000] {processor.py:766} INFO - DAG(s) dict_keys(['example_skip_dag']) retrieved from /home/airflow/.local/lib/python3.7/site-packages/airflow/example_dags/example_skip_dag.py
[2023-04-30T17:52:57.935+0000] {logging_mixin.py:120} INFO - [2023-04-30T17:52:57.935+0000] {dag.py:2585} INFO - Sync 1 DAGs
[2023-04-30T17:52:57.961+0000] {logging_mixin.py:120} INFO - [2023-04-30T17:52:57.961+0000] {dag.py:3340} INFO - Setting next_dagrun for example_skip_dag to 2023-04-29T17:52:57.961235+00:00, run_after=2023-04-30T17:52:57.961235+00:00
[2023-04-30T17:52:57.988+0000] {processor.py:176} INFO - Processing /home/airflow/.local/lib/python3.7/site-packages/airflow/example_dags/example_skip_dag.py took 0.105 seconds
[2023-04-30T17:53:28.519+0000] {processor.py:154} INFO - Started process (PID=594) to work on /home/airflow/.local/lib/python3.7/site-packages/airflow/example_dags/example_skip_dag.py
[2023-04-30T17:53:28.520+0000] {processor.py:756} INFO - Processing file /home/airflow/.local/lib/python3.7/site-packages/airflow/example_dags/example_skip_dag.py for tasks to queue
[2023-04-30T17:53:28.520+0000] {logging_mixin.py:120} INFO - [2023-04-30T17:53:28.520+0000] {dagbag.py:537} INFO - Filling up the DagBag from /home/airflow/.local/lib/python3.7/site-packages/airflow/example_dags/example_skip_dag.py
[2023-04-30T17:53:28.532+0000] {processor.py:766} INFO - DAG(s) dict_keys(['example_skip_dag']) retrieved from /home/airflow/.local/lib/python3.7/site-packages/airflow/example_dags/example_skip_dag.py
[2023-04-30T17:53:28.567+0000] {logging_mixin.py:120} INFO - [2023-04-30T17:53:28.566+0000] {dag.py:2585} INFO - Sync 1 DAGs
[2023-04-30T17:53:28.593+0000] {logging_mixin.py:120} INFO - [2023-04-30T17:53:28.593+0000] {dag.py:3340} INFO - Setting next_dagrun for example_skip_dag to 2023-04-29T17:53:28.593555+00:00, run_after=2023-04-30T17:53:28.593555+00:00
[2023-04-30T17:53:28.618+0000] {processor.py:176} INFO - Processing /home/airflow/.local/lib/python3.7/site-packages/airflow/example_dags/example_skip_dag.py took 0.101 seconds
[2023-04-30T17:53:59.070+0000] {processor.py:154} INFO - Started process (PID=657) to work on /home/airflow/.local/lib/python3.7/site-packages/airflow/example_dags/example_skip_dag.py
[2023-04-30T17:53:59.071+0000] {processor.py:756} INFO - Processing file /home/airflow/.local/lib/python3.7/site-packages/airflow/example_dags/example_skip_dag.py for tasks to queue
[2023-04-30T17:53:59.071+0000] {logging_mixin.py:120} INFO - [2023-04-30T17:53:59.071+0000] {dagbag.py:537} INFO - Filling up the DagBag from /home/airflow/.local/lib/python3.7/site-packages/airflow/example_dags/example_skip_dag.py
[2023-04-30T17:53:59.084+0000] {processor.py:766} INFO - DAG(s) dict_keys(['example_skip_dag']) retrieved from /home/airflow/.local/lib/python3.7/site-packages/airflow/example_dags/example_skip_dag.py
[2023-04-30T17:53:59.126+0000] {logging_mixin.py:120} INFO - [2023-04-30T17:53:59.125+0000] {dag.py:2585} INFO - Sync 1 DAGs
[2023-04-30T17:53:59.154+0000] {logging_mixin.py:120} INFO - [2023-04-30T17:53:59.153+0000] {dag.py:3340} INFO - Setting next_dagrun for example_skip_dag to 2023-04-29T17:53:59.153695+00:00, run_after=2023-04-30T17:53:59.153695+00:00
[2023-04-30T17:53:59.180+0000] {processor.py:176} INFO - Processing /home/airflow/.local/lib/python3.7/site-packages/airflow/example_dags/example_skip_dag.py took 0.112 seconds
[2023-04-30T17:54:29.633+0000] {processor.py:154} INFO - Started process (PID=711) to work on /home/airflow/.local/lib/python3.7/site-packages/airflow/example_dags/example_skip_dag.py
[2023-04-30T17:54:29.635+0000] {processor.py:756} INFO - Processing file /home/airflow/.local/lib/python3.7/site-packages/airflow/example_dags/example_skip_dag.py for tasks to queue
[2023-04-30T17:54:29.635+0000] {logging_mixin.py:120} INFO - [2023-04-30T17:54:29.635+0000] {dagbag.py:537} INFO - Filling up the DagBag from /home/airflow/.local/lib/python3.7/site-packages/airflow/example_dags/example_skip_dag.py
[2023-04-30T17:54:29.647+0000] {processor.py:766} INFO - DAG(s) dict_keys(['example_skip_dag']) retrieved from /home/airflow/.local/lib/python3.7/site-packages/airflow/example_dags/example_skip_dag.py
[2023-04-30T17:54:29.682+0000] {logging_mixin.py:120} INFO - [2023-04-30T17:54:29.682+0000] {dag.py:2585} INFO - Sync 1 DAGs
[2023-04-30T17:54:29.706+0000] {logging_mixin.py:120} INFO - [2023-04-30T17:54:29.706+0000] {dag.py:3340} INFO - Setting next_dagrun for example_skip_dag to 2023-04-29T17:54:29.706101+00:00, run_after=2023-04-30T17:54:29.706101+00:00
[2023-04-30T17:54:29.727+0000] {processor.py:176} INFO - Processing /home/airflow/.local/lib/python3.7/site-packages/airflow/example_dags/example_skip_dag.py took 0.096 seconds
[2023-04-30T17:55:00.377+0000] {processor.py:154} INFO - Started process (PID=774) to work on /home/airflow/.local/lib/python3.7/site-packages/airflow/example_dags/example_skip_dag.py
[2023-04-30T17:55:00.378+0000] {processor.py:756} INFO - Processing file /home/airflow/.local/lib/python3.7/site-packages/airflow/example_dags/example_skip_dag.py for tasks to queue
[2023-04-30T17:55:00.379+0000] {logging_mixin.py:120} INFO - [2023-04-30T17:55:00.379+0000] {dagbag.py:537} INFO - Filling up the DagBag from /home/airflow/.local/lib/python3.7/site-packages/airflow/example_dags/example_skip_dag.py
[2023-04-30T17:55:00.390+0000] {processor.py:766} INFO - DAG(s) dict_keys(['example_skip_dag']) retrieved from /home/airflow/.local/lib/python3.7/site-packages/airflow/example_dags/example_skip_dag.py
[2023-04-30T17:55:00.427+0000] {logging_mixin.py:120} INFO - [2023-04-30T17:55:00.426+0000] {dag.py:2585} INFO - Sync 1 DAGs
[2023-04-30T17:55:00.454+0000] {logging_mixin.py:120} INFO - [2023-04-30T17:55:00.454+0000] {dag.py:3340} INFO - Setting next_dagrun for example_skip_dag to 2023-04-29T17:55:00.454593+00:00, run_after=2023-04-30T17:55:00.454593+00:00
[2023-04-30T17:55:00.478+0000] {processor.py:176} INFO - Processing /home/airflow/.local/lib/python3.7/site-packages/airflow/example_dags/example_skip_dag.py took 0.103 seconds
[2023-04-30T17:55:31.075+0000] {processor.py:154} INFO - Started process (PID=838) to work on /home/airflow/.local/lib/python3.7/site-packages/airflow/example_dags/example_skip_dag.py
[2023-04-30T17:55:31.075+0000] {processor.py:756} INFO - Processing file /home/airflow/.local/lib/python3.7/site-packages/airflow/example_dags/example_skip_dag.py for tasks to queue
[2023-04-30T17:55:31.076+0000] {logging_mixin.py:120} INFO - [2023-04-30T17:55:31.076+0000] {dagbag.py:537} INFO - Filling up the DagBag from /home/airflow/.local/lib/python3.7/site-packages/airflow/example_dags/example_skip_dag.py
[2023-04-30T17:55:31.091+0000] {processor.py:766} INFO - DAG(s) dict_keys(['example_skip_dag']) retrieved from /home/airflow/.local/lib/python3.7/site-packages/airflow/example_dags/example_skip_dag.py
[2023-04-30T17:55:31.134+0000] {logging_mixin.py:120} INFO - [2023-04-30T17:55:31.134+0000] {dag.py:2585} INFO - Sync 1 DAGs
[2023-04-30T17:55:31.163+0000] {logging_mixin.py:120} INFO - [2023-04-30T17:55:31.162+0000] {dag.py:3340} INFO - Setting next_dagrun for example_skip_dag to 2023-04-29T17:55:31.162689+00:00, run_after=2023-04-30T17:55:31.162689+00:00
[2023-04-30T17:55:31.188+0000] {processor.py:176} INFO - Processing /home/airflow/.local/lib/python3.7/site-packages/airflow/example_dags/example_skip_dag.py took 0.116 seconds
[2023-04-30T17:56:01.701+0000] {processor.py:154} INFO - Started process (PID=892) to work on /home/airflow/.local/lib/python3.7/site-packages/airflow/example_dags/example_skip_dag.py
[2023-04-30T17:56:01.702+0000] {processor.py:756} INFO - Processing file /home/airflow/.local/lib/python3.7/site-packages/airflow/example_dags/example_skip_dag.py for tasks to queue
[2023-04-30T17:56:01.703+0000] {logging_mixin.py:120} INFO - [2023-04-30T17:56:01.703+0000] {dagbag.py:537} INFO - Filling up the DagBag from /home/airflow/.local/lib/python3.7/site-packages/airflow/example_dags/example_skip_dag.py
[2023-04-30T17:56:01.715+0000] {processor.py:766} INFO - DAG(s) dict_keys(['example_skip_dag']) retrieved from /home/airflow/.local/lib/python3.7/site-packages/airflow/example_dags/example_skip_dag.py
[2023-04-30T17:56:01.751+0000] {logging_mixin.py:120} INFO - [2023-04-30T17:56:01.751+0000] {dag.py:2585} INFO - Sync 1 DAGs
[2023-04-30T17:56:01.779+0000] {logging_mixin.py:120} INFO - [2023-04-30T17:56:01.779+0000] {dag.py:3340} INFO - Setting next_dagrun for example_skip_dag to 2023-04-29T17:56:01.778938+00:00, run_after=2023-04-30T17:56:01.778938+00:00
[2023-04-30T17:56:01.803+0000] {processor.py:176} INFO - Processing /home/airflow/.local/lib/python3.7/site-packages/airflow/example_dags/example_skip_dag.py took 0.104 seconds
[2023-04-30T17:56:32.304+0000] {processor.py:154} INFO - Started process (PID=956) to work on /home/airflow/.local/lib/python3.7/site-packages/airflow/example_dags/example_skip_dag.py
[2023-04-30T17:56:32.305+0000] {processor.py:756} INFO - Processing file /home/airflow/.local/lib/python3.7/site-packages/airflow/example_dags/example_skip_dag.py for tasks to queue
[2023-04-30T17:56:32.305+0000] {logging_mixin.py:120} INFO - [2023-04-30T17:56:32.305+0000] {dagbag.py:537} INFO - Filling up the DagBag from /home/airflow/.local/lib/python3.7/site-packages/airflow/example_dags/example_skip_dag.py
[2023-04-30T17:56:32.316+0000] {processor.py:766} INFO - DAG(s) dict_keys(['example_skip_dag']) retrieved from /home/airflow/.local/lib/python3.7/site-packages/airflow/example_dags/example_skip_dag.py
[2023-04-30T17:56:32.352+0000] {logging_mixin.py:120} INFO - [2023-04-30T17:56:32.352+0000] {dag.py:2585} INFO - Sync 1 DAGs
[2023-04-30T17:56:32.377+0000] {logging_mixin.py:120} INFO - [2023-04-30T17:56:32.377+0000] {dag.py:3340} INFO - Setting next_dagrun for example_skip_dag to 2023-04-29T17:56:32.376887+00:00, run_after=2023-04-30T17:56:32.376887+00:00
[2023-04-30T17:56:32.402+0000] {processor.py:176} INFO - Processing /home/airflow/.local/lib/python3.7/site-packages/airflow/example_dags/example_skip_dag.py took 0.100 seconds
[2023-04-30T17:57:02.910+0000] {processor.py:154} INFO - Started process (PID=1020) to work on /home/airflow/.local/lib/python3.7/site-packages/airflow/example_dags/example_skip_dag.py
[2023-04-30T17:57:02.912+0000] {processor.py:756} INFO - Processing file /home/airflow/.local/lib/python3.7/site-packages/airflow/example_dags/example_skip_dag.py for tasks to queue
[2023-04-30T17:57:02.912+0000] {logging_mixin.py:120} INFO - [2023-04-30T17:57:02.912+0000] {dagbag.py:537} INFO - Filling up the DagBag from /home/airflow/.local/lib/python3.7/site-packages/airflow/example_dags/example_skip_dag.py
[2023-04-30T17:57:02.923+0000] {processor.py:766} INFO - DAG(s) dict_keys(['example_skip_dag']) retrieved from /home/airflow/.local/lib/python3.7/site-packages/airflow/example_dags/example_skip_dag.py
[2023-04-30T17:57:02.963+0000] {logging_mixin.py:120} INFO - [2023-04-30T17:57:02.963+0000] {dag.py:2585} INFO - Sync 1 DAGs
[2023-04-30T17:57:02.988+0000] {logging_mixin.py:120} INFO - [2023-04-30T17:57:02.988+0000] {dag.py:3340} INFO - Setting next_dagrun for example_skip_dag to 2023-04-29T17:57:02.988043+00:00, run_after=2023-04-30T17:57:02.988043+00:00
[2023-04-30T17:57:03.014+0000] {processor.py:176} INFO - Processing /home/airflow/.local/lib/python3.7/site-packages/airflow/example_dags/example_skip_dag.py took 0.105 seconds
[2023-04-30T17:57:33.452+0000] {processor.py:154} INFO - Started process (PID=1074) to work on /home/airflow/.local/lib/python3.7/site-packages/airflow/example_dags/example_skip_dag.py
[2023-04-30T17:57:33.452+0000] {processor.py:756} INFO - Processing file /home/airflow/.local/lib/python3.7/site-packages/airflow/example_dags/example_skip_dag.py for tasks to queue
[2023-04-30T17:57:33.453+0000] {logging_mixin.py:120} INFO - [2023-04-30T17:57:33.453+0000] {dagbag.py:537} INFO - Filling up the DagBag from /home/airflow/.local/lib/python3.7/site-packages/airflow/example_dags/example_skip_dag.py
[2023-04-30T17:57:33.464+0000] {processor.py:766} INFO - DAG(s) dict_keys(['example_skip_dag']) retrieved from /home/airflow/.local/lib/python3.7/site-packages/airflow/example_dags/example_skip_dag.py
[2023-04-30T17:57:33.503+0000] {logging_mixin.py:120} INFO - [2023-04-30T17:57:33.502+0000] {dag.py:2585} INFO - Sync 1 DAGs
[2023-04-30T17:57:33.528+0000] {logging_mixin.py:120} INFO - [2023-04-30T17:57:33.528+0000] {dag.py:3340} INFO - Setting next_dagrun for example_skip_dag to 2023-04-29T17:57:33.527858+00:00, run_after=2023-04-30T17:57:33.527858+00:00
[2023-04-30T17:57:33.553+0000] {processor.py:176} INFO - Processing /home/airflow/.local/lib/python3.7/site-packages/airflow/example_dags/example_skip_dag.py took 0.104 seconds
[2023-04-30T17:58:04.211+0000] {processor.py:154} INFO - Started process (PID=1144) to work on /home/airflow/.local/lib/python3.7/site-packages/airflow/example_dags/example_skip_dag.py
[2023-04-30T17:58:04.212+0000] {processor.py:756} INFO - Processing file /home/airflow/.local/lib/python3.7/site-packages/airflow/example_dags/example_skip_dag.py for tasks to queue
[2023-04-30T17:58:04.213+0000] {logging_mixin.py:120} INFO - [2023-04-30T17:58:04.213+0000] {dagbag.py:537} INFO - Filling up the DagBag from /home/airflow/.local/lib/python3.7/site-packages/airflow/example_dags/example_skip_dag.py
[2023-04-30T17:58:04.224+0000] {processor.py:766} INFO - DAG(s) dict_keys(['example_skip_dag']) retrieved from /home/airflow/.local/lib/python3.7/site-packages/airflow/example_dags/example_skip_dag.py
[2023-04-30T17:58:04.264+0000] {logging_mixin.py:120} INFO - [2023-04-30T17:58:04.264+0000] {dag.py:2585} INFO - Sync 1 DAGs
[2023-04-30T17:58:04.294+0000] {logging_mixin.py:120} INFO - [2023-04-30T17:58:04.294+0000] {dag.py:3340} INFO - Setting next_dagrun for example_skip_dag to 2023-04-29T17:58:04.294183+00:00, run_after=2023-04-30T17:58:04.294183+00:00
[2023-04-30T17:58:04.318+0000] {processor.py:176} INFO - Processing /home/airflow/.local/lib/python3.7/site-packages/airflow/example_dags/example_skip_dag.py took 0.109 seconds
[2023-04-30T17:58:34.848+0000] {processor.py:154} INFO - Started process (PID=1207) to work on /home/airflow/.local/lib/python3.7/site-packages/airflow/example_dags/example_skip_dag.py
[2023-04-30T17:58:34.849+0000] {processor.py:756} INFO - Processing file /home/airflow/.local/lib/python3.7/site-packages/airflow/example_dags/example_skip_dag.py for tasks to queue
[2023-04-30T17:58:34.850+0000] {logging_mixin.py:120} INFO - [2023-04-30T17:58:34.850+0000] {dagbag.py:537} INFO - Filling up the DagBag from /home/airflow/.local/lib/python3.7/site-packages/airflow/example_dags/example_skip_dag.py
[2023-04-30T17:58:34.861+0000] {processor.py:766} INFO - DAG(s) dict_keys(['example_skip_dag']) retrieved from /home/airflow/.local/lib/python3.7/site-packages/airflow/example_dags/example_skip_dag.py
[2023-04-30T17:58:34.897+0000] {logging_mixin.py:120} INFO - [2023-04-30T17:58:34.896+0000] {dag.py:2585} INFO - Sync 1 DAGs
[2023-04-30T17:58:34.924+0000] {logging_mixin.py:120} INFO - [2023-04-30T17:58:34.924+0000] {dag.py:3340} INFO - Setting next_dagrun for example_skip_dag to 2023-04-29T17:58:34.924210+00:00, run_after=2023-04-30T17:58:34.924210+00:00
[2023-04-30T17:58:34.948+0000] {processor.py:176} INFO - Processing /home/airflow/.local/lib/python3.7/site-packages/airflow/example_dags/example_skip_dag.py took 0.101 seconds
[2023-04-30T17:59:05.600+0000] {processor.py:154} INFO - Started process (PID=1270) to work on /home/airflow/.local/lib/python3.7/site-packages/airflow/example_dags/example_skip_dag.py
[2023-04-30T17:59:05.601+0000] {processor.py:756} INFO - Processing file /home/airflow/.local/lib/python3.7/site-packages/airflow/example_dags/example_skip_dag.py for tasks to queue
[2023-04-30T17:59:05.602+0000] {logging_mixin.py:120} INFO - [2023-04-30T17:59:05.602+0000] {dagbag.py:537} INFO - Filling up the DagBag from /home/airflow/.local/lib/python3.7/site-packages/airflow/example_dags/example_skip_dag.py
[2023-04-30T17:59:05.617+0000] {processor.py:766} INFO - DAG(s) dict_keys(['example_skip_dag']) retrieved from /home/airflow/.local/lib/python3.7/site-packages/airflow/example_dags/example_skip_dag.py
[2023-04-30T17:59:05.669+0000] {logging_mixin.py:120} INFO - [2023-04-30T17:59:05.669+0000] {dag.py:2585} INFO - Sync 1 DAGs
[2023-04-30T17:59:05.708+0000] {logging_mixin.py:120} INFO - [2023-04-30T17:59:05.708+0000] {dag.py:3340} INFO - Setting next_dagrun for example_skip_dag to 2023-04-29T17:59:05.707934+00:00, run_after=2023-04-30T17:59:05.707934+00:00
[2023-04-30T17:59:05.733+0000] {processor.py:176} INFO - Processing /home/airflow/.local/lib/python3.7/site-packages/airflow/example_dags/example_skip_dag.py took 0.136 seconds
[2023-04-30T17:59:36.370+0000] {processor.py:154} INFO - Started process (PID=1324) to work on /home/airflow/.local/lib/python3.7/site-packages/airflow/example_dags/example_skip_dag.py
[2023-04-30T17:59:36.371+0000] {processor.py:756} INFO - Processing file /home/airflow/.local/lib/python3.7/site-packages/airflow/example_dags/example_skip_dag.py for tasks to queue
[2023-04-30T17:59:36.372+0000] {logging_mixin.py:120} INFO - [2023-04-30T17:59:36.372+0000] {dagbag.py:537} INFO - Filling up the DagBag from /home/airflow/.local/lib/python3.7/site-packages/airflow/example_dags/example_skip_dag.py
[2023-04-30T17:59:36.387+0000] {processor.py:766} INFO - DAG(s) dict_keys(['example_skip_dag']) retrieved from /home/airflow/.local/lib/python3.7/site-packages/airflow/example_dags/example_skip_dag.py
[2023-04-30T17:59:36.424+0000] {logging_mixin.py:120} INFO - [2023-04-30T17:59:36.424+0000] {dag.py:2585} INFO - Sync 1 DAGs
[2023-04-30T17:59:36.450+0000] {logging_mixin.py:120} INFO - [2023-04-30T17:59:36.449+0000] {dag.py:3340} INFO - Setting next_dagrun for example_skip_dag to 2023-04-29T17:59:36.449662+00:00, run_after=2023-04-30T17:59:36.449662+00:00
[2023-04-30T17:59:36.475+0000] {processor.py:176} INFO - Processing /home/airflow/.local/lib/python3.7/site-packages/airflow/example_dags/example_skip_dag.py took 0.108 seconds
[2023-04-30T18:00:07.064+0000] {processor.py:154} INFO - Started process (PID=1388) to work on /home/airflow/.local/lib/python3.7/site-packages/airflow/example_dags/example_skip_dag.py
[2023-04-30T18:00:07.065+0000] {processor.py:756} INFO - Processing file /home/airflow/.local/lib/python3.7/site-packages/airflow/example_dags/example_skip_dag.py for tasks to queue
[2023-04-30T18:00:07.066+0000] {logging_mixin.py:120} INFO - [2023-04-30T18:00:07.066+0000] {dagbag.py:537} INFO - Filling up the DagBag from /home/airflow/.local/lib/python3.7/site-packages/airflow/example_dags/example_skip_dag.py
[2023-04-30T18:00:07.077+0000] {processor.py:766} INFO - DAG(s) dict_keys(['example_skip_dag']) retrieved from /home/airflow/.local/lib/python3.7/site-packages/airflow/example_dags/example_skip_dag.py
[2023-04-30T18:00:07.116+0000] {logging_mixin.py:120} INFO - [2023-04-30T18:00:07.116+0000] {dag.py:2585} INFO - Sync 1 DAGs
[2023-04-30T18:00:07.142+0000] {logging_mixin.py:120} INFO - [2023-04-30T18:00:07.142+0000] {dag.py:3340} INFO - Setting next_dagrun for example_skip_dag to 2023-04-29T18:00:07.142613+00:00, run_after=2023-04-30T18:00:07.142613+00:00
[2023-04-30T18:00:07.166+0000] {processor.py:176} INFO - Processing /home/airflow/.local/lib/python3.7/site-packages/airflow/example_dags/example_skip_dag.py took 0.105 seconds
[2023-04-30T18:00:37.786+0000] {processor.py:154} INFO - Started process (PID=1452) to work on /home/airflow/.local/lib/python3.7/site-packages/airflow/example_dags/example_skip_dag.py
[2023-04-30T18:00:37.788+0000] {processor.py:756} INFO - Processing file /home/airflow/.local/lib/python3.7/site-packages/airflow/example_dags/example_skip_dag.py for tasks to queue
[2023-04-30T18:00:37.788+0000] {logging_mixin.py:120} INFO - [2023-04-30T18:00:37.788+0000] {dagbag.py:537} INFO - Filling up the DagBag from /home/airflow/.local/lib/python3.7/site-packages/airflow/example_dags/example_skip_dag.py
[2023-04-30T18:00:37.799+0000] {processor.py:766} INFO - DAG(s) dict_keys(['example_skip_dag']) retrieved from /home/airflow/.local/lib/python3.7/site-packages/airflow/example_dags/example_skip_dag.py
[2023-04-30T18:00:37.837+0000] {logging_mixin.py:120} INFO - [2023-04-30T18:00:37.837+0000] {dag.py:2585} INFO - Sync 1 DAGs
[2023-04-30T18:00:37.863+0000] {logging_mixin.py:120} INFO - [2023-04-30T18:00:37.863+0000] {dag.py:3340} INFO - Setting next_dagrun for example_skip_dag to 2023-04-29T18:00:37.863156+00:00, run_after=2023-04-30T18:00:37.863156+00:00
[2023-04-30T18:00:37.886+0000] {processor.py:176} INFO - Processing /home/airflow/.local/lib/python3.7/site-packages/airflow/example_dags/example_skip_dag.py took 0.101 seconds
[2023-04-30T18:01:08.431+0000] {processor.py:154} INFO - Started process (PID=1506) to work on /home/airflow/.local/lib/python3.7/site-packages/airflow/example_dags/example_skip_dag.py
[2023-04-30T18:01:08.432+0000] {processor.py:756} INFO - Processing file /home/airflow/.local/lib/python3.7/site-packages/airflow/example_dags/example_skip_dag.py for tasks to queue
[2023-04-30T18:01:08.433+0000] {logging_mixin.py:120} INFO - [2023-04-30T18:01:08.433+0000] {dagbag.py:537} INFO - Filling up the DagBag from /home/airflow/.local/lib/python3.7/site-packages/airflow/example_dags/example_skip_dag.py
[2023-04-30T18:01:08.445+0000] {processor.py:766} INFO - DAG(s) dict_keys(['example_skip_dag']) retrieved from /home/airflow/.local/lib/python3.7/site-packages/airflow/example_dags/example_skip_dag.py
[2023-04-30T18:01:08.487+0000] {logging_mixin.py:120} INFO - [2023-04-30T18:01:08.487+0000] {dag.py:2585} INFO - Sync 1 DAGs
[2023-04-30T18:01:08.517+0000] {logging_mixin.py:120} INFO - [2023-04-30T18:01:08.517+0000] {dag.py:3340} INFO - Setting next_dagrun for example_skip_dag to 2023-04-29T18:01:08.516953+00:00, run_after=2023-04-30T18:01:08.516953+00:00
[2023-04-30T18:01:08.542+0000] {processor.py:176} INFO - Processing /home/airflow/.local/lib/python3.7/site-packages/airflow/example_dags/example_skip_dag.py took 0.113 seconds
[2023-04-30T18:01:39.244+0000] {processor.py:154} INFO - Started process (PID=1569) to work on /home/airflow/.local/lib/python3.7/site-packages/airflow/example_dags/example_skip_dag.py
[2023-04-30T18:01:39.245+0000] {processor.py:756} INFO - Processing file /home/airflow/.local/lib/python3.7/site-packages/airflow/example_dags/example_skip_dag.py for tasks to queue
[2023-04-30T18:01:39.246+0000] {logging_mixin.py:120} INFO - [2023-04-30T18:01:39.246+0000] {dagbag.py:537} INFO - Filling up the DagBag from /home/airflow/.local/lib/python3.7/site-packages/airflow/example_dags/example_skip_dag.py
[2023-04-30T18:01:39.260+0000] {processor.py:766} INFO - DAG(s) dict_keys(['example_skip_dag']) retrieved from /home/airflow/.local/lib/python3.7/site-packages/airflow/example_dags/example_skip_dag.py
[2023-04-30T18:01:39.301+0000] {logging_mixin.py:120} INFO - [2023-04-30T18:01:39.301+0000] {dag.py:2585} INFO - Sync 1 DAGs
[2023-04-30T18:01:39.327+0000] {logging_mixin.py:120} INFO - [2023-04-30T18:01:39.327+0000] {dag.py:3340} INFO - Setting next_dagrun for example_skip_dag to 2023-04-29T18:01:39.327190+00:00, run_after=2023-04-30T18:01:39.327190+00:00
[2023-04-30T18:01:39.354+0000] {processor.py:176} INFO - Processing /home/airflow/.local/lib/python3.7/site-packages/airflow/example_dags/example_skip_dag.py took 0.111 seconds
[2023-04-30T18:02:09.799+0000] {processor.py:154} INFO - Started process (PID=1632) to work on /home/airflow/.local/lib/python3.7/site-packages/airflow/example_dags/example_skip_dag.py
[2023-04-30T18:02:09.800+0000] {processor.py:756} INFO - Processing file /home/airflow/.local/lib/python3.7/site-packages/airflow/example_dags/example_skip_dag.py for tasks to queue
[2023-04-30T18:02:09.800+0000] {logging_mixin.py:120} INFO - [2023-04-30T18:02:09.800+0000] {dagbag.py:537} INFO - Filling up the DagBag from /home/airflow/.local/lib/python3.7/site-packages/airflow/example_dags/example_skip_dag.py
[2023-04-30T18:02:09.811+0000] {processor.py:766} INFO - DAG(s) dict_keys(['example_skip_dag']) retrieved from /home/airflow/.local/lib/python3.7/site-packages/airflow/example_dags/example_skip_dag.py
[2023-04-30T18:02:09.845+0000] {logging_mixin.py:120} INFO - [2023-04-30T18:02:09.845+0000] {dag.py:2585} INFO - Sync 1 DAGs
[2023-04-30T18:02:09.872+0000] {logging_mixin.py:120} INFO - [2023-04-30T18:02:09.872+0000] {dag.py:3340} INFO - Setting next_dagrun for example_skip_dag to 2023-04-29T18:02:09.872041+00:00, run_after=2023-04-30T18:02:09.872041+00:00
[2023-04-30T18:02:09.894+0000] {processor.py:176} INFO - Processing /home/airflow/.local/lib/python3.7/site-packages/airflow/example_dags/example_skip_dag.py took 0.097 seconds
[2023-04-30T18:02:40.228+0000] {processor.py:154} INFO - Started process (PID=1686) to work on /home/airflow/.local/lib/python3.7/site-packages/airflow/example_dags/example_skip_dag.py
[2023-04-30T18:02:40.229+0000] {processor.py:756} INFO - Processing file /home/airflow/.local/lib/python3.7/site-packages/airflow/example_dags/example_skip_dag.py for tasks to queue
[2023-04-30T18:02:40.229+0000] {logging_mixin.py:120} INFO - [2023-04-30T18:02:40.229+0000] {dagbag.py:537} INFO - Filling up the DagBag from /home/airflow/.local/lib/python3.7/site-packages/airflow/example_dags/example_skip_dag.py
[2023-04-30T18:02:40.241+0000] {processor.py:766} INFO - DAG(s) dict_keys(['example_skip_dag']) retrieved from /home/airflow/.local/lib/python3.7/site-packages/airflow/example_dags/example_skip_dag.py
[2023-04-30T18:02:40.275+0000] {logging_mixin.py:120} INFO - [2023-04-30T18:02:40.275+0000] {dag.py:2585} INFO - Sync 1 DAGs
[2023-04-30T18:02:40.302+0000] {logging_mixin.py:120} INFO - [2023-04-30T18:02:40.302+0000] {dag.py:3340} INFO - Setting next_dagrun for example_skip_dag to 2023-04-29T18:02:40.302251+00:00, run_after=2023-04-30T18:02:40.302251+00:00
[2023-04-30T18:02:40.326+0000] {processor.py:176} INFO - Processing /home/airflow/.local/lib/python3.7/site-packages/airflow/example_dags/example_skip_dag.py took 0.101 seconds
[2023-04-30T18:03:10.737+0000] {processor.py:154} INFO - Started process (PID=1749) to work on /home/airflow/.local/lib/python3.7/site-packages/airflow/example_dags/example_skip_dag.py
[2023-04-30T18:03:10.738+0000] {processor.py:756} INFO - Processing file /home/airflow/.local/lib/python3.7/site-packages/airflow/example_dags/example_skip_dag.py for tasks to queue
[2023-04-30T18:03:10.739+0000] {logging_mixin.py:120} INFO - [2023-04-30T18:03:10.739+0000] {dagbag.py:537} INFO - Filling up the DagBag from /home/airflow/.local/lib/python3.7/site-packages/airflow/example_dags/example_skip_dag.py
[2023-04-30T18:03:10.751+0000] {processor.py:766} INFO - DAG(s) dict_keys(['example_skip_dag']) retrieved from /home/airflow/.local/lib/python3.7/site-packages/airflow/example_dags/example_skip_dag.py
[2023-04-30T18:03:10.787+0000] {logging_mixin.py:120} INFO - [2023-04-30T18:03:10.787+0000] {dag.py:2585} INFO - Sync 1 DAGs
[2023-04-30T18:03:10.815+0000] {logging_mixin.py:120} INFO - [2023-04-30T18:03:10.815+0000] {dag.py:3340} INFO - Setting next_dagrun for example_skip_dag to 2023-04-29T18:03:10.815620+00:00, run_after=2023-04-30T18:03:10.815620+00:00
[2023-04-30T18:03:10.840+0000] {processor.py:176} INFO - Processing /home/airflow/.local/lib/python3.7/site-packages/airflow/example_dags/example_skip_dag.py took 0.105 seconds
[2023-04-30T18:03:41.339+0000] {processor.py:154} INFO - Started process (PID=1813) to work on /home/airflow/.local/lib/python3.7/site-packages/airflow/example_dags/example_skip_dag.py
[2023-04-30T18:03:41.341+0000] {processor.py:756} INFO - Processing file /home/airflow/.local/lib/python3.7/site-packages/airflow/example_dags/example_skip_dag.py for tasks to queue
[2023-04-30T18:03:41.341+0000] {logging_mixin.py:120} INFO - [2023-04-30T18:03:41.341+0000] {dagbag.py:537} INFO - Filling up the DagBag from /home/airflow/.local/lib/python3.7/site-packages/airflow/example_dags/example_skip_dag.py
[2023-04-30T18:03:41.352+0000] {processor.py:766} INFO - DAG(s) dict_keys(['example_skip_dag']) retrieved from /home/airflow/.local/lib/python3.7/site-packages/airflow/example_dags/example_skip_dag.py
[2023-04-30T18:03:41.389+0000] {logging_mixin.py:120} INFO - [2023-04-30T18:03:41.388+0000] {dag.py:2585} INFO - Sync 1 DAGs
[2023-04-30T18:03:41.414+0000] {logging_mixin.py:120} INFO - [2023-04-30T18:03:41.413+0000] {dag.py:3340} INFO - Setting next_dagrun for example_skip_dag to 2023-04-29T18:03:41.413768+00:00, run_after=2023-04-30T18:03:41.413768+00:00
[2023-04-30T18:03:41.441+0000] {processor.py:176} INFO - Processing /home/airflow/.local/lib/python3.7/site-packages/airflow/example_dags/example_skip_dag.py took 0.103 seconds
[2023-04-30T18:04:11.860+0000] {processor.py:154} INFO - Started process (PID=1876) to work on /home/airflow/.local/lib/python3.7/site-packages/airflow/example_dags/example_skip_dag.py
[2023-04-30T18:04:11.861+0000] {processor.py:756} INFO - Processing file /home/airflow/.local/lib/python3.7/site-packages/airflow/example_dags/example_skip_dag.py for tasks to queue
[2023-04-30T18:04:11.862+0000] {logging_mixin.py:120} INFO - [2023-04-30T18:04:11.862+0000] {dagbag.py:537} INFO - Filling up the DagBag from /home/airflow/.local/lib/python3.7/site-packages/airflow/example_dags/example_skip_dag.py
[2023-04-30T18:04:11.875+0000] {processor.py:766} INFO - DAG(s) dict_keys(['example_skip_dag']) retrieved from /home/airflow/.local/lib/python3.7/site-packages/airflow/example_dags/example_skip_dag.py
[2023-04-30T18:04:11.910+0000] {logging_mixin.py:120} INFO - [2023-04-30T18:04:11.910+0000] {dag.py:2585} INFO - Sync 1 DAGs
[2023-04-30T18:04:11.942+0000] {logging_mixin.py:120} INFO - [2023-04-30T18:04:11.941+0000] {dag.py:3340} INFO - Setting next_dagrun for example_skip_dag to 2023-04-29T18:04:11.941639+00:00, run_after=2023-04-30T18:04:11.941639+00:00
[2023-04-30T18:04:11.968+0000] {processor.py:176} INFO - Processing /home/airflow/.local/lib/python3.7/site-packages/airflow/example_dags/example_skip_dag.py took 0.110 seconds
[2023-04-30T18:04:42.407+0000] {processor.py:154} INFO - Started process (PID=1931) to work on /home/airflow/.local/lib/python3.7/site-packages/airflow/example_dags/example_skip_dag.py
[2023-04-30T18:04:42.407+0000] {processor.py:756} INFO - Processing file /home/airflow/.local/lib/python3.7/site-packages/airflow/example_dags/example_skip_dag.py for tasks to queue
[2023-04-30T18:04:42.408+0000] {logging_mixin.py:120} INFO - [2023-04-30T18:04:42.407+0000] {dagbag.py:537} INFO - Filling up the DagBag from /home/airflow/.local/lib/python3.7/site-packages/airflow/example_dags/example_skip_dag.py
[2023-04-30T18:04:42.419+0000] {processor.py:766} INFO - DAG(s) dict_keys(['example_skip_dag']) retrieved from /home/airflow/.local/lib/python3.7/site-packages/airflow/example_dags/example_skip_dag.py
[2023-04-30T18:04:42.454+0000] {logging_mixin.py:120} INFO - [2023-04-30T18:04:42.454+0000] {dag.py:2585} INFO - Sync 1 DAGs
[2023-04-30T18:04:42.479+0000] {logging_mixin.py:120} INFO - [2023-04-30T18:04:42.479+0000] {dag.py:3340} INFO - Setting next_dagrun for example_skip_dag to 2023-04-29T18:04:42.479152+00:00, run_after=2023-04-30T18:04:42.479152+00:00
[2023-04-30T18:04:42.501+0000] {processor.py:176} INFO - Processing /home/airflow/.local/lib/python3.7/site-packages/airflow/example_dags/example_skip_dag.py took 0.096 seconds
[2023-04-30T18:05:12.988+0000] {processor.py:154} INFO - Started process (PID=1994) to work on /home/airflow/.local/lib/python3.7/site-packages/airflow/example_dags/example_skip_dag.py
[2023-04-30T18:05:12.989+0000] {processor.py:756} INFO - Processing file /home/airflow/.local/lib/python3.7/site-packages/airflow/example_dags/example_skip_dag.py for tasks to queue
[2023-04-30T18:05:12.990+0000] {logging_mixin.py:120} INFO - [2023-04-30T18:05:12.990+0000] {dagbag.py:537} INFO - Filling up the DagBag from /home/airflow/.local/lib/python3.7/site-packages/airflow/example_dags/example_skip_dag.py
[2023-04-30T18:05:13.003+0000] {processor.py:766} INFO - DAG(s) dict_keys(['example_skip_dag']) retrieved from /home/airflow/.local/lib/python3.7/site-packages/airflow/example_dags/example_skip_dag.py
[2023-04-30T18:05:13.045+0000] {logging_mixin.py:120} INFO - [2023-04-30T18:05:13.045+0000] {dag.py:2585} INFO - Sync 1 DAGs
[2023-04-30T18:05:13.075+0000] {logging_mixin.py:120} INFO - [2023-04-30T18:05:13.075+0000] {dag.py:3340} INFO - Setting next_dagrun for example_skip_dag to 2023-04-29T18:05:13.075448+00:00, run_after=2023-04-30T18:05:13.075448+00:00
[2023-04-30T18:05:13.103+0000] {processor.py:176} INFO - Processing /home/airflow/.local/lib/python3.7/site-packages/airflow/example_dags/example_skip_dag.py took 0.117 seconds
[2023-04-30T18:05:43.686+0000] {processor.py:154} INFO - Started process (PID=2058) to work on /home/airflow/.local/lib/python3.7/site-packages/airflow/example_dags/example_skip_dag.py
[2023-04-30T18:05:43.686+0000] {processor.py:756} INFO - Processing file /home/airflow/.local/lib/python3.7/site-packages/airflow/example_dags/example_skip_dag.py for tasks to queue
[2023-04-30T18:05:43.687+0000] {logging_mixin.py:120} INFO - [2023-04-30T18:05:43.686+0000] {dagbag.py:537} INFO - Filling up the DagBag from /home/airflow/.local/lib/python3.7/site-packages/airflow/example_dags/example_skip_dag.py
[2023-04-30T18:05:43.698+0000] {processor.py:766} INFO - DAG(s) dict_keys(['example_skip_dag']) retrieved from /home/airflow/.local/lib/python3.7/site-packages/airflow/example_dags/example_skip_dag.py
[2023-04-30T18:05:43.731+0000] {logging_mixin.py:120} INFO - [2023-04-30T18:05:43.731+0000] {dag.py:2585} INFO - Sync 1 DAGs
[2023-04-30T18:05:43.756+0000] {logging_mixin.py:120} INFO - [2023-04-30T18:05:43.756+0000] {dag.py:3340} INFO - Setting next_dagrun for example_skip_dag to 2023-04-29T18:05:43.756603+00:00, run_after=2023-04-30T18:05:43.756603+00:00
[2023-04-30T18:05:43.780+0000] {processor.py:176} INFO - Processing /home/airflow/.local/lib/python3.7/site-packages/airflow/example_dags/example_skip_dag.py took 0.096 seconds
[2023-04-30T18:06:14.232+0000] {processor.py:154} INFO - Started process (PID=2112) to work on /home/airflow/.local/lib/python3.7/site-packages/airflow/example_dags/example_skip_dag.py
[2023-04-30T18:06:14.233+0000] {processor.py:756} INFO - Processing file /home/airflow/.local/lib/python3.7/site-packages/airflow/example_dags/example_skip_dag.py for tasks to queue
[2023-04-30T18:06:14.233+0000] {logging_mixin.py:120} INFO - [2023-04-30T18:06:14.233+0000] {dagbag.py:537} INFO - Filling up the DagBag from /home/airflow/.local/lib/python3.7/site-packages/airflow/example_dags/example_skip_dag.py
[2023-04-30T18:06:14.243+0000] {processor.py:766} INFO - DAG(s) dict_keys(['example_skip_dag']) retrieved from /home/airflow/.local/lib/python3.7/site-packages/airflow/example_dags/example_skip_dag.py
[2023-04-30T18:06:14.277+0000] {logging_mixin.py:120} INFO - [2023-04-30T18:06:14.277+0000] {dag.py:2585} INFO - Sync 1 DAGs
[2023-04-30T18:06:14.304+0000] {logging_mixin.py:120} INFO - [2023-04-30T18:06:14.304+0000] {dag.py:3340} INFO - Setting next_dagrun for example_skip_dag to 2023-04-29T18:06:14.304152+00:00, run_after=2023-04-30T18:06:14.304152+00:00
[2023-04-30T18:06:14.326+0000] {processor.py:176} INFO - Processing /home/airflow/.local/lib/python3.7/site-packages/airflow/example_dags/example_skip_dag.py took 0.097 seconds
[2023-04-30T18:06:44.732+0000] {processor.py:154} INFO - Started process (PID=2175) to work on /home/airflow/.local/lib/python3.7/site-packages/airflow/example_dags/example_skip_dag.py
[2023-04-30T18:06:44.732+0000] {processor.py:756} INFO - Processing file /home/airflow/.local/lib/python3.7/site-packages/airflow/example_dags/example_skip_dag.py for tasks to queue
[2023-04-30T18:06:44.733+0000] {logging_mixin.py:120} INFO - [2023-04-30T18:06:44.732+0000] {dagbag.py:537} INFO - Filling up the DagBag from /home/airflow/.local/lib/python3.7/site-packages/airflow/example_dags/example_skip_dag.py
[2023-04-30T18:06:44.743+0000] {processor.py:766} INFO - DAG(s) dict_keys(['example_skip_dag']) retrieved from /home/airflow/.local/lib/python3.7/site-packages/airflow/example_dags/example_skip_dag.py
[2023-04-30T18:06:44.778+0000] {logging_mixin.py:120} INFO - [2023-04-30T18:06:44.778+0000] {dag.py:2585} INFO - Sync 1 DAGs
[2023-04-30T18:06:44.804+0000] {logging_mixin.py:120} INFO - [2023-04-30T18:06:44.804+0000] {dag.py:3340} INFO - Setting next_dagrun for example_skip_dag to 2023-04-29T18:06:44.804014+00:00, run_after=2023-04-30T18:06:44.804014+00:00
[2023-04-30T18:06:44.828+0000] {processor.py:176} INFO - Processing /home/airflow/.local/lib/python3.7/site-packages/airflow/example_dags/example_skip_dag.py took 0.098 seconds
[2023-04-30T18:07:15.336+0000] {processor.py:154} INFO - Started process (PID=2238) to work on /home/airflow/.local/lib/python3.7/site-packages/airflow/example_dags/example_skip_dag.py
[2023-04-30T18:07:15.337+0000] {processor.py:756} INFO - Processing file /home/airflow/.local/lib/python3.7/site-packages/airflow/example_dags/example_skip_dag.py for tasks to queue
[2023-04-30T18:07:15.337+0000] {logging_mixin.py:120} INFO - [2023-04-30T18:07:15.337+0000] {dagbag.py:537} INFO - Filling up the DagBag from /home/airflow/.local/lib/python3.7/site-packages/airflow/example_dags/example_skip_dag.py
[2023-04-30T18:07:15.348+0000] {processor.py:766} INFO - DAG(s) dict_keys(['example_skip_dag']) retrieved from /home/airflow/.local/lib/python3.7/site-packages/airflow/example_dags/example_skip_dag.py
[2023-04-30T18:07:15.386+0000] {logging_mixin.py:120} INFO - [2023-04-30T18:07:15.386+0000] {dag.py:2585} INFO - Sync 1 DAGs
[2023-04-30T18:07:15.411+0000] {logging_mixin.py:120} INFO - [2023-04-30T18:07:15.411+0000] {dag.py:3340} INFO - Setting next_dagrun for example_skip_dag to 2023-04-29T18:07:15.411513+00:00, run_after=2023-04-30T18:07:15.411513+00:00
[2023-04-30T18:07:15.436+0000] {processor.py:176} INFO - Processing /home/airflow/.local/lib/python3.7/site-packages/airflow/example_dags/example_skip_dag.py took 0.102 seconds
[2023-04-30T18:07:45.820+0000] {processor.py:154} INFO - Started process (PID=2292) to work on /home/airflow/.local/lib/python3.7/site-packages/airflow/example_dags/example_skip_dag.py
[2023-04-30T18:07:45.821+0000] {processor.py:756} INFO - Processing file /home/airflow/.local/lib/python3.7/site-packages/airflow/example_dags/example_skip_dag.py for tasks to queue
[2023-04-30T18:07:45.822+0000] {logging_mixin.py:120} INFO - [2023-04-30T18:07:45.822+0000] {dagbag.py:537} INFO - Filling up the DagBag from /home/airflow/.local/lib/python3.7/site-packages/airflow/example_dags/example_skip_dag.py
[2023-04-30T18:07:45.838+0000] {processor.py:766} INFO - DAG(s) dict_keys(['example_skip_dag']) retrieved from /home/airflow/.local/lib/python3.7/site-packages/airflow/example_dags/example_skip_dag.py
[2023-04-30T18:07:45.879+0000] {logging_mixin.py:120} INFO - [2023-04-30T18:07:45.878+0000] {dag.py:2585} INFO - Sync 1 DAGs
[2023-04-30T18:07:45.903+0000] {logging_mixin.py:120} INFO - [2023-04-30T18:07:45.903+0000] {dag.py:3340} INFO - Setting next_dagrun for example_skip_dag to 2023-04-29T18:07:45.903137+00:00, run_after=2023-04-30T18:07:45.903137+00:00
[2023-04-30T18:07:45.927+0000] {processor.py:176} INFO - Processing /home/airflow/.local/lib/python3.7/site-packages/airflow/example_dags/example_skip_dag.py took 0.110 seconds
[2023-04-30T18:08:16.296+0000] {processor.py:154} INFO - Started process (PID=2355) to work on /home/airflow/.local/lib/python3.7/site-packages/airflow/example_dags/example_skip_dag.py
[2023-04-30T18:08:16.297+0000] {processor.py:756} INFO - Processing file /home/airflow/.local/lib/python3.7/site-packages/airflow/example_dags/example_skip_dag.py for tasks to queue
[2023-04-30T18:08:16.297+0000] {logging_mixin.py:120} INFO - [2023-04-30T18:08:16.297+0000] {dagbag.py:537} INFO - Filling up the DagBag from /home/airflow/.local/lib/python3.7/site-packages/airflow/example_dags/example_skip_dag.py
[2023-04-30T18:08:16.310+0000] {processor.py:766} INFO - DAG(s) dict_keys(['example_skip_dag']) retrieved from /home/airflow/.local/lib/python3.7/site-packages/airflow/example_dags/example_skip_dag.py
[2023-04-30T18:08:16.349+0000] {logging_mixin.py:120} INFO - [2023-04-30T18:08:16.349+0000] {dag.py:2585} INFO - Sync 1 DAGs
[2023-04-30T18:08:16.374+0000] {logging_mixin.py:120} INFO - [2023-04-30T18:08:16.374+0000] {dag.py:3340} INFO - Setting next_dagrun for example_skip_dag to 2023-04-29T18:08:16.374184+00:00, run_after=2023-04-30T18:08:16.374184+00:00
[2023-04-30T18:08:16.402+0000] {processor.py:176} INFO - Processing /home/airflow/.local/lib/python3.7/site-packages/airflow/example_dags/example_skip_dag.py took 0.108 seconds
[2023-04-30T18:08:46.817+0000] {processor.py:154} INFO - Started process (PID=2418) to work on /home/airflow/.local/lib/python3.7/site-packages/airflow/example_dags/example_skip_dag.py
[2023-04-30T18:08:46.818+0000] {processor.py:756} INFO - Processing file /home/airflow/.local/lib/python3.7/site-packages/airflow/example_dags/example_skip_dag.py for tasks to queue
[2023-04-30T18:08:46.818+0000] {logging_mixin.py:120} INFO - [2023-04-30T18:08:46.818+0000] {dagbag.py:537} INFO - Filling up the DagBag from /home/airflow/.local/lib/python3.7/site-packages/airflow/example_dags/example_skip_dag.py
[2023-04-30T18:08:46.829+0000] {processor.py:766} INFO - DAG(s) dict_keys(['example_skip_dag']) retrieved from /home/airflow/.local/lib/python3.7/site-packages/airflow/example_dags/example_skip_dag.py
[2023-04-30T18:08:46.866+0000] {logging_mixin.py:120} INFO - [2023-04-30T18:08:46.866+0000] {dag.py:2585} INFO - Sync 1 DAGs
[2023-04-30T18:08:46.896+0000] {logging_mixin.py:120} INFO - [2023-04-30T18:08:46.896+0000] {dag.py:3340} INFO - Setting next_dagrun for example_skip_dag to 2023-04-29T18:08:46.895853+00:00, run_after=2023-04-30T18:08:46.895853+00:00
[2023-04-30T18:08:46.921+0000] {processor.py:176} INFO - Processing /home/airflow/.local/lib/python3.7/site-packages/airflow/example_dags/example_skip_dag.py took 0.107 seconds
[2023-04-30T18:09:17.394+0000] {processor.py:154} INFO - Started process (PID=2481) to work on /home/airflow/.local/lib/python3.7/site-packages/airflow/example_dags/example_skip_dag.py
[2023-04-30T18:09:17.395+0000] {processor.py:756} INFO - Processing file /home/airflow/.local/lib/python3.7/site-packages/airflow/example_dags/example_skip_dag.py for tasks to queue
[2023-04-30T18:09:17.396+0000] {logging_mixin.py:120} INFO - [2023-04-30T18:09:17.396+0000] {dagbag.py:537} INFO - Filling up the DagBag from /home/airflow/.local/lib/python3.7/site-packages/airflow/example_dags/example_skip_dag.py
[2023-04-30T18:09:17.412+0000] {processor.py:766} INFO - DAG(s) dict_keys(['example_skip_dag']) retrieved from /home/airflow/.local/lib/python3.7/site-packages/airflow/example_dags/example_skip_dag.py
[2023-04-30T18:09:17.498+0000] {logging_mixin.py:120} INFO - [2023-04-30T18:09:17.497+0000] {dag.py:2585} INFO - Sync 1 DAGs
[2023-04-30T18:09:17.531+0000] {logging_mixin.py:120} INFO - [2023-04-30T18:09:17.531+0000] {dag.py:3340} INFO - Setting next_dagrun for example_skip_dag to 2023-04-29T18:09:17.531359+00:00, run_after=2023-04-30T18:09:17.531359+00:00
[2023-04-30T18:09:17.555+0000] {processor.py:176} INFO - Processing /home/airflow/.local/lib/python3.7/site-packages/airflow/example_dags/example_skip_dag.py took 0.165 seconds
[2023-04-30T18:09:48.145+0000] {processor.py:154} INFO - Started process (PID=2535) to work on /home/airflow/.local/lib/python3.7/site-packages/airflow/example_dags/example_skip_dag.py
[2023-04-30T18:09:48.145+0000] {processor.py:756} INFO - Processing file /home/airflow/.local/lib/python3.7/site-packages/airflow/example_dags/example_skip_dag.py for tasks to queue
[2023-04-30T18:09:48.146+0000] {logging_mixin.py:120} INFO - [2023-04-30T18:09:48.146+0000] {dagbag.py:537} INFO - Filling up the DagBag from /home/airflow/.local/lib/python3.7/site-packages/airflow/example_dags/example_skip_dag.py
[2023-04-30T18:09:48.156+0000] {processor.py:766} INFO - DAG(s) dict_keys(['example_skip_dag']) retrieved from /home/airflow/.local/lib/python3.7/site-packages/airflow/example_dags/example_skip_dag.py
[2023-04-30T18:09:48.190+0000] {logging_mixin.py:120} INFO - [2023-04-30T18:09:48.190+0000] {dag.py:2585} INFO - Sync 1 DAGs
[2023-04-30T18:09:48.218+0000] {logging_mixin.py:120} INFO - [2023-04-30T18:09:48.218+0000] {dag.py:3340} INFO - Setting next_dagrun for example_skip_dag to 2023-04-29T18:09:48.218243+00:00, run_after=2023-04-30T18:09:48.218243+00:00
[2023-04-30T18:09:48.242+0000] {processor.py:176} INFO - Processing /home/airflow/.local/lib/python3.7/site-packages/airflow/example_dags/example_skip_dag.py took 0.100 seconds
[2023-04-30T18:10:18.721+0000] {processor.py:154} INFO - Started process (PID=2598) to work on /home/airflow/.local/lib/python3.7/site-packages/airflow/example_dags/example_skip_dag.py
[2023-04-30T18:10:18.722+0000] {processor.py:756} INFO - Processing file /home/airflow/.local/lib/python3.7/site-packages/airflow/example_dags/example_skip_dag.py for tasks to queue
[2023-04-30T18:10:18.723+0000] {logging_mixin.py:120} INFO - [2023-04-30T18:10:18.723+0000] {dagbag.py:537} INFO - Filling up the DagBag from /home/airflow/.local/lib/python3.7/site-packages/airflow/example_dags/example_skip_dag.py
[2023-04-30T18:10:18.734+0000] {processor.py:766} INFO - DAG(s) dict_keys(['example_skip_dag']) retrieved from /home/airflow/.local/lib/python3.7/site-packages/airflow/example_dags/example_skip_dag.py
[2023-04-30T18:10:18.770+0000] {logging_mixin.py:120} INFO - [2023-04-30T18:10:18.770+0000] {dag.py:2585} INFO - Sync 1 DAGs
[2023-04-30T18:10:18.798+0000] {logging_mixin.py:120} INFO - [2023-04-30T18:10:18.798+0000] {dag.py:3340} INFO - Setting next_dagrun for example_skip_dag to 2023-04-29T18:10:18.797957+00:00, run_after=2023-04-30T18:10:18.797957+00:00
[2023-04-30T18:10:18.822+0000] {processor.py:176} INFO - Processing /home/airflow/.local/lib/python3.7/site-packages/airflow/example_dags/example_skip_dag.py took 0.103 seconds
[2023-04-30T18:10:49.190+0000] {processor.py:154} INFO - Started process (PID=2661) to work on /home/airflow/.local/lib/python3.7/site-packages/airflow/example_dags/example_skip_dag.py
[2023-04-30T18:10:49.191+0000] {processor.py:756} INFO - Processing file /home/airflow/.local/lib/python3.7/site-packages/airflow/example_dags/example_skip_dag.py for tasks to queue
[2023-04-30T18:10:49.192+0000] {logging_mixin.py:120} INFO - [2023-04-30T18:10:49.192+0000] {dagbag.py:537} INFO - Filling up the DagBag from /home/airflow/.local/lib/python3.7/site-packages/airflow/example_dags/example_skip_dag.py
[2023-04-30T18:10:49.202+0000] {processor.py:766} INFO - DAG(s) dict_keys(['example_skip_dag']) retrieved from /home/airflow/.local/lib/python3.7/site-packages/airflow/example_dags/example_skip_dag.py
[2023-04-30T18:10:49.238+0000] {logging_mixin.py:120} INFO - [2023-04-30T18:10:49.238+0000] {dag.py:2585} INFO - Sync 1 DAGs
[2023-04-30T18:10:49.269+0000] {logging_mixin.py:120} INFO - [2023-04-30T18:10:49.269+0000] {dag.py:3340} INFO - Setting next_dagrun for example_skip_dag to 2023-04-29T18:10:49.268983+00:00, run_after=2023-04-30T18:10:49.268983+00:00
[2023-04-30T18:10:49.292+0000] {processor.py:176} INFO - Processing /home/airflow/.local/lib/python3.7/site-packages/airflow/example_dags/example_skip_dag.py took 0.104 seconds
[2023-04-30T18:11:19.750+0000] {processor.py:154} INFO - Started process (PID=2715) to work on /home/airflow/.local/lib/python3.7/site-packages/airflow/example_dags/example_skip_dag.py
[2023-04-30T18:11:19.751+0000] {processor.py:756} INFO - Processing file /home/airflow/.local/lib/python3.7/site-packages/airflow/example_dags/example_skip_dag.py for tasks to queue
[2023-04-30T18:11:19.752+0000] {logging_mixin.py:120} INFO - [2023-04-30T18:11:19.751+0000] {dagbag.py:537} INFO - Filling up the DagBag from /home/airflow/.local/lib/python3.7/site-packages/airflow/example_dags/example_skip_dag.py
[2023-04-30T18:11:19.763+0000] {processor.py:766} INFO - DAG(s) dict_keys(['example_skip_dag']) retrieved from /home/airflow/.local/lib/python3.7/site-packages/airflow/example_dags/example_skip_dag.py
[2023-04-30T18:11:19.800+0000] {logging_mixin.py:120} INFO - [2023-04-30T18:11:19.800+0000] {dag.py:2585} INFO - Sync 1 DAGs
[2023-04-30T18:11:19.825+0000] {logging_mixin.py:120} INFO - [2023-04-30T18:11:19.825+0000] {dag.py:3340} INFO - Setting next_dagrun for example_skip_dag to 2023-04-29T18:11:19.824943+00:00, run_after=2023-04-30T18:11:19.824943+00:00
[2023-04-30T18:11:19.850+0000] {processor.py:176} INFO - Processing /home/airflow/.local/lib/python3.7/site-packages/airflow/example_dags/example_skip_dag.py took 0.103 seconds
[2023-04-30T18:11:50.162+0000] {processor.py:154} INFO - Started process (PID=2778) to work on /home/airflow/.local/lib/python3.7/site-packages/airflow/example_dags/example_skip_dag.py
[2023-04-30T18:11:50.163+0000] {processor.py:756} INFO - Processing file /home/airflow/.local/lib/python3.7/site-packages/airflow/example_dags/example_skip_dag.py for tasks to queue
[2023-04-30T18:11:50.164+0000] {logging_mixin.py:120} INFO - [2023-04-30T18:11:50.163+0000] {dagbag.py:537} INFO - Filling up the DagBag from /home/airflow/.local/lib/python3.7/site-packages/airflow/example_dags/example_skip_dag.py
[2023-04-30T18:11:50.175+0000] {processor.py:766} INFO - DAG(s) dict_keys(['example_skip_dag']) retrieved from /home/airflow/.local/lib/python3.7/site-packages/airflow/example_dags/example_skip_dag.py
[2023-04-30T18:11:50.209+0000] {logging_mixin.py:120} INFO - [2023-04-30T18:11:50.208+0000] {dag.py:2585} INFO - Sync 1 DAGs
[2023-04-30T18:11:50.236+0000] {logging_mixin.py:120} INFO - [2023-04-30T18:11:50.235+0000] {dag.py:3340} INFO - Setting next_dagrun for example_skip_dag to 2023-04-29T18:11:50.235527+00:00, run_after=2023-04-30T18:11:50.235527+00:00
[2023-04-30T18:11:50.260+0000] {processor.py:176} INFO - Processing /home/airflow/.local/lib/python3.7/site-packages/airflow/example_dags/example_skip_dag.py took 0.099 seconds
[2023-04-30T18:20:41.896+0000] {processor.py:154} INFO - Started process (PID=2809) to work on /home/airflow/.local/lib/python3.7/site-packages/airflow/example_dags/example_skip_dag.py
[2023-04-30T18:20:41.898+0000] {processor.py:756} INFO - Processing file /home/airflow/.local/lib/python3.7/site-packages/airflow/example_dags/example_skip_dag.py for tasks to queue
[2023-04-30T18:20:41.900+0000] {logging_mixin.py:120} INFO - [2023-04-30T18:20:41.899+0000] {dagbag.py:537} INFO - Filling up the DagBag from /home/airflow/.local/lib/python3.7/site-packages/airflow/example_dags/example_skip_dag.py
[2023-04-30T18:20:41.960+0000] {processor.py:766} INFO - DAG(s) dict_keys(['example_skip_dag']) retrieved from /home/airflow/.local/lib/python3.7/site-packages/airflow/example_dags/example_skip_dag.py
[2023-04-30T18:20:42.131+0000] {logging_mixin.py:120} INFO - [2023-04-30T18:20:42.131+0000] {dag.py:2585} INFO - Sync 1 DAGs
[2023-04-30T18:20:42.267+0000] {logging_mixin.py:120} INFO - [2023-04-30T18:20:42.257+0000] {dag.py:3340} INFO - Setting next_dagrun for example_skip_dag to 2023-04-29T18:20:42.257553+00:00, run_after=2023-04-30T18:20:42.257553+00:00
[2023-04-30T18:20:42.414+0000] {processor.py:176} INFO - Processing /home/airflow/.local/lib/python3.7/site-packages/airflow/example_dags/example_skip_dag.py took 0.534 seconds
