[2023-04-30T17:48:53.214+0000] {processor.py:154} INFO - Started process (PID=60) to work on /home/airflow/.local/lib/python3.7/site-packages/airflow/example_dags/example_external_task_marker_dag.py
[2023-04-30T17:48:53.215+0000] {processor.py:756} INFO - Processing file /home/airflow/.local/lib/python3.7/site-packages/airflow/example_dags/example_external_task_marker_dag.py for tasks to queue
[2023-04-30T17:48:53.216+0000] {logging_mixin.py:120} INFO - [2023-04-30T17:48:53.216+0000] {dagbag.py:537} INFO - Filling up the DagBag from /home/airflow/.local/lib/python3.7/site-packages/airflow/example_dags/example_external_task_marker_dag.py
[2023-04-30T17:48:53.244+0000] {processor.py:766} INFO - DAG(s) dict_keys(['example_external_task_marker_child', 'example_external_task_marker_parent']) retrieved from /home/airflow/.local/lib/python3.7/site-packages/airflow/example_dags/example_external_task_marker_dag.py
[2023-04-30T17:48:53.747+0000] {logging_mixin.py:120} INFO - [2023-04-30T17:48:53.747+0000] {manager.py:507} INFO - Created Permission View: can read on DAG:example_external_task_marker_child
[2023-04-30T17:48:53.770+0000] {logging_mixin.py:120} INFO - [2023-04-30T17:48:53.769+0000] {manager.py:507} INFO - Created Permission View: can edit on DAG:example_external_task_marker_child
[2023-04-30T17:48:53.789+0000] {logging_mixin.py:120} INFO - [2023-04-30T17:48:53.788+0000] {manager.py:507} INFO - Created Permission View: can delete on DAG:example_external_task_marker_child
[2023-04-30T17:48:53.819+0000] {logging_mixin.py:120} INFO - [2023-04-30T17:48:53.819+0000] {manager.py:507} INFO - Created Permission View: can read on DAG:example_external_task_marker_parent
[2023-04-30T17:48:53.840+0000] {logging_mixin.py:120} INFO - [2023-04-30T17:48:53.840+0000] {manager.py:507} INFO - Created Permission View: can edit on DAG:example_external_task_marker_parent
[2023-04-30T17:48:53.857+0000] {logging_mixin.py:120} INFO - [2023-04-30T17:48:53.857+0000] {manager.py:507} INFO - Created Permission View: can delete on DAG:example_external_task_marker_parent
[2023-04-30T17:48:53.858+0000] {logging_mixin.py:120} INFO - [2023-04-30T17:48:53.858+0000] {dag.py:2585} INFO - Sync 2 DAGs
[2023-04-30T17:48:53.885+0000] {logging_mixin.py:120} INFO - [2023-04-30T17:48:53.885+0000] {dag.py:2606} INFO - Creating ORM DAG for example_external_task_marker_parent
[2023-04-30T17:48:53.886+0000] {logging_mixin.py:120} INFO - [2023-04-30T17:48:53.886+0000] {dag.py:2606} INFO - Creating ORM DAG for example_external_task_marker_child
[2023-04-30T17:48:53.911+0000] {logging_mixin.py:120} INFO - [2023-04-30T17:48:53.910+0000] {dag.py:3340} INFO - Setting next_dagrun for example_external_task_marker_child to None, run_after=None
[2023-04-30T17:48:53.912+0000] {logging_mixin.py:120} INFO - [2023-04-30T17:48:53.912+0000] {dag.py:3340} INFO - Setting next_dagrun for example_external_task_marker_parent to None, run_after=None
[2023-04-30T17:48:53.952+0000] {processor.py:176} INFO - Processing /home/airflow/.local/lib/python3.7/site-packages/airflow/example_dags/example_external_task_marker_dag.py took 0.741 seconds
[2023-04-30T17:49:24.314+0000] {processor.py:154} INFO - Started process (PID=114) to work on /home/airflow/.local/lib/python3.7/site-packages/airflow/example_dags/example_external_task_marker_dag.py
[2023-04-30T17:49:24.315+0000] {processor.py:756} INFO - Processing file /home/airflow/.local/lib/python3.7/site-packages/airflow/example_dags/example_external_task_marker_dag.py for tasks to queue
[2023-04-30T17:49:24.316+0000] {logging_mixin.py:120} INFO - [2023-04-30T17:49:24.316+0000] {dagbag.py:537} INFO - Filling up the DagBag from /home/airflow/.local/lib/python3.7/site-packages/airflow/example_dags/example_external_task_marker_dag.py
[2023-04-30T17:49:24.329+0000] {processor.py:766} INFO - DAG(s) dict_keys(['example_external_task_marker_parent', 'example_external_task_marker_child']) retrieved from /home/airflow/.local/lib/python3.7/site-packages/airflow/example_dags/example_external_task_marker_dag.py
[2023-04-30T17:49:24.595+0000] {logging_mixin.py:120} INFO - [2023-04-30T17:49:24.595+0000] {dag.py:2585} INFO - Sync 2 DAGs
[2023-04-30T17:49:24.623+0000] {logging_mixin.py:120} INFO - [2023-04-30T17:49:24.623+0000] {dag.py:3340} INFO - Setting next_dagrun for example_external_task_marker_child to None, run_after=None
[2023-04-30T17:49:24.627+0000] {logging_mixin.py:120} INFO - [2023-04-30T17:49:24.626+0000] {dag.py:3340} INFO - Setting next_dagrun for example_external_task_marker_parent to None, run_after=None
[2023-04-30T17:49:24.650+0000] {processor.py:176} INFO - Processing /home/airflow/.local/lib/python3.7/site-packages/airflow/example_dags/example_external_task_marker_dag.py took 0.339 seconds
[2023-04-30T17:49:54.898+0000] {processor.py:154} INFO - Started process (PID=178) to work on /home/airflow/.local/lib/python3.7/site-packages/airflow/example_dags/example_external_task_marker_dag.py
[2023-04-30T17:49:54.899+0000] {processor.py:756} INFO - Processing file /home/airflow/.local/lib/python3.7/site-packages/airflow/example_dags/example_external_task_marker_dag.py for tasks to queue
[2023-04-30T17:49:54.900+0000] {logging_mixin.py:120} INFO - [2023-04-30T17:49:54.900+0000] {dagbag.py:537} INFO - Filling up the DagBag from /home/airflow/.local/lib/python3.7/site-packages/airflow/example_dags/example_external_task_marker_dag.py
[2023-04-30T17:49:54.915+0000] {processor.py:766} INFO - DAG(s) dict_keys(['example_external_task_marker_parent', 'example_external_task_marker_child']) retrieved from /home/airflow/.local/lib/python3.7/site-packages/airflow/example_dags/example_external_task_marker_dag.py
[2023-04-30T17:49:55.111+0000] {logging_mixin.py:120} INFO - [2023-04-30T17:49:55.110+0000] {dag.py:2585} INFO - Sync 2 DAGs
[2023-04-30T17:49:55.136+0000] {logging_mixin.py:120} INFO - [2023-04-30T17:49:55.136+0000] {dag.py:3340} INFO - Setting next_dagrun for example_external_task_marker_child to None, run_after=None
[2023-04-30T17:49:55.139+0000] {logging_mixin.py:120} INFO - [2023-04-30T17:49:55.139+0000] {dag.py:3340} INFO - Setting next_dagrun for example_external_task_marker_parent to None, run_after=None
[2023-04-30T17:49:55.159+0000] {processor.py:176} INFO - Processing /home/airflow/.local/lib/python3.7/site-packages/airflow/example_dags/example_external_task_marker_dag.py took 0.264 seconds
[2023-04-30T17:50:25.657+0000] {processor.py:154} INFO - Started process (PID=241) to work on /home/airflow/.local/lib/python3.7/site-packages/airflow/example_dags/example_external_task_marker_dag.py
[2023-04-30T17:50:25.658+0000] {processor.py:756} INFO - Processing file /home/airflow/.local/lib/python3.7/site-packages/airflow/example_dags/example_external_task_marker_dag.py for tasks to queue
[2023-04-30T17:50:25.659+0000] {logging_mixin.py:120} INFO - [2023-04-30T17:50:25.659+0000] {dagbag.py:537} INFO - Filling up the DagBag from /home/airflow/.local/lib/python3.7/site-packages/airflow/example_dags/example_external_task_marker_dag.py
[2023-04-30T17:50:25.669+0000] {processor.py:766} INFO - DAG(s) dict_keys(['example_external_task_marker_parent', 'example_external_task_marker_child']) retrieved from /home/airflow/.local/lib/python3.7/site-packages/airflow/example_dags/example_external_task_marker_dag.py
[2023-04-30T17:50:25.852+0000] {logging_mixin.py:120} INFO - [2023-04-30T17:50:25.852+0000] {dag.py:2585} INFO - Sync 2 DAGs
[2023-04-30T17:50:25.876+0000] {logging_mixin.py:120} INFO - [2023-04-30T17:50:25.876+0000] {dag.py:3340} INFO - Setting next_dagrun for example_external_task_marker_child to None, run_after=None
[2023-04-30T17:50:25.880+0000] {logging_mixin.py:120} INFO - [2023-04-30T17:50:25.880+0000] {dag.py:3340} INFO - Setting next_dagrun for example_external_task_marker_parent to None, run_after=None
[2023-04-30T17:50:25.901+0000] {processor.py:176} INFO - Processing /home/airflow/.local/lib/python3.7/site-packages/airflow/example_dags/example_external_task_marker_dag.py took 0.247 seconds
[2023-04-30T17:50:56.388+0000] {processor.py:154} INFO - Started process (PID=304) to work on /home/airflow/.local/lib/python3.7/site-packages/airflow/example_dags/example_external_task_marker_dag.py
[2023-04-30T17:50:56.389+0000] {processor.py:756} INFO - Processing file /home/airflow/.local/lib/python3.7/site-packages/airflow/example_dags/example_external_task_marker_dag.py for tasks to queue
[2023-04-30T17:50:56.389+0000] {logging_mixin.py:120} INFO - [2023-04-30T17:50:56.389+0000] {dagbag.py:537} INFO - Filling up the DagBag from /home/airflow/.local/lib/python3.7/site-packages/airflow/example_dags/example_external_task_marker_dag.py
[2023-04-30T17:50:56.405+0000] {processor.py:766} INFO - DAG(s) dict_keys(['example_external_task_marker_parent', 'example_external_task_marker_child']) retrieved from /home/airflow/.local/lib/python3.7/site-packages/airflow/example_dags/example_external_task_marker_dag.py
[2023-04-30T17:50:56.626+0000] {logging_mixin.py:120} INFO - [2023-04-30T17:50:56.626+0000] {dag.py:2585} INFO - Sync 2 DAGs
[2023-04-30T17:50:56.656+0000] {logging_mixin.py:120} INFO - [2023-04-30T17:50:56.656+0000] {dag.py:3340} INFO - Setting next_dagrun for example_external_task_marker_child to None, run_after=None
[2023-04-30T17:50:56.661+0000] {logging_mixin.py:120} INFO - [2023-04-30T17:50:56.661+0000] {dag.py:3340} INFO - Setting next_dagrun for example_external_task_marker_parent to None, run_after=None
[2023-04-30T17:50:56.683+0000] {processor.py:176} INFO - Processing /home/airflow/.local/lib/python3.7/site-packages/airflow/example_dags/example_external_task_marker_dag.py took 0.299 seconds
[2023-04-30T17:51:27.047+0000] {processor.py:154} INFO - Started process (PID=358) to work on /home/airflow/.local/lib/python3.7/site-packages/airflow/example_dags/example_external_task_marker_dag.py
[2023-04-30T17:51:27.049+0000] {processor.py:756} INFO - Processing file /home/airflow/.local/lib/python3.7/site-packages/airflow/example_dags/example_external_task_marker_dag.py for tasks to queue
[2023-04-30T17:51:27.049+0000] {logging_mixin.py:120} INFO - [2023-04-30T17:51:27.049+0000] {dagbag.py:537} INFO - Filling up the DagBag from /home/airflow/.local/lib/python3.7/site-packages/airflow/example_dags/example_external_task_marker_dag.py
[2023-04-30T17:51:27.062+0000] {processor.py:766} INFO - DAG(s) dict_keys(['example_external_task_marker_parent', 'example_external_task_marker_child']) retrieved from /home/airflow/.local/lib/python3.7/site-packages/airflow/example_dags/example_external_task_marker_dag.py
[2023-04-30T17:51:27.251+0000] {logging_mixin.py:120} INFO - [2023-04-30T17:51:27.251+0000] {dag.py:2585} INFO - Sync 2 DAGs
[2023-04-30T17:51:27.280+0000] {logging_mixin.py:120} INFO - [2023-04-30T17:51:27.279+0000] {dag.py:3340} INFO - Setting next_dagrun for example_external_task_marker_child to None, run_after=None
[2023-04-30T17:51:27.284+0000] {logging_mixin.py:120} INFO - [2023-04-30T17:51:27.284+0000] {dag.py:3340} INFO - Setting next_dagrun for example_external_task_marker_parent to None, run_after=None
[2023-04-30T17:51:27.307+0000] {processor.py:176} INFO - Processing /home/airflow/.local/lib/python3.7/site-packages/airflow/example_dags/example_external_task_marker_dag.py took 0.262 seconds
[2023-04-30T17:51:57.920+0000] {processor.py:154} INFO - Started process (PID=421) to work on /home/airflow/.local/lib/python3.7/site-packages/airflow/example_dags/example_external_task_marker_dag.py
[2023-04-30T17:51:57.921+0000] {processor.py:756} INFO - Processing file /home/airflow/.local/lib/python3.7/site-packages/airflow/example_dags/example_external_task_marker_dag.py for tasks to queue
[2023-04-30T17:51:57.922+0000] {logging_mixin.py:120} INFO - [2023-04-30T17:51:57.921+0000] {dagbag.py:537} INFO - Filling up the DagBag from /home/airflow/.local/lib/python3.7/site-packages/airflow/example_dags/example_external_task_marker_dag.py
[2023-04-30T17:51:57.934+0000] {processor.py:766} INFO - DAG(s) dict_keys(['example_external_task_marker_child', 'example_external_task_marker_parent']) retrieved from /home/airflow/.local/lib/python3.7/site-packages/airflow/example_dags/example_external_task_marker_dag.py
[2023-04-30T17:51:58.131+0000] {logging_mixin.py:120} INFO - [2023-04-30T17:51:58.131+0000] {dag.py:2585} INFO - Sync 2 DAGs
[2023-04-30T17:51:58.158+0000] {logging_mixin.py:120} INFO - [2023-04-30T17:51:58.158+0000] {dag.py:3340} INFO - Setting next_dagrun for example_external_task_marker_child to None, run_after=None
[2023-04-30T17:51:58.161+0000] {logging_mixin.py:120} INFO - [2023-04-30T17:51:58.161+0000] {dag.py:3340} INFO - Setting next_dagrun for example_external_task_marker_parent to None, run_after=None
[2023-04-30T17:51:58.186+0000] {processor.py:176} INFO - Processing /home/airflow/.local/lib/python3.7/site-packages/airflow/example_dags/example_external_task_marker_dag.py took 0.269 seconds
[2023-04-30T17:52:28.644+0000] {processor.py:154} INFO - Started process (PID=484) to work on /home/airflow/.local/lib/python3.7/site-packages/airflow/example_dags/example_external_task_marker_dag.py
[2023-04-30T17:52:28.645+0000] {processor.py:756} INFO - Processing file /home/airflow/.local/lib/python3.7/site-packages/airflow/example_dags/example_external_task_marker_dag.py for tasks to queue
[2023-04-30T17:52:28.646+0000] {logging_mixin.py:120} INFO - [2023-04-30T17:52:28.646+0000] {dagbag.py:537} INFO - Filling up the DagBag from /home/airflow/.local/lib/python3.7/site-packages/airflow/example_dags/example_external_task_marker_dag.py
[2023-04-30T17:52:28.659+0000] {processor.py:766} INFO - DAG(s) dict_keys(['example_external_task_marker_child', 'example_external_task_marker_parent']) retrieved from /home/airflow/.local/lib/python3.7/site-packages/airflow/example_dags/example_external_task_marker_dag.py
[2023-04-30T17:52:28.840+0000] {logging_mixin.py:120} INFO - [2023-04-30T17:52:28.839+0000] {dag.py:2585} INFO - Sync 2 DAGs
[2023-04-30T17:52:28.867+0000] {logging_mixin.py:120} INFO - [2023-04-30T17:52:28.867+0000] {dag.py:3340} INFO - Setting next_dagrun for example_external_task_marker_child to None, run_after=None
[2023-04-30T17:52:28.871+0000] {logging_mixin.py:120} INFO - [2023-04-30T17:52:28.871+0000] {dag.py:3340} INFO - Setting next_dagrun for example_external_task_marker_parent to None, run_after=None
[2023-04-30T17:52:28.893+0000] {processor.py:176} INFO - Processing /home/airflow/.local/lib/python3.7/site-packages/airflow/example_dags/example_external_task_marker_dag.py took 0.252 seconds
[2023-04-30T17:52:59.284+0000] {processor.py:154} INFO - Started process (PID=538) to work on /home/airflow/.local/lib/python3.7/site-packages/airflow/example_dags/example_external_task_marker_dag.py
[2023-04-30T17:52:59.285+0000] {processor.py:756} INFO - Processing file /home/airflow/.local/lib/python3.7/site-packages/airflow/example_dags/example_external_task_marker_dag.py for tasks to queue
[2023-04-30T17:52:59.285+0000] {logging_mixin.py:120} INFO - [2023-04-30T17:52:59.285+0000] {dagbag.py:537} INFO - Filling up the DagBag from /home/airflow/.local/lib/python3.7/site-packages/airflow/example_dags/example_external_task_marker_dag.py
[2023-04-30T17:52:59.298+0000] {processor.py:766} INFO - DAG(s) dict_keys(['example_external_task_marker_parent', 'example_external_task_marker_child']) retrieved from /home/airflow/.local/lib/python3.7/site-packages/airflow/example_dags/example_external_task_marker_dag.py
[2023-04-30T17:52:59.498+0000] {logging_mixin.py:120} INFO - [2023-04-30T17:52:59.497+0000] {dag.py:2585} INFO - Sync 2 DAGs
[2023-04-30T17:52:59.525+0000] {logging_mixin.py:120} INFO - [2023-04-30T17:52:59.525+0000] {dag.py:3340} INFO - Setting next_dagrun for example_external_task_marker_child to None, run_after=None
[2023-04-30T17:52:59.529+0000] {logging_mixin.py:120} INFO - [2023-04-30T17:52:59.529+0000] {dag.py:3340} INFO - Setting next_dagrun for example_external_task_marker_parent to None, run_after=None
[2023-04-30T17:52:59.554+0000] {processor.py:176} INFO - Processing /home/airflow/.local/lib/python3.7/site-packages/airflow/example_dags/example_external_task_marker_dag.py took 0.272 seconds
[2023-04-30T17:53:29.893+0000] {processor.py:154} INFO - Started process (PID=601) to work on /home/airflow/.local/lib/python3.7/site-packages/airflow/example_dags/example_external_task_marker_dag.py
[2023-04-30T17:53:29.894+0000] {processor.py:756} INFO - Processing file /home/airflow/.local/lib/python3.7/site-packages/airflow/example_dags/example_external_task_marker_dag.py for tasks to queue
[2023-04-30T17:53:29.895+0000] {logging_mixin.py:120} INFO - [2023-04-30T17:53:29.895+0000] {dagbag.py:537} INFO - Filling up the DagBag from /home/airflow/.local/lib/python3.7/site-packages/airflow/example_dags/example_external_task_marker_dag.py
[2023-04-30T17:53:29.909+0000] {processor.py:766} INFO - DAG(s) dict_keys(['example_external_task_marker_parent', 'example_external_task_marker_child']) retrieved from /home/airflow/.local/lib/python3.7/site-packages/airflow/example_dags/example_external_task_marker_dag.py
[2023-04-30T17:53:30.097+0000] {logging_mixin.py:120} INFO - [2023-04-30T17:53:30.097+0000] {dag.py:2585} INFO - Sync 2 DAGs
[2023-04-30T17:53:30.124+0000] {logging_mixin.py:120} INFO - [2023-04-30T17:53:30.124+0000] {dag.py:3340} INFO - Setting next_dagrun for example_external_task_marker_child to None, run_after=None
[2023-04-30T17:53:30.128+0000] {logging_mixin.py:120} INFO - [2023-04-30T17:53:30.128+0000] {dag.py:3340} INFO - Setting next_dagrun for example_external_task_marker_parent to None, run_after=None
[2023-04-30T17:53:30.151+0000] {processor.py:176} INFO - Processing /home/airflow/.local/lib/python3.7/site-packages/airflow/example_dags/example_external_task_marker_dag.py took 0.260 seconds
[2023-04-30T17:54:00.498+0000] {processor.py:154} INFO - Started process (PID=664) to work on /home/airflow/.local/lib/python3.7/site-packages/airflow/example_dags/example_external_task_marker_dag.py
[2023-04-30T17:54:00.499+0000] {processor.py:756} INFO - Processing file /home/airflow/.local/lib/python3.7/site-packages/airflow/example_dags/example_external_task_marker_dag.py for tasks to queue
[2023-04-30T17:54:00.499+0000] {logging_mixin.py:120} INFO - [2023-04-30T17:54:00.499+0000] {dagbag.py:537} INFO - Filling up the DagBag from /home/airflow/.local/lib/python3.7/site-packages/airflow/example_dags/example_external_task_marker_dag.py
[2023-04-30T17:54:00.509+0000] {processor.py:766} INFO - DAG(s) dict_keys(['example_external_task_marker_child', 'example_external_task_marker_parent']) retrieved from /home/airflow/.local/lib/python3.7/site-packages/airflow/example_dags/example_external_task_marker_dag.py
[2023-04-30T17:54:00.701+0000] {logging_mixin.py:120} INFO - [2023-04-30T17:54:00.701+0000] {dag.py:2585} INFO - Sync 2 DAGs
[2023-04-30T17:54:00.729+0000] {logging_mixin.py:120} INFO - [2023-04-30T17:54:00.729+0000] {dag.py:3340} INFO - Setting next_dagrun for example_external_task_marker_child to None, run_after=None
[2023-04-30T17:54:00.733+0000] {logging_mixin.py:120} INFO - [2023-04-30T17:54:00.733+0000] {dag.py:3340} INFO - Setting next_dagrun for example_external_task_marker_parent to None, run_after=None
[2023-04-30T17:54:00.756+0000] {processor.py:176} INFO - Processing /home/airflow/.local/lib/python3.7/site-packages/airflow/example_dags/example_external_task_marker_dag.py took 0.260 seconds
[2023-04-30T17:54:31.010+0000] {processor.py:154} INFO - Started process (PID=718) to work on /home/airflow/.local/lib/python3.7/site-packages/airflow/example_dags/example_external_task_marker_dag.py
[2023-04-30T17:54:31.011+0000] {processor.py:756} INFO - Processing file /home/airflow/.local/lib/python3.7/site-packages/airflow/example_dags/example_external_task_marker_dag.py for tasks to queue
[2023-04-30T17:54:31.012+0000] {logging_mixin.py:120} INFO - [2023-04-30T17:54:31.012+0000] {dagbag.py:537} INFO - Filling up the DagBag from /home/airflow/.local/lib/python3.7/site-packages/airflow/example_dags/example_external_task_marker_dag.py
[2023-04-30T17:54:31.026+0000] {processor.py:766} INFO - DAG(s) dict_keys(['example_external_task_marker_child', 'example_external_task_marker_parent']) retrieved from /home/airflow/.local/lib/python3.7/site-packages/airflow/example_dags/example_external_task_marker_dag.py
[2023-04-30T17:54:31.261+0000] {logging_mixin.py:120} INFO - [2023-04-30T17:54:31.260+0000] {dag.py:2585} INFO - Sync 2 DAGs
[2023-04-30T17:54:31.297+0000] {logging_mixin.py:120} INFO - [2023-04-30T17:54:31.297+0000] {dag.py:3340} INFO - Setting next_dagrun for example_external_task_marker_child to None, run_after=None
[2023-04-30T17:54:31.302+0000] {logging_mixin.py:120} INFO - [2023-04-30T17:54:31.302+0000] {dag.py:3340} INFO - Setting next_dagrun for example_external_task_marker_parent to None, run_after=None
[2023-04-30T17:54:31.331+0000] {processor.py:176} INFO - Processing /home/airflow/.local/lib/python3.7/site-packages/airflow/example_dags/example_external_task_marker_dag.py took 0.325 seconds
[2023-04-30T17:55:01.757+0000] {processor.py:154} INFO - Started process (PID=781) to work on /home/airflow/.local/lib/python3.7/site-packages/airflow/example_dags/example_external_task_marker_dag.py
[2023-04-30T17:55:01.758+0000] {processor.py:756} INFO - Processing file /home/airflow/.local/lib/python3.7/site-packages/airflow/example_dags/example_external_task_marker_dag.py for tasks to queue
[2023-04-30T17:55:01.759+0000] {logging_mixin.py:120} INFO - [2023-04-30T17:55:01.759+0000] {dagbag.py:537} INFO - Filling up the DagBag from /home/airflow/.local/lib/python3.7/site-packages/airflow/example_dags/example_external_task_marker_dag.py
[2023-04-30T17:55:01.772+0000] {processor.py:766} INFO - DAG(s) dict_keys(['example_external_task_marker_child', 'example_external_task_marker_parent']) retrieved from /home/airflow/.local/lib/python3.7/site-packages/airflow/example_dags/example_external_task_marker_dag.py
[2023-04-30T17:55:01.981+0000] {logging_mixin.py:120} INFO - [2023-04-30T17:55:01.981+0000] {dag.py:2585} INFO - Sync 2 DAGs
[2023-04-30T17:55:02.009+0000] {logging_mixin.py:120} INFO - [2023-04-30T17:55:02.009+0000] {dag.py:3340} INFO - Setting next_dagrun for example_external_task_marker_child to None, run_after=None
[2023-04-30T17:55:02.013+0000] {logging_mixin.py:120} INFO - [2023-04-30T17:55:02.012+0000] {dag.py:3340} INFO - Setting next_dagrun for example_external_task_marker_parent to None, run_after=None
[2023-04-30T17:55:02.036+0000] {processor.py:176} INFO - Processing /home/airflow/.local/lib/python3.7/site-packages/airflow/example_dags/example_external_task_marker_dag.py took 0.282 seconds
[2023-04-30T17:55:32.529+0000] {processor.py:154} INFO - Started process (PID=845) to work on /home/airflow/.local/lib/python3.7/site-packages/airflow/example_dags/example_external_task_marker_dag.py
[2023-04-30T17:55:32.529+0000] {processor.py:756} INFO - Processing file /home/airflow/.local/lib/python3.7/site-packages/airflow/example_dags/example_external_task_marker_dag.py for tasks to queue
[2023-04-30T17:55:32.530+0000] {logging_mixin.py:120} INFO - [2023-04-30T17:55:32.530+0000] {dagbag.py:537} INFO - Filling up the DagBag from /home/airflow/.local/lib/python3.7/site-packages/airflow/example_dags/example_external_task_marker_dag.py
[2023-04-30T17:55:32.541+0000] {processor.py:766} INFO - DAG(s) dict_keys(['example_external_task_marker_parent', 'example_external_task_marker_child']) retrieved from /home/airflow/.local/lib/python3.7/site-packages/airflow/example_dags/example_external_task_marker_dag.py
[2023-04-30T17:55:32.753+0000] {logging_mixin.py:120} INFO - [2023-04-30T17:55:32.752+0000] {dag.py:2585} INFO - Sync 2 DAGs
[2023-04-30T17:55:32.785+0000] {logging_mixin.py:120} INFO - [2023-04-30T17:55:32.785+0000] {dag.py:3340} INFO - Setting next_dagrun for example_external_task_marker_child to None, run_after=None
[2023-04-30T17:55:32.791+0000] {logging_mixin.py:120} INFO - [2023-04-30T17:55:32.791+0000] {dag.py:3340} INFO - Setting next_dagrun for example_external_task_marker_parent to None, run_after=None
[2023-04-30T17:55:32.813+0000] {processor.py:176} INFO - Processing /home/airflow/.local/lib/python3.7/site-packages/airflow/example_dags/example_external_task_marker_dag.py took 0.287 seconds
[2023-04-30T17:56:03.093+0000] {processor.py:154} INFO - Started process (PID=908) to work on /home/airflow/.local/lib/python3.7/site-packages/airflow/example_dags/example_external_task_marker_dag.py
[2023-04-30T17:56:03.094+0000] {processor.py:756} INFO - Processing file /home/airflow/.local/lib/python3.7/site-packages/airflow/example_dags/example_external_task_marker_dag.py for tasks to queue
[2023-04-30T17:56:03.095+0000] {logging_mixin.py:120} INFO - [2023-04-30T17:56:03.095+0000] {dagbag.py:537} INFO - Filling up the DagBag from /home/airflow/.local/lib/python3.7/site-packages/airflow/example_dags/example_external_task_marker_dag.py
[2023-04-30T17:56:03.106+0000] {processor.py:766} INFO - DAG(s) dict_keys(['example_external_task_marker_child', 'example_external_task_marker_parent']) retrieved from /home/airflow/.local/lib/python3.7/site-packages/airflow/example_dags/example_external_task_marker_dag.py
[2023-04-30T17:56:03.320+0000] {logging_mixin.py:120} INFO - [2023-04-30T17:56:03.319+0000] {dag.py:2585} INFO - Sync 2 DAGs
[2023-04-30T17:56:03.347+0000] {logging_mixin.py:120} INFO - [2023-04-30T17:56:03.347+0000] {dag.py:3340} INFO - Setting next_dagrun for example_external_task_marker_child to None, run_after=None
[2023-04-30T17:56:03.351+0000] {logging_mixin.py:120} INFO - [2023-04-30T17:56:03.351+0000] {dag.py:3340} INFO - Setting next_dagrun for example_external_task_marker_parent to None, run_after=None
[2023-04-30T17:56:03.378+0000] {processor.py:176} INFO - Processing /home/airflow/.local/lib/python3.7/site-packages/airflow/example_dags/example_external_task_marker_dag.py took 0.288 seconds
[2023-04-30T17:56:33.695+0000] {processor.py:154} INFO - Started process (PID=963) to work on /home/airflow/.local/lib/python3.7/site-packages/airflow/example_dags/example_external_task_marker_dag.py
[2023-04-30T17:56:33.696+0000] {processor.py:756} INFO - Processing file /home/airflow/.local/lib/python3.7/site-packages/airflow/example_dags/example_external_task_marker_dag.py for tasks to queue
[2023-04-30T17:56:33.696+0000] {logging_mixin.py:120} INFO - [2023-04-30T17:56:33.696+0000] {dagbag.py:537} INFO - Filling up the DagBag from /home/airflow/.local/lib/python3.7/site-packages/airflow/example_dags/example_external_task_marker_dag.py
[2023-04-30T17:56:33.707+0000] {processor.py:766} INFO - DAG(s) dict_keys(['example_external_task_marker_child', 'example_external_task_marker_parent']) retrieved from /home/airflow/.local/lib/python3.7/site-packages/airflow/example_dags/example_external_task_marker_dag.py
[2023-04-30T17:56:33.883+0000] {logging_mixin.py:120} INFO - [2023-04-30T17:56:33.883+0000] {dag.py:2585} INFO - Sync 2 DAGs
[2023-04-30T17:56:33.908+0000] {logging_mixin.py:120} INFO - [2023-04-30T17:56:33.908+0000] {dag.py:3340} INFO - Setting next_dagrun for example_external_task_marker_child to None, run_after=None
[2023-04-30T17:56:33.912+0000] {logging_mixin.py:120} INFO - [2023-04-30T17:56:33.912+0000] {dag.py:3340} INFO - Setting next_dagrun for example_external_task_marker_parent to None, run_after=None
[2023-04-30T17:56:33.932+0000] {processor.py:176} INFO - Processing /home/airflow/.local/lib/python3.7/site-packages/airflow/example_dags/example_external_task_marker_dag.py took 0.239 seconds
[2023-04-30T17:57:04.322+0000] {processor.py:154} INFO - Started process (PID=1027) to work on /home/airflow/.local/lib/python3.7/site-packages/airflow/example_dags/example_external_task_marker_dag.py
[2023-04-30T17:57:04.323+0000] {processor.py:756} INFO - Processing file /home/airflow/.local/lib/python3.7/site-packages/airflow/example_dags/example_external_task_marker_dag.py for tasks to queue
[2023-04-30T17:57:04.324+0000] {logging_mixin.py:120} INFO - [2023-04-30T17:57:04.324+0000] {dagbag.py:537} INFO - Filling up the DagBag from /home/airflow/.local/lib/python3.7/site-packages/airflow/example_dags/example_external_task_marker_dag.py
[2023-04-30T17:57:04.340+0000] {processor.py:766} INFO - DAG(s) dict_keys(['example_external_task_marker_parent', 'example_external_task_marker_child']) retrieved from /home/airflow/.local/lib/python3.7/site-packages/airflow/example_dags/example_external_task_marker_dag.py
[2023-04-30T17:57:04.524+0000] {logging_mixin.py:120} INFO - [2023-04-30T17:57:04.524+0000] {dag.py:2585} INFO - Sync 2 DAGs
[2023-04-30T17:57:04.547+0000] {logging_mixin.py:120} INFO - [2023-04-30T17:57:04.547+0000] {dag.py:3340} INFO - Setting next_dagrun for example_external_task_marker_child to None, run_after=None
[2023-04-30T17:57:04.552+0000] {logging_mixin.py:120} INFO - [2023-04-30T17:57:04.552+0000] {dag.py:3340} INFO - Setting next_dagrun for example_external_task_marker_parent to None, run_after=None
[2023-04-30T17:57:04.573+0000] {processor.py:176} INFO - Processing /home/airflow/.local/lib/python3.7/site-packages/airflow/example_dags/example_external_task_marker_dag.py took 0.254 seconds
[2023-04-30T17:57:34.909+0000] {processor.py:154} INFO - Started process (PID=1090) to work on /home/airflow/.local/lib/python3.7/site-packages/airflow/example_dags/example_external_task_marker_dag.py
[2023-04-30T17:57:34.911+0000] {processor.py:756} INFO - Processing file /home/airflow/.local/lib/python3.7/site-packages/airflow/example_dags/example_external_task_marker_dag.py for tasks to queue
[2023-04-30T17:57:34.912+0000] {logging_mixin.py:120} INFO - [2023-04-30T17:57:34.911+0000] {dagbag.py:537} INFO - Filling up the DagBag from /home/airflow/.local/lib/python3.7/site-packages/airflow/example_dags/example_external_task_marker_dag.py
[2023-04-30T17:57:34.924+0000] {processor.py:766} INFO - DAG(s) dict_keys(['example_external_task_marker_parent', 'example_external_task_marker_child']) retrieved from /home/airflow/.local/lib/python3.7/site-packages/airflow/example_dags/example_external_task_marker_dag.py
[2023-04-30T17:57:35.139+0000] {logging_mixin.py:120} INFO - [2023-04-30T17:57:35.139+0000] {dag.py:2585} INFO - Sync 2 DAGs
[2023-04-30T17:57:35.166+0000] {logging_mixin.py:120} INFO - [2023-04-30T17:57:35.166+0000] {dag.py:3340} INFO - Setting next_dagrun for example_external_task_marker_child to None, run_after=None
[2023-04-30T17:57:35.170+0000] {logging_mixin.py:120} INFO - [2023-04-30T17:57:35.170+0000] {dag.py:3340} INFO - Setting next_dagrun for example_external_task_marker_parent to None, run_after=None
[2023-04-30T17:57:35.192+0000] {processor.py:176} INFO - Processing /home/airflow/.local/lib/python3.7/site-packages/airflow/example_dags/example_external_task_marker_dag.py took 0.286 seconds
[2023-04-30T17:58:05.599+0000] {processor.py:154} INFO - Started process (PID=1151) to work on /home/airflow/.local/lib/python3.7/site-packages/airflow/example_dags/example_external_task_marker_dag.py
[2023-04-30T17:58:05.600+0000] {processor.py:756} INFO - Processing file /home/airflow/.local/lib/python3.7/site-packages/airflow/example_dags/example_external_task_marker_dag.py for tasks to queue
[2023-04-30T17:58:05.600+0000] {logging_mixin.py:120} INFO - [2023-04-30T17:58:05.600+0000] {dagbag.py:537} INFO - Filling up the DagBag from /home/airflow/.local/lib/python3.7/site-packages/airflow/example_dags/example_external_task_marker_dag.py
[2023-04-30T17:58:05.614+0000] {processor.py:766} INFO - DAG(s) dict_keys(['example_external_task_marker_parent', 'example_external_task_marker_child']) retrieved from /home/airflow/.local/lib/python3.7/site-packages/airflow/example_dags/example_external_task_marker_dag.py
[2023-04-30T17:58:05.848+0000] {logging_mixin.py:120} INFO - [2023-04-30T17:58:05.847+0000] {dag.py:2585} INFO - Sync 2 DAGs
[2023-04-30T17:58:05.874+0000] {logging_mixin.py:120} INFO - [2023-04-30T17:58:05.874+0000] {dag.py:3340} INFO - Setting next_dagrun for example_external_task_marker_child to None, run_after=None
[2023-04-30T17:58:05.878+0000] {logging_mixin.py:120} INFO - [2023-04-30T17:58:05.878+0000] {dag.py:3340} INFO - Setting next_dagrun for example_external_task_marker_parent to None, run_after=None
[2023-04-30T17:58:05.900+0000] {processor.py:176} INFO - Processing /home/airflow/.local/lib/python3.7/site-packages/airflow/example_dags/example_external_task_marker_dag.py took 0.304 seconds
[2023-04-30T17:58:36.227+0000] {processor.py:154} INFO - Started process (PID=1214) to work on /home/airflow/.local/lib/python3.7/site-packages/airflow/example_dags/example_external_task_marker_dag.py
[2023-04-30T17:58:36.228+0000] {processor.py:756} INFO - Processing file /home/airflow/.local/lib/python3.7/site-packages/airflow/example_dags/example_external_task_marker_dag.py for tasks to queue
[2023-04-30T17:58:36.228+0000] {logging_mixin.py:120} INFO - [2023-04-30T17:58:36.228+0000] {dagbag.py:537} INFO - Filling up the DagBag from /home/airflow/.local/lib/python3.7/site-packages/airflow/example_dags/example_external_task_marker_dag.py
[2023-04-30T17:58:36.238+0000] {processor.py:766} INFO - DAG(s) dict_keys(['example_external_task_marker_child', 'example_external_task_marker_parent']) retrieved from /home/airflow/.local/lib/python3.7/site-packages/airflow/example_dags/example_external_task_marker_dag.py
[2023-04-30T17:58:36.413+0000] {logging_mixin.py:120} INFO - [2023-04-30T17:58:36.413+0000] {dag.py:2585} INFO - Sync 2 DAGs
[2023-04-30T17:58:36.439+0000] {logging_mixin.py:120} INFO - [2023-04-30T17:58:36.439+0000] {dag.py:3340} INFO - Setting next_dagrun for example_external_task_marker_child to None, run_after=None
[2023-04-30T17:58:36.443+0000] {logging_mixin.py:120} INFO - [2023-04-30T17:58:36.442+0000] {dag.py:3340} INFO - Setting next_dagrun for example_external_task_marker_parent to None, run_after=None
[2023-04-30T17:58:36.468+0000] {processor.py:176} INFO - Processing /home/airflow/.local/lib/python3.7/site-packages/airflow/example_dags/example_external_task_marker_dag.py took 0.244 seconds
[2023-04-30T17:59:07.077+0000] {processor.py:154} INFO - Started process (PID=1277) to work on /home/airflow/.local/lib/python3.7/site-packages/airflow/example_dags/example_external_task_marker_dag.py
[2023-04-30T17:59:07.078+0000] {processor.py:756} INFO - Processing file /home/airflow/.local/lib/python3.7/site-packages/airflow/example_dags/example_external_task_marker_dag.py for tasks to queue
[2023-04-30T17:59:07.079+0000] {logging_mixin.py:120} INFO - [2023-04-30T17:59:07.079+0000] {dagbag.py:537} INFO - Filling up the DagBag from /home/airflow/.local/lib/python3.7/site-packages/airflow/example_dags/example_external_task_marker_dag.py
[2023-04-30T17:59:07.091+0000] {processor.py:766} INFO - DAG(s) dict_keys(['example_external_task_marker_child', 'example_external_task_marker_parent']) retrieved from /home/airflow/.local/lib/python3.7/site-packages/airflow/example_dags/example_external_task_marker_dag.py
[2023-04-30T17:59:07.303+0000] {logging_mixin.py:120} INFO - [2023-04-30T17:59:07.302+0000] {dag.py:2585} INFO - Sync 2 DAGs
[2023-04-30T17:59:07.330+0000] {logging_mixin.py:120} INFO - [2023-04-30T17:59:07.330+0000] {dag.py:3340} INFO - Setting next_dagrun for example_external_task_marker_child to None, run_after=None
[2023-04-30T17:59:07.334+0000] {logging_mixin.py:120} INFO - [2023-04-30T17:59:07.333+0000] {dag.py:3340} INFO - Setting next_dagrun for example_external_task_marker_parent to None, run_after=None
[2023-04-30T17:59:07.356+0000] {processor.py:176} INFO - Processing /home/airflow/.local/lib/python3.7/site-packages/airflow/example_dags/example_external_task_marker_dag.py took 0.281 seconds
[2023-04-30T17:59:37.753+0000] {processor.py:154} INFO - Started process (PID=1331) to work on /home/airflow/.local/lib/python3.7/site-packages/airflow/example_dags/example_external_task_marker_dag.py
[2023-04-30T17:59:37.754+0000] {processor.py:756} INFO - Processing file /home/airflow/.local/lib/python3.7/site-packages/airflow/example_dags/example_external_task_marker_dag.py for tasks to queue
[2023-04-30T17:59:37.755+0000] {logging_mixin.py:120} INFO - [2023-04-30T17:59:37.755+0000] {dagbag.py:537} INFO - Filling up the DagBag from /home/airflow/.local/lib/python3.7/site-packages/airflow/example_dags/example_external_task_marker_dag.py
[2023-04-30T17:59:37.770+0000] {processor.py:766} INFO - DAG(s) dict_keys(['example_external_task_marker_child', 'example_external_task_marker_parent']) retrieved from /home/airflow/.local/lib/python3.7/site-packages/airflow/example_dags/example_external_task_marker_dag.py
[2023-04-30T17:59:38.007+0000] {logging_mixin.py:120} INFO - [2023-04-30T17:59:38.007+0000] {dag.py:2585} INFO - Sync 2 DAGs
[2023-04-30T17:59:38.040+0000] {logging_mixin.py:120} INFO - [2023-04-30T17:59:38.040+0000] {dag.py:3340} INFO - Setting next_dagrun for example_external_task_marker_child to None, run_after=None
[2023-04-30T17:59:38.044+0000] {logging_mixin.py:120} INFO - [2023-04-30T17:59:38.043+0000] {dag.py:3340} INFO - Setting next_dagrun for example_external_task_marker_parent to None, run_after=None
[2023-04-30T17:59:38.069+0000] {processor.py:176} INFO - Processing /home/airflow/.local/lib/python3.7/site-packages/airflow/example_dags/example_external_task_marker_dag.py took 0.318 seconds
[2023-04-30T18:00:08.454+0000] {processor.py:154} INFO - Started process (PID=1395) to work on /home/airflow/.local/lib/python3.7/site-packages/airflow/example_dags/example_external_task_marker_dag.py
[2023-04-30T18:00:08.455+0000] {processor.py:756} INFO - Processing file /home/airflow/.local/lib/python3.7/site-packages/airflow/example_dags/example_external_task_marker_dag.py for tasks to queue
[2023-04-30T18:00:08.456+0000] {logging_mixin.py:120} INFO - [2023-04-30T18:00:08.456+0000] {dagbag.py:537} INFO - Filling up the DagBag from /home/airflow/.local/lib/python3.7/site-packages/airflow/example_dags/example_external_task_marker_dag.py
[2023-04-30T18:00:08.467+0000] {processor.py:766} INFO - DAG(s) dict_keys(['example_external_task_marker_child', 'example_external_task_marker_parent']) retrieved from /home/airflow/.local/lib/python3.7/site-packages/airflow/example_dags/example_external_task_marker_dag.py
[2023-04-30T18:00:08.639+0000] {logging_mixin.py:120} INFO - [2023-04-30T18:00:08.639+0000] {dag.py:2585} INFO - Sync 2 DAGs
[2023-04-30T18:00:08.664+0000] {logging_mixin.py:120} INFO - [2023-04-30T18:00:08.664+0000] {dag.py:3340} INFO - Setting next_dagrun for example_external_task_marker_child to None, run_after=None
[2023-04-30T18:00:08.668+0000] {logging_mixin.py:120} INFO - [2023-04-30T18:00:08.667+0000] {dag.py:3340} INFO - Setting next_dagrun for example_external_task_marker_parent to None, run_after=None
[2023-04-30T18:00:08.688+0000] {processor.py:176} INFO - Processing /home/airflow/.local/lib/python3.7/site-packages/airflow/example_dags/example_external_task_marker_dag.py took 0.236 seconds
[2023-04-30T18:00:39.165+0000] {processor.py:154} INFO - Started process (PID=1459) to work on /home/airflow/.local/lib/python3.7/site-packages/airflow/example_dags/example_external_task_marker_dag.py
[2023-04-30T18:00:39.166+0000] {processor.py:756} INFO - Processing file /home/airflow/.local/lib/python3.7/site-packages/airflow/example_dags/example_external_task_marker_dag.py for tasks to queue
[2023-04-30T18:00:39.166+0000] {logging_mixin.py:120} INFO - [2023-04-30T18:00:39.166+0000] {dagbag.py:537} INFO - Filling up the DagBag from /home/airflow/.local/lib/python3.7/site-packages/airflow/example_dags/example_external_task_marker_dag.py
[2023-04-30T18:00:39.179+0000] {processor.py:766} INFO - DAG(s) dict_keys(['example_external_task_marker_parent', 'example_external_task_marker_child']) retrieved from /home/airflow/.local/lib/python3.7/site-packages/airflow/example_dags/example_external_task_marker_dag.py
[2023-04-30T18:00:39.359+0000] {logging_mixin.py:120} INFO - [2023-04-30T18:00:39.358+0000] {dag.py:2585} INFO - Sync 2 DAGs
[2023-04-30T18:00:39.384+0000] {logging_mixin.py:120} INFO - [2023-04-30T18:00:39.383+0000] {dag.py:3340} INFO - Setting next_dagrun for example_external_task_marker_child to None, run_after=None
[2023-04-30T18:00:39.388+0000] {logging_mixin.py:120} INFO - [2023-04-30T18:00:39.387+0000] {dag.py:3340} INFO - Setting next_dagrun for example_external_task_marker_parent to None, run_after=None
[2023-04-30T18:00:39.407+0000] {processor.py:176} INFO - Processing /home/airflow/.local/lib/python3.7/site-packages/airflow/example_dags/example_external_task_marker_dag.py took 0.246 seconds
[2023-04-30T18:01:09.904+0000] {processor.py:154} INFO - Started process (PID=1519) to work on /home/airflow/.local/lib/python3.7/site-packages/airflow/example_dags/example_external_task_marker_dag.py
[2023-04-30T18:01:09.905+0000] {processor.py:756} INFO - Processing file /home/airflow/.local/lib/python3.7/site-packages/airflow/example_dags/example_external_task_marker_dag.py for tasks to queue
[2023-04-30T18:01:09.905+0000] {logging_mixin.py:120} INFO - [2023-04-30T18:01:09.905+0000] {dagbag.py:537} INFO - Filling up the DagBag from /home/airflow/.local/lib/python3.7/site-packages/airflow/example_dags/example_external_task_marker_dag.py
[2023-04-30T18:01:09.921+0000] {processor.py:766} INFO - DAG(s) dict_keys(['example_external_task_marker_child', 'example_external_task_marker_parent']) retrieved from /home/airflow/.local/lib/python3.7/site-packages/airflow/example_dags/example_external_task_marker_dag.py
[2023-04-30T18:01:10.192+0000] {logging_mixin.py:120} INFO - [2023-04-30T18:01:10.191+0000] {dag.py:2585} INFO - Sync 2 DAGs
[2023-04-30T18:01:10.230+0000] {logging_mixin.py:120} INFO - [2023-04-30T18:01:10.230+0000] {dag.py:3340} INFO - Setting next_dagrun for example_external_task_marker_child to None, run_after=None
[2023-04-30T18:01:10.235+0000] {logging_mixin.py:120} INFO - [2023-04-30T18:01:10.235+0000] {dag.py:3340} INFO - Setting next_dagrun for example_external_task_marker_parent to None, run_after=None
[2023-04-30T18:01:10.263+0000] {processor.py:176} INFO - Processing /home/airflow/.local/lib/python3.7/site-packages/airflow/example_dags/example_external_task_marker_dag.py took 0.362 seconds
[2023-04-30T18:01:40.654+0000] {processor.py:154} INFO - Started process (PID=1576) to work on /home/airflow/.local/lib/python3.7/site-packages/airflow/example_dags/example_external_task_marker_dag.py
[2023-04-30T18:01:40.656+0000] {processor.py:756} INFO - Processing file /home/airflow/.local/lib/python3.7/site-packages/airflow/example_dags/example_external_task_marker_dag.py for tasks to queue
[2023-04-30T18:01:40.657+0000] {logging_mixin.py:120} INFO - [2023-04-30T18:01:40.656+0000] {dagbag.py:537} INFO - Filling up the DagBag from /home/airflow/.local/lib/python3.7/site-packages/airflow/example_dags/example_external_task_marker_dag.py
[2023-04-30T18:01:40.668+0000] {processor.py:766} INFO - DAG(s) dict_keys(['example_external_task_marker_parent', 'example_external_task_marker_child']) retrieved from /home/airflow/.local/lib/python3.7/site-packages/airflow/example_dags/example_external_task_marker_dag.py
[2023-04-30T18:01:40.851+0000] {logging_mixin.py:120} INFO - [2023-04-30T18:01:40.850+0000] {dag.py:2585} INFO - Sync 2 DAGs
[2023-04-30T18:01:40.880+0000] {logging_mixin.py:120} INFO - [2023-04-30T18:01:40.879+0000] {dag.py:3340} INFO - Setting next_dagrun for example_external_task_marker_child to None, run_after=None
[2023-04-30T18:01:40.886+0000] {logging_mixin.py:120} INFO - [2023-04-30T18:01:40.886+0000] {dag.py:3340} INFO - Setting next_dagrun for example_external_task_marker_parent to None, run_after=None
[2023-04-30T18:01:40.920+0000] {processor.py:176} INFO - Processing /home/airflow/.local/lib/python3.7/site-packages/airflow/example_dags/example_external_task_marker_dag.py took 0.268 seconds
[2023-04-30T18:02:11.171+0000] {processor.py:154} INFO - Started process (PID=1639) to work on /home/airflow/.local/lib/python3.7/site-packages/airflow/example_dags/example_external_task_marker_dag.py
[2023-04-30T18:02:11.172+0000] {processor.py:756} INFO - Processing file /home/airflow/.local/lib/python3.7/site-packages/airflow/example_dags/example_external_task_marker_dag.py for tasks to queue
[2023-04-30T18:02:11.173+0000] {logging_mixin.py:120} INFO - [2023-04-30T18:02:11.173+0000] {dagbag.py:537} INFO - Filling up the DagBag from /home/airflow/.local/lib/python3.7/site-packages/airflow/example_dags/example_external_task_marker_dag.py
[2023-04-30T18:02:11.183+0000] {processor.py:766} INFO - DAG(s) dict_keys(['example_external_task_marker_child', 'example_external_task_marker_parent']) retrieved from /home/airflow/.local/lib/python3.7/site-packages/airflow/example_dags/example_external_task_marker_dag.py
[2023-04-30T18:02:11.355+0000] {logging_mixin.py:120} INFO - [2023-04-30T18:02:11.355+0000] {dag.py:2585} INFO - Sync 2 DAGs
[2023-04-30T18:02:11.384+0000] {logging_mixin.py:120} INFO - [2023-04-30T18:02:11.384+0000] {dag.py:3340} INFO - Setting next_dagrun for example_external_task_marker_child to None, run_after=None
[2023-04-30T18:02:11.387+0000] {logging_mixin.py:120} INFO - [2023-04-30T18:02:11.387+0000] {dag.py:3340} INFO - Setting next_dagrun for example_external_task_marker_parent to None, run_after=None
[2023-04-30T18:02:11.408+0000] {processor.py:176} INFO - Processing /home/airflow/.local/lib/python3.7/site-packages/airflow/example_dags/example_external_task_marker_dag.py took 0.239 seconds
[2023-04-30T18:02:41.599+0000] {processor.py:154} INFO - Started process (PID=1702) to work on /home/airflow/.local/lib/python3.7/site-packages/airflow/example_dags/example_external_task_marker_dag.py
[2023-04-30T18:02:41.601+0000] {processor.py:756} INFO - Processing file /home/airflow/.local/lib/python3.7/site-packages/airflow/example_dags/example_external_task_marker_dag.py for tasks to queue
[2023-04-30T18:02:41.602+0000] {logging_mixin.py:120} INFO - [2023-04-30T18:02:41.602+0000] {dagbag.py:537} INFO - Filling up the DagBag from /home/airflow/.local/lib/python3.7/site-packages/airflow/example_dags/example_external_task_marker_dag.py
[2023-04-30T18:02:41.613+0000] {processor.py:766} INFO - DAG(s) dict_keys(['example_external_task_marker_parent', 'example_external_task_marker_child']) retrieved from /home/airflow/.local/lib/python3.7/site-packages/airflow/example_dags/example_external_task_marker_dag.py
[2023-04-30T18:02:41.810+0000] {logging_mixin.py:120} INFO - [2023-04-30T18:02:41.810+0000] {dag.py:2585} INFO - Sync 2 DAGs
[2023-04-30T18:02:41.841+0000] {logging_mixin.py:120} INFO - [2023-04-30T18:02:41.841+0000] {dag.py:3340} INFO - Setting next_dagrun for example_external_task_marker_child to None, run_after=None
[2023-04-30T18:02:41.845+0000] {logging_mixin.py:120} INFO - [2023-04-30T18:02:41.845+0000] {dag.py:3340} INFO - Setting next_dagrun for example_external_task_marker_parent to None, run_after=None
[2023-04-30T18:02:41.868+0000] {processor.py:176} INFO - Processing /home/airflow/.local/lib/python3.7/site-packages/airflow/example_dags/example_external_task_marker_dag.py took 0.272 seconds
[2023-04-30T18:03:12.121+0000] {processor.py:154} INFO - Started process (PID=1756) to work on /home/airflow/.local/lib/python3.7/site-packages/airflow/example_dags/example_external_task_marker_dag.py
[2023-04-30T18:03:12.122+0000] {processor.py:756} INFO - Processing file /home/airflow/.local/lib/python3.7/site-packages/airflow/example_dags/example_external_task_marker_dag.py for tasks to queue
[2023-04-30T18:03:12.123+0000] {logging_mixin.py:120} INFO - [2023-04-30T18:03:12.123+0000] {dagbag.py:537} INFO - Filling up the DagBag from /home/airflow/.local/lib/python3.7/site-packages/airflow/example_dags/example_external_task_marker_dag.py
[2023-04-30T18:03:12.133+0000] {processor.py:766} INFO - DAG(s) dict_keys(['example_external_task_marker_parent', 'example_external_task_marker_child']) retrieved from /home/airflow/.local/lib/python3.7/site-packages/airflow/example_dags/example_external_task_marker_dag.py
[2023-04-30T18:03:12.323+0000] {logging_mixin.py:120} INFO - [2023-04-30T18:03:12.323+0000] {dag.py:2585} INFO - Sync 2 DAGs
[2023-04-30T18:03:12.347+0000] {logging_mixin.py:120} INFO - [2023-04-30T18:03:12.346+0000] {dag.py:3340} INFO - Setting next_dagrun for example_external_task_marker_child to None, run_after=None
[2023-04-30T18:03:12.351+0000] {logging_mixin.py:120} INFO - [2023-04-30T18:03:12.351+0000] {dag.py:3340} INFO - Setting next_dagrun for example_external_task_marker_parent to None, run_after=None
[2023-04-30T18:03:12.370+0000] {processor.py:176} INFO - Processing /home/airflow/.local/lib/python3.7/site-packages/airflow/example_dags/example_external_task_marker_dag.py took 0.251 seconds
[2023-04-30T18:03:42.724+0000] {processor.py:154} INFO - Started process (PID=1820) to work on /home/airflow/.local/lib/python3.7/site-packages/airflow/example_dags/example_external_task_marker_dag.py
[2023-04-30T18:03:42.725+0000] {processor.py:756} INFO - Processing file /home/airflow/.local/lib/python3.7/site-packages/airflow/example_dags/example_external_task_marker_dag.py for tasks to queue
[2023-04-30T18:03:42.726+0000] {logging_mixin.py:120} INFO - [2023-04-30T18:03:42.726+0000] {dagbag.py:537} INFO - Filling up the DagBag from /home/airflow/.local/lib/python3.7/site-packages/airflow/example_dags/example_external_task_marker_dag.py
[2023-04-30T18:03:42.736+0000] {processor.py:766} INFO - DAG(s) dict_keys(['example_external_task_marker_parent', 'example_external_task_marker_child']) retrieved from /home/airflow/.local/lib/python3.7/site-packages/airflow/example_dags/example_external_task_marker_dag.py
[2023-04-30T18:03:42.925+0000] {logging_mixin.py:120} INFO - [2023-04-30T18:03:42.924+0000] {dag.py:2585} INFO - Sync 2 DAGs
[2023-04-30T18:03:42.952+0000] {logging_mixin.py:120} INFO - [2023-04-30T18:03:42.952+0000] {dag.py:3340} INFO - Setting next_dagrun for example_external_task_marker_child to None, run_after=None
[2023-04-30T18:03:42.956+0000] {logging_mixin.py:120} INFO - [2023-04-30T18:03:42.956+0000] {dag.py:3340} INFO - Setting next_dagrun for example_external_task_marker_parent to None, run_after=None
[2023-04-30T18:03:42.977+0000] {processor.py:176} INFO - Processing /home/airflow/.local/lib/python3.7/site-packages/airflow/example_dags/example_external_task_marker_dag.py took 0.256 seconds
[2023-04-30T18:04:13.272+0000] {processor.py:154} INFO - Started process (PID=1883) to work on /home/airflow/.local/lib/python3.7/site-packages/airflow/example_dags/example_external_task_marker_dag.py
[2023-04-30T18:04:13.273+0000] {processor.py:756} INFO - Processing file /home/airflow/.local/lib/python3.7/site-packages/airflow/example_dags/example_external_task_marker_dag.py for tasks to queue
[2023-04-30T18:04:13.274+0000] {logging_mixin.py:120} INFO - [2023-04-30T18:04:13.274+0000] {dagbag.py:537} INFO - Filling up the DagBag from /home/airflow/.local/lib/python3.7/site-packages/airflow/example_dags/example_external_task_marker_dag.py
[2023-04-30T18:04:13.284+0000] {processor.py:766} INFO - DAG(s) dict_keys(['example_external_task_marker_parent', 'example_external_task_marker_child']) retrieved from /home/airflow/.local/lib/python3.7/site-packages/airflow/example_dags/example_external_task_marker_dag.py
[2023-04-30T18:04:13.457+0000] {logging_mixin.py:120} INFO - [2023-04-30T18:04:13.457+0000] {dag.py:2585} INFO - Sync 2 DAGs
[2023-04-30T18:04:13.481+0000] {logging_mixin.py:120} INFO - [2023-04-30T18:04:13.481+0000] {dag.py:3340} INFO - Setting next_dagrun for example_external_task_marker_child to None, run_after=None
[2023-04-30T18:04:13.485+0000] {logging_mixin.py:120} INFO - [2023-04-30T18:04:13.485+0000] {dag.py:3340} INFO - Setting next_dagrun for example_external_task_marker_parent to None, run_after=None
[2023-04-30T18:04:13.506+0000] {processor.py:176} INFO - Processing /home/airflow/.local/lib/python3.7/site-packages/airflow/example_dags/example_external_task_marker_dag.py took 0.236 seconds
[2023-04-30T18:04:43.788+0000] {processor.py:154} INFO - Started process (PID=1938) to work on /home/airflow/.local/lib/python3.7/site-packages/airflow/example_dags/example_external_task_marker_dag.py
[2023-04-30T18:04:43.788+0000] {processor.py:756} INFO - Processing file /home/airflow/.local/lib/python3.7/site-packages/airflow/example_dags/example_external_task_marker_dag.py for tasks to queue
[2023-04-30T18:04:43.789+0000] {logging_mixin.py:120} INFO - [2023-04-30T18:04:43.788+0000] {dagbag.py:537} INFO - Filling up the DagBag from /home/airflow/.local/lib/python3.7/site-packages/airflow/example_dags/example_external_task_marker_dag.py
[2023-04-30T18:04:43.799+0000] {processor.py:766} INFO - DAG(s) dict_keys(['example_external_task_marker_parent', 'example_external_task_marker_child']) retrieved from /home/airflow/.local/lib/python3.7/site-packages/airflow/example_dags/example_external_task_marker_dag.py
[2023-04-30T18:04:44.015+0000] {logging_mixin.py:120} INFO - [2023-04-30T18:04:44.015+0000] {dag.py:2585} INFO - Sync 2 DAGs
[2023-04-30T18:04:44.043+0000] {logging_mixin.py:120} INFO - [2023-04-30T18:04:44.043+0000] {dag.py:3340} INFO - Setting next_dagrun for example_external_task_marker_child to None, run_after=None
[2023-04-30T18:04:44.048+0000] {logging_mixin.py:120} INFO - [2023-04-30T18:04:44.048+0000] {dag.py:3340} INFO - Setting next_dagrun for example_external_task_marker_parent to None, run_after=None
[2023-04-30T18:04:44.069+0000] {processor.py:176} INFO - Processing /home/airflow/.local/lib/python3.7/site-packages/airflow/example_dags/example_external_task_marker_dag.py took 0.284 seconds
[2023-04-30T18:05:14.414+0000] {processor.py:154} INFO - Started process (PID=2001) to work on /home/airflow/.local/lib/python3.7/site-packages/airflow/example_dags/example_external_task_marker_dag.py
[2023-04-30T18:05:14.415+0000] {processor.py:756} INFO - Processing file /home/airflow/.local/lib/python3.7/site-packages/airflow/example_dags/example_external_task_marker_dag.py for tasks to queue
[2023-04-30T18:05:14.416+0000] {logging_mixin.py:120} INFO - [2023-04-30T18:05:14.416+0000] {dagbag.py:537} INFO - Filling up the DagBag from /home/airflow/.local/lib/python3.7/site-packages/airflow/example_dags/example_external_task_marker_dag.py
[2023-04-30T18:05:14.430+0000] {processor.py:766} INFO - DAG(s) dict_keys(['example_external_task_marker_parent', 'example_external_task_marker_child']) retrieved from /home/airflow/.local/lib/python3.7/site-packages/airflow/example_dags/example_external_task_marker_dag.py
[2023-04-30T18:05:14.649+0000] {logging_mixin.py:120} INFO - [2023-04-30T18:05:14.649+0000] {dag.py:2585} INFO - Sync 2 DAGs
[2023-04-30T18:05:14.685+0000] {logging_mixin.py:120} INFO - [2023-04-30T18:05:14.685+0000] {dag.py:3340} INFO - Setting next_dagrun for example_external_task_marker_child to None, run_after=None
[2023-04-30T18:05:14.691+0000] {logging_mixin.py:120} INFO - [2023-04-30T18:05:14.691+0000] {dag.py:3340} INFO - Setting next_dagrun for example_external_task_marker_parent to None, run_after=None
[2023-04-30T18:05:14.718+0000] {processor.py:176} INFO - Processing /home/airflow/.local/lib/python3.7/site-packages/airflow/example_dags/example_external_task_marker_dag.py took 0.306 seconds
[2023-04-30T18:05:45.059+0000] {processor.py:154} INFO - Started process (PID=2065) to work on /home/airflow/.local/lib/python3.7/site-packages/airflow/example_dags/example_external_task_marker_dag.py
[2023-04-30T18:05:45.060+0000] {processor.py:756} INFO - Processing file /home/airflow/.local/lib/python3.7/site-packages/airflow/example_dags/example_external_task_marker_dag.py for tasks to queue
[2023-04-30T18:05:45.061+0000] {logging_mixin.py:120} INFO - [2023-04-30T18:05:45.061+0000] {dagbag.py:537} INFO - Filling up the DagBag from /home/airflow/.local/lib/python3.7/site-packages/airflow/example_dags/example_external_task_marker_dag.py
[2023-04-30T18:05:45.074+0000] {processor.py:766} INFO - DAG(s) dict_keys(['example_external_task_marker_parent', 'example_external_task_marker_child']) retrieved from /home/airflow/.local/lib/python3.7/site-packages/airflow/example_dags/example_external_task_marker_dag.py
[2023-04-30T18:05:45.255+0000] {logging_mixin.py:120} INFO - [2023-04-30T18:05:45.255+0000] {dag.py:2585} INFO - Sync 2 DAGs
[2023-04-30T18:05:45.284+0000] {logging_mixin.py:120} INFO - [2023-04-30T18:05:45.284+0000] {dag.py:3340} INFO - Setting next_dagrun for example_external_task_marker_child to None, run_after=None
[2023-04-30T18:05:45.287+0000] {logging_mixin.py:120} INFO - [2023-04-30T18:05:45.287+0000] {dag.py:3340} INFO - Setting next_dagrun for example_external_task_marker_parent to None, run_after=None
[2023-04-30T18:05:45.308+0000] {processor.py:176} INFO - Processing /home/airflow/.local/lib/python3.7/site-packages/airflow/example_dags/example_external_task_marker_dag.py took 0.252 seconds
[2023-04-30T18:06:15.598+0000] {processor.py:154} INFO - Started process (PID=2119) to work on /home/airflow/.local/lib/python3.7/site-packages/airflow/example_dags/example_external_task_marker_dag.py
[2023-04-30T18:06:15.599+0000] {processor.py:756} INFO - Processing file /home/airflow/.local/lib/python3.7/site-packages/airflow/example_dags/example_external_task_marker_dag.py for tasks to queue
[2023-04-30T18:06:15.600+0000] {logging_mixin.py:120} INFO - [2023-04-30T18:06:15.600+0000] {dagbag.py:537} INFO - Filling up the DagBag from /home/airflow/.local/lib/python3.7/site-packages/airflow/example_dags/example_external_task_marker_dag.py
[2023-04-30T18:06:15.610+0000] {processor.py:766} INFO - DAG(s) dict_keys(['example_external_task_marker_parent', 'example_external_task_marker_child']) retrieved from /home/airflow/.local/lib/python3.7/site-packages/airflow/example_dags/example_external_task_marker_dag.py
[2023-04-30T18:06:15.791+0000] {logging_mixin.py:120} INFO - [2023-04-30T18:06:15.791+0000] {dag.py:2585} INFO - Sync 2 DAGs
[2023-04-30T18:06:15.818+0000] {logging_mixin.py:120} INFO - [2023-04-30T18:06:15.818+0000] {dag.py:3340} INFO - Setting next_dagrun for example_external_task_marker_child to None, run_after=None
[2023-04-30T18:06:15.822+0000] {logging_mixin.py:120} INFO - [2023-04-30T18:06:15.821+0000] {dag.py:3340} INFO - Setting next_dagrun for example_external_task_marker_parent to None, run_after=None
[2023-04-30T18:06:15.843+0000] {processor.py:176} INFO - Processing /home/airflow/.local/lib/python3.7/site-packages/airflow/example_dags/example_external_task_marker_dag.py took 0.246 seconds
[2023-04-30T18:06:46.103+0000] {processor.py:154} INFO - Started process (PID=2182) to work on /home/airflow/.local/lib/python3.7/site-packages/airflow/example_dags/example_external_task_marker_dag.py
[2023-04-30T18:06:46.104+0000] {processor.py:756} INFO - Processing file /home/airflow/.local/lib/python3.7/site-packages/airflow/example_dags/example_external_task_marker_dag.py for tasks to queue
[2023-04-30T18:06:46.104+0000] {logging_mixin.py:120} INFO - [2023-04-30T18:06:46.104+0000] {dagbag.py:537} INFO - Filling up the DagBag from /home/airflow/.local/lib/python3.7/site-packages/airflow/example_dags/example_external_task_marker_dag.py
[2023-04-30T18:06:46.116+0000] {processor.py:766} INFO - DAG(s) dict_keys(['example_external_task_marker_parent', 'example_external_task_marker_child']) retrieved from /home/airflow/.local/lib/python3.7/site-packages/airflow/example_dags/example_external_task_marker_dag.py
[2023-04-30T18:06:46.332+0000] {logging_mixin.py:120} INFO - [2023-04-30T18:06:46.332+0000] {dag.py:2585} INFO - Sync 2 DAGs
[2023-04-30T18:06:46.357+0000] {logging_mixin.py:120} INFO - [2023-04-30T18:06:46.357+0000] {dag.py:3340} INFO - Setting next_dagrun for example_external_task_marker_child to None, run_after=None
[2023-04-30T18:06:46.361+0000] {logging_mixin.py:120} INFO - [2023-04-30T18:06:46.361+0000] {dag.py:3340} INFO - Setting next_dagrun for example_external_task_marker_parent to None, run_after=None
[2023-04-30T18:06:46.383+0000] {processor.py:176} INFO - Processing /home/airflow/.local/lib/python3.7/site-packages/airflow/example_dags/example_external_task_marker_dag.py took 0.283 seconds
[2023-04-30T18:07:16.713+0000] {processor.py:154} INFO - Started process (PID=2245) to work on /home/airflow/.local/lib/python3.7/site-packages/airflow/example_dags/example_external_task_marker_dag.py
[2023-04-30T18:07:16.714+0000] {processor.py:756} INFO - Processing file /home/airflow/.local/lib/python3.7/site-packages/airflow/example_dags/example_external_task_marker_dag.py for tasks to queue
[2023-04-30T18:07:16.714+0000] {logging_mixin.py:120} INFO - [2023-04-30T18:07:16.714+0000] {dagbag.py:537} INFO - Filling up the DagBag from /home/airflow/.local/lib/python3.7/site-packages/airflow/example_dags/example_external_task_marker_dag.py
[2023-04-30T18:07:16.725+0000] {processor.py:766} INFO - DAG(s) dict_keys(['example_external_task_marker_child', 'example_external_task_marker_parent']) retrieved from /home/airflow/.local/lib/python3.7/site-packages/airflow/example_dags/example_external_task_marker_dag.py
[2023-04-30T18:07:16.913+0000] {logging_mixin.py:120} INFO - [2023-04-30T18:07:16.913+0000] {dag.py:2585} INFO - Sync 2 DAGs
[2023-04-30T18:07:16.938+0000] {logging_mixin.py:120} INFO - [2023-04-30T18:07:16.938+0000] {dag.py:3340} INFO - Setting next_dagrun for example_external_task_marker_child to None, run_after=None
[2023-04-30T18:07:16.942+0000] {logging_mixin.py:120} INFO - [2023-04-30T18:07:16.942+0000] {dag.py:3340} INFO - Setting next_dagrun for example_external_task_marker_parent to None, run_after=None
[2023-04-30T18:07:16.963+0000] {processor.py:176} INFO - Processing /home/airflow/.local/lib/python3.7/site-packages/airflow/example_dags/example_external_task_marker_dag.py took 0.252 seconds
[2023-04-30T18:07:47.201+0000] {processor.py:154} INFO - Started process (PID=2308) to work on /home/airflow/.local/lib/python3.7/site-packages/airflow/example_dags/example_external_task_marker_dag.py
[2023-04-30T18:07:47.206+0000] {processor.py:756} INFO - Processing file /home/airflow/.local/lib/python3.7/site-packages/airflow/example_dags/example_external_task_marker_dag.py for tasks to queue
[2023-04-30T18:07:47.207+0000] {logging_mixin.py:120} INFO - [2023-04-30T18:07:47.206+0000] {dagbag.py:537} INFO - Filling up the DagBag from /home/airflow/.local/lib/python3.7/site-packages/airflow/example_dags/example_external_task_marker_dag.py
[2023-04-30T18:07:47.218+0000] {processor.py:766} INFO - DAG(s) dict_keys(['example_external_task_marker_child', 'example_external_task_marker_parent']) retrieved from /home/airflow/.local/lib/python3.7/site-packages/airflow/example_dags/example_external_task_marker_dag.py
[2023-04-30T18:07:47.400+0000] {logging_mixin.py:120} INFO - [2023-04-30T18:07:47.400+0000] {dag.py:2585} INFO - Sync 2 DAGs
[2023-04-30T18:07:47.428+0000] {logging_mixin.py:120} INFO - [2023-04-30T18:07:47.428+0000] {dag.py:3340} INFO - Setting next_dagrun for example_external_task_marker_child to None, run_after=None
[2023-04-30T18:07:47.433+0000] {logging_mixin.py:120} INFO - [2023-04-30T18:07:47.432+0000] {dag.py:3340} INFO - Setting next_dagrun for example_external_task_marker_parent to None, run_after=None
[2023-04-30T18:07:47.457+0000] {processor.py:176} INFO - Processing /home/airflow/.local/lib/python3.7/site-packages/airflow/example_dags/example_external_task_marker_dag.py took 0.258 seconds
[2023-04-30T18:08:17.722+0000] {processor.py:154} INFO - Started process (PID=2362) to work on /home/airflow/.local/lib/python3.7/site-packages/airflow/example_dags/example_external_task_marker_dag.py
[2023-04-30T18:08:17.722+0000] {processor.py:756} INFO - Processing file /home/airflow/.local/lib/python3.7/site-packages/airflow/example_dags/example_external_task_marker_dag.py for tasks to queue
[2023-04-30T18:08:17.723+0000] {logging_mixin.py:120} INFO - [2023-04-30T18:08:17.723+0000] {dagbag.py:537} INFO - Filling up the DagBag from /home/airflow/.local/lib/python3.7/site-packages/airflow/example_dags/example_external_task_marker_dag.py
[2023-04-30T18:08:17.734+0000] {processor.py:766} INFO - DAG(s) dict_keys(['example_external_task_marker_child', 'example_external_task_marker_parent']) retrieved from /home/airflow/.local/lib/python3.7/site-packages/airflow/example_dags/example_external_task_marker_dag.py
[2023-04-30T18:08:17.909+0000] {logging_mixin.py:120} INFO - [2023-04-30T18:08:17.909+0000] {dag.py:2585} INFO - Sync 2 DAGs
[2023-04-30T18:08:17.935+0000] {logging_mixin.py:120} INFO - [2023-04-30T18:08:17.935+0000] {dag.py:3340} INFO - Setting next_dagrun for example_external_task_marker_child to None, run_after=None
[2023-04-30T18:08:17.938+0000] {logging_mixin.py:120} INFO - [2023-04-30T18:08:17.938+0000] {dag.py:3340} INFO - Setting next_dagrun for example_external_task_marker_parent to None, run_after=None
[2023-04-30T18:08:17.959+0000] {processor.py:176} INFO - Processing /home/airflow/.local/lib/python3.7/site-packages/airflow/example_dags/example_external_task_marker_dag.py took 0.239 seconds
[2023-04-30T18:08:48.167+0000] {processor.py:154} INFO - Started process (PID=2425) to work on /home/airflow/.local/lib/python3.7/site-packages/airflow/example_dags/example_external_task_marker_dag.py
[2023-04-30T18:08:48.173+0000] {processor.py:756} INFO - Processing file /home/airflow/.local/lib/python3.7/site-packages/airflow/example_dags/example_external_task_marker_dag.py for tasks to queue
[2023-04-30T18:08:48.174+0000] {logging_mixin.py:120} INFO - [2023-04-30T18:08:48.174+0000] {dagbag.py:537} INFO - Filling up the DagBag from /home/airflow/.local/lib/python3.7/site-packages/airflow/example_dags/example_external_task_marker_dag.py
[2023-04-30T18:08:48.184+0000] {processor.py:766} INFO - DAG(s) dict_keys(['example_external_task_marker_child', 'example_external_task_marker_parent']) retrieved from /home/airflow/.local/lib/python3.7/site-packages/airflow/example_dags/example_external_task_marker_dag.py
[2023-04-30T18:08:48.360+0000] {logging_mixin.py:120} INFO - [2023-04-30T18:08:48.360+0000] {dag.py:2585} INFO - Sync 2 DAGs
[2023-04-30T18:08:48.384+0000] {logging_mixin.py:120} INFO - [2023-04-30T18:08:48.384+0000] {dag.py:3340} INFO - Setting next_dagrun for example_external_task_marker_child to None, run_after=None
[2023-04-30T18:08:48.388+0000] {logging_mixin.py:120} INFO - [2023-04-30T18:08:48.387+0000] {dag.py:3340} INFO - Setting next_dagrun for example_external_task_marker_parent to None, run_after=None
[2023-04-30T18:08:48.410+0000] {processor.py:176} INFO - Processing /home/airflow/.local/lib/python3.7/site-packages/airflow/example_dags/example_external_task_marker_dag.py took 0.245 seconds
[2023-04-30T18:09:18.964+0000] {processor.py:154} INFO - Started process (PID=2488) to work on /home/airflow/.local/lib/python3.7/site-packages/airflow/example_dags/example_external_task_marker_dag.py
[2023-04-30T18:09:18.965+0000] {processor.py:756} INFO - Processing file /home/airflow/.local/lib/python3.7/site-packages/airflow/example_dags/example_external_task_marker_dag.py for tasks to queue
[2023-04-30T18:09:18.965+0000] {logging_mixin.py:120} INFO - [2023-04-30T18:09:18.965+0000] {dagbag.py:537} INFO - Filling up the DagBag from /home/airflow/.local/lib/python3.7/site-packages/airflow/example_dags/example_external_task_marker_dag.py
[2023-04-30T18:09:18.990+0000] {processor.py:766} INFO - DAG(s) dict_keys(['example_external_task_marker_parent', 'example_external_task_marker_child']) retrieved from /home/airflow/.local/lib/python3.7/site-packages/airflow/example_dags/example_external_task_marker_dag.py
[2023-04-30T18:09:19.167+0000] {logging_mixin.py:120} INFO - [2023-04-30T18:09:19.166+0000] {dag.py:2585} INFO - Sync 2 DAGs
[2023-04-30T18:09:19.193+0000] {logging_mixin.py:120} INFO - [2023-04-30T18:09:19.193+0000] {dag.py:3340} INFO - Setting next_dagrun for example_external_task_marker_child to None, run_after=None
[2023-04-30T18:09:19.198+0000] {logging_mixin.py:120} INFO - [2023-04-30T18:09:19.198+0000] {dag.py:3340} INFO - Setting next_dagrun for example_external_task_marker_parent to None, run_after=None
[2023-04-30T18:09:19.222+0000] {processor.py:176} INFO - Processing /home/airflow/.local/lib/python3.7/site-packages/airflow/example_dags/example_external_task_marker_dag.py took 0.260 seconds
[2023-04-30T18:09:49.605+0000] {processor.py:154} INFO - Started process (PID=2542) to work on /home/airflow/.local/lib/python3.7/site-packages/airflow/example_dags/example_external_task_marker_dag.py
[2023-04-30T18:09:49.606+0000] {processor.py:756} INFO - Processing file /home/airflow/.local/lib/python3.7/site-packages/airflow/example_dags/example_external_task_marker_dag.py for tasks to queue
[2023-04-30T18:09:49.606+0000] {logging_mixin.py:120} INFO - [2023-04-30T18:09:49.606+0000] {dagbag.py:537} INFO - Filling up the DagBag from /home/airflow/.local/lib/python3.7/site-packages/airflow/example_dags/example_external_task_marker_dag.py
[2023-04-30T18:09:49.619+0000] {processor.py:766} INFO - DAG(s) dict_keys(['example_external_task_marker_child', 'example_external_task_marker_parent']) retrieved from /home/airflow/.local/lib/python3.7/site-packages/airflow/example_dags/example_external_task_marker_dag.py
[2023-04-30T18:09:49.803+0000] {logging_mixin.py:120} INFO - [2023-04-30T18:09:49.803+0000] {dag.py:2585} INFO - Sync 2 DAGs
[2023-04-30T18:09:49.828+0000] {logging_mixin.py:120} INFO - [2023-04-30T18:09:49.828+0000] {dag.py:3340} INFO - Setting next_dagrun for example_external_task_marker_child to None, run_after=None
[2023-04-30T18:09:49.832+0000] {logging_mixin.py:120} INFO - [2023-04-30T18:09:49.832+0000] {dag.py:3340} INFO - Setting next_dagrun for example_external_task_marker_parent to None, run_after=None
[2023-04-30T18:09:49.856+0000] {processor.py:176} INFO - Processing /home/airflow/.local/lib/python3.7/site-packages/airflow/example_dags/example_external_task_marker_dag.py took 0.253 seconds
[2023-04-30T18:10:20.093+0000] {processor.py:154} INFO - Started process (PID=2605) to work on /home/airflow/.local/lib/python3.7/site-packages/airflow/example_dags/example_external_task_marker_dag.py
[2023-04-30T18:10:20.094+0000] {processor.py:756} INFO - Processing file /home/airflow/.local/lib/python3.7/site-packages/airflow/example_dags/example_external_task_marker_dag.py for tasks to queue
[2023-04-30T18:10:20.094+0000] {logging_mixin.py:120} INFO - [2023-04-30T18:10:20.094+0000] {dagbag.py:537} INFO - Filling up the DagBag from /home/airflow/.local/lib/python3.7/site-packages/airflow/example_dags/example_external_task_marker_dag.py
[2023-04-30T18:10:20.104+0000] {processor.py:766} INFO - DAG(s) dict_keys(['example_external_task_marker_parent', 'example_external_task_marker_child']) retrieved from /home/airflow/.local/lib/python3.7/site-packages/airflow/example_dags/example_external_task_marker_dag.py
[2023-04-30T18:10:20.279+0000] {logging_mixin.py:120} INFO - [2023-04-30T18:10:20.279+0000] {dag.py:2585} INFO - Sync 2 DAGs
[2023-04-30T18:10:20.305+0000] {logging_mixin.py:120} INFO - [2023-04-30T18:10:20.305+0000] {dag.py:3340} INFO - Setting next_dagrun for example_external_task_marker_child to None, run_after=None
[2023-04-30T18:10:20.309+0000] {logging_mixin.py:120} INFO - [2023-04-30T18:10:20.309+0000] {dag.py:3340} INFO - Setting next_dagrun for example_external_task_marker_parent to None, run_after=None
[2023-04-30T18:10:20.331+0000] {processor.py:176} INFO - Processing /home/airflow/.local/lib/python3.7/site-packages/airflow/example_dags/example_external_task_marker_dag.py took 0.240 seconds
[2023-04-30T18:10:50.567+0000] {processor.py:154} INFO - Started process (PID=2668) to work on /home/airflow/.local/lib/python3.7/site-packages/airflow/example_dags/example_external_task_marker_dag.py
[2023-04-30T18:10:50.572+0000] {processor.py:756} INFO - Processing file /home/airflow/.local/lib/python3.7/site-packages/airflow/example_dags/example_external_task_marker_dag.py for tasks to queue
[2023-04-30T18:10:50.573+0000] {logging_mixin.py:120} INFO - [2023-04-30T18:10:50.573+0000] {dagbag.py:537} INFO - Filling up the DagBag from /home/airflow/.local/lib/python3.7/site-packages/airflow/example_dags/example_external_task_marker_dag.py
[2023-04-30T18:10:50.583+0000] {processor.py:766} INFO - DAG(s) dict_keys(['example_external_task_marker_parent', 'example_external_task_marker_child']) retrieved from /home/airflow/.local/lib/python3.7/site-packages/airflow/example_dags/example_external_task_marker_dag.py
[2023-04-30T18:10:50.758+0000] {logging_mixin.py:120} INFO - [2023-04-30T18:10:50.757+0000] {dag.py:2585} INFO - Sync 2 DAGs
[2023-04-30T18:10:50.784+0000] {logging_mixin.py:120} INFO - [2023-04-30T18:10:50.784+0000] {dag.py:3340} INFO - Setting next_dagrun for example_external_task_marker_child to None, run_after=None
[2023-04-30T18:10:50.788+0000] {logging_mixin.py:120} INFO - [2023-04-30T18:10:50.788+0000] {dag.py:3340} INFO - Setting next_dagrun for example_external_task_marker_parent to None, run_after=None
[2023-04-30T18:10:50.808+0000] {processor.py:176} INFO - Processing /home/airflow/.local/lib/python3.7/site-packages/airflow/example_dags/example_external_task_marker_dag.py took 0.243 seconds
[2023-04-30T18:11:21.124+0000] {processor.py:154} INFO - Started process (PID=2722) to work on /home/airflow/.local/lib/python3.7/site-packages/airflow/example_dags/example_external_task_marker_dag.py
[2023-04-30T18:11:21.125+0000] {processor.py:756} INFO - Processing file /home/airflow/.local/lib/python3.7/site-packages/airflow/example_dags/example_external_task_marker_dag.py for tasks to queue
[2023-04-30T18:11:21.125+0000] {logging_mixin.py:120} INFO - [2023-04-30T18:11:21.125+0000] {dagbag.py:537} INFO - Filling up the DagBag from /home/airflow/.local/lib/python3.7/site-packages/airflow/example_dags/example_external_task_marker_dag.py
[2023-04-30T18:11:21.136+0000] {processor.py:766} INFO - DAG(s) dict_keys(['example_external_task_marker_child', 'example_external_task_marker_parent']) retrieved from /home/airflow/.local/lib/python3.7/site-packages/airflow/example_dags/example_external_task_marker_dag.py
[2023-04-30T18:11:21.313+0000] {logging_mixin.py:120} INFO - [2023-04-30T18:11:21.313+0000] {dag.py:2585} INFO - Sync 2 DAGs
[2023-04-30T18:11:21.339+0000] {logging_mixin.py:120} INFO - [2023-04-30T18:11:21.339+0000] {dag.py:3340} INFO - Setting next_dagrun for example_external_task_marker_child to None, run_after=None
[2023-04-30T18:11:21.343+0000] {logging_mixin.py:120} INFO - [2023-04-30T18:11:21.343+0000] {dag.py:3340} INFO - Setting next_dagrun for example_external_task_marker_parent to None, run_after=None
[2023-04-30T18:11:21.363+0000] {processor.py:176} INFO - Processing /home/airflow/.local/lib/python3.7/site-packages/airflow/example_dags/example_external_task_marker_dag.py took 0.241 seconds
[2023-04-30T18:11:51.535+0000] {processor.py:154} INFO - Started process (PID=2785) to work on /home/airflow/.local/lib/python3.7/site-packages/airflow/example_dags/example_external_task_marker_dag.py
[2023-04-30T18:11:51.536+0000] {processor.py:756} INFO - Processing file /home/airflow/.local/lib/python3.7/site-packages/airflow/example_dags/example_external_task_marker_dag.py for tasks to queue
[2023-04-30T18:11:51.536+0000] {logging_mixin.py:120} INFO - [2023-04-30T18:11:51.536+0000] {dagbag.py:537} INFO - Filling up the DagBag from /home/airflow/.local/lib/python3.7/site-packages/airflow/example_dags/example_external_task_marker_dag.py
[2023-04-30T18:11:51.547+0000] {processor.py:766} INFO - DAG(s) dict_keys(['example_external_task_marker_child', 'example_external_task_marker_parent']) retrieved from /home/airflow/.local/lib/python3.7/site-packages/airflow/example_dags/example_external_task_marker_dag.py
[2023-04-30T18:11:51.723+0000] {logging_mixin.py:120} INFO - [2023-04-30T18:11:51.723+0000] {dag.py:2585} INFO - Sync 2 DAGs
[2023-04-30T18:11:51.750+0000] {logging_mixin.py:120} INFO - [2023-04-30T18:11:51.750+0000] {dag.py:3340} INFO - Setting next_dagrun for example_external_task_marker_child to None, run_after=None
[2023-04-30T18:11:51.754+0000] {logging_mixin.py:120} INFO - [2023-04-30T18:11:51.754+0000] {dag.py:3340} INFO - Setting next_dagrun for example_external_task_marker_parent to None, run_after=None
[2023-04-30T18:11:51.774+0000] {processor.py:176} INFO - Processing /home/airflow/.local/lib/python3.7/site-packages/airflow/example_dags/example_external_task_marker_dag.py took 0.242 seconds
[2023-04-30T18:20:43.756+0000] {processor.py:154} INFO - Started process (PID=2816) to work on /home/airflow/.local/lib/python3.7/site-packages/airflow/example_dags/example_external_task_marker_dag.py
[2023-04-30T18:20:43.759+0000] {processor.py:756} INFO - Processing file /home/airflow/.local/lib/python3.7/site-packages/airflow/example_dags/example_external_task_marker_dag.py for tasks to queue
[2023-04-30T18:20:43.761+0000] {logging_mixin.py:120} INFO - [2023-04-30T18:20:43.760+0000] {dagbag.py:537} INFO - Filling up the DagBag from /home/airflow/.local/lib/python3.7/site-packages/airflow/example_dags/example_external_task_marker_dag.py
[2023-04-30T18:20:43.791+0000] {processor.py:766} INFO - DAG(s) dict_keys(['example_external_task_marker_parent', 'example_external_task_marker_child']) retrieved from /home/airflow/.local/lib/python3.7/site-packages/airflow/example_dags/example_external_task_marker_dag.py
[2023-04-30T18:20:44.381+0000] {logging_mixin.py:120} INFO - [2023-04-30T18:20:44.381+0000] {dag.py:2585} INFO - Sync 2 DAGs
[2023-04-30T18:20:44.445+0000] {logging_mixin.py:120} INFO - [2023-04-30T18:20:44.444+0000] {dag.py:3340} INFO - Setting next_dagrun for example_external_task_marker_child to None, run_after=None
[2023-04-30T18:20:44.459+0000] {logging_mixin.py:120} INFO - [2023-04-30T18:20:44.458+0000] {dag.py:3340} INFO - Setting next_dagrun for example_external_task_marker_parent to None, run_after=None
[2023-04-30T18:20:44.522+0000] {processor.py:176} INFO - Processing /home/airflow/.local/lib/python3.7/site-packages/airflow/example_dags/example_external_task_marker_dag.py took 0.770 seconds
