[2023-04-30T17:48:58.770+0000] {processor.py:154} INFO - Started process (PID=81) to work on /home/airflow/.local/lib/python3.7/site-packages/airflow/example_dags/example_trigger_target_dag.py
[2023-04-30T17:48:58.771+0000] {processor.py:756} INFO - Processing file /home/airflow/.local/lib/python3.7/site-packages/airflow/example_dags/example_trigger_target_dag.py for tasks to queue
[2023-04-30T17:48:58.773+0000] {logging_mixin.py:120} INFO - [2023-04-30T17:48:58.772+0000] {dagbag.py:537} INFO - Filling up the DagBag from /home/airflow/.local/lib/python3.7/site-packages/airflow/example_dags/example_trigger_target_dag.py
[2023-04-30T17:48:58.822+0000] {processor.py:766} INFO - DAG(s) dict_keys(['example_trigger_target_dag']) retrieved from /home/airflow/.local/lib/python3.7/site-packages/airflow/example_dags/example_trigger_target_dag.py
[2023-04-30T17:48:59.050+0000] {logging_mixin.py:120} INFO - [2023-04-30T17:48:59.050+0000] {manager.py:507} INFO - Created Permission View: can read on DAG:example_trigger_target_dag
[2023-04-30T17:48:59.071+0000] {logging_mixin.py:120} INFO - [2023-04-30T17:48:59.070+0000] {manager.py:507} INFO - Created Permission View: can edit on DAG:example_trigger_target_dag
[2023-04-30T17:48:59.087+0000] {logging_mixin.py:120} INFO - [2023-04-30T17:48:59.087+0000] {manager.py:507} INFO - Created Permission View: can delete on DAG:example_trigger_target_dag
[2023-04-30T17:48:59.088+0000] {logging_mixin.py:120} INFO - [2023-04-30T17:48:59.087+0000] {dag.py:2585} INFO - Sync 1 DAGs
[2023-04-30T17:48:59.108+0000] {logging_mixin.py:120} INFO - [2023-04-30T17:48:59.108+0000] {dag.py:2606} INFO - Creating ORM DAG for example_trigger_target_dag
[2023-04-30T17:48:59.123+0000] {logging_mixin.py:120} INFO - [2023-04-30T17:48:59.123+0000] {dag.py:3340} INFO - Setting next_dagrun for example_trigger_target_dag to None, run_after=None
[2023-04-30T17:48:59.165+0000] {processor.py:176} INFO - Processing /home/airflow/.local/lib/python3.7/site-packages/airflow/example_dags/example_trigger_target_dag.py took 0.398 seconds
[2023-04-30T17:49:29.783+0000] {processor.py:154} INFO - Started process (PID=144) to work on /home/airflow/.local/lib/python3.7/site-packages/airflow/example_dags/example_trigger_target_dag.py
[2023-04-30T17:49:29.784+0000] {processor.py:756} INFO - Processing file /home/airflow/.local/lib/python3.7/site-packages/airflow/example_dags/example_trigger_target_dag.py for tasks to queue
[2023-04-30T17:49:29.784+0000] {logging_mixin.py:120} INFO - [2023-04-30T17:49:29.784+0000] {dagbag.py:537} INFO - Filling up the DagBag from /home/airflow/.local/lib/python3.7/site-packages/airflow/example_dags/example_trigger_target_dag.py
[2023-04-30T17:49:29.805+0000] {processor.py:766} INFO - DAG(s) dict_keys(['example_trigger_target_dag']) retrieved from /home/airflow/.local/lib/python3.7/site-packages/airflow/example_dags/example_trigger_target_dag.py
[2023-04-30T17:49:29.840+0000] {logging_mixin.py:120} INFO - [2023-04-30T17:49:29.840+0000] {dag.py:2585} INFO - Sync 1 DAGs
[2023-04-30T17:49:29.866+0000] {logging_mixin.py:120} INFO - [2023-04-30T17:49:29.866+0000] {dag.py:3340} INFO - Setting next_dagrun for example_trigger_target_dag to None, run_after=None
[2023-04-30T17:49:29.892+0000] {processor.py:176} INFO - Processing /home/airflow/.local/lib/python3.7/site-packages/airflow/example_dags/example_trigger_target_dag.py took 0.111 seconds
[2023-04-30T17:50:00.397+0000] {processor.py:154} INFO - Started process (PID=208) to work on /home/airflow/.local/lib/python3.7/site-packages/airflow/example_dags/example_trigger_target_dag.py
[2023-04-30T17:50:00.399+0000] {processor.py:756} INFO - Processing file /home/airflow/.local/lib/python3.7/site-packages/airflow/example_dags/example_trigger_target_dag.py for tasks to queue
[2023-04-30T17:50:00.399+0000] {logging_mixin.py:120} INFO - [2023-04-30T17:50:00.399+0000] {dagbag.py:537} INFO - Filling up the DagBag from /home/airflow/.local/lib/python3.7/site-packages/airflow/example_dags/example_trigger_target_dag.py
[2023-04-30T17:50:00.418+0000] {processor.py:766} INFO - DAG(s) dict_keys(['example_trigger_target_dag']) retrieved from /home/airflow/.local/lib/python3.7/site-packages/airflow/example_dags/example_trigger_target_dag.py
[2023-04-30T17:50:00.454+0000] {logging_mixin.py:120} INFO - [2023-04-30T17:50:00.454+0000] {dag.py:2585} INFO - Sync 1 DAGs
[2023-04-30T17:50:00.481+0000] {logging_mixin.py:120} INFO - [2023-04-30T17:50:00.480+0000] {dag.py:3340} INFO - Setting next_dagrun for example_trigger_target_dag to None, run_after=None
[2023-04-30T17:50:00.506+0000] {processor.py:176} INFO - Processing /home/airflow/.local/lib/python3.7/site-packages/airflow/example_dags/example_trigger_target_dag.py took 0.110 seconds
[2023-04-30T17:50:31.140+0000] {processor.py:154} INFO - Started process (PID=262) to work on /home/airflow/.local/lib/python3.7/site-packages/airflow/example_dags/example_trigger_target_dag.py
[2023-04-30T17:50:31.141+0000] {processor.py:756} INFO - Processing file /home/airflow/.local/lib/python3.7/site-packages/airflow/example_dags/example_trigger_target_dag.py for tasks to queue
[2023-04-30T17:50:31.141+0000] {logging_mixin.py:120} INFO - [2023-04-30T17:50:31.141+0000] {dagbag.py:537} INFO - Filling up the DagBag from /home/airflow/.local/lib/python3.7/site-packages/airflow/example_dags/example_trigger_target_dag.py
[2023-04-30T17:50:31.158+0000] {processor.py:766} INFO - DAG(s) dict_keys(['example_trigger_target_dag']) retrieved from /home/airflow/.local/lib/python3.7/site-packages/airflow/example_dags/example_trigger_target_dag.py
[2023-04-30T17:50:31.196+0000] {logging_mixin.py:120} INFO - [2023-04-30T17:50:31.196+0000] {dag.py:2585} INFO - Sync 1 DAGs
[2023-04-30T17:50:31.223+0000] {logging_mixin.py:120} INFO - [2023-04-30T17:50:31.223+0000] {dag.py:3340} INFO - Setting next_dagrun for example_trigger_target_dag to None, run_after=None
[2023-04-30T17:50:31.251+0000] {processor.py:176} INFO - Processing /home/airflow/.local/lib/python3.7/site-packages/airflow/example_dags/example_trigger_target_dag.py took 0.113 seconds
[2023-04-30T17:51:01.982+0000] {processor.py:154} INFO - Started process (PID=325) to work on /home/airflow/.local/lib/python3.7/site-packages/airflow/example_dags/example_trigger_target_dag.py
[2023-04-30T17:51:01.984+0000] {processor.py:756} INFO - Processing file /home/airflow/.local/lib/python3.7/site-packages/airflow/example_dags/example_trigger_target_dag.py for tasks to queue
[2023-04-30T17:51:01.985+0000] {logging_mixin.py:120} INFO - [2023-04-30T17:51:01.984+0000] {dagbag.py:537} INFO - Filling up the DagBag from /home/airflow/.local/lib/python3.7/site-packages/airflow/example_dags/example_trigger_target_dag.py
[2023-04-30T17:51:02.004+0000] {processor.py:766} INFO - DAG(s) dict_keys(['example_trigger_target_dag']) retrieved from /home/airflow/.local/lib/python3.7/site-packages/airflow/example_dags/example_trigger_target_dag.py
[2023-04-30T17:51:02.045+0000] {logging_mixin.py:120} INFO - [2023-04-30T17:51:02.044+0000] {dag.py:2585} INFO - Sync 1 DAGs
[2023-04-30T17:51:02.076+0000] {logging_mixin.py:120} INFO - [2023-04-30T17:51:02.076+0000] {dag.py:3340} INFO - Setting next_dagrun for example_trigger_target_dag to None, run_after=None
[2023-04-30T17:51:02.102+0000] {processor.py:176} INFO - Processing /home/airflow/.local/lib/python3.7/site-packages/airflow/example_dags/example_trigger_target_dag.py took 0.121 seconds
[2023-04-30T17:51:32.718+0000] {processor.py:154} INFO - Started process (PID=388) to work on /home/airflow/.local/lib/python3.7/site-packages/airflow/example_dags/example_trigger_target_dag.py
[2023-04-30T17:51:32.719+0000] {processor.py:756} INFO - Processing file /home/airflow/.local/lib/python3.7/site-packages/airflow/example_dags/example_trigger_target_dag.py for tasks to queue
[2023-04-30T17:51:32.719+0000] {logging_mixin.py:120} INFO - [2023-04-30T17:51:32.719+0000] {dagbag.py:537} INFO - Filling up the DagBag from /home/airflow/.local/lib/python3.7/site-packages/airflow/example_dags/example_trigger_target_dag.py
[2023-04-30T17:51:32.739+0000] {processor.py:766} INFO - DAG(s) dict_keys(['example_trigger_target_dag']) retrieved from /home/airflow/.local/lib/python3.7/site-packages/airflow/example_dags/example_trigger_target_dag.py
[2023-04-30T17:51:32.778+0000] {logging_mixin.py:120} INFO - [2023-04-30T17:51:32.778+0000] {dag.py:2585} INFO - Sync 1 DAGs
[2023-04-30T17:51:32.808+0000] {logging_mixin.py:120} INFO - [2023-04-30T17:51:32.808+0000] {dag.py:3340} INFO - Setting next_dagrun for example_trigger_target_dag to None, run_after=None
[2023-04-30T17:51:32.835+0000] {processor.py:176} INFO - Processing /home/airflow/.local/lib/python3.7/site-packages/airflow/example_dags/example_trigger_target_dag.py took 0.119 seconds
[2023-04-30T17:52:03.440+0000] {processor.py:154} INFO - Started process (PID=449) to work on /home/airflow/.local/lib/python3.7/site-packages/airflow/example_dags/example_trigger_target_dag.py
[2023-04-30T17:52:03.442+0000] {processor.py:756} INFO - Processing file /home/airflow/.local/lib/python3.7/site-packages/airflow/example_dags/example_trigger_target_dag.py for tasks to queue
[2023-04-30T17:52:03.442+0000] {logging_mixin.py:120} INFO - [2023-04-30T17:52:03.442+0000] {dagbag.py:537} INFO - Filling up the DagBag from /home/airflow/.local/lib/python3.7/site-packages/airflow/example_dags/example_trigger_target_dag.py
[2023-04-30T17:52:03.461+0000] {processor.py:766} INFO - DAG(s) dict_keys(['example_trigger_target_dag']) retrieved from /home/airflow/.local/lib/python3.7/site-packages/airflow/example_dags/example_trigger_target_dag.py
[2023-04-30T17:52:03.507+0000] {logging_mixin.py:120} INFO - [2023-04-30T17:52:03.507+0000] {dag.py:2585} INFO - Sync 1 DAGs
[2023-04-30T17:52:03.542+0000] {logging_mixin.py:120} INFO - [2023-04-30T17:52:03.541+0000] {dag.py:3340} INFO - Setting next_dagrun for example_trigger_target_dag to None, run_after=None
[2023-04-30T17:52:03.569+0000] {processor.py:176} INFO - Processing /home/airflow/.local/lib/python3.7/site-packages/airflow/example_dags/example_trigger_target_dag.py took 0.133 seconds
[2023-04-30T17:52:34.224+0000] {processor.py:154} INFO - Started process (PID=505) to work on /home/airflow/.local/lib/python3.7/site-packages/airflow/example_dags/example_trigger_target_dag.py
[2023-04-30T17:52:34.224+0000] {processor.py:756} INFO - Processing file /home/airflow/.local/lib/python3.7/site-packages/airflow/example_dags/example_trigger_target_dag.py for tasks to queue
[2023-04-30T17:52:34.225+0000] {logging_mixin.py:120} INFO - [2023-04-30T17:52:34.224+0000] {dagbag.py:537} INFO - Filling up the DagBag from /home/airflow/.local/lib/python3.7/site-packages/airflow/example_dags/example_trigger_target_dag.py
[2023-04-30T17:52:34.243+0000] {processor.py:766} INFO - DAG(s) dict_keys(['example_trigger_target_dag']) retrieved from /home/airflow/.local/lib/python3.7/site-packages/airflow/example_dags/example_trigger_target_dag.py
[2023-04-30T17:52:34.283+0000] {logging_mixin.py:120} INFO - [2023-04-30T17:52:34.283+0000] {dag.py:2585} INFO - Sync 1 DAGs
[2023-04-30T17:52:34.310+0000] {logging_mixin.py:120} INFO - [2023-04-30T17:52:34.310+0000] {dag.py:3340} INFO - Setting next_dagrun for example_trigger_target_dag to None, run_after=None
[2023-04-30T17:52:34.335+0000] {processor.py:176} INFO - Processing /home/airflow/.local/lib/python3.7/site-packages/airflow/example_dags/example_trigger_target_dag.py took 0.113 seconds
[2023-04-30T17:53:04.866+0000] {processor.py:154} INFO - Started process (PID=568) to work on /home/airflow/.local/lib/python3.7/site-packages/airflow/example_dags/example_trigger_target_dag.py
[2023-04-30T17:53:04.868+0000] {processor.py:756} INFO - Processing file /home/airflow/.local/lib/python3.7/site-packages/airflow/example_dags/example_trigger_target_dag.py for tasks to queue
[2023-04-30T17:53:04.868+0000] {logging_mixin.py:120} INFO - [2023-04-30T17:53:04.868+0000] {dagbag.py:537} INFO - Filling up the DagBag from /home/airflow/.local/lib/python3.7/site-packages/airflow/example_dags/example_trigger_target_dag.py
[2023-04-30T17:53:04.888+0000] {processor.py:766} INFO - DAG(s) dict_keys(['example_trigger_target_dag']) retrieved from /home/airflow/.local/lib/python3.7/site-packages/airflow/example_dags/example_trigger_target_dag.py
[2023-04-30T17:53:04.924+0000] {logging_mixin.py:120} INFO - [2023-04-30T17:53:04.924+0000] {dag.py:2585} INFO - Sync 1 DAGs
[2023-04-30T17:53:04.955+0000] {logging_mixin.py:120} INFO - [2023-04-30T17:53:04.954+0000] {dag.py:3340} INFO - Setting next_dagrun for example_trigger_target_dag to None, run_after=None
[2023-04-30T17:53:04.984+0000] {processor.py:176} INFO - Processing /home/airflow/.local/lib/python3.7/site-packages/airflow/example_dags/example_trigger_target_dag.py took 0.119 seconds
[2023-04-30T17:53:35.342+0000] {processor.py:154} INFO - Started process (PID=631) to work on /home/airflow/.local/lib/python3.7/site-packages/airflow/example_dags/example_trigger_target_dag.py
[2023-04-30T17:53:35.343+0000] {processor.py:756} INFO - Processing file /home/airflow/.local/lib/python3.7/site-packages/airflow/example_dags/example_trigger_target_dag.py for tasks to queue
[2023-04-30T17:53:35.344+0000] {logging_mixin.py:120} INFO - [2023-04-30T17:53:35.344+0000] {dagbag.py:537} INFO - Filling up the DagBag from /home/airflow/.local/lib/python3.7/site-packages/airflow/example_dags/example_trigger_target_dag.py
[2023-04-30T17:53:35.362+0000] {processor.py:766} INFO - DAG(s) dict_keys(['example_trigger_target_dag']) retrieved from /home/airflow/.local/lib/python3.7/site-packages/airflow/example_dags/example_trigger_target_dag.py
[2023-04-30T17:53:35.401+0000] {logging_mixin.py:120} INFO - [2023-04-30T17:53:35.401+0000] {dag.py:2585} INFO - Sync 1 DAGs
[2023-04-30T17:53:35.428+0000] {logging_mixin.py:120} INFO - [2023-04-30T17:53:35.428+0000] {dag.py:3340} INFO - Setting next_dagrun for example_trigger_target_dag to None, run_after=None
[2023-04-30T17:53:35.453+0000] {processor.py:176} INFO - Processing /home/airflow/.local/lib/python3.7/site-packages/airflow/example_dags/example_trigger_target_dag.py took 0.112 seconds
[2023-04-30T17:54:05.955+0000] {processor.py:154} INFO - Started process (PID=685) to work on /home/airflow/.local/lib/python3.7/site-packages/airflow/example_dags/example_trigger_target_dag.py
[2023-04-30T17:54:05.955+0000] {processor.py:756} INFO - Processing file /home/airflow/.local/lib/python3.7/site-packages/airflow/example_dags/example_trigger_target_dag.py for tasks to queue
[2023-04-30T17:54:05.956+0000] {logging_mixin.py:120} INFO - [2023-04-30T17:54:05.956+0000] {dagbag.py:537} INFO - Filling up the DagBag from /home/airflow/.local/lib/python3.7/site-packages/airflow/example_dags/example_trigger_target_dag.py
[2023-04-30T17:54:05.972+0000] {processor.py:766} INFO - DAG(s) dict_keys(['example_trigger_target_dag']) retrieved from /home/airflow/.local/lib/python3.7/site-packages/airflow/example_dags/example_trigger_target_dag.py
[2023-04-30T17:54:06.007+0000] {logging_mixin.py:120} INFO - [2023-04-30T17:54:06.007+0000] {dag.py:2585} INFO - Sync 1 DAGs
[2023-04-30T17:54:06.034+0000] {logging_mixin.py:120} INFO - [2023-04-30T17:54:06.034+0000] {dag.py:3340} INFO - Setting next_dagrun for example_trigger_target_dag to None, run_after=None
[2023-04-30T17:54:06.056+0000] {processor.py:176} INFO - Processing /home/airflow/.local/lib/python3.7/site-packages/airflow/example_dags/example_trigger_target_dag.py took 0.104 seconds
[2023-04-30T17:54:36.712+0000] {processor.py:154} INFO - Started process (PID=748) to work on /home/airflow/.local/lib/python3.7/site-packages/airflow/example_dags/example_trigger_target_dag.py
[2023-04-30T17:54:36.714+0000] {processor.py:756} INFO - Processing file /home/airflow/.local/lib/python3.7/site-packages/airflow/example_dags/example_trigger_target_dag.py for tasks to queue
[2023-04-30T17:54:36.714+0000] {logging_mixin.py:120} INFO - [2023-04-30T17:54:36.714+0000] {dagbag.py:537} INFO - Filling up the DagBag from /home/airflow/.local/lib/python3.7/site-packages/airflow/example_dags/example_trigger_target_dag.py
[2023-04-30T17:54:36.730+0000] {processor.py:766} INFO - DAG(s) dict_keys(['example_trigger_target_dag']) retrieved from /home/airflow/.local/lib/python3.7/site-packages/airflow/example_dags/example_trigger_target_dag.py
[2023-04-30T17:54:36.766+0000] {logging_mixin.py:120} INFO - [2023-04-30T17:54:36.766+0000] {dag.py:2585} INFO - Sync 1 DAGs
[2023-04-30T17:54:36.792+0000] {logging_mixin.py:120} INFO - [2023-04-30T17:54:36.792+0000] {dag.py:3340} INFO - Setting next_dagrun for example_trigger_target_dag to None, run_after=None
[2023-04-30T17:54:36.814+0000] {processor.py:176} INFO - Processing /home/airflow/.local/lib/python3.7/site-packages/airflow/example_dags/example_trigger_target_dag.py took 0.105 seconds
[2023-04-30T17:55:07.388+0000] {processor.py:154} INFO - Started process (PID=812) to work on /home/airflow/.local/lib/python3.7/site-packages/airflow/example_dags/example_trigger_target_dag.py
[2023-04-30T17:55:07.388+0000] {processor.py:756} INFO - Processing file /home/airflow/.local/lib/python3.7/site-packages/airflow/example_dags/example_trigger_target_dag.py for tasks to queue
[2023-04-30T17:55:07.389+0000] {logging_mixin.py:120} INFO - [2023-04-30T17:55:07.389+0000] {dagbag.py:537} INFO - Filling up the DagBag from /home/airflow/.local/lib/python3.7/site-packages/airflow/example_dags/example_trigger_target_dag.py
[2023-04-30T17:55:07.405+0000] {processor.py:766} INFO - DAG(s) dict_keys(['example_trigger_target_dag']) retrieved from /home/airflow/.local/lib/python3.7/site-packages/airflow/example_dags/example_trigger_target_dag.py
[2023-04-30T17:55:07.444+0000] {logging_mixin.py:120} INFO - [2023-04-30T17:55:07.444+0000] {dag.py:2585} INFO - Sync 1 DAGs
[2023-04-30T17:55:07.473+0000] {logging_mixin.py:120} INFO - [2023-04-30T17:55:07.472+0000] {dag.py:3340} INFO - Setting next_dagrun for example_trigger_target_dag to None, run_after=None
[2023-04-30T17:55:07.498+0000] {processor.py:176} INFO - Processing /home/airflow/.local/lib/python3.7/site-packages/airflow/example_dags/example_trigger_target_dag.py took 0.113 seconds
[2023-04-30T17:55:38.037+0000] {processor.py:154} INFO - Started process (PID=866) to work on /home/airflow/.local/lib/python3.7/site-packages/airflow/example_dags/example_trigger_target_dag.py
[2023-04-30T17:55:38.038+0000] {processor.py:756} INFO - Processing file /home/airflow/.local/lib/python3.7/site-packages/airflow/example_dags/example_trigger_target_dag.py for tasks to queue
[2023-04-30T17:55:38.039+0000] {logging_mixin.py:120} INFO - [2023-04-30T17:55:38.038+0000] {dagbag.py:537} INFO - Filling up the DagBag from /home/airflow/.local/lib/python3.7/site-packages/airflow/example_dags/example_trigger_target_dag.py
[2023-04-30T17:55:38.055+0000] {processor.py:766} INFO - DAG(s) dict_keys(['example_trigger_target_dag']) retrieved from /home/airflow/.local/lib/python3.7/site-packages/airflow/example_dags/example_trigger_target_dag.py
[2023-04-30T17:55:38.089+0000] {logging_mixin.py:120} INFO - [2023-04-30T17:55:38.089+0000] {dag.py:2585} INFO - Sync 1 DAGs
[2023-04-30T17:55:38.116+0000] {logging_mixin.py:120} INFO - [2023-04-30T17:55:38.115+0000] {dag.py:3340} INFO - Setting next_dagrun for example_trigger_target_dag to None, run_after=None
[2023-04-30T17:55:38.139+0000] {processor.py:176} INFO - Processing /home/airflow/.local/lib/python3.7/site-packages/airflow/example_dags/example_trigger_target_dag.py took 0.105 seconds
[2023-04-30T17:56:08.652+0000] {processor.py:154} INFO - Started process (PID=929) to work on /home/airflow/.local/lib/python3.7/site-packages/airflow/example_dags/example_trigger_target_dag.py
[2023-04-30T17:56:08.653+0000] {processor.py:756} INFO - Processing file /home/airflow/.local/lib/python3.7/site-packages/airflow/example_dags/example_trigger_target_dag.py for tasks to queue
[2023-04-30T17:56:08.653+0000] {logging_mixin.py:120} INFO - [2023-04-30T17:56:08.653+0000] {dagbag.py:537} INFO - Filling up the DagBag from /home/airflow/.local/lib/python3.7/site-packages/airflow/example_dags/example_trigger_target_dag.py
[2023-04-30T17:56:08.672+0000] {processor.py:766} INFO - DAG(s) dict_keys(['example_trigger_target_dag']) retrieved from /home/airflow/.local/lib/python3.7/site-packages/airflow/example_dags/example_trigger_target_dag.py
[2023-04-30T17:56:08.710+0000] {logging_mixin.py:120} INFO - [2023-04-30T17:56:08.710+0000] {dag.py:2585} INFO - Sync 1 DAGs
[2023-04-30T17:56:08.737+0000] {logging_mixin.py:120} INFO - [2023-04-30T17:56:08.737+0000] {dag.py:3340} INFO - Setting next_dagrun for example_trigger_target_dag to None, run_after=None
[2023-04-30T17:56:08.763+0000] {processor.py:176} INFO - Processing /home/airflow/.local/lib/python3.7/site-packages/airflow/example_dags/example_trigger_target_dag.py took 0.114 seconds
[2023-04-30T17:56:39.280+0000] {processor.py:154} INFO - Started process (PID=993) to work on /home/airflow/.local/lib/python3.7/site-packages/airflow/example_dags/example_trigger_target_dag.py
[2023-04-30T17:56:39.281+0000] {processor.py:756} INFO - Processing file /home/airflow/.local/lib/python3.7/site-packages/airflow/example_dags/example_trigger_target_dag.py for tasks to queue
[2023-04-30T17:56:39.282+0000] {logging_mixin.py:120} INFO - [2023-04-30T17:56:39.282+0000] {dagbag.py:537} INFO - Filling up the DagBag from /home/airflow/.local/lib/python3.7/site-packages/airflow/example_dags/example_trigger_target_dag.py
[2023-04-30T17:56:39.299+0000] {processor.py:766} INFO - DAG(s) dict_keys(['example_trigger_target_dag']) retrieved from /home/airflow/.local/lib/python3.7/site-packages/airflow/example_dags/example_trigger_target_dag.py
[2023-04-30T17:56:39.337+0000] {logging_mixin.py:120} INFO - [2023-04-30T17:56:39.337+0000] {dag.py:2585} INFO - Sync 1 DAGs
[2023-04-30T17:56:39.362+0000] {logging_mixin.py:120} INFO - [2023-04-30T17:56:39.362+0000] {dag.py:3340} INFO - Setting next_dagrun for example_trigger_target_dag to None, run_after=None
[2023-04-30T17:56:39.387+0000] {processor.py:176} INFO - Processing /home/airflow/.local/lib/python3.7/site-packages/airflow/example_dags/example_trigger_target_dag.py took 0.109 seconds
[2023-04-30T17:57:09.797+0000] {processor.py:154} INFO - Started process (PID=1048) to work on /home/airflow/.local/lib/python3.7/site-packages/airflow/example_dags/example_trigger_target_dag.py
[2023-04-30T17:57:09.798+0000] {processor.py:756} INFO - Processing file /home/airflow/.local/lib/python3.7/site-packages/airflow/example_dags/example_trigger_target_dag.py for tasks to queue
[2023-04-30T17:57:09.799+0000] {logging_mixin.py:120} INFO - [2023-04-30T17:57:09.798+0000] {dagbag.py:537} INFO - Filling up the DagBag from /home/airflow/.local/lib/python3.7/site-packages/airflow/example_dags/example_trigger_target_dag.py
[2023-04-30T17:57:09.816+0000] {processor.py:766} INFO - DAG(s) dict_keys(['example_trigger_target_dag']) retrieved from /home/airflow/.local/lib/python3.7/site-packages/airflow/example_dags/example_trigger_target_dag.py
[2023-04-30T17:57:09.852+0000] {logging_mixin.py:120} INFO - [2023-04-30T17:57:09.852+0000] {dag.py:2585} INFO - Sync 1 DAGs
[2023-04-30T17:57:09.878+0000] {logging_mixin.py:120} INFO - [2023-04-30T17:57:09.878+0000] {dag.py:3340} INFO - Setting next_dagrun for example_trigger_target_dag to None, run_after=None
[2023-04-30T17:57:09.904+0000] {processor.py:176} INFO - Processing /home/airflow/.local/lib/python3.7/site-packages/airflow/example_dags/example_trigger_target_dag.py took 0.110 seconds
[2023-04-30T17:57:40.550+0000] {processor.py:154} INFO - Started process (PID=1111) to work on /home/airflow/.local/lib/python3.7/site-packages/airflow/example_dags/example_trigger_target_dag.py
[2023-04-30T17:57:40.551+0000] {processor.py:756} INFO - Processing file /home/airflow/.local/lib/python3.7/site-packages/airflow/example_dags/example_trigger_target_dag.py for tasks to queue
[2023-04-30T17:57:40.551+0000] {logging_mixin.py:120} INFO - [2023-04-30T17:57:40.551+0000] {dagbag.py:537} INFO - Filling up the DagBag from /home/airflow/.local/lib/python3.7/site-packages/airflow/example_dags/example_trigger_target_dag.py
[2023-04-30T17:57:40.569+0000] {processor.py:766} INFO - DAG(s) dict_keys(['example_trigger_target_dag']) retrieved from /home/airflow/.local/lib/python3.7/site-packages/airflow/example_dags/example_trigger_target_dag.py
[2023-04-30T17:57:40.607+0000] {logging_mixin.py:120} INFO - [2023-04-30T17:57:40.606+0000] {dag.py:2585} INFO - Sync 1 DAGs
[2023-04-30T17:57:40.634+0000] {logging_mixin.py:120} INFO - [2023-04-30T17:57:40.634+0000] {dag.py:3340} INFO - Setting next_dagrun for example_trigger_target_dag to None, run_after=None
[2023-04-30T17:57:40.658+0000] {processor.py:176} INFO - Processing /home/airflow/.local/lib/python3.7/site-packages/airflow/example_dags/example_trigger_target_dag.py took 0.110 seconds
[2023-04-30T17:58:11.166+0000] {processor.py:154} INFO - Started process (PID=1181) to work on /home/airflow/.local/lib/python3.7/site-packages/airflow/example_dags/example_trigger_target_dag.py
[2023-04-30T17:58:11.167+0000] {processor.py:756} INFO - Processing file /home/airflow/.local/lib/python3.7/site-packages/airflow/example_dags/example_trigger_target_dag.py for tasks to queue
[2023-04-30T17:58:11.168+0000] {logging_mixin.py:120} INFO - [2023-04-30T17:58:11.168+0000] {dagbag.py:537} INFO - Filling up the DagBag from /home/airflow/.local/lib/python3.7/site-packages/airflow/example_dags/example_trigger_target_dag.py
[2023-04-30T17:58:11.183+0000] {processor.py:766} INFO - DAG(s) dict_keys(['example_trigger_target_dag']) retrieved from /home/airflow/.local/lib/python3.7/site-packages/airflow/example_dags/example_trigger_target_dag.py
[2023-04-30T17:58:11.218+0000] {logging_mixin.py:120} INFO - [2023-04-30T17:58:11.218+0000] {dag.py:2585} INFO - Sync 1 DAGs
[2023-04-30T17:58:11.243+0000] {logging_mixin.py:120} INFO - [2023-04-30T17:58:11.243+0000] {dag.py:3340} INFO - Setting next_dagrun for example_trigger_target_dag to None, run_after=None
[2023-04-30T17:58:11.274+0000] {processor.py:176} INFO - Processing /home/airflow/.local/lib/python3.7/site-packages/airflow/example_dags/example_trigger_target_dag.py took 0.111 seconds
[2023-04-30T17:58:41.800+0000] {processor.py:154} INFO - Started process (PID=1235) to work on /home/airflow/.local/lib/python3.7/site-packages/airflow/example_dags/example_trigger_target_dag.py
[2023-04-30T17:58:41.801+0000] {processor.py:756} INFO - Processing file /home/airflow/.local/lib/python3.7/site-packages/airflow/example_dags/example_trigger_target_dag.py for tasks to queue
[2023-04-30T17:58:41.802+0000] {logging_mixin.py:120} INFO - [2023-04-30T17:58:41.802+0000] {dagbag.py:537} INFO - Filling up the DagBag from /home/airflow/.local/lib/python3.7/site-packages/airflow/example_dags/example_trigger_target_dag.py
[2023-04-30T17:58:41.818+0000] {processor.py:766} INFO - DAG(s) dict_keys(['example_trigger_target_dag']) retrieved from /home/airflow/.local/lib/python3.7/site-packages/airflow/example_dags/example_trigger_target_dag.py
[2023-04-30T17:58:41.857+0000] {logging_mixin.py:120} INFO - [2023-04-30T17:58:41.856+0000] {dag.py:2585} INFO - Sync 1 DAGs
[2023-04-30T17:58:41.895+0000] {logging_mixin.py:120} INFO - [2023-04-30T17:58:41.895+0000] {dag.py:3340} INFO - Setting next_dagrun for example_trigger_target_dag to None, run_after=None
[2023-04-30T17:58:41.932+0000] {processor.py:176} INFO - Processing /home/airflow/.local/lib/python3.7/site-packages/airflow/example_dags/example_trigger_target_dag.py took 0.134 seconds
[2023-04-30T17:59:12.701+0000] {processor.py:154} INFO - Started process (PID=1298) to work on /home/airflow/.local/lib/python3.7/site-packages/airflow/example_dags/example_trigger_target_dag.py
[2023-04-30T17:59:12.702+0000] {processor.py:756} INFO - Processing file /home/airflow/.local/lib/python3.7/site-packages/airflow/example_dags/example_trigger_target_dag.py for tasks to queue
[2023-04-30T17:59:12.703+0000] {logging_mixin.py:120} INFO - [2023-04-30T17:59:12.703+0000] {dagbag.py:537} INFO - Filling up the DagBag from /home/airflow/.local/lib/python3.7/site-packages/airflow/example_dags/example_trigger_target_dag.py
[2023-04-30T17:59:12.723+0000] {processor.py:766} INFO - DAG(s) dict_keys(['example_trigger_target_dag']) retrieved from /home/airflow/.local/lib/python3.7/site-packages/airflow/example_dags/example_trigger_target_dag.py
[2023-04-30T17:59:12.760+0000] {logging_mixin.py:120} INFO - [2023-04-30T17:59:12.760+0000] {dag.py:2585} INFO - Sync 1 DAGs
[2023-04-30T17:59:12.786+0000] {logging_mixin.py:120} INFO - [2023-04-30T17:59:12.786+0000] {dag.py:3340} INFO - Setting next_dagrun for example_trigger_target_dag to None, run_after=None
[2023-04-30T17:59:12.810+0000] {processor.py:176} INFO - Processing /home/airflow/.local/lib/python3.7/site-packages/airflow/example_dags/example_trigger_target_dag.py took 0.112 seconds
[2023-04-30T17:59:43.365+0000] {processor.py:154} INFO - Started process (PID=1361) to work on /home/airflow/.local/lib/python3.7/site-packages/airflow/example_dags/example_trigger_target_dag.py
[2023-04-30T17:59:43.366+0000] {processor.py:756} INFO - Processing file /home/airflow/.local/lib/python3.7/site-packages/airflow/example_dags/example_trigger_target_dag.py for tasks to queue
[2023-04-30T17:59:43.366+0000] {logging_mixin.py:120} INFO - [2023-04-30T17:59:43.366+0000] {dagbag.py:537} INFO - Filling up the DagBag from /home/airflow/.local/lib/python3.7/site-packages/airflow/example_dags/example_trigger_target_dag.py
[2023-04-30T17:59:43.384+0000] {processor.py:766} INFO - DAG(s) dict_keys(['example_trigger_target_dag']) retrieved from /home/airflow/.local/lib/python3.7/site-packages/airflow/example_dags/example_trigger_target_dag.py
[2023-04-30T17:59:43.423+0000] {logging_mixin.py:120} INFO - [2023-04-30T17:59:43.423+0000] {dag.py:2585} INFO - Sync 1 DAGs
[2023-04-30T17:59:43.462+0000] {logging_mixin.py:120} INFO - [2023-04-30T17:59:43.462+0000] {dag.py:3340} INFO - Setting next_dagrun for example_trigger_target_dag to None, run_after=None
[2023-04-30T17:59:43.486+0000] {processor.py:176} INFO - Processing /home/airflow/.local/lib/python3.7/site-packages/airflow/example_dags/example_trigger_target_dag.py took 0.124 seconds
[2023-04-30T18:00:14.048+0000] {processor.py:154} INFO - Started process (PID=1425) to work on /home/airflow/.local/lib/python3.7/site-packages/airflow/example_dags/example_trigger_target_dag.py
[2023-04-30T18:00:14.049+0000] {processor.py:756} INFO - Processing file /home/airflow/.local/lib/python3.7/site-packages/airflow/example_dags/example_trigger_target_dag.py for tasks to queue
[2023-04-30T18:00:14.050+0000] {logging_mixin.py:120} INFO - [2023-04-30T18:00:14.050+0000] {dagbag.py:537} INFO - Filling up the DagBag from /home/airflow/.local/lib/python3.7/site-packages/airflow/example_dags/example_trigger_target_dag.py
[2023-04-30T18:00:14.077+0000] {processor.py:766} INFO - DAG(s) dict_keys(['example_trigger_target_dag']) retrieved from /home/airflow/.local/lib/python3.7/site-packages/airflow/example_dags/example_trigger_target_dag.py
[2023-04-30T18:00:14.126+0000] {logging_mixin.py:120} INFO - [2023-04-30T18:00:14.126+0000] {dag.py:2585} INFO - Sync 1 DAGs
[2023-04-30T18:00:14.161+0000] {logging_mixin.py:120} INFO - [2023-04-30T18:00:14.161+0000] {dag.py:3340} INFO - Setting next_dagrun for example_trigger_target_dag to None, run_after=None
[2023-04-30T18:00:14.195+0000] {processor.py:176} INFO - Processing /home/airflow/.local/lib/python3.7/site-packages/airflow/example_dags/example_trigger_target_dag.py took 0.149 seconds
[2023-04-30T18:00:44.690+0000] {processor.py:154} INFO - Started process (PID=1480) to work on /home/airflow/.local/lib/python3.7/site-packages/airflow/example_dags/example_trigger_target_dag.py
[2023-04-30T18:00:44.691+0000] {processor.py:756} INFO - Processing file /home/airflow/.local/lib/python3.7/site-packages/airflow/example_dags/example_trigger_target_dag.py for tasks to queue
[2023-04-30T18:00:44.691+0000] {logging_mixin.py:120} INFO - [2023-04-30T18:00:44.691+0000] {dagbag.py:537} INFO - Filling up the DagBag from /home/airflow/.local/lib/python3.7/site-packages/airflow/example_dags/example_trigger_target_dag.py
[2023-04-30T18:00:44.707+0000] {processor.py:766} INFO - DAG(s) dict_keys(['example_trigger_target_dag']) retrieved from /home/airflow/.local/lib/python3.7/site-packages/airflow/example_dags/example_trigger_target_dag.py
[2023-04-30T18:00:44.749+0000] {logging_mixin.py:120} INFO - [2023-04-30T18:00:44.749+0000] {dag.py:2585} INFO - Sync 1 DAGs
[2023-04-30T18:00:44.777+0000] {logging_mixin.py:120} INFO - [2023-04-30T18:00:44.777+0000] {dag.py:3340} INFO - Setting next_dagrun for example_trigger_target_dag to None, run_after=None
[2023-04-30T18:00:44.805+0000] {processor.py:176} INFO - Processing /home/airflow/.local/lib/python3.7/site-packages/airflow/example_dags/example_trigger_target_dag.py took 0.117 seconds
[2023-04-30T18:01:15.555+0000] {processor.py:154} INFO - Started process (PID=1543) to work on /home/airflow/.local/lib/python3.7/site-packages/airflow/example_dags/example_trigger_target_dag.py
[2023-04-30T18:01:15.556+0000] {processor.py:756} INFO - Processing file /home/airflow/.local/lib/python3.7/site-packages/airflow/example_dags/example_trigger_target_dag.py for tasks to queue
[2023-04-30T18:01:15.557+0000] {logging_mixin.py:120} INFO - [2023-04-30T18:01:15.556+0000] {dagbag.py:537} INFO - Filling up the DagBag from /home/airflow/.local/lib/python3.7/site-packages/airflow/example_dags/example_trigger_target_dag.py
[2023-04-30T18:01:15.574+0000] {processor.py:766} INFO - DAG(s) dict_keys(['example_trigger_target_dag']) retrieved from /home/airflow/.local/lib/python3.7/site-packages/airflow/example_dags/example_trigger_target_dag.py
[2023-04-30T18:01:15.610+0000] {logging_mixin.py:120} INFO - [2023-04-30T18:01:15.610+0000] {dag.py:2585} INFO - Sync 1 DAGs
[2023-04-30T18:01:15.635+0000] {logging_mixin.py:120} INFO - [2023-04-30T18:01:15.635+0000] {dag.py:3340} INFO - Setting next_dagrun for example_trigger_target_dag to None, run_after=None
[2023-04-30T18:01:15.661+0000] {processor.py:176} INFO - Processing /home/airflow/.local/lib/python3.7/site-packages/airflow/example_dags/example_trigger_target_dag.py took 0.108 seconds
[2023-04-30T18:01:46.164+0000] {processor.py:154} INFO - Started process (PID=1606) to work on /home/airflow/.local/lib/python3.7/site-packages/airflow/example_dags/example_trigger_target_dag.py
[2023-04-30T18:01:46.165+0000] {processor.py:756} INFO - Processing file /home/airflow/.local/lib/python3.7/site-packages/airflow/example_dags/example_trigger_target_dag.py for tasks to queue
[2023-04-30T18:01:46.166+0000] {logging_mixin.py:120} INFO - [2023-04-30T18:01:46.166+0000] {dagbag.py:537} INFO - Filling up the DagBag from /home/airflow/.local/lib/python3.7/site-packages/airflow/example_dags/example_trigger_target_dag.py
[2023-04-30T18:01:46.183+0000] {processor.py:766} INFO - DAG(s) dict_keys(['example_trigger_target_dag']) retrieved from /home/airflow/.local/lib/python3.7/site-packages/airflow/example_dags/example_trigger_target_dag.py
[2023-04-30T18:01:46.221+0000] {logging_mixin.py:120} INFO - [2023-04-30T18:01:46.220+0000] {dag.py:2585} INFO - Sync 1 DAGs
[2023-04-30T18:01:46.248+0000] {logging_mixin.py:120} INFO - [2023-04-30T18:01:46.247+0000] {dag.py:3340} INFO - Setting next_dagrun for example_trigger_target_dag to None, run_after=None
[2023-04-30T18:01:46.272+0000] {processor.py:176} INFO - Processing /home/airflow/.local/lib/python3.7/site-packages/airflow/example_dags/example_trigger_target_dag.py took 0.110 seconds
[2023-04-30T18:02:16.559+0000] {processor.py:154} INFO - Started process (PID=1660) to work on /home/airflow/.local/lib/python3.7/site-packages/airflow/example_dags/example_trigger_target_dag.py
[2023-04-30T18:02:16.560+0000] {processor.py:756} INFO - Processing file /home/airflow/.local/lib/python3.7/site-packages/airflow/example_dags/example_trigger_target_dag.py for tasks to queue
[2023-04-30T18:02:16.560+0000] {logging_mixin.py:120} INFO - [2023-04-30T18:02:16.560+0000] {dagbag.py:537} INFO - Filling up the DagBag from /home/airflow/.local/lib/python3.7/site-packages/airflow/example_dags/example_trigger_target_dag.py
[2023-04-30T18:02:16.577+0000] {processor.py:766} INFO - DAG(s) dict_keys(['example_trigger_target_dag']) retrieved from /home/airflow/.local/lib/python3.7/site-packages/airflow/example_dags/example_trigger_target_dag.py
[2023-04-30T18:02:16.612+0000] {logging_mixin.py:120} INFO - [2023-04-30T18:02:16.612+0000] {dag.py:2585} INFO - Sync 1 DAGs
[2023-04-30T18:02:16.637+0000] {logging_mixin.py:120} INFO - [2023-04-30T18:02:16.637+0000] {dag.py:3340} INFO - Setting next_dagrun for example_trigger_target_dag to None, run_after=None
[2023-04-30T18:02:16.661+0000] {processor.py:176} INFO - Processing /home/airflow/.local/lib/python3.7/site-packages/airflow/example_dags/example_trigger_target_dag.py took 0.104 seconds
[2023-04-30T18:02:47.044+0000] {processor.py:154} INFO - Started process (PID=1723) to work on /home/airflow/.local/lib/python3.7/site-packages/airflow/example_dags/example_trigger_target_dag.py
[2023-04-30T18:02:47.044+0000] {processor.py:756} INFO - Processing file /home/airflow/.local/lib/python3.7/site-packages/airflow/example_dags/example_trigger_target_dag.py for tasks to queue
[2023-04-30T18:02:47.045+0000] {logging_mixin.py:120} INFO - [2023-04-30T18:02:47.044+0000] {dagbag.py:537} INFO - Filling up the DagBag from /home/airflow/.local/lib/python3.7/site-packages/airflow/example_dags/example_trigger_target_dag.py
[2023-04-30T18:02:47.061+0000] {processor.py:766} INFO - DAG(s) dict_keys(['example_trigger_target_dag']) retrieved from /home/airflow/.local/lib/python3.7/site-packages/airflow/example_dags/example_trigger_target_dag.py
[2023-04-30T18:02:47.097+0000] {logging_mixin.py:120} INFO - [2023-04-30T18:02:47.097+0000] {dag.py:2585} INFO - Sync 1 DAGs
[2023-04-30T18:02:47.122+0000] {logging_mixin.py:120} INFO - [2023-04-30T18:02:47.122+0000] {dag.py:3340} INFO - Setting next_dagrun for example_trigger_target_dag to None, run_after=None
[2023-04-30T18:02:47.144+0000] {processor.py:176} INFO - Processing /home/airflow/.local/lib/python3.7/site-packages/airflow/example_dags/example_trigger_target_dag.py took 0.103 seconds
[2023-04-30T18:03:17.662+0000] {processor.py:154} INFO - Started process (PID=1786) to work on /home/airflow/.local/lib/python3.7/site-packages/airflow/example_dags/example_trigger_target_dag.py
[2023-04-30T18:03:17.664+0000] {processor.py:756} INFO - Processing file /home/airflow/.local/lib/python3.7/site-packages/airflow/example_dags/example_trigger_target_dag.py for tasks to queue
[2023-04-30T18:03:17.664+0000] {logging_mixin.py:120} INFO - [2023-04-30T18:03:17.664+0000] {dagbag.py:537} INFO - Filling up the DagBag from /home/airflow/.local/lib/python3.7/site-packages/airflow/example_dags/example_trigger_target_dag.py
[2023-04-30T18:03:17.681+0000] {processor.py:766} INFO - DAG(s) dict_keys(['example_trigger_target_dag']) retrieved from /home/airflow/.local/lib/python3.7/site-packages/airflow/example_dags/example_trigger_target_dag.py
[2023-04-30T18:03:17.716+0000] {logging_mixin.py:120} INFO - [2023-04-30T18:03:17.716+0000] {dag.py:2585} INFO - Sync 1 DAGs
[2023-04-30T18:03:17.743+0000] {logging_mixin.py:120} INFO - [2023-04-30T18:03:17.743+0000] {dag.py:3340} INFO - Setting next_dagrun for example_trigger_target_dag to None, run_after=None
[2023-04-30T18:03:17.768+0000] {processor.py:176} INFO - Processing /home/airflow/.local/lib/python3.7/site-packages/airflow/example_dags/example_trigger_target_dag.py took 0.108 seconds
[2023-04-30T18:03:48.179+0000] {processor.py:154} INFO - Started process (PID=1841) to work on /home/airflow/.local/lib/python3.7/site-packages/airflow/example_dags/example_trigger_target_dag.py
[2023-04-30T18:03:48.180+0000] {processor.py:756} INFO - Processing file /home/airflow/.local/lib/python3.7/site-packages/airflow/example_dags/example_trigger_target_dag.py for tasks to queue
[2023-04-30T18:03:48.180+0000] {logging_mixin.py:120} INFO - [2023-04-30T18:03:48.180+0000] {dagbag.py:537} INFO - Filling up the DagBag from /home/airflow/.local/lib/python3.7/site-packages/airflow/example_dags/example_trigger_target_dag.py
[2023-04-30T18:03:48.198+0000] {processor.py:766} INFO - DAG(s) dict_keys(['example_trigger_target_dag']) retrieved from /home/airflow/.local/lib/python3.7/site-packages/airflow/example_dags/example_trigger_target_dag.py
[2023-04-30T18:03:48.236+0000] {logging_mixin.py:120} INFO - [2023-04-30T18:03:48.236+0000] {dag.py:2585} INFO - Sync 1 DAGs
[2023-04-30T18:03:48.265+0000] {logging_mixin.py:120} INFO - [2023-04-30T18:03:48.265+0000] {dag.py:3340} INFO - Setting next_dagrun for example_trigger_target_dag to None, run_after=None
[2023-04-30T18:03:48.293+0000] {processor.py:176} INFO - Processing /home/airflow/.local/lib/python3.7/site-packages/airflow/example_dags/example_trigger_target_dag.py took 0.116 seconds
[2023-04-30T18:04:18.738+0000] {processor.py:154} INFO - Started process (PID=1904) to work on /home/airflow/.local/lib/python3.7/site-packages/airflow/example_dags/example_trigger_target_dag.py
[2023-04-30T18:04:18.739+0000] {processor.py:756} INFO - Processing file /home/airflow/.local/lib/python3.7/site-packages/airflow/example_dags/example_trigger_target_dag.py for tasks to queue
[2023-04-30T18:04:18.739+0000] {logging_mixin.py:120} INFO - [2023-04-30T18:04:18.739+0000] {dagbag.py:537} INFO - Filling up the DagBag from /home/airflow/.local/lib/python3.7/site-packages/airflow/example_dags/example_trigger_target_dag.py
[2023-04-30T18:04:18.756+0000] {processor.py:766} INFO - DAG(s) dict_keys(['example_trigger_target_dag']) retrieved from /home/airflow/.local/lib/python3.7/site-packages/airflow/example_dags/example_trigger_target_dag.py
[2023-04-30T18:04:18.793+0000] {logging_mixin.py:120} INFO - [2023-04-30T18:04:18.793+0000] {dag.py:2585} INFO - Sync 1 DAGs
[2023-04-30T18:04:18.817+0000] {logging_mixin.py:120} INFO - [2023-04-30T18:04:18.817+0000] {dag.py:3340} INFO - Setting next_dagrun for example_trigger_target_dag to None, run_after=None
[2023-04-30T18:04:18.841+0000] {processor.py:176} INFO - Processing /home/airflow/.local/lib/python3.7/site-packages/airflow/example_dags/example_trigger_target_dag.py took 0.105 seconds
[2023-04-30T18:04:49.319+0000] {processor.py:154} INFO - Started process (PID=1968) to work on /home/airflow/.local/lib/python3.7/site-packages/airflow/example_dags/example_trigger_target_dag.py
[2023-04-30T18:04:49.320+0000] {processor.py:756} INFO - Processing file /home/airflow/.local/lib/python3.7/site-packages/airflow/example_dags/example_trigger_target_dag.py for tasks to queue
[2023-04-30T18:04:49.321+0000] {logging_mixin.py:120} INFO - [2023-04-30T18:04:49.321+0000] {dagbag.py:537} INFO - Filling up the DagBag from /home/airflow/.local/lib/python3.7/site-packages/airflow/example_dags/example_trigger_target_dag.py
[2023-04-30T18:04:49.337+0000] {processor.py:766} INFO - DAG(s) dict_keys(['example_trigger_target_dag']) retrieved from /home/airflow/.local/lib/python3.7/site-packages/airflow/example_dags/example_trigger_target_dag.py
[2023-04-30T18:04:49.374+0000] {logging_mixin.py:120} INFO - [2023-04-30T18:04:49.374+0000] {dag.py:2585} INFO - Sync 1 DAGs
[2023-04-30T18:04:49.399+0000] {logging_mixin.py:120} INFO - [2023-04-30T18:04:49.399+0000] {dag.py:3340} INFO - Setting next_dagrun for example_trigger_target_dag to None, run_after=None
[2023-04-30T18:04:49.422+0000] {processor.py:176} INFO - Processing /home/airflow/.local/lib/python3.7/site-packages/airflow/example_dags/example_trigger_target_dag.py took 0.105 seconds
[2023-04-30T18:05:20.007+0000] {processor.py:154} INFO - Started process (PID=2032) to work on /home/airflow/.local/lib/python3.7/site-packages/airflow/example_dags/example_trigger_target_dag.py
[2023-04-30T18:05:20.008+0000] {processor.py:756} INFO - Processing file /home/airflow/.local/lib/python3.7/site-packages/airflow/example_dags/example_trigger_target_dag.py for tasks to queue
[2023-04-30T18:05:20.009+0000] {logging_mixin.py:120} INFO - [2023-04-30T18:05:20.009+0000] {dagbag.py:537} INFO - Filling up the DagBag from /home/airflow/.local/lib/python3.7/site-packages/airflow/example_dags/example_trigger_target_dag.py
[2023-04-30T18:05:20.028+0000] {processor.py:766} INFO - DAG(s) dict_keys(['example_trigger_target_dag']) retrieved from /home/airflow/.local/lib/python3.7/site-packages/airflow/example_dags/example_trigger_target_dag.py
[2023-04-30T18:05:20.070+0000] {logging_mixin.py:120} INFO - [2023-04-30T18:05:20.069+0000] {dag.py:2585} INFO - Sync 1 DAGs
[2023-04-30T18:05:20.097+0000] {logging_mixin.py:120} INFO - [2023-04-30T18:05:20.096+0000] {dag.py:3340} INFO - Setting next_dagrun for example_trigger_target_dag to None, run_after=None
[2023-04-30T18:05:20.123+0000] {processor.py:176} INFO - Processing /home/airflow/.local/lib/python3.7/site-packages/airflow/example_dags/example_trigger_target_dag.py took 0.118 seconds
[2023-04-30T18:05:50.596+0000] {processor.py:154} INFO - Started process (PID=2086) to work on /home/airflow/.local/lib/python3.7/site-packages/airflow/example_dags/example_trigger_target_dag.py
[2023-04-30T18:05:50.597+0000] {processor.py:756} INFO - Processing file /home/airflow/.local/lib/python3.7/site-packages/airflow/example_dags/example_trigger_target_dag.py for tasks to queue
[2023-04-30T18:05:50.598+0000] {logging_mixin.py:120} INFO - [2023-04-30T18:05:50.598+0000] {dagbag.py:537} INFO - Filling up the DagBag from /home/airflow/.local/lib/python3.7/site-packages/airflow/example_dags/example_trigger_target_dag.py
[2023-04-30T18:05:50.614+0000] {processor.py:766} INFO - DAG(s) dict_keys(['example_trigger_target_dag']) retrieved from /home/airflow/.local/lib/python3.7/site-packages/airflow/example_dags/example_trigger_target_dag.py
[2023-04-30T18:05:50.649+0000] {logging_mixin.py:120} INFO - [2023-04-30T18:05:50.648+0000] {dag.py:2585} INFO - Sync 1 DAGs
[2023-04-30T18:05:50.677+0000] {logging_mixin.py:120} INFO - [2023-04-30T18:05:50.677+0000] {dag.py:3340} INFO - Setting next_dagrun for example_trigger_target_dag to None, run_after=None
[2023-04-30T18:05:50.701+0000] {processor.py:176} INFO - Processing /home/airflow/.local/lib/python3.7/site-packages/airflow/example_dags/example_trigger_target_dag.py took 0.107 seconds
[2023-04-30T18:06:21.074+0000] {processor.py:154} INFO - Started process (PID=2149) to work on /home/airflow/.local/lib/python3.7/site-packages/airflow/example_dags/example_trigger_target_dag.py
[2023-04-30T18:06:21.074+0000] {processor.py:756} INFO - Processing file /home/airflow/.local/lib/python3.7/site-packages/airflow/example_dags/example_trigger_target_dag.py for tasks to queue
[2023-04-30T18:06:21.075+0000] {logging_mixin.py:120} INFO - [2023-04-30T18:06:21.075+0000] {dagbag.py:537} INFO - Filling up the DagBag from /home/airflow/.local/lib/python3.7/site-packages/airflow/example_dags/example_trigger_target_dag.py
[2023-04-30T18:06:21.092+0000] {processor.py:766} INFO - DAG(s) dict_keys(['example_trigger_target_dag']) retrieved from /home/airflow/.local/lib/python3.7/site-packages/airflow/example_dags/example_trigger_target_dag.py
[2023-04-30T18:06:21.127+0000] {logging_mixin.py:120} INFO - [2023-04-30T18:06:21.126+0000] {dag.py:2585} INFO - Sync 1 DAGs
[2023-04-30T18:06:21.151+0000] {logging_mixin.py:120} INFO - [2023-04-30T18:06:21.151+0000] {dag.py:3340} INFO - Setting next_dagrun for example_trigger_target_dag to None, run_after=None
[2023-04-30T18:06:21.174+0000] {processor.py:176} INFO - Processing /home/airflow/.local/lib/python3.7/site-packages/airflow/example_dags/example_trigger_target_dag.py took 0.102 seconds
[2023-04-30T18:06:51.597+0000] {processor.py:154} INFO - Started process (PID=2212) to work on /home/airflow/.local/lib/python3.7/site-packages/airflow/example_dags/example_trigger_target_dag.py
[2023-04-30T18:06:51.602+0000] {processor.py:756} INFO - Processing file /home/airflow/.local/lib/python3.7/site-packages/airflow/example_dags/example_trigger_target_dag.py for tasks to queue
[2023-04-30T18:06:51.603+0000] {logging_mixin.py:120} INFO - [2023-04-30T18:06:51.602+0000] {dagbag.py:537} INFO - Filling up the DagBag from /home/airflow/.local/lib/python3.7/site-packages/airflow/example_dags/example_trigger_target_dag.py
[2023-04-30T18:06:51.618+0000] {processor.py:766} INFO - DAG(s) dict_keys(['example_trigger_target_dag']) retrieved from /home/airflow/.local/lib/python3.7/site-packages/airflow/example_dags/example_trigger_target_dag.py
[2023-04-30T18:06:51.653+0000] {logging_mixin.py:120} INFO - [2023-04-30T18:06:51.653+0000] {dag.py:2585} INFO - Sync 1 DAGs
[2023-04-30T18:06:51.677+0000] {logging_mixin.py:120} INFO - [2023-04-30T18:06:51.677+0000] {dag.py:3340} INFO - Setting next_dagrun for example_trigger_target_dag to None, run_after=None
[2023-04-30T18:06:51.702+0000] {processor.py:176} INFO - Processing /home/airflow/.local/lib/python3.7/site-packages/airflow/example_dags/example_trigger_target_dag.py took 0.107 seconds
[2023-04-30T18:07:22.166+0000] {processor.py:154} INFO - Started process (PID=2266) to work on /home/airflow/.local/lib/python3.7/site-packages/airflow/example_dags/example_trigger_target_dag.py
[2023-04-30T18:07:22.167+0000] {processor.py:756} INFO - Processing file /home/airflow/.local/lib/python3.7/site-packages/airflow/example_dags/example_trigger_target_dag.py for tasks to queue
[2023-04-30T18:07:22.167+0000] {logging_mixin.py:120} INFO - [2023-04-30T18:07:22.167+0000] {dagbag.py:537} INFO - Filling up the DagBag from /home/airflow/.local/lib/python3.7/site-packages/airflow/example_dags/example_trigger_target_dag.py
[2023-04-30T18:07:22.184+0000] {processor.py:766} INFO - DAG(s) dict_keys(['example_trigger_target_dag']) retrieved from /home/airflow/.local/lib/python3.7/site-packages/airflow/example_dags/example_trigger_target_dag.py
[2023-04-30T18:07:22.217+0000] {logging_mixin.py:120} INFO - [2023-04-30T18:07:22.217+0000] {dag.py:2585} INFO - Sync 1 DAGs
[2023-04-30T18:07:22.244+0000] {logging_mixin.py:120} INFO - [2023-04-30T18:07:22.244+0000] {dag.py:3340} INFO - Setting next_dagrun for example_trigger_target_dag to None, run_after=None
[2023-04-30T18:07:22.268+0000] {processor.py:176} INFO - Processing /home/airflow/.local/lib/python3.7/site-packages/airflow/example_dags/example_trigger_target_dag.py took 0.104 seconds
[2023-04-30T18:07:52.635+0000] {processor.py:154} INFO - Started process (PID=2329) to work on /home/airflow/.local/lib/python3.7/site-packages/airflow/example_dags/example_trigger_target_dag.py
[2023-04-30T18:07:52.636+0000] {processor.py:756} INFO - Processing file /home/airflow/.local/lib/python3.7/site-packages/airflow/example_dags/example_trigger_target_dag.py for tasks to queue
[2023-04-30T18:07:52.637+0000] {logging_mixin.py:120} INFO - [2023-04-30T18:07:52.637+0000] {dagbag.py:537} INFO - Filling up the DagBag from /home/airflow/.local/lib/python3.7/site-packages/airflow/example_dags/example_trigger_target_dag.py
[2023-04-30T18:07:52.653+0000] {processor.py:766} INFO - DAG(s) dict_keys(['example_trigger_target_dag']) retrieved from /home/airflow/.local/lib/python3.7/site-packages/airflow/example_dags/example_trigger_target_dag.py
[2023-04-30T18:07:52.688+0000] {logging_mixin.py:120} INFO - [2023-04-30T18:07:52.687+0000] {dag.py:2585} INFO - Sync 1 DAGs
[2023-04-30T18:07:52.715+0000] {logging_mixin.py:120} INFO - [2023-04-30T18:07:52.715+0000] {dag.py:3340} INFO - Setting next_dagrun for example_trigger_target_dag to None, run_after=None
[2023-04-30T18:07:52.738+0000] {processor.py:176} INFO - Processing /home/airflow/.local/lib/python3.7/site-packages/airflow/example_dags/example_trigger_target_dag.py took 0.105 seconds
[2023-04-30T18:08:23.177+0000] {processor.py:154} INFO - Started process (PID=2392) to work on /home/airflow/.local/lib/python3.7/site-packages/airflow/example_dags/example_trigger_target_dag.py
[2023-04-30T18:08:23.177+0000] {processor.py:756} INFO - Processing file /home/airflow/.local/lib/python3.7/site-packages/airflow/example_dags/example_trigger_target_dag.py for tasks to queue
[2023-04-30T18:08:23.178+0000] {logging_mixin.py:120} INFO - [2023-04-30T18:08:23.178+0000] {dagbag.py:537} INFO - Filling up the DagBag from /home/airflow/.local/lib/python3.7/site-packages/airflow/example_dags/example_trigger_target_dag.py
[2023-04-30T18:08:23.195+0000] {processor.py:766} INFO - DAG(s) dict_keys(['example_trigger_target_dag']) retrieved from /home/airflow/.local/lib/python3.7/site-packages/airflow/example_dags/example_trigger_target_dag.py
[2023-04-30T18:08:23.231+0000] {logging_mixin.py:120} INFO - [2023-04-30T18:08:23.231+0000] {dag.py:2585} INFO - Sync 1 DAGs
[2023-04-30T18:08:23.257+0000] {logging_mixin.py:120} INFO - [2023-04-30T18:08:23.256+0000] {dag.py:3340} INFO - Setting next_dagrun for example_trigger_target_dag to None, run_after=None
[2023-04-30T18:08:23.280+0000] {processor.py:176} INFO - Processing /home/airflow/.local/lib/python3.7/site-packages/airflow/example_dags/example_trigger_target_dag.py took 0.105 seconds
[2023-04-30T18:08:53.719+0000] {processor.py:154} INFO - Started process (PID=2446) to work on /home/airflow/.local/lib/python3.7/site-packages/airflow/example_dags/example_trigger_target_dag.py
[2023-04-30T18:08:53.723+0000] {processor.py:756} INFO - Processing file /home/airflow/.local/lib/python3.7/site-packages/airflow/example_dags/example_trigger_target_dag.py for tasks to queue
[2023-04-30T18:08:53.724+0000] {logging_mixin.py:120} INFO - [2023-04-30T18:08:53.724+0000] {dagbag.py:537} INFO - Filling up the DagBag from /home/airflow/.local/lib/python3.7/site-packages/airflow/example_dags/example_trigger_target_dag.py
[2023-04-30T18:08:53.740+0000] {processor.py:766} INFO - DAG(s) dict_keys(['example_trigger_target_dag']) retrieved from /home/airflow/.local/lib/python3.7/site-packages/airflow/example_dags/example_trigger_target_dag.py
[2023-04-30T18:08:53.776+0000] {logging_mixin.py:120} INFO - [2023-04-30T18:08:53.776+0000] {dag.py:2585} INFO - Sync 1 DAGs
[2023-04-30T18:08:53.802+0000] {logging_mixin.py:120} INFO - [2023-04-30T18:08:53.802+0000] {dag.py:3340} INFO - Setting next_dagrun for example_trigger_target_dag to None, run_after=None
[2023-04-30T18:08:53.828+0000] {processor.py:176} INFO - Processing /home/airflow/.local/lib/python3.7/site-packages/airflow/example_dags/example_trigger_target_dag.py took 0.111 seconds
[2023-04-30T18:09:24.439+0000] {processor.py:154} INFO - Started process (PID=2509) to work on /home/airflow/.local/lib/python3.7/site-packages/airflow/example_dags/example_trigger_target_dag.py
[2023-04-30T18:09:24.440+0000] {processor.py:756} INFO - Processing file /home/airflow/.local/lib/python3.7/site-packages/airflow/example_dags/example_trigger_target_dag.py for tasks to queue
[2023-04-30T18:09:24.440+0000] {logging_mixin.py:120} INFO - [2023-04-30T18:09:24.440+0000] {dagbag.py:537} INFO - Filling up the DagBag from /home/airflow/.local/lib/python3.7/site-packages/airflow/example_dags/example_trigger_target_dag.py
[2023-04-30T18:09:24.458+0000] {processor.py:766} INFO - DAG(s) dict_keys(['example_trigger_target_dag']) retrieved from /home/airflow/.local/lib/python3.7/site-packages/airflow/example_dags/example_trigger_target_dag.py
[2023-04-30T18:09:24.500+0000] {logging_mixin.py:120} INFO - [2023-04-30T18:09:24.499+0000] {dag.py:2585} INFO - Sync 1 DAGs
[2023-04-30T18:09:24.526+0000] {logging_mixin.py:120} INFO - [2023-04-30T18:09:24.525+0000] {dag.py:3340} INFO - Setting next_dagrun for example_trigger_target_dag to None, run_after=None
[2023-04-30T18:09:24.548+0000] {processor.py:176} INFO - Processing /home/airflow/.local/lib/python3.7/site-packages/airflow/example_dags/example_trigger_target_dag.py took 0.110 seconds
[2023-04-30T18:09:55.057+0000] {processor.py:154} INFO - Started process (PID=2572) to work on /home/airflow/.local/lib/python3.7/site-packages/airflow/example_dags/example_trigger_target_dag.py
[2023-04-30T18:09:55.062+0000] {processor.py:756} INFO - Processing file /home/airflow/.local/lib/python3.7/site-packages/airflow/example_dags/example_trigger_target_dag.py for tasks to queue
[2023-04-30T18:09:55.063+0000] {logging_mixin.py:120} INFO - [2023-04-30T18:09:55.063+0000] {dagbag.py:537} INFO - Filling up the DagBag from /home/airflow/.local/lib/python3.7/site-packages/airflow/example_dags/example_trigger_target_dag.py
[2023-04-30T18:09:55.080+0000] {processor.py:766} INFO - DAG(s) dict_keys(['example_trigger_target_dag']) retrieved from /home/airflow/.local/lib/python3.7/site-packages/airflow/example_dags/example_trigger_target_dag.py
[2023-04-30T18:09:55.113+0000] {logging_mixin.py:120} INFO - [2023-04-30T18:09:55.113+0000] {dag.py:2585} INFO - Sync 1 DAGs
[2023-04-30T18:09:55.137+0000] {logging_mixin.py:120} INFO - [2023-04-30T18:09:55.137+0000] {dag.py:3340} INFO - Setting next_dagrun for example_trigger_target_dag to None, run_after=None
[2023-04-30T18:09:55.161+0000] {processor.py:176} INFO - Processing /home/airflow/.local/lib/python3.7/site-packages/airflow/example_dags/example_trigger_target_dag.py took 0.106 seconds
[2023-04-30T18:10:25.552+0000] {processor.py:154} INFO - Started process (PID=2635) to work on /home/airflow/.local/lib/python3.7/site-packages/airflow/example_dags/example_trigger_target_dag.py
[2023-04-30T18:10:25.553+0000] {processor.py:756} INFO - Processing file /home/airflow/.local/lib/python3.7/site-packages/airflow/example_dags/example_trigger_target_dag.py for tasks to queue
[2023-04-30T18:10:25.554+0000] {logging_mixin.py:120} INFO - [2023-04-30T18:10:25.554+0000] {dagbag.py:537} INFO - Filling up the DagBag from /home/airflow/.local/lib/python3.7/site-packages/airflow/example_dags/example_trigger_target_dag.py
[2023-04-30T18:10:25.579+0000] {processor.py:766} INFO - DAG(s) dict_keys(['example_trigger_target_dag']) retrieved from /home/airflow/.local/lib/python3.7/site-packages/airflow/example_dags/example_trigger_target_dag.py
[2023-04-30T18:10:25.623+0000] {logging_mixin.py:120} INFO - [2023-04-30T18:10:25.623+0000] {dag.py:2585} INFO - Sync 1 DAGs
[2023-04-30T18:10:25.656+0000] {logging_mixin.py:120} INFO - [2023-04-30T18:10:25.656+0000] {dag.py:3340} INFO - Setting next_dagrun for example_trigger_target_dag to None, run_after=None
[2023-04-30T18:10:25.682+0000] {processor.py:176} INFO - Processing /home/airflow/.local/lib/python3.7/site-packages/airflow/example_dags/example_trigger_target_dag.py took 0.133 seconds
[2023-04-30T18:10:56.083+0000] {processor.py:154} INFO - Started process (PID=2689) to work on /home/airflow/.local/lib/python3.7/site-packages/airflow/example_dags/example_trigger_target_dag.py
[2023-04-30T18:10:56.084+0000] {processor.py:756} INFO - Processing file /home/airflow/.local/lib/python3.7/site-packages/airflow/example_dags/example_trigger_target_dag.py for tasks to queue
[2023-04-30T18:10:56.085+0000] {logging_mixin.py:120} INFO - [2023-04-30T18:10:56.085+0000] {dagbag.py:537} INFO - Filling up the DagBag from /home/airflow/.local/lib/python3.7/site-packages/airflow/example_dags/example_trigger_target_dag.py
[2023-04-30T18:10:56.102+0000] {processor.py:766} INFO - DAG(s) dict_keys(['example_trigger_target_dag']) retrieved from /home/airflow/.local/lib/python3.7/site-packages/airflow/example_dags/example_trigger_target_dag.py
[2023-04-30T18:10:56.141+0000] {logging_mixin.py:120} INFO - [2023-04-30T18:10:56.141+0000] {dag.py:2585} INFO - Sync 1 DAGs
[2023-04-30T18:10:56.171+0000] {logging_mixin.py:120} INFO - [2023-04-30T18:10:56.170+0000] {dag.py:3340} INFO - Setting next_dagrun for example_trigger_target_dag to None, run_after=None
[2023-04-30T18:10:56.200+0000] {processor.py:176} INFO - Processing /home/airflow/.local/lib/python3.7/site-packages/airflow/example_dags/example_trigger_target_dag.py took 0.119 seconds
[2023-04-30T18:11:26.477+0000] {processor.py:154} INFO - Started process (PID=2752) to work on /home/airflow/.local/lib/python3.7/site-packages/airflow/example_dags/example_trigger_target_dag.py
[2023-04-30T18:11:26.478+0000] {processor.py:756} INFO - Processing file /home/airflow/.local/lib/python3.7/site-packages/airflow/example_dags/example_trigger_target_dag.py for tasks to queue
[2023-04-30T18:11:26.478+0000] {logging_mixin.py:120} INFO - [2023-04-30T18:11:26.478+0000] {dagbag.py:537} INFO - Filling up the DagBag from /home/airflow/.local/lib/python3.7/site-packages/airflow/example_dags/example_trigger_target_dag.py
[2023-04-30T18:11:26.496+0000] {processor.py:766} INFO - DAG(s) dict_keys(['example_trigger_target_dag']) retrieved from /home/airflow/.local/lib/python3.7/site-packages/airflow/example_dags/example_trigger_target_dag.py
[2023-04-30T18:11:26.531+0000] {logging_mixin.py:120} INFO - [2023-04-30T18:11:26.531+0000] {dag.py:2585} INFO - Sync 1 DAGs
[2023-04-30T18:11:26.558+0000] {logging_mixin.py:120} INFO - [2023-04-30T18:11:26.558+0000] {dag.py:3340} INFO - Setting next_dagrun for example_trigger_target_dag to None, run_after=None
[2023-04-30T18:11:26.582+0000] {processor.py:176} INFO - Processing /home/airflow/.local/lib/python3.7/site-packages/airflow/example_dags/example_trigger_target_dag.py took 0.107 seconds
[2023-04-30T18:20:47.213+0000] {processor.py:154} INFO - Started process (PID=2835) to work on /home/airflow/.local/lib/python3.7/site-packages/airflow/example_dags/example_trigger_target_dag.py
[2023-04-30T18:20:47.214+0000] {processor.py:756} INFO - Processing file /home/airflow/.local/lib/python3.7/site-packages/airflow/example_dags/example_trigger_target_dag.py for tasks to queue
[2023-04-30T18:20:47.215+0000] {logging_mixin.py:120} INFO - [2023-04-30T18:20:47.215+0000] {dagbag.py:537} INFO - Filling up the DagBag from /home/airflow/.local/lib/python3.7/site-packages/airflow/example_dags/example_trigger_target_dag.py
[2023-04-30T18:20:47.237+0000] {processor.py:766} INFO - DAG(s) dict_keys(['example_trigger_target_dag']) retrieved from /home/airflow/.local/lib/python3.7/site-packages/airflow/example_dags/example_trigger_target_dag.py
[2023-04-30T18:20:47.296+0000] {logging_mixin.py:120} INFO - [2023-04-30T18:20:47.296+0000] {dag.py:2585} INFO - Sync 1 DAGs
[2023-04-30T18:20:47.365+0000] {logging_mixin.py:120} INFO - [2023-04-30T18:20:47.365+0000] {dag.py:3340} INFO - Setting next_dagrun for example_trigger_target_dag to None, run_after=None
[2023-04-30T18:20:47.438+0000] {processor.py:176} INFO - Processing /home/airflow/.local/lib/python3.7/site-packages/airflow/example_dags/example_trigger_target_dag.py took 0.228 seconds
