[2023-04-30T17:48:58.152+0000] {processor.py:154} INFO - Started process (PID=78) to work on /home/airflow/.local/lib/python3.7/site-packages/airflow/example_dags/example_branch_labels.py
[2023-04-30T17:48:58.153+0000] {processor.py:756} INFO - Processing file /home/airflow/.local/lib/python3.7/site-packages/airflow/example_dags/example_branch_labels.py for tasks to queue
[2023-04-30T17:48:58.157+0000] {logging_mixin.py:120} INFO - [2023-04-30T17:48:58.156+0000] {dagbag.py:537} INFO - Filling up the DagBag from /home/airflow/.local/lib/python3.7/site-packages/airflow/example_dags/example_branch_labels.py
[2023-04-30T17:48:58.187+0000] {processor.py:766} INFO - DAG(s) dict_keys(['example_branch_labels']) retrieved from /home/airflow/.local/lib/python3.7/site-packages/airflow/example_dags/example_branch_labels.py
[2023-04-30T17:48:58.550+0000] {logging_mixin.py:120} INFO - [2023-04-30T17:48:58.550+0000] {manager.py:507} INFO - Created Permission View: can read on DAG:example_branch_labels
[2023-04-30T17:48:58.578+0000] {logging_mixin.py:120} INFO - [2023-04-30T17:48:58.577+0000] {manager.py:507} INFO - Created Permission View: can edit on DAG:example_branch_labels
[2023-04-30T17:48:58.599+0000] {logging_mixin.py:120} INFO - [2023-04-30T17:48:58.598+0000] {manager.py:507} INFO - Created Permission View: can delete on DAG:example_branch_labels
[2023-04-30T17:48:58.599+0000] {logging_mixin.py:120} INFO - [2023-04-30T17:48:58.599+0000] {dag.py:2585} INFO - Sync 1 DAGs
[2023-04-30T17:48:58.630+0000] {logging_mixin.py:120} INFO - [2023-04-30T17:48:58.630+0000] {dag.py:2606} INFO - Creating ORM DAG for example_branch_labels
[2023-04-30T17:48:58.657+0000] {logging_mixin.py:120} INFO - [2023-04-30T17:48:58.657+0000] {dag.py:3340} INFO - Setting next_dagrun for example_branch_labels to 2023-04-29T00:00:00+00:00, run_after=2023-04-30T00:00:00+00:00
[2023-04-30T17:48:58.698+0000] {processor.py:176} INFO - Processing /home/airflow/.local/lib/python3.7/site-packages/airflow/example_dags/example_branch_labels.py took 0.549 seconds
[2023-04-30T17:49:28.767+0000] {processor.py:154} INFO - Started process (PID=141) to work on /home/airflow/.local/lib/python3.7/site-packages/airflow/example_dags/example_branch_labels.py
[2023-04-30T17:49:28.768+0000] {processor.py:756} INFO - Processing file /home/airflow/.local/lib/python3.7/site-packages/airflow/example_dags/example_branch_labels.py for tasks to queue
[2023-04-30T17:49:28.769+0000] {logging_mixin.py:120} INFO - [2023-04-30T17:49:28.769+0000] {dagbag.py:537} INFO - Filling up the DagBag from /home/airflow/.local/lib/python3.7/site-packages/airflow/example_dags/example_branch_labels.py
[2023-04-30T17:49:28.782+0000] {processor.py:766} INFO - DAG(s) dict_keys(['example_branch_labels']) retrieved from /home/airflow/.local/lib/python3.7/site-packages/airflow/example_dags/example_branch_labels.py
[2023-04-30T17:49:28.821+0000] {logging_mixin.py:120} INFO - [2023-04-30T17:49:28.821+0000] {dag.py:2585} INFO - Sync 1 DAGs
[2023-04-30T17:49:28.850+0000] {logging_mixin.py:120} INFO - [2023-04-30T17:49:28.850+0000] {dag.py:3340} INFO - Setting next_dagrun for example_branch_labels to 2023-04-29T00:00:00+00:00, run_after=2023-04-30T00:00:00+00:00
[2023-04-30T17:49:28.874+0000] {processor.py:176} INFO - Processing /home/airflow/.local/lib/python3.7/site-packages/airflow/example_dags/example_branch_labels.py took 0.110 seconds
[2023-04-30T17:49:59.251+0000] {processor.py:154} INFO - Started process (PID=205) to work on /home/airflow/.local/lib/python3.7/site-packages/airflow/example_dags/example_branch_labels.py
[2023-04-30T17:49:59.252+0000] {processor.py:756} INFO - Processing file /home/airflow/.local/lib/python3.7/site-packages/airflow/example_dags/example_branch_labels.py for tasks to queue
[2023-04-30T17:49:59.252+0000] {logging_mixin.py:120} INFO - [2023-04-30T17:49:59.252+0000] {dagbag.py:537} INFO - Filling up the DagBag from /home/airflow/.local/lib/python3.7/site-packages/airflow/example_dags/example_branch_labels.py
[2023-04-30T17:49:59.268+0000] {processor.py:766} INFO - DAG(s) dict_keys(['example_branch_labels']) retrieved from /home/airflow/.local/lib/python3.7/site-packages/airflow/example_dags/example_branch_labels.py
[2023-04-30T17:49:59.303+0000] {logging_mixin.py:120} INFO - [2023-04-30T17:49:59.303+0000] {dag.py:2585} INFO - Sync 1 DAGs
[2023-04-30T17:49:59.333+0000] {logging_mixin.py:120} INFO - [2023-04-30T17:49:59.333+0000] {dag.py:3340} INFO - Setting next_dagrun for example_branch_labels to 2023-04-29T00:00:00+00:00, run_after=2023-04-30T00:00:00+00:00
[2023-04-30T17:49:59.358+0000] {processor.py:176} INFO - Processing /home/airflow/.local/lib/python3.7/site-packages/airflow/example_dags/example_branch_labels.py took 0.109 seconds
[2023-04-30T17:50:30.015+0000] {processor.py:154} INFO - Started process (PID=259) to work on /home/airflow/.local/lib/python3.7/site-packages/airflow/example_dags/example_branch_labels.py
[2023-04-30T17:50:30.016+0000] {processor.py:756} INFO - Processing file /home/airflow/.local/lib/python3.7/site-packages/airflow/example_dags/example_branch_labels.py for tasks to queue
[2023-04-30T17:50:30.016+0000] {logging_mixin.py:120} INFO - [2023-04-30T17:50:30.016+0000] {dagbag.py:537} INFO - Filling up the DagBag from /home/airflow/.local/lib/python3.7/site-packages/airflow/example_dags/example_branch_labels.py
[2023-04-30T17:50:30.029+0000] {processor.py:766} INFO - DAG(s) dict_keys(['example_branch_labels']) retrieved from /home/airflow/.local/lib/python3.7/site-packages/airflow/example_dags/example_branch_labels.py
[2023-04-30T17:50:30.066+0000] {logging_mixin.py:120} INFO - [2023-04-30T17:50:30.066+0000] {dag.py:2585} INFO - Sync 1 DAGs
[2023-04-30T17:50:30.093+0000] {logging_mixin.py:120} INFO - [2023-04-30T17:50:30.093+0000] {dag.py:3340} INFO - Setting next_dagrun for example_branch_labels to 2023-04-29T00:00:00+00:00, run_after=2023-04-30T00:00:00+00:00
[2023-04-30T17:50:30.115+0000] {processor.py:176} INFO - Processing /home/airflow/.local/lib/python3.7/site-packages/airflow/example_dags/example_branch_labels.py took 0.102 seconds
[2023-04-30T17:51:00.855+0000] {processor.py:154} INFO - Started process (PID=322) to work on /home/airflow/.local/lib/python3.7/site-packages/airflow/example_dags/example_branch_labels.py
[2023-04-30T17:51:00.856+0000] {processor.py:756} INFO - Processing file /home/airflow/.local/lib/python3.7/site-packages/airflow/example_dags/example_branch_labels.py for tasks to queue
[2023-04-30T17:51:00.856+0000] {logging_mixin.py:120} INFO - [2023-04-30T17:51:00.856+0000] {dagbag.py:537} INFO - Filling up the DagBag from /home/airflow/.local/lib/python3.7/site-packages/airflow/example_dags/example_branch_labels.py
[2023-04-30T17:51:00.868+0000] {processor.py:766} INFO - DAG(s) dict_keys(['example_branch_labels']) retrieved from /home/airflow/.local/lib/python3.7/site-packages/airflow/example_dags/example_branch_labels.py
[2023-04-30T17:51:00.905+0000] {logging_mixin.py:120} INFO - [2023-04-30T17:51:00.905+0000] {dag.py:2585} INFO - Sync 1 DAGs
[2023-04-30T17:51:00.931+0000] {logging_mixin.py:120} INFO - [2023-04-30T17:51:00.931+0000] {dag.py:3340} INFO - Setting next_dagrun for example_branch_labels to 2023-04-29T00:00:00+00:00, run_after=2023-04-30T00:00:00+00:00
[2023-04-30T17:51:00.955+0000] {processor.py:176} INFO - Processing /home/airflow/.local/lib/python3.7/site-packages/airflow/example_dags/example_branch_labels.py took 0.102 seconds
[2023-04-30T17:51:31.533+0000] {processor.py:154} INFO - Started process (PID=385) to work on /home/airflow/.local/lib/python3.7/site-packages/airflow/example_dags/example_branch_labels.py
[2023-04-30T17:51:31.534+0000] {processor.py:756} INFO - Processing file /home/airflow/.local/lib/python3.7/site-packages/airflow/example_dags/example_branch_labels.py for tasks to queue
[2023-04-30T17:51:31.534+0000] {logging_mixin.py:120} INFO - [2023-04-30T17:51:31.534+0000] {dagbag.py:537} INFO - Filling up the DagBag from /home/airflow/.local/lib/python3.7/site-packages/airflow/example_dags/example_branch_labels.py
[2023-04-30T17:51:31.547+0000] {processor.py:766} INFO - DAG(s) dict_keys(['example_branch_labels']) retrieved from /home/airflow/.local/lib/python3.7/site-packages/airflow/example_dags/example_branch_labels.py
[2023-04-30T17:51:31.594+0000] {logging_mixin.py:120} INFO - [2023-04-30T17:51:31.594+0000] {dag.py:2585} INFO - Sync 1 DAGs
[2023-04-30T17:51:31.628+0000] {logging_mixin.py:120} INFO - [2023-04-30T17:51:31.628+0000] {dag.py:3340} INFO - Setting next_dagrun for example_branch_labels to 2023-04-29T00:00:00+00:00, run_after=2023-04-30T00:00:00+00:00
[2023-04-30T17:51:31.653+0000] {processor.py:176} INFO - Processing /home/airflow/.local/lib/python3.7/site-packages/airflow/example_dags/example_branch_labels.py took 0.123 seconds
[2023-04-30T17:52:02.306+0000] {processor.py:154} INFO - Started process (PID=439) to work on /home/airflow/.local/lib/python3.7/site-packages/airflow/example_dags/example_branch_labels.py
[2023-04-30T17:52:02.307+0000] {processor.py:756} INFO - Processing file /home/airflow/.local/lib/python3.7/site-packages/airflow/example_dags/example_branch_labels.py for tasks to queue
[2023-04-30T17:52:02.308+0000] {logging_mixin.py:120} INFO - [2023-04-30T17:52:02.308+0000] {dagbag.py:537} INFO - Filling up the DagBag from /home/airflow/.local/lib/python3.7/site-packages/airflow/example_dags/example_branch_labels.py
[2023-04-30T17:52:02.321+0000] {processor.py:766} INFO - DAG(s) dict_keys(['example_branch_labels']) retrieved from /home/airflow/.local/lib/python3.7/site-packages/airflow/example_dags/example_branch_labels.py
[2023-04-30T17:52:02.358+0000] {logging_mixin.py:120} INFO - [2023-04-30T17:52:02.358+0000] {dag.py:2585} INFO - Sync 1 DAGs
[2023-04-30T17:52:02.386+0000] {logging_mixin.py:120} INFO - [2023-04-30T17:52:02.386+0000] {dag.py:3340} INFO - Setting next_dagrun for example_branch_labels to 2023-04-29T00:00:00+00:00, run_after=2023-04-30T00:00:00+00:00
[2023-04-30T17:52:02.409+0000] {processor.py:176} INFO - Processing /home/airflow/.local/lib/python3.7/site-packages/airflow/example_dags/example_branch_labels.py took 0.106 seconds
[2023-04-30T17:52:33.092+0000] {processor.py:154} INFO - Started process (PID=502) to work on /home/airflow/.local/lib/python3.7/site-packages/airflow/example_dags/example_branch_labels.py
[2023-04-30T17:52:33.092+0000] {processor.py:756} INFO - Processing file /home/airflow/.local/lib/python3.7/site-packages/airflow/example_dags/example_branch_labels.py for tasks to queue
[2023-04-30T17:52:33.093+0000] {logging_mixin.py:120} INFO - [2023-04-30T17:52:33.093+0000] {dagbag.py:537} INFO - Filling up the DagBag from /home/airflow/.local/lib/python3.7/site-packages/airflow/example_dags/example_branch_labels.py
[2023-04-30T17:52:33.107+0000] {processor.py:766} INFO - DAG(s) dict_keys(['example_branch_labels']) retrieved from /home/airflow/.local/lib/python3.7/site-packages/airflow/example_dags/example_branch_labels.py
[2023-04-30T17:52:33.146+0000] {logging_mixin.py:120} INFO - [2023-04-30T17:52:33.146+0000] {dag.py:2585} INFO - Sync 1 DAGs
[2023-04-30T17:52:33.174+0000] {logging_mixin.py:120} INFO - [2023-04-30T17:52:33.173+0000] {dag.py:3340} INFO - Setting next_dagrun for example_branch_labels to 2023-04-29T00:00:00+00:00, run_after=2023-04-30T00:00:00+00:00
[2023-04-30T17:52:33.197+0000] {processor.py:176} INFO - Processing /home/airflow/.local/lib/python3.7/site-packages/airflow/example_dags/example_branch_labels.py took 0.107 seconds
[2023-04-30T17:53:03.700+0000] {processor.py:154} INFO - Started process (PID=565) to work on /home/airflow/.local/lib/python3.7/site-packages/airflow/example_dags/example_branch_labels.py
[2023-04-30T17:53:03.701+0000] {processor.py:756} INFO - Processing file /home/airflow/.local/lib/python3.7/site-packages/airflow/example_dags/example_branch_labels.py for tasks to queue
[2023-04-30T17:53:03.702+0000] {logging_mixin.py:120} INFO - [2023-04-30T17:53:03.702+0000] {dagbag.py:537} INFO - Filling up the DagBag from /home/airflow/.local/lib/python3.7/site-packages/airflow/example_dags/example_branch_labels.py
[2023-04-30T17:53:03.719+0000] {processor.py:766} INFO - DAG(s) dict_keys(['example_branch_labels']) retrieved from /home/airflow/.local/lib/python3.7/site-packages/airflow/example_dags/example_branch_labels.py
[2023-04-30T17:53:03.772+0000] {logging_mixin.py:120} INFO - [2023-04-30T17:53:03.772+0000] {dag.py:2585} INFO - Sync 1 DAGs
[2023-04-30T17:53:03.805+0000] {logging_mixin.py:120} INFO - [2023-04-30T17:53:03.804+0000] {dag.py:3340} INFO - Setting next_dagrun for example_branch_labels to 2023-04-29T00:00:00+00:00, run_after=2023-04-30T00:00:00+00:00
[2023-04-30T17:53:03.834+0000] {processor.py:176} INFO - Processing /home/airflow/.local/lib/python3.7/site-packages/airflow/example_dags/example_branch_labels.py took 0.137 seconds
[2023-04-30T17:53:34.204+0000] {processor.py:154} INFO - Started process (PID=619) to work on /home/airflow/.local/lib/python3.7/site-packages/airflow/example_dags/example_branch_labels.py
[2023-04-30T17:53:34.205+0000] {processor.py:756} INFO - Processing file /home/airflow/.local/lib/python3.7/site-packages/airflow/example_dags/example_branch_labels.py for tasks to queue
[2023-04-30T17:53:34.206+0000] {logging_mixin.py:120} INFO - [2023-04-30T17:53:34.206+0000] {dagbag.py:537} INFO - Filling up the DagBag from /home/airflow/.local/lib/python3.7/site-packages/airflow/example_dags/example_branch_labels.py
[2023-04-30T17:53:34.220+0000] {processor.py:766} INFO - DAG(s) dict_keys(['example_branch_labels']) retrieved from /home/airflow/.local/lib/python3.7/site-packages/airflow/example_dags/example_branch_labels.py
[2023-04-30T17:53:34.257+0000] {logging_mixin.py:120} INFO - [2023-04-30T17:53:34.257+0000] {dag.py:2585} INFO - Sync 1 DAGs
[2023-04-30T17:53:34.287+0000] {logging_mixin.py:120} INFO - [2023-04-30T17:53:34.287+0000] {dag.py:3340} INFO - Setting next_dagrun for example_branch_labels to 2023-04-29T00:00:00+00:00, run_after=2023-04-30T00:00:00+00:00
[2023-04-30T17:53:34.308+0000] {processor.py:176} INFO - Processing /home/airflow/.local/lib/python3.7/site-packages/airflow/example_dags/example_branch_labels.py took 0.106 seconds
[2023-04-30T17:54:04.832+0000] {processor.py:154} INFO - Started process (PID=682) to work on /home/airflow/.local/lib/python3.7/site-packages/airflow/example_dags/example_branch_labels.py
[2023-04-30T17:54:04.833+0000] {processor.py:756} INFO - Processing file /home/airflow/.local/lib/python3.7/site-packages/airflow/example_dags/example_branch_labels.py for tasks to queue
[2023-04-30T17:54:04.833+0000] {logging_mixin.py:120} INFO - [2023-04-30T17:54:04.833+0000] {dagbag.py:537} INFO - Filling up the DagBag from /home/airflow/.local/lib/python3.7/site-packages/airflow/example_dags/example_branch_labels.py
[2023-04-30T17:54:04.845+0000] {processor.py:766} INFO - DAG(s) dict_keys(['example_branch_labels']) retrieved from /home/airflow/.local/lib/python3.7/site-packages/airflow/example_dags/example_branch_labels.py
[2023-04-30T17:54:04.878+0000] {logging_mixin.py:120} INFO - [2023-04-30T17:54:04.878+0000] {dag.py:2585} INFO - Sync 1 DAGs
[2023-04-30T17:54:04.905+0000] {logging_mixin.py:120} INFO - [2023-04-30T17:54:04.905+0000] {dag.py:3340} INFO - Setting next_dagrun for example_branch_labels to 2023-04-29T00:00:00+00:00, run_after=2023-04-30T00:00:00+00:00
[2023-04-30T17:54:04.927+0000] {processor.py:176} INFO - Processing /home/airflow/.local/lib/python3.7/site-packages/airflow/example_dags/example_branch_labels.py took 0.097 seconds
[2023-04-30T17:54:35.555+0000] {processor.py:154} INFO - Started process (PID=745) to work on /home/airflow/.local/lib/python3.7/site-packages/airflow/example_dags/example_branch_labels.py
[2023-04-30T17:54:35.557+0000] {processor.py:756} INFO - Processing file /home/airflow/.local/lib/python3.7/site-packages/airflow/example_dags/example_branch_labels.py for tasks to queue
[2023-04-30T17:54:35.557+0000] {logging_mixin.py:120} INFO - [2023-04-30T17:54:35.557+0000] {dagbag.py:537} INFO - Filling up the DagBag from /home/airflow/.local/lib/python3.7/site-packages/airflow/example_dags/example_branch_labels.py
[2023-04-30T17:54:35.574+0000] {processor.py:766} INFO - DAG(s) dict_keys(['example_branch_labels']) retrieved from /home/airflow/.local/lib/python3.7/site-packages/airflow/example_dags/example_branch_labels.py
[2023-04-30T17:54:35.621+0000] {logging_mixin.py:120} INFO - [2023-04-30T17:54:35.621+0000] {dag.py:2585} INFO - Sync 1 DAGs
[2023-04-30T17:54:35.653+0000] {logging_mixin.py:120} INFO - [2023-04-30T17:54:35.652+0000] {dag.py:3340} INFO - Setting next_dagrun for example_branch_labels to 2023-04-29T00:00:00+00:00, run_after=2023-04-30T00:00:00+00:00
[2023-04-30T17:54:35.681+0000] {processor.py:176} INFO - Processing /home/airflow/.local/lib/python3.7/site-packages/airflow/example_dags/example_branch_labels.py took 0.127 seconds
[2023-04-30T17:55:06.243+0000] {processor.py:154} INFO - Started process (PID=809) to work on /home/airflow/.local/lib/python3.7/site-packages/airflow/example_dags/example_branch_labels.py
[2023-04-30T17:55:06.243+0000] {processor.py:756} INFO - Processing file /home/airflow/.local/lib/python3.7/site-packages/airflow/example_dags/example_branch_labels.py for tasks to queue
[2023-04-30T17:55:06.244+0000] {logging_mixin.py:120} INFO - [2023-04-30T17:55:06.244+0000] {dagbag.py:537} INFO - Filling up the DagBag from /home/airflow/.local/lib/python3.7/site-packages/airflow/example_dags/example_branch_labels.py
[2023-04-30T17:55:06.259+0000] {processor.py:766} INFO - DAG(s) dict_keys(['example_branch_labels']) retrieved from /home/airflow/.local/lib/python3.7/site-packages/airflow/example_dags/example_branch_labels.py
[2023-04-30T17:55:06.302+0000] {logging_mixin.py:120} INFO - [2023-04-30T17:55:06.301+0000] {dag.py:2585} INFO - Sync 1 DAGs
[2023-04-30T17:55:06.331+0000] {logging_mixin.py:120} INFO - [2023-04-30T17:55:06.331+0000] {dag.py:3340} INFO - Setting next_dagrun for example_branch_labels to 2023-04-29T00:00:00+00:00, run_after=2023-04-30T00:00:00+00:00
[2023-04-30T17:55:06.358+0000] {processor.py:176} INFO - Processing /home/airflow/.local/lib/python3.7/site-packages/airflow/example_dags/example_branch_labels.py took 0.118 seconds
[2023-04-30T17:55:36.893+0000] {processor.py:154} INFO - Started process (PID=863) to work on /home/airflow/.local/lib/python3.7/site-packages/airflow/example_dags/example_branch_labels.py
[2023-04-30T17:55:36.894+0000] {processor.py:756} INFO - Processing file /home/airflow/.local/lib/python3.7/site-packages/airflow/example_dags/example_branch_labels.py for tasks to queue
[2023-04-30T17:55:36.895+0000] {logging_mixin.py:120} INFO - [2023-04-30T17:55:36.895+0000] {dagbag.py:537} INFO - Filling up the DagBag from /home/airflow/.local/lib/python3.7/site-packages/airflow/example_dags/example_branch_labels.py
[2023-04-30T17:55:36.907+0000] {processor.py:766} INFO - DAG(s) dict_keys(['example_branch_labels']) retrieved from /home/airflow/.local/lib/python3.7/site-packages/airflow/example_dags/example_branch_labels.py
[2023-04-30T17:55:36.942+0000] {logging_mixin.py:120} INFO - [2023-04-30T17:55:36.942+0000] {dag.py:2585} INFO - Sync 1 DAGs
[2023-04-30T17:55:36.967+0000] {logging_mixin.py:120} INFO - [2023-04-30T17:55:36.967+0000] {dag.py:3340} INFO - Setting next_dagrun for example_branch_labels to 2023-04-29T00:00:00+00:00, run_after=2023-04-30T00:00:00+00:00
[2023-04-30T17:55:36.994+0000] {processor.py:176} INFO - Processing /home/airflow/.local/lib/python3.7/site-packages/airflow/example_dags/example_branch_labels.py took 0.103 seconds
[2023-04-30T17:56:07.521+0000] {processor.py:154} INFO - Started process (PID=926) to work on /home/airflow/.local/lib/python3.7/site-packages/airflow/example_dags/example_branch_labels.py
[2023-04-30T17:56:07.522+0000] {processor.py:756} INFO - Processing file /home/airflow/.local/lib/python3.7/site-packages/airflow/example_dags/example_branch_labels.py for tasks to queue
[2023-04-30T17:56:07.523+0000] {logging_mixin.py:120} INFO - [2023-04-30T17:56:07.523+0000] {dagbag.py:537} INFO - Filling up the DagBag from /home/airflow/.local/lib/python3.7/site-packages/airflow/example_dags/example_branch_labels.py
[2023-04-30T17:56:07.535+0000] {processor.py:766} INFO - DAG(s) dict_keys(['example_branch_labels']) retrieved from /home/airflow/.local/lib/python3.7/site-packages/airflow/example_dags/example_branch_labels.py
[2023-04-30T17:56:07.571+0000] {logging_mixin.py:120} INFO - [2023-04-30T17:56:07.571+0000] {dag.py:2585} INFO - Sync 1 DAGs
[2023-04-30T17:56:07.599+0000] {logging_mixin.py:120} INFO - [2023-04-30T17:56:07.599+0000] {dag.py:3340} INFO - Setting next_dagrun for example_branch_labels to 2023-04-29T00:00:00+00:00, run_after=2023-04-30T00:00:00+00:00
[2023-04-30T17:56:07.622+0000] {processor.py:176} INFO - Processing /home/airflow/.local/lib/python3.7/site-packages/airflow/example_dags/example_branch_labels.py took 0.104 seconds
[2023-04-30T17:56:38.128+0000] {processor.py:154} INFO - Started process (PID=990) to work on /home/airflow/.local/lib/python3.7/site-packages/airflow/example_dags/example_branch_labels.py
[2023-04-30T17:56:38.128+0000] {processor.py:756} INFO - Processing file /home/airflow/.local/lib/python3.7/site-packages/airflow/example_dags/example_branch_labels.py for tasks to queue
[2023-04-30T17:56:38.129+0000] {logging_mixin.py:120} INFO - [2023-04-30T17:56:38.129+0000] {dagbag.py:537} INFO - Filling up the DagBag from /home/airflow/.local/lib/python3.7/site-packages/airflow/example_dags/example_branch_labels.py
[2023-04-30T17:56:38.144+0000] {processor.py:766} INFO - DAG(s) dict_keys(['example_branch_labels']) retrieved from /home/airflow/.local/lib/python3.7/site-packages/airflow/example_dags/example_branch_labels.py
[2023-04-30T17:56:38.188+0000] {logging_mixin.py:120} INFO - [2023-04-30T17:56:38.188+0000] {dag.py:2585} INFO - Sync 1 DAGs
[2023-04-30T17:56:38.219+0000] {logging_mixin.py:120} INFO - [2023-04-30T17:56:38.219+0000] {dag.py:3340} INFO - Setting next_dagrun for example_branch_labels to 2023-04-29T00:00:00+00:00, run_after=2023-04-30T00:00:00+00:00
[2023-04-30T17:56:38.249+0000] {processor.py:176} INFO - Processing /home/airflow/.local/lib/python3.7/site-packages/airflow/example_dags/example_branch_labels.py took 0.124 seconds
[2023-04-30T17:57:08.658+0000] {processor.py:154} INFO - Started process (PID=1045) to work on /home/airflow/.local/lib/python3.7/site-packages/airflow/example_dags/example_branch_labels.py
[2023-04-30T17:57:08.659+0000] {processor.py:756} INFO - Processing file /home/airflow/.local/lib/python3.7/site-packages/airflow/example_dags/example_branch_labels.py for tasks to queue
[2023-04-30T17:57:08.660+0000] {logging_mixin.py:120} INFO - [2023-04-30T17:57:08.660+0000] {dagbag.py:537} INFO - Filling up the DagBag from /home/airflow/.local/lib/python3.7/site-packages/airflow/example_dags/example_branch_labels.py
[2023-04-30T17:57:08.673+0000] {processor.py:766} INFO - DAG(s) dict_keys(['example_branch_labels']) retrieved from /home/airflow/.local/lib/python3.7/site-packages/airflow/example_dags/example_branch_labels.py
[2023-04-30T17:57:08.711+0000] {logging_mixin.py:120} INFO - [2023-04-30T17:57:08.711+0000] {dag.py:2585} INFO - Sync 1 DAGs
[2023-04-30T17:57:08.736+0000] {logging_mixin.py:120} INFO - [2023-04-30T17:57:08.736+0000] {dag.py:3340} INFO - Setting next_dagrun for example_branch_labels to 2023-04-29T00:00:00+00:00, run_after=2023-04-30T00:00:00+00:00
[2023-04-30T17:57:08.758+0000] {processor.py:176} INFO - Processing /home/airflow/.local/lib/python3.7/site-packages/airflow/example_dags/example_branch_labels.py took 0.103 seconds
[2023-04-30T17:57:39.419+0000] {processor.py:154} INFO - Started process (PID=1108) to work on /home/airflow/.local/lib/python3.7/site-packages/airflow/example_dags/example_branch_labels.py
[2023-04-30T17:57:39.420+0000] {processor.py:756} INFO - Processing file /home/airflow/.local/lib/python3.7/site-packages/airflow/example_dags/example_branch_labels.py for tasks to queue
[2023-04-30T17:57:39.421+0000] {logging_mixin.py:120} INFO - [2023-04-30T17:57:39.421+0000] {dagbag.py:537} INFO - Filling up the DagBag from /home/airflow/.local/lib/python3.7/site-packages/airflow/example_dags/example_branch_labels.py
[2023-04-30T17:57:39.437+0000] {processor.py:766} INFO - DAG(s) dict_keys(['example_branch_labels']) retrieved from /home/airflow/.local/lib/python3.7/site-packages/airflow/example_dags/example_branch_labels.py
[2023-04-30T17:57:39.470+0000] {logging_mixin.py:120} INFO - [2023-04-30T17:57:39.470+0000] {dag.py:2585} INFO - Sync 1 DAGs
[2023-04-30T17:57:39.497+0000] {logging_mixin.py:120} INFO - [2023-04-30T17:57:39.497+0000] {dag.py:3340} INFO - Setting next_dagrun for example_branch_labels to 2023-04-29T00:00:00+00:00, run_after=2023-04-30T00:00:00+00:00
[2023-04-30T17:57:39.520+0000] {processor.py:176} INFO - Processing /home/airflow/.local/lib/python3.7/site-packages/airflow/example_dags/example_branch_labels.py took 0.103 seconds
[2023-04-30T17:58:10.043+0000] {processor.py:154} INFO - Started process (PID=1178) to work on /home/airflow/.local/lib/python3.7/site-packages/airflow/example_dags/example_branch_labels.py
[2023-04-30T17:58:10.044+0000] {processor.py:756} INFO - Processing file /home/airflow/.local/lib/python3.7/site-packages/airflow/example_dags/example_branch_labels.py for tasks to queue
[2023-04-30T17:58:10.044+0000] {logging_mixin.py:120} INFO - [2023-04-30T17:58:10.044+0000] {dagbag.py:537} INFO - Filling up the DagBag from /home/airflow/.local/lib/python3.7/site-packages/airflow/example_dags/example_branch_labels.py
[2023-04-30T17:58:10.056+0000] {processor.py:766} INFO - DAG(s) dict_keys(['example_branch_labels']) retrieved from /home/airflow/.local/lib/python3.7/site-packages/airflow/example_dags/example_branch_labels.py
[2023-04-30T17:58:10.093+0000] {logging_mixin.py:120} INFO - [2023-04-30T17:58:10.093+0000] {dag.py:2585} INFO - Sync 1 DAGs
[2023-04-30T17:58:10.119+0000] {logging_mixin.py:120} INFO - [2023-04-30T17:58:10.119+0000] {dag.py:3340} INFO - Setting next_dagrun for example_branch_labels to 2023-04-29T00:00:00+00:00, run_after=2023-04-30T00:00:00+00:00
[2023-04-30T17:58:10.141+0000] {processor.py:176} INFO - Processing /home/airflow/.local/lib/python3.7/site-packages/airflow/example_dags/example_branch_labels.py took 0.100 seconds
[2023-04-30T17:58:40.669+0000] {processor.py:154} INFO - Started process (PID=1232) to work on /home/airflow/.local/lib/python3.7/site-packages/airflow/example_dags/example_branch_labels.py
[2023-04-30T17:58:40.670+0000] {processor.py:756} INFO - Processing file /home/airflow/.local/lib/python3.7/site-packages/airflow/example_dags/example_branch_labels.py for tasks to queue
[2023-04-30T17:58:40.670+0000] {logging_mixin.py:120} INFO - [2023-04-30T17:58:40.670+0000] {dagbag.py:537} INFO - Filling up the DagBag from /home/airflow/.local/lib/python3.7/site-packages/airflow/example_dags/example_branch_labels.py
[2023-04-30T17:58:40.682+0000] {processor.py:766} INFO - DAG(s) dict_keys(['example_branch_labels']) retrieved from /home/airflow/.local/lib/python3.7/site-packages/airflow/example_dags/example_branch_labels.py
[2023-04-30T17:58:40.717+0000] {logging_mixin.py:120} INFO - [2023-04-30T17:58:40.717+0000] {dag.py:2585} INFO - Sync 1 DAGs
[2023-04-30T17:58:40.745+0000] {logging_mixin.py:120} INFO - [2023-04-30T17:58:40.745+0000] {dag.py:3340} INFO - Setting next_dagrun for example_branch_labels to 2023-04-29T00:00:00+00:00, run_after=2023-04-30T00:00:00+00:00
[2023-04-30T17:58:40.771+0000] {processor.py:176} INFO - Processing /home/airflow/.local/lib/python3.7/site-packages/airflow/example_dags/example_branch_labels.py took 0.104 seconds
[2023-04-30T17:59:11.573+0000] {processor.py:154} INFO - Started process (PID=1295) to work on /home/airflow/.local/lib/python3.7/site-packages/airflow/example_dags/example_branch_labels.py
[2023-04-30T17:59:11.574+0000] {processor.py:756} INFO - Processing file /home/airflow/.local/lib/python3.7/site-packages/airflow/example_dags/example_branch_labels.py for tasks to queue
[2023-04-30T17:59:11.574+0000] {logging_mixin.py:120} INFO - [2023-04-30T17:59:11.574+0000] {dagbag.py:537} INFO - Filling up the DagBag from /home/airflow/.local/lib/python3.7/site-packages/airflow/example_dags/example_branch_labels.py
[2023-04-30T17:59:11.587+0000] {processor.py:766} INFO - DAG(s) dict_keys(['example_branch_labels']) retrieved from /home/airflow/.local/lib/python3.7/site-packages/airflow/example_dags/example_branch_labels.py
[2023-04-30T17:59:11.625+0000] {logging_mixin.py:120} INFO - [2023-04-30T17:59:11.625+0000] {dag.py:2585} INFO - Sync 1 DAGs
[2023-04-30T17:59:11.652+0000] {logging_mixin.py:120} INFO - [2023-04-30T17:59:11.651+0000] {dag.py:3340} INFO - Setting next_dagrun for example_branch_labels to 2023-04-29T00:00:00+00:00, run_after=2023-04-30T00:00:00+00:00
[2023-04-30T17:59:11.673+0000] {processor.py:176} INFO - Processing /home/airflow/.local/lib/python3.7/site-packages/airflow/example_dags/example_branch_labels.py took 0.103 seconds
[2023-04-30T17:59:42.236+0000] {processor.py:154} INFO - Started process (PID=1358) to work on /home/airflow/.local/lib/python3.7/site-packages/airflow/example_dags/example_branch_labels.py
[2023-04-30T17:59:42.237+0000] {processor.py:756} INFO - Processing file /home/airflow/.local/lib/python3.7/site-packages/airflow/example_dags/example_branch_labels.py for tasks to queue
[2023-04-30T17:59:42.238+0000] {logging_mixin.py:120} INFO - [2023-04-30T17:59:42.238+0000] {dagbag.py:537} INFO - Filling up the DagBag from /home/airflow/.local/lib/python3.7/site-packages/airflow/example_dags/example_branch_labels.py
[2023-04-30T17:59:42.249+0000] {processor.py:766} INFO - DAG(s) dict_keys(['example_branch_labels']) retrieved from /home/airflow/.local/lib/python3.7/site-packages/airflow/example_dags/example_branch_labels.py
[2023-04-30T17:59:42.285+0000] {logging_mixin.py:120} INFO - [2023-04-30T17:59:42.284+0000] {dag.py:2585} INFO - Sync 1 DAGs
[2023-04-30T17:59:42.314+0000] {logging_mixin.py:120} INFO - [2023-04-30T17:59:42.313+0000] {dag.py:3340} INFO - Setting next_dagrun for example_branch_labels to 2023-04-29T00:00:00+00:00, run_after=2023-04-30T00:00:00+00:00
[2023-04-30T17:59:42.336+0000] {processor.py:176} INFO - Processing /home/airflow/.local/lib/python3.7/site-packages/airflow/example_dags/example_branch_labels.py took 0.102 seconds
[2023-04-30T18:00:12.892+0000] {processor.py:154} INFO - Started process (PID=1413) to work on /home/airflow/.local/lib/python3.7/site-packages/airflow/example_dags/example_branch_labels.py
[2023-04-30T18:00:12.893+0000] {processor.py:756} INFO - Processing file /home/airflow/.local/lib/python3.7/site-packages/airflow/example_dags/example_branch_labels.py for tasks to queue
[2023-04-30T18:00:12.894+0000] {logging_mixin.py:120} INFO - [2023-04-30T18:00:12.894+0000] {dagbag.py:537} INFO - Filling up the DagBag from /home/airflow/.local/lib/python3.7/site-packages/airflow/example_dags/example_branch_labels.py
[2023-04-30T18:00:12.907+0000] {processor.py:766} INFO - DAG(s) dict_keys(['example_branch_labels']) retrieved from /home/airflow/.local/lib/python3.7/site-packages/airflow/example_dags/example_branch_labels.py
[2023-04-30T18:00:12.961+0000] {logging_mixin.py:120} INFO - [2023-04-30T18:00:12.960+0000] {dag.py:2585} INFO - Sync 1 DAGs
[2023-04-30T18:00:12.992+0000] {logging_mixin.py:120} INFO - [2023-04-30T18:00:12.992+0000] {dag.py:3340} INFO - Setting next_dagrun for example_branch_labels to 2023-04-29T00:00:00+00:00, run_after=2023-04-30T00:00:00+00:00
[2023-04-30T18:00:13.015+0000] {processor.py:176} INFO - Processing /home/airflow/.local/lib/python3.7/site-packages/airflow/example_dags/example_branch_labels.py took 0.126 seconds
[2023-04-30T18:00:43.556+0000] {processor.py:154} INFO - Started process (PID=1477) to work on /home/airflow/.local/lib/python3.7/site-packages/airflow/example_dags/example_branch_labels.py
[2023-04-30T18:00:43.557+0000] {processor.py:756} INFO - Processing file /home/airflow/.local/lib/python3.7/site-packages/airflow/example_dags/example_branch_labels.py for tasks to queue
[2023-04-30T18:00:43.557+0000] {logging_mixin.py:120} INFO - [2023-04-30T18:00:43.557+0000] {dagbag.py:537} INFO - Filling up the DagBag from /home/airflow/.local/lib/python3.7/site-packages/airflow/example_dags/example_branch_labels.py
[2023-04-30T18:00:43.568+0000] {processor.py:766} INFO - DAG(s) dict_keys(['example_branch_labels']) retrieved from /home/airflow/.local/lib/python3.7/site-packages/airflow/example_dags/example_branch_labels.py
[2023-04-30T18:00:43.608+0000] {logging_mixin.py:120} INFO - [2023-04-30T18:00:43.608+0000] {dag.py:2585} INFO - Sync 1 DAGs
[2023-04-30T18:00:43.637+0000] {logging_mixin.py:120} INFO - [2023-04-30T18:00:43.637+0000] {dag.py:3340} INFO - Setting next_dagrun for example_branch_labels to 2023-04-29T00:00:00+00:00, run_after=2023-04-30T00:00:00+00:00
[2023-04-30T18:00:43.660+0000] {processor.py:176} INFO - Processing /home/airflow/.local/lib/python3.7/site-packages/airflow/example_dags/example_branch_labels.py took 0.106 seconds
[2023-04-30T18:01:14.423+0000] {processor.py:154} INFO - Started process (PID=1540) to work on /home/airflow/.local/lib/python3.7/site-packages/airflow/example_dags/example_branch_labels.py
[2023-04-30T18:01:14.424+0000] {processor.py:756} INFO - Processing file /home/airflow/.local/lib/python3.7/site-packages/airflow/example_dags/example_branch_labels.py for tasks to queue
[2023-04-30T18:01:14.424+0000] {logging_mixin.py:120} INFO - [2023-04-30T18:01:14.424+0000] {dagbag.py:537} INFO - Filling up the DagBag from /home/airflow/.local/lib/python3.7/site-packages/airflow/example_dags/example_branch_labels.py
[2023-04-30T18:01:14.435+0000] {processor.py:766} INFO - DAG(s) dict_keys(['example_branch_labels']) retrieved from /home/airflow/.local/lib/python3.7/site-packages/airflow/example_dags/example_branch_labels.py
[2023-04-30T18:01:14.470+0000] {logging_mixin.py:120} INFO - [2023-04-30T18:01:14.470+0000] {dag.py:2585} INFO - Sync 1 DAGs
[2023-04-30T18:01:14.495+0000] {logging_mixin.py:120} INFO - [2023-04-30T18:01:14.495+0000] {dag.py:3340} INFO - Setting next_dagrun for example_branch_labels to 2023-04-29T00:00:00+00:00, run_after=2023-04-30T00:00:00+00:00
[2023-04-30T18:01:14.517+0000] {processor.py:176} INFO - Processing /home/airflow/.local/lib/python3.7/site-packages/airflow/example_dags/example_branch_labels.py took 0.096 seconds
[2023-04-30T18:01:45.016+0000] {processor.py:154} INFO - Started process (PID=1603) to work on /home/airflow/.local/lib/python3.7/site-packages/airflow/example_dags/example_branch_labels.py
[2023-04-30T18:01:45.017+0000] {processor.py:756} INFO - Processing file /home/airflow/.local/lib/python3.7/site-packages/airflow/example_dags/example_branch_labels.py for tasks to queue
[2023-04-30T18:01:45.018+0000] {logging_mixin.py:120} INFO - [2023-04-30T18:01:45.018+0000] {dagbag.py:537} INFO - Filling up the DagBag from /home/airflow/.local/lib/python3.7/site-packages/airflow/example_dags/example_branch_labels.py
[2023-04-30T18:01:45.031+0000] {processor.py:766} INFO - DAG(s) dict_keys(['example_branch_labels']) retrieved from /home/airflow/.local/lib/python3.7/site-packages/airflow/example_dags/example_branch_labels.py
[2023-04-30T18:01:45.072+0000] {logging_mixin.py:120} INFO - [2023-04-30T18:01:45.071+0000] {dag.py:2585} INFO - Sync 1 DAGs
[2023-04-30T18:01:45.110+0000] {logging_mixin.py:120} INFO - [2023-04-30T18:01:45.109+0000] {dag.py:3340} INFO - Setting next_dagrun for example_branch_labels to 2023-04-29T00:00:00+00:00, run_after=2023-04-30T00:00:00+00:00
[2023-04-30T18:01:45.135+0000] {processor.py:176} INFO - Processing /home/airflow/.local/lib/python3.7/site-packages/airflow/example_dags/example_branch_labels.py took 0.122 seconds
[2023-04-30T18:02:15.437+0000] {processor.py:154} INFO - Started process (PID=1657) to work on /home/airflow/.local/lib/python3.7/site-packages/airflow/example_dags/example_branch_labels.py
[2023-04-30T18:02:15.438+0000] {processor.py:756} INFO - Processing file /home/airflow/.local/lib/python3.7/site-packages/airflow/example_dags/example_branch_labels.py for tasks to queue
[2023-04-30T18:02:15.438+0000] {logging_mixin.py:120} INFO - [2023-04-30T18:02:15.438+0000] {dagbag.py:537} INFO - Filling up the DagBag from /home/airflow/.local/lib/python3.7/site-packages/airflow/example_dags/example_branch_labels.py
[2023-04-30T18:02:15.451+0000] {processor.py:766} INFO - DAG(s) dict_keys(['example_branch_labels']) retrieved from /home/airflow/.local/lib/python3.7/site-packages/airflow/example_dags/example_branch_labels.py
[2023-04-30T18:02:15.486+0000] {logging_mixin.py:120} INFO - [2023-04-30T18:02:15.486+0000] {dag.py:2585} INFO - Sync 1 DAGs
[2023-04-30T18:02:15.513+0000] {logging_mixin.py:120} INFO - [2023-04-30T18:02:15.513+0000] {dag.py:3340} INFO - Setting next_dagrun for example_branch_labels to 2023-04-29T00:00:00+00:00, run_after=2023-04-30T00:00:00+00:00
[2023-04-30T18:02:15.533+0000] {processor.py:176} INFO - Processing /home/airflow/.local/lib/python3.7/site-packages/airflow/example_dags/example_branch_labels.py took 0.098 seconds
[2023-04-30T18:02:45.908+0000] {processor.py:154} INFO - Started process (PID=1720) to work on /home/airflow/.local/lib/python3.7/site-packages/airflow/example_dags/example_branch_labels.py
[2023-04-30T18:02:45.909+0000] {processor.py:756} INFO - Processing file /home/airflow/.local/lib/python3.7/site-packages/airflow/example_dags/example_branch_labels.py for tasks to queue
[2023-04-30T18:02:45.909+0000] {logging_mixin.py:120} INFO - [2023-04-30T18:02:45.909+0000] {dagbag.py:537} INFO - Filling up the DagBag from /home/airflow/.local/lib/python3.7/site-packages/airflow/example_dags/example_branch_labels.py
[2023-04-30T18:02:45.921+0000] {processor.py:766} INFO - DAG(s) dict_keys(['example_branch_labels']) retrieved from /home/airflow/.local/lib/python3.7/site-packages/airflow/example_dags/example_branch_labels.py
[2023-04-30T18:02:45.956+0000] {logging_mixin.py:120} INFO - [2023-04-30T18:02:45.956+0000] {dag.py:2585} INFO - Sync 1 DAGs
[2023-04-30T18:02:45.985+0000] {logging_mixin.py:120} INFO - [2023-04-30T18:02:45.985+0000] {dag.py:3340} INFO - Setting next_dagrun for example_branch_labels to 2023-04-29T00:00:00+00:00, run_after=2023-04-30T00:00:00+00:00
[2023-04-30T18:02:46.006+0000] {processor.py:176} INFO - Processing /home/airflow/.local/lib/python3.7/site-packages/airflow/example_dags/example_branch_labels.py took 0.100 seconds
[2023-04-30T18:03:16.525+0000] {processor.py:154} INFO - Started process (PID=1783) to work on /home/airflow/.local/lib/python3.7/site-packages/airflow/example_dags/example_branch_labels.py
[2023-04-30T18:03:16.526+0000] {processor.py:756} INFO - Processing file /home/airflow/.local/lib/python3.7/site-packages/airflow/example_dags/example_branch_labels.py for tasks to queue
[2023-04-30T18:03:16.527+0000] {logging_mixin.py:120} INFO - [2023-04-30T18:03:16.527+0000] {dagbag.py:537} INFO - Filling up the DagBag from /home/airflow/.local/lib/python3.7/site-packages/airflow/example_dags/example_branch_labels.py
[2023-04-30T18:03:16.538+0000] {processor.py:766} INFO - DAG(s) dict_keys(['example_branch_labels']) retrieved from /home/airflow/.local/lib/python3.7/site-packages/airflow/example_dags/example_branch_labels.py
[2023-04-30T18:03:16.573+0000] {logging_mixin.py:120} INFO - [2023-04-30T18:03:16.573+0000] {dag.py:2585} INFO - Sync 1 DAGs
[2023-04-30T18:03:16.602+0000] {logging_mixin.py:120} INFO - [2023-04-30T18:03:16.602+0000] {dag.py:3340} INFO - Setting next_dagrun for example_branch_labels to 2023-04-29T00:00:00+00:00, run_after=2023-04-30T00:00:00+00:00
[2023-04-30T18:03:16.624+0000] {processor.py:176} INFO - Processing /home/airflow/.local/lib/python3.7/site-packages/airflow/example_dags/example_branch_labels.py took 0.101 seconds
[2023-04-30T18:03:47.051+0000] {processor.py:154} INFO - Started process (PID=1838) to work on /home/airflow/.local/lib/python3.7/site-packages/airflow/example_dags/example_branch_labels.py
[2023-04-30T18:03:47.052+0000] {processor.py:756} INFO - Processing file /home/airflow/.local/lib/python3.7/site-packages/airflow/example_dags/example_branch_labels.py for tasks to queue
[2023-04-30T18:03:47.053+0000] {logging_mixin.py:120} INFO - [2023-04-30T18:03:47.053+0000] {dagbag.py:537} INFO - Filling up the DagBag from /home/airflow/.local/lib/python3.7/site-packages/airflow/example_dags/example_branch_labels.py
[2023-04-30T18:03:47.065+0000] {processor.py:766} INFO - DAG(s) dict_keys(['example_branch_labels']) retrieved from /home/airflow/.local/lib/python3.7/site-packages/airflow/example_dags/example_branch_labels.py
[2023-04-30T18:03:47.099+0000] {logging_mixin.py:120} INFO - [2023-04-30T18:03:47.098+0000] {dag.py:2585} INFO - Sync 1 DAGs
[2023-04-30T18:03:47.129+0000] {logging_mixin.py:120} INFO - [2023-04-30T18:03:47.129+0000] {dag.py:3340} INFO - Setting next_dagrun for example_branch_labels to 2023-04-29T00:00:00+00:00, run_after=2023-04-30T00:00:00+00:00
[2023-04-30T18:03:47.153+0000] {processor.py:176} INFO - Processing /home/airflow/.local/lib/python3.7/site-packages/airflow/example_dags/example_branch_labels.py took 0.104 seconds
[2023-04-30T18:04:17.603+0000] {processor.py:154} INFO - Started process (PID=1901) to work on /home/airflow/.local/lib/python3.7/site-packages/airflow/example_dags/example_branch_labels.py
[2023-04-30T18:04:17.603+0000] {processor.py:756} INFO - Processing file /home/airflow/.local/lib/python3.7/site-packages/airflow/example_dags/example_branch_labels.py for tasks to queue
[2023-04-30T18:04:17.604+0000] {logging_mixin.py:120} INFO - [2023-04-30T18:04:17.604+0000] {dagbag.py:537} INFO - Filling up the DagBag from /home/airflow/.local/lib/python3.7/site-packages/airflow/example_dags/example_branch_labels.py
[2023-04-30T18:04:17.615+0000] {processor.py:766} INFO - DAG(s) dict_keys(['example_branch_labels']) retrieved from /home/airflow/.local/lib/python3.7/site-packages/airflow/example_dags/example_branch_labels.py
[2023-04-30T18:04:17.660+0000] {logging_mixin.py:120} INFO - [2023-04-30T18:04:17.659+0000] {dag.py:2585} INFO - Sync 1 DAGs
[2023-04-30T18:04:17.688+0000] {logging_mixin.py:120} INFO - [2023-04-30T18:04:17.688+0000] {dag.py:3340} INFO - Setting next_dagrun for example_branch_labels to 2023-04-29T00:00:00+00:00, run_after=2023-04-30T00:00:00+00:00
[2023-04-30T18:04:17.713+0000] {processor.py:176} INFO - Processing /home/airflow/.local/lib/python3.7/site-packages/airflow/example_dags/example_branch_labels.py took 0.112 seconds
[2023-04-30T18:04:48.194+0000] {processor.py:154} INFO - Started process (PID=1965) to work on /home/airflow/.local/lib/python3.7/site-packages/airflow/example_dags/example_branch_labels.py
[2023-04-30T18:04:48.195+0000] {processor.py:756} INFO - Processing file /home/airflow/.local/lib/python3.7/site-packages/airflow/example_dags/example_branch_labels.py for tasks to queue
[2023-04-30T18:04:48.196+0000] {logging_mixin.py:120} INFO - [2023-04-30T18:04:48.196+0000] {dagbag.py:537} INFO - Filling up the DagBag from /home/airflow/.local/lib/python3.7/site-packages/airflow/example_dags/example_branch_labels.py
[2023-04-30T18:04:48.210+0000] {processor.py:766} INFO - DAG(s) dict_keys(['example_branch_labels']) retrieved from /home/airflow/.local/lib/python3.7/site-packages/airflow/example_dags/example_branch_labels.py
[2023-04-30T18:04:48.245+0000] {logging_mixin.py:120} INFO - [2023-04-30T18:04:48.245+0000] {dag.py:2585} INFO - Sync 1 DAGs
[2023-04-30T18:04:48.272+0000] {logging_mixin.py:120} INFO - [2023-04-30T18:04:48.272+0000] {dag.py:3340} INFO - Setting next_dagrun for example_branch_labels to 2023-04-29T00:00:00+00:00, run_after=2023-04-30T00:00:00+00:00
[2023-04-30T18:04:48.294+0000] {processor.py:176} INFO - Processing /home/airflow/.local/lib/python3.7/site-packages/airflow/example_dags/example_branch_labels.py took 0.102 seconds
[2023-04-30T18:05:18.875+0000] {processor.py:154} INFO - Started process (PID=2019) to work on /home/airflow/.local/lib/python3.7/site-packages/airflow/example_dags/example_branch_labels.py
[2023-04-30T18:05:18.876+0000] {processor.py:756} INFO - Processing file /home/airflow/.local/lib/python3.7/site-packages/airflow/example_dags/example_branch_labels.py for tasks to queue
[2023-04-30T18:05:18.876+0000] {logging_mixin.py:120} INFO - [2023-04-30T18:05:18.876+0000] {dagbag.py:537} INFO - Filling up the DagBag from /home/airflow/.local/lib/python3.7/site-packages/airflow/example_dags/example_branch_labels.py
[2023-04-30T18:05:18.888+0000] {processor.py:766} INFO - DAG(s) dict_keys(['example_branch_labels']) retrieved from /home/airflow/.local/lib/python3.7/site-packages/airflow/example_dags/example_branch_labels.py
[2023-04-30T18:05:18.924+0000] {logging_mixin.py:120} INFO - [2023-04-30T18:05:18.923+0000] {dag.py:2585} INFO - Sync 1 DAGs
[2023-04-30T18:05:18.950+0000] {logging_mixin.py:120} INFO - [2023-04-30T18:05:18.950+0000] {dag.py:3340} INFO - Setting next_dagrun for example_branch_labels to 2023-04-29T00:00:00+00:00, run_after=2023-04-30T00:00:00+00:00
[2023-04-30T18:05:18.973+0000] {processor.py:176} INFO - Processing /home/airflow/.local/lib/python3.7/site-packages/airflow/example_dags/example_branch_labels.py took 0.100 seconds
[2023-04-30T18:05:49.450+0000] {processor.py:154} INFO - Started process (PID=2083) to work on /home/airflow/.local/lib/python3.7/site-packages/airflow/example_dags/example_branch_labels.py
[2023-04-30T18:05:49.452+0000] {processor.py:756} INFO - Processing file /home/airflow/.local/lib/python3.7/site-packages/airflow/example_dags/example_branch_labels.py for tasks to queue
[2023-04-30T18:05:49.452+0000] {logging_mixin.py:120} INFO - [2023-04-30T18:05:49.452+0000] {dagbag.py:537} INFO - Filling up the DagBag from /home/airflow/.local/lib/python3.7/site-packages/airflow/example_dags/example_branch_labels.py
[2023-04-30T18:05:49.464+0000] {processor.py:766} INFO - DAG(s) dict_keys(['example_branch_labels']) retrieved from /home/airflow/.local/lib/python3.7/site-packages/airflow/example_dags/example_branch_labels.py
[2023-04-30T18:05:49.504+0000] {logging_mixin.py:120} INFO - [2023-04-30T18:05:49.503+0000] {dag.py:2585} INFO - Sync 1 DAGs
[2023-04-30T18:05:49.533+0000] {logging_mixin.py:120} INFO - [2023-04-30T18:05:49.533+0000] {dag.py:3340} INFO - Setting next_dagrun for example_branch_labels to 2023-04-29T00:00:00+00:00, run_after=2023-04-30T00:00:00+00:00
[2023-04-30T18:05:49.557+0000] {processor.py:176} INFO - Processing /home/airflow/.local/lib/python3.7/site-packages/airflow/example_dags/example_branch_labels.py took 0.109 seconds
[2023-04-30T18:06:19.941+0000] {processor.py:154} INFO - Started process (PID=2146) to work on /home/airflow/.local/lib/python3.7/site-packages/airflow/example_dags/example_branch_labels.py
[2023-04-30T18:06:19.942+0000] {processor.py:756} INFO - Processing file /home/airflow/.local/lib/python3.7/site-packages/airflow/example_dags/example_branch_labels.py for tasks to queue
[2023-04-30T18:06:19.942+0000] {logging_mixin.py:120} INFO - [2023-04-30T18:06:19.942+0000] {dagbag.py:537} INFO - Filling up the DagBag from /home/airflow/.local/lib/python3.7/site-packages/airflow/example_dags/example_branch_labels.py
[2023-04-30T18:06:19.955+0000] {processor.py:766} INFO - DAG(s) dict_keys(['example_branch_labels']) retrieved from /home/airflow/.local/lib/python3.7/site-packages/airflow/example_dags/example_branch_labels.py
[2023-04-30T18:06:19.990+0000] {logging_mixin.py:120} INFO - [2023-04-30T18:06:19.989+0000] {dag.py:2585} INFO - Sync 1 DAGs
[2023-04-30T18:06:20.020+0000] {logging_mixin.py:120} INFO - [2023-04-30T18:06:20.020+0000] {dag.py:3340} INFO - Setting next_dagrun for example_branch_labels to 2023-04-29T00:00:00+00:00, run_after=2023-04-30T00:00:00+00:00
[2023-04-30T18:06:20.044+0000] {processor.py:176} INFO - Processing /home/airflow/.local/lib/python3.7/site-packages/airflow/example_dags/example_branch_labels.py took 0.105 seconds
[2023-04-30T18:06:50.458+0000] {processor.py:154} INFO - Started process (PID=2209) to work on /home/airflow/.local/lib/python3.7/site-packages/airflow/example_dags/example_branch_labels.py
[2023-04-30T18:06:50.460+0000] {processor.py:756} INFO - Processing file /home/airflow/.local/lib/python3.7/site-packages/airflow/example_dags/example_branch_labels.py for tasks to queue
[2023-04-30T18:06:50.460+0000] {logging_mixin.py:120} INFO - [2023-04-30T18:06:50.460+0000] {dagbag.py:537} INFO - Filling up the DagBag from /home/airflow/.local/lib/python3.7/site-packages/airflow/example_dags/example_branch_labels.py
[2023-04-30T18:06:50.474+0000] {processor.py:766} INFO - DAG(s) dict_keys(['example_branch_labels']) retrieved from /home/airflow/.local/lib/python3.7/site-packages/airflow/example_dags/example_branch_labels.py
[2023-04-30T18:06:50.518+0000] {logging_mixin.py:120} INFO - [2023-04-30T18:06:50.517+0000] {dag.py:2585} INFO - Sync 1 DAGs
[2023-04-30T18:06:50.547+0000] {logging_mixin.py:120} INFO - [2023-04-30T18:06:50.547+0000] {dag.py:3340} INFO - Setting next_dagrun for example_branch_labels to 2023-04-29T00:00:00+00:00, run_after=2023-04-30T00:00:00+00:00
[2023-04-30T18:06:50.570+0000] {processor.py:176} INFO - Processing /home/airflow/.local/lib/python3.7/site-packages/airflow/example_dags/example_branch_labels.py took 0.114 seconds
[2023-04-30T18:07:21.027+0000] {processor.py:154} INFO - Started process (PID=2263) to work on /home/airflow/.local/lib/python3.7/site-packages/airflow/example_dags/example_branch_labels.py
[2023-04-30T18:07:21.028+0000] {processor.py:756} INFO - Processing file /home/airflow/.local/lib/python3.7/site-packages/airflow/example_dags/example_branch_labels.py for tasks to queue
[2023-04-30T18:07:21.029+0000] {logging_mixin.py:120} INFO - [2023-04-30T18:07:21.029+0000] {dagbag.py:537} INFO - Filling up the DagBag from /home/airflow/.local/lib/python3.7/site-packages/airflow/example_dags/example_branch_labels.py
[2023-04-30T18:07:21.039+0000] {processor.py:766} INFO - DAG(s) dict_keys(['example_branch_labels']) retrieved from /home/airflow/.local/lib/python3.7/site-packages/airflow/example_dags/example_branch_labels.py
[2023-04-30T18:07:21.075+0000] {logging_mixin.py:120} INFO - [2023-04-30T18:07:21.075+0000] {dag.py:2585} INFO - Sync 1 DAGs
[2023-04-30T18:07:21.106+0000] {logging_mixin.py:120} INFO - [2023-04-30T18:07:21.106+0000] {dag.py:3340} INFO - Setting next_dagrun for example_branch_labels to 2023-04-29T00:00:00+00:00, run_after=2023-04-30T00:00:00+00:00
[2023-04-30T18:07:21.130+0000] {processor.py:176} INFO - Processing /home/airflow/.local/lib/python3.7/site-packages/airflow/example_dags/example_branch_labels.py took 0.105 seconds
[2023-04-30T18:07:51.514+0000] {processor.py:154} INFO - Started process (PID=2326) to work on /home/airflow/.local/lib/python3.7/site-packages/airflow/example_dags/example_branch_labels.py
[2023-04-30T18:07:51.515+0000] {processor.py:756} INFO - Processing file /home/airflow/.local/lib/python3.7/site-packages/airflow/example_dags/example_branch_labels.py for tasks to queue
[2023-04-30T18:07:51.515+0000] {logging_mixin.py:120} INFO - [2023-04-30T18:07:51.515+0000] {dagbag.py:537} INFO - Filling up the DagBag from /home/airflow/.local/lib/python3.7/site-packages/airflow/example_dags/example_branch_labels.py
[2023-04-30T18:07:51.527+0000] {processor.py:766} INFO - DAG(s) dict_keys(['example_branch_labels']) retrieved from /home/airflow/.local/lib/python3.7/site-packages/airflow/example_dags/example_branch_labels.py
[2023-04-30T18:07:51.560+0000] {logging_mixin.py:120} INFO - [2023-04-30T18:07:51.560+0000] {dag.py:2585} INFO - Sync 1 DAGs
[2023-04-30T18:07:51.587+0000] {logging_mixin.py:120} INFO - [2023-04-30T18:07:51.587+0000] {dag.py:3340} INFO - Setting next_dagrun for example_branch_labels to 2023-04-29T00:00:00+00:00, run_after=2023-04-30T00:00:00+00:00
[2023-04-30T18:07:51.610+0000] {processor.py:176} INFO - Processing /home/airflow/.local/lib/python3.7/site-packages/airflow/example_dags/example_branch_labels.py took 0.098 seconds
[2023-04-30T18:08:22.045+0000] {processor.py:154} INFO - Started process (PID=2389) to work on /home/airflow/.local/lib/python3.7/site-packages/airflow/example_dags/example_branch_labels.py
[2023-04-30T18:08:22.046+0000] {processor.py:756} INFO - Processing file /home/airflow/.local/lib/python3.7/site-packages/airflow/example_dags/example_branch_labels.py for tasks to queue
[2023-04-30T18:08:22.046+0000] {logging_mixin.py:120} INFO - [2023-04-30T18:08:22.046+0000] {dagbag.py:537} INFO - Filling up the DagBag from /home/airflow/.local/lib/python3.7/site-packages/airflow/example_dags/example_branch_labels.py
[2023-04-30T18:08:22.057+0000] {processor.py:766} INFO - DAG(s) dict_keys(['example_branch_labels']) retrieved from /home/airflow/.local/lib/python3.7/site-packages/airflow/example_dags/example_branch_labels.py
[2023-04-30T18:08:22.092+0000] {logging_mixin.py:120} INFO - [2023-04-30T18:08:22.092+0000] {dag.py:2585} INFO - Sync 1 DAGs
[2023-04-30T18:08:22.119+0000] {logging_mixin.py:120} INFO - [2023-04-30T18:08:22.119+0000] {dag.py:3340} INFO - Setting next_dagrun for example_branch_labels to 2023-04-29T00:00:00+00:00, run_after=2023-04-30T00:00:00+00:00
[2023-04-30T18:08:22.143+0000] {processor.py:176} INFO - Processing /home/airflow/.local/lib/python3.7/site-packages/airflow/example_dags/example_branch_labels.py took 0.099 seconds
[2023-04-30T18:08:52.589+0000] {processor.py:154} INFO - Started process (PID=2443) to work on /home/airflow/.local/lib/python3.7/site-packages/airflow/example_dags/example_branch_labels.py
[2023-04-30T18:08:52.590+0000] {processor.py:756} INFO - Processing file /home/airflow/.local/lib/python3.7/site-packages/airflow/example_dags/example_branch_labels.py for tasks to queue
[2023-04-30T18:08:52.591+0000] {logging_mixin.py:120} INFO - [2023-04-30T18:08:52.591+0000] {dagbag.py:537} INFO - Filling up the DagBag from /home/airflow/.local/lib/python3.7/site-packages/airflow/example_dags/example_branch_labels.py
[2023-04-30T18:08:52.602+0000] {processor.py:766} INFO - DAG(s) dict_keys(['example_branch_labels']) retrieved from /home/airflow/.local/lib/python3.7/site-packages/airflow/example_dags/example_branch_labels.py
[2023-04-30T18:08:52.638+0000] {logging_mixin.py:120} INFO - [2023-04-30T18:08:52.638+0000] {dag.py:2585} INFO - Sync 1 DAGs
[2023-04-30T18:08:52.664+0000] {logging_mixin.py:120} INFO - [2023-04-30T18:08:52.663+0000] {dag.py:3340} INFO - Setting next_dagrun for example_branch_labels to 2023-04-29T00:00:00+00:00, run_after=2023-04-30T00:00:00+00:00
[2023-04-30T18:08:52.687+0000] {processor.py:176} INFO - Processing /home/airflow/.local/lib/python3.7/site-packages/airflow/example_dags/example_branch_labels.py took 0.100 seconds
[2023-04-30T18:09:23.312+0000] {processor.py:154} INFO - Started process (PID=2506) to work on /home/airflow/.local/lib/python3.7/site-packages/airflow/example_dags/example_branch_labels.py
[2023-04-30T18:09:23.312+0000] {processor.py:756} INFO - Processing file /home/airflow/.local/lib/python3.7/site-packages/airflow/example_dags/example_branch_labels.py for tasks to queue
[2023-04-30T18:09:23.313+0000] {logging_mixin.py:120} INFO - [2023-04-30T18:09:23.313+0000] {dagbag.py:537} INFO - Filling up the DagBag from /home/airflow/.local/lib/python3.7/site-packages/airflow/example_dags/example_branch_labels.py
[2023-04-30T18:09:23.325+0000] {processor.py:766} INFO - DAG(s) dict_keys(['example_branch_labels']) retrieved from /home/airflow/.local/lib/python3.7/site-packages/airflow/example_dags/example_branch_labels.py
[2023-04-30T18:09:23.361+0000] {logging_mixin.py:120} INFO - [2023-04-30T18:09:23.361+0000] {dag.py:2585} INFO - Sync 1 DAGs
[2023-04-30T18:09:23.387+0000] {logging_mixin.py:120} INFO - [2023-04-30T18:09:23.387+0000] {dag.py:3340} INFO - Setting next_dagrun for example_branch_labels to 2023-04-29T00:00:00+00:00, run_after=2023-04-30T00:00:00+00:00
[2023-04-30T18:09:23.410+0000] {processor.py:176} INFO - Processing /home/airflow/.local/lib/python3.7/site-packages/airflow/example_dags/example_branch_labels.py took 0.101 seconds
[2023-04-30T18:09:53.932+0000] {processor.py:154} INFO - Started process (PID=2569) to work on /home/airflow/.local/lib/python3.7/site-packages/airflow/example_dags/example_branch_labels.py
[2023-04-30T18:09:53.933+0000] {processor.py:756} INFO - Processing file /home/airflow/.local/lib/python3.7/site-packages/airflow/example_dags/example_branch_labels.py for tasks to queue
[2023-04-30T18:09:53.934+0000] {logging_mixin.py:120} INFO - [2023-04-30T18:09:53.934+0000] {dagbag.py:537} INFO - Filling up the DagBag from /home/airflow/.local/lib/python3.7/site-packages/airflow/example_dags/example_branch_labels.py
[2023-04-30T18:09:53.945+0000] {processor.py:766} INFO - DAG(s) dict_keys(['example_branch_labels']) retrieved from /home/airflow/.local/lib/python3.7/site-packages/airflow/example_dags/example_branch_labels.py
[2023-04-30T18:09:53.979+0000] {logging_mixin.py:120} INFO - [2023-04-30T18:09:53.979+0000] {dag.py:2585} INFO - Sync 1 DAGs
[2023-04-30T18:09:54.005+0000] {logging_mixin.py:120} INFO - [2023-04-30T18:09:54.005+0000] {dag.py:3340} INFO - Setting next_dagrun for example_branch_labels to 2023-04-29T00:00:00+00:00, run_after=2023-04-30T00:00:00+00:00
[2023-04-30T18:09:54.029+0000] {processor.py:176} INFO - Processing /home/airflow/.local/lib/python3.7/site-packages/airflow/example_dags/example_branch_labels.py took 0.099 seconds
[2023-04-30T18:10:24.416+0000] {processor.py:154} INFO - Started process (PID=2623) to work on /home/airflow/.local/lib/python3.7/site-packages/airflow/example_dags/example_branch_labels.py
[2023-04-30T18:10:24.416+0000] {processor.py:756} INFO - Processing file /home/airflow/.local/lib/python3.7/site-packages/airflow/example_dags/example_branch_labels.py for tasks to queue
[2023-04-30T18:10:24.417+0000] {logging_mixin.py:120} INFO - [2023-04-30T18:10:24.417+0000] {dagbag.py:537} INFO - Filling up the DagBag from /home/airflow/.local/lib/python3.7/site-packages/airflow/example_dags/example_branch_labels.py
[2023-04-30T18:10:24.429+0000] {processor.py:766} INFO - DAG(s) dict_keys(['example_branch_labels']) retrieved from /home/airflow/.local/lib/python3.7/site-packages/airflow/example_dags/example_branch_labels.py
[2023-04-30T18:10:24.462+0000] {logging_mixin.py:120} INFO - [2023-04-30T18:10:24.462+0000] {dag.py:2585} INFO - Sync 1 DAGs
[2023-04-30T18:10:24.491+0000] {logging_mixin.py:120} INFO - [2023-04-30T18:10:24.491+0000] {dag.py:3340} INFO - Setting next_dagrun for example_branch_labels to 2023-04-29T00:00:00+00:00, run_after=2023-04-30T00:00:00+00:00
[2023-04-30T18:10:24.513+0000] {processor.py:176} INFO - Processing /home/airflow/.local/lib/python3.7/site-packages/airflow/example_dags/example_branch_labels.py took 0.100 seconds
[2023-04-30T18:10:54.846+0000] {processor.py:154} INFO - Started process (PID=2686) to work on /home/airflow/.local/lib/python3.7/site-packages/airflow/example_dags/example_branch_labels.py
[2023-04-30T18:10:54.847+0000] {processor.py:756} INFO - Processing file /home/airflow/.local/lib/python3.7/site-packages/airflow/example_dags/example_branch_labels.py for tasks to queue
[2023-04-30T18:10:54.848+0000] {logging_mixin.py:120} INFO - [2023-04-30T18:10:54.848+0000] {dagbag.py:537} INFO - Filling up the DagBag from /home/airflow/.local/lib/python3.7/site-packages/airflow/example_dags/example_branch_labels.py
[2023-04-30T18:10:54.860+0000] {processor.py:766} INFO - DAG(s) dict_keys(['example_branch_labels']) retrieved from /home/airflow/.local/lib/python3.7/site-packages/airflow/example_dags/example_branch_labels.py
[2023-04-30T18:10:54.894+0000] {logging_mixin.py:120} INFO - [2023-04-30T18:10:54.894+0000] {dag.py:2585} INFO - Sync 1 DAGs
[2023-04-30T18:10:54.924+0000] {logging_mixin.py:120} INFO - [2023-04-30T18:10:54.924+0000] {dag.py:3340} INFO - Setting next_dagrun for example_branch_labels to 2023-04-29T00:00:00+00:00, run_after=2023-04-30T00:00:00+00:00
[2023-04-30T18:10:54.947+0000] {processor.py:176} INFO - Processing /home/airflow/.local/lib/python3.7/site-packages/airflow/example_dags/example_branch_labels.py took 0.103 seconds
[2023-04-30T18:11:25.355+0000] {processor.py:154} INFO - Started process (PID=2749) to work on /home/airflow/.local/lib/python3.7/site-packages/airflow/example_dags/example_branch_labels.py
[2023-04-30T18:11:25.356+0000] {processor.py:756} INFO - Processing file /home/airflow/.local/lib/python3.7/site-packages/airflow/example_dags/example_branch_labels.py for tasks to queue
[2023-04-30T18:11:25.357+0000] {logging_mixin.py:120} INFO - [2023-04-30T18:11:25.356+0000] {dagbag.py:537} INFO - Filling up the DagBag from /home/airflow/.local/lib/python3.7/site-packages/airflow/example_dags/example_branch_labels.py
[2023-04-30T18:11:25.369+0000] {processor.py:766} INFO - DAG(s) dict_keys(['example_branch_labels']) retrieved from /home/airflow/.local/lib/python3.7/site-packages/airflow/example_dags/example_branch_labels.py
[2023-04-30T18:11:25.403+0000] {logging_mixin.py:120} INFO - [2023-04-30T18:11:25.403+0000] {dag.py:2585} INFO - Sync 1 DAGs
[2023-04-30T18:11:25.430+0000] {logging_mixin.py:120} INFO - [2023-04-30T18:11:25.430+0000] {dag.py:3340} INFO - Setting next_dagrun for example_branch_labels to 2023-04-29T00:00:00+00:00, run_after=2023-04-30T00:00:00+00:00
[2023-04-30T18:11:25.451+0000] {processor.py:176} INFO - Processing /home/airflow/.local/lib/python3.7/site-packages/airflow/example_dags/example_branch_labels.py took 0.098 seconds
[2023-04-30T18:20:46.970+0000] {processor.py:154} INFO - Started process (PID=2832) to work on /home/airflow/.local/lib/python3.7/site-packages/airflow/example_dags/example_branch_labels.py
[2023-04-30T18:20:46.972+0000] {processor.py:756} INFO - Processing file /home/airflow/.local/lib/python3.7/site-packages/airflow/example_dags/example_branch_labels.py for tasks to queue
[2023-04-30T18:20:46.972+0000] {logging_mixin.py:120} INFO - [2023-04-30T18:20:46.972+0000] {dagbag.py:537} INFO - Filling up the DagBag from /home/airflow/.local/lib/python3.7/site-packages/airflow/example_dags/example_branch_labels.py
[2023-04-30T18:20:46.991+0000] {processor.py:766} INFO - DAG(s) dict_keys(['example_branch_labels']) retrieved from /home/airflow/.local/lib/python3.7/site-packages/airflow/example_dags/example_branch_labels.py
[2023-04-30T18:20:47.045+0000] {logging_mixin.py:120} INFO - [2023-04-30T18:20:47.044+0000] {dag.py:2585} INFO - Sync 1 DAGs
[2023-04-30T18:20:47.085+0000] {logging_mixin.py:120} INFO - [2023-04-30T18:20:47.085+0000] {dag.py:3340} INFO - Setting next_dagrun for example_branch_labels to 2023-04-29T00:00:00+00:00, run_after=2023-04-30T00:00:00+00:00
[2023-04-30T18:20:47.120+0000] {processor.py:176} INFO - Processing /home/airflow/.local/lib/python3.7/site-packages/airflow/example_dags/example_branch_labels.py took 0.152 seconds
