[2023-04-30T17:48:57.753+0000] {processor.py:154} INFO - Started process (PID=77) to work on /home/airflow/.local/lib/python3.7/site-packages/airflow/example_dags/example_kubernetes_executor.py
[2023-04-30T17:48:57.754+0000] {processor.py:756} INFO - Processing file /home/airflow/.local/lib/python3.7/site-packages/airflow/example_dags/example_kubernetes_executor.py for tasks to queue
[2023-04-30T17:48:57.755+0000] {logging_mixin.py:120} INFO - [2023-04-30T17:48:57.755+0000] {dagbag.py:537} INFO - Filling up the DagBag from /home/airflow/.local/lib/python3.7/site-packages/airflow/example_dags/example_kubernetes_executor.py
[2023-04-30T17:48:57.799+0000] {processor.py:766} INFO - DAG(s) dict_keys(['example_kubernetes_executor']) retrieved from /home/airflow/.local/lib/python3.7/site-packages/airflow/example_dags/example_kubernetes_executor.py
[2023-04-30T17:48:58.034+0000] {logging_mixin.py:120} INFO - [2023-04-30T17:48:58.033+0000] {manager.py:507} INFO - Created Permission View: can read on DAG:example_kubernetes_executor
[2023-04-30T17:48:58.052+0000] {logging_mixin.py:120} INFO - [2023-04-30T17:48:58.051+0000] {manager.py:507} INFO - Created Permission View: can edit on DAG:example_kubernetes_executor
[2023-04-30T17:48:58.067+0000] {logging_mixin.py:120} INFO - [2023-04-30T17:48:58.067+0000] {manager.py:507} INFO - Created Permission View: can delete on DAG:example_kubernetes_executor
[2023-04-30T17:48:58.068+0000] {logging_mixin.py:120} INFO - [2023-04-30T17:48:58.067+0000] {dag.py:2585} INFO - Sync 1 DAGs
[2023-04-30T17:48:58.090+0000] {logging_mixin.py:120} INFO - [2023-04-30T17:48:58.090+0000] {dag.py:2606} INFO - Creating ORM DAG for example_kubernetes_executor
[2023-04-30T17:48:58.106+0000] {logging_mixin.py:120} INFO - [2023-04-30T17:48:58.106+0000] {dag.py:3340} INFO - Setting next_dagrun for example_kubernetes_executor to None, run_after=None
[2023-04-30T17:48:58.139+0000] {processor.py:176} INFO - Processing /home/airflow/.local/lib/python3.7/site-packages/airflow/example_dags/example_kubernetes_executor.py took 0.390 seconds
[2023-04-30T17:49:28.643+0000] {processor.py:154} INFO - Started process (PID=140) to work on /home/airflow/.local/lib/python3.7/site-packages/airflow/example_dags/example_kubernetes_executor.py
[2023-04-30T17:49:28.644+0000] {processor.py:756} INFO - Processing file /home/airflow/.local/lib/python3.7/site-packages/airflow/example_dags/example_kubernetes_executor.py for tasks to queue
[2023-04-30T17:49:28.645+0000] {logging_mixin.py:120} INFO - [2023-04-30T17:49:28.645+0000] {dagbag.py:537} INFO - Filling up the DagBag from /home/airflow/.local/lib/python3.7/site-packages/airflow/example_dags/example_kubernetes_executor.py
[2023-04-30T17:49:28.668+0000] {processor.py:766} INFO - DAG(s) dict_keys(['example_kubernetes_executor']) retrieved from /home/airflow/.local/lib/python3.7/site-packages/airflow/example_dags/example_kubernetes_executor.py
[2023-04-30T17:49:28.703+0000] {logging_mixin.py:120} INFO - [2023-04-30T17:49:28.703+0000] {dag.py:2585} INFO - Sync 1 DAGs
[2023-04-30T17:49:28.726+0000] {logging_mixin.py:120} INFO - [2023-04-30T17:49:28.726+0000] {dag.py:3340} INFO - Setting next_dagrun for example_kubernetes_executor to None, run_after=None
[2023-04-30T17:49:28.751+0000] {processor.py:176} INFO - Processing /home/airflow/.local/lib/python3.7/site-packages/airflow/example_dags/example_kubernetes_executor.py took 0.110 seconds
[2023-04-30T17:49:59.247+0000] {processor.py:154} INFO - Started process (PID=204) to work on /home/airflow/.local/lib/python3.7/site-packages/airflow/example_dags/example_kubernetes_executor.py
[2023-04-30T17:49:59.248+0000] {processor.py:756} INFO - Processing file /home/airflow/.local/lib/python3.7/site-packages/airflow/example_dags/example_kubernetes_executor.py for tasks to queue
[2023-04-30T17:49:59.249+0000] {logging_mixin.py:120} INFO - [2023-04-30T17:49:59.249+0000] {dagbag.py:537} INFO - Filling up the DagBag from /home/airflow/.local/lib/python3.7/site-packages/airflow/example_dags/example_kubernetes_executor.py
[2023-04-30T17:49:59.272+0000] {processor.py:766} INFO - DAG(s) dict_keys(['example_kubernetes_executor']) retrieved from /home/airflow/.local/lib/python3.7/site-packages/airflow/example_dags/example_kubernetes_executor.py
[2023-04-30T17:49:59.313+0000] {logging_mixin.py:120} INFO - [2023-04-30T17:49:59.312+0000] {dag.py:2585} INFO - Sync 1 DAGs
[2023-04-30T17:49:59.337+0000] {logging_mixin.py:120} INFO - [2023-04-30T17:49:59.337+0000] {dag.py:3340} INFO - Setting next_dagrun for example_kubernetes_executor to None, run_after=None
[2023-04-30T17:49:59.360+0000] {processor.py:176} INFO - Processing /home/airflow/.local/lib/python3.7/site-packages/airflow/example_dags/example_kubernetes_executor.py took 0.115 seconds
[2023-04-30T17:50:29.898+0000] {processor.py:154} INFO - Started process (PID=258) to work on /home/airflow/.local/lib/python3.7/site-packages/airflow/example_dags/example_kubernetes_executor.py
[2023-04-30T17:50:29.899+0000] {processor.py:756} INFO - Processing file /home/airflow/.local/lib/python3.7/site-packages/airflow/example_dags/example_kubernetes_executor.py for tasks to queue
[2023-04-30T17:50:29.899+0000] {logging_mixin.py:120} INFO - [2023-04-30T17:50:29.899+0000] {dagbag.py:537} INFO - Filling up the DagBag from /home/airflow/.local/lib/python3.7/site-packages/airflow/example_dags/example_kubernetes_executor.py
[2023-04-30T17:50:29.926+0000] {processor.py:766} INFO - DAG(s) dict_keys(['example_kubernetes_executor']) retrieved from /home/airflow/.local/lib/python3.7/site-packages/airflow/example_dags/example_kubernetes_executor.py
[2023-04-30T17:50:29.966+0000] {logging_mixin.py:120} INFO - [2023-04-30T17:50:29.965+0000] {dag.py:2585} INFO - Sync 1 DAGs
[2023-04-30T17:50:29.991+0000] {logging_mixin.py:120} INFO - [2023-04-30T17:50:29.991+0000] {dag.py:3340} INFO - Setting next_dagrun for example_kubernetes_executor to None, run_after=None
[2023-04-30T17:50:30.016+0000] {processor.py:176} INFO - Processing /home/airflow/.local/lib/python3.7/site-packages/airflow/example_dags/example_kubernetes_executor.py took 0.120 seconds
[2023-04-30T17:51:00.726+0000] {processor.py:154} INFO - Started process (PID=321) to work on /home/airflow/.local/lib/python3.7/site-packages/airflow/example_dags/example_kubernetes_executor.py
[2023-04-30T17:51:00.728+0000] {processor.py:756} INFO - Processing file /home/airflow/.local/lib/python3.7/site-packages/airflow/example_dags/example_kubernetes_executor.py for tasks to queue
[2023-04-30T17:51:00.728+0000] {logging_mixin.py:120} INFO - [2023-04-30T17:51:00.728+0000] {dagbag.py:537} INFO - Filling up the DagBag from /home/airflow/.local/lib/python3.7/site-packages/airflow/example_dags/example_kubernetes_executor.py
[2023-04-30T17:51:00.754+0000] {processor.py:766} INFO - DAG(s) dict_keys(['example_kubernetes_executor']) retrieved from /home/airflow/.local/lib/python3.7/site-packages/airflow/example_dags/example_kubernetes_executor.py
[2023-04-30T17:51:00.795+0000] {logging_mixin.py:120} INFO - [2023-04-30T17:51:00.795+0000] {dag.py:2585} INFO - Sync 1 DAGs
[2023-04-30T17:51:00.823+0000] {logging_mixin.py:120} INFO - [2023-04-30T17:51:00.823+0000] {dag.py:3340} INFO - Setting next_dagrun for example_kubernetes_executor to None, run_after=None
[2023-04-30T17:51:00.847+0000] {processor.py:176} INFO - Processing /home/airflow/.local/lib/python3.7/site-packages/airflow/example_dags/example_kubernetes_executor.py took 0.123 seconds
[2023-04-30T17:51:31.527+0000] {processor.py:154} INFO - Started process (PID=384) to work on /home/airflow/.local/lib/python3.7/site-packages/airflow/example_dags/example_kubernetes_executor.py
[2023-04-30T17:51:31.528+0000] {processor.py:756} INFO - Processing file /home/airflow/.local/lib/python3.7/site-packages/airflow/example_dags/example_kubernetes_executor.py for tasks to queue
[2023-04-30T17:51:31.529+0000] {logging_mixin.py:120} INFO - [2023-04-30T17:51:31.529+0000] {dagbag.py:537} INFO - Filling up the DagBag from /home/airflow/.local/lib/python3.7/site-packages/airflow/example_dags/example_kubernetes_executor.py
[2023-04-30T17:51:31.556+0000] {processor.py:766} INFO - DAG(s) dict_keys(['example_kubernetes_executor']) retrieved from /home/airflow/.local/lib/python3.7/site-packages/airflow/example_dags/example_kubernetes_executor.py
[2023-04-30T17:51:31.608+0000] {logging_mixin.py:120} INFO - [2023-04-30T17:51:31.608+0000] {dag.py:2585} INFO - Sync 1 DAGs
[2023-04-30T17:51:31.640+0000] {logging_mixin.py:120} INFO - [2023-04-30T17:51:31.640+0000] {dag.py:3340} INFO - Setting next_dagrun for example_kubernetes_executor to None, run_after=None
[2023-04-30T17:51:31.667+0000] {processor.py:176} INFO - Processing /home/airflow/.local/lib/python3.7/site-packages/airflow/example_dags/example_kubernetes_executor.py took 0.142 seconds
[2023-04-30T17:52:02.181+0000] {processor.py:154} INFO - Started process (PID=438) to work on /home/airflow/.local/lib/python3.7/site-packages/airflow/example_dags/example_kubernetes_executor.py
[2023-04-30T17:52:02.182+0000] {processor.py:756} INFO - Processing file /home/airflow/.local/lib/python3.7/site-packages/airflow/example_dags/example_kubernetes_executor.py for tasks to queue
[2023-04-30T17:52:02.183+0000] {logging_mixin.py:120} INFO - [2023-04-30T17:52:02.183+0000] {dagbag.py:537} INFO - Filling up the DagBag from /home/airflow/.local/lib/python3.7/site-packages/airflow/example_dags/example_kubernetes_executor.py
[2023-04-30T17:52:02.211+0000] {processor.py:766} INFO - DAG(s) dict_keys(['example_kubernetes_executor']) retrieved from /home/airflow/.local/lib/python3.7/site-packages/airflow/example_dags/example_kubernetes_executor.py
[2023-04-30T17:52:02.252+0000] {logging_mixin.py:120} INFO - [2023-04-30T17:52:02.252+0000] {dag.py:2585} INFO - Sync 1 DAGs
[2023-04-30T17:52:02.277+0000] {logging_mixin.py:120} INFO - [2023-04-30T17:52:02.277+0000] {dag.py:3340} INFO - Setting next_dagrun for example_kubernetes_executor to None, run_after=None
[2023-04-30T17:52:02.302+0000] {processor.py:176} INFO - Processing /home/airflow/.local/lib/python3.7/site-packages/airflow/example_dags/example_kubernetes_executor.py took 0.123 seconds
[2023-04-30T17:52:32.967+0000] {processor.py:154} INFO - Started process (PID=501) to work on /home/airflow/.local/lib/python3.7/site-packages/airflow/example_dags/example_kubernetes_executor.py
[2023-04-30T17:52:32.968+0000] {processor.py:756} INFO - Processing file /home/airflow/.local/lib/python3.7/site-packages/airflow/example_dags/example_kubernetes_executor.py for tasks to queue
[2023-04-30T17:52:32.968+0000] {logging_mixin.py:120} INFO - [2023-04-30T17:52:32.968+0000] {dagbag.py:537} INFO - Filling up the DagBag from /home/airflow/.local/lib/python3.7/site-packages/airflow/example_dags/example_kubernetes_executor.py
[2023-04-30T17:52:32.991+0000] {processor.py:766} INFO - DAG(s) dict_keys(['example_kubernetes_executor']) retrieved from /home/airflow/.local/lib/python3.7/site-packages/airflow/example_dags/example_kubernetes_executor.py
[2023-04-30T17:52:33.031+0000] {logging_mixin.py:120} INFO - [2023-04-30T17:52:33.030+0000] {dag.py:2585} INFO - Sync 1 DAGs
[2023-04-30T17:52:33.058+0000] {logging_mixin.py:120} INFO - [2023-04-30T17:52:33.058+0000] {dag.py:3340} INFO - Setting next_dagrun for example_kubernetes_executor to None, run_after=None
[2023-04-30T17:52:33.083+0000] {processor.py:176} INFO - Processing /home/airflow/.local/lib/python3.7/site-packages/airflow/example_dags/example_kubernetes_executor.py took 0.118 seconds
[2023-04-30T17:53:03.559+0000] {processor.py:154} INFO - Started process (PID=564) to work on /home/airflow/.local/lib/python3.7/site-packages/airflow/example_dags/example_kubernetes_executor.py
[2023-04-30T17:53:03.560+0000] {processor.py:756} INFO - Processing file /home/airflow/.local/lib/python3.7/site-packages/airflow/example_dags/example_kubernetes_executor.py for tasks to queue
[2023-04-30T17:53:03.561+0000] {logging_mixin.py:120} INFO - [2023-04-30T17:53:03.561+0000] {dagbag.py:537} INFO - Filling up the DagBag from /home/airflow/.local/lib/python3.7/site-packages/airflow/example_dags/example_kubernetes_executor.py
[2023-04-30T17:53:03.597+0000] {processor.py:766} INFO - DAG(s) dict_keys(['example_kubernetes_executor']) retrieved from /home/airflow/.local/lib/python3.7/site-packages/airflow/example_dags/example_kubernetes_executor.py
[2023-04-30T17:53:03.641+0000] {logging_mixin.py:120} INFO - [2023-04-30T17:53:03.641+0000] {dag.py:2585} INFO - Sync 1 DAGs
[2023-04-30T17:53:03.670+0000] {logging_mixin.py:120} INFO - [2023-04-30T17:53:03.670+0000] {dag.py:3340} INFO - Setting next_dagrun for example_kubernetes_executor to None, run_after=None
[2023-04-30T17:53:03.701+0000] {processor.py:176} INFO - Processing /home/airflow/.local/lib/python3.7/site-packages/airflow/example_dags/example_kubernetes_executor.py took 0.144 seconds
[2023-04-30T17:53:34.201+0000] {processor.py:154} INFO - Started process (PID=618) to work on /home/airflow/.local/lib/python3.7/site-packages/airflow/example_dags/example_kubernetes_executor.py
[2023-04-30T17:53:34.202+0000] {processor.py:756} INFO - Processing file /home/airflow/.local/lib/python3.7/site-packages/airflow/example_dags/example_kubernetes_executor.py for tasks to queue
[2023-04-30T17:53:34.203+0000] {logging_mixin.py:120} INFO - [2023-04-30T17:53:34.203+0000] {dagbag.py:537} INFO - Filling up the DagBag from /home/airflow/.local/lib/python3.7/site-packages/airflow/example_dags/example_kubernetes_executor.py
[2023-04-30T17:53:34.232+0000] {processor.py:766} INFO - DAG(s) dict_keys(['example_kubernetes_executor']) retrieved from /home/airflow/.local/lib/python3.7/site-packages/airflow/example_dags/example_kubernetes_executor.py
[2023-04-30T17:53:34.267+0000] {logging_mixin.py:120} INFO - [2023-04-30T17:53:34.267+0000] {dag.py:2585} INFO - Sync 1 DAGs
[2023-04-30T17:53:34.294+0000] {logging_mixin.py:120} INFO - [2023-04-30T17:53:34.294+0000] {dag.py:3340} INFO - Setting next_dagrun for example_kubernetes_executor to None, run_after=None
[2023-04-30T17:53:34.316+0000] {processor.py:176} INFO - Processing /home/airflow/.local/lib/python3.7/site-packages/airflow/example_dags/example_kubernetes_executor.py took 0.117 seconds
[2023-04-30T17:54:04.717+0000] {processor.py:154} INFO - Started process (PID=681) to work on /home/airflow/.local/lib/python3.7/site-packages/airflow/example_dags/example_kubernetes_executor.py
[2023-04-30T17:54:04.717+0000] {processor.py:756} INFO - Processing file /home/airflow/.local/lib/python3.7/site-packages/airflow/example_dags/example_kubernetes_executor.py for tasks to queue
[2023-04-30T17:54:04.718+0000] {logging_mixin.py:120} INFO - [2023-04-30T17:54:04.718+0000] {dagbag.py:537} INFO - Filling up the DagBag from /home/airflow/.local/lib/python3.7/site-packages/airflow/example_dags/example_kubernetes_executor.py
[2023-04-30T17:54:04.741+0000] {processor.py:766} INFO - DAG(s) dict_keys(['example_kubernetes_executor']) retrieved from /home/airflow/.local/lib/python3.7/site-packages/airflow/example_dags/example_kubernetes_executor.py
[2023-04-30T17:54:04.780+0000] {logging_mixin.py:120} INFO - [2023-04-30T17:54:04.780+0000] {dag.py:2585} INFO - Sync 1 DAGs
[2023-04-30T17:54:04.807+0000] {logging_mixin.py:120} INFO - [2023-04-30T17:54:04.806+0000] {dag.py:3340} INFO - Setting next_dagrun for example_kubernetes_executor to None, run_after=None
[2023-04-30T17:54:04.830+0000] {processor.py:176} INFO - Processing /home/airflow/.local/lib/python3.7/site-packages/airflow/example_dags/example_kubernetes_executor.py took 0.115 seconds
[2023-04-30T17:54:35.416+0000] {processor.py:154} INFO - Started process (PID=744) to work on /home/airflow/.local/lib/python3.7/site-packages/airflow/example_dags/example_kubernetes_executor.py
[2023-04-30T17:54:35.417+0000] {processor.py:756} INFO - Processing file /home/airflow/.local/lib/python3.7/site-packages/airflow/example_dags/example_kubernetes_executor.py for tasks to queue
[2023-04-30T17:54:35.418+0000] {logging_mixin.py:120} INFO - [2023-04-30T17:54:35.417+0000] {dagbag.py:537} INFO - Filling up the DagBag from /home/airflow/.local/lib/python3.7/site-packages/airflow/example_dags/example_kubernetes_executor.py
[2023-04-30T17:54:35.440+0000] {processor.py:766} INFO - DAG(s) dict_keys(['example_kubernetes_executor']) retrieved from /home/airflow/.local/lib/python3.7/site-packages/airflow/example_dags/example_kubernetes_executor.py
[2023-04-30T17:54:35.486+0000] {logging_mixin.py:120} INFO - [2023-04-30T17:54:35.486+0000] {dag.py:2585} INFO - Sync 1 DAGs
[2023-04-30T17:54:35.512+0000] {logging_mixin.py:120} INFO - [2023-04-30T17:54:35.512+0000] {dag.py:3340} INFO - Setting next_dagrun for example_kubernetes_executor to None, run_after=None
[2023-04-30T17:54:35.539+0000] {processor.py:176} INFO - Processing /home/airflow/.local/lib/python3.7/site-packages/airflow/example_dags/example_kubernetes_executor.py took 0.125 seconds
[2023-04-30T17:55:06.105+0000] {processor.py:154} INFO - Started process (PID=808) to work on /home/airflow/.local/lib/python3.7/site-packages/airflow/example_dags/example_kubernetes_executor.py
[2023-04-30T17:55:06.106+0000] {processor.py:756} INFO - Processing file /home/airflow/.local/lib/python3.7/site-packages/airflow/example_dags/example_kubernetes_executor.py for tasks to queue
[2023-04-30T17:55:06.107+0000] {logging_mixin.py:120} INFO - [2023-04-30T17:55:06.107+0000] {dagbag.py:537} INFO - Filling up the DagBag from /home/airflow/.local/lib/python3.7/site-packages/airflow/example_dags/example_kubernetes_executor.py
[2023-04-30T17:55:06.143+0000] {processor.py:766} INFO - DAG(s) dict_keys(['example_kubernetes_executor']) retrieved from /home/airflow/.local/lib/python3.7/site-packages/airflow/example_dags/example_kubernetes_executor.py
[2023-04-30T17:55:06.186+0000] {logging_mixin.py:120} INFO - [2023-04-30T17:55:06.186+0000] {dag.py:2585} INFO - Sync 1 DAGs
[2023-04-30T17:55:06.221+0000] {logging_mixin.py:120} INFO - [2023-04-30T17:55:06.221+0000] {dag.py:3340} INFO - Setting next_dagrun for example_kubernetes_executor to None, run_after=None
[2023-04-30T17:55:06.251+0000] {processor.py:176} INFO - Processing /home/airflow/.local/lib/python3.7/site-packages/airflow/example_dags/example_kubernetes_executor.py took 0.149 seconds
[2023-04-30T17:55:36.890+0000] {processor.py:154} INFO - Started process (PID=862) to work on /home/airflow/.local/lib/python3.7/site-packages/airflow/example_dags/example_kubernetes_executor.py
[2023-04-30T17:55:36.891+0000] {processor.py:756} INFO - Processing file /home/airflow/.local/lib/python3.7/site-packages/airflow/example_dags/example_kubernetes_executor.py for tasks to queue
[2023-04-30T17:55:36.891+0000] {logging_mixin.py:120} INFO - [2023-04-30T17:55:36.891+0000] {dagbag.py:537} INFO - Filling up the DagBag from /home/airflow/.local/lib/python3.7/site-packages/airflow/example_dags/example_kubernetes_executor.py
[2023-04-30T17:55:36.914+0000] {processor.py:766} INFO - DAG(s) dict_keys(['example_kubernetes_executor']) retrieved from /home/airflow/.local/lib/python3.7/site-packages/airflow/example_dags/example_kubernetes_executor.py
[2023-04-30T17:55:36.952+0000] {logging_mixin.py:120} INFO - [2023-04-30T17:55:36.952+0000] {dag.py:2585} INFO - Sync 1 DAGs
[2023-04-30T17:55:36.979+0000] {logging_mixin.py:120} INFO - [2023-04-30T17:55:36.979+0000] {dag.py:3340} INFO - Setting next_dagrun for example_kubernetes_executor to None, run_after=None
[2023-04-30T17:55:37.007+0000] {processor.py:176} INFO - Processing /home/airflow/.local/lib/python3.7/site-packages/airflow/example_dags/example_kubernetes_executor.py took 0.119 seconds
[2023-04-30T17:56:07.393+0000] {processor.py:154} INFO - Started process (PID=925) to work on /home/airflow/.local/lib/python3.7/site-packages/airflow/example_dags/example_kubernetes_executor.py
[2023-04-30T17:56:07.394+0000] {processor.py:756} INFO - Processing file /home/airflow/.local/lib/python3.7/site-packages/airflow/example_dags/example_kubernetes_executor.py for tasks to queue
[2023-04-30T17:56:07.394+0000] {logging_mixin.py:120} INFO - [2023-04-30T17:56:07.394+0000] {dagbag.py:537} INFO - Filling up the DagBag from /home/airflow/.local/lib/python3.7/site-packages/airflow/example_dags/example_kubernetes_executor.py
[2023-04-30T17:56:07.417+0000] {processor.py:766} INFO - DAG(s) dict_keys(['example_kubernetes_executor']) retrieved from /home/airflow/.local/lib/python3.7/site-packages/airflow/example_dags/example_kubernetes_executor.py
[2023-04-30T17:56:07.456+0000] {logging_mixin.py:120} INFO - [2023-04-30T17:56:07.456+0000] {dag.py:2585} INFO - Sync 1 DAGs
[2023-04-30T17:56:07.480+0000] {logging_mixin.py:120} INFO - [2023-04-30T17:56:07.480+0000] {dag.py:3340} INFO - Setting next_dagrun for example_kubernetes_executor to None, run_after=None
[2023-04-30T17:56:07.504+0000] {processor.py:176} INFO - Processing /home/airflow/.local/lib/python3.7/site-packages/airflow/example_dags/example_kubernetes_executor.py took 0.113 seconds
[2023-04-30T17:56:37.993+0000] {processor.py:154} INFO - Started process (PID=989) to work on /home/airflow/.local/lib/python3.7/site-packages/airflow/example_dags/example_kubernetes_executor.py
[2023-04-30T17:56:37.994+0000] {processor.py:756} INFO - Processing file /home/airflow/.local/lib/python3.7/site-packages/airflow/example_dags/example_kubernetes_executor.py for tasks to queue
[2023-04-30T17:56:37.995+0000] {logging_mixin.py:120} INFO - [2023-04-30T17:56:37.994+0000] {dagbag.py:537} INFO - Filling up the DagBag from /home/airflow/.local/lib/python3.7/site-packages/airflow/example_dags/example_kubernetes_executor.py
[2023-04-30T17:56:38.023+0000] {processor.py:766} INFO - DAG(s) dict_keys(['example_kubernetes_executor']) retrieved from /home/airflow/.local/lib/python3.7/site-packages/airflow/example_dags/example_kubernetes_executor.py
[2023-04-30T17:56:38.071+0000] {logging_mixin.py:120} INFO - [2023-04-30T17:56:38.071+0000] {dag.py:2585} INFO - Sync 1 DAGs
[2023-04-30T17:56:38.104+0000] {logging_mixin.py:120} INFO - [2023-04-30T17:56:38.104+0000] {dag.py:3340} INFO - Setting next_dagrun for example_kubernetes_executor to None, run_after=None
[2023-04-30T17:56:38.133+0000] {processor.py:176} INFO - Processing /home/airflow/.local/lib/python3.7/site-packages/airflow/example_dags/example_kubernetes_executor.py took 0.144 seconds
[2023-04-30T17:57:08.654+0000] {processor.py:154} INFO - Started process (PID=1044) to work on /home/airflow/.local/lib/python3.7/site-packages/airflow/example_dags/example_kubernetes_executor.py
[2023-04-30T17:57:08.655+0000] {processor.py:756} INFO - Processing file /home/airflow/.local/lib/python3.7/site-packages/airflow/example_dags/example_kubernetes_executor.py for tasks to queue
[2023-04-30T17:57:08.655+0000] {logging_mixin.py:120} INFO - [2023-04-30T17:57:08.655+0000] {dagbag.py:537} INFO - Filling up the DagBag from /home/airflow/.local/lib/python3.7/site-packages/airflow/example_dags/example_kubernetes_executor.py
[2023-04-30T17:57:08.679+0000] {processor.py:766} INFO - DAG(s) dict_keys(['example_kubernetes_executor']) retrieved from /home/airflow/.local/lib/python3.7/site-packages/airflow/example_dags/example_kubernetes_executor.py
[2023-04-30T17:57:08.717+0000] {logging_mixin.py:120} INFO - [2023-04-30T17:57:08.717+0000] {dag.py:2585} INFO - Sync 1 DAGs
[2023-04-30T17:57:08.743+0000] {logging_mixin.py:120} INFO - [2023-04-30T17:57:08.743+0000] {dag.py:3340} INFO - Setting next_dagrun for example_kubernetes_executor to None, run_after=None
[2023-04-30T17:57:08.769+0000] {processor.py:176} INFO - Processing /home/airflow/.local/lib/python3.7/site-packages/airflow/example_dags/example_kubernetes_executor.py took 0.117 seconds
[2023-04-30T17:57:39.270+0000] {processor.py:154} INFO - Started process (PID=1107) to work on /home/airflow/.local/lib/python3.7/site-packages/airflow/example_dags/example_kubernetes_executor.py
[2023-04-30T17:57:39.270+0000] {processor.py:756} INFO - Processing file /home/airflow/.local/lib/python3.7/site-packages/airflow/example_dags/example_kubernetes_executor.py for tasks to queue
[2023-04-30T17:57:39.271+0000] {logging_mixin.py:120} INFO - [2023-04-30T17:57:39.271+0000] {dagbag.py:537} INFO - Filling up the DagBag from /home/airflow/.local/lib/python3.7/site-packages/airflow/example_dags/example_kubernetes_executor.py
[2023-04-30T17:57:39.300+0000] {processor.py:766} INFO - DAG(s) dict_keys(['example_kubernetes_executor']) retrieved from /home/airflow/.local/lib/python3.7/site-packages/airflow/example_dags/example_kubernetes_executor.py
[2023-04-30T17:57:39.344+0000] {logging_mixin.py:120} INFO - [2023-04-30T17:57:39.343+0000] {dag.py:2585} INFO - Sync 1 DAGs
[2023-04-30T17:57:39.371+0000] {logging_mixin.py:120} INFO - [2023-04-30T17:57:39.371+0000] {dag.py:3340} INFO - Setting next_dagrun for example_kubernetes_executor to None, run_after=None
[2023-04-30T17:57:39.395+0000] {processor.py:176} INFO - Processing /home/airflow/.local/lib/python3.7/site-packages/airflow/example_dags/example_kubernetes_executor.py took 0.127 seconds
[2023-04-30T17:58:09.930+0000] {processor.py:154} INFO - Started process (PID=1177) to work on /home/airflow/.local/lib/python3.7/site-packages/airflow/example_dags/example_kubernetes_executor.py
[2023-04-30T17:58:09.931+0000] {processor.py:756} INFO - Processing file /home/airflow/.local/lib/python3.7/site-packages/airflow/example_dags/example_kubernetes_executor.py for tasks to queue
[2023-04-30T17:58:09.931+0000] {logging_mixin.py:120} INFO - [2023-04-30T17:58:09.931+0000] {dagbag.py:537} INFO - Filling up the DagBag from /home/airflow/.local/lib/python3.7/site-packages/airflow/example_dags/example_kubernetes_executor.py
[2023-04-30T17:58:09.954+0000] {processor.py:766} INFO - DAG(s) dict_keys(['example_kubernetes_executor']) retrieved from /home/airflow/.local/lib/python3.7/site-packages/airflow/example_dags/example_kubernetes_executor.py
[2023-04-30T17:58:09.989+0000] {logging_mixin.py:120} INFO - [2023-04-30T17:58:09.988+0000] {dag.py:2585} INFO - Sync 1 DAGs
[2023-04-30T17:58:10.012+0000] {logging_mixin.py:120} INFO - [2023-04-30T17:58:10.012+0000] {dag.py:3340} INFO - Setting next_dagrun for example_kubernetes_executor to None, run_after=None
[2023-04-30T17:58:10.034+0000] {processor.py:176} INFO - Processing /home/airflow/.local/lib/python3.7/site-packages/airflow/example_dags/example_kubernetes_executor.py took 0.106 seconds
[2023-04-30T17:58:40.665+0000] {processor.py:154} INFO - Started process (PID=1231) to work on /home/airflow/.local/lib/python3.7/site-packages/airflow/example_dags/example_kubernetes_executor.py
[2023-04-30T17:58:40.666+0000] {processor.py:756} INFO - Processing file /home/airflow/.local/lib/python3.7/site-packages/airflow/example_dags/example_kubernetes_executor.py for tasks to queue
[2023-04-30T17:58:40.667+0000] {logging_mixin.py:120} INFO - [2023-04-30T17:58:40.666+0000] {dagbag.py:537} INFO - Filling up the DagBag from /home/airflow/.local/lib/python3.7/site-packages/airflow/example_dags/example_kubernetes_executor.py
[2023-04-30T17:58:40.689+0000] {processor.py:766} INFO - DAG(s) dict_keys(['example_kubernetes_executor']) retrieved from /home/airflow/.local/lib/python3.7/site-packages/airflow/example_dags/example_kubernetes_executor.py
[2023-04-30T17:58:40.727+0000] {logging_mixin.py:120} INFO - [2023-04-30T17:58:40.726+0000] {dag.py:2585} INFO - Sync 1 DAGs
[2023-04-30T17:58:40.753+0000] {logging_mixin.py:120} INFO - [2023-04-30T17:58:40.752+0000] {dag.py:3340} INFO - Setting next_dagrun for example_kubernetes_executor to None, run_after=None
[2023-04-30T17:58:40.777+0000] {processor.py:176} INFO - Processing /home/airflow/.local/lib/python3.7/site-packages/airflow/example_dags/example_kubernetes_executor.py took 0.114 seconds
[2023-04-30T17:59:11.445+0000] {processor.py:154} INFO - Started process (PID=1294) to work on /home/airflow/.local/lib/python3.7/site-packages/airflow/example_dags/example_kubernetes_executor.py
[2023-04-30T17:59:11.446+0000] {processor.py:756} INFO - Processing file /home/airflow/.local/lib/python3.7/site-packages/airflow/example_dags/example_kubernetes_executor.py for tasks to queue
[2023-04-30T17:59:11.447+0000] {logging_mixin.py:120} INFO - [2023-04-30T17:59:11.447+0000] {dagbag.py:537} INFO - Filling up the DagBag from /home/airflow/.local/lib/python3.7/site-packages/airflow/example_dags/example_kubernetes_executor.py
[2023-04-30T17:59:11.470+0000] {processor.py:766} INFO - DAG(s) dict_keys(['example_kubernetes_executor']) retrieved from /home/airflow/.local/lib/python3.7/site-packages/airflow/example_dags/example_kubernetes_executor.py
[2023-04-30T17:59:11.506+0000] {logging_mixin.py:120} INFO - [2023-04-30T17:59:11.506+0000] {dag.py:2585} INFO - Sync 1 DAGs
[2023-04-30T17:59:11.532+0000] {logging_mixin.py:120} INFO - [2023-04-30T17:59:11.531+0000] {dag.py:3340} INFO - Setting next_dagrun for example_kubernetes_executor to None, run_after=None
[2023-04-30T17:59:11.557+0000] {processor.py:176} INFO - Processing /home/airflow/.local/lib/python3.7/site-packages/airflow/example_dags/example_kubernetes_executor.py took 0.114 seconds
[2023-04-30T17:59:42.112+0000] {processor.py:154} INFO - Started process (PID=1357) to work on /home/airflow/.local/lib/python3.7/site-packages/airflow/example_dags/example_kubernetes_executor.py
[2023-04-30T17:59:42.113+0000] {processor.py:756} INFO - Processing file /home/airflow/.local/lib/python3.7/site-packages/airflow/example_dags/example_kubernetes_executor.py for tasks to queue
[2023-04-30T17:59:42.114+0000] {logging_mixin.py:120} INFO - [2023-04-30T17:59:42.114+0000] {dagbag.py:537} INFO - Filling up the DagBag from /home/airflow/.local/lib/python3.7/site-packages/airflow/example_dags/example_kubernetes_executor.py
[2023-04-30T17:59:42.136+0000] {processor.py:766} INFO - DAG(s) dict_keys(['example_kubernetes_executor']) retrieved from /home/airflow/.local/lib/python3.7/site-packages/airflow/example_dags/example_kubernetes_executor.py
[2023-04-30T17:59:42.173+0000] {logging_mixin.py:120} INFO - [2023-04-30T17:59:42.173+0000] {dag.py:2585} INFO - Sync 1 DAGs
[2023-04-30T17:59:42.199+0000] {logging_mixin.py:120} INFO - [2023-04-30T17:59:42.199+0000] {dag.py:3340} INFO - Setting next_dagrun for example_kubernetes_executor to None, run_after=None
[2023-04-30T17:59:42.221+0000] {processor.py:176} INFO - Processing /home/airflow/.local/lib/python3.7/site-packages/airflow/example_dags/example_kubernetes_executor.py took 0.112 seconds
[2023-04-30T18:00:12.887+0000] {processor.py:154} INFO - Started process (PID=1412) to work on /home/airflow/.local/lib/python3.7/site-packages/airflow/example_dags/example_kubernetes_executor.py
[2023-04-30T18:00:12.888+0000] {processor.py:756} INFO - Processing file /home/airflow/.local/lib/python3.7/site-packages/airflow/example_dags/example_kubernetes_executor.py for tasks to queue
[2023-04-30T18:00:12.889+0000] {logging_mixin.py:120} INFO - [2023-04-30T18:00:12.889+0000] {dagbag.py:537} INFO - Filling up the DagBag from /home/airflow/.local/lib/python3.7/site-packages/airflow/example_dags/example_kubernetes_executor.py
[2023-04-30T18:00:12.916+0000] {processor.py:766} INFO - DAG(s) dict_keys(['example_kubernetes_executor']) retrieved from /home/airflow/.local/lib/python3.7/site-packages/airflow/example_dags/example_kubernetes_executor.py
[2023-04-30T18:00:12.970+0000] {logging_mixin.py:120} INFO - [2023-04-30T18:00:12.970+0000] {dag.py:2585} INFO - Sync 1 DAGs
[2023-04-30T18:00:12.996+0000] {logging_mixin.py:120} INFO - [2023-04-30T18:00:12.996+0000] {dag.py:3340} INFO - Setting next_dagrun for example_kubernetes_executor to None, run_after=None
[2023-04-30T18:00:13.021+0000] {processor.py:176} INFO - Processing /home/airflow/.local/lib/python3.7/site-packages/airflow/example_dags/example_kubernetes_executor.py took 0.136 seconds
[2023-04-30T18:00:43.552+0000] {processor.py:154} INFO - Started process (PID=1476) to work on /home/airflow/.local/lib/python3.7/site-packages/airflow/example_dags/example_kubernetes_executor.py
[2023-04-30T18:00:43.553+0000] {processor.py:756} INFO - Processing file /home/airflow/.local/lib/python3.7/site-packages/airflow/example_dags/example_kubernetes_executor.py for tasks to queue
[2023-04-30T18:00:43.553+0000] {logging_mixin.py:120} INFO - [2023-04-30T18:00:43.553+0000] {dagbag.py:537} INFO - Filling up the DagBag from /home/airflow/.local/lib/python3.7/site-packages/airflow/example_dags/example_kubernetes_executor.py
[2023-04-30T18:00:43.576+0000] {processor.py:766} INFO - DAG(s) dict_keys(['example_kubernetes_executor']) retrieved from /home/airflow/.local/lib/python3.7/site-packages/airflow/example_dags/example_kubernetes_executor.py
[2023-04-30T18:00:43.616+0000] {logging_mixin.py:120} INFO - [2023-04-30T18:00:43.616+0000] {dag.py:2585} INFO - Sync 1 DAGs
[2023-04-30T18:00:43.640+0000] {logging_mixin.py:120} INFO - [2023-04-30T18:00:43.640+0000] {dag.py:3340} INFO - Setting next_dagrun for example_kubernetes_executor to None, run_after=None
[2023-04-30T18:00:43.664+0000] {processor.py:176} INFO - Processing /home/airflow/.local/lib/python3.7/site-packages/airflow/example_dags/example_kubernetes_executor.py took 0.114 seconds
[2023-04-30T18:01:14.420+0000] {processor.py:154} INFO - Started process (PID=1539) to work on /home/airflow/.local/lib/python3.7/site-packages/airflow/example_dags/example_kubernetes_executor.py
[2023-04-30T18:01:14.421+0000] {processor.py:756} INFO - Processing file /home/airflow/.local/lib/python3.7/site-packages/airflow/example_dags/example_kubernetes_executor.py for tasks to queue
[2023-04-30T18:01:14.421+0000] {logging_mixin.py:120} INFO - [2023-04-30T18:01:14.421+0000] {dagbag.py:537} INFO - Filling up the DagBag from /home/airflow/.local/lib/python3.7/site-packages/airflow/example_dags/example_kubernetes_executor.py
[2023-04-30T18:01:14.443+0000] {processor.py:766} INFO - DAG(s) dict_keys(['example_kubernetes_executor']) retrieved from /home/airflow/.local/lib/python3.7/site-packages/airflow/example_dags/example_kubernetes_executor.py
[2023-04-30T18:01:14.478+0000] {logging_mixin.py:120} INFO - [2023-04-30T18:01:14.478+0000] {dag.py:2585} INFO - Sync 1 DAGs
[2023-04-30T18:01:14.503+0000] {logging_mixin.py:120} INFO - [2023-04-30T18:01:14.503+0000] {dag.py:3340} INFO - Setting next_dagrun for example_kubernetes_executor to None, run_after=None
[2023-04-30T18:01:14.526+0000] {processor.py:176} INFO - Processing /home/airflow/.local/lib/python3.7/site-packages/airflow/example_dags/example_kubernetes_executor.py took 0.109 seconds
[2023-04-30T18:01:45.012+0000] {processor.py:154} INFO - Started process (PID=1602) to work on /home/airflow/.local/lib/python3.7/site-packages/airflow/example_dags/example_kubernetes_executor.py
[2023-04-30T18:01:45.013+0000] {processor.py:756} INFO - Processing file /home/airflow/.local/lib/python3.7/site-packages/airflow/example_dags/example_kubernetes_executor.py for tasks to queue
[2023-04-30T18:01:45.014+0000] {logging_mixin.py:120} INFO - [2023-04-30T18:01:45.014+0000] {dagbag.py:537} INFO - Filling up the DagBag from /home/airflow/.local/lib/python3.7/site-packages/airflow/example_dags/example_kubernetes_executor.py
[2023-04-30T18:01:45.038+0000] {processor.py:766} INFO - DAG(s) dict_keys(['example_kubernetes_executor']) retrieved from /home/airflow/.local/lib/python3.7/site-packages/airflow/example_dags/example_kubernetes_executor.py
[2023-04-30T18:01:45.081+0000] {logging_mixin.py:120} INFO - [2023-04-30T18:01:45.081+0000] {dag.py:2585} INFO - Sync 1 DAGs
[2023-04-30T18:01:45.106+0000] {logging_mixin.py:120} INFO - [2023-04-30T18:01:45.105+0000] {dag.py:3340} INFO - Setting next_dagrun for example_kubernetes_executor to None, run_after=None
[2023-04-30T18:01:45.134+0000] {processor.py:176} INFO - Processing /home/airflow/.local/lib/python3.7/site-packages/airflow/example_dags/example_kubernetes_executor.py took 0.125 seconds
[2023-04-30T18:02:15.316+0000] {processor.py:154} INFO - Started process (PID=1656) to work on /home/airflow/.local/lib/python3.7/site-packages/airflow/example_dags/example_kubernetes_executor.py
[2023-04-30T18:02:15.317+0000] {processor.py:756} INFO - Processing file /home/airflow/.local/lib/python3.7/site-packages/airflow/example_dags/example_kubernetes_executor.py for tasks to queue
[2023-04-30T18:02:15.318+0000] {logging_mixin.py:120} INFO - [2023-04-30T18:02:15.317+0000] {dagbag.py:537} INFO - Filling up the DagBag from /home/airflow/.local/lib/python3.7/site-packages/airflow/example_dags/example_kubernetes_executor.py
[2023-04-30T18:02:15.343+0000] {processor.py:766} INFO - DAG(s) dict_keys(['example_kubernetes_executor']) retrieved from /home/airflow/.local/lib/python3.7/site-packages/airflow/example_dags/example_kubernetes_executor.py
[2023-04-30T18:02:15.383+0000] {logging_mixin.py:120} INFO - [2023-04-30T18:02:15.382+0000] {dag.py:2585} INFO - Sync 1 DAGs
[2023-04-30T18:02:15.411+0000] {logging_mixin.py:120} INFO - [2023-04-30T18:02:15.411+0000] {dag.py:3340} INFO - Setting next_dagrun for example_kubernetes_executor to None, run_after=None
[2023-04-30T18:02:15.435+0000] {processor.py:176} INFO - Processing /home/airflow/.local/lib/python3.7/site-packages/airflow/example_dags/example_kubernetes_executor.py took 0.121 seconds
[2023-04-30T18:02:45.905+0000] {processor.py:154} INFO - Started process (PID=1719) to work on /home/airflow/.local/lib/python3.7/site-packages/airflow/example_dags/example_kubernetes_executor.py
[2023-04-30T18:02:45.906+0000] {processor.py:756} INFO - Processing file /home/airflow/.local/lib/python3.7/site-packages/airflow/example_dags/example_kubernetes_executor.py for tasks to queue
[2023-04-30T18:02:45.906+0000] {logging_mixin.py:120} INFO - [2023-04-30T18:02:45.906+0000] {dagbag.py:537} INFO - Filling up the DagBag from /home/airflow/.local/lib/python3.7/site-packages/airflow/example_dags/example_kubernetes_executor.py
[2023-04-30T18:02:45.929+0000] {processor.py:766} INFO - DAG(s) dict_keys(['example_kubernetes_executor']) retrieved from /home/airflow/.local/lib/python3.7/site-packages/airflow/example_dags/example_kubernetes_executor.py
[2023-04-30T18:02:45.968+0000] {logging_mixin.py:120} INFO - [2023-04-30T18:02:45.968+0000] {dag.py:2585} INFO - Sync 1 DAGs
[2023-04-30T18:02:45.994+0000] {logging_mixin.py:120} INFO - [2023-04-30T18:02:45.994+0000] {dag.py:3340} INFO - Setting next_dagrun for example_kubernetes_executor to None, run_after=None
[2023-04-30T18:02:46.016+0000] {processor.py:176} INFO - Processing /home/airflow/.local/lib/python3.7/site-packages/airflow/example_dags/example_kubernetes_executor.py took 0.113 seconds
[2023-04-30T18:03:16.521+0000] {processor.py:154} INFO - Started process (PID=1782) to work on /home/airflow/.local/lib/python3.7/site-packages/airflow/example_dags/example_kubernetes_executor.py
[2023-04-30T18:03:16.522+0000] {processor.py:756} INFO - Processing file /home/airflow/.local/lib/python3.7/site-packages/airflow/example_dags/example_kubernetes_executor.py for tasks to queue
[2023-04-30T18:03:16.523+0000] {logging_mixin.py:120} INFO - [2023-04-30T18:03:16.523+0000] {dagbag.py:537} INFO - Filling up the DagBag from /home/airflow/.local/lib/python3.7/site-packages/airflow/example_dags/example_kubernetes_executor.py
[2023-04-30T18:03:16.546+0000] {processor.py:766} INFO - DAG(s) dict_keys(['example_kubernetes_executor']) retrieved from /home/airflow/.local/lib/python3.7/site-packages/airflow/example_dags/example_kubernetes_executor.py
[2023-04-30T18:03:16.585+0000] {logging_mixin.py:120} INFO - [2023-04-30T18:03:16.585+0000] {dag.py:2585} INFO - Sync 1 DAGs
[2023-04-30T18:03:16.611+0000] {logging_mixin.py:120} INFO - [2023-04-30T18:03:16.611+0000] {dag.py:3340} INFO - Setting next_dagrun for example_kubernetes_executor to None, run_after=None
[2023-04-30T18:03:16.635+0000] {processor.py:176} INFO - Processing /home/airflow/.local/lib/python3.7/site-packages/airflow/example_dags/example_kubernetes_executor.py took 0.116 seconds
[2023-04-30T18:03:46.923+0000] {processor.py:154} INFO - Started process (PID=1837) to work on /home/airflow/.local/lib/python3.7/site-packages/airflow/example_dags/example_kubernetes_executor.py
[2023-04-30T18:03:46.924+0000] {processor.py:756} INFO - Processing file /home/airflow/.local/lib/python3.7/site-packages/airflow/example_dags/example_kubernetes_executor.py for tasks to queue
[2023-04-30T18:03:46.925+0000] {logging_mixin.py:120} INFO - [2023-04-30T18:03:46.925+0000] {dagbag.py:537} INFO - Filling up the DagBag from /home/airflow/.local/lib/python3.7/site-packages/airflow/example_dags/example_kubernetes_executor.py
[2023-04-30T18:03:46.947+0000] {processor.py:766} INFO - DAG(s) dict_keys(['example_kubernetes_executor']) retrieved from /home/airflow/.local/lib/python3.7/site-packages/airflow/example_dags/example_kubernetes_executor.py
[2023-04-30T18:03:46.984+0000] {logging_mixin.py:120} INFO - [2023-04-30T18:03:46.984+0000] {dag.py:2585} INFO - Sync 1 DAGs
[2023-04-30T18:03:47.013+0000] {logging_mixin.py:120} INFO - [2023-04-30T18:03:47.012+0000] {dag.py:3340} INFO - Setting next_dagrun for example_kubernetes_executor to None, run_after=None
[2023-04-30T18:03:47.035+0000] {processor.py:176} INFO - Processing /home/airflow/.local/lib/python3.7/site-packages/airflow/example_dags/example_kubernetes_executor.py took 0.114 seconds
[2023-04-30T18:04:17.482+0000] {processor.py:154} INFO - Started process (PID=1900) to work on /home/airflow/.local/lib/python3.7/site-packages/airflow/example_dags/example_kubernetes_executor.py
[2023-04-30T18:04:17.483+0000] {processor.py:756} INFO - Processing file /home/airflow/.local/lib/python3.7/site-packages/airflow/example_dags/example_kubernetes_executor.py for tasks to queue
[2023-04-30T18:04:17.484+0000] {logging_mixin.py:120} INFO - [2023-04-30T18:04:17.483+0000] {dagbag.py:537} INFO - Filling up the DagBag from /home/airflow/.local/lib/python3.7/site-packages/airflow/example_dags/example_kubernetes_executor.py
[2023-04-30T18:04:17.507+0000] {processor.py:766} INFO - DAG(s) dict_keys(['example_kubernetes_executor']) retrieved from /home/airflow/.local/lib/python3.7/site-packages/airflow/example_dags/example_kubernetes_executor.py
[2023-04-30T18:04:17.553+0000] {logging_mixin.py:120} INFO - [2023-04-30T18:04:17.553+0000] {dag.py:2585} INFO - Sync 1 DAGs
[2023-04-30T18:04:17.578+0000] {logging_mixin.py:120} INFO - [2023-04-30T18:04:17.578+0000] {dag.py:3340} INFO - Setting next_dagrun for example_kubernetes_executor to None, run_after=None
[2023-04-30T18:04:17.607+0000] {processor.py:176} INFO - Processing /home/airflow/.local/lib/python3.7/site-packages/airflow/example_dags/example_kubernetes_executor.py took 0.127 seconds
[2023-04-30T18:04:48.082+0000] {processor.py:154} INFO - Started process (PID=1964) to work on /home/airflow/.local/lib/python3.7/site-packages/airflow/example_dags/example_kubernetes_executor.py
[2023-04-30T18:04:48.083+0000] {processor.py:756} INFO - Processing file /home/airflow/.local/lib/python3.7/site-packages/airflow/example_dags/example_kubernetes_executor.py for tasks to queue
[2023-04-30T18:04:48.084+0000] {logging_mixin.py:120} INFO - [2023-04-30T18:04:48.084+0000] {dagbag.py:537} INFO - Filling up the DagBag from /home/airflow/.local/lib/python3.7/site-packages/airflow/example_dags/example_kubernetes_executor.py
[2023-04-30T18:04:48.105+0000] {processor.py:766} INFO - DAG(s) dict_keys(['example_kubernetes_executor']) retrieved from /home/airflow/.local/lib/python3.7/site-packages/airflow/example_dags/example_kubernetes_executor.py
[2023-04-30T18:04:48.142+0000] {logging_mixin.py:120} INFO - [2023-04-30T18:04:48.142+0000] {dag.py:2585} INFO - Sync 1 DAGs
[2023-04-30T18:04:48.166+0000] {logging_mixin.py:120} INFO - [2023-04-30T18:04:48.165+0000] {dag.py:3340} INFO - Setting next_dagrun for example_kubernetes_executor to None, run_after=None
[2023-04-30T18:04:48.188+0000] {processor.py:176} INFO - Processing /home/airflow/.local/lib/python3.7/site-packages/airflow/example_dags/example_kubernetes_executor.py took 0.107 seconds
[2023-04-30T18:05:18.872+0000] {processor.py:154} INFO - Started process (PID=2018) to work on /home/airflow/.local/lib/python3.7/site-packages/airflow/example_dags/example_kubernetes_executor.py
[2023-04-30T18:05:18.872+0000] {processor.py:756} INFO - Processing file /home/airflow/.local/lib/python3.7/site-packages/airflow/example_dags/example_kubernetes_executor.py for tasks to queue
[2023-04-30T18:05:18.873+0000] {logging_mixin.py:120} INFO - [2023-04-30T18:05:18.873+0000] {dagbag.py:537} INFO - Filling up the DagBag from /home/airflow/.local/lib/python3.7/site-packages/airflow/example_dags/example_kubernetes_executor.py
[2023-04-30T18:05:18.896+0000] {processor.py:766} INFO - DAG(s) dict_keys(['example_kubernetes_executor']) retrieved from /home/airflow/.local/lib/python3.7/site-packages/airflow/example_dags/example_kubernetes_executor.py
[2023-04-30T18:05:18.932+0000] {logging_mixin.py:120} INFO - [2023-04-30T18:05:18.932+0000] {dag.py:2585} INFO - Sync 1 DAGs
[2023-04-30T18:05:18.957+0000] {logging_mixin.py:120} INFO - [2023-04-30T18:05:18.957+0000] {dag.py:3340} INFO - Setting next_dagrun for example_kubernetes_executor to None, run_after=None
[2023-04-30T18:05:18.979+0000] {processor.py:176} INFO - Processing /home/airflow/.local/lib/python3.7/site-packages/airflow/example_dags/example_kubernetes_executor.py took 0.110 seconds
[2023-04-30T18:05:49.446+0000] {processor.py:154} INFO - Started process (PID=2082) to work on /home/airflow/.local/lib/python3.7/site-packages/airflow/example_dags/example_kubernetes_executor.py
[2023-04-30T18:05:49.448+0000] {processor.py:756} INFO - Processing file /home/airflow/.local/lib/python3.7/site-packages/airflow/example_dags/example_kubernetes_executor.py for tasks to queue
[2023-04-30T18:05:49.448+0000] {logging_mixin.py:120} INFO - [2023-04-30T18:05:49.448+0000] {dagbag.py:537} INFO - Filling up the DagBag from /home/airflow/.local/lib/python3.7/site-packages/airflow/example_dags/example_kubernetes_executor.py
[2023-04-30T18:05:49.473+0000] {processor.py:766} INFO - DAG(s) dict_keys(['example_kubernetes_executor']) retrieved from /home/airflow/.local/lib/python3.7/site-packages/airflow/example_dags/example_kubernetes_executor.py
[2023-04-30T18:05:49.513+0000] {logging_mixin.py:120} INFO - [2023-04-30T18:05:49.513+0000] {dag.py:2585} INFO - Sync 1 DAGs
[2023-04-30T18:05:49.542+0000] {logging_mixin.py:120} INFO - [2023-04-30T18:05:49.541+0000] {dag.py:3340} INFO - Setting next_dagrun for example_kubernetes_executor to None, run_after=None
[2023-04-30T18:05:49.568+0000] {processor.py:176} INFO - Processing /home/airflow/.local/lib/python3.7/site-packages/airflow/example_dags/example_kubernetes_executor.py took 0.124 seconds
[2023-04-30T18:06:19.937+0000] {processor.py:154} INFO - Started process (PID=2145) to work on /home/airflow/.local/lib/python3.7/site-packages/airflow/example_dags/example_kubernetes_executor.py
[2023-04-30T18:06:19.938+0000] {processor.py:756} INFO - Processing file /home/airflow/.local/lib/python3.7/site-packages/airflow/example_dags/example_kubernetes_executor.py for tasks to queue
[2023-04-30T18:06:19.939+0000] {logging_mixin.py:120} INFO - [2023-04-30T18:06:19.938+0000] {dagbag.py:537} INFO - Filling up the DagBag from /home/airflow/.local/lib/python3.7/site-packages/airflow/example_dags/example_kubernetes_executor.py
[2023-04-30T18:06:19.964+0000] {processor.py:766} INFO - DAG(s) dict_keys(['example_kubernetes_executor']) retrieved from /home/airflow/.local/lib/python3.7/site-packages/airflow/example_dags/example_kubernetes_executor.py
[2023-04-30T18:06:20.003+0000] {logging_mixin.py:120} INFO - [2023-04-30T18:06:20.003+0000] {dag.py:2585} INFO - Sync 1 DAGs
[2023-04-30T18:06:20.027+0000] {logging_mixin.py:120} INFO - [2023-04-30T18:06:20.027+0000] {dag.py:3340} INFO - Setting next_dagrun for example_kubernetes_executor to None, run_after=None
[2023-04-30T18:06:20.049+0000] {processor.py:176} INFO - Processing /home/airflow/.local/lib/python3.7/site-packages/airflow/example_dags/example_kubernetes_executor.py took 0.114 seconds
[2023-04-30T18:06:50.334+0000] {processor.py:154} INFO - Started process (PID=2208) to work on /home/airflow/.local/lib/python3.7/site-packages/airflow/example_dags/example_kubernetes_executor.py
[2023-04-30T18:06:50.335+0000] {processor.py:756} INFO - Processing file /home/airflow/.local/lib/python3.7/site-packages/airflow/example_dags/example_kubernetes_executor.py for tasks to queue
[2023-04-30T18:06:50.336+0000] {logging_mixin.py:120} INFO - [2023-04-30T18:06:50.336+0000] {dagbag.py:537} INFO - Filling up the DagBag from /home/airflow/.local/lib/python3.7/site-packages/airflow/example_dags/example_kubernetes_executor.py
[2023-04-30T18:06:50.359+0000] {processor.py:766} INFO - DAG(s) dict_keys(['example_kubernetes_executor']) retrieved from /home/airflow/.local/lib/python3.7/site-packages/airflow/example_dags/example_kubernetes_executor.py
[2023-04-30T18:06:50.399+0000] {logging_mixin.py:120} INFO - [2023-04-30T18:06:50.399+0000] {dag.py:2585} INFO - Sync 1 DAGs
[2023-04-30T18:06:50.429+0000] {logging_mixin.py:120} INFO - [2023-04-30T18:06:50.429+0000] {dag.py:3340} INFO - Setting next_dagrun for example_kubernetes_executor to None, run_after=None
[2023-04-30T18:06:50.453+0000] {processor.py:176} INFO - Processing /home/airflow/.local/lib/python3.7/site-packages/airflow/example_dags/example_kubernetes_executor.py took 0.121 seconds
[2023-04-30T18:07:21.023+0000] {processor.py:154} INFO - Started process (PID=2262) to work on /home/airflow/.local/lib/python3.7/site-packages/airflow/example_dags/example_kubernetes_executor.py
[2023-04-30T18:07:21.024+0000] {processor.py:756} INFO - Processing file /home/airflow/.local/lib/python3.7/site-packages/airflow/example_dags/example_kubernetes_executor.py for tasks to queue
[2023-04-30T18:07:21.025+0000] {logging_mixin.py:120} INFO - [2023-04-30T18:07:21.025+0000] {dagbag.py:537} INFO - Filling up the DagBag from /home/airflow/.local/lib/python3.7/site-packages/airflow/example_dags/example_kubernetes_executor.py
[2023-04-30T18:07:21.047+0000] {processor.py:766} INFO - DAG(s) dict_keys(['example_kubernetes_executor']) retrieved from /home/airflow/.local/lib/python3.7/site-packages/airflow/example_dags/example_kubernetes_executor.py
[2023-04-30T18:07:21.091+0000] {logging_mixin.py:120} INFO - [2023-04-30T18:07:21.090+0000] {dag.py:2585} INFO - Sync 1 DAGs
[2023-04-30T18:07:21.117+0000] {logging_mixin.py:120} INFO - [2023-04-30T18:07:21.117+0000] {dag.py:3340} INFO - Setting next_dagrun for example_kubernetes_executor to None, run_after=None
[2023-04-30T18:07:21.141+0000] {processor.py:176} INFO - Processing /home/airflow/.local/lib/python3.7/site-packages/airflow/example_dags/example_kubernetes_executor.py took 0.120 seconds
[2023-04-30T18:07:51.398+0000] {processor.py:154} INFO - Started process (PID=2325) to work on /home/airflow/.local/lib/python3.7/site-packages/airflow/example_dags/example_kubernetes_executor.py
[2023-04-30T18:07:51.399+0000] {processor.py:756} INFO - Processing file /home/airflow/.local/lib/python3.7/site-packages/airflow/example_dags/example_kubernetes_executor.py for tasks to queue
[2023-04-30T18:07:51.400+0000] {logging_mixin.py:120} INFO - [2023-04-30T18:07:51.400+0000] {dagbag.py:537} INFO - Filling up the DagBag from /home/airflow/.local/lib/python3.7/site-packages/airflow/example_dags/example_kubernetes_executor.py
[2023-04-30T18:07:51.423+0000] {processor.py:766} INFO - DAG(s) dict_keys(['example_kubernetes_executor']) retrieved from /home/airflow/.local/lib/python3.7/site-packages/airflow/example_dags/example_kubernetes_executor.py
[2023-04-30T18:07:51.458+0000] {logging_mixin.py:120} INFO - [2023-04-30T18:07:51.458+0000] {dag.py:2585} INFO - Sync 1 DAGs
[2023-04-30T18:07:51.486+0000] {logging_mixin.py:120} INFO - [2023-04-30T18:07:51.486+0000] {dag.py:3340} INFO - Setting next_dagrun for example_kubernetes_executor to None, run_after=None
[2023-04-30T18:07:51.508+0000] {processor.py:176} INFO - Processing /home/airflow/.local/lib/python3.7/site-packages/airflow/example_dags/example_kubernetes_executor.py took 0.112 seconds
[2023-04-30T18:08:22.042+0000] {processor.py:154} INFO - Started process (PID=2388) to work on /home/airflow/.local/lib/python3.7/site-packages/airflow/example_dags/example_kubernetes_executor.py
[2023-04-30T18:08:22.043+0000] {processor.py:756} INFO - Processing file /home/airflow/.local/lib/python3.7/site-packages/airflow/example_dags/example_kubernetes_executor.py for tasks to queue
[2023-04-30T18:08:22.044+0000] {logging_mixin.py:120} INFO - [2023-04-30T18:08:22.044+0000] {dagbag.py:537} INFO - Filling up the DagBag from /home/airflow/.local/lib/python3.7/site-packages/airflow/example_dags/example_kubernetes_executor.py
[2023-04-30T18:08:22.065+0000] {processor.py:766} INFO - DAG(s) dict_keys(['example_kubernetes_executor']) retrieved from /home/airflow/.local/lib/python3.7/site-packages/airflow/example_dags/example_kubernetes_executor.py
[2023-04-30T18:08:22.102+0000] {logging_mixin.py:120} INFO - [2023-04-30T18:08:22.101+0000] {dag.py:2585} INFO - Sync 1 DAGs
[2023-04-30T18:08:22.125+0000] {logging_mixin.py:120} INFO - [2023-04-30T18:08:22.125+0000] {dag.py:3340} INFO - Setting next_dagrun for example_kubernetes_executor to None, run_after=None
[2023-04-30T18:08:22.150+0000] {processor.py:176} INFO - Processing /home/airflow/.local/lib/python3.7/site-packages/airflow/example_dags/example_kubernetes_executor.py took 0.110 seconds
[2023-04-30T18:08:52.585+0000] {processor.py:154} INFO - Started process (PID=2442) to work on /home/airflow/.local/lib/python3.7/site-packages/airflow/example_dags/example_kubernetes_executor.py
[2023-04-30T18:08:52.586+0000] {processor.py:756} INFO - Processing file /home/airflow/.local/lib/python3.7/site-packages/airflow/example_dags/example_kubernetes_executor.py for tasks to queue
[2023-04-30T18:08:52.586+0000] {logging_mixin.py:120} INFO - [2023-04-30T18:08:52.586+0000] {dagbag.py:537} INFO - Filling up the DagBag from /home/airflow/.local/lib/python3.7/site-packages/airflow/example_dags/example_kubernetes_executor.py
[2023-04-30T18:08:52.607+0000] {processor.py:766} INFO - DAG(s) dict_keys(['example_kubernetes_executor']) retrieved from /home/airflow/.local/lib/python3.7/site-packages/airflow/example_dags/example_kubernetes_executor.py
[2023-04-30T18:08:52.643+0000] {logging_mixin.py:120} INFO - [2023-04-30T18:08:52.643+0000] {dag.py:2585} INFO - Sync 1 DAGs
[2023-04-30T18:08:52.666+0000] {logging_mixin.py:120} INFO - [2023-04-30T18:08:52.666+0000] {dag.py:3340} INFO - Setting next_dagrun for example_kubernetes_executor to None, run_after=None
[2023-04-30T18:08:52.689+0000] {processor.py:176} INFO - Processing /home/airflow/.local/lib/python3.7/site-packages/airflow/example_dags/example_kubernetes_executor.py took 0.106 seconds
[2023-04-30T18:09:23.308+0000] {processor.py:154} INFO - Started process (PID=2505) to work on /home/airflow/.local/lib/python3.7/site-packages/airflow/example_dags/example_kubernetes_executor.py
[2023-04-30T18:09:23.309+0000] {processor.py:756} INFO - Processing file /home/airflow/.local/lib/python3.7/site-packages/airflow/example_dags/example_kubernetes_executor.py for tasks to queue
[2023-04-30T18:09:23.310+0000] {logging_mixin.py:120} INFO - [2023-04-30T18:09:23.310+0000] {dagbag.py:537} INFO - Filling up the DagBag from /home/airflow/.local/lib/python3.7/site-packages/airflow/example_dags/example_kubernetes_executor.py
[2023-04-30T18:09:23.331+0000] {processor.py:766} INFO - DAG(s) dict_keys(['example_kubernetes_executor']) retrieved from /home/airflow/.local/lib/python3.7/site-packages/airflow/example_dags/example_kubernetes_executor.py
[2023-04-30T18:09:23.369+0000] {logging_mixin.py:120} INFO - [2023-04-30T18:09:23.369+0000] {dag.py:2585} INFO - Sync 1 DAGs
[2023-04-30T18:09:23.395+0000] {logging_mixin.py:120} INFO - [2023-04-30T18:09:23.395+0000] {dag.py:3340} INFO - Setting next_dagrun for example_kubernetes_executor to None, run_after=None
[2023-04-30T18:09:23.417+0000] {processor.py:176} INFO - Processing /home/airflow/.local/lib/python3.7/site-packages/airflow/example_dags/example_kubernetes_executor.py took 0.111 seconds
[2023-04-30T18:09:53.815+0000] {processor.py:154} INFO - Started process (PID=2568) to work on /home/airflow/.local/lib/python3.7/site-packages/airflow/example_dags/example_kubernetes_executor.py
[2023-04-30T18:09:53.815+0000] {processor.py:756} INFO - Processing file /home/airflow/.local/lib/python3.7/site-packages/airflow/example_dags/example_kubernetes_executor.py for tasks to queue
[2023-04-30T18:09:53.816+0000] {logging_mixin.py:120} INFO - [2023-04-30T18:09:53.815+0000] {dagbag.py:537} INFO - Filling up the DagBag from /home/airflow/.local/lib/python3.7/site-packages/airflow/example_dags/example_kubernetes_executor.py
[2023-04-30T18:09:53.837+0000] {processor.py:766} INFO - DAG(s) dict_keys(['example_kubernetes_executor']) retrieved from /home/airflow/.local/lib/python3.7/site-packages/airflow/example_dags/example_kubernetes_executor.py
[2023-04-30T18:09:53.876+0000] {logging_mixin.py:120} INFO - [2023-04-30T18:09:53.876+0000] {dag.py:2585} INFO - Sync 1 DAGs
[2023-04-30T18:09:53.900+0000] {logging_mixin.py:120} INFO - [2023-04-30T18:09:53.900+0000] {dag.py:3340} INFO - Setting next_dagrun for example_kubernetes_executor to None, run_after=None
[2023-04-30T18:09:53.922+0000] {processor.py:176} INFO - Processing /home/airflow/.local/lib/python3.7/site-packages/airflow/example_dags/example_kubernetes_executor.py took 0.109 seconds
[2023-04-30T18:10:24.413+0000] {processor.py:154} INFO - Started process (PID=2622) to work on /home/airflow/.local/lib/python3.7/site-packages/airflow/example_dags/example_kubernetes_executor.py
[2023-04-30T18:10:24.414+0000] {processor.py:756} INFO - Processing file /home/airflow/.local/lib/python3.7/site-packages/airflow/example_dags/example_kubernetes_executor.py for tasks to queue
[2023-04-30T18:10:24.415+0000] {logging_mixin.py:120} INFO - [2023-04-30T18:10:24.415+0000] {dagbag.py:537} INFO - Filling up the DagBag from /home/airflow/.local/lib/python3.7/site-packages/airflow/example_dags/example_kubernetes_executor.py
[2023-04-30T18:10:24.437+0000] {processor.py:766} INFO - DAG(s) dict_keys(['example_kubernetes_executor']) retrieved from /home/airflow/.local/lib/python3.7/site-packages/airflow/example_dags/example_kubernetes_executor.py
[2023-04-30T18:10:24.475+0000] {logging_mixin.py:120} INFO - [2023-04-30T18:10:24.475+0000] {dag.py:2585} INFO - Sync 1 DAGs
[2023-04-30T18:10:24.499+0000] {logging_mixin.py:120} INFO - [2023-04-30T18:10:24.499+0000] {dag.py:3340} INFO - Setting next_dagrun for example_kubernetes_executor to None, run_after=None
[2023-04-30T18:10:24.522+0000] {processor.py:176} INFO - Processing /home/airflow/.local/lib/python3.7/site-packages/airflow/example_dags/example_kubernetes_executor.py took 0.112 seconds
[2023-04-30T18:10:54.842+0000] {processor.py:154} INFO - Started process (PID=2685) to work on /home/airflow/.local/lib/python3.7/site-packages/airflow/example_dags/example_kubernetes_executor.py
[2023-04-30T18:10:54.843+0000] {processor.py:756} INFO - Processing file /home/airflow/.local/lib/python3.7/site-packages/airflow/example_dags/example_kubernetes_executor.py for tasks to queue
[2023-04-30T18:10:54.843+0000] {logging_mixin.py:120} INFO - [2023-04-30T18:10:54.843+0000] {dagbag.py:537} INFO - Filling up the DagBag from /home/airflow/.local/lib/python3.7/site-packages/airflow/example_dags/example_kubernetes_executor.py
[2023-04-30T18:10:54.865+0000] {processor.py:766} INFO - DAG(s) dict_keys(['example_kubernetes_executor']) retrieved from /home/airflow/.local/lib/python3.7/site-packages/airflow/example_dags/example_kubernetes_executor.py
[2023-04-30T18:10:54.902+0000] {logging_mixin.py:120} INFO - [2023-04-30T18:10:54.902+0000] {dag.py:2585} INFO - Sync 1 DAGs
[2023-04-30T18:10:54.931+0000] {logging_mixin.py:120} INFO - [2023-04-30T18:10:54.931+0000] {dag.py:3340} INFO - Setting next_dagrun for example_kubernetes_executor to None, run_after=None
[2023-04-30T18:10:54.954+0000] {processor.py:176} INFO - Processing /home/airflow/.local/lib/python3.7/site-packages/airflow/example_dags/example_kubernetes_executor.py took 0.114 seconds
[2023-04-30T18:11:25.245+0000] {processor.py:154} INFO - Started process (PID=2748) to work on /home/airflow/.local/lib/python3.7/site-packages/airflow/example_dags/example_kubernetes_executor.py
[2023-04-30T18:11:25.246+0000] {processor.py:756} INFO - Processing file /home/airflow/.local/lib/python3.7/site-packages/airflow/example_dags/example_kubernetes_executor.py for tasks to queue
[2023-04-30T18:11:25.247+0000] {logging_mixin.py:120} INFO - [2023-04-30T18:11:25.247+0000] {dagbag.py:537} INFO - Filling up the DagBag from /home/airflow/.local/lib/python3.7/site-packages/airflow/example_dags/example_kubernetes_executor.py
[2023-04-30T18:11:25.268+0000] {processor.py:766} INFO - DAG(s) dict_keys(['example_kubernetes_executor']) retrieved from /home/airflow/.local/lib/python3.7/site-packages/airflow/example_dags/example_kubernetes_executor.py
[2023-04-30T18:11:25.303+0000] {logging_mixin.py:120} INFO - [2023-04-30T18:11:25.303+0000] {dag.py:2585} INFO - Sync 1 DAGs
[2023-04-30T18:11:25.329+0000] {logging_mixin.py:120} INFO - [2023-04-30T18:11:25.328+0000] {dag.py:3340} INFO - Setting next_dagrun for example_kubernetes_executor to None, run_after=None
[2023-04-30T18:11:25.355+0000] {processor.py:176} INFO - Processing /home/airflow/.local/lib/python3.7/site-packages/airflow/example_dags/example_kubernetes_executor.py took 0.112 seconds
[2023-04-30T18:20:46.831+0000] {processor.py:154} INFO - Started process (PID=2831) to work on /home/airflow/.local/lib/python3.7/site-packages/airflow/example_dags/example_kubernetes_executor.py
[2023-04-30T18:20:46.832+0000] {processor.py:756} INFO - Processing file /home/airflow/.local/lib/python3.7/site-packages/airflow/example_dags/example_kubernetes_executor.py for tasks to queue
[2023-04-30T18:20:46.833+0000] {logging_mixin.py:120} INFO - [2023-04-30T18:20:46.833+0000] {dagbag.py:537} INFO - Filling up the DagBag from /home/airflow/.local/lib/python3.7/site-packages/airflow/example_dags/example_kubernetes_executor.py
[2023-04-30T18:20:46.871+0000] {processor.py:766} INFO - DAG(s) dict_keys(['example_kubernetes_executor']) retrieved from /home/airflow/.local/lib/python3.7/site-packages/airflow/example_dags/example_kubernetes_executor.py
[2023-04-30T18:20:46.923+0000] {logging_mixin.py:120} INFO - [2023-04-30T18:20:46.923+0000] {dag.py:2585} INFO - Sync 1 DAGs
[2023-04-30T18:20:46.966+0000] {logging_mixin.py:120} INFO - [2023-04-30T18:20:46.966+0000] {dag.py:3340} INFO - Setting next_dagrun for example_kubernetes_executor to None, run_after=None
[2023-04-30T18:20:47.002+0000] {processor.py:176} INFO - Processing /home/airflow/.local/lib/python3.7/site-packages/airflow/example_dags/example_kubernetes_executor.py took 0.174 seconds
