[2023-04-30T17:48:52.254+0000] {processor.py:154} INFO - Started process (PID=54) to work on /home/airflow/.local/lib/python3.7/site-packages/airflow/example_dags/example_short_circuit_decorator.py
[2023-04-30T17:48:52.255+0000] {processor.py:756} INFO - Processing file /home/airflow/.local/lib/python3.7/site-packages/airflow/example_dags/example_short_circuit_decorator.py for tasks to queue
[2023-04-30T17:48:52.256+0000] {logging_mixin.py:120} INFO - [2023-04-30T17:48:52.256+0000] {dagbag.py:537} INFO - Filling up the DagBag from /home/airflow/.local/lib/python3.7/site-packages/airflow/example_dags/example_short_circuit_decorator.py
[2023-04-30T17:48:52.289+0000] {processor.py:766} INFO - DAG(s) dict_keys(['example_short_circuit_decorator']) retrieved from /home/airflow/.local/lib/python3.7/site-packages/airflow/example_dags/example_short_circuit_decorator.py
[2023-04-30T17:48:52.449+0000] {logging_mixin.py:120} INFO - [2023-04-30T17:48:52.448+0000] {manager.py:507} INFO - Created Permission View: can read on DAG:example_short_circuit_decorator
[2023-04-30T17:48:52.465+0000] {logging_mixin.py:120} INFO - [2023-04-30T17:48:52.464+0000] {manager.py:507} INFO - Created Permission View: can edit on DAG:example_short_circuit_decorator
[2023-04-30T17:48:52.479+0000] {logging_mixin.py:120} INFO - [2023-04-30T17:48:52.478+0000] {manager.py:507} INFO - Created Permission View: can delete on DAG:example_short_circuit_decorator
[2023-04-30T17:48:52.479+0000] {logging_mixin.py:120} INFO - [2023-04-30T17:48:52.479+0000] {dag.py:2585} INFO - Sync 1 DAGs
[2023-04-30T17:48:52.492+0000] {logging_mixin.py:120} INFO - [2023-04-30T17:48:52.492+0000] {dag.py:2606} INFO - Creating ORM DAG for example_short_circuit_decorator
[2023-04-30T17:48:52.507+0000] {logging_mixin.py:120} INFO - [2023-04-30T17:48:52.507+0000] {dag.py:3340} INFO - Setting next_dagrun for example_short_circuit_decorator to 2023-04-29T17:48:52.507104+00:00, run_after=2023-04-30T17:48:52.507104+00:00
[2023-04-30T17:48:52.535+0000] {processor.py:176} INFO - Processing /home/airflow/.local/lib/python3.7/site-packages/airflow/example_dags/example_short_circuit_decorator.py took 0.283 seconds
[2023-04-30T17:49:22.995+0000] {processor.py:154} INFO - Started process (PID=108) to work on /home/airflow/.local/lib/python3.7/site-packages/airflow/example_dags/example_short_circuit_decorator.py
[2023-04-30T17:49:22.996+0000] {processor.py:756} INFO - Processing file /home/airflow/.local/lib/python3.7/site-packages/airflow/example_dags/example_short_circuit_decorator.py for tasks to queue
[2023-04-30T17:49:22.996+0000] {logging_mixin.py:120} INFO - [2023-04-30T17:49:22.996+0000] {dagbag.py:537} INFO - Filling up the DagBag from /home/airflow/.local/lib/python3.7/site-packages/airflow/example_dags/example_short_circuit_decorator.py
[2023-04-30T17:49:23.016+0000] {processor.py:766} INFO - DAG(s) dict_keys(['example_short_circuit_decorator']) retrieved from /home/airflow/.local/lib/python3.7/site-packages/airflow/example_dags/example_short_circuit_decorator.py
[2023-04-30T17:49:23.051+0000] {logging_mixin.py:120} INFO - [2023-04-30T17:49:23.051+0000] {dag.py:2585} INFO - Sync 1 DAGs
[2023-04-30T17:49:23.077+0000] {logging_mixin.py:120} INFO - [2023-04-30T17:49:23.077+0000] {dag.py:3340} INFO - Setting next_dagrun for example_short_circuit_decorator to 2023-04-29T17:49:23.076963+00:00, run_after=2023-04-30T17:49:23.076963+00:00
[2023-04-30T17:49:23.100+0000] {processor.py:176} INFO - Processing /home/airflow/.local/lib/python3.7/site-packages/airflow/example_dags/example_short_circuit_decorator.py took 0.107 seconds
[2023-04-30T17:49:53.538+0000] {processor.py:154} INFO - Started process (PID=172) to work on /home/airflow/.local/lib/python3.7/site-packages/airflow/example_dags/example_short_circuit_decorator.py
[2023-04-30T17:49:53.539+0000] {processor.py:756} INFO - Processing file /home/airflow/.local/lib/python3.7/site-packages/airflow/example_dags/example_short_circuit_decorator.py for tasks to queue
[2023-04-30T17:49:53.540+0000] {logging_mixin.py:120} INFO - [2023-04-30T17:49:53.540+0000] {dagbag.py:537} INFO - Filling up the DagBag from /home/airflow/.local/lib/python3.7/site-packages/airflow/example_dags/example_short_circuit_decorator.py
[2023-04-30T17:49:53.559+0000] {processor.py:766} INFO - DAG(s) dict_keys(['example_short_circuit_decorator']) retrieved from /home/airflow/.local/lib/python3.7/site-packages/airflow/example_dags/example_short_circuit_decorator.py
[2023-04-30T17:49:53.604+0000] {logging_mixin.py:120} INFO - [2023-04-30T17:49:53.604+0000] {dag.py:2585} INFO - Sync 1 DAGs
[2023-04-30T17:49:53.633+0000] {logging_mixin.py:120} INFO - [2023-04-30T17:49:53.633+0000] {dag.py:3340} INFO - Setting next_dagrun for example_short_circuit_decorator to 2023-04-29T17:49:53.632904+00:00, run_after=2023-04-30T17:49:53.632904+00:00
[2023-04-30T17:49:53.662+0000] {processor.py:176} INFO - Processing /home/airflow/.local/lib/python3.7/site-packages/airflow/example_dags/example_short_circuit_decorator.py took 0.126 seconds
[2023-04-30T17:50:24.270+0000] {processor.py:154} INFO - Started process (PID=235) to work on /home/airflow/.local/lib/python3.7/site-packages/airflow/example_dags/example_short_circuit_decorator.py
[2023-04-30T17:50:24.271+0000] {processor.py:756} INFO - Processing file /home/airflow/.local/lib/python3.7/site-packages/airflow/example_dags/example_short_circuit_decorator.py for tasks to queue
[2023-04-30T17:50:24.272+0000] {logging_mixin.py:120} INFO - [2023-04-30T17:50:24.272+0000] {dagbag.py:537} INFO - Filling up the DagBag from /home/airflow/.local/lib/python3.7/site-packages/airflow/example_dags/example_short_circuit_decorator.py
[2023-04-30T17:50:24.293+0000] {processor.py:766} INFO - DAG(s) dict_keys(['example_short_circuit_decorator']) retrieved from /home/airflow/.local/lib/python3.7/site-packages/airflow/example_dags/example_short_circuit_decorator.py
[2023-04-30T17:50:24.332+0000] {logging_mixin.py:120} INFO - [2023-04-30T17:50:24.332+0000] {dag.py:2585} INFO - Sync 1 DAGs
[2023-04-30T17:50:24.359+0000] {logging_mixin.py:120} INFO - [2023-04-30T17:50:24.358+0000] {dag.py:3340} INFO - Setting next_dagrun for example_short_circuit_decorator to 2023-04-29T17:50:24.358676+00:00, run_after=2023-04-30T17:50:24.358676+00:00
[2023-04-30T17:50:24.384+0000] {processor.py:176} INFO - Processing /home/airflow/.local/lib/python3.7/site-packages/airflow/example_dags/example_short_circuit_decorator.py took 0.116 seconds
[2023-04-30T17:50:54.894+0000] {processor.py:154} INFO - Started process (PID=295) to work on /home/airflow/.local/lib/python3.7/site-packages/airflow/example_dags/example_short_circuit_decorator.py
[2023-04-30T17:50:54.895+0000] {processor.py:756} INFO - Processing file /home/airflow/.local/lib/python3.7/site-packages/airflow/example_dags/example_short_circuit_decorator.py for tasks to queue
[2023-04-30T17:50:54.896+0000] {logging_mixin.py:120} INFO - [2023-04-30T17:50:54.896+0000] {dagbag.py:537} INFO - Filling up the DagBag from /home/airflow/.local/lib/python3.7/site-packages/airflow/example_dags/example_short_circuit_decorator.py
[2023-04-30T17:50:54.926+0000] {processor.py:766} INFO - DAG(s) dict_keys(['example_short_circuit_decorator']) retrieved from /home/airflow/.local/lib/python3.7/site-packages/airflow/example_dags/example_short_circuit_decorator.py
[2023-04-30T17:50:54.985+0000] {logging_mixin.py:120} INFO - [2023-04-30T17:50:54.985+0000] {dag.py:2585} INFO - Sync 1 DAGs
[2023-04-30T17:50:55.013+0000] {logging_mixin.py:120} INFO - [2023-04-30T17:50:55.013+0000] {dag.py:3340} INFO - Setting next_dagrun for example_short_circuit_decorator to 2023-04-29T17:50:55.013501+00:00, run_after=2023-04-30T17:50:55.013501+00:00
[2023-04-30T17:50:55.042+0000] {processor.py:176} INFO - Processing /home/airflow/.local/lib/python3.7/site-packages/airflow/example_dags/example_short_circuit_decorator.py took 0.152 seconds
[2023-04-30T17:51:25.701+0000] {processor.py:154} INFO - Started process (PID=352) to work on /home/airflow/.local/lib/python3.7/site-packages/airflow/example_dags/example_short_circuit_decorator.py
[2023-04-30T17:51:25.701+0000] {processor.py:756} INFO - Processing file /home/airflow/.local/lib/python3.7/site-packages/airflow/example_dags/example_short_circuit_decorator.py for tasks to queue
[2023-04-30T17:51:25.702+0000] {logging_mixin.py:120} INFO - [2023-04-30T17:51:25.702+0000] {dagbag.py:537} INFO - Filling up the DagBag from /home/airflow/.local/lib/python3.7/site-packages/airflow/example_dags/example_short_circuit_decorator.py
[2023-04-30T17:51:25.724+0000] {processor.py:766} INFO - DAG(s) dict_keys(['example_short_circuit_decorator']) retrieved from /home/airflow/.local/lib/python3.7/site-packages/airflow/example_dags/example_short_circuit_decorator.py
[2023-04-30T17:51:25.763+0000] {logging_mixin.py:120} INFO - [2023-04-30T17:51:25.762+0000] {dag.py:2585} INFO - Sync 1 DAGs
[2023-04-30T17:51:25.792+0000] {logging_mixin.py:120} INFO - [2023-04-30T17:51:25.792+0000] {dag.py:3340} INFO - Setting next_dagrun for example_short_circuit_decorator to 2023-04-29T17:51:25.792209+00:00, run_after=2023-04-30T17:51:25.792209+00:00
[2023-04-30T17:51:25.816+0000] {processor.py:176} INFO - Processing /home/airflow/.local/lib/python3.7/site-packages/airflow/example_dags/example_short_circuit_decorator.py took 0.117 seconds
[2023-04-30T17:51:56.536+0000] {processor.py:154} INFO - Started process (PID=415) to work on /home/airflow/.local/lib/python3.7/site-packages/airflow/example_dags/example_short_circuit_decorator.py
[2023-04-30T17:51:56.538+0000] {processor.py:756} INFO - Processing file /home/airflow/.local/lib/python3.7/site-packages/airflow/example_dags/example_short_circuit_decorator.py for tasks to queue
[2023-04-30T17:51:56.539+0000] {logging_mixin.py:120} INFO - [2023-04-30T17:51:56.539+0000] {dagbag.py:537} INFO - Filling up the DagBag from /home/airflow/.local/lib/python3.7/site-packages/airflow/example_dags/example_short_circuit_decorator.py
[2023-04-30T17:51:56.560+0000] {processor.py:766} INFO - DAG(s) dict_keys(['example_short_circuit_decorator']) retrieved from /home/airflow/.local/lib/python3.7/site-packages/airflow/example_dags/example_short_circuit_decorator.py
[2023-04-30T17:51:56.601+0000] {logging_mixin.py:120} INFO - [2023-04-30T17:51:56.601+0000] {dag.py:2585} INFO - Sync 1 DAGs
[2023-04-30T17:51:56.635+0000] {logging_mixin.py:120} INFO - [2023-04-30T17:51:56.634+0000] {dag.py:3340} INFO - Setting next_dagrun for example_short_circuit_decorator to 2023-04-29T17:51:56.634566+00:00, run_after=2023-04-30T17:51:56.634566+00:00
[2023-04-30T17:51:56.661+0000] {processor.py:176} INFO - Processing /home/airflow/.local/lib/python3.7/site-packages/airflow/example_dags/example_short_circuit_decorator.py took 0.127 seconds
[2023-04-30T17:52:27.265+0000] {processor.py:154} INFO - Started process (PID=478) to work on /home/airflow/.local/lib/python3.7/site-packages/airflow/example_dags/example_short_circuit_decorator.py
[2023-04-30T17:52:27.266+0000] {processor.py:756} INFO - Processing file /home/airflow/.local/lib/python3.7/site-packages/airflow/example_dags/example_short_circuit_decorator.py for tasks to queue
[2023-04-30T17:52:27.267+0000] {logging_mixin.py:120} INFO - [2023-04-30T17:52:27.266+0000] {dagbag.py:537} INFO - Filling up the DagBag from /home/airflow/.local/lib/python3.7/site-packages/airflow/example_dags/example_short_circuit_decorator.py
[2023-04-30T17:52:27.298+0000] {processor.py:766} INFO - DAG(s) dict_keys(['example_short_circuit_decorator']) retrieved from /home/airflow/.local/lib/python3.7/site-packages/airflow/example_dags/example_short_circuit_decorator.py
[2023-04-30T17:52:27.347+0000] {logging_mixin.py:120} INFO - [2023-04-30T17:52:27.347+0000] {dag.py:2585} INFO - Sync 1 DAGs
[2023-04-30T17:52:27.385+0000] {logging_mixin.py:120} INFO - [2023-04-30T17:52:27.384+0000] {dag.py:3340} INFO - Setting next_dagrun for example_short_circuit_decorator to 2023-04-29T17:52:27.384458+00:00, run_after=2023-04-30T17:52:27.384458+00:00
[2023-04-30T17:52:27.417+0000] {processor.py:176} INFO - Processing /home/airflow/.local/lib/python3.7/site-packages/airflow/example_dags/example_short_circuit_decorator.py took 0.155 seconds
[2023-04-30T17:52:57.943+0000] {processor.py:154} INFO - Started process (PID=532) to work on /home/airflow/.local/lib/python3.7/site-packages/airflow/example_dags/example_short_circuit_decorator.py
[2023-04-30T17:52:57.944+0000] {processor.py:756} INFO - Processing file /home/airflow/.local/lib/python3.7/site-packages/airflow/example_dags/example_short_circuit_decorator.py for tasks to queue
[2023-04-30T17:52:57.944+0000] {logging_mixin.py:120} INFO - [2023-04-30T17:52:57.944+0000] {dagbag.py:537} INFO - Filling up the DagBag from /home/airflow/.local/lib/python3.7/site-packages/airflow/example_dags/example_short_circuit_decorator.py
[2023-04-30T17:52:57.964+0000] {processor.py:766} INFO - DAG(s) dict_keys(['example_short_circuit_decorator']) retrieved from /home/airflow/.local/lib/python3.7/site-packages/airflow/example_dags/example_short_circuit_decorator.py
[2023-04-30T17:52:58.003+0000] {logging_mixin.py:120} INFO - [2023-04-30T17:52:58.003+0000] {dag.py:2585} INFO - Sync 1 DAGs
[2023-04-30T17:52:58.035+0000] {logging_mixin.py:120} INFO - [2023-04-30T17:52:58.035+0000] {dag.py:3340} INFO - Setting next_dagrun for example_short_circuit_decorator to 2023-04-29T17:52:58.034963+00:00, run_after=2023-04-30T17:52:58.034963+00:00
[2023-04-30T17:52:58.065+0000] {processor.py:176} INFO - Processing /home/airflow/.local/lib/python3.7/site-packages/airflow/example_dags/example_short_circuit_decorator.py took 0.124 seconds
[2023-04-30T17:53:28.569+0000] {processor.py:154} INFO - Started process (PID=595) to work on /home/airflow/.local/lib/python3.7/site-packages/airflow/example_dags/example_short_circuit_decorator.py
[2023-04-30T17:53:28.570+0000] {processor.py:756} INFO - Processing file /home/airflow/.local/lib/python3.7/site-packages/airflow/example_dags/example_short_circuit_decorator.py for tasks to queue
[2023-04-30T17:53:28.570+0000] {logging_mixin.py:120} INFO - [2023-04-30T17:53:28.570+0000] {dagbag.py:537} INFO - Filling up the DagBag from /home/airflow/.local/lib/python3.7/site-packages/airflow/example_dags/example_short_circuit_decorator.py
[2023-04-30T17:53:28.593+0000] {processor.py:766} INFO - DAG(s) dict_keys(['example_short_circuit_decorator']) retrieved from /home/airflow/.local/lib/python3.7/site-packages/airflow/example_dags/example_short_circuit_decorator.py
[2023-04-30T17:53:28.628+0000] {logging_mixin.py:120} INFO - [2023-04-30T17:53:28.627+0000] {dag.py:2585} INFO - Sync 1 DAGs
[2023-04-30T17:53:28.655+0000] {logging_mixin.py:120} INFO - [2023-04-30T17:53:28.655+0000] {dag.py:3340} INFO - Setting next_dagrun for example_short_circuit_decorator to 2023-04-29T17:53:28.655224+00:00, run_after=2023-04-30T17:53:28.655224+00:00
[2023-04-30T17:53:28.676+0000] {processor.py:176} INFO - Processing /home/airflow/.local/lib/python3.7/site-packages/airflow/example_dags/example_short_circuit_decorator.py took 0.109 seconds
[2023-04-30T17:53:59.121+0000] {processor.py:154} INFO - Started process (PID=658) to work on /home/airflow/.local/lib/python3.7/site-packages/airflow/example_dags/example_short_circuit_decorator.py
[2023-04-30T17:53:59.121+0000] {processor.py:756} INFO - Processing file /home/airflow/.local/lib/python3.7/site-packages/airflow/example_dags/example_short_circuit_decorator.py for tasks to queue
[2023-04-30T17:53:59.122+0000] {logging_mixin.py:120} INFO - [2023-04-30T17:53:59.122+0000] {dagbag.py:537} INFO - Filling up the DagBag from /home/airflow/.local/lib/python3.7/site-packages/airflow/example_dags/example_short_circuit_decorator.py
[2023-04-30T17:53:59.144+0000] {processor.py:766} INFO - DAG(s) dict_keys(['example_short_circuit_decorator']) retrieved from /home/airflow/.local/lib/python3.7/site-packages/airflow/example_dags/example_short_circuit_decorator.py
[2023-04-30T17:53:59.185+0000] {logging_mixin.py:120} INFO - [2023-04-30T17:53:59.185+0000] {dag.py:2585} INFO - Sync 1 DAGs
[2023-04-30T17:53:59.216+0000] {logging_mixin.py:120} INFO - [2023-04-30T17:53:59.216+0000] {dag.py:3340} INFO - Setting next_dagrun for example_short_circuit_decorator to 2023-04-29T17:53:59.216453+00:00, run_after=2023-04-30T17:53:59.216453+00:00
[2023-04-30T17:53:59.245+0000] {processor.py:176} INFO - Processing /home/airflow/.local/lib/python3.7/site-packages/airflow/example_dags/example_short_circuit_decorator.py took 0.127 seconds
[2023-04-30T17:54:29.683+0000] {processor.py:154} INFO - Started process (PID=712) to work on /home/airflow/.local/lib/python3.7/site-packages/airflow/example_dags/example_short_circuit_decorator.py
[2023-04-30T17:54:29.684+0000] {processor.py:756} INFO - Processing file /home/airflow/.local/lib/python3.7/site-packages/airflow/example_dags/example_short_circuit_decorator.py for tasks to queue
[2023-04-30T17:54:29.684+0000] {logging_mixin.py:120} INFO - [2023-04-30T17:54:29.684+0000] {dagbag.py:537} INFO - Filling up the DagBag from /home/airflow/.local/lib/python3.7/site-packages/airflow/example_dags/example_short_circuit_decorator.py
[2023-04-30T17:54:29.704+0000] {processor.py:766} INFO - DAG(s) dict_keys(['example_short_circuit_decorator']) retrieved from /home/airflow/.local/lib/python3.7/site-packages/airflow/example_dags/example_short_circuit_decorator.py
[2023-04-30T17:54:29.742+0000] {logging_mixin.py:120} INFO - [2023-04-30T17:54:29.742+0000] {dag.py:2585} INFO - Sync 1 DAGs
[2023-04-30T17:54:29.767+0000] {logging_mixin.py:120} INFO - [2023-04-30T17:54:29.767+0000] {dag.py:3340} INFO - Setting next_dagrun for example_short_circuit_decorator to 2023-04-29T17:54:29.766961+00:00, run_after=2023-04-30T17:54:29.766961+00:00
[2023-04-30T17:54:29.790+0000] {processor.py:176} INFO - Processing /home/airflow/.local/lib/python3.7/site-packages/airflow/example_dags/example_short_circuit_decorator.py took 0.109 seconds
[2023-04-30T17:55:00.429+0000] {processor.py:154} INFO - Started process (PID=775) to work on /home/airflow/.local/lib/python3.7/site-packages/airflow/example_dags/example_short_circuit_decorator.py
[2023-04-30T17:55:00.431+0000] {processor.py:756} INFO - Processing file /home/airflow/.local/lib/python3.7/site-packages/airflow/example_dags/example_short_circuit_decorator.py for tasks to queue
[2023-04-30T17:55:00.431+0000] {logging_mixin.py:120} INFO - [2023-04-30T17:55:00.431+0000] {dagbag.py:537} INFO - Filling up the DagBag from /home/airflow/.local/lib/python3.7/site-packages/airflow/example_dags/example_short_circuit_decorator.py
[2023-04-30T17:55:00.451+0000] {processor.py:766} INFO - DAG(s) dict_keys(['example_short_circuit_decorator']) retrieved from /home/airflow/.local/lib/python3.7/site-packages/airflow/example_dags/example_short_circuit_decorator.py
[2023-04-30T17:55:00.488+0000] {logging_mixin.py:120} INFO - [2023-04-30T17:55:00.488+0000] {dag.py:2585} INFO - Sync 1 DAGs
[2023-04-30T17:55:00.513+0000] {logging_mixin.py:120} INFO - [2023-04-30T17:55:00.513+0000] {dag.py:3340} INFO - Setting next_dagrun for example_short_circuit_decorator to 2023-04-29T17:55:00.513322+00:00, run_after=2023-04-30T17:55:00.513322+00:00
[2023-04-30T17:55:00.537+0000] {processor.py:176} INFO - Processing /home/airflow/.local/lib/python3.7/site-packages/airflow/example_dags/example_short_circuit_decorator.py took 0.109 seconds
[2023-04-30T17:55:31.133+0000] {processor.py:154} INFO - Started process (PID=839) to work on /home/airflow/.local/lib/python3.7/site-packages/airflow/example_dags/example_short_circuit_decorator.py
[2023-04-30T17:55:31.134+0000] {processor.py:756} INFO - Processing file /home/airflow/.local/lib/python3.7/site-packages/airflow/example_dags/example_short_circuit_decorator.py for tasks to queue
[2023-04-30T17:55:31.135+0000] {logging_mixin.py:120} INFO - [2023-04-30T17:55:31.135+0000] {dagbag.py:537} INFO - Filling up the DagBag from /home/airflow/.local/lib/python3.7/site-packages/airflow/example_dags/example_short_circuit_decorator.py
[2023-04-30T17:55:31.156+0000] {processor.py:766} INFO - DAG(s) dict_keys(['example_short_circuit_decorator']) retrieved from /home/airflow/.local/lib/python3.7/site-packages/airflow/example_dags/example_short_circuit_decorator.py
[2023-04-30T17:55:31.197+0000] {logging_mixin.py:120} INFO - [2023-04-30T17:55:31.196+0000] {dag.py:2585} INFO - Sync 1 DAGs
[2023-04-30T17:55:31.227+0000] {logging_mixin.py:120} INFO - [2023-04-30T17:55:31.227+0000] {dag.py:3340} INFO - Setting next_dagrun for example_short_circuit_decorator to 2023-04-29T17:55:31.227379+00:00, run_after=2023-04-30T17:55:31.227379+00:00
[2023-04-30T17:55:31.253+0000] {processor.py:176} INFO - Processing /home/airflow/.local/lib/python3.7/site-packages/airflow/example_dags/example_short_circuit_decorator.py took 0.122 seconds
[2023-04-30T17:56:01.753+0000] {processor.py:154} INFO - Started process (PID=893) to work on /home/airflow/.local/lib/python3.7/site-packages/airflow/example_dags/example_short_circuit_decorator.py
[2023-04-30T17:56:01.754+0000] {processor.py:756} INFO - Processing file /home/airflow/.local/lib/python3.7/site-packages/airflow/example_dags/example_short_circuit_decorator.py for tasks to queue
[2023-04-30T17:56:01.756+0000] {logging_mixin.py:120} INFO - [2023-04-30T17:56:01.755+0000] {dagbag.py:537} INFO - Filling up the DagBag from /home/airflow/.local/lib/python3.7/site-packages/airflow/example_dags/example_short_circuit_decorator.py
[2023-04-30T17:56:01.776+0000] {processor.py:766} INFO - DAG(s) dict_keys(['example_short_circuit_decorator']) retrieved from /home/airflow/.local/lib/python3.7/site-packages/airflow/example_dags/example_short_circuit_decorator.py
[2023-04-30T17:56:01.813+0000] {logging_mixin.py:120} INFO - [2023-04-30T17:56:01.813+0000] {dag.py:2585} INFO - Sync 1 DAGs
[2023-04-30T17:56:01.839+0000] {logging_mixin.py:120} INFO - [2023-04-30T17:56:01.839+0000] {dag.py:3340} INFO - Setting next_dagrun for example_short_circuit_decorator to 2023-04-29T17:56:01.839476+00:00, run_after=2023-04-30T17:56:01.839476+00:00
[2023-04-30T17:56:01.865+0000] {processor.py:176} INFO - Processing /home/airflow/.local/lib/python3.7/site-packages/airflow/example_dags/example_short_circuit_decorator.py took 0.113 seconds
[2023-04-30T17:56:32.359+0000] {processor.py:154} INFO - Started process (PID=957) to work on /home/airflow/.local/lib/python3.7/site-packages/airflow/example_dags/example_short_circuit_decorator.py
[2023-04-30T17:56:32.360+0000] {processor.py:756} INFO - Processing file /home/airflow/.local/lib/python3.7/site-packages/airflow/example_dags/example_short_circuit_decorator.py for tasks to queue
[2023-04-30T17:56:32.360+0000] {logging_mixin.py:120} INFO - [2023-04-30T17:56:32.360+0000] {dagbag.py:537} INFO - Filling up the DagBag from /home/airflow/.local/lib/python3.7/site-packages/airflow/example_dags/example_short_circuit_decorator.py
[2023-04-30T17:56:32.381+0000] {processor.py:766} INFO - DAG(s) dict_keys(['example_short_circuit_decorator']) retrieved from /home/airflow/.local/lib/python3.7/site-packages/airflow/example_dags/example_short_circuit_decorator.py
[2023-04-30T17:56:32.419+0000] {logging_mixin.py:120} INFO - [2023-04-30T17:56:32.418+0000] {dag.py:2585} INFO - Sync 1 DAGs
[2023-04-30T17:56:32.445+0000] {logging_mixin.py:120} INFO - [2023-04-30T17:56:32.445+0000] {dag.py:3340} INFO - Setting next_dagrun for example_short_circuit_decorator to 2023-04-29T17:56:32.445136+00:00, run_after=2023-04-30T17:56:32.445136+00:00
[2023-04-30T17:56:32.468+0000] {processor.py:176} INFO - Processing /home/airflow/.local/lib/python3.7/site-packages/airflow/example_dags/example_short_circuit_decorator.py took 0.110 seconds
[2023-04-30T17:57:03.001+0000] {processor.py:154} INFO - Started process (PID=1021) to work on /home/airflow/.local/lib/python3.7/site-packages/airflow/example_dags/example_short_circuit_decorator.py
[2023-04-30T17:57:03.002+0000] {processor.py:756} INFO - Processing file /home/airflow/.local/lib/python3.7/site-packages/airflow/example_dags/example_short_circuit_decorator.py for tasks to queue
[2023-04-30T17:57:03.003+0000] {logging_mixin.py:120} INFO - [2023-04-30T17:57:03.003+0000] {dagbag.py:537} INFO - Filling up the DagBag from /home/airflow/.local/lib/python3.7/site-packages/airflow/example_dags/example_short_circuit_decorator.py
[2023-04-30T17:57:03.026+0000] {processor.py:766} INFO - DAG(s) dict_keys(['example_short_circuit_decorator']) retrieved from /home/airflow/.local/lib/python3.7/site-packages/airflow/example_dags/example_short_circuit_decorator.py
[2023-04-30T17:57:03.068+0000] {logging_mixin.py:120} INFO - [2023-04-30T17:57:03.067+0000] {dag.py:2585} INFO - Sync 1 DAGs
[2023-04-30T17:57:03.095+0000] {logging_mixin.py:120} INFO - [2023-04-30T17:57:03.094+0000] {dag.py:3340} INFO - Setting next_dagrun for example_short_circuit_decorator to 2023-04-29T17:57:03.094692+00:00, run_after=2023-04-30T17:57:03.094692+00:00
[2023-04-30T17:57:03.119+0000] {processor.py:176} INFO - Processing /home/airflow/.local/lib/python3.7/site-packages/airflow/example_dags/example_short_circuit_decorator.py took 0.121 seconds
[2023-04-30T17:57:33.498+0000] {processor.py:154} INFO - Started process (PID=1075) to work on /home/airflow/.local/lib/python3.7/site-packages/airflow/example_dags/example_short_circuit_decorator.py
[2023-04-30T17:57:33.499+0000] {processor.py:756} INFO - Processing file /home/airflow/.local/lib/python3.7/site-packages/airflow/example_dags/example_short_circuit_decorator.py for tasks to queue
[2023-04-30T17:57:33.499+0000] {logging_mixin.py:120} INFO - [2023-04-30T17:57:33.499+0000] {dagbag.py:537} INFO - Filling up the DagBag from /home/airflow/.local/lib/python3.7/site-packages/airflow/example_dags/example_short_circuit_decorator.py
[2023-04-30T17:57:33.519+0000] {processor.py:766} INFO - DAG(s) dict_keys(['example_short_circuit_decorator']) retrieved from /home/airflow/.local/lib/python3.7/site-packages/airflow/example_dags/example_short_circuit_decorator.py
[2023-04-30T17:57:33.558+0000] {logging_mixin.py:120} INFO - [2023-04-30T17:57:33.557+0000] {dag.py:2585} INFO - Sync 1 DAGs
[2023-04-30T17:57:33.586+0000] {logging_mixin.py:120} INFO - [2023-04-30T17:57:33.586+0000] {dag.py:3340} INFO - Setting next_dagrun for example_short_circuit_decorator to 2023-04-29T17:57:33.586307+00:00, run_after=2023-04-30T17:57:33.586307+00:00
[2023-04-30T17:57:33.613+0000] {processor.py:176} INFO - Processing /home/airflow/.local/lib/python3.7/site-packages/airflow/example_dags/example_short_circuit_decorator.py took 0.116 seconds
[2023-04-30T17:58:04.265+0000] {processor.py:154} INFO - Started process (PID=1145) to work on /home/airflow/.local/lib/python3.7/site-packages/airflow/example_dags/example_short_circuit_decorator.py
[2023-04-30T17:58:04.266+0000] {processor.py:756} INFO - Processing file /home/airflow/.local/lib/python3.7/site-packages/airflow/example_dags/example_short_circuit_decorator.py for tasks to queue
[2023-04-30T17:58:04.267+0000] {logging_mixin.py:120} INFO - [2023-04-30T17:58:04.267+0000] {dagbag.py:537} INFO - Filling up the DagBag from /home/airflow/.local/lib/python3.7/site-packages/airflow/example_dags/example_short_circuit_decorator.py
[2023-04-30T17:58:04.290+0000] {processor.py:766} INFO - DAG(s) dict_keys(['example_short_circuit_decorator']) retrieved from /home/airflow/.local/lib/python3.7/site-packages/airflow/example_dags/example_short_circuit_decorator.py
[2023-04-30T17:58:04.328+0000] {logging_mixin.py:120} INFO - [2023-04-30T17:58:04.328+0000] {dag.py:2585} INFO - Sync 1 DAGs
[2023-04-30T17:58:04.356+0000] {logging_mixin.py:120} INFO - [2023-04-30T17:58:04.356+0000] {dag.py:3340} INFO - Setting next_dagrun for example_short_circuit_decorator to 2023-04-29T17:58:04.355891+00:00, run_after=2023-04-30T17:58:04.355891+00:00
[2023-04-30T17:58:04.384+0000] {processor.py:176} INFO - Processing /home/airflow/.local/lib/python3.7/site-packages/airflow/example_dags/example_short_circuit_decorator.py took 0.122 seconds
[2023-04-30T17:58:34.911+0000] {processor.py:154} INFO - Started process (PID=1208) to work on /home/airflow/.local/lib/python3.7/site-packages/airflow/example_dags/example_short_circuit_decorator.py
[2023-04-30T17:58:34.912+0000] {processor.py:756} INFO - Processing file /home/airflow/.local/lib/python3.7/site-packages/airflow/example_dags/example_short_circuit_decorator.py for tasks to queue
[2023-04-30T17:58:34.913+0000] {logging_mixin.py:120} INFO - [2023-04-30T17:58:34.913+0000] {dagbag.py:537} INFO - Filling up the DagBag from /home/airflow/.local/lib/python3.7/site-packages/airflow/example_dags/example_short_circuit_decorator.py
[2023-04-30T17:58:34.932+0000] {processor.py:766} INFO - DAG(s) dict_keys(['example_short_circuit_decorator']) retrieved from /home/airflow/.local/lib/python3.7/site-packages/airflow/example_dags/example_short_circuit_decorator.py
[2023-04-30T17:58:34.969+0000] {logging_mixin.py:120} INFO - [2023-04-30T17:58:34.969+0000] {dag.py:2585} INFO - Sync 1 DAGs
[2023-04-30T17:58:34.995+0000] {logging_mixin.py:120} INFO - [2023-04-30T17:58:34.995+0000] {dag.py:3340} INFO - Setting next_dagrun for example_short_circuit_decorator to 2023-04-29T17:58:34.995416+00:00, run_after=2023-04-30T17:58:34.995416+00:00
[2023-04-30T17:58:35.020+0000] {processor.py:176} INFO - Processing /home/airflow/.local/lib/python3.7/site-packages/airflow/example_dags/example_short_circuit_decorator.py took 0.112 seconds
[2023-04-30T17:59:05.638+0000] {processor.py:154} INFO - Started process (PID=1271) to work on /home/airflow/.local/lib/python3.7/site-packages/airflow/example_dags/example_short_circuit_decorator.py
[2023-04-30T17:59:05.639+0000] {processor.py:756} INFO - Processing file /home/airflow/.local/lib/python3.7/site-packages/airflow/example_dags/example_short_circuit_decorator.py for tasks to queue
[2023-04-30T17:59:05.640+0000] {logging_mixin.py:120} INFO - [2023-04-30T17:59:05.640+0000] {dagbag.py:537} INFO - Filling up the DagBag from /home/airflow/.local/lib/python3.7/site-packages/airflow/example_dags/example_short_circuit_decorator.py
[2023-04-30T17:59:05.672+0000] {processor.py:766} INFO - DAG(s) dict_keys(['example_short_circuit_decorator']) retrieved from /home/airflow/.local/lib/python3.7/site-packages/airflow/example_dags/example_short_circuit_decorator.py
[2023-04-30T17:59:05.713+0000] {logging_mixin.py:120} INFO - [2023-04-30T17:59:05.713+0000] {dag.py:2585} INFO - Sync 1 DAGs
[2023-04-30T17:59:05.744+0000] {logging_mixin.py:120} INFO - [2023-04-30T17:59:05.744+0000] {dag.py:3340} INFO - Setting next_dagrun for example_short_circuit_decorator to 2023-04-29T17:59:05.744139+00:00, run_after=2023-04-30T17:59:05.744139+00:00
[2023-04-30T17:59:05.774+0000] {processor.py:176} INFO - Processing /home/airflow/.local/lib/python3.7/site-packages/airflow/example_dags/example_short_circuit_decorator.py took 0.139 seconds
[2023-04-30T17:59:36.420+0000] {processor.py:154} INFO - Started process (PID=1325) to work on /home/airflow/.local/lib/python3.7/site-packages/airflow/example_dags/example_short_circuit_decorator.py
[2023-04-30T17:59:36.421+0000] {processor.py:756} INFO - Processing file /home/airflow/.local/lib/python3.7/site-packages/airflow/example_dags/example_short_circuit_decorator.py for tasks to queue
[2023-04-30T17:59:36.422+0000] {logging_mixin.py:120} INFO - [2023-04-30T17:59:36.422+0000] {dagbag.py:537} INFO - Filling up the DagBag from /home/airflow/.local/lib/python3.7/site-packages/airflow/example_dags/example_short_circuit_decorator.py
[2023-04-30T17:59:36.441+0000] {processor.py:766} INFO - DAG(s) dict_keys(['example_short_circuit_decorator']) retrieved from /home/airflow/.local/lib/python3.7/site-packages/airflow/example_dags/example_short_circuit_decorator.py
[2023-04-30T17:59:36.476+0000] {logging_mixin.py:120} INFO - [2023-04-30T17:59:36.476+0000] {dag.py:2585} INFO - Sync 1 DAGs
[2023-04-30T17:59:36.502+0000] {logging_mixin.py:120} INFO - [2023-04-30T17:59:36.501+0000] {dag.py:3340} INFO - Setting next_dagrun for example_short_circuit_decorator to 2023-04-29T17:59:36.501813+00:00, run_after=2023-04-30T17:59:36.501813+00:00
[2023-04-30T17:59:36.525+0000] {processor.py:176} INFO - Processing /home/airflow/.local/lib/python3.7/site-packages/airflow/example_dags/example_short_circuit_decorator.py took 0.107 seconds
[2023-04-30T18:00:07.113+0000] {processor.py:154} INFO - Started process (PID=1389) to work on /home/airflow/.local/lib/python3.7/site-packages/airflow/example_dags/example_short_circuit_decorator.py
[2023-04-30T18:00:07.115+0000] {processor.py:756} INFO - Processing file /home/airflow/.local/lib/python3.7/site-packages/airflow/example_dags/example_short_circuit_decorator.py for tasks to queue
[2023-04-30T18:00:07.115+0000] {logging_mixin.py:120} INFO - [2023-04-30T18:00:07.115+0000] {dagbag.py:537} INFO - Filling up the DagBag from /home/airflow/.local/lib/python3.7/site-packages/airflow/example_dags/example_short_circuit_decorator.py
[2023-04-30T18:00:07.137+0000] {processor.py:766} INFO - DAG(s) dict_keys(['example_short_circuit_decorator']) retrieved from /home/airflow/.local/lib/python3.7/site-packages/airflow/example_dags/example_short_circuit_decorator.py
[2023-04-30T18:00:07.175+0000] {logging_mixin.py:120} INFO - [2023-04-30T18:00:07.175+0000] {dag.py:2585} INFO - Sync 1 DAGs
[2023-04-30T18:00:07.201+0000] {logging_mixin.py:120} INFO - [2023-04-30T18:00:07.201+0000] {dag.py:3340} INFO - Setting next_dagrun for example_short_circuit_decorator to 2023-04-29T18:00:07.201391+00:00, run_after=2023-04-30T18:00:07.201391+00:00
[2023-04-30T18:00:07.227+0000] {processor.py:176} INFO - Processing /home/airflow/.local/lib/python3.7/site-packages/airflow/example_dags/example_short_circuit_decorator.py took 0.117 seconds
[2023-04-30T18:00:37.829+0000] {processor.py:154} INFO - Started process (PID=1453) to work on /home/airflow/.local/lib/python3.7/site-packages/airflow/example_dags/example_short_circuit_decorator.py
[2023-04-30T18:00:37.830+0000] {processor.py:756} INFO - Processing file /home/airflow/.local/lib/python3.7/site-packages/airflow/example_dags/example_short_circuit_decorator.py for tasks to queue
[2023-04-30T18:00:37.831+0000] {logging_mixin.py:120} INFO - [2023-04-30T18:00:37.831+0000] {dagbag.py:537} INFO - Filling up the DagBag from /home/airflow/.local/lib/python3.7/site-packages/airflow/example_dags/example_short_circuit_decorator.py
[2023-04-30T18:00:37.849+0000] {processor.py:766} INFO - DAG(s) dict_keys(['example_short_circuit_decorator']) retrieved from /home/airflow/.local/lib/python3.7/site-packages/airflow/example_dags/example_short_circuit_decorator.py
[2023-04-30T18:00:37.884+0000] {logging_mixin.py:120} INFO - [2023-04-30T18:00:37.884+0000] {dag.py:2585} INFO - Sync 1 DAGs
[2023-04-30T18:00:37.909+0000] {logging_mixin.py:120} INFO - [2023-04-30T18:00:37.909+0000] {dag.py:3340} INFO - Setting next_dagrun for example_short_circuit_decorator to 2023-04-29T18:00:37.908917+00:00, run_after=2023-04-30T18:00:37.908917+00:00
[2023-04-30T18:00:37.933+0000] {processor.py:176} INFO - Processing /home/airflow/.local/lib/python3.7/site-packages/airflow/example_dags/example_short_circuit_decorator.py took 0.106 seconds
[2023-04-30T18:01:08.479+0000] {processor.py:154} INFO - Started process (PID=1507) to work on /home/airflow/.local/lib/python3.7/site-packages/airflow/example_dags/example_short_circuit_decorator.py
[2023-04-30T18:01:08.480+0000] {processor.py:756} INFO - Processing file /home/airflow/.local/lib/python3.7/site-packages/airflow/example_dags/example_short_circuit_decorator.py for tasks to queue
[2023-04-30T18:01:08.481+0000] {logging_mixin.py:120} INFO - [2023-04-30T18:01:08.481+0000] {dagbag.py:537} INFO - Filling up the DagBag from /home/airflow/.local/lib/python3.7/site-packages/airflow/example_dags/example_short_circuit_decorator.py
[2023-04-30T18:01:08.506+0000] {processor.py:766} INFO - DAG(s) dict_keys(['example_short_circuit_decorator']) retrieved from /home/airflow/.local/lib/python3.7/site-packages/airflow/example_dags/example_short_circuit_decorator.py
[2023-04-30T18:01:08.545+0000] {logging_mixin.py:120} INFO - [2023-04-30T18:01:08.545+0000] {dag.py:2585} INFO - Sync 1 DAGs
[2023-04-30T18:01:08.572+0000] {logging_mixin.py:120} INFO - [2023-04-30T18:01:08.572+0000] {dag.py:3340} INFO - Setting next_dagrun for example_short_circuit_decorator to 2023-04-29T18:01:08.572433+00:00, run_after=2023-04-30T18:01:08.572433+00:00
[2023-04-30T18:01:08.599+0000] {processor.py:176} INFO - Processing /home/airflow/.local/lib/python3.7/site-packages/airflow/example_dags/example_short_circuit_decorator.py took 0.123 seconds
[2023-04-30T18:01:39.310+0000] {processor.py:154} INFO - Started process (PID=1570) to work on /home/airflow/.local/lib/python3.7/site-packages/airflow/example_dags/example_short_circuit_decorator.py
[2023-04-30T18:01:39.311+0000] {processor.py:756} INFO - Processing file /home/airflow/.local/lib/python3.7/site-packages/airflow/example_dags/example_short_circuit_decorator.py for tasks to queue
[2023-04-30T18:01:39.312+0000] {logging_mixin.py:120} INFO - [2023-04-30T18:01:39.311+0000] {dagbag.py:537} INFO - Filling up the DagBag from /home/airflow/.local/lib/python3.7/site-packages/airflow/example_dags/example_short_circuit_decorator.py
[2023-04-30T18:01:39.332+0000] {processor.py:766} INFO - DAG(s) dict_keys(['example_short_circuit_decorator']) retrieved from /home/airflow/.local/lib/python3.7/site-packages/airflow/example_dags/example_short_circuit_decorator.py
[2023-04-30T18:01:39.371+0000] {logging_mixin.py:120} INFO - [2023-04-30T18:01:39.371+0000] {dag.py:2585} INFO - Sync 1 DAGs
[2023-04-30T18:01:39.402+0000] {logging_mixin.py:120} INFO - [2023-04-30T18:01:39.402+0000] {dag.py:3340} INFO - Setting next_dagrun for example_short_circuit_decorator to 2023-04-29T18:01:39.402576+00:00, run_after=2023-04-30T18:01:39.402576+00:00
[2023-04-30T18:01:39.429+0000] {processor.py:176} INFO - Processing /home/airflow/.local/lib/python3.7/site-packages/airflow/example_dags/example_short_circuit_decorator.py took 0.122 seconds
[2023-04-30T18:02:09.853+0000] {processor.py:154} INFO - Started process (PID=1633) to work on /home/airflow/.local/lib/python3.7/site-packages/airflow/example_dags/example_short_circuit_decorator.py
[2023-04-30T18:02:09.854+0000] {processor.py:756} INFO - Processing file /home/airflow/.local/lib/python3.7/site-packages/airflow/example_dags/example_short_circuit_decorator.py for tasks to queue
[2023-04-30T18:02:09.855+0000] {logging_mixin.py:120} INFO - [2023-04-30T18:02:09.855+0000] {dagbag.py:537} INFO - Filling up the DagBag from /home/airflow/.local/lib/python3.7/site-packages/airflow/example_dags/example_short_circuit_decorator.py
[2023-04-30T18:02:09.875+0000] {processor.py:766} INFO - DAG(s) dict_keys(['example_short_circuit_decorator']) retrieved from /home/airflow/.local/lib/python3.7/site-packages/airflow/example_dags/example_short_circuit_decorator.py
[2023-04-30T18:02:09.911+0000] {logging_mixin.py:120} INFO - [2023-04-30T18:02:09.911+0000] {dag.py:2585} INFO - Sync 1 DAGs
[2023-04-30T18:02:09.938+0000] {logging_mixin.py:120} INFO - [2023-04-30T18:02:09.938+0000] {dag.py:3340} INFO - Setting next_dagrun for example_short_circuit_decorator to 2023-04-29T18:02:09.938489+00:00, run_after=2023-04-30T18:02:09.938489+00:00
[2023-04-30T18:02:09.962+0000] {processor.py:176} INFO - Processing /home/airflow/.local/lib/python3.7/site-packages/airflow/example_dags/example_short_circuit_decorator.py took 0.111 seconds
[2023-04-30T18:02:40.283+0000] {processor.py:154} INFO - Started process (PID=1687) to work on /home/airflow/.local/lib/python3.7/site-packages/airflow/example_dags/example_short_circuit_decorator.py
[2023-04-30T18:02:40.284+0000] {processor.py:756} INFO - Processing file /home/airflow/.local/lib/python3.7/site-packages/airflow/example_dags/example_short_circuit_decorator.py for tasks to queue
[2023-04-30T18:02:40.284+0000] {logging_mixin.py:120} INFO - [2023-04-30T18:02:40.284+0000] {dagbag.py:537} INFO - Filling up the DagBag from /home/airflow/.local/lib/python3.7/site-packages/airflow/example_dags/example_short_circuit_decorator.py
[2023-04-30T18:02:40.303+0000] {processor.py:766} INFO - DAG(s) dict_keys(['example_short_circuit_decorator']) retrieved from /home/airflow/.local/lib/python3.7/site-packages/airflow/example_dags/example_short_circuit_decorator.py
[2023-04-30T18:02:40.339+0000] {logging_mixin.py:120} INFO - [2023-04-30T18:02:40.339+0000] {dag.py:2585} INFO - Sync 1 DAGs
[2023-04-30T18:02:40.365+0000] {logging_mixin.py:120} INFO - [2023-04-30T18:02:40.365+0000] {dag.py:3340} INFO - Setting next_dagrun for example_short_circuit_decorator to 2023-04-29T18:02:40.364902+00:00, run_after=2023-04-30T18:02:40.364902+00:00
[2023-04-30T18:02:40.387+0000] {processor.py:176} INFO - Processing /home/airflow/.local/lib/python3.7/site-packages/airflow/example_dags/example_short_circuit_decorator.py took 0.107 seconds
[2023-04-30T18:03:10.790+0000] {processor.py:154} INFO - Started process (PID=1750) to work on /home/airflow/.local/lib/python3.7/site-packages/airflow/example_dags/example_short_circuit_decorator.py
[2023-04-30T18:03:10.792+0000] {processor.py:756} INFO - Processing file /home/airflow/.local/lib/python3.7/site-packages/airflow/example_dags/example_short_circuit_decorator.py for tasks to queue
[2023-04-30T18:03:10.793+0000] {logging_mixin.py:120} INFO - [2023-04-30T18:03:10.792+0000] {dagbag.py:537} INFO - Filling up the DagBag from /home/airflow/.local/lib/python3.7/site-packages/airflow/example_dags/example_short_circuit_decorator.py
[2023-04-30T18:03:10.814+0000] {processor.py:766} INFO - DAG(s) dict_keys(['example_short_circuit_decorator']) retrieved from /home/airflow/.local/lib/python3.7/site-packages/airflow/example_dags/example_short_circuit_decorator.py
[2023-04-30T18:03:10.852+0000] {logging_mixin.py:120} INFO - [2023-04-30T18:03:10.852+0000] {dag.py:2585} INFO - Sync 1 DAGs
[2023-04-30T18:03:10.878+0000] {logging_mixin.py:120} INFO - [2023-04-30T18:03:10.877+0000] {dag.py:3340} INFO - Setting next_dagrun for example_short_circuit_decorator to 2023-04-29T18:03:10.877724+00:00, run_after=2023-04-30T18:03:10.877724+00:00
[2023-04-30T18:03:10.901+0000] {processor.py:176} INFO - Processing /home/airflow/.local/lib/python3.7/site-packages/airflow/example_dags/example_short_circuit_decorator.py took 0.113 seconds
[2023-04-30T18:03:41.378+0000] {processor.py:154} INFO - Started process (PID=1814) to work on /home/airflow/.local/lib/python3.7/site-packages/airflow/example_dags/example_short_circuit_decorator.py
[2023-04-30T18:03:41.380+0000] {processor.py:756} INFO - Processing file /home/airflow/.local/lib/python3.7/site-packages/airflow/example_dags/example_short_circuit_decorator.py for tasks to queue
[2023-04-30T18:03:41.380+0000] {logging_mixin.py:120} INFO - [2023-04-30T18:03:41.380+0000] {dagbag.py:537} INFO - Filling up the DagBag from /home/airflow/.local/lib/python3.7/site-packages/airflow/example_dags/example_short_circuit_decorator.py
[2023-04-30T18:03:41.400+0000] {processor.py:766} INFO - DAG(s) dict_keys(['example_short_circuit_decorator']) retrieved from /home/airflow/.local/lib/python3.7/site-packages/airflow/example_dags/example_short_circuit_decorator.py
[2023-04-30T18:03:41.436+0000] {logging_mixin.py:120} INFO - [2023-04-30T18:03:41.436+0000] {dag.py:2585} INFO - Sync 1 DAGs
[2023-04-30T18:03:41.462+0000] {logging_mixin.py:120} INFO - [2023-04-30T18:03:41.462+0000] {dag.py:3340} INFO - Setting next_dagrun for example_short_circuit_decorator to 2023-04-29T18:03:41.462630+00:00, run_after=2023-04-30T18:03:41.462630+00:00
[2023-04-30T18:03:41.485+0000] {processor.py:176} INFO - Processing /home/airflow/.local/lib/python3.7/site-packages/airflow/example_dags/example_short_circuit_decorator.py took 0.109 seconds
[2023-04-30T18:04:11.917+0000] {processor.py:154} INFO - Started process (PID=1877) to work on /home/airflow/.local/lib/python3.7/site-packages/airflow/example_dags/example_short_circuit_decorator.py
[2023-04-30T18:04:11.918+0000] {processor.py:756} INFO - Processing file /home/airflow/.local/lib/python3.7/site-packages/airflow/example_dags/example_short_circuit_decorator.py for tasks to queue
[2023-04-30T18:04:11.918+0000] {logging_mixin.py:120} INFO - [2023-04-30T18:04:11.918+0000] {dagbag.py:537} INFO - Filling up the DagBag from /home/airflow/.local/lib/python3.7/site-packages/airflow/example_dags/example_short_circuit_decorator.py
[2023-04-30T18:04:11.938+0000] {processor.py:766} INFO - DAG(s) dict_keys(['example_short_circuit_decorator']) retrieved from /home/airflow/.local/lib/python3.7/site-packages/airflow/example_dags/example_short_circuit_decorator.py
[2023-04-30T18:04:11.978+0000] {logging_mixin.py:120} INFO - [2023-04-30T18:04:11.977+0000] {dag.py:2585} INFO - Sync 1 DAGs
[2023-04-30T18:04:12.005+0000] {logging_mixin.py:120} INFO - [2023-04-30T18:04:12.004+0000] {dag.py:3340} INFO - Setting next_dagrun for example_short_circuit_decorator to 2023-04-29T18:04:12.004791+00:00, run_after=2023-04-30T18:04:12.004791+00:00
[2023-04-30T18:04:12.032+0000] {processor.py:176} INFO - Processing /home/airflow/.local/lib/python3.7/site-packages/airflow/example_dags/example_short_circuit_decorator.py took 0.118 seconds
[2023-04-30T18:04:42.469+0000] {processor.py:154} INFO - Started process (PID=1932) to work on /home/airflow/.local/lib/python3.7/site-packages/airflow/example_dags/example_short_circuit_decorator.py
[2023-04-30T18:04:42.470+0000] {processor.py:756} INFO - Processing file /home/airflow/.local/lib/python3.7/site-packages/airflow/example_dags/example_short_circuit_decorator.py for tasks to queue
[2023-04-30T18:04:42.470+0000] {logging_mixin.py:120} INFO - [2023-04-30T18:04:42.470+0000] {dagbag.py:537} INFO - Filling up the DagBag from /home/airflow/.local/lib/python3.7/site-packages/airflow/example_dags/example_short_circuit_decorator.py
[2023-04-30T18:04:42.489+0000] {processor.py:766} INFO - DAG(s) dict_keys(['example_short_circuit_decorator']) retrieved from /home/airflow/.local/lib/python3.7/site-packages/airflow/example_dags/example_short_circuit_decorator.py
[2023-04-30T18:04:42.526+0000] {logging_mixin.py:120} INFO - [2023-04-30T18:04:42.526+0000] {dag.py:2585} INFO - Sync 1 DAGs
[2023-04-30T18:04:42.552+0000] {logging_mixin.py:120} INFO - [2023-04-30T18:04:42.552+0000] {dag.py:3340} INFO - Setting next_dagrun for example_short_circuit_decorator to 2023-04-29T18:04:42.552232+00:00, run_after=2023-04-30T18:04:42.552232+00:00
[2023-04-30T18:04:42.577+0000] {processor.py:176} INFO - Processing /home/airflow/.local/lib/python3.7/site-packages/airflow/example_dags/example_short_circuit_decorator.py took 0.110 seconds
[2023-04-30T18:05:13.054+0000] {processor.py:154} INFO - Started process (PID=1995) to work on /home/airflow/.local/lib/python3.7/site-packages/airflow/example_dags/example_short_circuit_decorator.py
[2023-04-30T18:05:13.055+0000] {processor.py:756} INFO - Processing file /home/airflow/.local/lib/python3.7/site-packages/airflow/example_dags/example_short_circuit_decorator.py for tasks to queue
[2023-04-30T18:05:13.056+0000] {logging_mixin.py:120} INFO - [2023-04-30T18:05:13.056+0000] {dagbag.py:537} INFO - Filling up the DagBag from /home/airflow/.local/lib/python3.7/site-packages/airflow/example_dags/example_short_circuit_decorator.py
[2023-04-30T18:05:13.081+0000] {processor.py:766} INFO - DAG(s) dict_keys(['example_short_circuit_decorator']) retrieved from /home/airflow/.local/lib/python3.7/site-packages/airflow/example_dags/example_short_circuit_decorator.py
[2023-04-30T18:05:13.123+0000] {logging_mixin.py:120} INFO - [2023-04-30T18:05:13.123+0000] {dag.py:2585} INFO - Sync 1 DAGs
[2023-04-30T18:05:13.152+0000] {logging_mixin.py:120} INFO - [2023-04-30T18:05:13.152+0000] {dag.py:3340} INFO - Setting next_dagrun for example_short_circuit_decorator to 2023-04-29T18:05:13.151974+00:00, run_after=2023-04-30T18:05:13.151974+00:00
[2023-04-30T18:05:13.178+0000] {processor.py:176} INFO - Processing /home/airflow/.local/lib/python3.7/site-packages/airflow/example_dags/example_short_circuit_decorator.py took 0.127 seconds
[2023-04-30T18:05:43.727+0000] {processor.py:154} INFO - Started process (PID=2059) to work on /home/airflow/.local/lib/python3.7/site-packages/airflow/example_dags/example_short_circuit_decorator.py
[2023-04-30T18:05:43.728+0000] {processor.py:756} INFO - Processing file /home/airflow/.local/lib/python3.7/site-packages/airflow/example_dags/example_short_circuit_decorator.py for tasks to queue
[2023-04-30T18:05:43.728+0000] {logging_mixin.py:120} INFO - [2023-04-30T18:05:43.728+0000] {dagbag.py:537} INFO - Filling up the DagBag from /home/airflow/.local/lib/python3.7/site-packages/airflow/example_dags/example_short_circuit_decorator.py
[2023-04-30T18:05:43.747+0000] {processor.py:766} INFO - DAG(s) dict_keys(['example_short_circuit_decorator']) retrieved from /home/airflow/.local/lib/python3.7/site-packages/airflow/example_dags/example_short_circuit_decorator.py
[2023-04-30T18:05:43.782+0000] {logging_mixin.py:120} INFO - [2023-04-30T18:05:43.782+0000] {dag.py:2585} INFO - Sync 1 DAGs
[2023-04-30T18:05:43.808+0000] {logging_mixin.py:120} INFO - [2023-04-30T18:05:43.808+0000] {dag.py:3340} INFO - Setting next_dagrun for example_short_circuit_decorator to 2023-04-29T18:05:43.808450+00:00, run_after=2023-04-30T18:05:43.808450+00:00
[2023-04-30T18:05:43.832+0000] {processor.py:176} INFO - Processing /home/airflow/.local/lib/python3.7/site-packages/airflow/example_dags/example_short_circuit_decorator.py took 0.106 seconds
[2023-04-30T18:06:14.281+0000] {processor.py:154} INFO - Started process (PID=2113) to work on /home/airflow/.local/lib/python3.7/site-packages/airflow/example_dags/example_short_circuit_decorator.py
[2023-04-30T18:06:14.282+0000] {processor.py:756} INFO - Processing file /home/airflow/.local/lib/python3.7/site-packages/airflow/example_dags/example_short_circuit_decorator.py for tasks to queue
[2023-04-30T18:06:14.282+0000] {logging_mixin.py:120} INFO - [2023-04-30T18:06:14.282+0000] {dagbag.py:537} INFO - Filling up the DagBag from /home/airflow/.local/lib/python3.7/site-packages/airflow/example_dags/example_short_circuit_decorator.py
[2023-04-30T18:06:14.301+0000] {processor.py:766} INFO - DAG(s) dict_keys(['example_short_circuit_decorator']) retrieved from /home/airflow/.local/lib/python3.7/site-packages/airflow/example_dags/example_short_circuit_decorator.py
[2023-04-30T18:06:14.340+0000] {logging_mixin.py:120} INFO - [2023-04-30T18:06:14.340+0000] {dag.py:2585} INFO - Sync 1 DAGs
[2023-04-30T18:06:14.365+0000] {logging_mixin.py:120} INFO - [2023-04-30T18:06:14.365+0000] {dag.py:3340} INFO - Setting next_dagrun for example_short_circuit_decorator to 2023-04-29T18:06:14.364858+00:00, run_after=2023-04-30T18:06:14.364858+00:00
[2023-04-30T18:06:14.388+0000] {processor.py:176} INFO - Processing /home/airflow/.local/lib/python3.7/site-packages/airflow/example_dags/example_short_circuit_decorator.py took 0.109 seconds
[2023-04-30T18:06:44.784+0000] {processor.py:154} INFO - Started process (PID=2176) to work on /home/airflow/.local/lib/python3.7/site-packages/airflow/example_dags/example_short_circuit_decorator.py
[2023-04-30T18:06:44.784+0000] {processor.py:756} INFO - Processing file /home/airflow/.local/lib/python3.7/site-packages/airflow/example_dags/example_short_circuit_decorator.py for tasks to queue
[2023-04-30T18:06:44.785+0000] {logging_mixin.py:120} INFO - [2023-04-30T18:06:44.785+0000] {dagbag.py:537} INFO - Filling up the DagBag from /home/airflow/.local/lib/python3.7/site-packages/airflow/example_dags/example_short_circuit_decorator.py
[2023-04-30T18:06:44.804+0000] {processor.py:766} INFO - DAG(s) dict_keys(['example_short_circuit_decorator']) retrieved from /home/airflow/.local/lib/python3.7/site-packages/airflow/example_dags/example_short_circuit_decorator.py
[2023-04-30T18:06:44.841+0000] {logging_mixin.py:120} INFO - [2023-04-30T18:06:44.841+0000] {dag.py:2585} INFO - Sync 1 DAGs
[2023-04-30T18:06:44.867+0000] {logging_mixin.py:120} INFO - [2023-04-30T18:06:44.867+0000] {dag.py:3340} INFO - Setting next_dagrun for example_short_circuit_decorator to 2023-04-29T18:06:44.866926+00:00, run_after=2023-04-30T18:06:44.866926+00:00
[2023-04-30T18:06:44.890+0000] {processor.py:176} INFO - Processing /home/airflow/.local/lib/python3.7/site-packages/airflow/example_dags/example_short_circuit_decorator.py took 0.108 seconds
[2023-04-30T18:07:15.396+0000] {processor.py:154} INFO - Started process (PID=2239) to work on /home/airflow/.local/lib/python3.7/site-packages/airflow/example_dags/example_short_circuit_decorator.py
[2023-04-30T18:07:15.397+0000] {processor.py:756} INFO - Processing file /home/airflow/.local/lib/python3.7/site-packages/airflow/example_dags/example_short_circuit_decorator.py for tasks to queue
[2023-04-30T18:07:15.398+0000] {logging_mixin.py:120} INFO - [2023-04-30T18:07:15.398+0000] {dagbag.py:537} INFO - Filling up the DagBag from /home/airflow/.local/lib/python3.7/site-packages/airflow/example_dags/example_short_circuit_decorator.py
[2023-04-30T18:07:15.418+0000] {processor.py:766} INFO - DAG(s) dict_keys(['example_short_circuit_decorator']) retrieved from /home/airflow/.local/lib/python3.7/site-packages/airflow/example_dags/example_short_circuit_decorator.py
[2023-04-30T18:07:15.455+0000] {logging_mixin.py:120} INFO - [2023-04-30T18:07:15.454+0000] {dag.py:2585} INFO - Sync 1 DAGs
[2023-04-30T18:07:15.483+0000] {logging_mixin.py:120} INFO - [2023-04-30T18:07:15.483+0000] {dag.py:3340} INFO - Setting next_dagrun for example_short_circuit_decorator to 2023-04-29T18:07:15.483058+00:00, run_after=2023-04-30T18:07:15.483058+00:00
[2023-04-30T18:07:15.507+0000] {processor.py:176} INFO - Processing /home/airflow/.local/lib/python3.7/site-packages/airflow/example_dags/example_short_circuit_decorator.py took 0.113 seconds
[2023-04-30T18:07:45.886+0000] {processor.py:154} INFO - Started process (PID=2293) to work on /home/airflow/.local/lib/python3.7/site-packages/airflow/example_dags/example_short_circuit_decorator.py
[2023-04-30T18:07:45.887+0000] {processor.py:756} INFO - Processing file /home/airflow/.local/lib/python3.7/site-packages/airflow/example_dags/example_short_circuit_decorator.py for tasks to queue
[2023-04-30T18:07:45.887+0000] {logging_mixin.py:120} INFO - [2023-04-30T18:07:45.887+0000] {dagbag.py:537} INFO - Filling up the DagBag from /home/airflow/.local/lib/python3.7/site-packages/airflow/example_dags/example_short_circuit_decorator.py
[2023-04-30T18:07:45.906+0000] {processor.py:766} INFO - DAG(s) dict_keys(['example_short_circuit_decorator']) retrieved from /home/airflow/.local/lib/python3.7/site-packages/airflow/example_dags/example_short_circuit_decorator.py
[2023-04-30T18:07:45.942+0000] {logging_mixin.py:120} INFO - [2023-04-30T18:07:45.942+0000] {dag.py:2585} INFO - Sync 1 DAGs
[2023-04-30T18:07:45.968+0000] {logging_mixin.py:120} INFO - [2023-04-30T18:07:45.968+0000] {dag.py:3340} INFO - Setting next_dagrun for example_short_circuit_decorator to 2023-04-29T18:07:45.968575+00:00, run_after=2023-04-30T18:07:45.968575+00:00
[2023-04-30T18:07:45.991+0000] {processor.py:176} INFO - Processing /home/airflow/.local/lib/python3.7/site-packages/airflow/example_dags/example_short_circuit_decorator.py took 0.106 seconds
[2023-04-30T18:08:16.398+0000] {processor.py:154} INFO - Started process (PID=2356) to work on /home/airflow/.local/lib/python3.7/site-packages/airflow/example_dags/example_short_circuit_decorator.py
[2023-04-30T18:08:16.399+0000] {processor.py:756} INFO - Processing file /home/airflow/.local/lib/python3.7/site-packages/airflow/example_dags/example_short_circuit_decorator.py for tasks to queue
[2023-04-30T18:08:16.400+0000] {logging_mixin.py:120} INFO - [2023-04-30T18:08:16.400+0000] {dagbag.py:537} INFO - Filling up the DagBag from /home/airflow/.local/lib/python3.7/site-packages/airflow/example_dags/example_short_circuit_decorator.py
[2023-04-30T18:08:16.420+0000] {processor.py:766} INFO - DAG(s) dict_keys(['example_short_circuit_decorator']) retrieved from /home/airflow/.local/lib/python3.7/site-packages/airflow/example_dags/example_short_circuit_decorator.py
[2023-04-30T18:08:16.462+0000] {logging_mixin.py:120} INFO - [2023-04-30T18:08:16.462+0000] {dag.py:2585} INFO - Sync 1 DAGs
[2023-04-30T18:08:16.497+0000] {logging_mixin.py:120} INFO - [2023-04-30T18:08:16.497+0000] {dag.py:3340} INFO - Setting next_dagrun for example_short_circuit_decorator to 2023-04-29T18:08:16.497372+00:00, run_after=2023-04-30T18:08:16.497372+00:00
[2023-04-30T18:08:16.524+0000] {processor.py:176} INFO - Processing /home/airflow/.local/lib/python3.7/site-packages/airflow/example_dags/example_short_circuit_decorator.py took 0.129 seconds
[2023-04-30T18:08:46.859+0000] {processor.py:154} INFO - Started process (PID=2419) to work on /home/airflow/.local/lib/python3.7/site-packages/airflow/example_dags/example_short_circuit_decorator.py
[2023-04-30T18:08:46.860+0000] {processor.py:756} INFO - Processing file /home/airflow/.local/lib/python3.7/site-packages/airflow/example_dags/example_short_circuit_decorator.py for tasks to queue
[2023-04-30T18:08:46.861+0000] {logging_mixin.py:120} INFO - [2023-04-30T18:08:46.861+0000] {dagbag.py:537} INFO - Filling up the DagBag from /home/airflow/.local/lib/python3.7/site-packages/airflow/example_dags/example_short_circuit_decorator.py
[2023-04-30T18:08:46.880+0000] {processor.py:766} INFO - DAG(s) dict_keys(['example_short_circuit_decorator']) retrieved from /home/airflow/.local/lib/python3.7/site-packages/airflow/example_dags/example_short_circuit_decorator.py
[2023-04-30T18:08:46.920+0000] {logging_mixin.py:120} INFO - [2023-04-30T18:08:46.920+0000] {dag.py:2585} INFO - Sync 1 DAGs
[2023-04-30T18:08:46.946+0000] {logging_mixin.py:120} INFO - [2023-04-30T18:08:46.946+0000] {dag.py:3340} INFO - Setting next_dagrun for example_short_circuit_decorator to 2023-04-29T18:08:46.945933+00:00, run_after=2023-04-30T18:08:46.945933+00:00
[2023-04-30T18:08:46.969+0000] {processor.py:176} INFO - Processing /home/airflow/.local/lib/python3.7/site-packages/airflow/example_dags/example_short_circuit_decorator.py took 0.111 seconds
[2023-04-30T18:09:17.493+0000] {processor.py:154} INFO - Started process (PID=2482) to work on /home/airflow/.local/lib/python3.7/site-packages/airflow/example_dags/example_short_circuit_decorator.py
[2023-04-30T18:09:17.494+0000] {processor.py:756} INFO - Processing file /home/airflow/.local/lib/python3.7/site-packages/airflow/example_dags/example_short_circuit_decorator.py for tasks to queue
[2023-04-30T18:09:17.494+0000] {logging_mixin.py:120} INFO - [2023-04-30T18:09:17.494+0000] {dagbag.py:537} INFO - Filling up the DagBag from /home/airflow/.local/lib/python3.7/site-packages/airflow/example_dags/example_short_circuit_decorator.py
[2023-04-30T18:09:17.521+0000] {processor.py:766} INFO - DAG(s) dict_keys(['example_short_circuit_decorator']) retrieved from /home/airflow/.local/lib/python3.7/site-packages/airflow/example_dags/example_short_circuit_decorator.py
[2023-04-30T18:09:17.559+0000] {logging_mixin.py:120} INFO - [2023-04-30T18:09:17.559+0000] {dag.py:2585} INFO - Sync 1 DAGs
[2023-04-30T18:09:17.587+0000] {logging_mixin.py:120} INFO - [2023-04-30T18:09:17.587+0000] {dag.py:3340} INFO - Setting next_dagrun for example_short_circuit_decorator to 2023-04-29T18:09:17.587256+00:00, run_after=2023-04-30T18:09:17.587256+00:00
[2023-04-30T18:09:17.617+0000] {processor.py:176} INFO - Processing /home/airflow/.local/lib/python3.7/site-packages/airflow/example_dags/example_short_circuit_decorator.py took 0.127 seconds
[2023-04-30T18:09:48.203+0000] {processor.py:154} INFO - Started process (PID=2536) to work on /home/airflow/.local/lib/python3.7/site-packages/airflow/example_dags/example_short_circuit_decorator.py
[2023-04-30T18:09:48.204+0000] {processor.py:756} INFO - Processing file /home/airflow/.local/lib/python3.7/site-packages/airflow/example_dags/example_short_circuit_decorator.py for tasks to queue
[2023-04-30T18:09:48.204+0000] {logging_mixin.py:120} INFO - [2023-04-30T18:09:48.204+0000] {dagbag.py:537} INFO - Filling up the DagBag from /home/airflow/.local/lib/python3.7/site-packages/airflow/example_dags/example_short_circuit_decorator.py
[2023-04-30T18:09:48.224+0000] {processor.py:766} INFO - DAG(s) dict_keys(['example_short_circuit_decorator']) retrieved from /home/airflow/.local/lib/python3.7/site-packages/airflow/example_dags/example_short_circuit_decorator.py
[2023-04-30T18:09:48.260+0000] {logging_mixin.py:120} INFO - [2023-04-30T18:09:48.260+0000] {dag.py:2585} INFO - Sync 1 DAGs
[2023-04-30T18:09:48.288+0000] {logging_mixin.py:120} INFO - [2023-04-30T18:09:48.288+0000] {dag.py:3340} INFO - Setting next_dagrun for example_short_circuit_decorator to 2023-04-29T18:09:48.287890+00:00, run_after=2023-04-30T18:09:48.287890+00:00
[2023-04-30T18:09:48.312+0000] {processor.py:176} INFO - Processing /home/airflow/.local/lib/python3.7/site-packages/airflow/example_dags/example_short_circuit_decorator.py took 0.112 seconds
[2023-04-30T18:10:18.772+0000] {processor.py:154} INFO - Started process (PID=2599) to work on /home/airflow/.local/lib/python3.7/site-packages/airflow/example_dags/example_short_circuit_decorator.py
[2023-04-30T18:10:18.773+0000] {processor.py:756} INFO - Processing file /home/airflow/.local/lib/python3.7/site-packages/airflow/example_dags/example_short_circuit_decorator.py for tasks to queue
[2023-04-30T18:10:18.774+0000] {logging_mixin.py:120} INFO - [2023-04-30T18:10:18.774+0000] {dagbag.py:537} INFO - Filling up the DagBag from /home/airflow/.local/lib/python3.7/site-packages/airflow/example_dags/example_short_circuit_decorator.py
[2023-04-30T18:10:18.794+0000] {processor.py:766} INFO - DAG(s) dict_keys(['example_short_circuit_decorator']) retrieved from /home/airflow/.local/lib/python3.7/site-packages/airflow/example_dags/example_short_circuit_decorator.py
[2023-04-30T18:10:18.832+0000] {logging_mixin.py:120} INFO - [2023-04-30T18:10:18.831+0000] {dag.py:2585} INFO - Sync 1 DAGs
[2023-04-30T18:10:18.857+0000] {logging_mixin.py:120} INFO - [2023-04-30T18:10:18.857+0000] {dag.py:3340} INFO - Setting next_dagrun for example_short_circuit_decorator to 2023-04-29T18:10:18.857294+00:00, run_after=2023-04-30T18:10:18.857294+00:00
[2023-04-30T18:10:18.882+0000] {processor.py:176} INFO - Processing /home/airflow/.local/lib/python3.7/site-packages/airflow/example_dags/example_short_circuit_decorator.py took 0.112 seconds
[2023-04-30T18:10:49.239+0000] {processor.py:154} INFO - Started process (PID=2662) to work on /home/airflow/.local/lib/python3.7/site-packages/airflow/example_dags/example_short_circuit_decorator.py
[2023-04-30T18:10:49.239+0000] {processor.py:756} INFO - Processing file /home/airflow/.local/lib/python3.7/site-packages/airflow/example_dags/example_short_circuit_decorator.py for tasks to queue
[2023-04-30T18:10:49.240+0000] {logging_mixin.py:120} INFO - [2023-04-30T18:10:49.240+0000] {dagbag.py:537} INFO - Filling up the DagBag from /home/airflow/.local/lib/python3.7/site-packages/airflow/example_dags/example_short_circuit_decorator.py
[2023-04-30T18:10:49.263+0000] {processor.py:766} INFO - DAG(s) dict_keys(['example_short_circuit_decorator']) retrieved from /home/airflow/.local/lib/python3.7/site-packages/airflow/example_dags/example_short_circuit_decorator.py
[2023-04-30T18:10:49.301+0000] {logging_mixin.py:120} INFO - [2023-04-30T18:10:49.301+0000] {dag.py:2585} INFO - Sync 1 DAGs
[2023-04-30T18:10:49.327+0000] {logging_mixin.py:120} INFO - [2023-04-30T18:10:49.327+0000] {dag.py:3340} INFO - Setting next_dagrun for example_short_circuit_decorator to 2023-04-29T18:10:49.326875+00:00, run_after=2023-04-30T18:10:49.326875+00:00
[2023-04-30T18:10:49.350+0000] {processor.py:176} INFO - Processing /home/airflow/.local/lib/python3.7/site-packages/airflow/example_dags/example_short_circuit_decorator.py took 0.113 seconds
[2023-04-30T18:11:19.791+0000] {processor.py:154} INFO - Started process (PID=2716) to work on /home/airflow/.local/lib/python3.7/site-packages/airflow/example_dags/example_short_circuit_decorator.py
[2023-04-30T18:11:19.792+0000] {processor.py:756} INFO - Processing file /home/airflow/.local/lib/python3.7/site-packages/airflow/example_dags/example_short_circuit_decorator.py for tasks to queue
[2023-04-30T18:11:19.792+0000] {logging_mixin.py:120} INFO - [2023-04-30T18:11:19.792+0000] {dagbag.py:537} INFO - Filling up the DagBag from /home/airflow/.local/lib/python3.7/site-packages/airflow/example_dags/example_short_circuit_decorator.py
[2023-04-30T18:11:19.812+0000] {processor.py:766} INFO - DAG(s) dict_keys(['example_short_circuit_decorator']) retrieved from /home/airflow/.local/lib/python3.7/site-packages/airflow/example_dags/example_short_circuit_decorator.py
[2023-04-30T18:11:19.847+0000] {logging_mixin.py:120} INFO - [2023-04-30T18:11:19.847+0000] {dag.py:2585} INFO - Sync 1 DAGs
[2023-04-30T18:11:19.872+0000] {logging_mixin.py:120} INFO - [2023-04-30T18:11:19.872+0000] {dag.py:3340} INFO - Setting next_dagrun for example_short_circuit_decorator to 2023-04-29T18:11:19.871920+00:00, run_after=2023-04-30T18:11:19.871920+00:00
[2023-04-30T18:11:19.895+0000] {processor.py:176} INFO - Processing /home/airflow/.local/lib/python3.7/site-packages/airflow/example_dags/example_short_circuit_decorator.py took 0.106 seconds
[2023-04-30T18:11:50.202+0000] {processor.py:154} INFO - Started process (PID=2779) to work on /home/airflow/.local/lib/python3.7/site-packages/airflow/example_dags/example_short_circuit_decorator.py
[2023-04-30T18:11:50.203+0000] {processor.py:756} INFO - Processing file /home/airflow/.local/lib/python3.7/site-packages/airflow/example_dags/example_short_circuit_decorator.py for tasks to queue
[2023-04-30T18:11:50.204+0000] {logging_mixin.py:120} INFO - [2023-04-30T18:11:50.204+0000] {dagbag.py:537} INFO - Filling up the DagBag from /home/airflow/.local/lib/python3.7/site-packages/airflow/example_dags/example_short_circuit_decorator.py
[2023-04-30T18:11:50.223+0000] {processor.py:766} INFO - DAG(s) dict_keys(['example_short_circuit_decorator']) retrieved from /home/airflow/.local/lib/python3.7/site-packages/airflow/example_dags/example_short_circuit_decorator.py
[2023-04-30T18:11:50.258+0000] {logging_mixin.py:120} INFO - [2023-04-30T18:11:50.258+0000] {dag.py:2585} INFO - Sync 1 DAGs
[2023-04-30T18:11:50.285+0000] {logging_mixin.py:120} INFO - [2023-04-30T18:11:50.285+0000] {dag.py:3340} INFO - Setting next_dagrun for example_short_circuit_decorator to 2023-04-29T18:11:50.285170+00:00, run_after=2023-04-30T18:11:50.285170+00:00
[2023-04-30T18:11:50.307+0000] {processor.py:176} INFO - Processing /home/airflow/.local/lib/python3.7/site-packages/airflow/example_dags/example_short_circuit_decorator.py took 0.106 seconds
[2023-04-30T18:20:42.204+0000] {processor.py:154} INFO - Started process (PID=2810) to work on /home/airflow/.local/lib/python3.7/site-packages/airflow/example_dags/example_short_circuit_decorator.py
[2023-04-30T18:20:42.205+0000] {processor.py:756} INFO - Processing file /home/airflow/.local/lib/python3.7/site-packages/airflow/example_dags/example_short_circuit_decorator.py for tasks to queue
[2023-04-30T18:20:42.217+0000] {logging_mixin.py:120} INFO - [2023-04-30T18:20:42.216+0000] {dagbag.py:537} INFO - Filling up the DagBag from /home/airflow/.local/lib/python3.7/site-packages/airflow/example_dags/example_short_circuit_decorator.py
[2023-04-30T18:20:42.366+0000] {processor.py:766} INFO - DAG(s) dict_keys(['example_short_circuit_decorator']) retrieved from /home/airflow/.local/lib/python3.7/site-packages/airflow/example_dags/example_short_circuit_decorator.py
[2023-04-30T18:20:42.553+0000] {logging_mixin.py:120} INFO - [2023-04-30T18:20:42.552+0000] {dag.py:2585} INFO - Sync 1 DAGs
[2023-04-30T18:20:42.692+0000] {logging_mixin.py:120} INFO - [2023-04-30T18:20:42.691+0000] {dag.py:3340} INFO - Setting next_dagrun for example_short_circuit_decorator to 2023-04-29T18:20:42.691385+00:00, run_after=2023-04-30T18:20:42.691385+00:00
[2023-04-30T18:20:42.797+0000] {processor.py:176} INFO - Processing /home/airflow/.local/lib/python3.7/site-packages/airflow/example_dags/example_short_circuit_decorator.py took 0.598 seconds
