[2023-04-30T17:48:54.432+0000] {processor.py:154} INFO - Started process (PID=64) to work on /home/airflow/.local/lib/python3.7/site-packages/airflow/example_dags/example_latest_only_with_trigger.py
[2023-04-30T17:48:54.433+0000] {processor.py:756} INFO - Processing file /home/airflow/.local/lib/python3.7/site-packages/airflow/example_dags/example_latest_only_with_trigger.py for tasks to queue
[2023-04-30T17:48:54.435+0000] {logging_mixin.py:120} INFO - [2023-04-30T17:48:54.435+0000] {dagbag.py:537} INFO - Filling up the DagBag from /home/airflow/.local/lib/python3.7/site-packages/airflow/example_dags/example_latest_only_with_trigger.py
[2023-04-30T17:48:54.457+0000] {processor.py:766} INFO - DAG(s) dict_keys(['latest_only_with_trigger']) retrieved from /home/airflow/.local/lib/python3.7/site-packages/airflow/example_dags/example_latest_only_with_trigger.py
[2023-04-30T17:48:54.745+0000] {logging_mixin.py:120} INFO - [2023-04-30T17:48:54.745+0000] {manager.py:507} INFO - Created Permission View: can read on DAG:latest_only_with_trigger
[2023-04-30T17:48:54.772+0000] {logging_mixin.py:120} INFO - [2023-04-30T17:48:54.771+0000] {manager.py:507} INFO - Created Permission View: can edit on DAG:latest_only_with_trigger
[2023-04-30T17:48:54.794+0000] {logging_mixin.py:120} INFO - [2023-04-30T17:48:54.794+0000] {manager.py:507} INFO - Created Permission View: can delete on DAG:latest_only_with_trigger
[2023-04-30T17:48:54.795+0000] {logging_mixin.py:120} INFO - [2023-04-30T17:48:54.795+0000] {dag.py:2585} INFO - Sync 1 DAGs
[2023-04-30T17:48:54.836+0000] {logging_mixin.py:120} INFO - [2023-04-30T17:48:54.836+0000] {dag.py:2606} INFO - Creating ORM DAG for latest_only_with_trigger
[2023-04-30T17:48:54.872+0000] {logging_mixin.py:120} INFO - [2023-04-30T17:48:54.872+0000] {dag.py:3340} INFO - Setting next_dagrun for latest_only_with_trigger to 2023-04-30T13:48:54.871695+00:00, run_after=2023-04-30T17:48:54.871695+00:00
[2023-04-30T17:48:54.930+0000] {processor.py:176} INFO - Processing /home/airflow/.local/lib/python3.7/site-packages/airflow/example_dags/example_latest_only_with_trigger.py took 0.504 seconds
[2023-04-30T17:49:25.812+0000] {processor.py:154} INFO - Started process (PID=127) to work on /home/airflow/.local/lib/python3.7/site-packages/airflow/example_dags/example_latest_only_with_trigger.py
[2023-04-30T17:49:25.814+0000] {processor.py:756} INFO - Processing file /home/airflow/.local/lib/python3.7/site-packages/airflow/example_dags/example_latest_only_with_trigger.py for tasks to queue
[2023-04-30T17:49:25.814+0000] {logging_mixin.py:120} INFO - [2023-04-30T17:49:25.814+0000] {dagbag.py:537} INFO - Filling up the DagBag from /home/airflow/.local/lib/python3.7/site-packages/airflow/example_dags/example_latest_only_with_trigger.py
[2023-04-30T17:49:25.825+0000] {processor.py:766} INFO - DAG(s) dict_keys(['latest_only_with_trigger']) retrieved from /home/airflow/.local/lib/python3.7/site-packages/airflow/example_dags/example_latest_only_with_trigger.py
[2023-04-30T17:49:25.861+0000] {logging_mixin.py:120} INFO - [2023-04-30T17:49:25.861+0000] {dag.py:2585} INFO - Sync 1 DAGs
[2023-04-30T17:49:25.886+0000] {logging_mixin.py:120} INFO - [2023-04-30T17:49:25.886+0000] {dag.py:3340} INFO - Setting next_dagrun for latest_only_with_trigger to 2023-04-30T13:49:25.886263+00:00, run_after=2023-04-30T17:49:25.886263+00:00
[2023-04-30T17:49:25.910+0000] {processor.py:176} INFO - Processing /home/airflow/.local/lib/python3.7/site-packages/airflow/example_dags/example_latest_only_with_trigger.py took 0.100 seconds
[2023-04-30T17:49:56.333+0000] {processor.py:154} INFO - Started process (PID=182) to work on /home/airflow/.local/lib/python3.7/site-packages/airflow/example_dags/example_latest_only_with_trigger.py
[2023-04-30T17:49:56.335+0000] {processor.py:756} INFO - Processing file /home/airflow/.local/lib/python3.7/site-packages/airflow/example_dags/example_latest_only_with_trigger.py for tasks to queue
[2023-04-30T17:49:56.336+0000] {logging_mixin.py:120} INFO - [2023-04-30T17:49:56.336+0000] {dagbag.py:537} INFO - Filling up the DagBag from /home/airflow/.local/lib/python3.7/site-packages/airflow/example_dags/example_latest_only_with_trigger.py
[2023-04-30T17:49:56.347+0000] {processor.py:766} INFO - DAG(s) dict_keys(['latest_only_with_trigger']) retrieved from /home/airflow/.local/lib/python3.7/site-packages/airflow/example_dags/example_latest_only_with_trigger.py
[2023-04-30T17:49:56.381+0000] {logging_mixin.py:120} INFO - [2023-04-30T17:49:56.381+0000] {dag.py:2585} INFO - Sync 1 DAGs
[2023-04-30T17:49:56.408+0000] {logging_mixin.py:120} INFO - [2023-04-30T17:49:56.408+0000] {dag.py:3340} INFO - Setting next_dagrun for latest_only_with_trigger to 2023-04-30T13:49:56.408604+00:00, run_after=2023-04-30T17:49:56.408604+00:00
[2023-04-30T17:49:56.433+0000] {processor.py:176} INFO - Processing /home/airflow/.local/lib/python3.7/site-packages/airflow/example_dags/example_latest_only_with_trigger.py took 0.103 seconds
[2023-04-30T17:50:27.104+0000] {processor.py:154} INFO - Started process (PID=245) to work on /home/airflow/.local/lib/python3.7/site-packages/airflow/example_dags/example_latest_only_with_trigger.py
[2023-04-30T17:50:27.106+0000] {processor.py:756} INFO - Processing file /home/airflow/.local/lib/python3.7/site-packages/airflow/example_dags/example_latest_only_with_trigger.py for tasks to queue
[2023-04-30T17:50:27.106+0000] {logging_mixin.py:120} INFO - [2023-04-30T17:50:27.106+0000] {dagbag.py:537} INFO - Filling up the DagBag from /home/airflow/.local/lib/python3.7/site-packages/airflow/example_dags/example_latest_only_with_trigger.py
[2023-04-30T17:50:27.117+0000] {processor.py:766} INFO - DAG(s) dict_keys(['latest_only_with_trigger']) retrieved from /home/airflow/.local/lib/python3.7/site-packages/airflow/example_dags/example_latest_only_with_trigger.py
[2023-04-30T17:50:27.152+0000] {logging_mixin.py:120} INFO - [2023-04-30T17:50:27.152+0000] {dag.py:2585} INFO - Sync 1 DAGs
[2023-04-30T17:50:27.177+0000] {logging_mixin.py:120} INFO - [2023-04-30T17:50:27.176+0000] {dag.py:3340} INFO - Setting next_dagrun for latest_only_with_trigger to 2023-04-30T13:50:27.176562+00:00, run_after=2023-04-30T17:50:27.176562+00:00
[2023-04-30T17:50:27.202+0000] {processor.py:176} INFO - Processing /home/airflow/.local/lib/python3.7/site-packages/airflow/example_dags/example_latest_only_with_trigger.py took 0.099 seconds
[2023-04-30T17:50:57.873+0000] {processor.py:154} INFO - Started process (PID=308) to work on /home/airflow/.local/lib/python3.7/site-packages/airflow/example_dags/example_latest_only_with_trigger.py
[2023-04-30T17:50:57.874+0000] {processor.py:756} INFO - Processing file /home/airflow/.local/lib/python3.7/site-packages/airflow/example_dags/example_latest_only_with_trigger.py for tasks to queue
[2023-04-30T17:50:57.874+0000] {logging_mixin.py:120} INFO - [2023-04-30T17:50:57.874+0000] {dagbag.py:537} INFO - Filling up the DagBag from /home/airflow/.local/lib/python3.7/site-packages/airflow/example_dags/example_latest_only_with_trigger.py
[2023-04-30T17:50:57.888+0000] {processor.py:766} INFO - DAG(s) dict_keys(['latest_only_with_trigger']) retrieved from /home/airflow/.local/lib/python3.7/site-packages/airflow/example_dags/example_latest_only_with_trigger.py
[2023-04-30T17:50:57.932+0000] {logging_mixin.py:120} INFO - [2023-04-30T17:50:57.932+0000] {dag.py:2585} INFO - Sync 1 DAGs
[2023-04-30T17:50:57.962+0000] {logging_mixin.py:120} INFO - [2023-04-30T17:50:57.962+0000] {dag.py:3340} INFO - Setting next_dagrun for latest_only_with_trigger to 2023-04-30T13:50:57.961906+00:00, run_after=2023-04-30T17:50:57.961906+00:00
[2023-04-30T17:50:57.989+0000] {processor.py:176} INFO - Processing /home/airflow/.local/lib/python3.7/site-packages/airflow/example_dags/example_latest_only_with_trigger.py took 0.118 seconds
[2023-04-30T17:51:28.500+0000] {processor.py:154} INFO - Started process (PID=362) to work on /home/airflow/.local/lib/python3.7/site-packages/airflow/example_dags/example_latest_only_with_trigger.py
[2023-04-30T17:51:28.502+0000] {processor.py:756} INFO - Processing file /home/airflow/.local/lib/python3.7/site-packages/airflow/example_dags/example_latest_only_with_trigger.py for tasks to queue
[2023-04-30T17:51:28.502+0000] {logging_mixin.py:120} INFO - [2023-04-30T17:51:28.502+0000] {dagbag.py:537} INFO - Filling up the DagBag from /home/airflow/.local/lib/python3.7/site-packages/airflow/example_dags/example_latest_only_with_trigger.py
[2023-04-30T17:51:28.514+0000] {processor.py:766} INFO - DAG(s) dict_keys(['latest_only_with_trigger']) retrieved from /home/airflow/.local/lib/python3.7/site-packages/airflow/example_dags/example_latest_only_with_trigger.py
[2023-04-30T17:51:28.553+0000] {logging_mixin.py:120} INFO - [2023-04-30T17:51:28.553+0000] {dag.py:2585} INFO - Sync 1 DAGs
[2023-04-30T17:51:28.579+0000] {logging_mixin.py:120} INFO - [2023-04-30T17:51:28.579+0000] {dag.py:3340} INFO - Setting next_dagrun for latest_only_with_trigger to 2023-04-30T13:51:28.579065+00:00, run_after=2023-04-30T17:51:28.579065+00:00
[2023-04-30T17:51:28.610+0000] {processor.py:176} INFO - Processing /home/airflow/.local/lib/python3.7/site-packages/airflow/example_dags/example_latest_only_with_trigger.py took 0.113 seconds
[2023-04-30T17:51:59.377+0000] {processor.py:154} INFO - Started process (PID=425) to work on /home/airflow/.local/lib/python3.7/site-packages/airflow/example_dags/example_latest_only_with_trigger.py
[2023-04-30T17:51:59.378+0000] {processor.py:756} INFO - Processing file /home/airflow/.local/lib/python3.7/site-packages/airflow/example_dags/example_latest_only_with_trigger.py for tasks to queue
[2023-04-30T17:51:59.378+0000] {logging_mixin.py:120} INFO - [2023-04-30T17:51:59.378+0000] {dagbag.py:537} INFO - Filling up the DagBag from /home/airflow/.local/lib/python3.7/site-packages/airflow/example_dags/example_latest_only_with_trigger.py
[2023-04-30T17:51:59.390+0000] {processor.py:766} INFO - DAG(s) dict_keys(['latest_only_with_trigger']) retrieved from /home/airflow/.local/lib/python3.7/site-packages/airflow/example_dags/example_latest_only_with_trigger.py
[2023-04-30T17:51:59.427+0000] {logging_mixin.py:120} INFO - [2023-04-30T17:51:59.426+0000] {dag.py:2585} INFO - Sync 1 DAGs
[2023-04-30T17:51:59.455+0000] {logging_mixin.py:120} INFO - [2023-04-30T17:51:59.455+0000] {dag.py:3340} INFO - Setting next_dagrun for latest_only_with_trigger to 2023-04-30T13:51:59.455605+00:00, run_after=2023-04-30T17:51:59.455605+00:00
[2023-04-30T17:51:59.481+0000] {processor.py:176} INFO - Processing /home/airflow/.local/lib/python3.7/site-packages/airflow/example_dags/example_latest_only_with_trigger.py took 0.106 seconds
[2023-04-30T17:52:30.103+0000] {processor.py:154} INFO - Started process (PID=488) to work on /home/airflow/.local/lib/python3.7/site-packages/airflow/example_dags/example_latest_only_with_trigger.py
[2023-04-30T17:52:30.105+0000] {processor.py:756} INFO - Processing file /home/airflow/.local/lib/python3.7/site-packages/airflow/example_dags/example_latest_only_with_trigger.py for tasks to queue
[2023-04-30T17:52:30.106+0000] {logging_mixin.py:120} INFO - [2023-04-30T17:52:30.106+0000] {dagbag.py:537} INFO - Filling up the DagBag from /home/airflow/.local/lib/python3.7/site-packages/airflow/example_dags/example_latest_only_with_trigger.py
[2023-04-30T17:52:30.123+0000] {processor.py:766} INFO - DAG(s) dict_keys(['latest_only_with_trigger']) retrieved from /home/airflow/.local/lib/python3.7/site-packages/airflow/example_dags/example_latest_only_with_trigger.py
[2023-04-30T17:52:30.166+0000] {logging_mixin.py:120} INFO - [2023-04-30T17:52:30.166+0000] {dag.py:2585} INFO - Sync 1 DAGs
[2023-04-30T17:52:30.195+0000] {logging_mixin.py:120} INFO - [2023-04-30T17:52:30.195+0000] {dag.py:3340} INFO - Setting next_dagrun for latest_only_with_trigger to 2023-04-30T13:52:30.195051+00:00, run_after=2023-04-30T17:52:30.195051+00:00
[2023-04-30T17:52:30.222+0000] {processor.py:176} INFO - Processing /home/airflow/.local/lib/python3.7/site-packages/airflow/example_dags/example_latest_only_with_trigger.py took 0.121 seconds
[2023-04-30T17:53:00.751+0000] {processor.py:154} INFO - Started process (PID=551) to work on /home/airflow/.local/lib/python3.7/site-packages/airflow/example_dags/example_latest_only_with_trigger.py
[2023-04-30T17:53:00.753+0000] {processor.py:756} INFO - Processing file /home/airflow/.local/lib/python3.7/site-packages/airflow/example_dags/example_latest_only_with_trigger.py for tasks to queue
[2023-04-30T17:53:00.753+0000] {logging_mixin.py:120} INFO - [2023-04-30T17:53:00.753+0000] {dagbag.py:537} INFO - Filling up the DagBag from /home/airflow/.local/lib/python3.7/site-packages/airflow/example_dags/example_latest_only_with_trigger.py
[2023-04-30T17:53:00.767+0000] {processor.py:766} INFO - DAG(s) dict_keys(['latest_only_with_trigger']) retrieved from /home/airflow/.local/lib/python3.7/site-packages/airflow/example_dags/example_latest_only_with_trigger.py
[2023-04-30T17:53:00.810+0000] {logging_mixin.py:120} INFO - [2023-04-30T17:53:00.810+0000] {dag.py:2585} INFO - Sync 1 DAGs
[2023-04-30T17:53:00.841+0000] {logging_mixin.py:120} INFO - [2023-04-30T17:53:00.841+0000] {dag.py:3340} INFO - Setting next_dagrun for latest_only_with_trigger to 2023-04-30T13:53:00.840967+00:00, run_after=2023-04-30T17:53:00.840967+00:00
[2023-04-30T17:53:00.868+0000] {processor.py:176} INFO - Processing /home/airflow/.local/lib/python3.7/site-packages/airflow/example_dags/example_latest_only_with_trigger.py took 0.119 seconds
[2023-04-30T17:53:31.328+0000] {processor.py:154} INFO - Started process (PID=605) to work on /home/airflow/.local/lib/python3.7/site-packages/airflow/example_dags/example_latest_only_with_trigger.py
[2023-04-30T17:53:31.330+0000] {processor.py:756} INFO - Processing file /home/airflow/.local/lib/python3.7/site-packages/airflow/example_dags/example_latest_only_with_trigger.py for tasks to queue
[2023-04-30T17:53:31.331+0000] {logging_mixin.py:120} INFO - [2023-04-30T17:53:31.331+0000] {dagbag.py:537} INFO - Filling up the DagBag from /home/airflow/.local/lib/python3.7/site-packages/airflow/example_dags/example_latest_only_with_trigger.py
[2023-04-30T17:53:31.343+0000] {processor.py:766} INFO - DAG(s) dict_keys(['latest_only_with_trigger']) retrieved from /home/airflow/.local/lib/python3.7/site-packages/airflow/example_dags/example_latest_only_with_trigger.py
[2023-04-30T17:53:31.378+0000] {logging_mixin.py:120} INFO - [2023-04-30T17:53:31.378+0000] {dag.py:2585} INFO - Sync 1 DAGs
[2023-04-30T17:53:31.406+0000] {logging_mixin.py:120} INFO - [2023-04-30T17:53:31.406+0000] {dag.py:3340} INFO - Setting next_dagrun for latest_only_with_trigger to 2023-04-30T13:53:31.406105+00:00, run_after=2023-04-30T17:53:31.406105+00:00
[2023-04-30T17:53:31.430+0000] {processor.py:176} INFO - Processing /home/airflow/.local/lib/python3.7/site-packages/airflow/example_dags/example_latest_only_with_trigger.py took 0.104 seconds
[2023-04-30T17:54:01.997+0000] {processor.py:154} INFO - Started process (PID=668) to work on /home/airflow/.local/lib/python3.7/site-packages/airflow/example_dags/example_latest_only_with_trigger.py
[2023-04-30T17:54:01.997+0000] {processor.py:756} INFO - Processing file /home/airflow/.local/lib/python3.7/site-packages/airflow/example_dags/example_latest_only_with_trigger.py for tasks to queue
[2023-04-30T17:54:01.999+0000] {logging_mixin.py:120} INFO - [2023-04-30T17:54:01.998+0000] {dagbag.py:537} INFO - Filling up the DagBag from /home/airflow/.local/lib/python3.7/site-packages/airflow/example_dags/example_latest_only_with_trigger.py
[2023-04-30T17:54:02.012+0000] {processor.py:766} INFO - DAG(s) dict_keys(['latest_only_with_trigger']) retrieved from /home/airflow/.local/lib/python3.7/site-packages/airflow/example_dags/example_latest_only_with_trigger.py
[2023-04-30T17:54:02.049+0000] {logging_mixin.py:120} INFO - [2023-04-30T17:54:02.049+0000] {dag.py:2585} INFO - Sync 1 DAGs
[2023-04-30T17:54:02.075+0000] {logging_mixin.py:120} INFO - [2023-04-30T17:54:02.075+0000] {dag.py:3340} INFO - Setting next_dagrun for latest_only_with_trigger to 2023-04-30T13:54:02.075202+00:00, run_after=2023-04-30T17:54:02.075202+00:00
[2023-04-30T17:54:02.098+0000] {processor.py:176} INFO - Processing /home/airflow/.local/lib/python3.7/site-packages/airflow/example_dags/example_latest_only_with_trigger.py took 0.105 seconds
[2023-04-30T17:54:32.616+0000] {processor.py:154} INFO - Started process (PID=731) to work on /home/airflow/.local/lib/python3.7/site-packages/airflow/example_dags/example_latest_only_with_trigger.py
[2023-04-30T17:54:32.617+0000] {processor.py:756} INFO - Processing file /home/airflow/.local/lib/python3.7/site-packages/airflow/example_dags/example_latest_only_with_trigger.py for tasks to queue
[2023-04-30T17:54:32.617+0000] {logging_mixin.py:120} INFO - [2023-04-30T17:54:32.617+0000] {dagbag.py:537} INFO - Filling up the DagBag from /home/airflow/.local/lib/python3.7/site-packages/airflow/example_dags/example_latest_only_with_trigger.py
[2023-04-30T17:54:32.629+0000] {processor.py:766} INFO - DAG(s) dict_keys(['latest_only_with_trigger']) retrieved from /home/airflow/.local/lib/python3.7/site-packages/airflow/example_dags/example_latest_only_with_trigger.py
[2023-04-30T17:54:32.671+0000] {logging_mixin.py:120} INFO - [2023-04-30T17:54:32.671+0000] {dag.py:2585} INFO - Sync 1 DAGs
[2023-04-30T17:54:32.698+0000] {logging_mixin.py:120} INFO - [2023-04-30T17:54:32.698+0000] {dag.py:3340} INFO - Setting next_dagrun for latest_only_with_trigger to 2023-04-30T13:54:32.697874+00:00, run_after=2023-04-30T17:54:32.697874+00:00
[2023-04-30T17:54:32.721+0000] {processor.py:176} INFO - Processing /home/airflow/.local/lib/python3.7/site-packages/airflow/example_dags/example_latest_only_with_trigger.py took 0.108 seconds
[2023-04-30T17:55:03.206+0000] {processor.py:154} INFO - Started process (PID=785) to work on /home/airflow/.local/lib/python3.7/site-packages/airflow/example_dags/example_latest_only_with_trigger.py
[2023-04-30T17:55:03.208+0000] {processor.py:756} INFO - Processing file /home/airflow/.local/lib/python3.7/site-packages/airflow/example_dags/example_latest_only_with_trigger.py for tasks to queue
[2023-04-30T17:55:03.209+0000] {logging_mixin.py:120} INFO - [2023-04-30T17:55:03.209+0000] {dagbag.py:537} INFO - Filling up the DagBag from /home/airflow/.local/lib/python3.7/site-packages/airflow/example_dags/example_latest_only_with_trigger.py
[2023-04-30T17:55:03.221+0000] {processor.py:766} INFO - DAG(s) dict_keys(['latest_only_with_trigger']) retrieved from /home/airflow/.local/lib/python3.7/site-packages/airflow/example_dags/example_latest_only_with_trigger.py
[2023-04-30T17:55:03.257+0000] {logging_mixin.py:120} INFO - [2023-04-30T17:55:03.257+0000] {dag.py:2585} INFO - Sync 1 DAGs
[2023-04-30T17:55:03.282+0000] {logging_mixin.py:120} INFO - [2023-04-30T17:55:03.281+0000] {dag.py:3340} INFO - Setting next_dagrun for latest_only_with_trigger to 2023-04-30T13:55:03.281661+00:00, run_after=2023-04-30T17:55:03.281661+00:00
[2023-04-30T17:55:03.306+0000] {processor.py:176} INFO - Processing /home/airflow/.local/lib/python3.7/site-packages/airflow/example_dags/example_latest_only_with_trigger.py took 0.103 seconds
[2023-04-30T17:55:33.997+0000] {processor.py:154} INFO - Started process (PID=849) to work on /home/airflow/.local/lib/python3.7/site-packages/airflow/example_dags/example_latest_only_with_trigger.py
[2023-04-30T17:55:33.997+0000] {processor.py:756} INFO - Processing file /home/airflow/.local/lib/python3.7/site-packages/airflow/example_dags/example_latest_only_with_trigger.py for tasks to queue
[2023-04-30T17:55:33.998+0000] {logging_mixin.py:120} INFO - [2023-04-30T17:55:33.998+0000] {dagbag.py:537} INFO - Filling up the DagBag from /home/airflow/.local/lib/python3.7/site-packages/airflow/example_dags/example_latest_only_with_trigger.py
[2023-04-30T17:55:34.011+0000] {processor.py:766} INFO - DAG(s) dict_keys(['latest_only_with_trigger']) retrieved from /home/airflow/.local/lib/python3.7/site-packages/airflow/example_dags/example_latest_only_with_trigger.py
[2023-04-30T17:55:34.049+0000] {logging_mixin.py:120} INFO - [2023-04-30T17:55:34.049+0000] {dag.py:2585} INFO - Sync 1 DAGs
[2023-04-30T17:55:34.086+0000] {logging_mixin.py:120} INFO - [2023-04-30T17:55:34.085+0000] {dag.py:3340} INFO - Setting next_dagrun for latest_only_with_trigger to 2023-04-30T13:55:34.085677+00:00, run_after=2023-04-30T17:55:34.085677+00:00
[2023-04-30T17:55:34.115+0000] {processor.py:176} INFO - Processing /home/airflow/.local/lib/python3.7/site-packages/airflow/example_dags/example_latest_only_with_trigger.py took 0.120 seconds
[2023-04-30T17:56:04.581+0000] {processor.py:154} INFO - Started process (PID=912) to work on /home/airflow/.local/lib/python3.7/site-packages/airflow/example_dags/example_latest_only_with_trigger.py
[2023-04-30T17:56:04.582+0000] {processor.py:756} INFO - Processing file /home/airflow/.local/lib/python3.7/site-packages/airflow/example_dags/example_latest_only_with_trigger.py for tasks to queue
[2023-04-30T17:56:04.584+0000] {logging_mixin.py:120} INFO - [2023-04-30T17:56:04.583+0000] {dagbag.py:537} INFO - Filling up the DagBag from /home/airflow/.local/lib/python3.7/site-packages/airflow/example_dags/example_latest_only_with_trigger.py
[2023-04-30T17:56:04.595+0000] {processor.py:766} INFO - DAG(s) dict_keys(['latest_only_with_trigger']) retrieved from /home/airflow/.local/lib/python3.7/site-packages/airflow/example_dags/example_latest_only_with_trigger.py
[2023-04-30T17:56:04.631+0000] {logging_mixin.py:120} INFO - [2023-04-30T17:56:04.631+0000] {dag.py:2585} INFO - Sync 1 DAGs
[2023-04-30T17:56:04.659+0000] {logging_mixin.py:120} INFO - [2023-04-30T17:56:04.658+0000] {dag.py:3340} INFO - Setting next_dagrun for latest_only_with_trigger to 2023-04-30T13:56:04.658765+00:00, run_after=2023-04-30T17:56:04.658765+00:00
[2023-04-30T17:56:04.684+0000] {processor.py:176} INFO - Processing /home/airflow/.local/lib/python3.7/site-packages/airflow/example_dags/example_latest_only_with_trigger.py took 0.105 seconds
[2023-04-30T17:56:35.144+0000] {processor.py:154} INFO - Started process (PID=967) to work on /home/airflow/.local/lib/python3.7/site-packages/airflow/example_dags/example_latest_only_with_trigger.py
[2023-04-30T17:56:35.144+0000] {processor.py:756} INFO - Processing file /home/airflow/.local/lib/python3.7/site-packages/airflow/example_dags/example_latest_only_with_trigger.py for tasks to queue
[2023-04-30T17:56:35.145+0000] {logging_mixin.py:120} INFO - [2023-04-30T17:56:35.145+0000] {dagbag.py:537} INFO - Filling up the DagBag from /home/airflow/.local/lib/python3.7/site-packages/airflow/example_dags/example_latest_only_with_trigger.py
[2023-04-30T17:56:35.157+0000] {processor.py:766} INFO - DAG(s) dict_keys(['latest_only_with_trigger']) retrieved from /home/airflow/.local/lib/python3.7/site-packages/airflow/example_dags/example_latest_only_with_trigger.py
[2023-04-30T17:56:35.197+0000] {logging_mixin.py:120} INFO - [2023-04-30T17:56:35.197+0000] {dag.py:2585} INFO - Sync 1 DAGs
[2023-04-30T17:56:35.224+0000] {logging_mixin.py:120} INFO - [2023-04-30T17:56:35.224+0000] {dag.py:3340} INFO - Setting next_dagrun for latest_only_with_trigger to 2023-04-30T13:56:35.224346+00:00, run_after=2023-04-30T17:56:35.224346+00:00
[2023-04-30T17:56:35.251+0000] {processor.py:176} INFO - Processing /home/airflow/.local/lib/python3.7/site-packages/airflow/example_dags/example_latest_only_with_trigger.py took 0.109 seconds
[2023-04-30T17:57:05.743+0000] {processor.py:154} INFO - Started process (PID=1031) to work on /home/airflow/.local/lib/python3.7/site-packages/airflow/example_dags/example_latest_only_with_trigger.py
[2023-04-30T17:57:05.744+0000] {processor.py:756} INFO - Processing file /home/airflow/.local/lib/python3.7/site-packages/airflow/example_dags/example_latest_only_with_trigger.py for tasks to queue
[2023-04-30T17:57:05.745+0000] {logging_mixin.py:120} INFO - [2023-04-30T17:57:05.745+0000] {dagbag.py:537} INFO - Filling up the DagBag from /home/airflow/.local/lib/python3.7/site-packages/airflow/example_dags/example_latest_only_with_trigger.py
[2023-04-30T17:57:05.757+0000] {processor.py:766} INFO - DAG(s) dict_keys(['latest_only_with_trigger']) retrieved from /home/airflow/.local/lib/python3.7/site-packages/airflow/example_dags/example_latest_only_with_trigger.py
[2023-04-30T17:57:05.797+0000] {logging_mixin.py:120} INFO - [2023-04-30T17:57:05.796+0000] {dag.py:2585} INFO - Sync 1 DAGs
[2023-04-30T17:57:05.827+0000] {logging_mixin.py:120} INFO - [2023-04-30T17:57:05.827+0000] {dag.py:3340} INFO - Setting next_dagrun for latest_only_with_trigger to 2023-04-30T13:57:05.827452+00:00, run_after=2023-04-30T17:57:05.827452+00:00
[2023-04-30T17:57:05.853+0000] {processor.py:176} INFO - Processing /home/airflow/.local/lib/python3.7/site-packages/airflow/example_dags/example_latest_only_with_trigger.py took 0.113 seconds
[2023-04-30T17:57:36.372+0000] {processor.py:154} INFO - Started process (PID=1094) to work on /home/airflow/.local/lib/python3.7/site-packages/airflow/example_dags/example_latest_only_with_trigger.py
[2023-04-30T17:57:36.372+0000] {processor.py:756} INFO - Processing file /home/airflow/.local/lib/python3.7/site-packages/airflow/example_dags/example_latest_only_with_trigger.py for tasks to queue
[2023-04-30T17:57:36.373+0000] {logging_mixin.py:120} INFO - [2023-04-30T17:57:36.373+0000] {dagbag.py:537} INFO - Filling up the DagBag from /home/airflow/.local/lib/python3.7/site-packages/airflow/example_dags/example_latest_only_with_trigger.py
[2023-04-30T17:57:36.397+0000] {processor.py:766} INFO - DAG(s) dict_keys(['latest_only_with_trigger']) retrieved from /home/airflow/.local/lib/python3.7/site-packages/airflow/example_dags/example_latest_only_with_trigger.py
[2023-04-30T17:57:36.452+0000] {logging_mixin.py:120} INFO - [2023-04-30T17:57:36.452+0000] {dag.py:2585} INFO - Sync 1 DAGs
[2023-04-30T17:57:36.484+0000] {logging_mixin.py:120} INFO - [2023-04-30T17:57:36.484+0000] {dag.py:3340} INFO - Setting next_dagrun for latest_only_with_trigger to 2023-04-30T13:57:36.483854+00:00, run_after=2023-04-30T17:57:36.483854+00:00
[2023-04-30T17:57:36.511+0000] {processor.py:176} INFO - Processing /home/airflow/.local/lib/python3.7/site-packages/airflow/example_dags/example_latest_only_with_trigger.py took 0.142 seconds
[2023-04-30T17:58:07.073+0000] {processor.py:154} INFO - Started process (PID=1155) to work on /home/airflow/.local/lib/python3.7/site-packages/airflow/example_dags/example_latest_only_with_trigger.py
[2023-04-30T17:58:07.075+0000] {processor.py:756} INFO - Processing file /home/airflow/.local/lib/python3.7/site-packages/airflow/example_dags/example_latest_only_with_trigger.py for tasks to queue
[2023-04-30T17:58:07.076+0000] {logging_mixin.py:120} INFO - [2023-04-30T17:58:07.075+0000] {dagbag.py:537} INFO - Filling up the DagBag from /home/airflow/.local/lib/python3.7/site-packages/airflow/example_dags/example_latest_only_with_trigger.py
[2023-04-30T17:58:07.087+0000] {processor.py:766} INFO - DAG(s) dict_keys(['latest_only_with_trigger']) retrieved from /home/airflow/.local/lib/python3.7/site-packages/airflow/example_dags/example_latest_only_with_trigger.py
[2023-04-30T17:58:07.126+0000] {logging_mixin.py:120} INFO - [2023-04-30T17:58:07.126+0000] {dag.py:2585} INFO - Sync 1 DAGs
[2023-04-30T17:58:07.152+0000] {logging_mixin.py:120} INFO - [2023-04-30T17:58:07.152+0000] {dag.py:3340} INFO - Setting next_dagrun for latest_only_with_trigger to 2023-04-30T13:58:07.151961+00:00, run_after=2023-04-30T17:58:07.151961+00:00
[2023-04-30T17:58:07.174+0000] {processor.py:176} INFO - Processing /home/airflow/.local/lib/python3.7/site-packages/airflow/example_dags/example_latest_only_with_trigger.py took 0.104 seconds
[2023-04-30T17:58:37.640+0000] {processor.py:154} INFO - Started process (PID=1218) to work on /home/airflow/.local/lib/python3.7/site-packages/airflow/example_dags/example_latest_only_with_trigger.py
[2023-04-30T17:58:37.642+0000] {processor.py:756} INFO - Processing file /home/airflow/.local/lib/python3.7/site-packages/airflow/example_dags/example_latest_only_with_trigger.py for tasks to queue
[2023-04-30T17:58:37.642+0000] {logging_mixin.py:120} INFO - [2023-04-30T17:58:37.642+0000] {dagbag.py:537} INFO - Filling up the DagBag from /home/airflow/.local/lib/python3.7/site-packages/airflow/example_dags/example_latest_only_with_trigger.py
[2023-04-30T17:58:37.654+0000] {processor.py:766} INFO - DAG(s) dict_keys(['latest_only_with_trigger']) retrieved from /home/airflow/.local/lib/python3.7/site-packages/airflow/example_dags/example_latest_only_with_trigger.py
[2023-04-30T17:58:37.690+0000] {logging_mixin.py:120} INFO - [2023-04-30T17:58:37.690+0000] {dag.py:2585} INFO - Sync 1 DAGs
[2023-04-30T17:58:37.715+0000] {logging_mixin.py:120} INFO - [2023-04-30T17:58:37.715+0000] {dag.py:3340} INFO - Setting next_dagrun for latest_only_with_trigger to 2023-04-30T13:58:37.715022+00:00, run_after=2023-04-30T17:58:37.715022+00:00
[2023-04-30T17:58:37.742+0000] {processor.py:176} INFO - Processing /home/airflow/.local/lib/python3.7/site-packages/airflow/example_dags/example_latest_only_with_trigger.py took 0.104 seconds
[2023-04-30T17:59:08.531+0000] {processor.py:154} INFO - Started process (PID=1281) to work on /home/airflow/.local/lib/python3.7/site-packages/airflow/example_dags/example_latest_only_with_trigger.py
[2023-04-30T17:59:08.532+0000] {processor.py:756} INFO - Processing file /home/airflow/.local/lib/python3.7/site-packages/airflow/example_dags/example_latest_only_with_trigger.py for tasks to queue
[2023-04-30T17:59:08.533+0000] {logging_mixin.py:120} INFO - [2023-04-30T17:59:08.533+0000] {dagbag.py:537} INFO - Filling up the DagBag from /home/airflow/.local/lib/python3.7/site-packages/airflow/example_dags/example_latest_only_with_trigger.py
[2023-04-30T17:59:08.545+0000] {processor.py:766} INFO - DAG(s) dict_keys(['latest_only_with_trigger']) retrieved from /home/airflow/.local/lib/python3.7/site-packages/airflow/example_dags/example_latest_only_with_trigger.py
[2023-04-30T17:59:08.585+0000] {logging_mixin.py:120} INFO - [2023-04-30T17:59:08.585+0000] {dag.py:2585} INFO - Sync 1 DAGs
[2023-04-30T17:59:08.614+0000] {logging_mixin.py:120} INFO - [2023-04-30T17:59:08.613+0000] {dag.py:3340} INFO - Setting next_dagrun for latest_only_with_trigger to 2023-04-30T13:59:08.613733+00:00, run_after=2023-04-30T17:59:08.613733+00:00
[2023-04-30T17:59:08.640+0000] {processor.py:176} INFO - Processing /home/airflow/.local/lib/python3.7/site-packages/airflow/example_dags/example_latest_only_with_trigger.py took 0.111 seconds
[2023-04-30T17:59:39.243+0000] {processor.py:154} INFO - Started process (PID=1344) to work on /home/airflow/.local/lib/python3.7/site-packages/airflow/example_dags/example_latest_only_with_trigger.py
[2023-04-30T17:59:39.244+0000] {processor.py:756} INFO - Processing file /home/airflow/.local/lib/python3.7/site-packages/airflow/example_dags/example_latest_only_with_trigger.py for tasks to queue
[2023-04-30T17:59:39.246+0000] {logging_mixin.py:120} INFO - [2023-04-30T17:59:39.245+0000] {dagbag.py:537} INFO - Filling up the DagBag from /home/airflow/.local/lib/python3.7/site-packages/airflow/example_dags/example_latest_only_with_trigger.py
[2023-04-30T17:59:39.260+0000] {processor.py:766} INFO - DAG(s) dict_keys(['latest_only_with_trigger']) retrieved from /home/airflow/.local/lib/python3.7/site-packages/airflow/example_dags/example_latest_only_with_trigger.py
[2023-04-30T17:59:39.301+0000] {logging_mixin.py:120} INFO - [2023-04-30T17:59:39.301+0000] {dag.py:2585} INFO - Sync 1 DAGs
[2023-04-30T17:59:39.332+0000] {logging_mixin.py:120} INFO - [2023-04-30T17:59:39.332+0000] {dag.py:3340} INFO - Setting next_dagrun for latest_only_with_trigger to 2023-04-30T13:59:39.331821+00:00, run_after=2023-04-30T17:59:39.331821+00:00
[2023-04-30T17:59:39.360+0000] {processor.py:176} INFO - Processing /home/airflow/.local/lib/python3.7/site-packages/airflow/example_dags/example_latest_only_with_trigger.py took 0.120 seconds
[2023-04-30T18:00:09.868+0000] {processor.py:154} INFO - Started process (PID=1399) to work on /home/airflow/.local/lib/python3.7/site-packages/airflow/example_dags/example_latest_only_with_trigger.py
[2023-04-30T18:00:09.870+0000] {processor.py:756} INFO - Processing file /home/airflow/.local/lib/python3.7/site-packages/airflow/example_dags/example_latest_only_with_trigger.py for tasks to queue
[2023-04-30T18:00:09.871+0000] {logging_mixin.py:120} INFO - [2023-04-30T18:00:09.871+0000] {dagbag.py:537} INFO - Filling up the DagBag from /home/airflow/.local/lib/python3.7/site-packages/airflow/example_dags/example_latest_only_with_trigger.py
[2023-04-30T18:00:09.885+0000] {processor.py:766} INFO - DAG(s) dict_keys(['latest_only_with_trigger']) retrieved from /home/airflow/.local/lib/python3.7/site-packages/airflow/example_dags/example_latest_only_with_trigger.py
[2023-04-30T18:00:09.928+0000] {logging_mixin.py:120} INFO - [2023-04-30T18:00:09.928+0000] {dag.py:2585} INFO - Sync 1 DAGs
[2023-04-30T18:00:09.956+0000] {logging_mixin.py:120} INFO - [2023-04-30T18:00:09.956+0000] {dag.py:3340} INFO - Setting next_dagrun for latest_only_with_trigger to 2023-04-30T14:00:09.955903+00:00, run_after=2023-04-30T18:00:09.955903+00:00
[2023-04-30T18:00:09.980+0000] {processor.py:176} INFO - Processing /home/airflow/.local/lib/python3.7/site-packages/airflow/example_dags/example_latest_only_with_trigger.py took 0.114 seconds
[2023-04-30T18:00:40.582+0000] {processor.py:154} INFO - Started process (PID=1463) to work on /home/airflow/.local/lib/python3.7/site-packages/airflow/example_dags/example_latest_only_with_trigger.py
[2023-04-30T18:00:40.585+0000] {processor.py:756} INFO - Processing file /home/airflow/.local/lib/python3.7/site-packages/airflow/example_dags/example_latest_only_with_trigger.py for tasks to queue
[2023-04-30T18:00:40.585+0000] {logging_mixin.py:120} INFO - [2023-04-30T18:00:40.585+0000] {dagbag.py:537} INFO - Filling up the DagBag from /home/airflow/.local/lib/python3.7/site-packages/airflow/example_dags/example_latest_only_with_trigger.py
[2023-04-30T18:00:40.599+0000] {processor.py:766} INFO - DAG(s) dict_keys(['latest_only_with_trigger']) retrieved from /home/airflow/.local/lib/python3.7/site-packages/airflow/example_dags/example_latest_only_with_trigger.py
[2023-04-30T18:00:40.645+0000] {logging_mixin.py:120} INFO - [2023-04-30T18:00:40.645+0000] {dag.py:2585} INFO - Sync 1 DAGs
[2023-04-30T18:00:40.672+0000] {logging_mixin.py:120} INFO - [2023-04-30T18:00:40.671+0000] {dag.py:3340} INFO - Setting next_dagrun for latest_only_with_trigger to 2023-04-30T14:00:40.671729+00:00, run_after=2023-04-30T18:00:40.671729+00:00
[2023-04-30T18:00:40.697+0000] {processor.py:176} INFO - Processing /home/airflow/.local/lib/python3.7/site-packages/airflow/example_dags/example_latest_only_with_trigger.py took 0.118 seconds
[2023-04-30T18:01:11.533+0000] {processor.py:154} INFO - Started process (PID=1526) to work on /home/airflow/.local/lib/python3.7/site-packages/airflow/example_dags/example_latest_only_with_trigger.py
[2023-04-30T18:01:11.534+0000] {processor.py:756} INFO - Processing file /home/airflow/.local/lib/python3.7/site-packages/airflow/example_dags/example_latest_only_with_trigger.py for tasks to queue
[2023-04-30T18:01:11.535+0000] {logging_mixin.py:120} INFO - [2023-04-30T18:01:11.534+0000] {dagbag.py:537} INFO - Filling up the DagBag from /home/airflow/.local/lib/python3.7/site-packages/airflow/example_dags/example_latest_only_with_trigger.py
[2023-04-30T18:01:11.546+0000] {processor.py:766} INFO - DAG(s) dict_keys(['latest_only_with_trigger']) retrieved from /home/airflow/.local/lib/python3.7/site-packages/airflow/example_dags/example_latest_only_with_trigger.py
[2023-04-30T18:01:11.583+0000] {logging_mixin.py:120} INFO - [2023-04-30T18:01:11.583+0000] {dag.py:2585} INFO - Sync 1 DAGs
[2023-04-30T18:01:11.609+0000] {logging_mixin.py:120} INFO - [2023-04-30T18:01:11.609+0000] {dag.py:3340} INFO - Setting next_dagrun for latest_only_with_trigger to 2023-04-30T14:01:11.608844+00:00, run_after=2023-04-30T18:01:11.608844+00:00
[2023-04-30T18:01:11.633+0000] {processor.py:176} INFO - Processing /home/airflow/.local/lib/python3.7/site-packages/airflow/example_dags/example_latest_only_with_trigger.py took 0.103 seconds
[2023-04-30T18:01:42.115+0000] {processor.py:154} INFO - Started process (PID=1580) to work on /home/airflow/.local/lib/python3.7/site-packages/airflow/example_dags/example_latest_only_with_trigger.py
[2023-04-30T18:01:42.117+0000] {processor.py:756} INFO - Processing file /home/airflow/.local/lib/python3.7/site-packages/airflow/example_dags/example_latest_only_with_trigger.py for tasks to queue
[2023-04-30T18:01:42.118+0000] {logging_mixin.py:120} INFO - [2023-04-30T18:01:42.118+0000] {dagbag.py:537} INFO - Filling up the DagBag from /home/airflow/.local/lib/python3.7/site-packages/airflow/example_dags/example_latest_only_with_trigger.py
[2023-04-30T18:01:42.136+0000] {processor.py:766} INFO - DAG(s) dict_keys(['latest_only_with_trigger']) retrieved from /home/airflow/.local/lib/python3.7/site-packages/airflow/example_dags/example_latest_only_with_trigger.py
[2023-04-30T18:01:42.228+0000] {logging_mixin.py:120} INFO - [2023-04-30T18:01:42.227+0000] {dag.py:2585} INFO - Sync 1 DAGs
[2023-04-30T18:01:42.262+0000] {logging_mixin.py:120} INFO - [2023-04-30T18:01:42.262+0000] {dag.py:3340} INFO - Setting next_dagrun for latest_only_with_trigger to 2023-04-30T14:01:42.260681+00:00, run_after=2023-04-30T18:01:42.260681+00:00
[2023-04-30T18:01:42.287+0000] {processor.py:176} INFO - Processing /home/airflow/.local/lib/python3.7/site-packages/airflow/example_dags/example_latest_only_with_trigger.py took 0.176 seconds
[2023-04-30T18:02:12.601+0000] {processor.py:154} INFO - Started process (PID=1643) to work on /home/airflow/.local/lib/python3.7/site-packages/airflow/example_dags/example_latest_only_with_trigger.py
[2023-04-30T18:02:12.603+0000] {processor.py:756} INFO - Processing file /home/airflow/.local/lib/python3.7/site-packages/airflow/example_dags/example_latest_only_with_trigger.py for tasks to queue
[2023-04-30T18:02:12.604+0000] {logging_mixin.py:120} INFO - [2023-04-30T18:02:12.603+0000] {dagbag.py:537} INFO - Filling up the DagBag from /home/airflow/.local/lib/python3.7/site-packages/airflow/example_dags/example_latest_only_with_trigger.py
[2023-04-30T18:02:12.618+0000] {processor.py:766} INFO - DAG(s) dict_keys(['latest_only_with_trigger']) retrieved from /home/airflow/.local/lib/python3.7/site-packages/airflow/example_dags/example_latest_only_with_trigger.py
[2023-04-30T18:02:12.655+0000] {logging_mixin.py:120} INFO - [2023-04-30T18:02:12.654+0000] {dag.py:2585} INFO - Sync 1 DAGs
[2023-04-30T18:02:12.683+0000] {logging_mixin.py:120} INFO - [2023-04-30T18:02:12.682+0000] {dag.py:3340} INFO - Setting next_dagrun for latest_only_with_trigger to 2023-04-30T14:02:12.682729+00:00, run_after=2023-04-30T18:02:12.682729+00:00
[2023-04-30T18:02:12.707+0000] {processor.py:176} INFO - Processing /home/airflow/.local/lib/python3.7/site-packages/airflow/example_dags/example_latest_only_with_trigger.py took 0.109 seconds
[2023-04-30T18:02:43.097+0000] {processor.py:154} INFO - Started process (PID=1706) to work on /home/airflow/.local/lib/python3.7/site-packages/airflow/example_dags/example_latest_only_with_trigger.py
[2023-04-30T18:02:43.098+0000] {processor.py:756} INFO - Processing file /home/airflow/.local/lib/python3.7/site-packages/airflow/example_dags/example_latest_only_with_trigger.py for tasks to queue
[2023-04-30T18:02:43.098+0000] {logging_mixin.py:120} INFO - [2023-04-30T18:02:43.098+0000] {dagbag.py:537} INFO - Filling up the DagBag from /home/airflow/.local/lib/python3.7/site-packages/airflow/example_dags/example_latest_only_with_trigger.py
[2023-04-30T18:02:43.109+0000] {processor.py:766} INFO - DAG(s) dict_keys(['latest_only_with_trigger']) retrieved from /home/airflow/.local/lib/python3.7/site-packages/airflow/example_dags/example_latest_only_with_trigger.py
[2023-04-30T18:02:43.144+0000] {logging_mixin.py:120} INFO - [2023-04-30T18:02:43.144+0000] {dag.py:2585} INFO - Sync 1 DAGs
[2023-04-30T18:02:43.167+0000] {logging_mixin.py:120} INFO - [2023-04-30T18:02:43.167+0000] {dag.py:3340} INFO - Setting next_dagrun for latest_only_with_trigger to 2023-04-30T14:02:43.167241+00:00, run_after=2023-04-30T18:02:43.167241+00:00
[2023-04-30T18:02:43.192+0000] {processor.py:176} INFO - Processing /home/airflow/.local/lib/python3.7/site-packages/airflow/example_dags/example_latest_only_with_trigger.py took 0.097 seconds
[2023-04-30T18:03:13.562+0000] {processor.py:154} INFO - Started process (PID=1760) to work on /home/airflow/.local/lib/python3.7/site-packages/airflow/example_dags/example_latest_only_with_trigger.py
[2023-04-30T18:03:13.564+0000] {processor.py:756} INFO - Processing file /home/airflow/.local/lib/python3.7/site-packages/airflow/example_dags/example_latest_only_with_trigger.py for tasks to queue
[2023-04-30T18:03:13.565+0000] {logging_mixin.py:120} INFO - [2023-04-30T18:03:13.564+0000] {dagbag.py:537} INFO - Filling up the DagBag from /home/airflow/.local/lib/python3.7/site-packages/airflow/example_dags/example_latest_only_with_trigger.py
[2023-04-30T18:03:13.579+0000] {processor.py:766} INFO - DAG(s) dict_keys(['latest_only_with_trigger']) retrieved from /home/airflow/.local/lib/python3.7/site-packages/airflow/example_dags/example_latest_only_with_trigger.py
[2023-04-30T18:03:13.621+0000] {logging_mixin.py:120} INFO - [2023-04-30T18:03:13.621+0000] {dag.py:2585} INFO - Sync 1 DAGs
[2023-04-30T18:03:13.647+0000] {logging_mixin.py:120} INFO - [2023-04-30T18:03:13.647+0000] {dag.py:3340} INFO - Setting next_dagrun for latest_only_with_trigger to 2023-04-30T14:03:13.647570+00:00, run_after=2023-04-30T18:03:13.647570+00:00
[2023-04-30T18:03:13.673+0000] {processor.py:176} INFO - Processing /home/airflow/.local/lib/python3.7/site-packages/airflow/example_dags/example_latest_only_with_trigger.py took 0.112 seconds
[2023-04-30T18:03:44.166+0000] {processor.py:154} INFO - Started process (PID=1824) to work on /home/airflow/.local/lib/python3.7/site-packages/airflow/example_dags/example_latest_only_with_trigger.py
[2023-04-30T18:03:44.167+0000] {processor.py:756} INFO - Processing file /home/airflow/.local/lib/python3.7/site-packages/airflow/example_dags/example_latest_only_with_trigger.py for tasks to queue
[2023-04-30T18:03:44.168+0000] {logging_mixin.py:120} INFO - [2023-04-30T18:03:44.168+0000] {dagbag.py:537} INFO - Filling up the DagBag from /home/airflow/.local/lib/python3.7/site-packages/airflow/example_dags/example_latest_only_with_trigger.py
[2023-04-30T18:03:44.182+0000] {processor.py:766} INFO - DAG(s) dict_keys(['latest_only_with_trigger']) retrieved from /home/airflow/.local/lib/python3.7/site-packages/airflow/example_dags/example_latest_only_with_trigger.py
[2023-04-30T18:03:44.218+0000] {logging_mixin.py:120} INFO - [2023-04-30T18:03:44.218+0000] {dag.py:2585} INFO - Sync 1 DAGs
[2023-04-30T18:03:44.244+0000] {logging_mixin.py:120} INFO - [2023-04-30T18:03:44.244+0000] {dag.py:3340} INFO - Setting next_dagrun for latest_only_with_trigger to 2023-04-30T14:03:44.244329+00:00, run_after=2023-04-30T18:03:44.244329+00:00
[2023-04-30T18:03:44.268+0000] {processor.py:176} INFO - Processing /home/airflow/.local/lib/python3.7/site-packages/airflow/example_dags/example_latest_only_with_trigger.py took 0.105 seconds
[2023-04-30T18:04:14.701+0000] {processor.py:154} INFO - Started process (PID=1887) to work on /home/airflow/.local/lib/python3.7/site-packages/airflow/example_dags/example_latest_only_with_trigger.py
[2023-04-30T18:04:14.703+0000] {processor.py:756} INFO - Processing file /home/airflow/.local/lib/python3.7/site-packages/airflow/example_dags/example_latest_only_with_trigger.py for tasks to queue
[2023-04-30T18:04:14.704+0000] {logging_mixin.py:120} INFO - [2023-04-30T18:04:14.704+0000] {dagbag.py:537} INFO - Filling up the DagBag from /home/airflow/.local/lib/python3.7/site-packages/airflow/example_dags/example_latest_only_with_trigger.py
[2023-04-30T18:04:14.714+0000] {processor.py:766} INFO - DAG(s) dict_keys(['latest_only_with_trigger']) retrieved from /home/airflow/.local/lib/python3.7/site-packages/airflow/example_dags/example_latest_only_with_trigger.py
[2023-04-30T18:04:14.749+0000] {logging_mixin.py:120} INFO - [2023-04-30T18:04:14.749+0000] {dag.py:2585} INFO - Sync 1 DAGs
[2023-04-30T18:04:14.776+0000] {logging_mixin.py:120} INFO - [2023-04-30T18:04:14.776+0000] {dag.py:3340} INFO - Setting next_dagrun for latest_only_with_trigger to 2023-04-30T14:04:14.776331+00:00, run_after=2023-04-30T18:04:14.776331+00:00
[2023-04-30T18:04:14.802+0000] {processor.py:176} INFO - Processing /home/airflow/.local/lib/python3.7/site-packages/airflow/example_dags/example_latest_only_with_trigger.py took 0.102 seconds
[2023-04-30T18:04:45.261+0000] {processor.py:154} INFO - Started process (PID=1942) to work on /home/airflow/.local/lib/python3.7/site-packages/airflow/example_dags/example_latest_only_with_trigger.py
[2023-04-30T18:04:45.261+0000] {processor.py:756} INFO - Processing file /home/airflow/.local/lib/python3.7/site-packages/airflow/example_dags/example_latest_only_with_trigger.py for tasks to queue
[2023-04-30T18:04:45.262+0000] {logging_mixin.py:120} INFO - [2023-04-30T18:04:45.262+0000] {dagbag.py:537} INFO - Filling up the DagBag from /home/airflow/.local/lib/python3.7/site-packages/airflow/example_dags/example_latest_only_with_trigger.py
[2023-04-30T18:04:45.273+0000] {processor.py:766} INFO - DAG(s) dict_keys(['latest_only_with_trigger']) retrieved from /home/airflow/.local/lib/python3.7/site-packages/airflow/example_dags/example_latest_only_with_trigger.py
[2023-04-30T18:04:45.309+0000] {logging_mixin.py:120} INFO - [2023-04-30T18:04:45.309+0000] {dag.py:2585} INFO - Sync 1 DAGs
[2023-04-30T18:04:45.336+0000] {logging_mixin.py:120} INFO - [2023-04-30T18:04:45.336+0000] {dag.py:3340} INFO - Setting next_dagrun for latest_only_with_trigger to 2023-04-30T14:04:45.335959+00:00, run_after=2023-04-30T18:04:45.335959+00:00
[2023-04-30T18:04:45.363+0000] {processor.py:176} INFO - Processing /home/airflow/.local/lib/python3.7/site-packages/airflow/example_dags/example_latest_only_with_trigger.py took 0.104 seconds
[2023-04-30T18:05:15.969+0000] {processor.py:154} INFO - Started process (PID=2005) to work on /home/airflow/.local/lib/python3.7/site-packages/airflow/example_dags/example_latest_only_with_trigger.py
[2023-04-30T18:05:15.970+0000] {processor.py:756} INFO - Processing file /home/airflow/.local/lib/python3.7/site-packages/airflow/example_dags/example_latest_only_with_trigger.py for tasks to queue
[2023-04-30T18:05:15.971+0000] {logging_mixin.py:120} INFO - [2023-04-30T18:05:15.971+0000] {dagbag.py:537} INFO - Filling up the DagBag from /home/airflow/.local/lib/python3.7/site-packages/airflow/example_dags/example_latest_only_with_trigger.py
[2023-04-30T18:05:15.983+0000] {processor.py:766} INFO - DAG(s) dict_keys(['latest_only_with_trigger']) retrieved from /home/airflow/.local/lib/python3.7/site-packages/airflow/example_dags/example_latest_only_with_trigger.py
[2023-04-30T18:05:16.017+0000] {logging_mixin.py:120} INFO - [2023-04-30T18:05:16.016+0000] {dag.py:2585} INFO - Sync 1 DAGs
[2023-04-30T18:05:16.043+0000] {logging_mixin.py:120} INFO - [2023-04-30T18:05:16.042+0000] {dag.py:3340} INFO - Setting next_dagrun for latest_only_with_trigger to 2023-04-30T14:05:16.042795+00:00, run_after=2023-04-30T18:05:16.042795+00:00
[2023-04-30T18:05:16.066+0000] {processor.py:176} INFO - Processing /home/airflow/.local/lib/python3.7/site-packages/airflow/example_dags/example_latest_only_with_trigger.py took 0.099 seconds
[2023-04-30T18:05:46.494+0000] {processor.py:154} INFO - Started process (PID=2069) to work on /home/airflow/.local/lib/python3.7/site-packages/airflow/example_dags/example_latest_only_with_trigger.py
[2023-04-30T18:05:46.495+0000] {processor.py:756} INFO - Processing file /home/airflow/.local/lib/python3.7/site-packages/airflow/example_dags/example_latest_only_with_trigger.py for tasks to queue
[2023-04-30T18:05:46.495+0000] {logging_mixin.py:120} INFO - [2023-04-30T18:05:46.495+0000] {dagbag.py:537} INFO - Filling up the DagBag from /home/airflow/.local/lib/python3.7/site-packages/airflow/example_dags/example_latest_only_with_trigger.py
[2023-04-30T18:05:46.507+0000] {processor.py:766} INFO - DAG(s) dict_keys(['latest_only_with_trigger']) retrieved from /home/airflow/.local/lib/python3.7/site-packages/airflow/example_dags/example_latest_only_with_trigger.py
[2023-04-30T18:05:46.542+0000] {logging_mixin.py:120} INFO - [2023-04-30T18:05:46.542+0000] {dag.py:2585} INFO - Sync 1 DAGs
[2023-04-30T18:05:46.571+0000] {logging_mixin.py:120} INFO - [2023-04-30T18:05:46.571+0000] {dag.py:3340} INFO - Setting next_dagrun for latest_only_with_trigger to 2023-04-30T14:05:46.571418+00:00, run_after=2023-04-30T18:05:46.571418+00:00
[2023-04-30T18:05:46.603+0000] {processor.py:176} INFO - Processing /home/airflow/.local/lib/python3.7/site-packages/airflow/example_dags/example_latest_only_with_trigger.py took 0.111 seconds
[2023-04-30T18:06:17.030+0000] {processor.py:154} INFO - Started process (PID=2132) to work on /home/airflow/.local/lib/python3.7/site-packages/airflow/example_dags/example_latest_only_with_trigger.py
[2023-04-30T18:06:17.032+0000] {processor.py:756} INFO - Processing file /home/airflow/.local/lib/python3.7/site-packages/airflow/example_dags/example_latest_only_with_trigger.py for tasks to queue
[2023-04-30T18:06:17.032+0000] {logging_mixin.py:120} INFO - [2023-04-30T18:06:17.032+0000] {dagbag.py:537} INFO - Filling up the DagBag from /home/airflow/.local/lib/python3.7/site-packages/airflow/example_dags/example_latest_only_with_trigger.py
[2023-04-30T18:06:17.045+0000] {processor.py:766} INFO - DAG(s) dict_keys(['latest_only_with_trigger']) retrieved from /home/airflow/.local/lib/python3.7/site-packages/airflow/example_dags/example_latest_only_with_trigger.py
[2023-04-30T18:06:17.083+0000] {logging_mixin.py:120} INFO - [2023-04-30T18:06:17.083+0000] {dag.py:2585} INFO - Sync 1 DAGs
[2023-04-30T18:06:17.116+0000] {logging_mixin.py:120} INFO - [2023-04-30T18:06:17.115+0000] {dag.py:3340} INFO - Setting next_dagrun for latest_only_with_trigger to 2023-04-30T14:06:17.114960+00:00, run_after=2023-04-30T18:06:17.114960+00:00
[2023-04-30T18:06:17.143+0000] {processor.py:176} INFO - Processing /home/airflow/.local/lib/python3.7/site-packages/airflow/example_dags/example_latest_only_with_trigger.py took 0.115 seconds
[2023-04-30T18:06:47.554+0000] {processor.py:154} INFO - Started process (PID=2186) to work on /home/airflow/.local/lib/python3.7/site-packages/airflow/example_dags/example_latest_only_with_trigger.py
[2023-04-30T18:06:47.554+0000] {processor.py:756} INFO - Processing file /home/airflow/.local/lib/python3.7/site-packages/airflow/example_dags/example_latest_only_with_trigger.py for tasks to queue
[2023-04-30T18:06:47.555+0000] {logging_mixin.py:120} INFO - [2023-04-30T18:06:47.555+0000] {dagbag.py:537} INFO - Filling up the DagBag from /home/airflow/.local/lib/python3.7/site-packages/airflow/example_dags/example_latest_only_with_trigger.py
[2023-04-30T18:06:47.566+0000] {processor.py:766} INFO - DAG(s) dict_keys(['latest_only_with_trigger']) retrieved from /home/airflow/.local/lib/python3.7/site-packages/airflow/example_dags/example_latest_only_with_trigger.py
[2023-04-30T18:06:47.600+0000] {logging_mixin.py:120} INFO - [2023-04-30T18:06:47.600+0000] {dag.py:2585} INFO - Sync 1 DAGs
[2023-04-30T18:06:47.627+0000] {logging_mixin.py:120} INFO - [2023-04-30T18:06:47.627+0000] {dag.py:3340} INFO - Setting next_dagrun for latest_only_with_trigger to 2023-04-30T14:06:47.626915+00:00, run_after=2023-04-30T18:06:47.626915+00:00
[2023-04-30T18:06:47.650+0000] {processor.py:176} INFO - Processing /home/airflow/.local/lib/python3.7/site-packages/airflow/example_dags/example_latest_only_with_trigger.py took 0.099 seconds
[2023-04-30T18:07:18.143+0000] {processor.py:154} INFO - Started process (PID=2249) to work on /home/airflow/.local/lib/python3.7/site-packages/airflow/example_dags/example_latest_only_with_trigger.py
[2023-04-30T18:07:18.151+0000] {processor.py:756} INFO - Processing file /home/airflow/.local/lib/python3.7/site-packages/airflow/example_dags/example_latest_only_with_trigger.py for tasks to queue
[2023-04-30T18:07:18.152+0000] {logging_mixin.py:120} INFO - [2023-04-30T18:07:18.152+0000] {dagbag.py:537} INFO - Filling up the DagBag from /home/airflow/.local/lib/python3.7/site-packages/airflow/example_dags/example_latest_only_with_trigger.py
[2023-04-30T18:07:18.162+0000] {processor.py:766} INFO - DAG(s) dict_keys(['latest_only_with_trigger']) retrieved from /home/airflow/.local/lib/python3.7/site-packages/airflow/example_dags/example_latest_only_with_trigger.py
[2023-04-30T18:07:18.197+0000] {logging_mixin.py:120} INFO - [2023-04-30T18:07:18.197+0000] {dag.py:2585} INFO - Sync 1 DAGs
[2023-04-30T18:07:18.221+0000] {logging_mixin.py:120} INFO - [2023-04-30T18:07:18.221+0000] {dag.py:3340} INFO - Setting next_dagrun for latest_only_with_trigger to 2023-04-30T14:07:18.221173+00:00, run_after=2023-04-30T18:07:18.221173+00:00
[2023-04-30T18:07:18.245+0000] {processor.py:176} INFO - Processing /home/airflow/.local/lib/python3.7/site-packages/airflow/example_dags/example_latest_only_with_trigger.py took 0.105 seconds
[2023-04-30T18:07:48.668+0000] {processor.py:154} INFO - Started process (PID=2312) to work on /home/airflow/.local/lib/python3.7/site-packages/airflow/example_dags/example_latest_only_with_trigger.py
[2023-04-30T18:07:48.669+0000] {processor.py:756} INFO - Processing file /home/airflow/.local/lib/python3.7/site-packages/airflow/example_dags/example_latest_only_with_trigger.py for tasks to queue
[2023-04-30T18:07:48.669+0000] {logging_mixin.py:120} INFO - [2023-04-30T18:07:48.669+0000] {dagbag.py:537} INFO - Filling up the DagBag from /home/airflow/.local/lib/python3.7/site-packages/airflow/example_dags/example_latest_only_with_trigger.py
[2023-04-30T18:07:48.681+0000] {processor.py:766} INFO - DAG(s) dict_keys(['latest_only_with_trigger']) retrieved from /home/airflow/.local/lib/python3.7/site-packages/airflow/example_dags/example_latest_only_with_trigger.py
[2023-04-30T18:07:48.715+0000] {logging_mixin.py:120} INFO - [2023-04-30T18:07:48.715+0000] {dag.py:2585} INFO - Sync 1 DAGs
[2023-04-30T18:07:48.743+0000] {logging_mixin.py:120} INFO - [2023-04-30T18:07:48.743+0000] {dag.py:3340} INFO - Setting next_dagrun for latest_only_with_trigger to 2023-04-30T14:07:48.742948+00:00, run_after=2023-04-30T18:07:48.742948+00:00
[2023-04-30T18:07:48.766+0000] {processor.py:176} INFO - Processing /home/airflow/.local/lib/python3.7/site-packages/airflow/example_dags/example_latest_only_with_trigger.py took 0.100 seconds
[2023-04-30T18:08:19.135+0000] {processor.py:154} INFO - Started process (PID=2366) to work on /home/airflow/.local/lib/python3.7/site-packages/airflow/example_dags/example_latest_only_with_trigger.py
[2023-04-30T18:08:19.143+0000] {processor.py:756} INFO - Processing file /home/airflow/.local/lib/python3.7/site-packages/airflow/example_dags/example_latest_only_with_trigger.py for tasks to queue
[2023-04-30T18:08:19.144+0000] {logging_mixin.py:120} INFO - [2023-04-30T18:08:19.144+0000] {dagbag.py:537} INFO - Filling up the DagBag from /home/airflow/.local/lib/python3.7/site-packages/airflow/example_dags/example_latest_only_with_trigger.py
[2023-04-30T18:08:19.154+0000] {processor.py:766} INFO - DAG(s) dict_keys(['latest_only_with_trigger']) retrieved from /home/airflow/.local/lib/python3.7/site-packages/airflow/example_dags/example_latest_only_with_trigger.py
[2023-04-30T18:08:19.189+0000] {logging_mixin.py:120} INFO - [2023-04-30T18:08:19.189+0000] {dag.py:2585} INFO - Sync 1 DAGs
[2023-04-30T18:08:19.216+0000] {logging_mixin.py:120} INFO - [2023-04-30T18:08:19.216+0000] {dag.py:3340} INFO - Setting next_dagrun for latest_only_with_trigger to 2023-04-30T14:08:19.216419+00:00, run_after=2023-04-30T18:08:19.216419+00:00
[2023-04-30T18:08:19.239+0000] {processor.py:176} INFO - Processing /home/airflow/.local/lib/python3.7/site-packages/airflow/example_dags/example_latest_only_with_trigger.py took 0.106 seconds
[2023-04-30T18:08:49.597+0000] {processor.py:154} INFO - Started process (PID=2429) to work on /home/airflow/.local/lib/python3.7/site-packages/airflow/example_dags/example_latest_only_with_trigger.py
[2023-04-30T18:08:49.598+0000] {processor.py:756} INFO - Processing file /home/airflow/.local/lib/python3.7/site-packages/airflow/example_dags/example_latest_only_with_trigger.py for tasks to queue
[2023-04-30T18:08:49.598+0000] {logging_mixin.py:120} INFO - [2023-04-30T18:08:49.598+0000] {dagbag.py:537} INFO - Filling up the DagBag from /home/airflow/.local/lib/python3.7/site-packages/airflow/example_dags/example_latest_only_with_trigger.py
[2023-04-30T18:08:49.609+0000] {processor.py:766} INFO - DAG(s) dict_keys(['latest_only_with_trigger']) retrieved from /home/airflow/.local/lib/python3.7/site-packages/airflow/example_dags/example_latest_only_with_trigger.py
[2023-04-30T18:08:49.643+0000] {logging_mixin.py:120} INFO - [2023-04-30T18:08:49.643+0000] {dag.py:2585} INFO - Sync 1 DAGs
[2023-04-30T18:08:49.667+0000] {logging_mixin.py:120} INFO - [2023-04-30T18:08:49.667+0000] {dag.py:3340} INFO - Setting next_dagrun for latest_only_with_trigger to 2023-04-30T14:08:49.667440+00:00, run_after=2023-04-30T18:08:49.667440+00:00
[2023-04-30T18:08:49.690+0000] {processor.py:176} INFO - Processing /home/airflow/.local/lib/python3.7/site-packages/airflow/example_dags/example_latest_only_with_trigger.py took 0.094 seconds
[2023-04-30T18:09:20.404+0000] {processor.py:154} INFO - Started process (PID=2492) to work on /home/airflow/.local/lib/python3.7/site-packages/airflow/example_dags/example_latest_only_with_trigger.py
[2023-04-30T18:09:20.406+0000] {processor.py:756} INFO - Processing file /home/airflow/.local/lib/python3.7/site-packages/airflow/example_dags/example_latest_only_with_trigger.py for tasks to queue
[2023-04-30T18:09:20.406+0000] {logging_mixin.py:120} INFO - [2023-04-30T18:09:20.406+0000] {dagbag.py:537} INFO - Filling up the DagBag from /home/airflow/.local/lib/python3.7/site-packages/airflow/example_dags/example_latest_only_with_trigger.py
[2023-04-30T18:09:20.417+0000] {processor.py:766} INFO - DAG(s) dict_keys(['latest_only_with_trigger']) retrieved from /home/airflow/.local/lib/python3.7/site-packages/airflow/example_dags/example_latest_only_with_trigger.py
[2023-04-30T18:09:20.453+0000] {logging_mixin.py:120} INFO - [2023-04-30T18:09:20.453+0000] {dag.py:2585} INFO - Sync 1 DAGs
[2023-04-30T18:09:20.480+0000] {logging_mixin.py:120} INFO - [2023-04-30T18:09:20.480+0000] {dag.py:3340} INFO - Setting next_dagrun for latest_only_with_trigger to 2023-04-30T14:09:20.480483+00:00, run_after=2023-04-30T18:09:20.480483+00:00
[2023-04-30T18:09:20.505+0000] {processor.py:176} INFO - Processing /home/airflow/.local/lib/python3.7/site-packages/airflow/example_dags/example_latest_only_with_trigger.py took 0.103 seconds
[2023-04-30T18:09:51.030+0000] {processor.py:154} INFO - Started process (PID=2551) to work on /home/airflow/.local/lib/python3.7/site-packages/airflow/example_dags/example_latest_only_with_trigger.py
[2023-04-30T18:09:51.031+0000] {processor.py:756} INFO - Processing file /home/airflow/.local/lib/python3.7/site-packages/airflow/example_dags/example_latest_only_with_trigger.py for tasks to queue
[2023-04-30T18:09:51.032+0000] {logging_mixin.py:120} INFO - [2023-04-30T18:09:51.032+0000] {dagbag.py:537} INFO - Filling up the DagBag from /home/airflow/.local/lib/python3.7/site-packages/airflow/example_dags/example_latest_only_with_trigger.py
[2023-04-30T18:09:51.047+0000] {processor.py:766} INFO - DAG(s) dict_keys(['latest_only_with_trigger']) retrieved from /home/airflow/.local/lib/python3.7/site-packages/airflow/example_dags/example_latest_only_with_trigger.py
[2023-04-30T18:09:51.084+0000] {logging_mixin.py:120} INFO - [2023-04-30T18:09:51.084+0000] {dag.py:2585} INFO - Sync 1 DAGs
[2023-04-30T18:09:51.114+0000] {logging_mixin.py:120} INFO - [2023-04-30T18:09:51.114+0000] {dag.py:3340} INFO - Setting next_dagrun for latest_only_with_trigger to 2023-04-30T14:09:51.114279+00:00, run_after=2023-04-30T18:09:51.114279+00:00
[2023-04-30T18:09:51.140+0000] {processor.py:176} INFO - Processing /home/airflow/.local/lib/python3.7/site-packages/airflow/example_dags/example_latest_only_with_trigger.py took 0.111 seconds
[2023-04-30T18:10:21.503+0000] {processor.py:154} INFO - Started process (PID=2609) to work on /home/airflow/.local/lib/python3.7/site-packages/airflow/example_dags/example_latest_only_with_trigger.py
[2023-04-30T18:10:21.512+0000] {processor.py:756} INFO - Processing file /home/airflow/.local/lib/python3.7/site-packages/airflow/example_dags/example_latest_only_with_trigger.py for tasks to queue
[2023-04-30T18:10:21.513+0000] {logging_mixin.py:120} INFO - [2023-04-30T18:10:21.512+0000] {dagbag.py:537} INFO - Filling up the DagBag from /home/airflow/.local/lib/python3.7/site-packages/airflow/example_dags/example_latest_only_with_trigger.py
[2023-04-30T18:10:21.523+0000] {processor.py:766} INFO - DAG(s) dict_keys(['latest_only_with_trigger']) retrieved from /home/airflow/.local/lib/python3.7/site-packages/airflow/example_dags/example_latest_only_with_trigger.py
[2023-04-30T18:10:21.558+0000] {logging_mixin.py:120} INFO - [2023-04-30T18:10:21.558+0000] {dag.py:2585} INFO - Sync 1 DAGs
[2023-04-30T18:10:21.585+0000] {logging_mixin.py:120} INFO - [2023-04-30T18:10:21.585+0000] {dag.py:3340} INFO - Setting next_dagrun for latest_only_with_trigger to 2023-04-30T14:10:21.585274+00:00, run_after=2023-04-30T18:10:21.585274+00:00
[2023-04-30T18:10:21.610+0000] {processor.py:176} INFO - Processing /home/airflow/.local/lib/python3.7/site-packages/airflow/example_dags/example_latest_only_with_trigger.py took 0.109 seconds
[2023-04-30T18:10:51.992+0000] {processor.py:154} INFO - Started process (PID=2672) to work on /home/airflow/.local/lib/python3.7/site-packages/airflow/example_dags/example_latest_only_with_trigger.py
[2023-04-30T18:10:51.993+0000] {processor.py:756} INFO - Processing file /home/airflow/.local/lib/python3.7/site-packages/airflow/example_dags/example_latest_only_with_trigger.py for tasks to queue
[2023-04-30T18:10:51.993+0000] {logging_mixin.py:120} INFO - [2023-04-30T18:10:51.993+0000] {dagbag.py:537} INFO - Filling up the DagBag from /home/airflow/.local/lib/python3.7/site-packages/airflow/example_dags/example_latest_only_with_trigger.py
[2023-04-30T18:10:52.004+0000] {processor.py:766} INFO - DAG(s) dict_keys(['latest_only_with_trigger']) retrieved from /home/airflow/.local/lib/python3.7/site-packages/airflow/example_dags/example_latest_only_with_trigger.py
[2023-04-30T18:10:52.047+0000] {logging_mixin.py:120} INFO - [2023-04-30T18:10:52.046+0000] {dag.py:2585} INFO - Sync 1 DAGs
[2023-04-30T18:10:52.073+0000] {logging_mixin.py:120} INFO - [2023-04-30T18:10:52.073+0000] {dag.py:3340} INFO - Setting next_dagrun for latest_only_with_trigger to 2023-04-30T14:10:52.073103+00:00, run_after=2023-04-30T18:10:52.073103+00:00
[2023-04-30T18:10:52.096+0000] {processor.py:176} INFO - Processing /home/airflow/.local/lib/python3.7/site-packages/airflow/example_dags/example_latest_only_with_trigger.py took 0.106 seconds
[2023-04-30T18:11:22.556+0000] {processor.py:154} INFO - Started process (PID=2735) to work on /home/airflow/.local/lib/python3.7/site-packages/airflow/example_dags/example_latest_only_with_trigger.py
[2023-04-30T18:11:22.558+0000] {processor.py:756} INFO - Processing file /home/airflow/.local/lib/python3.7/site-packages/airflow/example_dags/example_latest_only_with_trigger.py for tasks to queue
[2023-04-30T18:11:22.559+0000] {logging_mixin.py:120} INFO - [2023-04-30T18:11:22.559+0000] {dagbag.py:537} INFO - Filling up the DagBag from /home/airflow/.local/lib/python3.7/site-packages/airflow/example_dags/example_latest_only_with_trigger.py
[2023-04-30T18:11:22.570+0000] {processor.py:766} INFO - DAG(s) dict_keys(['latest_only_with_trigger']) retrieved from /home/airflow/.local/lib/python3.7/site-packages/airflow/example_dags/example_latest_only_with_trigger.py
[2023-04-30T18:11:22.608+0000] {logging_mixin.py:120} INFO - [2023-04-30T18:11:22.608+0000] {dag.py:2585} INFO - Sync 1 DAGs
[2023-04-30T18:11:22.637+0000] {logging_mixin.py:120} INFO - [2023-04-30T18:11:22.637+0000] {dag.py:3340} INFO - Setting next_dagrun for latest_only_with_trigger to 2023-04-30T14:11:22.636980+00:00, run_after=2023-04-30T18:11:22.636980+00:00
[2023-04-30T18:11:22.662+0000] {processor.py:176} INFO - Processing /home/airflow/.local/lib/python3.7/site-packages/airflow/example_dags/example_latest_only_with_trigger.py took 0.108 seconds
[2023-04-30T18:11:52.937+0000] {processor.py:154} INFO - Started process (PID=2789) to work on /home/airflow/.local/lib/python3.7/site-packages/airflow/example_dags/example_latest_only_with_trigger.py
[2023-04-30T18:11:52.937+0000] {processor.py:756} INFO - Processing file /home/airflow/.local/lib/python3.7/site-packages/airflow/example_dags/example_latest_only_with_trigger.py for tasks to queue
[2023-04-30T18:11:52.938+0000] {logging_mixin.py:120} INFO - [2023-04-30T18:11:52.938+0000] {dagbag.py:537} INFO - Filling up the DagBag from /home/airflow/.local/lib/python3.7/site-packages/airflow/example_dags/example_latest_only_with_trigger.py
[2023-04-30T18:11:52.949+0000] {processor.py:766} INFO - DAG(s) dict_keys(['latest_only_with_trigger']) retrieved from /home/airflow/.local/lib/python3.7/site-packages/airflow/example_dags/example_latest_only_with_trigger.py
[2023-04-30T18:11:52.985+0000] {logging_mixin.py:120} INFO - [2023-04-30T18:11:52.985+0000] {dag.py:2585} INFO - Sync 1 DAGs
[2023-04-30T18:11:53.012+0000] {logging_mixin.py:120} INFO - [2023-04-30T18:11:53.012+0000] {dag.py:3340} INFO - Setting next_dagrun for latest_only_with_trigger to 2023-04-30T14:11:53.012040+00:00, run_after=2023-04-30T18:11:53.012040+00:00
[2023-04-30T18:11:53.038+0000] {processor.py:176} INFO - Processing /home/airflow/.local/lib/python3.7/site-packages/airflow/example_dags/example_latest_only_with_trigger.py took 0.103 seconds
[2023-04-30T18:20:45.038+0000] {processor.py:154} INFO - Started process (PID=2820) to work on /home/airflow/.local/lib/python3.7/site-packages/airflow/example_dags/example_latest_only_with_trigger.py
[2023-04-30T18:20:45.040+0000] {processor.py:756} INFO - Processing file /home/airflow/.local/lib/python3.7/site-packages/airflow/example_dags/example_latest_only_with_trigger.py for tasks to queue
[2023-04-30T18:20:45.042+0000] {logging_mixin.py:120} INFO - [2023-04-30T18:20:45.041+0000] {dagbag.py:537} INFO - Filling up the DagBag from /home/airflow/.local/lib/python3.7/site-packages/airflow/example_dags/example_latest_only_with_trigger.py
[2023-04-30T18:20:45.085+0000] {processor.py:766} INFO - DAG(s) dict_keys(['latest_only_with_trigger']) retrieved from /home/airflow/.local/lib/python3.7/site-packages/airflow/example_dags/example_latest_only_with_trigger.py
[2023-04-30T18:20:45.199+0000] {logging_mixin.py:120} INFO - [2023-04-30T18:20:45.199+0000] {dag.py:2585} INFO - Sync 1 DAGs
[2023-04-30T18:20:45.314+0000] {logging_mixin.py:120} INFO - [2023-04-30T18:20:45.313+0000] {dag.py:3340} INFO - Setting next_dagrun for latest_only_with_trigger to 2023-04-30T14:20:45.312351+00:00, run_after=2023-04-30T18:20:45.312351+00:00
[2023-04-30T18:20:45.394+0000] {processor.py:176} INFO - Processing /home/airflow/.local/lib/python3.7/site-packages/airflow/example_dags/example_latest_only_with_trigger.py took 0.367 seconds
