[2023-04-30T17:48:53.984+0000] {processor.py:154} INFO - Started process (PID=62) to work on /home/airflow/.local/lib/python3.7/site-packages/airflow/example_dags/tutorial_dag.py
[2023-04-30T17:48:53.985+0000] {processor.py:756} INFO - Processing file /home/airflow/.local/lib/python3.7/site-packages/airflow/example_dags/tutorial_dag.py for tasks to queue
[2023-04-30T17:48:53.986+0000] {logging_mixin.py:120} INFO - [2023-04-30T17:48:53.986+0000] {dagbag.py:537} INFO - Filling up the DagBag from /home/airflow/.local/lib/python3.7/site-packages/airflow/example_dags/tutorial_dag.py
[2023-04-30T17:48:54.006+0000] {processor.py:766} INFO - DAG(s) dict_keys(['tutorial_dag']) retrieved from /home/airflow/.local/lib/python3.7/site-packages/airflow/example_dags/tutorial_dag.py
[2023-04-30T17:48:54.248+0000] {logging_mixin.py:120} INFO - [2023-04-30T17:48:54.248+0000] {manager.py:507} INFO - Created Permission View: can read on DAG:tutorial_dag
[2023-04-30T17:48:54.268+0000] {logging_mixin.py:120} INFO - [2023-04-30T17:48:54.268+0000] {manager.py:507} INFO - Created Permission View: can edit on DAG:tutorial_dag
[2023-04-30T17:48:54.291+0000] {logging_mixin.py:120} INFO - [2023-04-30T17:48:54.290+0000] {manager.py:507} INFO - Created Permission View: can delete on DAG:tutorial_dag
[2023-04-30T17:48:54.292+0000] {logging_mixin.py:120} INFO - [2023-04-30T17:48:54.291+0000] {dag.py:2585} INFO - Sync 1 DAGs
[2023-04-30T17:48:54.328+0000] {logging_mixin.py:120} INFO - [2023-04-30T17:48:54.328+0000] {dag.py:2606} INFO - Creating ORM DAG for tutorial_dag
[2023-04-30T17:48:54.352+0000] {logging_mixin.py:120} INFO - [2023-04-30T17:48:54.352+0000] {dag.py:3340} INFO - Setting next_dagrun for tutorial_dag to None, run_after=None
[2023-04-30T17:48:54.397+0000] {processor.py:176} INFO - Processing /home/airflow/.local/lib/python3.7/site-packages/airflow/example_dags/tutorial_dag.py took 0.418 seconds
[2023-04-30T17:49:24.668+0000] {processor.py:154} INFO - Started process (PID=123) to work on /home/airflow/.local/lib/python3.7/site-packages/airflow/example_dags/tutorial_dag.py
[2023-04-30T17:49:24.669+0000] {processor.py:756} INFO - Processing file /home/airflow/.local/lib/python3.7/site-packages/airflow/example_dags/tutorial_dag.py for tasks to queue
[2023-04-30T17:49:24.669+0000] {logging_mixin.py:120} INFO - [2023-04-30T17:49:24.669+0000] {dagbag.py:537} INFO - Filling up the DagBag from /home/airflow/.local/lib/python3.7/site-packages/airflow/example_dags/tutorial_dag.py
[2023-04-30T17:49:24.681+0000] {processor.py:766} INFO - DAG(s) dict_keys(['tutorial_dag']) retrieved from /home/airflow/.local/lib/python3.7/site-packages/airflow/example_dags/tutorial_dag.py
[2023-04-30T17:49:24.723+0000] {logging_mixin.py:120} INFO - [2023-04-30T17:49:24.722+0000] {dag.py:2585} INFO - Sync 1 DAGs
[2023-04-30T17:49:24.756+0000] {logging_mixin.py:120} INFO - [2023-04-30T17:49:24.756+0000] {dag.py:3340} INFO - Setting next_dagrun for tutorial_dag to None, run_after=None
[2023-04-30T17:49:24.782+0000] {processor.py:176} INFO - Processing /home/airflow/.local/lib/python3.7/site-packages/airflow/example_dags/tutorial_dag.py took 0.116 seconds
[2023-04-30T17:49:55.176+0000] {processor.py:154} INFO - Started process (PID=180) to work on /home/airflow/.local/lib/python3.7/site-packages/airflow/example_dags/tutorial_dag.py
[2023-04-30T17:49:55.178+0000] {processor.py:756} INFO - Processing file /home/airflow/.local/lib/python3.7/site-packages/airflow/example_dags/tutorial_dag.py for tasks to queue
[2023-04-30T17:49:55.178+0000] {logging_mixin.py:120} INFO - [2023-04-30T17:49:55.178+0000] {dagbag.py:537} INFO - Filling up the DagBag from /home/airflow/.local/lib/python3.7/site-packages/airflow/example_dags/tutorial_dag.py
[2023-04-30T17:49:55.187+0000] {processor.py:766} INFO - DAG(s) dict_keys(['tutorial_dag']) retrieved from /home/airflow/.local/lib/python3.7/site-packages/airflow/example_dags/tutorial_dag.py
[2023-04-30T17:49:55.221+0000] {logging_mixin.py:120} INFO - [2023-04-30T17:49:55.221+0000] {dag.py:2585} INFO - Sync 1 DAGs
[2023-04-30T17:49:55.246+0000] {logging_mixin.py:120} INFO - [2023-04-30T17:49:55.246+0000] {dag.py:3340} INFO - Setting next_dagrun for tutorial_dag to None, run_after=None
[2023-04-30T17:49:55.271+0000] {processor.py:176} INFO - Processing /home/airflow/.local/lib/python3.7/site-packages/airflow/example_dags/tutorial_dag.py took 0.097 seconds
[2023-04-30T17:50:25.920+0000] {processor.py:154} INFO - Started process (PID=243) to work on /home/airflow/.local/lib/python3.7/site-packages/airflow/example_dags/tutorial_dag.py
[2023-04-30T17:50:25.921+0000] {processor.py:756} INFO - Processing file /home/airflow/.local/lib/python3.7/site-packages/airflow/example_dags/tutorial_dag.py for tasks to queue
[2023-04-30T17:50:25.922+0000] {logging_mixin.py:120} INFO - [2023-04-30T17:50:25.922+0000] {dagbag.py:537} INFO - Filling up the DagBag from /home/airflow/.local/lib/python3.7/site-packages/airflow/example_dags/tutorial_dag.py
[2023-04-30T17:50:25.933+0000] {processor.py:766} INFO - DAG(s) dict_keys(['tutorial_dag']) retrieved from /home/airflow/.local/lib/python3.7/site-packages/airflow/example_dags/tutorial_dag.py
[2023-04-30T17:50:25.974+0000] {logging_mixin.py:120} INFO - [2023-04-30T17:50:25.973+0000] {dag.py:2585} INFO - Sync 1 DAGs
[2023-04-30T17:50:25.999+0000] {logging_mixin.py:120} INFO - [2023-04-30T17:50:25.999+0000] {dag.py:3340} INFO - Setting next_dagrun for tutorial_dag to None, run_after=None
[2023-04-30T17:50:26.024+0000] {processor.py:176} INFO - Processing /home/airflow/.local/lib/python3.7/site-packages/airflow/example_dags/tutorial_dag.py took 0.106 seconds
[2023-04-30T17:50:56.702+0000] {processor.py:154} INFO - Started process (PID=306) to work on /home/airflow/.local/lib/python3.7/site-packages/airflow/example_dags/tutorial_dag.py
[2023-04-30T17:50:56.703+0000] {processor.py:756} INFO - Processing file /home/airflow/.local/lib/python3.7/site-packages/airflow/example_dags/tutorial_dag.py for tasks to queue
[2023-04-30T17:50:56.703+0000] {logging_mixin.py:120} INFO - [2023-04-30T17:50:56.703+0000] {dagbag.py:537} INFO - Filling up the DagBag from /home/airflow/.local/lib/python3.7/site-packages/airflow/example_dags/tutorial_dag.py
[2023-04-30T17:50:56.715+0000] {processor.py:766} INFO - DAG(s) dict_keys(['tutorial_dag']) retrieved from /home/airflow/.local/lib/python3.7/site-packages/airflow/example_dags/tutorial_dag.py
[2023-04-30T17:50:56.755+0000] {logging_mixin.py:120} INFO - [2023-04-30T17:50:56.755+0000] {dag.py:2585} INFO - Sync 1 DAGs
[2023-04-30T17:50:56.789+0000] {logging_mixin.py:120} INFO - [2023-04-30T17:50:56.789+0000] {dag.py:3340} INFO - Setting next_dagrun for tutorial_dag to None, run_after=None
[2023-04-30T17:50:56.814+0000] {processor.py:176} INFO - Processing /home/airflow/.local/lib/python3.7/site-packages/airflow/example_dags/tutorial_dag.py took 0.114 seconds
[2023-04-30T17:51:27.325+0000] {processor.py:154} INFO - Started process (PID=360) to work on /home/airflow/.local/lib/python3.7/site-packages/airflow/example_dags/tutorial_dag.py
[2023-04-30T17:51:27.326+0000] {processor.py:756} INFO - Processing file /home/airflow/.local/lib/python3.7/site-packages/airflow/example_dags/tutorial_dag.py for tasks to queue
[2023-04-30T17:51:27.327+0000] {logging_mixin.py:120} INFO - [2023-04-30T17:51:27.327+0000] {dagbag.py:537} INFO - Filling up the DagBag from /home/airflow/.local/lib/python3.7/site-packages/airflow/example_dags/tutorial_dag.py
[2023-04-30T17:51:27.338+0000] {processor.py:766} INFO - DAG(s) dict_keys(['tutorial_dag']) retrieved from /home/airflow/.local/lib/python3.7/site-packages/airflow/example_dags/tutorial_dag.py
[2023-04-30T17:51:27.374+0000] {logging_mixin.py:120} INFO - [2023-04-30T17:51:27.374+0000] {dag.py:2585} INFO - Sync 1 DAGs
[2023-04-30T17:51:27.400+0000] {logging_mixin.py:120} INFO - [2023-04-30T17:51:27.400+0000] {dag.py:3340} INFO - Setting next_dagrun for tutorial_dag to None, run_after=None
[2023-04-30T17:51:27.429+0000] {processor.py:176} INFO - Processing /home/airflow/.local/lib/python3.7/site-packages/airflow/example_dags/tutorial_dag.py took 0.107 seconds
[2023-04-30T17:51:58.204+0000] {processor.py:154} INFO - Started process (PID=423) to work on /home/airflow/.local/lib/python3.7/site-packages/airflow/example_dags/tutorial_dag.py
[2023-04-30T17:51:58.205+0000] {processor.py:756} INFO - Processing file /home/airflow/.local/lib/python3.7/site-packages/airflow/example_dags/tutorial_dag.py for tasks to queue
[2023-04-30T17:51:58.206+0000] {logging_mixin.py:120} INFO - [2023-04-30T17:51:58.206+0000] {dagbag.py:537} INFO - Filling up the DagBag from /home/airflow/.local/lib/python3.7/site-packages/airflow/example_dags/tutorial_dag.py
[2023-04-30T17:51:58.216+0000] {processor.py:766} INFO - DAG(s) dict_keys(['tutorial_dag']) retrieved from /home/airflow/.local/lib/python3.7/site-packages/airflow/example_dags/tutorial_dag.py
[2023-04-30T17:51:58.253+0000] {logging_mixin.py:120} INFO - [2023-04-30T17:51:58.252+0000] {dag.py:2585} INFO - Sync 1 DAGs
[2023-04-30T17:51:58.278+0000] {logging_mixin.py:120} INFO - [2023-04-30T17:51:58.278+0000] {dag.py:3340} INFO - Setting next_dagrun for tutorial_dag to None, run_after=None
[2023-04-30T17:51:58.303+0000] {processor.py:176} INFO - Processing /home/airflow/.local/lib/python3.7/site-packages/airflow/example_dags/tutorial_dag.py took 0.101 seconds
[2023-04-30T17:52:28.911+0000] {processor.py:154} INFO - Started process (PID=486) to work on /home/airflow/.local/lib/python3.7/site-packages/airflow/example_dags/tutorial_dag.py
[2023-04-30T17:52:28.911+0000] {processor.py:756} INFO - Processing file /home/airflow/.local/lib/python3.7/site-packages/airflow/example_dags/tutorial_dag.py for tasks to queue
[2023-04-30T17:52:28.912+0000] {logging_mixin.py:120} INFO - [2023-04-30T17:52:28.912+0000] {dagbag.py:537} INFO - Filling up the DagBag from /home/airflow/.local/lib/python3.7/site-packages/airflow/example_dags/tutorial_dag.py
[2023-04-30T17:52:28.924+0000] {processor.py:766} INFO - DAG(s) dict_keys(['tutorial_dag']) retrieved from /home/airflow/.local/lib/python3.7/site-packages/airflow/example_dags/tutorial_dag.py
[2023-04-30T17:52:28.967+0000] {logging_mixin.py:120} INFO - [2023-04-30T17:52:28.967+0000] {dag.py:2585} INFO - Sync 1 DAGs
[2023-04-30T17:52:28.995+0000] {logging_mixin.py:120} INFO - [2023-04-30T17:52:28.994+0000] {dag.py:3340} INFO - Setting next_dagrun for tutorial_dag to None, run_after=None
[2023-04-30T17:52:29.018+0000] {processor.py:176} INFO - Processing /home/airflow/.local/lib/python3.7/site-packages/airflow/example_dags/tutorial_dag.py took 0.110 seconds
[2023-04-30T17:52:59.573+0000] {processor.py:154} INFO - Started process (PID=540) to work on /home/airflow/.local/lib/python3.7/site-packages/airflow/example_dags/tutorial_dag.py
[2023-04-30T17:52:59.573+0000] {processor.py:756} INFO - Processing file /home/airflow/.local/lib/python3.7/site-packages/airflow/example_dags/tutorial_dag.py for tasks to queue
[2023-04-30T17:52:59.574+0000] {logging_mixin.py:120} INFO - [2023-04-30T17:52:59.574+0000] {dagbag.py:537} INFO - Filling up the DagBag from /home/airflow/.local/lib/python3.7/site-packages/airflow/example_dags/tutorial_dag.py
[2023-04-30T17:52:59.587+0000] {processor.py:766} INFO - DAG(s) dict_keys(['tutorial_dag']) retrieved from /home/airflow/.local/lib/python3.7/site-packages/airflow/example_dags/tutorial_dag.py
[2023-04-30T17:52:59.624+0000] {logging_mixin.py:120} INFO - [2023-04-30T17:52:59.623+0000] {dag.py:2585} INFO - Sync 1 DAGs
[2023-04-30T17:52:59.653+0000] {logging_mixin.py:120} INFO - [2023-04-30T17:52:59.653+0000] {dag.py:3340} INFO - Setting next_dagrun for tutorial_dag to None, run_after=None
[2023-04-30T17:52:59.678+0000] {processor.py:176} INFO - Processing /home/airflow/.local/lib/python3.7/site-packages/airflow/example_dags/tutorial_dag.py took 0.107 seconds
[2023-04-30T17:53:30.168+0000] {processor.py:154} INFO - Started process (PID=603) to work on /home/airflow/.local/lib/python3.7/site-packages/airflow/example_dags/tutorial_dag.py
[2023-04-30T17:53:30.169+0000] {processor.py:756} INFO - Processing file /home/airflow/.local/lib/python3.7/site-packages/airflow/example_dags/tutorial_dag.py for tasks to queue
[2023-04-30T17:53:30.170+0000] {logging_mixin.py:120} INFO - [2023-04-30T17:53:30.170+0000] {dagbag.py:537} INFO - Filling up the DagBag from /home/airflow/.local/lib/python3.7/site-packages/airflow/example_dags/tutorial_dag.py
[2023-04-30T17:53:30.180+0000] {processor.py:766} INFO - DAG(s) dict_keys(['tutorial_dag']) retrieved from /home/airflow/.local/lib/python3.7/site-packages/airflow/example_dags/tutorial_dag.py
[2023-04-30T17:53:30.212+0000] {logging_mixin.py:120} INFO - [2023-04-30T17:53:30.212+0000] {dag.py:2585} INFO - Sync 1 DAGs
[2023-04-30T17:53:30.237+0000] {logging_mixin.py:120} INFO - [2023-04-30T17:53:30.237+0000] {dag.py:3340} INFO - Setting next_dagrun for tutorial_dag to None, run_after=None
[2023-04-30T17:53:30.262+0000] {processor.py:176} INFO - Processing /home/airflow/.local/lib/python3.7/site-packages/airflow/example_dags/tutorial_dag.py took 0.096 seconds
[2023-04-30T17:54:00.773+0000] {processor.py:154} INFO - Started process (PID=666) to work on /home/airflow/.local/lib/python3.7/site-packages/airflow/example_dags/tutorial_dag.py
[2023-04-30T17:54:00.774+0000] {processor.py:756} INFO - Processing file /home/airflow/.local/lib/python3.7/site-packages/airflow/example_dags/tutorial_dag.py for tasks to queue
[2023-04-30T17:54:00.774+0000] {logging_mixin.py:120} INFO - [2023-04-30T17:54:00.774+0000] {dagbag.py:537} INFO - Filling up the DagBag from /home/airflow/.local/lib/python3.7/site-packages/airflow/example_dags/tutorial_dag.py
[2023-04-30T17:54:00.788+0000] {processor.py:766} INFO - DAG(s) dict_keys(['tutorial_dag']) retrieved from /home/airflow/.local/lib/python3.7/site-packages/airflow/example_dags/tutorial_dag.py
[2023-04-30T17:54:00.829+0000] {logging_mixin.py:120} INFO - [2023-04-30T17:54:00.829+0000] {dag.py:2585} INFO - Sync 1 DAGs
[2023-04-30T17:54:00.862+0000] {logging_mixin.py:120} INFO - [2023-04-30T17:54:00.862+0000] {dag.py:3340} INFO - Setting next_dagrun for tutorial_dag to None, run_after=None
[2023-04-30T17:54:00.889+0000] {processor.py:176} INFO - Processing /home/airflow/.local/lib/python3.7/site-packages/airflow/example_dags/tutorial_dag.py took 0.118 seconds
[2023-04-30T17:54:31.355+0000] {processor.py:154} INFO - Started process (PID=727) to work on /home/airflow/.local/lib/python3.7/site-packages/airflow/example_dags/tutorial_dag.py
[2023-04-30T17:54:31.357+0000] {processor.py:756} INFO - Processing file /home/airflow/.local/lib/python3.7/site-packages/airflow/example_dags/tutorial_dag.py for tasks to queue
[2023-04-30T17:54:31.358+0000] {logging_mixin.py:120} INFO - [2023-04-30T17:54:31.357+0000] {dagbag.py:537} INFO - Filling up the DagBag from /home/airflow/.local/lib/python3.7/site-packages/airflow/example_dags/tutorial_dag.py
[2023-04-30T17:54:31.371+0000] {processor.py:766} INFO - DAG(s) dict_keys(['tutorial_dag']) retrieved from /home/airflow/.local/lib/python3.7/site-packages/airflow/example_dags/tutorial_dag.py
[2023-04-30T17:54:31.416+0000] {logging_mixin.py:120} INFO - [2023-04-30T17:54:31.416+0000] {dag.py:2585} INFO - Sync 1 DAGs
[2023-04-30T17:54:31.448+0000] {logging_mixin.py:120} INFO - [2023-04-30T17:54:31.448+0000] {dag.py:3340} INFO - Setting next_dagrun for tutorial_dag to None, run_after=None
[2023-04-30T17:54:31.482+0000] {processor.py:176} INFO - Processing /home/airflow/.local/lib/python3.7/site-packages/airflow/example_dags/tutorial_dag.py took 0.130 seconds
[2023-04-30T17:55:02.053+0000] {processor.py:154} INFO - Started process (PID=783) to work on /home/airflow/.local/lib/python3.7/site-packages/airflow/example_dags/tutorial_dag.py
[2023-04-30T17:55:02.054+0000] {processor.py:756} INFO - Processing file /home/airflow/.local/lib/python3.7/site-packages/airflow/example_dags/tutorial_dag.py for tasks to queue
[2023-04-30T17:55:02.055+0000] {logging_mixin.py:120} INFO - [2023-04-30T17:55:02.055+0000] {dagbag.py:537} INFO - Filling up the DagBag from /home/airflow/.local/lib/python3.7/site-packages/airflow/example_dags/tutorial_dag.py
[2023-04-30T17:55:02.064+0000] {processor.py:766} INFO - DAG(s) dict_keys(['tutorial_dag']) retrieved from /home/airflow/.local/lib/python3.7/site-packages/airflow/example_dags/tutorial_dag.py
[2023-04-30T17:55:02.099+0000] {logging_mixin.py:120} INFO - [2023-04-30T17:55:02.099+0000] {dag.py:2585} INFO - Sync 1 DAGs
[2023-04-30T17:55:02.125+0000] {logging_mixin.py:120} INFO - [2023-04-30T17:55:02.125+0000] {dag.py:3340} INFO - Setting next_dagrun for tutorial_dag to None, run_after=None
[2023-04-30T17:55:02.147+0000] {processor.py:176} INFO - Processing /home/airflow/.local/lib/python3.7/site-packages/airflow/example_dags/tutorial_dag.py took 0.096 seconds
[2023-04-30T17:55:32.832+0000] {processor.py:154} INFO - Started process (PID=847) to work on /home/airflow/.local/lib/python3.7/site-packages/airflow/example_dags/tutorial_dag.py
[2023-04-30T17:55:32.833+0000] {processor.py:756} INFO - Processing file /home/airflow/.local/lib/python3.7/site-packages/airflow/example_dags/tutorial_dag.py for tasks to queue
[2023-04-30T17:55:32.834+0000] {logging_mixin.py:120} INFO - [2023-04-30T17:55:32.833+0000] {dagbag.py:537} INFO - Filling up the DagBag from /home/airflow/.local/lib/python3.7/site-packages/airflow/example_dags/tutorial_dag.py
[2023-04-30T17:55:32.843+0000] {processor.py:766} INFO - DAG(s) dict_keys(['tutorial_dag']) retrieved from /home/airflow/.local/lib/python3.7/site-packages/airflow/example_dags/tutorial_dag.py
[2023-04-30T17:55:32.884+0000] {logging_mixin.py:120} INFO - [2023-04-30T17:55:32.884+0000] {dag.py:2585} INFO - Sync 1 DAGs
[2023-04-30T17:55:32.913+0000] {logging_mixin.py:120} INFO - [2023-04-30T17:55:32.912+0000] {dag.py:3340} INFO - Setting next_dagrun for tutorial_dag to None, run_after=None
[2023-04-30T17:55:32.944+0000] {processor.py:176} INFO - Processing /home/airflow/.local/lib/python3.7/site-packages/airflow/example_dags/tutorial_dag.py took 0.113 seconds
[2023-04-30T17:56:03.400+0000] {processor.py:154} INFO - Started process (PID=910) to work on /home/airflow/.local/lib/python3.7/site-packages/airflow/example_dags/tutorial_dag.py
[2023-04-30T17:56:03.401+0000] {processor.py:756} INFO - Processing file /home/airflow/.local/lib/python3.7/site-packages/airflow/example_dags/tutorial_dag.py for tasks to queue
[2023-04-30T17:56:03.402+0000] {logging_mixin.py:120} INFO - [2023-04-30T17:56:03.402+0000] {dagbag.py:537} INFO - Filling up the DagBag from /home/airflow/.local/lib/python3.7/site-packages/airflow/example_dags/tutorial_dag.py
[2023-04-30T17:56:03.414+0000] {processor.py:766} INFO - DAG(s) dict_keys(['tutorial_dag']) retrieved from /home/airflow/.local/lib/python3.7/site-packages/airflow/example_dags/tutorial_dag.py
[2023-04-30T17:56:03.456+0000] {logging_mixin.py:120} INFO - [2023-04-30T17:56:03.455+0000] {dag.py:2585} INFO - Sync 1 DAGs
[2023-04-30T17:56:03.486+0000] {logging_mixin.py:120} INFO - [2023-04-30T17:56:03.486+0000] {dag.py:3340} INFO - Setting next_dagrun for tutorial_dag to None, run_after=None
[2023-04-30T17:56:03.514+0000] {processor.py:176} INFO - Processing /home/airflow/.local/lib/python3.7/site-packages/airflow/example_dags/tutorial_dag.py took 0.117 seconds
[2023-04-30T17:56:33.949+0000] {processor.py:154} INFO - Started process (PID=965) to work on /home/airflow/.local/lib/python3.7/site-packages/airflow/example_dags/tutorial_dag.py
[2023-04-30T17:56:33.950+0000] {processor.py:756} INFO - Processing file /home/airflow/.local/lib/python3.7/site-packages/airflow/example_dags/tutorial_dag.py for tasks to queue
[2023-04-30T17:56:33.951+0000] {logging_mixin.py:120} INFO - [2023-04-30T17:56:33.951+0000] {dagbag.py:537} INFO - Filling up the DagBag from /home/airflow/.local/lib/python3.7/site-packages/airflow/example_dags/tutorial_dag.py
[2023-04-30T17:56:33.960+0000] {processor.py:766} INFO - DAG(s) dict_keys(['tutorial_dag']) retrieved from /home/airflow/.local/lib/python3.7/site-packages/airflow/example_dags/tutorial_dag.py
[2023-04-30T17:56:33.995+0000] {logging_mixin.py:120} INFO - [2023-04-30T17:56:33.995+0000] {dag.py:2585} INFO - Sync 1 DAGs
[2023-04-30T17:56:34.021+0000] {logging_mixin.py:120} INFO - [2023-04-30T17:56:34.020+0000] {dag.py:3340} INFO - Setting next_dagrun for tutorial_dag to None, run_after=None
[2023-04-30T17:56:34.046+0000] {processor.py:176} INFO - Processing /home/airflow/.local/lib/python3.7/site-packages/airflow/example_dags/tutorial_dag.py took 0.098 seconds
[2023-04-30T17:57:04.592+0000] {processor.py:154} INFO - Started process (PID=1029) to work on /home/airflow/.local/lib/python3.7/site-packages/airflow/example_dags/tutorial_dag.py
[2023-04-30T17:57:04.593+0000] {processor.py:756} INFO - Processing file /home/airflow/.local/lib/python3.7/site-packages/airflow/example_dags/tutorial_dag.py for tasks to queue
[2023-04-30T17:57:04.593+0000] {logging_mixin.py:120} INFO - [2023-04-30T17:57:04.593+0000] {dagbag.py:537} INFO - Filling up the DagBag from /home/airflow/.local/lib/python3.7/site-packages/airflow/example_dags/tutorial_dag.py
[2023-04-30T17:57:04.603+0000] {processor.py:766} INFO - DAG(s) dict_keys(['tutorial_dag']) retrieved from /home/airflow/.local/lib/python3.7/site-packages/airflow/example_dags/tutorial_dag.py
[2023-04-30T17:57:04.637+0000] {logging_mixin.py:120} INFO - [2023-04-30T17:57:04.637+0000] {dag.py:2585} INFO - Sync 1 DAGs
[2023-04-30T17:57:04.663+0000] {logging_mixin.py:120} INFO - [2023-04-30T17:57:04.662+0000] {dag.py:3340} INFO - Setting next_dagrun for tutorial_dag to None, run_after=None
[2023-04-30T17:57:04.684+0000] {processor.py:176} INFO - Processing /home/airflow/.local/lib/python3.7/site-packages/airflow/example_dags/tutorial_dag.py took 0.095 seconds
[2023-04-30T17:57:35.208+0000] {processor.py:154} INFO - Started process (PID=1092) to work on /home/airflow/.local/lib/python3.7/site-packages/airflow/example_dags/tutorial_dag.py
[2023-04-30T17:57:35.208+0000] {processor.py:756} INFO - Processing file /home/airflow/.local/lib/python3.7/site-packages/airflow/example_dags/tutorial_dag.py for tasks to queue
[2023-04-30T17:57:35.209+0000] {logging_mixin.py:120} INFO - [2023-04-30T17:57:35.208+0000] {dagbag.py:537} INFO - Filling up the DagBag from /home/airflow/.local/lib/python3.7/site-packages/airflow/example_dags/tutorial_dag.py
[2023-04-30T17:57:35.218+0000] {processor.py:766} INFO - DAG(s) dict_keys(['tutorial_dag']) retrieved from /home/airflow/.local/lib/python3.7/site-packages/airflow/example_dags/tutorial_dag.py
[2023-04-30T17:57:35.253+0000] {logging_mixin.py:120} INFO - [2023-04-30T17:57:35.253+0000] {dag.py:2585} INFO - Sync 1 DAGs
[2023-04-30T17:57:35.279+0000] {logging_mixin.py:120} INFO - [2023-04-30T17:57:35.279+0000] {dag.py:3340} INFO - Setting next_dagrun for tutorial_dag to None, run_after=None
[2023-04-30T17:57:35.304+0000] {processor.py:176} INFO - Processing /home/airflow/.local/lib/python3.7/site-packages/airflow/example_dags/tutorial_dag.py took 0.099 seconds
[2023-04-30T17:58:05.916+0000] {processor.py:154} INFO - Started process (PID=1153) to work on /home/airflow/.local/lib/python3.7/site-packages/airflow/example_dags/tutorial_dag.py
[2023-04-30T17:58:05.917+0000] {processor.py:756} INFO - Processing file /home/airflow/.local/lib/python3.7/site-packages/airflow/example_dags/tutorial_dag.py for tasks to queue
[2023-04-30T17:58:05.918+0000] {logging_mixin.py:120} INFO - [2023-04-30T17:58:05.918+0000] {dagbag.py:537} INFO - Filling up the DagBag from /home/airflow/.local/lib/python3.7/site-packages/airflow/example_dags/tutorial_dag.py
[2023-04-30T17:58:05.928+0000] {processor.py:766} INFO - DAG(s) dict_keys(['tutorial_dag']) retrieved from /home/airflow/.local/lib/python3.7/site-packages/airflow/example_dags/tutorial_dag.py
[2023-04-30T17:58:05.965+0000] {logging_mixin.py:120} INFO - [2023-04-30T17:58:05.965+0000] {dag.py:2585} INFO - Sync 1 DAGs
[2023-04-30T17:58:05.992+0000] {logging_mixin.py:120} INFO - [2023-04-30T17:58:05.991+0000] {dag.py:3340} INFO - Setting next_dagrun for tutorial_dag to None, run_after=None
[2023-04-30T17:58:06.015+0000] {processor.py:176} INFO - Processing /home/airflow/.local/lib/python3.7/site-packages/airflow/example_dags/tutorial_dag.py took 0.102 seconds
[2023-04-30T17:58:36.485+0000] {processor.py:154} INFO - Started process (PID=1216) to work on /home/airflow/.local/lib/python3.7/site-packages/airflow/example_dags/tutorial_dag.py
[2023-04-30T17:58:36.486+0000] {processor.py:756} INFO - Processing file /home/airflow/.local/lib/python3.7/site-packages/airflow/example_dags/tutorial_dag.py for tasks to queue
[2023-04-30T17:58:36.486+0000] {logging_mixin.py:120} INFO - [2023-04-30T17:58:36.486+0000] {dagbag.py:537} INFO - Filling up the DagBag from /home/airflow/.local/lib/python3.7/site-packages/airflow/example_dags/tutorial_dag.py
[2023-04-30T17:58:36.496+0000] {processor.py:766} INFO - DAG(s) dict_keys(['tutorial_dag']) retrieved from /home/airflow/.local/lib/python3.7/site-packages/airflow/example_dags/tutorial_dag.py
[2023-04-30T17:58:36.531+0000] {logging_mixin.py:120} INFO - [2023-04-30T17:58:36.531+0000] {dag.py:2585} INFO - Sync 1 DAGs
[2023-04-30T17:58:36.556+0000] {logging_mixin.py:120} INFO - [2023-04-30T17:58:36.556+0000] {dag.py:3340} INFO - Setting next_dagrun for tutorial_dag to None, run_after=None
[2023-04-30T17:58:36.579+0000] {processor.py:176} INFO - Processing /home/airflow/.local/lib/python3.7/site-packages/airflow/example_dags/tutorial_dag.py took 0.096 seconds
[2023-04-30T17:59:07.373+0000] {processor.py:154} INFO - Started process (PID=1279) to work on /home/airflow/.local/lib/python3.7/site-packages/airflow/example_dags/tutorial_dag.py
[2023-04-30T17:59:07.375+0000] {processor.py:756} INFO - Processing file /home/airflow/.local/lib/python3.7/site-packages/airflow/example_dags/tutorial_dag.py for tasks to queue
[2023-04-30T17:59:07.376+0000] {logging_mixin.py:120} INFO - [2023-04-30T17:59:07.376+0000] {dagbag.py:537} INFO - Filling up the DagBag from /home/airflow/.local/lib/python3.7/site-packages/airflow/example_dags/tutorial_dag.py
[2023-04-30T17:59:07.386+0000] {processor.py:766} INFO - DAG(s) dict_keys(['tutorial_dag']) retrieved from /home/airflow/.local/lib/python3.7/site-packages/airflow/example_dags/tutorial_dag.py
[2023-04-30T17:59:07.420+0000] {logging_mixin.py:120} INFO - [2023-04-30T17:59:07.420+0000] {dag.py:2585} INFO - Sync 1 DAGs
[2023-04-30T17:59:07.445+0000] {logging_mixin.py:120} INFO - [2023-04-30T17:59:07.445+0000] {dag.py:3340} INFO - Setting next_dagrun for tutorial_dag to None, run_after=None
[2023-04-30T17:59:07.469+0000] {processor.py:176} INFO - Processing /home/airflow/.local/lib/python3.7/site-packages/airflow/example_dags/tutorial_dag.py took 0.097 seconds
[2023-04-30T17:59:38.087+0000] {processor.py:154} INFO - Started process (PID=1333) to work on /home/airflow/.local/lib/python3.7/site-packages/airflow/example_dags/tutorial_dag.py
[2023-04-30T17:59:38.088+0000] {processor.py:756} INFO - Processing file /home/airflow/.local/lib/python3.7/site-packages/airflow/example_dags/tutorial_dag.py for tasks to queue
[2023-04-30T17:59:38.089+0000] {logging_mixin.py:120} INFO - [2023-04-30T17:59:38.088+0000] {dagbag.py:537} INFO - Filling up the DagBag from /home/airflow/.local/lib/python3.7/site-packages/airflow/example_dags/tutorial_dag.py
[2023-04-30T17:59:38.103+0000] {processor.py:766} INFO - DAG(s) dict_keys(['tutorial_dag']) retrieved from /home/airflow/.local/lib/python3.7/site-packages/airflow/example_dags/tutorial_dag.py
[2023-04-30T17:59:38.148+0000] {logging_mixin.py:120} INFO - [2023-04-30T17:59:38.147+0000] {dag.py:2585} INFO - Sync 1 DAGs
[2023-04-30T17:59:38.180+0000] {logging_mixin.py:120} INFO - [2023-04-30T17:59:38.180+0000] {dag.py:3340} INFO - Setting next_dagrun for tutorial_dag to None, run_after=None
[2023-04-30T17:59:38.215+0000] {processor.py:176} INFO - Processing /home/airflow/.local/lib/python3.7/site-packages/airflow/example_dags/tutorial_dag.py took 0.130 seconds
[2023-04-30T18:00:08.704+0000] {processor.py:154} INFO - Started process (PID=1397) to work on /home/airflow/.local/lib/python3.7/site-packages/airflow/example_dags/tutorial_dag.py
[2023-04-30T18:00:08.705+0000] {processor.py:756} INFO - Processing file /home/airflow/.local/lib/python3.7/site-packages/airflow/example_dags/tutorial_dag.py for tasks to queue
[2023-04-30T18:00:08.706+0000] {logging_mixin.py:120} INFO - [2023-04-30T18:00:08.706+0000] {dagbag.py:537} INFO - Filling up the DagBag from /home/airflow/.local/lib/python3.7/site-packages/airflow/example_dags/tutorial_dag.py
[2023-04-30T18:00:08.715+0000] {processor.py:766} INFO - DAG(s) dict_keys(['tutorial_dag']) retrieved from /home/airflow/.local/lib/python3.7/site-packages/airflow/example_dags/tutorial_dag.py
[2023-04-30T18:00:08.748+0000] {logging_mixin.py:120} INFO - [2023-04-30T18:00:08.748+0000] {dag.py:2585} INFO - Sync 1 DAGs
[2023-04-30T18:00:08.774+0000] {logging_mixin.py:120} INFO - [2023-04-30T18:00:08.774+0000] {dag.py:3340} INFO - Setting next_dagrun for tutorial_dag to None, run_after=None
[2023-04-30T18:00:08.798+0000] {processor.py:176} INFO - Processing /home/airflow/.local/lib/python3.7/site-packages/airflow/example_dags/tutorial_dag.py took 0.095 seconds
[2023-04-30T18:00:39.424+0000] {processor.py:154} INFO - Started process (PID=1461) to work on /home/airflow/.local/lib/python3.7/site-packages/airflow/example_dags/tutorial_dag.py
[2023-04-30T18:00:39.425+0000] {processor.py:756} INFO - Processing file /home/airflow/.local/lib/python3.7/site-packages/airflow/example_dags/tutorial_dag.py for tasks to queue
[2023-04-30T18:00:39.425+0000] {logging_mixin.py:120} INFO - [2023-04-30T18:00:39.425+0000] {dagbag.py:537} INFO - Filling up the DagBag from /home/airflow/.local/lib/python3.7/site-packages/airflow/example_dags/tutorial_dag.py
[2023-04-30T18:00:39.435+0000] {processor.py:766} INFO - DAG(s) dict_keys(['tutorial_dag']) retrieved from /home/airflow/.local/lib/python3.7/site-packages/airflow/example_dags/tutorial_dag.py
[2023-04-30T18:00:39.468+0000] {logging_mixin.py:120} INFO - [2023-04-30T18:00:39.468+0000] {dag.py:2585} INFO - Sync 1 DAGs
[2023-04-30T18:00:39.494+0000] {logging_mixin.py:120} INFO - [2023-04-30T18:00:39.494+0000] {dag.py:3340} INFO - Setting next_dagrun for tutorial_dag to None, run_after=None
[2023-04-30T18:00:39.516+0000] {processor.py:176} INFO - Processing /home/airflow/.local/lib/python3.7/site-packages/airflow/example_dags/tutorial_dag.py took 0.094 seconds
[2023-04-30T18:01:10.282+0000] {processor.py:154} INFO - Started process (PID=1524) to work on /home/airflow/.local/lib/python3.7/site-packages/airflow/example_dags/tutorial_dag.py
[2023-04-30T18:01:10.283+0000] {processor.py:756} INFO - Processing file /home/airflow/.local/lib/python3.7/site-packages/airflow/example_dags/tutorial_dag.py for tasks to queue
[2023-04-30T18:01:10.284+0000] {logging_mixin.py:120} INFO - [2023-04-30T18:01:10.283+0000] {dagbag.py:537} INFO - Filling up the DagBag from /home/airflow/.local/lib/python3.7/site-packages/airflow/example_dags/tutorial_dag.py
[2023-04-30T18:01:10.298+0000] {processor.py:766} INFO - DAG(s) dict_keys(['tutorial_dag']) retrieved from /home/airflow/.local/lib/python3.7/site-packages/airflow/example_dags/tutorial_dag.py
[2023-04-30T18:01:10.353+0000] {logging_mixin.py:120} INFO - [2023-04-30T18:01:10.353+0000] {dag.py:2585} INFO - Sync 1 DAGs
[2023-04-30T18:01:10.391+0000] {logging_mixin.py:120} INFO - [2023-04-30T18:01:10.391+0000] {dag.py:3340} INFO - Setting next_dagrun for tutorial_dag to None, run_after=None
[2023-04-30T18:01:10.426+0000] {processor.py:176} INFO - Processing /home/airflow/.local/lib/python3.7/site-packages/airflow/example_dags/tutorial_dag.py took 0.146 seconds
[2023-04-30T18:01:40.940+0000] {processor.py:154} INFO - Started process (PID=1578) to work on /home/airflow/.local/lib/python3.7/site-packages/airflow/example_dags/tutorial_dag.py
[2023-04-30T18:01:40.941+0000] {processor.py:756} INFO - Processing file /home/airflow/.local/lib/python3.7/site-packages/airflow/example_dags/tutorial_dag.py for tasks to queue
[2023-04-30T18:01:40.942+0000] {logging_mixin.py:120} INFO - [2023-04-30T18:01:40.942+0000] {dagbag.py:537} INFO - Filling up the DagBag from /home/airflow/.local/lib/python3.7/site-packages/airflow/example_dags/tutorial_dag.py
[2023-04-30T18:01:40.952+0000] {processor.py:766} INFO - DAG(s) dict_keys(['tutorial_dag']) retrieved from /home/airflow/.local/lib/python3.7/site-packages/airflow/example_dags/tutorial_dag.py
[2023-04-30T18:01:40.991+0000] {logging_mixin.py:120} INFO - [2023-04-30T18:01:40.990+0000] {dag.py:2585} INFO - Sync 1 DAGs
[2023-04-30T18:01:41.018+0000] {logging_mixin.py:120} INFO - [2023-04-30T18:01:41.018+0000] {dag.py:3340} INFO - Setting next_dagrun for tutorial_dag to None, run_after=None
[2023-04-30T18:01:41.045+0000] {processor.py:176} INFO - Processing /home/airflow/.local/lib/python3.7/site-packages/airflow/example_dags/tutorial_dag.py took 0.106 seconds
[2023-04-30T18:02:11.426+0000] {processor.py:154} INFO - Started process (PID=1641) to work on /home/airflow/.local/lib/python3.7/site-packages/airflow/example_dags/tutorial_dag.py
[2023-04-30T18:02:11.427+0000] {processor.py:756} INFO - Processing file /home/airflow/.local/lib/python3.7/site-packages/airflow/example_dags/tutorial_dag.py for tasks to queue
[2023-04-30T18:02:11.428+0000] {logging_mixin.py:120} INFO - [2023-04-30T18:02:11.427+0000] {dagbag.py:537} INFO - Filling up the DagBag from /home/airflow/.local/lib/python3.7/site-packages/airflow/example_dags/tutorial_dag.py
[2023-04-30T18:02:11.437+0000] {processor.py:766} INFO - DAG(s) dict_keys(['tutorial_dag']) retrieved from /home/airflow/.local/lib/python3.7/site-packages/airflow/example_dags/tutorial_dag.py
[2023-04-30T18:02:11.472+0000] {logging_mixin.py:120} INFO - [2023-04-30T18:02:11.472+0000] {dag.py:2585} INFO - Sync 1 DAGs
[2023-04-30T18:02:11.497+0000] {logging_mixin.py:120} INFO - [2023-04-30T18:02:11.497+0000] {dag.py:3340} INFO - Setting next_dagrun for tutorial_dag to None, run_after=None
[2023-04-30T18:02:11.520+0000] {processor.py:176} INFO - Processing /home/airflow/.local/lib/python3.7/site-packages/airflow/example_dags/tutorial_dag.py took 0.097 seconds
[2023-04-30T18:02:41.886+0000] {processor.py:154} INFO - Started process (PID=1704) to work on /home/airflow/.local/lib/python3.7/site-packages/airflow/example_dags/tutorial_dag.py
[2023-04-30T18:02:41.887+0000] {processor.py:756} INFO - Processing file /home/airflow/.local/lib/python3.7/site-packages/airflow/example_dags/tutorial_dag.py for tasks to queue
[2023-04-30T18:02:41.888+0000] {logging_mixin.py:120} INFO - [2023-04-30T18:02:41.888+0000] {dagbag.py:537} INFO - Filling up the DagBag from /home/airflow/.local/lib/python3.7/site-packages/airflow/example_dags/tutorial_dag.py
[2023-04-30T18:02:41.900+0000] {processor.py:766} INFO - DAG(s) dict_keys(['tutorial_dag']) retrieved from /home/airflow/.local/lib/python3.7/site-packages/airflow/example_dags/tutorial_dag.py
[2023-04-30T18:02:41.942+0000] {logging_mixin.py:120} INFO - [2023-04-30T18:02:41.942+0000] {dag.py:2585} INFO - Sync 1 DAGs
[2023-04-30T18:02:41.967+0000] {logging_mixin.py:120} INFO - [2023-04-30T18:02:41.966+0000] {dag.py:3340} INFO - Setting next_dagrun for tutorial_dag to None, run_after=None
[2023-04-30T18:02:41.992+0000] {processor.py:176} INFO - Processing /home/airflow/.local/lib/python3.7/site-packages/airflow/example_dags/tutorial_dag.py took 0.108 seconds
[2023-04-30T18:03:12.386+0000] {processor.py:154} INFO - Started process (PID=1758) to work on /home/airflow/.local/lib/python3.7/site-packages/airflow/example_dags/tutorial_dag.py
[2023-04-30T18:03:12.387+0000] {processor.py:756} INFO - Processing file /home/airflow/.local/lib/python3.7/site-packages/airflow/example_dags/tutorial_dag.py for tasks to queue
[2023-04-30T18:03:12.388+0000] {logging_mixin.py:120} INFO - [2023-04-30T18:03:12.388+0000] {dagbag.py:537} INFO - Filling up the DagBag from /home/airflow/.local/lib/python3.7/site-packages/airflow/example_dags/tutorial_dag.py
[2023-04-30T18:03:12.398+0000] {processor.py:766} INFO - DAG(s) dict_keys(['tutorial_dag']) retrieved from /home/airflow/.local/lib/python3.7/site-packages/airflow/example_dags/tutorial_dag.py
[2023-04-30T18:03:12.438+0000] {logging_mixin.py:120} INFO - [2023-04-30T18:03:12.438+0000] {dag.py:2585} INFO - Sync 1 DAGs
[2023-04-30T18:03:12.462+0000] {logging_mixin.py:120} INFO - [2023-04-30T18:03:12.462+0000] {dag.py:3340} INFO - Setting next_dagrun for tutorial_dag to None, run_after=None
[2023-04-30T18:03:12.486+0000] {processor.py:176} INFO - Processing /home/airflow/.local/lib/python3.7/site-packages/airflow/example_dags/tutorial_dag.py took 0.101 seconds
[2023-04-30T18:03:42.994+0000] {processor.py:154} INFO - Started process (PID=1822) to work on /home/airflow/.local/lib/python3.7/site-packages/airflow/example_dags/tutorial_dag.py
[2023-04-30T18:03:42.995+0000] {processor.py:756} INFO - Processing file /home/airflow/.local/lib/python3.7/site-packages/airflow/example_dags/tutorial_dag.py for tasks to queue
[2023-04-30T18:03:42.996+0000] {logging_mixin.py:120} INFO - [2023-04-30T18:03:42.996+0000] {dagbag.py:537} INFO - Filling up the DagBag from /home/airflow/.local/lib/python3.7/site-packages/airflow/example_dags/tutorial_dag.py
[2023-04-30T18:03:43.007+0000] {processor.py:766} INFO - DAG(s) dict_keys(['tutorial_dag']) retrieved from /home/airflow/.local/lib/python3.7/site-packages/airflow/example_dags/tutorial_dag.py
[2023-04-30T18:03:43.048+0000] {logging_mixin.py:120} INFO - [2023-04-30T18:03:43.048+0000] {dag.py:2585} INFO - Sync 1 DAGs
[2023-04-30T18:03:43.079+0000] {logging_mixin.py:120} INFO - [2023-04-30T18:03:43.079+0000] {dag.py:3340} INFO - Setting next_dagrun for tutorial_dag to None, run_after=None
[2023-04-30T18:03:43.106+0000] {processor.py:176} INFO - Processing /home/airflow/.local/lib/python3.7/site-packages/airflow/example_dags/tutorial_dag.py took 0.114 seconds
[2023-04-30T18:04:13.522+0000] {processor.py:154} INFO - Started process (PID=1885) to work on /home/airflow/.local/lib/python3.7/site-packages/airflow/example_dags/tutorial_dag.py
[2023-04-30T18:04:13.523+0000] {processor.py:756} INFO - Processing file /home/airflow/.local/lib/python3.7/site-packages/airflow/example_dags/tutorial_dag.py for tasks to queue
[2023-04-30T18:04:13.523+0000] {logging_mixin.py:120} INFO - [2023-04-30T18:04:13.523+0000] {dagbag.py:537} INFO - Filling up the DagBag from /home/airflow/.local/lib/python3.7/site-packages/airflow/example_dags/tutorial_dag.py
[2023-04-30T18:04:13.533+0000] {processor.py:766} INFO - DAG(s) dict_keys(['tutorial_dag']) retrieved from /home/airflow/.local/lib/python3.7/site-packages/airflow/example_dags/tutorial_dag.py
[2023-04-30T18:04:13.566+0000] {logging_mixin.py:120} INFO - [2023-04-30T18:04:13.566+0000] {dag.py:2585} INFO - Sync 1 DAGs
[2023-04-30T18:04:13.593+0000] {logging_mixin.py:120} INFO - [2023-04-30T18:04:13.593+0000] {dag.py:3340} INFO - Setting next_dagrun for tutorial_dag to None, run_after=None
[2023-04-30T18:04:13.618+0000] {processor.py:176} INFO - Processing /home/airflow/.local/lib/python3.7/site-packages/airflow/example_dags/tutorial_dag.py took 0.098 seconds
[2023-04-30T18:04:44.089+0000] {processor.py:154} INFO - Started process (PID=1940) to work on /home/airflow/.local/lib/python3.7/site-packages/airflow/example_dags/tutorial_dag.py
[2023-04-30T18:04:44.090+0000] {processor.py:756} INFO - Processing file /home/airflow/.local/lib/python3.7/site-packages/airflow/example_dags/tutorial_dag.py for tasks to queue
[2023-04-30T18:04:44.091+0000] {logging_mixin.py:120} INFO - [2023-04-30T18:04:44.091+0000] {dagbag.py:537} INFO - Filling up the DagBag from /home/airflow/.local/lib/python3.7/site-packages/airflow/example_dags/tutorial_dag.py
[2023-04-30T18:04:44.106+0000] {processor.py:766} INFO - DAG(s) dict_keys(['tutorial_dag']) retrieved from /home/airflow/.local/lib/python3.7/site-packages/airflow/example_dags/tutorial_dag.py
[2023-04-30T18:04:44.152+0000] {logging_mixin.py:120} INFO - [2023-04-30T18:04:44.152+0000] {dag.py:2585} INFO - Sync 1 DAGs
[2023-04-30T18:04:44.178+0000] {logging_mixin.py:120} INFO - [2023-04-30T18:04:44.178+0000] {dag.py:3340} INFO - Setting next_dagrun for tutorial_dag to None, run_after=None
[2023-04-30T18:04:44.205+0000] {processor.py:176} INFO - Processing /home/airflow/.local/lib/python3.7/site-packages/airflow/example_dags/tutorial_dag.py took 0.118 seconds
[2023-04-30T18:05:14.737+0000] {processor.py:154} INFO - Started process (PID=2003) to work on /home/airflow/.local/lib/python3.7/site-packages/airflow/example_dags/tutorial_dag.py
[2023-04-30T18:05:14.739+0000] {processor.py:756} INFO - Processing file /home/airflow/.local/lib/python3.7/site-packages/airflow/example_dags/tutorial_dag.py for tasks to queue
[2023-04-30T18:05:14.739+0000] {logging_mixin.py:120} INFO - [2023-04-30T18:05:14.739+0000] {dagbag.py:537} INFO - Filling up the DagBag from /home/airflow/.local/lib/python3.7/site-packages/airflow/example_dags/tutorial_dag.py
[2023-04-30T18:05:14.750+0000] {processor.py:766} INFO - DAG(s) dict_keys(['tutorial_dag']) retrieved from /home/airflow/.local/lib/python3.7/site-packages/airflow/example_dags/tutorial_dag.py
[2023-04-30T18:05:14.790+0000] {logging_mixin.py:120} INFO - [2023-04-30T18:05:14.790+0000] {dag.py:2585} INFO - Sync 1 DAGs
[2023-04-30T18:05:14.818+0000] {logging_mixin.py:120} INFO - [2023-04-30T18:05:14.818+0000] {dag.py:3340} INFO - Setting next_dagrun for tutorial_dag to None, run_after=None
[2023-04-30T18:05:14.843+0000] {processor.py:176} INFO - Processing /home/airflow/.local/lib/python3.7/site-packages/airflow/example_dags/tutorial_dag.py took 0.109 seconds
[2023-04-30T18:05:45.325+0000] {processor.py:154} INFO - Started process (PID=2067) to work on /home/airflow/.local/lib/python3.7/site-packages/airflow/example_dags/tutorial_dag.py
[2023-04-30T18:05:45.326+0000] {processor.py:756} INFO - Processing file /home/airflow/.local/lib/python3.7/site-packages/airflow/example_dags/tutorial_dag.py for tasks to queue
[2023-04-30T18:05:45.327+0000] {logging_mixin.py:120} INFO - [2023-04-30T18:05:45.327+0000] {dagbag.py:537} INFO - Filling up the DagBag from /home/airflow/.local/lib/python3.7/site-packages/airflow/example_dags/tutorial_dag.py
[2023-04-30T18:05:45.338+0000] {processor.py:766} INFO - DAG(s) dict_keys(['tutorial_dag']) retrieved from /home/airflow/.local/lib/python3.7/site-packages/airflow/example_dags/tutorial_dag.py
[2023-04-30T18:05:45.373+0000] {logging_mixin.py:120} INFO - [2023-04-30T18:05:45.372+0000] {dag.py:2585} INFO - Sync 1 DAGs
[2023-04-30T18:05:45.402+0000] {logging_mixin.py:120} INFO - [2023-04-30T18:05:45.402+0000] {dag.py:3340} INFO - Setting next_dagrun for tutorial_dag to None, run_after=None
[2023-04-30T18:05:45.426+0000] {processor.py:176} INFO - Processing /home/airflow/.local/lib/python3.7/site-packages/airflow/example_dags/tutorial_dag.py took 0.103 seconds
[2023-04-30T18:06:15.860+0000] {processor.py:154} INFO - Started process (PID=2121) to work on /home/airflow/.local/lib/python3.7/site-packages/airflow/example_dags/tutorial_dag.py
[2023-04-30T18:06:15.861+0000] {processor.py:756} INFO - Processing file /home/airflow/.local/lib/python3.7/site-packages/airflow/example_dags/tutorial_dag.py for tasks to queue
[2023-04-30T18:06:15.862+0000] {logging_mixin.py:120} INFO - [2023-04-30T18:06:15.862+0000] {dagbag.py:537} INFO - Filling up the DagBag from /home/airflow/.local/lib/python3.7/site-packages/airflow/example_dags/tutorial_dag.py
[2023-04-30T18:06:15.872+0000] {processor.py:766} INFO - DAG(s) dict_keys(['tutorial_dag']) retrieved from /home/airflow/.local/lib/python3.7/site-packages/airflow/example_dags/tutorial_dag.py
[2023-04-30T18:06:15.913+0000] {logging_mixin.py:120} INFO - [2023-04-30T18:06:15.913+0000] {dag.py:2585} INFO - Sync 1 DAGs
[2023-04-30T18:06:15.942+0000] {logging_mixin.py:120} INFO - [2023-04-30T18:06:15.942+0000] {dag.py:3340} INFO - Setting next_dagrun for tutorial_dag to None, run_after=None
[2023-04-30T18:06:15.966+0000] {processor.py:176} INFO - Processing /home/airflow/.local/lib/python3.7/site-packages/airflow/example_dags/tutorial_dag.py took 0.108 seconds
[2023-04-30T18:06:46.402+0000] {processor.py:154} INFO - Started process (PID=2184) to work on /home/airflow/.local/lib/python3.7/site-packages/airflow/example_dags/tutorial_dag.py
[2023-04-30T18:06:46.403+0000] {processor.py:756} INFO - Processing file /home/airflow/.local/lib/python3.7/site-packages/airflow/example_dags/tutorial_dag.py for tasks to queue
[2023-04-30T18:06:46.403+0000] {logging_mixin.py:120} INFO - [2023-04-30T18:06:46.403+0000] {dagbag.py:537} INFO - Filling up the DagBag from /home/airflow/.local/lib/python3.7/site-packages/airflow/example_dags/tutorial_dag.py
[2023-04-30T18:06:46.416+0000] {processor.py:766} INFO - DAG(s) dict_keys(['tutorial_dag']) retrieved from /home/airflow/.local/lib/python3.7/site-packages/airflow/example_dags/tutorial_dag.py
[2023-04-30T18:06:46.455+0000] {logging_mixin.py:120} INFO - [2023-04-30T18:06:46.454+0000] {dag.py:2585} INFO - Sync 1 DAGs
[2023-04-30T18:06:46.483+0000] {logging_mixin.py:120} INFO - [2023-04-30T18:06:46.483+0000] {dag.py:3340} INFO - Setting next_dagrun for tutorial_dag to None, run_after=None
[2023-04-30T18:06:46.509+0000] {processor.py:176} INFO - Processing /home/airflow/.local/lib/python3.7/site-packages/airflow/example_dags/tutorial_dag.py took 0.109 seconds
[2023-04-30T18:07:16.981+0000] {processor.py:154} INFO - Started process (PID=2247) to work on /home/airflow/.local/lib/python3.7/site-packages/airflow/example_dags/tutorial_dag.py
[2023-04-30T18:07:16.982+0000] {processor.py:756} INFO - Processing file /home/airflow/.local/lib/python3.7/site-packages/airflow/example_dags/tutorial_dag.py for tasks to queue
[2023-04-30T18:07:16.983+0000] {logging_mixin.py:120} INFO - [2023-04-30T18:07:16.983+0000] {dagbag.py:537} INFO - Filling up the DagBag from /home/airflow/.local/lib/python3.7/site-packages/airflow/example_dags/tutorial_dag.py
[2023-04-30T18:07:16.992+0000] {processor.py:766} INFO - DAG(s) dict_keys(['tutorial_dag']) retrieved from /home/airflow/.local/lib/python3.7/site-packages/airflow/example_dags/tutorial_dag.py
[2023-04-30T18:07:17.031+0000] {logging_mixin.py:120} INFO - [2023-04-30T18:07:17.030+0000] {dag.py:2585} INFO - Sync 1 DAGs
[2023-04-30T18:07:17.056+0000] {logging_mixin.py:120} INFO - [2023-04-30T18:07:17.056+0000] {dag.py:3340} INFO - Setting next_dagrun for tutorial_dag to None, run_after=None
[2023-04-30T18:07:17.077+0000] {processor.py:176} INFO - Processing /home/airflow/.local/lib/python3.7/site-packages/airflow/example_dags/tutorial_dag.py took 0.098 seconds
[2023-04-30T18:07:47.477+0000] {processor.py:154} INFO - Started process (PID=2310) to work on /home/airflow/.local/lib/python3.7/site-packages/airflow/example_dags/tutorial_dag.py
[2023-04-30T18:07:47.478+0000] {processor.py:756} INFO - Processing file /home/airflow/.local/lib/python3.7/site-packages/airflow/example_dags/tutorial_dag.py for tasks to queue
[2023-04-30T18:07:47.478+0000] {logging_mixin.py:120} INFO - [2023-04-30T18:07:47.478+0000] {dagbag.py:537} INFO - Filling up the DagBag from /home/airflow/.local/lib/python3.7/site-packages/airflow/example_dags/tutorial_dag.py
[2023-04-30T18:07:47.489+0000] {processor.py:766} INFO - DAG(s) dict_keys(['tutorial_dag']) retrieved from /home/airflow/.local/lib/python3.7/site-packages/airflow/example_dags/tutorial_dag.py
[2023-04-30T18:07:47.525+0000] {logging_mixin.py:120} INFO - [2023-04-30T18:07:47.525+0000] {dag.py:2585} INFO - Sync 1 DAGs
[2023-04-30T18:07:47.552+0000] {logging_mixin.py:120} INFO - [2023-04-30T18:07:47.552+0000] {dag.py:3340} INFO - Setting next_dagrun for tutorial_dag to None, run_after=None
[2023-04-30T18:07:47.575+0000] {processor.py:176} INFO - Processing /home/airflow/.local/lib/python3.7/site-packages/airflow/example_dags/tutorial_dag.py took 0.100 seconds
[2023-04-30T18:08:17.975+0000] {processor.py:154} INFO - Started process (PID=2364) to work on /home/airflow/.local/lib/python3.7/site-packages/airflow/example_dags/tutorial_dag.py
[2023-04-30T18:08:17.976+0000] {processor.py:756} INFO - Processing file /home/airflow/.local/lib/python3.7/site-packages/airflow/example_dags/tutorial_dag.py for tasks to queue
[2023-04-30T18:08:17.977+0000] {logging_mixin.py:120} INFO - [2023-04-30T18:08:17.977+0000] {dagbag.py:537} INFO - Filling up the DagBag from /home/airflow/.local/lib/python3.7/site-packages/airflow/example_dags/tutorial_dag.py
[2023-04-30T18:08:17.987+0000] {processor.py:766} INFO - DAG(s) dict_keys(['tutorial_dag']) retrieved from /home/airflow/.local/lib/python3.7/site-packages/airflow/example_dags/tutorial_dag.py
[2023-04-30T18:08:18.020+0000] {logging_mixin.py:120} INFO - [2023-04-30T18:08:18.020+0000] {dag.py:2585} INFO - Sync 1 DAGs
[2023-04-30T18:08:18.047+0000] {logging_mixin.py:120} INFO - [2023-04-30T18:08:18.047+0000] {dag.py:3340} INFO - Setting next_dagrun for tutorial_dag to None, run_after=None
[2023-04-30T18:08:18.070+0000] {processor.py:176} INFO - Processing /home/airflow/.local/lib/python3.7/site-packages/airflow/example_dags/tutorial_dag.py took 0.097 seconds
[2023-04-30T18:08:48.427+0000] {processor.py:154} INFO - Started process (PID=2427) to work on /home/airflow/.local/lib/python3.7/site-packages/airflow/example_dags/tutorial_dag.py
[2023-04-30T18:08:48.427+0000] {processor.py:756} INFO - Processing file /home/airflow/.local/lib/python3.7/site-packages/airflow/example_dags/tutorial_dag.py for tasks to queue
[2023-04-30T18:08:48.428+0000] {logging_mixin.py:120} INFO - [2023-04-30T18:08:48.428+0000] {dagbag.py:537} INFO - Filling up the DagBag from /home/airflow/.local/lib/python3.7/site-packages/airflow/example_dags/tutorial_dag.py
[2023-04-30T18:08:48.439+0000] {processor.py:766} INFO - DAG(s) dict_keys(['tutorial_dag']) retrieved from /home/airflow/.local/lib/python3.7/site-packages/airflow/example_dags/tutorial_dag.py
[2023-04-30T18:08:48.474+0000] {logging_mixin.py:120} INFO - [2023-04-30T18:08:48.474+0000] {dag.py:2585} INFO - Sync 1 DAGs
[2023-04-30T18:08:48.501+0000] {logging_mixin.py:120} INFO - [2023-04-30T18:08:48.501+0000] {dag.py:3340} INFO - Setting next_dagrun for tutorial_dag to None, run_after=None
[2023-04-30T18:08:48.522+0000] {processor.py:176} INFO - Processing /home/airflow/.local/lib/python3.7/site-packages/airflow/example_dags/tutorial_dag.py took 0.098 seconds
[2023-04-30T18:09:19.239+0000] {processor.py:154} INFO - Started process (PID=2490) to work on /home/airflow/.local/lib/python3.7/site-packages/airflow/example_dags/tutorial_dag.py
[2023-04-30T18:09:19.241+0000] {processor.py:756} INFO - Processing file /home/airflow/.local/lib/python3.7/site-packages/airflow/example_dags/tutorial_dag.py for tasks to queue
[2023-04-30T18:09:19.242+0000] {logging_mixin.py:120} INFO - [2023-04-30T18:09:19.242+0000] {dagbag.py:537} INFO - Filling up the DagBag from /home/airflow/.local/lib/python3.7/site-packages/airflow/example_dags/tutorial_dag.py
[2023-04-30T18:09:19.251+0000] {processor.py:766} INFO - DAG(s) dict_keys(['tutorial_dag']) retrieved from /home/airflow/.local/lib/python3.7/site-packages/airflow/example_dags/tutorial_dag.py
[2023-04-30T18:09:19.287+0000] {logging_mixin.py:120} INFO - [2023-04-30T18:09:19.286+0000] {dag.py:2585} INFO - Sync 1 DAGs
[2023-04-30T18:09:19.312+0000] {logging_mixin.py:120} INFO - [2023-04-30T18:09:19.312+0000] {dag.py:3340} INFO - Setting next_dagrun for tutorial_dag to None, run_after=None
[2023-04-30T18:09:19.334+0000] {processor.py:176} INFO - Processing /home/airflow/.local/lib/python3.7/site-packages/airflow/example_dags/tutorial_dag.py took 0.096 seconds
[2023-04-30T18:09:49.872+0000] {processor.py:154} INFO - Started process (PID=2544) to work on /home/airflow/.local/lib/python3.7/site-packages/airflow/example_dags/tutorial_dag.py
[2023-04-30T18:09:49.873+0000] {processor.py:756} INFO - Processing file /home/airflow/.local/lib/python3.7/site-packages/airflow/example_dags/tutorial_dag.py for tasks to queue
[2023-04-30T18:09:49.873+0000] {logging_mixin.py:120} INFO - [2023-04-30T18:09:49.873+0000] {dagbag.py:537} INFO - Filling up the DagBag from /home/airflow/.local/lib/python3.7/site-packages/airflow/example_dags/tutorial_dag.py
[2023-04-30T18:09:49.883+0000] {processor.py:766} INFO - DAG(s) dict_keys(['tutorial_dag']) retrieved from /home/airflow/.local/lib/python3.7/site-packages/airflow/example_dags/tutorial_dag.py
[2023-04-30T18:09:49.916+0000] {logging_mixin.py:120} INFO - [2023-04-30T18:09:49.916+0000] {dag.py:2585} INFO - Sync 1 DAGs
[2023-04-30T18:09:49.942+0000] {logging_mixin.py:120} INFO - [2023-04-30T18:09:49.942+0000] {dag.py:3340} INFO - Setting next_dagrun for tutorial_dag to None, run_after=None
[2023-04-30T18:09:49.965+0000] {processor.py:176} INFO - Processing /home/airflow/.local/lib/python3.7/site-packages/airflow/example_dags/tutorial_dag.py took 0.095 seconds
[2023-04-30T18:10:20.348+0000] {processor.py:154} INFO - Started process (PID=2607) to work on /home/airflow/.local/lib/python3.7/site-packages/airflow/example_dags/tutorial_dag.py
[2023-04-30T18:10:20.349+0000] {processor.py:756} INFO - Processing file /home/airflow/.local/lib/python3.7/site-packages/airflow/example_dags/tutorial_dag.py for tasks to queue
[2023-04-30T18:10:20.350+0000] {logging_mixin.py:120} INFO - [2023-04-30T18:10:20.349+0000] {dagbag.py:537} INFO - Filling up the DagBag from /home/airflow/.local/lib/python3.7/site-packages/airflow/example_dags/tutorial_dag.py
[2023-04-30T18:10:20.359+0000] {processor.py:766} INFO - DAG(s) dict_keys(['tutorial_dag']) retrieved from /home/airflow/.local/lib/python3.7/site-packages/airflow/example_dags/tutorial_dag.py
[2023-04-30T18:10:20.395+0000] {logging_mixin.py:120} INFO - [2023-04-30T18:10:20.395+0000] {dag.py:2585} INFO - Sync 1 DAGs
[2023-04-30T18:10:20.421+0000] {logging_mixin.py:120} INFO - [2023-04-30T18:10:20.421+0000] {dag.py:3340} INFO - Setting next_dagrun for tutorial_dag to None, run_after=None
[2023-04-30T18:10:20.442+0000] {processor.py:176} INFO - Processing /home/airflow/.local/lib/python3.7/site-packages/airflow/example_dags/tutorial_dag.py took 0.096 seconds
[2023-04-30T18:10:50.825+0000] {processor.py:154} INFO - Started process (PID=2670) to work on /home/airflow/.local/lib/python3.7/site-packages/airflow/example_dags/tutorial_dag.py
[2023-04-30T18:10:50.825+0000] {processor.py:756} INFO - Processing file /home/airflow/.local/lib/python3.7/site-packages/airflow/example_dags/tutorial_dag.py for tasks to queue
[2023-04-30T18:10:50.826+0000] {logging_mixin.py:120} INFO - [2023-04-30T18:10:50.826+0000] {dagbag.py:537} INFO - Filling up the DagBag from /home/airflow/.local/lib/python3.7/site-packages/airflow/example_dags/tutorial_dag.py
[2023-04-30T18:10:50.836+0000] {processor.py:766} INFO - DAG(s) dict_keys(['tutorial_dag']) retrieved from /home/airflow/.local/lib/python3.7/site-packages/airflow/example_dags/tutorial_dag.py
[2023-04-30T18:10:50.870+0000] {logging_mixin.py:120} INFO - [2023-04-30T18:10:50.869+0000] {dag.py:2585} INFO - Sync 1 DAGs
[2023-04-30T18:10:50.892+0000] {logging_mixin.py:120} INFO - [2023-04-30T18:10:50.892+0000] {dag.py:3340} INFO - Setting next_dagrun for tutorial_dag to None, run_after=None
[2023-04-30T18:10:50.913+0000] {processor.py:176} INFO - Processing /home/airflow/.local/lib/python3.7/site-packages/airflow/example_dags/tutorial_dag.py took 0.090 seconds
[2023-04-30T18:11:21.379+0000] {processor.py:154} INFO - Started process (PID=2724) to work on /home/airflow/.local/lib/python3.7/site-packages/airflow/example_dags/tutorial_dag.py
[2023-04-30T18:11:21.380+0000] {processor.py:756} INFO - Processing file /home/airflow/.local/lib/python3.7/site-packages/airflow/example_dags/tutorial_dag.py for tasks to queue
[2023-04-30T18:11:21.381+0000] {logging_mixin.py:120} INFO - [2023-04-30T18:11:21.381+0000] {dagbag.py:537} INFO - Filling up the DagBag from /home/airflow/.local/lib/python3.7/site-packages/airflow/example_dags/tutorial_dag.py
[2023-04-30T18:11:21.391+0000] {processor.py:766} INFO - DAG(s) dict_keys(['tutorial_dag']) retrieved from /home/airflow/.local/lib/python3.7/site-packages/airflow/example_dags/tutorial_dag.py
[2023-04-30T18:11:21.425+0000] {logging_mixin.py:120} INFO - [2023-04-30T18:11:21.425+0000] {dag.py:2585} INFO - Sync 1 DAGs
[2023-04-30T18:11:21.450+0000] {logging_mixin.py:120} INFO - [2023-04-30T18:11:21.450+0000] {dag.py:3340} INFO - Setting next_dagrun for tutorial_dag to None, run_after=None
[2023-04-30T18:11:21.475+0000] {processor.py:176} INFO - Processing /home/airflow/.local/lib/python3.7/site-packages/airflow/example_dags/tutorial_dag.py took 0.097 seconds
[2023-04-30T18:11:51.702+0000] {processor.py:154} INFO - Started process (PID=2786) to work on /home/airflow/.local/lib/python3.7/site-packages/airflow/example_dags/tutorial_dag.py
[2023-04-30T18:11:51.703+0000] {processor.py:756} INFO - Processing file /home/airflow/.local/lib/python3.7/site-packages/airflow/example_dags/tutorial_dag.py for tasks to queue
[2023-04-30T18:11:51.703+0000] {logging_mixin.py:120} INFO - [2023-04-30T18:11:51.703+0000] {dagbag.py:537} INFO - Filling up the DagBag from /home/airflow/.local/lib/python3.7/site-packages/airflow/example_dags/tutorial_dag.py
[2023-04-30T18:11:51.713+0000] {processor.py:766} INFO - DAG(s) dict_keys(['tutorial_dag']) retrieved from /home/airflow/.local/lib/python3.7/site-packages/airflow/example_dags/tutorial_dag.py
[2023-04-30T18:11:51.747+0000] {logging_mixin.py:120} INFO - [2023-04-30T18:11:51.747+0000] {dag.py:2585} INFO - Sync 1 DAGs
[2023-04-30T18:11:51.773+0000] {logging_mixin.py:120} INFO - [2023-04-30T18:11:51.773+0000] {dag.py:3340} INFO - Setting next_dagrun for tutorial_dag to None, run_after=None
[2023-04-30T18:11:51.794+0000] {processor.py:176} INFO - Processing /home/airflow/.local/lib/python3.7/site-packages/airflow/example_dags/tutorial_dag.py took 0.094 seconds
[2023-04-30T18:20:44.564+0000] {processor.py:154} INFO - Started process (PID=2818) to work on /home/airflow/.local/lib/python3.7/site-packages/airflow/example_dags/tutorial_dag.py
[2023-04-30T18:20:44.567+0000] {processor.py:756} INFO - Processing file /home/airflow/.local/lib/python3.7/site-packages/airflow/example_dags/tutorial_dag.py for tasks to queue
[2023-04-30T18:20:44.569+0000] {logging_mixin.py:120} INFO - [2023-04-30T18:20:44.568+0000] {dagbag.py:537} INFO - Filling up the DagBag from /home/airflow/.local/lib/python3.7/site-packages/airflow/example_dags/tutorial_dag.py
[2023-04-30T18:20:44.600+0000] {processor.py:766} INFO - DAG(s) dict_keys(['tutorial_dag']) retrieved from /home/airflow/.local/lib/python3.7/site-packages/airflow/example_dags/tutorial_dag.py
[2023-04-30T18:20:44.763+0000] {logging_mixin.py:120} INFO - [2023-04-30T18:20:44.762+0000] {dag.py:2585} INFO - Sync 1 DAGs
[2023-04-30T18:20:44.886+0000] {logging_mixin.py:120} INFO - [2023-04-30T18:20:44.886+0000] {dag.py:3340} INFO - Setting next_dagrun for tutorial_dag to None, run_after=None
[2023-04-30T18:20:44.987+0000] {processor.py:176} INFO - Processing /home/airflow/.local/lib/python3.7/site-packages/airflow/example_dags/tutorial_dag.py took 0.428 seconds
