[2023-04-30T17:48:58.178+0000] {processor.py:154} INFO - Started process (PID=79) to work on /home/airflow/.local/lib/python3.7/site-packages/airflow/example_dags/tutorial_taskflow_api.py
[2023-04-30T17:48:58.180+0000] {processor.py:756} INFO - Processing file /home/airflow/.local/lib/python3.7/site-packages/airflow/example_dags/tutorial_taskflow_api.py for tasks to queue
[2023-04-30T17:48:58.181+0000] {logging_mixin.py:120} INFO - [2023-04-30T17:48:58.181+0000] {dagbag.py:537} INFO - Filling up the DagBag from /home/airflow/.local/lib/python3.7/site-packages/airflow/example_dags/tutorial_taskflow_api.py
[2023-04-30T17:48:58.222+0000] {processor.py:766} INFO - DAG(s) dict_keys(['tutorial_taskflow_api']) retrieved from /home/airflow/.local/lib/python3.7/site-packages/airflow/example_dags/tutorial_taskflow_api.py
[2023-04-30T17:48:58.609+0000] {logging_mixin.py:120} INFO - [2023-04-30T17:48:58.608+0000] {manager.py:507} INFO - Created Permission View: can read on DAG:tutorial_taskflow_api
[2023-04-30T17:48:58.636+0000] {logging_mixin.py:120} INFO - [2023-04-30T17:48:58.635+0000] {manager.py:507} INFO - Created Permission View: can edit on DAG:tutorial_taskflow_api
[2023-04-30T17:48:58.657+0000] {logging_mixin.py:120} INFO - [2023-04-30T17:48:58.656+0000] {manager.py:507} INFO - Created Permission View: can delete on DAG:tutorial_taskflow_api
[2023-04-30T17:48:58.657+0000] {logging_mixin.py:120} INFO - [2023-04-30T17:48:58.657+0000] {dag.py:2585} INFO - Sync 1 DAGs
[2023-04-30T17:48:58.683+0000] {logging_mixin.py:120} INFO - [2023-04-30T17:48:58.682+0000] {dag.py:2606} INFO - Creating ORM DAG for tutorial_taskflow_api
[2023-04-30T17:48:58.702+0000] {logging_mixin.py:120} INFO - [2023-04-30T17:48:58.702+0000] {dag.py:3340} INFO - Setting next_dagrun for tutorial_taskflow_api to None, run_after=None
[2023-04-30T17:48:58.738+0000] {processor.py:176} INFO - Processing /home/airflow/.local/lib/python3.7/site-packages/airflow/example_dags/tutorial_taskflow_api.py took 0.565 seconds
[2023-04-30T17:49:28.771+0000] {processor.py:154} INFO - Started process (PID=142) to work on /home/airflow/.local/lib/python3.7/site-packages/airflow/example_dags/tutorial_taskflow_api.py
[2023-04-30T17:49:28.772+0000] {processor.py:756} INFO - Processing file /home/airflow/.local/lib/python3.7/site-packages/airflow/example_dags/tutorial_taskflow_api.py for tasks to queue
[2023-04-30T17:49:28.773+0000] {logging_mixin.py:120} INFO - [2023-04-30T17:49:28.773+0000] {dagbag.py:537} INFO - Filling up the DagBag from /home/airflow/.local/lib/python3.7/site-packages/airflow/example_dags/tutorial_taskflow_api.py
[2023-04-30T17:49:28.791+0000] {processor.py:766} INFO - DAG(s) dict_keys(['tutorial_taskflow_api']) retrieved from /home/airflow/.local/lib/python3.7/site-packages/airflow/example_dags/tutorial_taskflow_api.py
[2023-04-30T17:49:28.826+0000] {logging_mixin.py:120} INFO - [2023-04-30T17:49:28.825+0000] {dag.py:2585} INFO - Sync 1 DAGs
[2023-04-30T17:49:28.850+0000] {logging_mixin.py:120} INFO - [2023-04-30T17:49:28.850+0000] {dag.py:3340} INFO - Setting next_dagrun for tutorial_taskflow_api to None, run_after=None
[2023-04-30T17:49:28.872+0000] {processor.py:176} INFO - Processing /home/airflow/.local/lib/python3.7/site-packages/airflow/example_dags/tutorial_taskflow_api.py took 0.103 seconds
[2023-04-30T17:49:59.374+0000] {processor.py:154} INFO - Started process (PID=206) to work on /home/airflow/.local/lib/python3.7/site-packages/airflow/example_dags/tutorial_taskflow_api.py
[2023-04-30T17:49:59.375+0000] {processor.py:756} INFO - Processing file /home/airflow/.local/lib/python3.7/site-packages/airflow/example_dags/tutorial_taskflow_api.py for tasks to queue
[2023-04-30T17:49:59.376+0000] {logging_mixin.py:120} INFO - [2023-04-30T17:49:59.376+0000] {dagbag.py:537} INFO - Filling up the DagBag from /home/airflow/.local/lib/python3.7/site-packages/airflow/example_dags/tutorial_taskflow_api.py
[2023-04-30T17:49:59.392+0000] {processor.py:766} INFO - DAG(s) dict_keys(['tutorial_taskflow_api']) retrieved from /home/airflow/.local/lib/python3.7/site-packages/airflow/example_dags/tutorial_taskflow_api.py
[2023-04-30T17:49:59.426+0000] {logging_mixin.py:120} INFO - [2023-04-30T17:49:59.426+0000] {dag.py:2585} INFO - Sync 1 DAGs
[2023-04-30T17:49:59.450+0000] {logging_mixin.py:120} INFO - [2023-04-30T17:49:59.450+0000] {dag.py:3340} INFO - Setting next_dagrun for tutorial_taskflow_api to None, run_after=None
[2023-04-30T17:49:59.476+0000] {processor.py:176} INFO - Processing /home/airflow/.local/lib/python3.7/site-packages/airflow/example_dags/tutorial_taskflow_api.py took 0.103 seconds
[2023-04-30T17:50:30.036+0000] {processor.py:154} INFO - Started process (PID=260) to work on /home/airflow/.local/lib/python3.7/site-packages/airflow/example_dags/tutorial_taskflow_api.py
[2023-04-30T17:50:30.037+0000] {processor.py:756} INFO - Processing file /home/airflow/.local/lib/python3.7/site-packages/airflow/example_dags/tutorial_taskflow_api.py for tasks to queue
[2023-04-30T17:50:30.037+0000] {logging_mixin.py:120} INFO - [2023-04-30T17:50:30.037+0000] {dagbag.py:537} INFO - Filling up the DagBag from /home/airflow/.local/lib/python3.7/site-packages/airflow/example_dags/tutorial_taskflow_api.py
[2023-04-30T17:50:30.053+0000] {processor.py:766} INFO - DAG(s) dict_keys(['tutorial_taskflow_api']) retrieved from /home/airflow/.local/lib/python3.7/site-packages/airflow/example_dags/tutorial_taskflow_api.py
[2023-04-30T17:50:30.087+0000] {logging_mixin.py:120} INFO - [2023-04-30T17:50:30.086+0000] {dag.py:2585} INFO - Sync 1 DAGs
[2023-04-30T17:50:30.109+0000] {logging_mixin.py:120} INFO - [2023-04-30T17:50:30.109+0000] {dag.py:3340} INFO - Setting next_dagrun for tutorial_taskflow_api to None, run_after=None
[2023-04-30T17:50:30.129+0000] {processor.py:176} INFO - Processing /home/airflow/.local/lib/python3.7/site-packages/airflow/example_dags/tutorial_taskflow_api.py took 0.095 seconds
[2023-04-30T17:51:00.866+0000] {processor.py:154} INFO - Started process (PID=323) to work on /home/airflow/.local/lib/python3.7/site-packages/airflow/example_dags/tutorial_taskflow_api.py
[2023-04-30T17:51:00.867+0000] {processor.py:756} INFO - Processing file /home/airflow/.local/lib/python3.7/site-packages/airflow/example_dags/tutorial_taskflow_api.py for tasks to queue
[2023-04-30T17:51:00.867+0000] {logging_mixin.py:120} INFO - [2023-04-30T17:51:00.867+0000] {dagbag.py:537} INFO - Filling up the DagBag from /home/airflow/.local/lib/python3.7/site-packages/airflow/example_dags/tutorial_taskflow_api.py
[2023-04-30T17:51:00.885+0000] {processor.py:766} INFO - DAG(s) dict_keys(['tutorial_taskflow_api']) retrieved from /home/airflow/.local/lib/python3.7/site-packages/airflow/example_dags/tutorial_taskflow_api.py
[2023-04-30T17:51:00.923+0000] {logging_mixin.py:120} INFO - [2023-04-30T17:51:00.923+0000] {dag.py:2585} INFO - Sync 1 DAGs
[2023-04-30T17:51:00.948+0000] {logging_mixin.py:120} INFO - [2023-04-30T17:51:00.947+0000] {dag.py:3340} INFO - Setting next_dagrun for tutorial_taskflow_api to None, run_after=None
[2023-04-30T17:51:00.973+0000] {processor.py:176} INFO - Processing /home/airflow/.local/lib/python3.7/site-packages/airflow/example_dags/tutorial_taskflow_api.py took 0.110 seconds
[2023-04-30T17:51:31.705+0000] {processor.py:154} INFO - Started process (PID=386) to work on /home/airflow/.local/lib/python3.7/site-packages/airflow/example_dags/tutorial_taskflow_api.py
[2023-04-30T17:51:31.706+0000] {processor.py:756} INFO - Processing file /home/airflow/.local/lib/python3.7/site-packages/airflow/example_dags/tutorial_taskflow_api.py for tasks to queue
[2023-04-30T17:51:31.707+0000] {logging_mixin.py:120} INFO - [2023-04-30T17:51:31.707+0000] {dagbag.py:537} INFO - Filling up the DagBag from /home/airflow/.local/lib/python3.7/site-packages/airflow/example_dags/tutorial_taskflow_api.py
[2023-04-30T17:51:31.729+0000] {processor.py:766} INFO - DAG(s) dict_keys(['tutorial_taskflow_api']) retrieved from /home/airflow/.local/lib/python3.7/site-packages/airflow/example_dags/tutorial_taskflow_api.py
[2023-04-30T17:51:31.771+0000] {logging_mixin.py:120} INFO - [2023-04-30T17:51:31.770+0000] {dag.py:2585} INFO - Sync 1 DAGs
[2023-04-30T17:51:31.803+0000] {logging_mixin.py:120} INFO - [2023-04-30T17:51:31.803+0000] {dag.py:3340} INFO - Setting next_dagrun for tutorial_taskflow_api to None, run_after=None
[2023-04-30T17:51:31.832+0000] {processor.py:176} INFO - Processing /home/airflow/.local/lib/python3.7/site-packages/airflow/example_dags/tutorial_taskflow_api.py took 0.130 seconds
[2023-04-30T17:52:02.324+0000] {processor.py:154} INFO - Started process (PID=440) to work on /home/airflow/.local/lib/python3.7/site-packages/airflow/example_dags/tutorial_taskflow_api.py
[2023-04-30T17:52:02.325+0000] {processor.py:756} INFO - Processing file /home/airflow/.local/lib/python3.7/site-packages/airflow/example_dags/tutorial_taskflow_api.py for tasks to queue
[2023-04-30T17:52:02.326+0000] {logging_mixin.py:120} INFO - [2023-04-30T17:52:02.326+0000] {dagbag.py:537} INFO - Filling up the DagBag from /home/airflow/.local/lib/python3.7/site-packages/airflow/example_dags/tutorial_taskflow_api.py
[2023-04-30T17:52:02.344+0000] {processor.py:766} INFO - DAG(s) dict_keys(['tutorial_taskflow_api']) retrieved from /home/airflow/.local/lib/python3.7/site-packages/airflow/example_dags/tutorial_taskflow_api.py
[2023-04-30T17:52:02.383+0000] {logging_mixin.py:120} INFO - [2023-04-30T17:52:02.383+0000] {dag.py:2585} INFO - Sync 1 DAGs
[2023-04-30T17:52:02.410+0000] {logging_mixin.py:120} INFO - [2023-04-30T17:52:02.410+0000] {dag.py:3340} INFO - Setting next_dagrun for tutorial_taskflow_api to None, run_after=None
[2023-04-30T17:52:02.437+0000] {processor.py:176} INFO - Processing /home/airflow/.local/lib/python3.7/site-packages/airflow/example_dags/tutorial_taskflow_api.py took 0.116 seconds
[2023-04-30T17:52:33.102+0000] {processor.py:154} INFO - Started process (PID=503) to work on /home/airflow/.local/lib/python3.7/site-packages/airflow/example_dags/tutorial_taskflow_api.py
[2023-04-30T17:52:33.102+0000] {processor.py:756} INFO - Processing file /home/airflow/.local/lib/python3.7/site-packages/airflow/example_dags/tutorial_taskflow_api.py for tasks to queue
[2023-04-30T17:52:33.103+0000] {logging_mixin.py:120} INFO - [2023-04-30T17:52:33.103+0000] {dagbag.py:537} INFO - Filling up the DagBag from /home/airflow/.local/lib/python3.7/site-packages/airflow/example_dags/tutorial_taskflow_api.py
[2023-04-30T17:52:33.120+0000] {processor.py:766} INFO - DAG(s) dict_keys(['tutorial_taskflow_api']) retrieved from /home/airflow/.local/lib/python3.7/site-packages/airflow/example_dags/tutorial_taskflow_api.py
[2023-04-30T17:52:33.160+0000] {logging_mixin.py:120} INFO - [2023-04-30T17:52:33.159+0000] {dag.py:2585} INFO - Sync 1 DAGs
[2023-04-30T17:52:33.186+0000] {logging_mixin.py:120} INFO - [2023-04-30T17:52:33.186+0000] {dag.py:3340} INFO - Setting next_dagrun for tutorial_taskflow_api to None, run_after=None
[2023-04-30T17:52:33.210+0000] {processor.py:176} INFO - Processing /home/airflow/.local/lib/python3.7/site-packages/airflow/example_dags/tutorial_taskflow_api.py took 0.110 seconds
[2023-04-30T17:53:03.726+0000] {processor.py:154} INFO - Started process (PID=566) to work on /home/airflow/.local/lib/python3.7/site-packages/airflow/example_dags/tutorial_taskflow_api.py
[2023-04-30T17:53:03.728+0000] {processor.py:756} INFO - Processing file /home/airflow/.local/lib/python3.7/site-packages/airflow/example_dags/tutorial_taskflow_api.py for tasks to queue
[2023-04-30T17:53:03.728+0000] {logging_mixin.py:120} INFO - [2023-04-30T17:53:03.728+0000] {dagbag.py:537} INFO - Filling up the DagBag from /home/airflow/.local/lib/python3.7/site-packages/airflow/example_dags/tutorial_taskflow_api.py
[2023-04-30T17:53:03.751+0000] {processor.py:766} INFO - DAG(s) dict_keys(['tutorial_taskflow_api']) retrieved from /home/airflow/.local/lib/python3.7/site-packages/airflow/example_dags/tutorial_taskflow_api.py
[2023-04-30T17:53:03.805+0000] {logging_mixin.py:120} INFO - [2023-04-30T17:53:03.804+0000] {dag.py:2585} INFO - Sync 1 DAGs
[2023-04-30T17:53:03.839+0000] {logging_mixin.py:120} INFO - [2023-04-30T17:53:03.839+0000] {dag.py:3340} INFO - Setting next_dagrun for tutorial_taskflow_api to None, run_after=None
[2023-04-30T17:53:03.872+0000] {processor.py:176} INFO - Processing /home/airflow/.local/lib/python3.7/site-packages/airflow/example_dags/tutorial_taskflow_api.py took 0.149 seconds
[2023-04-30T17:53:34.324+0000] {processor.py:154} INFO - Started process (PID=620) to work on /home/airflow/.local/lib/python3.7/site-packages/airflow/example_dags/tutorial_taskflow_api.py
[2023-04-30T17:53:34.325+0000] {processor.py:756} INFO - Processing file /home/airflow/.local/lib/python3.7/site-packages/airflow/example_dags/tutorial_taskflow_api.py for tasks to queue
[2023-04-30T17:53:34.325+0000] {logging_mixin.py:120} INFO - [2023-04-30T17:53:34.325+0000] {dagbag.py:537} INFO - Filling up the DagBag from /home/airflow/.local/lib/python3.7/site-packages/airflow/example_dags/tutorial_taskflow_api.py
[2023-04-30T17:53:34.341+0000] {processor.py:766} INFO - DAG(s) dict_keys(['tutorial_taskflow_api']) retrieved from /home/airflow/.local/lib/python3.7/site-packages/airflow/example_dags/tutorial_taskflow_api.py
[2023-04-30T17:53:34.375+0000] {logging_mixin.py:120} INFO - [2023-04-30T17:53:34.374+0000] {dag.py:2585} INFO - Sync 1 DAGs
[2023-04-30T17:53:34.399+0000] {logging_mixin.py:120} INFO - [2023-04-30T17:53:34.399+0000] {dag.py:3340} INFO - Setting next_dagrun for tutorial_taskflow_api to None, run_after=None
[2023-04-30T17:53:34.422+0000] {processor.py:176} INFO - Processing /home/airflow/.local/lib/python3.7/site-packages/airflow/example_dags/tutorial_taskflow_api.py took 0.100 seconds
[2023-04-30T17:54:04.847+0000] {processor.py:154} INFO - Started process (PID=683) to work on /home/airflow/.local/lib/python3.7/site-packages/airflow/example_dags/tutorial_taskflow_api.py
[2023-04-30T17:54:04.848+0000] {processor.py:756} INFO - Processing file /home/airflow/.local/lib/python3.7/site-packages/airflow/example_dags/tutorial_taskflow_api.py for tasks to queue
[2023-04-30T17:54:04.848+0000] {logging_mixin.py:120} INFO - [2023-04-30T17:54:04.848+0000] {dagbag.py:537} INFO - Filling up the DagBag from /home/airflow/.local/lib/python3.7/site-packages/airflow/example_dags/tutorial_taskflow_api.py
[2023-04-30T17:54:04.865+0000] {processor.py:766} INFO - DAG(s) dict_keys(['tutorial_taskflow_api']) retrieved from /home/airflow/.local/lib/python3.7/site-packages/airflow/example_dags/tutorial_taskflow_api.py
[2023-04-30T17:54:04.900+0000] {logging_mixin.py:120} INFO - [2023-04-30T17:54:04.900+0000] {dag.py:2585} INFO - Sync 1 DAGs
[2023-04-30T17:54:04.927+0000] {logging_mixin.py:120} INFO - [2023-04-30T17:54:04.927+0000] {dag.py:3340} INFO - Setting next_dagrun for tutorial_taskflow_api to None, run_after=None
[2023-04-30T17:54:04.950+0000] {processor.py:176} INFO - Processing /home/airflow/.local/lib/python3.7/site-packages/airflow/example_dags/tutorial_taskflow_api.py took 0.105 seconds
[2023-04-30T17:54:35.699+0000] {processor.py:154} INFO - Started process (PID=746) to work on /home/airflow/.local/lib/python3.7/site-packages/airflow/example_dags/tutorial_taskflow_api.py
[2023-04-30T17:54:35.700+0000] {processor.py:756} INFO - Processing file /home/airflow/.local/lib/python3.7/site-packages/airflow/example_dags/tutorial_taskflow_api.py for tasks to queue
[2023-04-30T17:54:35.702+0000] {logging_mixin.py:120} INFO - [2023-04-30T17:54:35.701+0000] {dagbag.py:537} INFO - Filling up the DagBag from /home/airflow/.local/lib/python3.7/site-packages/airflow/example_dags/tutorial_taskflow_api.py
[2023-04-30T17:54:35.723+0000] {processor.py:766} INFO - DAG(s) dict_keys(['tutorial_taskflow_api']) retrieved from /home/airflow/.local/lib/python3.7/site-packages/airflow/example_dags/tutorial_taskflow_api.py
[2023-04-30T17:54:35.775+0000] {logging_mixin.py:120} INFO - [2023-04-30T17:54:35.775+0000] {dag.py:2585} INFO - Sync 1 DAGs
[2023-04-30T17:54:35.807+0000] {logging_mixin.py:120} INFO - [2023-04-30T17:54:35.807+0000] {dag.py:3340} INFO - Setting next_dagrun for tutorial_taskflow_api to None, run_after=None
[2023-04-30T17:54:35.834+0000] {processor.py:176} INFO - Processing /home/airflow/.local/lib/python3.7/site-packages/airflow/example_dags/tutorial_taskflow_api.py took 0.137 seconds
[2023-04-30T17:55:06.275+0000] {processor.py:154} INFO - Started process (PID=810) to work on /home/airflow/.local/lib/python3.7/site-packages/airflow/example_dags/tutorial_taskflow_api.py
[2023-04-30T17:55:06.275+0000] {processor.py:756} INFO - Processing file /home/airflow/.local/lib/python3.7/site-packages/airflow/example_dags/tutorial_taskflow_api.py for tasks to queue
[2023-04-30T17:55:06.277+0000] {logging_mixin.py:120} INFO - [2023-04-30T17:55:06.277+0000] {dagbag.py:537} INFO - Filling up the DagBag from /home/airflow/.local/lib/python3.7/site-packages/airflow/example_dags/tutorial_taskflow_api.py
[2023-04-30T17:55:06.301+0000] {processor.py:766} INFO - DAG(s) dict_keys(['tutorial_taskflow_api']) retrieved from /home/airflow/.local/lib/python3.7/site-packages/airflow/example_dags/tutorial_taskflow_api.py
[2023-04-30T17:55:06.341+0000] {logging_mixin.py:120} INFO - [2023-04-30T17:55:06.341+0000] {dag.py:2585} INFO - Sync 1 DAGs
[2023-04-30T17:55:06.371+0000] {logging_mixin.py:120} INFO - [2023-04-30T17:55:06.371+0000] {dag.py:3340} INFO - Setting next_dagrun for tutorial_taskflow_api to None, run_after=None
[2023-04-30T17:55:06.402+0000] {processor.py:176} INFO - Processing /home/airflow/.local/lib/python3.7/site-packages/airflow/example_dags/tutorial_taskflow_api.py took 0.130 seconds
[2023-04-30T17:55:37.016+0000] {processor.py:154} INFO - Started process (PID=864) to work on /home/airflow/.local/lib/python3.7/site-packages/airflow/example_dags/tutorial_taskflow_api.py
[2023-04-30T17:55:37.017+0000] {processor.py:756} INFO - Processing file /home/airflow/.local/lib/python3.7/site-packages/airflow/example_dags/tutorial_taskflow_api.py for tasks to queue
[2023-04-30T17:55:37.018+0000] {logging_mixin.py:120} INFO - [2023-04-30T17:55:37.018+0000] {dagbag.py:537} INFO - Filling up the DagBag from /home/airflow/.local/lib/python3.7/site-packages/airflow/example_dags/tutorial_taskflow_api.py
[2023-04-30T17:55:37.046+0000] {processor.py:766} INFO - DAG(s) dict_keys(['tutorial_taskflow_api']) retrieved from /home/airflow/.local/lib/python3.7/site-packages/airflow/example_dags/tutorial_taskflow_api.py
[2023-04-30T17:55:37.088+0000] {logging_mixin.py:120} INFO - [2023-04-30T17:55:37.088+0000] {dag.py:2585} INFO - Sync 1 DAGs
[2023-04-30T17:55:37.115+0000] {logging_mixin.py:120} INFO - [2023-04-30T17:55:37.115+0000] {dag.py:3340} INFO - Setting next_dagrun for tutorial_taskflow_api to None, run_after=None
[2023-04-30T17:55:37.142+0000] {processor.py:176} INFO - Processing /home/airflow/.local/lib/python3.7/site-packages/airflow/example_dags/tutorial_taskflow_api.py took 0.129 seconds
[2023-04-30T17:56:07.637+0000] {processor.py:154} INFO - Started process (PID=927) to work on /home/airflow/.local/lib/python3.7/site-packages/airflow/example_dags/tutorial_taskflow_api.py
[2023-04-30T17:56:07.639+0000] {processor.py:756} INFO - Processing file /home/airflow/.local/lib/python3.7/site-packages/airflow/example_dags/tutorial_taskflow_api.py for tasks to queue
[2023-04-30T17:56:07.640+0000] {logging_mixin.py:120} INFO - [2023-04-30T17:56:07.639+0000] {dagbag.py:537} INFO - Filling up the DagBag from /home/airflow/.local/lib/python3.7/site-packages/airflow/example_dags/tutorial_taskflow_api.py
[2023-04-30T17:56:07.656+0000] {processor.py:766} INFO - DAG(s) dict_keys(['tutorial_taskflow_api']) retrieved from /home/airflow/.local/lib/python3.7/site-packages/airflow/example_dags/tutorial_taskflow_api.py
[2023-04-30T17:56:07.691+0000] {logging_mixin.py:120} INFO - [2023-04-30T17:56:07.691+0000] {dag.py:2585} INFO - Sync 1 DAGs
[2023-04-30T17:56:07.716+0000] {logging_mixin.py:120} INFO - [2023-04-30T17:56:07.716+0000] {dag.py:3340} INFO - Setting next_dagrun for tutorial_taskflow_api to None, run_after=None
[2023-04-30T17:56:07.739+0000] {processor.py:176} INFO - Processing /home/airflow/.local/lib/python3.7/site-packages/airflow/example_dags/tutorial_taskflow_api.py took 0.104 seconds
[2023-04-30T17:56:38.154+0000] {processor.py:154} INFO - Started process (PID=991) to work on /home/airflow/.local/lib/python3.7/site-packages/airflow/example_dags/tutorial_taskflow_api.py
[2023-04-30T17:56:38.155+0000] {processor.py:756} INFO - Processing file /home/airflow/.local/lib/python3.7/site-packages/airflow/example_dags/tutorial_taskflow_api.py for tasks to queue
[2023-04-30T17:56:38.156+0000] {logging_mixin.py:120} INFO - [2023-04-30T17:56:38.156+0000] {dagbag.py:537} INFO - Filling up the DagBag from /home/airflow/.local/lib/python3.7/site-packages/airflow/example_dags/tutorial_taskflow_api.py
[2023-04-30T17:56:38.181+0000] {processor.py:766} INFO - DAG(s) dict_keys(['tutorial_taskflow_api']) retrieved from /home/airflow/.local/lib/python3.7/site-packages/airflow/example_dags/tutorial_taskflow_api.py
[2023-04-30T17:56:38.228+0000] {logging_mixin.py:120} INFO - [2023-04-30T17:56:38.227+0000] {dag.py:2585} INFO - Sync 1 DAGs
[2023-04-30T17:56:38.261+0000] {logging_mixin.py:120} INFO - [2023-04-30T17:56:38.261+0000] {dag.py:3340} INFO - Setting next_dagrun for tutorial_taskflow_api to None, run_after=None
[2023-04-30T17:56:38.288+0000] {processor.py:176} INFO - Processing /home/airflow/.local/lib/python3.7/site-packages/airflow/example_dags/tutorial_taskflow_api.py took 0.136 seconds
[2023-04-30T17:57:08.776+0000] {processor.py:154} INFO - Started process (PID=1046) to work on /home/airflow/.local/lib/python3.7/site-packages/airflow/example_dags/tutorial_taskflow_api.py
[2023-04-30T17:57:08.777+0000] {processor.py:756} INFO - Processing file /home/airflow/.local/lib/python3.7/site-packages/airflow/example_dags/tutorial_taskflow_api.py for tasks to queue
[2023-04-30T17:57:08.778+0000] {logging_mixin.py:120} INFO - [2023-04-30T17:57:08.777+0000] {dagbag.py:537} INFO - Filling up the DagBag from /home/airflow/.local/lib/python3.7/site-packages/airflow/example_dags/tutorial_taskflow_api.py
[2023-04-30T17:57:08.795+0000] {processor.py:766} INFO - DAG(s) dict_keys(['tutorial_taskflow_api']) retrieved from /home/airflow/.local/lib/python3.7/site-packages/airflow/example_dags/tutorial_taskflow_api.py
[2023-04-30T17:57:08.829+0000] {logging_mixin.py:120} INFO - [2023-04-30T17:57:08.829+0000] {dag.py:2585} INFO - Sync 1 DAGs
[2023-04-30T17:57:08.856+0000] {logging_mixin.py:120} INFO - [2023-04-30T17:57:08.856+0000] {dag.py:3340} INFO - Setting next_dagrun for tutorial_taskflow_api to None, run_after=None
[2023-04-30T17:57:08.883+0000] {processor.py:176} INFO - Processing /home/airflow/.local/lib/python3.7/site-packages/airflow/example_dags/tutorial_taskflow_api.py took 0.109 seconds
[2023-04-30T17:57:39.537+0000] {processor.py:154} INFO - Started process (PID=1109) to work on /home/airflow/.local/lib/python3.7/site-packages/airflow/example_dags/tutorial_taskflow_api.py
[2023-04-30T17:57:39.537+0000] {processor.py:756} INFO - Processing file /home/airflow/.local/lib/python3.7/site-packages/airflow/example_dags/tutorial_taskflow_api.py for tasks to queue
[2023-04-30T17:57:39.538+0000] {logging_mixin.py:120} INFO - [2023-04-30T17:57:39.538+0000] {dagbag.py:537} INFO - Filling up the DagBag from /home/airflow/.local/lib/python3.7/site-packages/airflow/example_dags/tutorial_taskflow_api.py
[2023-04-30T17:57:39.553+0000] {processor.py:766} INFO - DAG(s) dict_keys(['tutorial_taskflow_api']) retrieved from /home/airflow/.local/lib/python3.7/site-packages/airflow/example_dags/tutorial_taskflow_api.py
[2023-04-30T17:57:39.588+0000] {logging_mixin.py:120} INFO - [2023-04-30T17:57:39.588+0000] {dag.py:2585} INFO - Sync 1 DAGs
[2023-04-30T17:57:39.615+0000] {logging_mixin.py:120} INFO - [2023-04-30T17:57:39.614+0000] {dag.py:3340} INFO - Setting next_dagrun for tutorial_taskflow_api to None, run_after=None
[2023-04-30T17:57:39.636+0000] {processor.py:176} INFO - Processing /home/airflow/.local/lib/python3.7/site-packages/airflow/example_dags/tutorial_taskflow_api.py took 0.101 seconds
[2023-04-30T17:58:10.051+0000] {processor.py:154} INFO - Started process (PID=1179) to work on /home/airflow/.local/lib/python3.7/site-packages/airflow/example_dags/tutorial_taskflow_api.py
[2023-04-30T17:58:10.052+0000] {processor.py:756} INFO - Processing file /home/airflow/.local/lib/python3.7/site-packages/airflow/example_dags/tutorial_taskflow_api.py for tasks to queue
[2023-04-30T17:58:10.053+0000] {logging_mixin.py:120} INFO - [2023-04-30T17:58:10.053+0000] {dagbag.py:537} INFO - Filling up the DagBag from /home/airflow/.local/lib/python3.7/site-packages/airflow/example_dags/tutorial_taskflow_api.py
[2023-04-30T17:58:10.073+0000] {processor.py:766} INFO - DAG(s) dict_keys(['tutorial_taskflow_api']) retrieved from /home/airflow/.local/lib/python3.7/site-packages/airflow/example_dags/tutorial_taskflow_api.py
[2023-04-30T17:58:10.108+0000] {logging_mixin.py:120} INFO - [2023-04-30T17:58:10.108+0000] {dag.py:2585} INFO - Sync 1 DAGs
[2023-04-30T17:58:10.132+0000] {logging_mixin.py:120} INFO - [2023-04-30T17:58:10.132+0000] {dag.py:3340} INFO - Setting next_dagrun for tutorial_taskflow_api to None, run_after=None
[2023-04-30T17:58:10.153+0000] {processor.py:176} INFO - Processing /home/airflow/.local/lib/python3.7/site-packages/airflow/example_dags/tutorial_taskflow_api.py took 0.105 seconds
[2023-04-30T17:58:40.789+0000] {processor.py:154} INFO - Started process (PID=1233) to work on /home/airflow/.local/lib/python3.7/site-packages/airflow/example_dags/tutorial_taskflow_api.py
[2023-04-30T17:58:40.790+0000] {processor.py:756} INFO - Processing file /home/airflow/.local/lib/python3.7/site-packages/airflow/example_dags/tutorial_taskflow_api.py for tasks to queue
[2023-04-30T17:58:40.790+0000] {logging_mixin.py:120} INFO - [2023-04-30T17:58:40.790+0000] {dagbag.py:537} INFO - Filling up the DagBag from /home/airflow/.local/lib/python3.7/site-packages/airflow/example_dags/tutorial_taskflow_api.py
[2023-04-30T17:58:40.810+0000] {processor.py:766} INFO - DAG(s) dict_keys(['tutorial_taskflow_api']) retrieved from /home/airflow/.local/lib/python3.7/site-packages/airflow/example_dags/tutorial_taskflow_api.py
[2023-04-30T17:58:40.852+0000] {logging_mixin.py:120} INFO - [2023-04-30T17:58:40.852+0000] {dag.py:2585} INFO - Sync 1 DAGs
[2023-04-30T17:58:40.879+0000] {logging_mixin.py:120} INFO - [2023-04-30T17:58:40.879+0000] {dag.py:3340} INFO - Setting next_dagrun for tutorial_taskflow_api to None, run_after=None
[2023-04-30T17:58:40.902+0000] {processor.py:176} INFO - Processing /home/airflow/.local/lib/python3.7/site-packages/airflow/example_dags/tutorial_taskflow_api.py took 0.116 seconds
[2023-04-30T17:59:11.690+0000] {processor.py:154} INFO - Started process (PID=1296) to work on /home/airflow/.local/lib/python3.7/site-packages/airflow/example_dags/tutorial_taskflow_api.py
[2023-04-30T17:59:11.691+0000] {processor.py:756} INFO - Processing file /home/airflow/.local/lib/python3.7/site-packages/airflow/example_dags/tutorial_taskflow_api.py for tasks to queue
[2023-04-30T17:59:11.692+0000] {logging_mixin.py:120} INFO - [2023-04-30T17:59:11.692+0000] {dagbag.py:537} INFO - Filling up the DagBag from /home/airflow/.local/lib/python3.7/site-packages/airflow/example_dags/tutorial_taskflow_api.py
[2023-04-30T17:59:11.710+0000] {processor.py:766} INFO - DAG(s) dict_keys(['tutorial_taskflow_api']) retrieved from /home/airflow/.local/lib/python3.7/site-packages/airflow/example_dags/tutorial_taskflow_api.py
[2023-04-30T17:59:11.744+0000] {logging_mixin.py:120} INFO - [2023-04-30T17:59:11.744+0000] {dag.py:2585} INFO - Sync 1 DAGs
[2023-04-30T17:59:11.771+0000] {logging_mixin.py:120} INFO - [2023-04-30T17:59:11.771+0000] {dag.py:3340} INFO - Setting next_dagrun for tutorial_taskflow_api to None, run_after=None
[2023-04-30T17:59:11.794+0000] {processor.py:176} INFO - Processing /home/airflow/.local/lib/python3.7/site-packages/airflow/example_dags/tutorial_taskflow_api.py took 0.106 seconds
[2023-04-30T17:59:42.352+0000] {processor.py:154} INFO - Started process (PID=1359) to work on /home/airflow/.local/lib/python3.7/site-packages/airflow/example_dags/tutorial_taskflow_api.py
[2023-04-30T17:59:42.353+0000] {processor.py:756} INFO - Processing file /home/airflow/.local/lib/python3.7/site-packages/airflow/example_dags/tutorial_taskflow_api.py for tasks to queue
[2023-04-30T17:59:42.354+0000] {logging_mixin.py:120} INFO - [2023-04-30T17:59:42.354+0000] {dagbag.py:537} INFO - Filling up the DagBag from /home/airflow/.local/lib/python3.7/site-packages/airflow/example_dags/tutorial_taskflow_api.py
[2023-04-30T17:59:42.370+0000] {processor.py:766} INFO - DAG(s) dict_keys(['tutorial_taskflow_api']) retrieved from /home/airflow/.local/lib/python3.7/site-packages/airflow/example_dags/tutorial_taskflow_api.py
[2023-04-30T17:59:42.403+0000] {logging_mixin.py:120} INFO - [2023-04-30T17:59:42.403+0000] {dag.py:2585} INFO - Sync 1 DAGs
[2023-04-30T17:59:42.428+0000] {logging_mixin.py:120} INFO - [2023-04-30T17:59:42.428+0000] {dag.py:3340} INFO - Setting next_dagrun for tutorial_taskflow_api to None, run_after=None
[2023-04-30T17:59:42.453+0000] {processor.py:176} INFO - Processing /home/airflow/.local/lib/python3.7/site-packages/airflow/example_dags/tutorial_taskflow_api.py took 0.103 seconds
[2023-04-30T18:00:13.036+0000] {processor.py:154} INFO - Started process (PID=1420) to work on /home/airflow/.local/lib/python3.7/site-packages/airflow/example_dags/tutorial_taskflow_api.py
[2023-04-30T18:00:13.037+0000] {processor.py:756} INFO - Processing file /home/airflow/.local/lib/python3.7/site-packages/airflow/example_dags/tutorial_taskflow_api.py for tasks to queue
[2023-04-30T18:00:13.038+0000] {logging_mixin.py:120} INFO - [2023-04-30T18:00:13.038+0000] {dagbag.py:537} INFO - Filling up the DagBag from /home/airflow/.local/lib/python3.7/site-packages/airflow/example_dags/tutorial_taskflow_api.py
[2023-04-30T18:00:13.056+0000] {processor.py:766} INFO - DAG(s) dict_keys(['tutorial_taskflow_api']) retrieved from /home/airflow/.local/lib/python3.7/site-packages/airflow/example_dags/tutorial_taskflow_api.py
[2023-04-30T18:00:13.102+0000] {logging_mixin.py:120} INFO - [2023-04-30T18:00:13.102+0000] {dag.py:2585} INFO - Sync 1 DAGs
[2023-04-30T18:00:13.128+0000] {logging_mixin.py:120} INFO - [2023-04-30T18:00:13.128+0000] {dag.py:3340} INFO - Setting next_dagrun for tutorial_taskflow_api to None, run_after=None
[2023-04-30T18:00:13.158+0000] {processor.py:176} INFO - Processing /home/airflow/.local/lib/python3.7/site-packages/airflow/example_dags/tutorial_taskflow_api.py took 0.125 seconds
[2023-04-30T18:00:43.678+0000] {processor.py:154} INFO - Started process (PID=1478) to work on /home/airflow/.local/lib/python3.7/site-packages/airflow/example_dags/tutorial_taskflow_api.py
[2023-04-30T18:00:43.678+0000] {processor.py:756} INFO - Processing file /home/airflow/.local/lib/python3.7/site-packages/airflow/example_dags/tutorial_taskflow_api.py for tasks to queue
[2023-04-30T18:00:43.679+0000] {logging_mixin.py:120} INFO - [2023-04-30T18:00:43.679+0000] {dagbag.py:537} INFO - Filling up the DagBag from /home/airflow/.local/lib/python3.7/site-packages/airflow/example_dags/tutorial_taskflow_api.py
[2023-04-30T18:00:43.695+0000] {processor.py:766} INFO - DAG(s) dict_keys(['tutorial_taskflow_api']) retrieved from /home/airflow/.local/lib/python3.7/site-packages/airflow/example_dags/tutorial_taskflow_api.py
[2023-04-30T18:00:43.729+0000] {logging_mixin.py:120} INFO - [2023-04-30T18:00:43.729+0000] {dag.py:2585} INFO - Sync 1 DAGs
[2023-04-30T18:00:43.752+0000] {logging_mixin.py:120} INFO - [2023-04-30T18:00:43.752+0000] {dag.py:3340} INFO - Setting next_dagrun for tutorial_taskflow_api to None, run_after=None
[2023-04-30T18:00:43.775+0000] {processor.py:176} INFO - Processing /home/airflow/.local/lib/python3.7/site-packages/airflow/example_dags/tutorial_taskflow_api.py took 0.100 seconds
[2023-04-30T18:01:14.532+0000] {processor.py:154} INFO - Started process (PID=1541) to work on /home/airflow/.local/lib/python3.7/site-packages/airflow/example_dags/tutorial_taskflow_api.py
[2023-04-30T18:01:14.534+0000] {processor.py:756} INFO - Processing file /home/airflow/.local/lib/python3.7/site-packages/airflow/example_dags/tutorial_taskflow_api.py for tasks to queue
[2023-04-30T18:01:14.534+0000] {logging_mixin.py:120} INFO - [2023-04-30T18:01:14.534+0000] {dagbag.py:537} INFO - Filling up the DagBag from /home/airflow/.local/lib/python3.7/site-packages/airflow/example_dags/tutorial_taskflow_api.py
[2023-04-30T18:01:14.550+0000] {processor.py:766} INFO - DAG(s) dict_keys(['tutorial_taskflow_api']) retrieved from /home/airflow/.local/lib/python3.7/site-packages/airflow/example_dags/tutorial_taskflow_api.py
[2023-04-30T18:01:14.585+0000] {logging_mixin.py:120} INFO - [2023-04-30T18:01:14.585+0000] {dag.py:2585} INFO - Sync 1 DAGs
[2023-04-30T18:01:14.609+0000] {logging_mixin.py:120} INFO - [2023-04-30T18:01:14.609+0000] {dag.py:3340} INFO - Setting next_dagrun for tutorial_taskflow_api to None, run_after=None
[2023-04-30T18:01:14.632+0000] {processor.py:176} INFO - Processing /home/airflow/.local/lib/python3.7/site-packages/airflow/example_dags/tutorial_taskflow_api.py took 0.102 seconds
[2023-04-30T18:01:45.152+0000] {processor.py:154} INFO - Started process (PID=1604) to work on /home/airflow/.local/lib/python3.7/site-packages/airflow/example_dags/tutorial_taskflow_api.py
[2023-04-30T18:01:45.153+0000] {processor.py:756} INFO - Processing file /home/airflow/.local/lib/python3.7/site-packages/airflow/example_dags/tutorial_taskflow_api.py for tasks to queue
[2023-04-30T18:01:45.154+0000] {logging_mixin.py:120} INFO - [2023-04-30T18:01:45.154+0000] {dagbag.py:537} INFO - Filling up the DagBag from /home/airflow/.local/lib/python3.7/site-packages/airflow/example_dags/tutorial_taskflow_api.py
[2023-04-30T18:01:45.170+0000] {processor.py:766} INFO - DAG(s) dict_keys(['tutorial_taskflow_api']) retrieved from /home/airflow/.local/lib/python3.7/site-packages/airflow/example_dags/tutorial_taskflow_api.py
[2023-04-30T18:01:45.207+0000] {logging_mixin.py:120} INFO - [2023-04-30T18:01:45.207+0000] {dag.py:2585} INFO - Sync 1 DAGs
[2023-04-30T18:01:45.238+0000] {logging_mixin.py:120} INFO - [2023-04-30T18:01:45.238+0000] {dag.py:3340} INFO - Setting next_dagrun for tutorial_taskflow_api to None, run_after=None
[2023-04-30T18:01:45.265+0000] {processor.py:176} INFO - Processing /home/airflow/.local/lib/python3.7/site-packages/airflow/example_dags/tutorial_taskflow_api.py took 0.116 seconds
[2023-04-30T18:02:15.453+0000] {processor.py:154} INFO - Started process (PID=1658) to work on /home/airflow/.local/lib/python3.7/site-packages/airflow/example_dags/tutorial_taskflow_api.py
[2023-04-30T18:02:15.454+0000] {processor.py:756} INFO - Processing file /home/airflow/.local/lib/python3.7/site-packages/airflow/example_dags/tutorial_taskflow_api.py for tasks to queue
[2023-04-30T18:02:15.455+0000] {logging_mixin.py:120} INFO - [2023-04-30T18:02:15.455+0000] {dagbag.py:537} INFO - Filling up the DagBag from /home/airflow/.local/lib/python3.7/site-packages/airflow/example_dags/tutorial_taskflow_api.py
[2023-04-30T18:02:15.471+0000] {processor.py:766} INFO - DAG(s) dict_keys(['tutorial_taskflow_api']) retrieved from /home/airflow/.local/lib/python3.7/site-packages/airflow/example_dags/tutorial_taskflow_api.py
[2023-04-30T18:02:15.508+0000] {logging_mixin.py:120} INFO - [2023-04-30T18:02:15.508+0000] {dag.py:2585} INFO - Sync 1 DAGs
[2023-04-30T18:02:15.533+0000] {logging_mixin.py:120} INFO - [2023-04-30T18:02:15.532+0000] {dag.py:3340} INFO - Setting next_dagrun for tutorial_taskflow_api to None, run_after=None
[2023-04-30T18:02:15.555+0000] {processor.py:176} INFO - Processing /home/airflow/.local/lib/python3.7/site-packages/airflow/example_dags/tutorial_taskflow_api.py took 0.104 seconds
[2023-04-30T18:02:46.021+0000] {processor.py:154} INFO - Started process (PID=1721) to work on /home/airflow/.local/lib/python3.7/site-packages/airflow/example_dags/tutorial_taskflow_api.py
[2023-04-30T18:02:46.022+0000] {processor.py:756} INFO - Processing file /home/airflow/.local/lib/python3.7/site-packages/airflow/example_dags/tutorial_taskflow_api.py for tasks to queue
[2023-04-30T18:02:46.023+0000] {logging_mixin.py:120} INFO - [2023-04-30T18:02:46.022+0000] {dagbag.py:537} INFO - Filling up the DagBag from /home/airflow/.local/lib/python3.7/site-packages/airflow/example_dags/tutorial_taskflow_api.py
[2023-04-30T18:02:46.044+0000] {processor.py:766} INFO - DAG(s) dict_keys(['tutorial_taskflow_api']) retrieved from /home/airflow/.local/lib/python3.7/site-packages/airflow/example_dags/tutorial_taskflow_api.py
[2023-04-30T18:02:46.135+0000] {logging_mixin.py:120} INFO - [2023-04-30T18:02:46.134+0000] {dag.py:2585} INFO - Sync 1 DAGs
[2023-04-30T18:02:46.160+0000] {logging_mixin.py:120} INFO - [2023-04-30T18:02:46.160+0000] {dag.py:3340} INFO - Setting next_dagrun for tutorial_taskflow_api to None, run_after=None
[2023-04-30T18:02:46.186+0000] {processor.py:176} INFO - Processing /home/airflow/.local/lib/python3.7/site-packages/airflow/example_dags/tutorial_taskflow_api.py took 0.166 seconds
[2023-04-30T18:03:16.641+0000] {processor.py:154} INFO - Started process (PID=1784) to work on /home/airflow/.local/lib/python3.7/site-packages/airflow/example_dags/tutorial_taskflow_api.py
[2023-04-30T18:03:16.642+0000] {processor.py:756} INFO - Processing file /home/airflow/.local/lib/python3.7/site-packages/airflow/example_dags/tutorial_taskflow_api.py for tasks to queue
[2023-04-30T18:03:16.642+0000] {logging_mixin.py:120} INFO - [2023-04-30T18:03:16.642+0000] {dagbag.py:537} INFO - Filling up the DagBag from /home/airflow/.local/lib/python3.7/site-packages/airflow/example_dags/tutorial_taskflow_api.py
[2023-04-30T18:03:16.658+0000] {processor.py:766} INFO - DAG(s) dict_keys(['tutorial_taskflow_api']) retrieved from /home/airflow/.local/lib/python3.7/site-packages/airflow/example_dags/tutorial_taskflow_api.py
[2023-04-30T18:03:16.690+0000] {logging_mixin.py:120} INFO - [2023-04-30T18:03:16.690+0000] {dag.py:2585} INFO - Sync 1 DAGs
[2023-04-30T18:03:16.714+0000] {logging_mixin.py:120} INFO - [2023-04-30T18:03:16.714+0000] {dag.py:3340} INFO - Setting next_dagrun for tutorial_taskflow_api to None, run_after=None
[2023-04-30T18:03:16.740+0000] {processor.py:176} INFO - Processing /home/airflow/.local/lib/python3.7/site-packages/airflow/example_dags/tutorial_taskflow_api.py took 0.101 seconds
[2023-04-30T18:03:47.055+0000] {processor.py:154} INFO - Started process (PID=1839) to work on /home/airflow/.local/lib/python3.7/site-packages/airflow/example_dags/tutorial_taskflow_api.py
[2023-04-30T18:03:47.057+0000] {processor.py:756} INFO - Processing file /home/airflow/.local/lib/python3.7/site-packages/airflow/example_dags/tutorial_taskflow_api.py for tasks to queue
[2023-04-30T18:03:47.058+0000] {logging_mixin.py:120} INFO - [2023-04-30T18:03:47.057+0000] {dagbag.py:537} INFO - Filling up the DagBag from /home/airflow/.local/lib/python3.7/site-packages/airflow/example_dags/tutorial_taskflow_api.py
[2023-04-30T18:03:47.073+0000] {processor.py:766} INFO - DAG(s) dict_keys(['tutorial_taskflow_api']) retrieved from /home/airflow/.local/lib/python3.7/site-packages/airflow/example_dags/tutorial_taskflow_api.py
[2023-04-30T18:03:47.109+0000] {logging_mixin.py:120} INFO - [2023-04-30T18:03:47.109+0000] {dag.py:2585} INFO - Sync 1 DAGs
[2023-04-30T18:03:47.136+0000] {logging_mixin.py:120} INFO - [2023-04-30T18:03:47.135+0000] {dag.py:3340} INFO - Setting next_dagrun for tutorial_taskflow_api to None, run_after=None
[2023-04-30T18:03:47.158+0000] {processor.py:176} INFO - Processing /home/airflow/.local/lib/python3.7/site-packages/airflow/example_dags/tutorial_taskflow_api.py took 0.105 seconds
[2023-04-30T18:04:17.625+0000] {processor.py:154} INFO - Started process (PID=1902) to work on /home/airflow/.local/lib/python3.7/site-packages/airflow/example_dags/tutorial_taskflow_api.py
[2023-04-30T18:04:17.626+0000] {processor.py:756} INFO - Processing file /home/airflow/.local/lib/python3.7/site-packages/airflow/example_dags/tutorial_taskflow_api.py for tasks to queue
[2023-04-30T18:04:17.626+0000] {logging_mixin.py:120} INFO - [2023-04-30T18:04:17.626+0000] {dagbag.py:537} INFO - Filling up the DagBag from /home/airflow/.local/lib/python3.7/site-packages/airflow/example_dags/tutorial_taskflow_api.py
[2023-04-30T18:04:17.644+0000] {processor.py:766} INFO - DAG(s) dict_keys(['tutorial_taskflow_api']) retrieved from /home/airflow/.local/lib/python3.7/site-packages/airflow/example_dags/tutorial_taskflow_api.py
[2023-04-30T18:04:17.680+0000] {logging_mixin.py:120} INFO - [2023-04-30T18:04:17.680+0000] {dag.py:2585} INFO - Sync 1 DAGs
[2023-04-30T18:04:17.706+0000] {logging_mixin.py:120} INFO - [2023-04-30T18:04:17.706+0000] {dag.py:3340} INFO - Setting next_dagrun for tutorial_taskflow_api to None, run_after=None
[2023-04-30T18:04:17.729+0000] {processor.py:176} INFO - Processing /home/airflow/.local/lib/python3.7/site-packages/airflow/example_dags/tutorial_taskflow_api.py took 0.106 seconds
[2023-04-30T18:04:48.206+0000] {processor.py:154} INFO - Started process (PID=1966) to work on /home/airflow/.local/lib/python3.7/site-packages/airflow/example_dags/tutorial_taskflow_api.py
[2023-04-30T18:04:48.207+0000] {processor.py:756} INFO - Processing file /home/airflow/.local/lib/python3.7/site-packages/airflow/example_dags/tutorial_taskflow_api.py for tasks to queue
[2023-04-30T18:04:48.208+0000] {logging_mixin.py:120} INFO - [2023-04-30T18:04:48.207+0000] {dagbag.py:537} INFO - Filling up the DagBag from /home/airflow/.local/lib/python3.7/site-packages/airflow/example_dags/tutorial_taskflow_api.py
[2023-04-30T18:04:48.224+0000] {processor.py:766} INFO - DAG(s) dict_keys(['tutorial_taskflow_api']) retrieved from /home/airflow/.local/lib/python3.7/site-packages/airflow/example_dags/tutorial_taskflow_api.py
[2023-04-30T18:04:48.260+0000] {logging_mixin.py:120} INFO - [2023-04-30T18:04:48.260+0000] {dag.py:2585} INFO - Sync 1 DAGs
[2023-04-30T18:04:48.286+0000] {logging_mixin.py:120} INFO - [2023-04-30T18:04:48.286+0000] {dag.py:3340} INFO - Setting next_dagrun for tutorial_taskflow_api to None, run_after=None
[2023-04-30T18:04:48.309+0000] {processor.py:176} INFO - Processing /home/airflow/.local/lib/python3.7/site-packages/airflow/example_dags/tutorial_taskflow_api.py took 0.105 seconds
[2023-04-30T18:05:18.989+0000] {processor.py:154} INFO - Started process (PID=2020) to work on /home/airflow/.local/lib/python3.7/site-packages/airflow/example_dags/tutorial_taskflow_api.py
[2023-04-30T18:05:18.989+0000] {processor.py:756} INFO - Processing file /home/airflow/.local/lib/python3.7/site-packages/airflow/example_dags/tutorial_taskflow_api.py for tasks to queue
[2023-04-30T18:05:18.990+0000] {logging_mixin.py:120} INFO - [2023-04-30T18:05:18.990+0000] {dagbag.py:537} INFO - Filling up the DagBag from /home/airflow/.local/lib/python3.7/site-packages/airflow/example_dags/tutorial_taskflow_api.py
[2023-04-30T18:05:19.006+0000] {processor.py:766} INFO - DAG(s) dict_keys(['tutorial_taskflow_api']) retrieved from /home/airflow/.local/lib/python3.7/site-packages/airflow/example_dags/tutorial_taskflow_api.py
[2023-04-30T18:05:19.038+0000] {logging_mixin.py:120} INFO - [2023-04-30T18:05:19.038+0000] {dag.py:2585} INFO - Sync 1 DAGs
[2023-04-30T18:05:19.063+0000] {logging_mixin.py:120} INFO - [2023-04-30T18:05:19.063+0000] {dag.py:3340} INFO - Setting next_dagrun for tutorial_taskflow_api to None, run_after=None
[2023-04-30T18:05:19.086+0000] {processor.py:176} INFO - Processing /home/airflow/.local/lib/python3.7/site-packages/airflow/example_dags/tutorial_taskflow_api.py took 0.099 seconds
[2023-04-30T18:05:49.574+0000] {processor.py:154} INFO - Started process (PID=2084) to work on /home/airflow/.local/lib/python3.7/site-packages/airflow/example_dags/tutorial_taskflow_api.py
[2023-04-30T18:05:49.575+0000] {processor.py:756} INFO - Processing file /home/airflow/.local/lib/python3.7/site-packages/airflow/example_dags/tutorial_taskflow_api.py for tasks to queue
[2023-04-30T18:05:49.576+0000] {logging_mixin.py:120} INFO - [2023-04-30T18:05:49.576+0000] {dagbag.py:537} INFO - Filling up the DagBag from /home/airflow/.local/lib/python3.7/site-packages/airflow/example_dags/tutorial_taskflow_api.py
[2023-04-30T18:05:49.595+0000] {processor.py:766} INFO - DAG(s) dict_keys(['tutorial_taskflow_api']) retrieved from /home/airflow/.local/lib/python3.7/site-packages/airflow/example_dags/tutorial_taskflow_api.py
[2023-04-30T18:05:49.636+0000] {logging_mixin.py:120} INFO - [2023-04-30T18:05:49.636+0000] {dag.py:2585} INFO - Sync 1 DAGs
[2023-04-30T18:05:49.664+0000] {logging_mixin.py:120} INFO - [2023-04-30T18:05:49.664+0000] {dag.py:3340} INFO - Setting next_dagrun for tutorial_taskflow_api to None, run_after=None
[2023-04-30T18:05:49.689+0000] {processor.py:176} INFO - Processing /home/airflow/.local/lib/python3.7/site-packages/airflow/example_dags/tutorial_taskflow_api.py took 0.117 seconds
[2023-04-30T18:06:20.060+0000] {processor.py:154} INFO - Started process (PID=2147) to work on /home/airflow/.local/lib/python3.7/site-packages/airflow/example_dags/tutorial_taskflow_api.py
[2023-04-30T18:06:20.061+0000] {processor.py:756} INFO - Processing file /home/airflow/.local/lib/python3.7/site-packages/airflow/example_dags/tutorial_taskflow_api.py for tasks to queue
[2023-04-30T18:06:20.061+0000] {logging_mixin.py:120} INFO - [2023-04-30T18:06:20.061+0000] {dagbag.py:537} INFO - Filling up the DagBag from /home/airflow/.local/lib/python3.7/site-packages/airflow/example_dags/tutorial_taskflow_api.py
[2023-04-30T18:06:20.076+0000] {processor.py:766} INFO - DAG(s) dict_keys(['tutorial_taskflow_api']) retrieved from /home/airflow/.local/lib/python3.7/site-packages/airflow/example_dags/tutorial_taskflow_api.py
[2023-04-30T18:06:20.111+0000] {logging_mixin.py:120} INFO - [2023-04-30T18:06:20.111+0000] {dag.py:2585} INFO - Sync 1 DAGs
[2023-04-30T18:06:20.135+0000] {logging_mixin.py:120} INFO - [2023-04-30T18:06:20.135+0000] {dag.py:3340} INFO - Setting next_dagrun for tutorial_taskflow_api to None, run_after=None
[2023-04-30T18:06:20.158+0000] {processor.py:176} INFO - Processing /home/airflow/.local/lib/python3.7/site-packages/airflow/example_dags/tutorial_taskflow_api.py took 0.100 seconds
[2023-04-30T18:06:50.471+0000] {processor.py:154} INFO - Started process (PID=2210) to work on /home/airflow/.local/lib/python3.7/site-packages/airflow/example_dags/tutorial_taskflow_api.py
[2023-04-30T18:06:50.472+0000] {processor.py:756} INFO - Processing file /home/airflow/.local/lib/python3.7/site-packages/airflow/example_dags/tutorial_taskflow_api.py for tasks to queue
[2023-04-30T18:06:50.472+0000] {logging_mixin.py:120} INFO - [2023-04-30T18:06:50.472+0000] {dagbag.py:537} INFO - Filling up the DagBag from /home/airflow/.local/lib/python3.7/site-packages/airflow/example_dags/tutorial_taskflow_api.py
[2023-04-30T18:06:50.488+0000] {processor.py:766} INFO - DAG(s) dict_keys(['tutorial_taskflow_api']) retrieved from /home/airflow/.local/lib/python3.7/site-packages/airflow/example_dags/tutorial_taskflow_api.py
[2023-04-30T18:06:50.526+0000] {logging_mixin.py:120} INFO - [2023-04-30T18:06:50.526+0000] {dag.py:2585} INFO - Sync 1 DAGs
[2023-04-30T18:06:50.553+0000] {logging_mixin.py:120} INFO - [2023-04-30T18:06:50.553+0000] {dag.py:3340} INFO - Setting next_dagrun for tutorial_taskflow_api to None, run_after=None
[2023-04-30T18:06:50.577+0000] {processor.py:176} INFO - Processing /home/airflow/.local/lib/python3.7/site-packages/airflow/example_dags/tutorial_taskflow_api.py took 0.108 seconds
[2023-04-30T18:07:21.146+0000] {processor.py:154} INFO - Started process (PID=2264) to work on /home/airflow/.local/lib/python3.7/site-packages/airflow/example_dags/tutorial_taskflow_api.py
[2023-04-30T18:07:21.147+0000] {processor.py:756} INFO - Processing file /home/airflow/.local/lib/python3.7/site-packages/airflow/example_dags/tutorial_taskflow_api.py for tasks to queue
[2023-04-30T18:07:21.148+0000] {logging_mixin.py:120} INFO - [2023-04-30T18:07:21.148+0000] {dagbag.py:537} INFO - Filling up the DagBag from /home/airflow/.local/lib/python3.7/site-packages/airflow/example_dags/tutorial_taskflow_api.py
[2023-04-30T18:07:21.164+0000] {processor.py:766} INFO - DAG(s) dict_keys(['tutorial_taskflow_api']) retrieved from /home/airflow/.local/lib/python3.7/site-packages/airflow/example_dags/tutorial_taskflow_api.py
[2023-04-30T18:07:21.196+0000] {logging_mixin.py:120} INFO - [2023-04-30T18:07:21.196+0000] {dag.py:2585} INFO - Sync 1 DAGs
[2023-04-30T18:07:21.220+0000] {logging_mixin.py:120} INFO - [2023-04-30T18:07:21.220+0000] {dag.py:3340} INFO - Setting next_dagrun for tutorial_taskflow_api to None, run_after=None
[2023-04-30T18:07:21.244+0000] {processor.py:176} INFO - Processing /home/airflow/.local/lib/python3.7/site-packages/airflow/example_dags/tutorial_taskflow_api.py took 0.100 seconds
[2023-04-30T18:07:51.526+0000] {processor.py:154} INFO - Started process (PID=2327) to work on /home/airflow/.local/lib/python3.7/site-packages/airflow/example_dags/tutorial_taskflow_api.py
[2023-04-30T18:07:51.527+0000] {processor.py:756} INFO - Processing file /home/airflow/.local/lib/python3.7/site-packages/airflow/example_dags/tutorial_taskflow_api.py for tasks to queue
[2023-04-30T18:07:51.528+0000] {logging_mixin.py:120} INFO - [2023-04-30T18:07:51.527+0000] {dagbag.py:537} INFO - Filling up the DagBag from /home/airflow/.local/lib/python3.7/site-packages/airflow/example_dags/tutorial_taskflow_api.py
[2023-04-30T18:07:51.543+0000] {processor.py:766} INFO - DAG(s) dict_keys(['tutorial_taskflow_api']) retrieved from /home/airflow/.local/lib/python3.7/site-packages/airflow/example_dags/tutorial_taskflow_api.py
[2023-04-30T18:07:51.577+0000] {logging_mixin.py:120} INFO - [2023-04-30T18:07:51.577+0000] {dag.py:2585} INFO - Sync 1 DAGs
[2023-04-30T18:07:51.601+0000] {logging_mixin.py:120} INFO - [2023-04-30T18:07:51.601+0000] {dag.py:3340} INFO - Setting next_dagrun for tutorial_taskflow_api to None, run_after=None
[2023-04-30T18:07:51.623+0000] {processor.py:176} INFO - Processing /home/airflow/.local/lib/python3.7/site-packages/airflow/example_dags/tutorial_taskflow_api.py took 0.099 seconds
[2023-04-30T18:08:22.158+0000] {processor.py:154} INFO - Started process (PID=2390) to work on /home/airflow/.local/lib/python3.7/site-packages/airflow/example_dags/tutorial_taskflow_api.py
[2023-04-30T18:08:22.159+0000] {processor.py:756} INFO - Processing file /home/airflow/.local/lib/python3.7/site-packages/airflow/example_dags/tutorial_taskflow_api.py for tasks to queue
[2023-04-30T18:08:22.159+0000] {logging_mixin.py:120} INFO - [2023-04-30T18:08:22.159+0000] {dagbag.py:537} INFO - Filling up the DagBag from /home/airflow/.local/lib/python3.7/site-packages/airflow/example_dags/tutorial_taskflow_api.py
[2023-04-30T18:08:22.175+0000] {processor.py:766} INFO - DAG(s) dict_keys(['tutorial_taskflow_api']) retrieved from /home/airflow/.local/lib/python3.7/site-packages/airflow/example_dags/tutorial_taskflow_api.py
[2023-04-30T18:08:22.208+0000] {logging_mixin.py:120} INFO - [2023-04-30T18:08:22.208+0000] {dag.py:2585} INFO - Sync 1 DAGs
[2023-04-30T18:08:22.233+0000] {logging_mixin.py:120} INFO - [2023-04-30T18:08:22.233+0000] {dag.py:3340} INFO - Setting next_dagrun for tutorial_taskflow_api to None, run_after=None
[2023-04-30T18:08:22.254+0000] {processor.py:176} INFO - Processing /home/airflow/.local/lib/python3.7/site-packages/airflow/example_dags/tutorial_taskflow_api.py took 0.098 seconds
[2023-04-30T18:08:52.705+0000] {processor.py:154} INFO - Started process (PID=2444) to work on /home/airflow/.local/lib/python3.7/site-packages/airflow/example_dags/tutorial_taskflow_api.py
[2023-04-30T18:08:52.706+0000] {processor.py:756} INFO - Processing file /home/airflow/.local/lib/python3.7/site-packages/airflow/example_dags/tutorial_taskflow_api.py for tasks to queue
[2023-04-30T18:08:52.707+0000] {logging_mixin.py:120} INFO - [2023-04-30T18:08:52.706+0000] {dagbag.py:537} INFO - Filling up the DagBag from /home/airflow/.local/lib/python3.7/site-packages/airflow/example_dags/tutorial_taskflow_api.py
[2023-04-30T18:08:52.723+0000] {processor.py:766} INFO - DAG(s) dict_keys(['tutorial_taskflow_api']) retrieved from /home/airflow/.local/lib/python3.7/site-packages/airflow/example_dags/tutorial_taskflow_api.py
[2023-04-30T18:08:52.760+0000] {logging_mixin.py:120} INFO - [2023-04-30T18:08:52.759+0000] {dag.py:2585} INFO - Sync 1 DAGs
[2023-04-30T18:08:52.785+0000] {logging_mixin.py:120} INFO - [2023-04-30T18:08:52.785+0000] {dag.py:3340} INFO - Setting next_dagrun for tutorial_taskflow_api to None, run_after=None
[2023-04-30T18:08:52.808+0000] {processor.py:176} INFO - Processing /home/airflow/.local/lib/python3.7/site-packages/airflow/example_dags/tutorial_taskflow_api.py took 0.106 seconds
[2023-04-30T18:09:23.426+0000] {processor.py:154} INFO - Started process (PID=2507) to work on /home/airflow/.local/lib/python3.7/site-packages/airflow/example_dags/tutorial_taskflow_api.py
[2023-04-30T18:09:23.427+0000] {processor.py:756} INFO - Processing file /home/airflow/.local/lib/python3.7/site-packages/airflow/example_dags/tutorial_taskflow_api.py for tasks to queue
[2023-04-30T18:09:23.427+0000] {logging_mixin.py:120} INFO - [2023-04-30T18:09:23.427+0000] {dagbag.py:537} INFO - Filling up the DagBag from /home/airflow/.local/lib/python3.7/site-packages/airflow/example_dags/tutorial_taskflow_api.py
[2023-04-30T18:09:23.447+0000] {processor.py:766} INFO - DAG(s) dict_keys(['tutorial_taskflow_api']) retrieved from /home/airflow/.local/lib/python3.7/site-packages/airflow/example_dags/tutorial_taskflow_api.py
[2023-04-30T18:09:23.487+0000] {logging_mixin.py:120} INFO - [2023-04-30T18:09:23.487+0000] {dag.py:2585} INFO - Sync 1 DAGs
[2023-04-30T18:09:23.513+0000] {logging_mixin.py:120} INFO - [2023-04-30T18:09:23.513+0000] {dag.py:3340} INFO - Setting next_dagrun for tutorial_taskflow_api to None, run_after=None
[2023-04-30T18:09:23.535+0000] {processor.py:176} INFO - Processing /home/airflow/.local/lib/python3.7/site-packages/airflow/example_dags/tutorial_taskflow_api.py took 0.110 seconds
[2023-04-30T18:09:54.045+0000] {processor.py:154} INFO - Started process (PID=2570) to work on /home/airflow/.local/lib/python3.7/site-packages/airflow/example_dags/tutorial_taskflow_api.py
[2023-04-30T18:09:54.047+0000] {processor.py:756} INFO - Processing file /home/airflow/.local/lib/python3.7/site-packages/airflow/example_dags/tutorial_taskflow_api.py for tasks to queue
[2023-04-30T18:09:54.047+0000] {logging_mixin.py:120} INFO - [2023-04-30T18:09:54.047+0000] {dagbag.py:537} INFO - Filling up the DagBag from /home/airflow/.local/lib/python3.7/site-packages/airflow/example_dags/tutorial_taskflow_api.py
[2023-04-30T18:09:54.063+0000] {processor.py:766} INFO - DAG(s) dict_keys(['tutorial_taskflow_api']) retrieved from /home/airflow/.local/lib/python3.7/site-packages/airflow/example_dags/tutorial_taskflow_api.py
[2023-04-30T18:09:54.097+0000] {logging_mixin.py:120} INFO - [2023-04-30T18:09:54.096+0000] {dag.py:2585} INFO - Sync 1 DAGs
[2023-04-30T18:09:54.123+0000] {logging_mixin.py:120} INFO - [2023-04-30T18:09:54.123+0000] {dag.py:3340} INFO - Setting next_dagrun for tutorial_taskflow_api to None, run_after=None
[2023-04-30T18:09:54.148+0000] {processor.py:176} INFO - Processing /home/airflow/.local/lib/python3.7/site-packages/airflow/example_dags/tutorial_taskflow_api.py took 0.104 seconds
[2023-04-30T18:10:24.530+0000] {processor.py:154} INFO - Started process (PID=2624) to work on /home/airflow/.local/lib/python3.7/site-packages/airflow/example_dags/tutorial_taskflow_api.py
[2023-04-30T18:10:24.531+0000] {processor.py:756} INFO - Processing file /home/airflow/.local/lib/python3.7/site-packages/airflow/example_dags/tutorial_taskflow_api.py for tasks to queue
[2023-04-30T18:10:24.531+0000] {logging_mixin.py:120} INFO - [2023-04-30T18:10:24.531+0000] {dagbag.py:537} INFO - Filling up the DagBag from /home/airflow/.local/lib/python3.7/site-packages/airflow/example_dags/tutorial_taskflow_api.py
[2023-04-30T18:10:24.547+0000] {processor.py:766} INFO - DAG(s) dict_keys(['tutorial_taskflow_api']) retrieved from /home/airflow/.local/lib/python3.7/site-packages/airflow/example_dags/tutorial_taskflow_api.py
[2023-04-30T18:10:24.581+0000] {logging_mixin.py:120} INFO - [2023-04-30T18:10:24.580+0000] {dag.py:2585} INFO - Sync 1 DAGs
[2023-04-30T18:10:24.605+0000] {logging_mixin.py:120} INFO - [2023-04-30T18:10:24.604+0000] {dag.py:3340} INFO - Setting next_dagrun for tutorial_taskflow_api to None, run_after=None
[2023-04-30T18:10:24.627+0000] {processor.py:176} INFO - Processing /home/airflow/.local/lib/python3.7/site-packages/airflow/example_dags/tutorial_taskflow_api.py took 0.098 seconds
[2023-04-30T18:10:55.071+0000] {processor.py:154} INFO - Started process (PID=2687) to work on /home/airflow/.local/lib/python3.7/site-packages/airflow/example_dags/tutorial_taskflow_api.py
[2023-04-30T18:10:55.073+0000] {processor.py:756} INFO - Processing file /home/airflow/.local/lib/python3.7/site-packages/airflow/example_dags/tutorial_taskflow_api.py for tasks to queue
[2023-04-30T18:10:55.074+0000] {logging_mixin.py:120} INFO - [2023-04-30T18:10:55.074+0000] {dagbag.py:537} INFO - Filling up the DagBag from /home/airflow/.local/lib/python3.7/site-packages/airflow/example_dags/tutorial_taskflow_api.py
[2023-04-30T18:10:55.099+0000] {processor.py:766} INFO - DAG(s) dict_keys(['tutorial_taskflow_api']) retrieved from /home/airflow/.local/lib/python3.7/site-packages/airflow/example_dags/tutorial_taskflow_api.py
[2023-04-30T18:10:55.137+0000] {logging_mixin.py:120} INFO - [2023-04-30T18:10:55.137+0000] {dag.py:2585} INFO - Sync 1 DAGs
[2023-04-30T18:10:55.162+0000] {logging_mixin.py:120} INFO - [2023-04-30T18:10:55.161+0000] {dag.py:3340} INFO - Setting next_dagrun for tutorial_taskflow_api to None, run_after=None
[2023-04-30T18:10:55.183+0000] {processor.py:176} INFO - Processing /home/airflow/.local/lib/python3.7/site-packages/airflow/example_dags/tutorial_taskflow_api.py took 0.116 seconds
[2023-04-30T18:11:25.373+0000] {processor.py:154} INFO - Started process (PID=2750) to work on /home/airflow/.local/lib/python3.7/site-packages/airflow/example_dags/tutorial_taskflow_api.py
[2023-04-30T18:11:25.374+0000] {processor.py:756} INFO - Processing file /home/airflow/.local/lib/python3.7/site-packages/airflow/example_dags/tutorial_taskflow_api.py for tasks to queue
[2023-04-30T18:11:25.374+0000] {logging_mixin.py:120} INFO - [2023-04-30T18:11:25.374+0000] {dagbag.py:537} INFO - Filling up the DagBag from /home/airflow/.local/lib/python3.7/site-packages/airflow/example_dags/tutorial_taskflow_api.py
[2023-04-30T18:11:25.391+0000] {processor.py:766} INFO - DAG(s) dict_keys(['tutorial_taskflow_api']) retrieved from /home/airflow/.local/lib/python3.7/site-packages/airflow/example_dags/tutorial_taskflow_api.py
[2023-04-30T18:11:25.425+0000] {logging_mixin.py:120} INFO - [2023-04-30T18:11:25.425+0000] {dag.py:2585} INFO - Sync 1 DAGs
[2023-04-30T18:11:25.450+0000] {logging_mixin.py:120} INFO - [2023-04-30T18:11:25.450+0000] {dag.py:3340} INFO - Setting next_dagrun for tutorial_taskflow_api to None, run_after=None
[2023-04-30T18:11:25.471+0000] {processor.py:176} INFO - Processing /home/airflow/.local/lib/python3.7/site-packages/airflow/example_dags/tutorial_taskflow_api.py took 0.101 seconds
[2023-04-30T18:20:47.032+0000] {processor.py:154} INFO - Started process (PID=2833) to work on /home/airflow/.local/lib/python3.7/site-packages/airflow/example_dags/tutorial_taskflow_api.py
[2023-04-30T18:20:47.034+0000] {processor.py:756} INFO - Processing file /home/airflow/.local/lib/python3.7/site-packages/airflow/example_dags/tutorial_taskflow_api.py for tasks to queue
[2023-04-30T18:20:47.035+0000] {logging_mixin.py:120} INFO - [2023-04-30T18:20:47.035+0000] {dagbag.py:537} INFO - Filling up the DagBag from /home/airflow/.local/lib/python3.7/site-packages/airflow/example_dags/tutorial_taskflow_api.py
[2023-04-30T18:20:47.061+0000] {processor.py:766} INFO - DAG(s) dict_keys(['tutorial_taskflow_api']) retrieved from /home/airflow/.local/lib/python3.7/site-packages/airflow/example_dags/tutorial_taskflow_api.py
[2023-04-30T18:20:47.116+0000] {logging_mixin.py:120} INFO - [2023-04-30T18:20:47.116+0000] {dag.py:2585} INFO - Sync 1 DAGs
[2023-04-30T18:20:47.159+0000] {logging_mixin.py:120} INFO - [2023-04-30T18:20:47.158+0000] {dag.py:3340} INFO - Setting next_dagrun for tutorial_taskflow_api to None, run_after=None
[2023-04-30T18:20:47.189+0000] {processor.py:176} INFO - Processing /home/airflow/.local/lib/python3.7/site-packages/airflow/example_dags/tutorial_taskflow_api.py took 0.161 seconds
