[2023-04-30T17:48:56.744+0000] {processor.py:154} INFO - Started process (PID=73) to work on /home/airflow/.local/lib/python3.7/site-packages/airflow/example_dags/tutorial.py
[2023-04-30T17:48:56.745+0000] {processor.py:756} INFO - Processing file /home/airflow/.local/lib/python3.7/site-packages/airflow/example_dags/tutorial.py for tasks to queue
[2023-04-30T17:48:56.746+0000] {logging_mixin.py:120} INFO - [2023-04-30T17:48:56.745+0000] {dagbag.py:537} INFO - Filling up the DagBag from /home/airflow/.local/lib/python3.7/site-packages/airflow/example_dags/tutorial.py
[2023-04-30T17:48:56.760+0000] {processor.py:766} INFO - DAG(s) dict_keys(['tutorial']) retrieved from /home/airflow/.local/lib/python3.7/site-packages/airflow/example_dags/tutorial.py
[2023-04-30T17:48:56.989+0000] {logging_mixin.py:120} INFO - [2023-04-30T17:48:56.989+0000] {manager.py:507} INFO - Created Permission View: can read on DAG:tutorial
[2023-04-30T17:48:57.009+0000] {logging_mixin.py:120} INFO - [2023-04-30T17:48:57.009+0000] {manager.py:507} INFO - Created Permission View: can edit on DAG:tutorial
[2023-04-30T17:48:57.028+0000] {logging_mixin.py:120} INFO - [2023-04-30T17:48:57.028+0000] {manager.py:507} INFO - Created Permission View: can delete on DAG:tutorial
[2023-04-30T17:48:57.029+0000] {logging_mixin.py:120} INFO - [2023-04-30T17:48:57.029+0000] {dag.py:2585} INFO - Sync 1 DAGs
[2023-04-30T17:48:57.056+0000] {logging_mixin.py:120} INFO - [2023-04-30T17:48:57.055+0000] {dag.py:2606} INFO - Creating ORM DAG for tutorial
[2023-04-30T17:48:57.074+0000] {logging_mixin.py:120} INFO - [2023-04-30T17:48:57.074+0000] {dag.py:3340} INFO - Setting next_dagrun for tutorial to 2023-04-29T17:48:57.073823+00:00, run_after=2023-04-30T17:48:57.073823+00:00
[2023-04-30T17:48:57.119+0000] {processor.py:176} INFO - Processing /home/airflow/.local/lib/python3.7/site-packages/airflow/example_dags/tutorial.py took 0.378 seconds
[2023-04-30T17:49:27.339+0000] {processor.py:154} INFO - Started process (PID=136) to work on /home/airflow/.local/lib/python3.7/site-packages/airflow/example_dags/tutorial.py
[2023-04-30T17:49:27.340+0000] {processor.py:756} INFO - Processing file /home/airflow/.local/lib/python3.7/site-packages/airflow/example_dags/tutorial.py for tasks to queue
[2023-04-30T17:49:27.341+0000] {logging_mixin.py:120} INFO - [2023-04-30T17:49:27.341+0000] {dagbag.py:537} INFO - Filling up the DagBag from /home/airflow/.local/lib/python3.7/site-packages/airflow/example_dags/tutorial.py
[2023-04-30T17:49:27.352+0000] {processor.py:766} INFO - DAG(s) dict_keys(['tutorial']) retrieved from /home/airflow/.local/lib/python3.7/site-packages/airflow/example_dags/tutorial.py
[2023-04-30T17:49:27.388+0000] {logging_mixin.py:120} INFO - [2023-04-30T17:49:27.388+0000] {dag.py:2585} INFO - Sync 1 DAGs
[2023-04-30T17:49:27.417+0000] {logging_mixin.py:120} INFO - [2023-04-30T17:49:27.416+0000] {dag.py:3340} INFO - Setting next_dagrun for tutorial to 2023-04-29T17:49:27.416651+00:00, run_after=2023-04-30T17:49:27.416651+00:00
[2023-04-30T17:49:27.446+0000] {processor.py:176} INFO - Processing /home/airflow/.local/lib/python3.7/site-packages/airflow/example_dags/tutorial.py took 0.109 seconds
[2023-04-30T17:49:57.908+0000] {processor.py:154} INFO - Started process (PID=191) to work on /home/airflow/.local/lib/python3.7/site-packages/airflow/example_dags/tutorial.py
[2023-04-30T17:49:57.909+0000] {processor.py:756} INFO - Processing file /home/airflow/.local/lib/python3.7/site-packages/airflow/example_dags/tutorial.py for tasks to queue
[2023-04-30T17:49:57.910+0000] {logging_mixin.py:120} INFO - [2023-04-30T17:49:57.910+0000] {dagbag.py:537} INFO - Filling up the DagBag from /home/airflow/.local/lib/python3.7/site-packages/airflow/example_dags/tutorial.py
[2023-04-30T17:49:57.920+0000] {processor.py:766} INFO - DAG(s) dict_keys(['tutorial']) retrieved from /home/airflow/.local/lib/python3.7/site-packages/airflow/example_dags/tutorial.py
[2023-04-30T17:49:57.958+0000] {logging_mixin.py:120} INFO - [2023-04-30T17:49:57.958+0000] {dag.py:2585} INFO - Sync 1 DAGs
[2023-04-30T17:49:57.984+0000] {logging_mixin.py:120} INFO - [2023-04-30T17:49:57.984+0000] {dag.py:3340} INFO - Setting next_dagrun for tutorial to 2023-04-29T17:49:57.983965+00:00, run_after=2023-04-30T17:49:57.983965+00:00
[2023-04-30T17:49:58.010+0000] {processor.py:176} INFO - Processing /home/airflow/.local/lib/python3.7/site-packages/airflow/example_dags/tutorial.py took 0.104 seconds
[2023-04-30T17:50:28.697+0000] {processor.py:154} INFO - Started process (PID=254) to work on /home/airflow/.local/lib/python3.7/site-packages/airflow/example_dags/tutorial.py
[2023-04-30T17:50:28.698+0000] {processor.py:756} INFO - Processing file /home/airflow/.local/lib/python3.7/site-packages/airflow/example_dags/tutorial.py for tasks to queue
[2023-04-30T17:50:28.698+0000] {logging_mixin.py:120} INFO - [2023-04-30T17:50:28.698+0000] {dagbag.py:537} INFO - Filling up the DagBag from /home/airflow/.local/lib/python3.7/site-packages/airflow/example_dags/tutorial.py
[2023-04-30T17:50:28.709+0000] {processor.py:766} INFO - DAG(s) dict_keys(['tutorial']) retrieved from /home/airflow/.local/lib/python3.7/site-packages/airflow/example_dags/tutorial.py
[2023-04-30T17:50:28.743+0000] {logging_mixin.py:120} INFO - [2023-04-30T17:50:28.743+0000] {dag.py:2585} INFO - Sync 1 DAGs
[2023-04-30T17:50:28.766+0000] {logging_mixin.py:120} INFO - [2023-04-30T17:50:28.766+0000] {dag.py:3340} INFO - Setting next_dagrun for tutorial to 2023-04-29T17:50:28.766353+00:00, run_after=2023-04-30T17:50:28.766353+00:00
[2023-04-30T17:50:28.791+0000] {processor.py:176} INFO - Processing /home/airflow/.local/lib/python3.7/site-packages/airflow/example_dags/tutorial.py took 0.096 seconds
[2023-04-30T17:50:59.531+0000] {processor.py:154} INFO - Started process (PID=317) to work on /home/airflow/.local/lib/python3.7/site-packages/airflow/example_dags/tutorial.py
[2023-04-30T17:50:59.532+0000] {processor.py:756} INFO - Processing file /home/airflow/.local/lib/python3.7/site-packages/airflow/example_dags/tutorial.py for tasks to queue
[2023-04-30T17:50:59.533+0000] {logging_mixin.py:120} INFO - [2023-04-30T17:50:59.533+0000] {dagbag.py:537} INFO - Filling up the DagBag from /home/airflow/.local/lib/python3.7/site-packages/airflow/example_dags/tutorial.py
[2023-04-30T17:50:59.548+0000] {processor.py:766} INFO - DAG(s) dict_keys(['tutorial']) retrieved from /home/airflow/.local/lib/python3.7/site-packages/airflow/example_dags/tutorial.py
[2023-04-30T17:50:59.594+0000] {logging_mixin.py:120} INFO - [2023-04-30T17:50:59.594+0000] {dag.py:2585} INFO - Sync 1 DAGs
[2023-04-30T17:50:59.631+0000] {logging_mixin.py:120} INFO - [2023-04-30T17:50:59.631+0000] {dag.py:3340} INFO - Setting next_dagrun for tutorial to 2023-04-29T17:50:59.630863+00:00, run_after=2023-04-30T17:50:59.630863+00:00
[2023-04-30T17:50:59.661+0000] {processor.py:176} INFO - Processing /home/airflow/.local/lib/python3.7/site-packages/airflow/example_dags/tutorial.py took 0.132 seconds
[2023-04-30T17:51:30.111+0000] {processor.py:154} INFO - Started process (PID=380) to work on /home/airflow/.local/lib/python3.7/site-packages/airflow/example_dags/tutorial.py
[2023-04-30T17:51:30.112+0000] {processor.py:756} INFO - Processing file /home/airflow/.local/lib/python3.7/site-packages/airflow/example_dags/tutorial.py for tasks to queue
[2023-04-30T17:51:30.113+0000] {logging_mixin.py:120} INFO - [2023-04-30T17:51:30.113+0000] {dagbag.py:537} INFO - Filling up the DagBag from /home/airflow/.local/lib/python3.7/site-packages/airflow/example_dags/tutorial.py
[2023-04-30T17:51:30.130+0000] {processor.py:766} INFO - DAG(s) dict_keys(['tutorial']) retrieved from /home/airflow/.local/lib/python3.7/site-packages/airflow/example_dags/tutorial.py
[2023-04-30T17:51:30.173+0000] {logging_mixin.py:120} INFO - [2023-04-30T17:51:30.173+0000] {dag.py:2585} INFO - Sync 1 DAGs
[2023-04-30T17:51:30.208+0000] {logging_mixin.py:120} INFO - [2023-04-30T17:51:30.208+0000] {dag.py:3340} INFO - Setting next_dagrun for tutorial to 2023-04-29T17:51:30.207768+00:00, run_after=2023-04-30T17:51:30.207768+00:00
[2023-04-30T17:51:30.237+0000] {processor.py:176} INFO - Processing /home/airflow/.local/lib/python3.7/site-packages/airflow/example_dags/tutorial.py took 0.129 seconds
[2023-04-30T17:52:00.977+0000] {processor.py:154} INFO - Started process (PID=434) to work on /home/airflow/.local/lib/python3.7/site-packages/airflow/example_dags/tutorial.py
[2023-04-30T17:52:00.977+0000] {processor.py:756} INFO - Processing file /home/airflow/.local/lib/python3.7/site-packages/airflow/example_dags/tutorial.py for tasks to queue
[2023-04-30T17:52:00.978+0000] {logging_mixin.py:120} INFO - [2023-04-30T17:52:00.978+0000] {dagbag.py:537} INFO - Filling up the DagBag from /home/airflow/.local/lib/python3.7/site-packages/airflow/example_dags/tutorial.py
[2023-04-30T17:52:00.989+0000] {processor.py:766} INFO - DAG(s) dict_keys(['tutorial']) retrieved from /home/airflow/.local/lib/python3.7/site-packages/airflow/example_dags/tutorial.py
[2023-04-30T17:52:01.026+0000] {logging_mixin.py:120} INFO - [2023-04-30T17:52:01.026+0000] {dag.py:2585} INFO - Sync 1 DAGs
[2023-04-30T17:52:01.055+0000] {logging_mixin.py:120} INFO - [2023-04-30T17:52:01.055+0000] {dag.py:3340} INFO - Setting next_dagrun for tutorial to 2023-04-29T17:52:01.055101+00:00, run_after=2023-04-30T17:52:01.055101+00:00
[2023-04-30T17:52:01.080+0000] {processor.py:176} INFO - Processing /home/airflow/.local/lib/python3.7/site-packages/airflow/example_dags/tutorial.py took 0.106 seconds
[2023-04-30T17:52:31.768+0000] {processor.py:154} INFO - Started process (PID=497) to work on /home/airflow/.local/lib/python3.7/site-packages/airflow/example_dags/tutorial.py
[2023-04-30T17:52:31.769+0000] {processor.py:756} INFO - Processing file /home/airflow/.local/lib/python3.7/site-packages/airflow/example_dags/tutorial.py for tasks to queue
[2023-04-30T17:52:31.770+0000] {logging_mixin.py:120} INFO - [2023-04-30T17:52:31.770+0000] {dagbag.py:537} INFO - Filling up the DagBag from /home/airflow/.local/lib/python3.7/site-packages/airflow/example_dags/tutorial.py
[2023-04-30T17:52:31.783+0000] {processor.py:766} INFO - DAG(s) dict_keys(['tutorial']) retrieved from /home/airflow/.local/lib/python3.7/site-packages/airflow/example_dags/tutorial.py
[2023-04-30T17:52:31.819+0000] {logging_mixin.py:120} INFO - [2023-04-30T17:52:31.819+0000] {dag.py:2585} INFO - Sync 1 DAGs
[2023-04-30T17:52:31.844+0000] {logging_mixin.py:120} INFO - [2023-04-30T17:52:31.844+0000] {dag.py:3340} INFO - Setting next_dagrun for tutorial to 2023-04-29T17:52:31.844109+00:00, run_after=2023-04-30T17:52:31.844109+00:00
[2023-04-30T17:52:31.868+0000] {processor.py:176} INFO - Processing /home/airflow/.local/lib/python3.7/site-packages/airflow/example_dags/tutorial.py took 0.102 seconds
[2023-04-30T17:53:02.356+0000] {processor.py:154} INFO - Started process (PID=560) to work on /home/airflow/.local/lib/python3.7/site-packages/airflow/example_dags/tutorial.py
[2023-04-30T17:53:02.356+0000] {processor.py:756} INFO - Processing file /home/airflow/.local/lib/python3.7/site-packages/airflow/example_dags/tutorial.py for tasks to queue
[2023-04-30T17:53:02.357+0000] {logging_mixin.py:120} INFO - [2023-04-30T17:53:02.357+0000] {dagbag.py:537} INFO - Filling up the DagBag from /home/airflow/.local/lib/python3.7/site-packages/airflow/example_dags/tutorial.py
[2023-04-30T17:53:02.368+0000] {processor.py:766} INFO - DAG(s) dict_keys(['tutorial']) retrieved from /home/airflow/.local/lib/python3.7/site-packages/airflow/example_dags/tutorial.py
[2023-04-30T17:53:02.406+0000] {logging_mixin.py:120} INFO - [2023-04-30T17:53:02.406+0000] {dag.py:2585} INFO - Sync 1 DAGs
[2023-04-30T17:53:02.433+0000] {logging_mixin.py:120} INFO - [2023-04-30T17:53:02.433+0000] {dag.py:3340} INFO - Setting next_dagrun for tutorial to 2023-04-29T17:53:02.433398+00:00, run_after=2023-04-30T17:53:02.433398+00:00
[2023-04-30T17:53:02.459+0000] {processor.py:176} INFO - Processing /home/airflow/.local/lib/python3.7/site-packages/airflow/example_dags/tutorial.py took 0.105 seconds
[2023-04-30T17:53:32.865+0000] {processor.py:154} INFO - Started process (PID=614) to work on /home/airflow/.local/lib/python3.7/site-packages/airflow/example_dags/tutorial.py
[2023-04-30T17:53:32.866+0000] {processor.py:756} INFO - Processing file /home/airflow/.local/lib/python3.7/site-packages/airflow/example_dags/tutorial.py for tasks to queue
[2023-04-30T17:53:32.866+0000] {logging_mixin.py:120} INFO - [2023-04-30T17:53:32.866+0000] {dagbag.py:537} INFO - Filling up the DagBag from /home/airflow/.local/lib/python3.7/site-packages/airflow/example_dags/tutorial.py
[2023-04-30T17:53:32.877+0000] {processor.py:766} INFO - DAG(s) dict_keys(['tutorial']) retrieved from /home/airflow/.local/lib/python3.7/site-packages/airflow/example_dags/tutorial.py
[2023-04-30T17:53:32.913+0000] {logging_mixin.py:120} INFO - [2023-04-30T17:53:32.913+0000] {dag.py:2585} INFO - Sync 1 DAGs
[2023-04-30T17:53:32.939+0000] {logging_mixin.py:120} INFO - [2023-04-30T17:53:32.939+0000] {dag.py:3340} INFO - Setting next_dagrun for tutorial to 2023-04-29T17:53:32.938841+00:00, run_after=2023-04-30T17:53:32.938841+00:00
[2023-04-30T17:53:32.963+0000] {processor.py:176} INFO - Processing /home/airflow/.local/lib/python3.7/site-packages/airflow/example_dags/tutorial.py took 0.100 seconds
[2023-04-30T17:54:03.538+0000] {processor.py:154} INFO - Started process (PID=677) to work on /home/airflow/.local/lib/python3.7/site-packages/airflow/example_dags/tutorial.py
[2023-04-30T17:54:03.538+0000] {processor.py:756} INFO - Processing file /home/airflow/.local/lib/python3.7/site-packages/airflow/example_dags/tutorial.py for tasks to queue
[2023-04-30T17:54:03.539+0000] {logging_mixin.py:120} INFO - [2023-04-30T17:54:03.539+0000] {dagbag.py:537} INFO - Filling up the DagBag from /home/airflow/.local/lib/python3.7/site-packages/airflow/example_dags/tutorial.py
[2023-04-30T17:54:03.550+0000] {processor.py:766} INFO - DAG(s) dict_keys(['tutorial']) retrieved from /home/airflow/.local/lib/python3.7/site-packages/airflow/example_dags/tutorial.py
[2023-04-30T17:54:03.586+0000] {logging_mixin.py:120} INFO - [2023-04-30T17:54:03.585+0000] {dag.py:2585} INFO - Sync 1 DAGs
[2023-04-30T17:54:03.614+0000] {logging_mixin.py:120} INFO - [2023-04-30T17:54:03.614+0000] {dag.py:3340} INFO - Setting next_dagrun for tutorial to 2023-04-29T17:54:03.614598+00:00, run_after=2023-04-30T17:54:03.614598+00:00
[2023-04-30T17:54:03.638+0000] {processor.py:176} INFO - Processing /home/airflow/.local/lib/python3.7/site-packages/airflow/example_dags/tutorial.py took 0.102 seconds
[2023-04-30T17:54:34.227+0000] {processor.py:154} INFO - Started process (PID=740) to work on /home/airflow/.local/lib/python3.7/site-packages/airflow/example_dags/tutorial.py
[2023-04-30T17:54:34.228+0000] {processor.py:756} INFO - Processing file /home/airflow/.local/lib/python3.7/site-packages/airflow/example_dags/tutorial.py for tasks to queue
[2023-04-30T17:54:34.229+0000] {logging_mixin.py:120} INFO - [2023-04-30T17:54:34.229+0000] {dagbag.py:537} INFO - Filling up the DagBag from /home/airflow/.local/lib/python3.7/site-packages/airflow/example_dags/tutorial.py
[2023-04-30T17:54:34.238+0000] {processor.py:766} INFO - DAG(s) dict_keys(['tutorial']) retrieved from /home/airflow/.local/lib/python3.7/site-packages/airflow/example_dags/tutorial.py
[2023-04-30T17:54:34.273+0000] {logging_mixin.py:120} INFO - [2023-04-30T17:54:34.273+0000] {dag.py:2585} INFO - Sync 1 DAGs
[2023-04-30T17:54:34.298+0000] {logging_mixin.py:120} INFO - [2023-04-30T17:54:34.298+0000] {dag.py:3340} INFO - Setting next_dagrun for tutorial to 2023-04-29T17:54:34.298072+00:00, run_after=2023-04-30T17:54:34.298072+00:00
[2023-04-30T17:54:34.319+0000] {processor.py:176} INFO - Processing /home/airflow/.local/lib/python3.7/site-packages/airflow/example_dags/tutorial.py took 0.094 seconds
[2023-04-30T17:55:04.887+0000] {processor.py:154} INFO - Started process (PID=794) to work on /home/airflow/.local/lib/python3.7/site-packages/airflow/example_dags/tutorial.py
[2023-04-30T17:55:04.888+0000] {processor.py:756} INFO - Processing file /home/airflow/.local/lib/python3.7/site-packages/airflow/example_dags/tutorial.py for tasks to queue
[2023-04-30T17:55:04.889+0000] {logging_mixin.py:120} INFO - [2023-04-30T17:55:04.888+0000] {dagbag.py:537} INFO - Filling up the DagBag from /home/airflow/.local/lib/python3.7/site-packages/airflow/example_dags/tutorial.py
[2023-04-30T17:55:04.901+0000] {processor.py:766} INFO - DAG(s) dict_keys(['tutorial']) retrieved from /home/airflow/.local/lib/python3.7/site-packages/airflow/example_dags/tutorial.py
[2023-04-30T17:55:04.939+0000] {logging_mixin.py:120} INFO - [2023-04-30T17:55:04.939+0000] {dag.py:2585} INFO - Sync 1 DAGs
[2023-04-30T17:55:04.966+0000] {logging_mixin.py:120} INFO - [2023-04-30T17:55:04.966+0000] {dag.py:3340} INFO - Setting next_dagrun for tutorial to 2023-04-29T17:55:04.966609+00:00, run_after=2023-04-30T17:55:04.966609+00:00
[2023-04-30T17:55:04.991+0000] {processor.py:176} INFO - Processing /home/airflow/.local/lib/python3.7/site-packages/airflow/example_dags/tutorial.py took 0.107 seconds
[2023-04-30T17:55:35.576+0000] {processor.py:154} INFO - Started process (PID=858) to work on /home/airflow/.local/lib/python3.7/site-packages/airflow/example_dags/tutorial.py
[2023-04-30T17:55:35.578+0000] {processor.py:756} INFO - Processing file /home/airflow/.local/lib/python3.7/site-packages/airflow/example_dags/tutorial.py for tasks to queue
[2023-04-30T17:55:35.579+0000] {logging_mixin.py:120} INFO - [2023-04-30T17:55:35.579+0000] {dagbag.py:537} INFO - Filling up the DagBag from /home/airflow/.local/lib/python3.7/site-packages/airflow/example_dags/tutorial.py
[2023-04-30T17:55:35.590+0000] {processor.py:766} INFO - DAG(s) dict_keys(['tutorial']) retrieved from /home/airflow/.local/lib/python3.7/site-packages/airflow/example_dags/tutorial.py
[2023-04-30T17:55:35.630+0000] {logging_mixin.py:120} INFO - [2023-04-30T17:55:35.630+0000] {dag.py:2585} INFO - Sync 1 DAGs
[2023-04-30T17:55:35.671+0000] {logging_mixin.py:120} INFO - [2023-04-30T17:55:35.671+0000] {dag.py:3340} INFO - Setting next_dagrun for tutorial to 2023-04-29T17:55:35.670778+00:00, run_after=2023-04-30T17:55:35.670778+00:00
[2023-04-30T17:55:35.696+0000] {processor.py:176} INFO - Processing /home/airflow/.local/lib/python3.7/site-packages/airflow/example_dags/tutorial.py took 0.122 seconds
[2023-04-30T17:56:06.203+0000] {processor.py:154} INFO - Started process (PID=921) to work on /home/airflow/.local/lib/python3.7/site-packages/airflow/example_dags/tutorial.py
[2023-04-30T17:56:06.204+0000] {processor.py:756} INFO - Processing file /home/airflow/.local/lib/python3.7/site-packages/airflow/example_dags/tutorial.py for tasks to queue
[2023-04-30T17:56:06.205+0000] {logging_mixin.py:120} INFO - [2023-04-30T17:56:06.204+0000] {dagbag.py:537} INFO - Filling up the DagBag from /home/airflow/.local/lib/python3.7/site-packages/airflow/example_dags/tutorial.py
[2023-04-30T17:56:06.215+0000] {processor.py:766} INFO - DAG(s) dict_keys(['tutorial']) retrieved from /home/airflow/.local/lib/python3.7/site-packages/airflow/example_dags/tutorial.py
[2023-04-30T17:56:06.253+0000] {logging_mixin.py:120} INFO - [2023-04-30T17:56:06.252+0000] {dag.py:2585} INFO - Sync 1 DAGs
[2023-04-30T17:56:06.279+0000] {logging_mixin.py:120} INFO - [2023-04-30T17:56:06.279+0000] {dag.py:3340} INFO - Setting next_dagrun for tutorial to 2023-04-29T17:56:06.279332+00:00, run_after=2023-04-30T17:56:06.279332+00:00
[2023-04-30T17:56:06.305+0000] {processor.py:176} INFO - Processing /home/airflow/.local/lib/python3.7/site-packages/airflow/example_dags/tutorial.py took 0.104 seconds
[2023-04-30T17:56:36.775+0000] {processor.py:154} INFO - Started process (PID=976) to work on /home/airflow/.local/lib/python3.7/site-packages/airflow/example_dags/tutorial.py
[2023-04-30T17:56:36.775+0000] {processor.py:756} INFO - Processing file /home/airflow/.local/lib/python3.7/site-packages/airflow/example_dags/tutorial.py for tasks to queue
[2023-04-30T17:56:36.776+0000] {logging_mixin.py:120} INFO - [2023-04-30T17:56:36.776+0000] {dagbag.py:537} INFO - Filling up the DagBag from /home/airflow/.local/lib/python3.7/site-packages/airflow/example_dags/tutorial.py
[2023-04-30T17:56:36.788+0000] {processor.py:766} INFO - DAG(s) dict_keys(['tutorial']) retrieved from /home/airflow/.local/lib/python3.7/site-packages/airflow/example_dags/tutorial.py
[2023-04-30T17:56:36.824+0000] {logging_mixin.py:120} INFO - [2023-04-30T17:56:36.824+0000] {dag.py:2585} INFO - Sync 1 DAGs
[2023-04-30T17:56:36.847+0000] {logging_mixin.py:120} INFO - [2023-04-30T17:56:36.847+0000] {dag.py:3340} INFO - Setting next_dagrun for tutorial to 2023-04-29T17:56:36.847460+00:00, run_after=2023-04-30T17:56:36.847460+00:00
[2023-04-30T17:56:36.873+0000] {processor.py:176} INFO - Processing /home/airflow/.local/lib/python3.7/site-packages/airflow/example_dags/tutorial.py took 0.101 seconds
[2023-04-30T17:57:07.346+0000] {processor.py:154} INFO - Started process (PID=1040) to work on /home/airflow/.local/lib/python3.7/site-packages/airflow/example_dags/tutorial.py
[2023-04-30T17:57:07.347+0000] {processor.py:756} INFO - Processing file /home/airflow/.local/lib/python3.7/site-packages/airflow/example_dags/tutorial.py for tasks to queue
[2023-04-30T17:57:07.349+0000] {logging_mixin.py:120} INFO - [2023-04-30T17:57:07.348+0000] {dagbag.py:537} INFO - Filling up the DagBag from /home/airflow/.local/lib/python3.7/site-packages/airflow/example_dags/tutorial.py
[2023-04-30T17:57:07.360+0000] {processor.py:766} INFO - DAG(s) dict_keys(['tutorial']) retrieved from /home/airflow/.local/lib/python3.7/site-packages/airflow/example_dags/tutorial.py
[2023-04-30T17:57:07.399+0000] {logging_mixin.py:120} INFO - [2023-04-30T17:57:07.399+0000] {dag.py:2585} INFO - Sync 1 DAGs
[2023-04-30T17:57:07.424+0000] {logging_mixin.py:120} INFO - [2023-04-30T17:57:07.424+0000] {dag.py:3340} INFO - Setting next_dagrun for tutorial to 2023-04-29T17:57:07.423973+00:00, run_after=2023-04-30T17:57:07.423973+00:00
[2023-04-30T17:57:07.449+0000] {processor.py:176} INFO - Processing /home/airflow/.local/lib/python3.7/site-packages/airflow/example_dags/tutorial.py took 0.105 seconds
[2023-04-30T17:57:38.064+0000] {processor.py:154} INFO - Started process (PID=1103) to work on /home/airflow/.local/lib/python3.7/site-packages/airflow/example_dags/tutorial.py
[2023-04-30T17:57:38.064+0000] {processor.py:756} INFO - Processing file /home/airflow/.local/lib/python3.7/site-packages/airflow/example_dags/tutorial.py for tasks to queue
[2023-04-30T17:57:38.065+0000] {logging_mixin.py:120} INFO - [2023-04-30T17:57:38.065+0000] {dagbag.py:537} INFO - Filling up the DagBag from /home/airflow/.local/lib/python3.7/site-packages/airflow/example_dags/tutorial.py
[2023-04-30T17:57:38.079+0000] {processor.py:766} INFO - DAG(s) dict_keys(['tutorial']) retrieved from /home/airflow/.local/lib/python3.7/site-packages/airflow/example_dags/tutorial.py
[2023-04-30T17:57:38.121+0000] {logging_mixin.py:120} INFO - [2023-04-30T17:57:38.121+0000] {dag.py:2585} INFO - Sync 1 DAGs
[2023-04-30T17:57:38.150+0000] {logging_mixin.py:120} INFO - [2023-04-30T17:57:38.150+0000] {dag.py:3340} INFO - Setting next_dagrun for tutorial to 2023-04-29T17:57:38.150124+00:00, run_after=2023-04-30T17:57:38.150124+00:00
[2023-04-30T17:57:38.175+0000] {processor.py:176} INFO - Processing /home/airflow/.local/lib/python3.7/site-packages/airflow/example_dags/tutorial.py took 0.113 seconds
[2023-04-30T17:58:08.708+0000] {processor.py:154} INFO - Started process (PID=1173) to work on /home/airflow/.local/lib/python3.7/site-packages/airflow/example_dags/tutorial.py
[2023-04-30T17:58:08.709+0000] {processor.py:756} INFO - Processing file /home/airflow/.local/lib/python3.7/site-packages/airflow/example_dags/tutorial.py for tasks to queue
[2023-04-30T17:58:08.710+0000] {logging_mixin.py:120} INFO - [2023-04-30T17:58:08.710+0000] {dagbag.py:537} INFO - Filling up the DagBag from /home/airflow/.local/lib/python3.7/site-packages/airflow/example_dags/tutorial.py
[2023-04-30T17:58:08.721+0000] {processor.py:766} INFO - DAG(s) dict_keys(['tutorial']) retrieved from /home/airflow/.local/lib/python3.7/site-packages/airflow/example_dags/tutorial.py
[2023-04-30T17:58:08.757+0000] {logging_mixin.py:120} INFO - [2023-04-30T17:58:08.757+0000] {dag.py:2585} INFO - Sync 1 DAGs
[2023-04-30T17:58:08.784+0000] {logging_mixin.py:120} INFO - [2023-04-30T17:58:08.784+0000] {dag.py:3340} INFO - Setting next_dagrun for tutorial to 2023-04-29T17:58:08.783935+00:00, run_after=2023-04-30T17:58:08.783935+00:00
[2023-04-30T17:58:08.807+0000] {processor.py:176} INFO - Processing /home/airflow/.local/lib/python3.7/site-packages/airflow/example_dags/tutorial.py took 0.101 seconds
[2023-04-30T17:58:39.330+0000] {processor.py:154} INFO - Started process (PID=1227) to work on /home/airflow/.local/lib/python3.7/site-packages/airflow/example_dags/tutorial.py
[2023-04-30T17:58:39.331+0000] {processor.py:756} INFO - Processing file /home/airflow/.local/lib/python3.7/site-packages/airflow/example_dags/tutorial.py for tasks to queue
[2023-04-30T17:58:39.332+0000] {logging_mixin.py:120} INFO - [2023-04-30T17:58:39.332+0000] {dagbag.py:537} INFO - Filling up the DagBag from /home/airflow/.local/lib/python3.7/site-packages/airflow/example_dags/tutorial.py
[2023-04-30T17:58:39.342+0000] {processor.py:766} INFO - DAG(s) dict_keys(['tutorial']) retrieved from /home/airflow/.local/lib/python3.7/site-packages/airflow/example_dags/tutorial.py
[2023-04-30T17:58:39.380+0000] {logging_mixin.py:120} INFO - [2023-04-30T17:58:39.380+0000] {dag.py:2585} INFO - Sync 1 DAGs
[2023-04-30T17:58:39.407+0000] {logging_mixin.py:120} INFO - [2023-04-30T17:58:39.407+0000] {dag.py:3340} INFO - Setting next_dagrun for tutorial to 2023-04-29T17:58:39.407204+00:00, run_after=2023-04-30T17:58:39.407204+00:00
[2023-04-30T17:58:39.430+0000] {processor.py:176} INFO - Processing /home/airflow/.local/lib/python3.7/site-packages/airflow/example_dags/tutorial.py took 0.102 seconds
[2023-04-30T17:59:10.267+0000] {processor.py:154} INFO - Started process (PID=1290) to work on /home/airflow/.local/lib/python3.7/site-packages/airflow/example_dags/tutorial.py
[2023-04-30T17:59:10.268+0000] {processor.py:756} INFO - Processing file /home/airflow/.local/lib/python3.7/site-packages/airflow/example_dags/tutorial.py for tasks to queue
[2023-04-30T17:59:10.269+0000] {logging_mixin.py:120} INFO - [2023-04-30T17:59:10.269+0000] {dagbag.py:537} INFO - Filling up the DagBag from /home/airflow/.local/lib/python3.7/site-packages/airflow/example_dags/tutorial.py
[2023-04-30T17:59:10.281+0000] {processor.py:766} INFO - DAG(s) dict_keys(['tutorial']) retrieved from /home/airflow/.local/lib/python3.7/site-packages/airflow/example_dags/tutorial.py
[2023-04-30T17:59:10.316+0000] {logging_mixin.py:120} INFO - [2023-04-30T17:59:10.316+0000] {dag.py:2585} INFO - Sync 1 DAGs
[2023-04-30T17:59:10.341+0000] {logging_mixin.py:120} INFO - [2023-04-30T17:59:10.341+0000] {dag.py:3340} INFO - Setting next_dagrun for tutorial to 2023-04-29T17:59:10.341433+00:00, run_after=2023-04-30T17:59:10.341433+00:00
[2023-04-30T17:59:10.366+0000] {processor.py:176} INFO - Processing /home/airflow/.local/lib/python3.7/site-packages/airflow/example_dags/tutorial.py took 0.101 seconds
[2023-04-30T17:59:40.939+0000] {processor.py:154} INFO - Started process (PID=1353) to work on /home/airflow/.local/lib/python3.7/site-packages/airflow/example_dags/tutorial.py
[2023-04-30T17:59:40.940+0000] {processor.py:756} INFO - Processing file /home/airflow/.local/lib/python3.7/site-packages/airflow/example_dags/tutorial.py for tasks to queue
[2023-04-30T17:59:40.941+0000] {logging_mixin.py:120} INFO - [2023-04-30T17:59:40.941+0000] {dagbag.py:537} INFO - Filling up the DagBag from /home/airflow/.local/lib/python3.7/site-packages/airflow/example_dags/tutorial.py
[2023-04-30T17:59:40.955+0000] {processor.py:766} INFO - DAG(s) dict_keys(['tutorial']) retrieved from /home/airflow/.local/lib/python3.7/site-packages/airflow/example_dags/tutorial.py
[2023-04-30T17:59:40.989+0000] {logging_mixin.py:120} INFO - [2023-04-30T17:59:40.989+0000] {dag.py:2585} INFO - Sync 1 DAGs
[2023-04-30T17:59:41.018+0000] {logging_mixin.py:120} INFO - [2023-04-30T17:59:41.018+0000] {dag.py:3340} INFO - Setting next_dagrun for tutorial to 2023-04-29T17:59:41.018516+00:00, run_after=2023-04-30T17:59:41.018516+00:00
[2023-04-30T17:59:41.040+0000] {processor.py:176} INFO - Processing /home/airflow/.local/lib/python3.7/site-packages/airflow/example_dags/tutorial.py took 0.103 seconds
[2023-04-30T18:00:11.545+0000] {processor.py:154} INFO - Started process (PID=1408) to work on /home/airflow/.local/lib/python3.7/site-packages/airflow/example_dags/tutorial.py
[2023-04-30T18:00:11.546+0000] {processor.py:756} INFO - Processing file /home/airflow/.local/lib/python3.7/site-packages/airflow/example_dags/tutorial.py for tasks to queue
[2023-04-30T18:00:11.547+0000] {logging_mixin.py:120} INFO - [2023-04-30T18:00:11.547+0000] {dagbag.py:537} INFO - Filling up the DagBag from /home/airflow/.local/lib/python3.7/site-packages/airflow/example_dags/tutorial.py
[2023-04-30T18:00:11.561+0000] {processor.py:766} INFO - DAG(s) dict_keys(['tutorial']) retrieved from /home/airflow/.local/lib/python3.7/site-packages/airflow/example_dags/tutorial.py
[2023-04-30T18:00:11.606+0000] {logging_mixin.py:120} INFO - [2023-04-30T18:00:11.606+0000] {dag.py:2585} INFO - Sync 1 DAGs
[2023-04-30T18:00:11.635+0000] {logging_mixin.py:120} INFO - [2023-04-30T18:00:11.635+0000] {dag.py:3340} INFO - Setting next_dagrun for tutorial to 2023-04-29T18:00:11.635350+00:00, run_after=2023-04-30T18:00:11.635350+00:00
[2023-04-30T18:00:11.663+0000] {processor.py:176} INFO - Processing /home/airflow/.local/lib/python3.7/site-packages/airflow/example_dags/tutorial.py took 0.120 seconds
[2023-04-30T18:00:42.227+0000] {processor.py:154} INFO - Started process (PID=1472) to work on /home/airflow/.local/lib/python3.7/site-packages/airflow/example_dags/tutorial.py
[2023-04-30T18:00:42.228+0000] {processor.py:756} INFO - Processing file /home/airflow/.local/lib/python3.7/site-packages/airflow/example_dags/tutorial.py for tasks to queue
[2023-04-30T18:00:42.229+0000] {logging_mixin.py:120} INFO - [2023-04-30T18:00:42.229+0000] {dagbag.py:537} INFO - Filling up the DagBag from /home/airflow/.local/lib/python3.7/site-packages/airflow/example_dags/tutorial.py
[2023-04-30T18:00:42.244+0000] {processor.py:766} INFO - DAG(s) dict_keys(['tutorial']) retrieved from /home/airflow/.local/lib/python3.7/site-packages/airflow/example_dags/tutorial.py
[2023-04-30T18:00:42.290+0000] {logging_mixin.py:120} INFO - [2023-04-30T18:00:42.290+0000] {dag.py:2585} INFO - Sync 1 DAGs
[2023-04-30T18:00:42.319+0000] {logging_mixin.py:120} INFO - [2023-04-30T18:00:42.319+0000] {dag.py:3340} INFO - Setting next_dagrun for tutorial to 2023-04-29T18:00:42.319231+00:00, run_after=2023-04-30T18:00:42.319231+00:00
[2023-04-30T18:00:42.344+0000] {processor.py:176} INFO - Processing /home/airflow/.local/lib/python3.7/site-packages/airflow/example_dags/tutorial.py took 0.120 seconds
[2023-04-30T18:01:13.130+0000] {processor.py:154} INFO - Started process (PID=1535) to work on /home/airflow/.local/lib/python3.7/site-packages/airflow/example_dags/tutorial.py
[2023-04-30T18:01:13.131+0000] {processor.py:756} INFO - Processing file /home/airflow/.local/lib/python3.7/site-packages/airflow/example_dags/tutorial.py for tasks to queue
[2023-04-30T18:01:13.132+0000] {logging_mixin.py:120} INFO - [2023-04-30T18:01:13.131+0000] {dagbag.py:537} INFO - Filling up the DagBag from /home/airflow/.local/lib/python3.7/site-packages/airflow/example_dags/tutorial.py
[2023-04-30T18:01:13.143+0000] {processor.py:766} INFO - DAG(s) dict_keys(['tutorial']) retrieved from /home/airflow/.local/lib/python3.7/site-packages/airflow/example_dags/tutorial.py
[2023-04-30T18:01:13.176+0000] {logging_mixin.py:120} INFO - [2023-04-30T18:01:13.176+0000] {dag.py:2585} INFO - Sync 1 DAGs
[2023-04-30T18:01:13.201+0000] {logging_mixin.py:120} INFO - [2023-04-30T18:01:13.201+0000] {dag.py:3340} INFO - Setting next_dagrun for tutorial to 2023-04-29T18:01:13.201621+00:00, run_after=2023-04-30T18:01:13.201621+00:00
[2023-04-30T18:01:13.223+0000] {processor.py:176} INFO - Processing /home/airflow/.local/lib/python3.7/site-packages/airflow/example_dags/tutorial.py took 0.095 seconds
[2023-04-30T18:01:43.688+0000] {processor.py:154} INFO - Started process (PID=1589) to work on /home/airflow/.local/lib/python3.7/site-packages/airflow/example_dags/tutorial.py
[2023-04-30T18:01:43.689+0000] {processor.py:756} INFO - Processing file /home/airflow/.local/lib/python3.7/site-packages/airflow/example_dags/tutorial.py for tasks to queue
[2023-04-30T18:01:43.690+0000] {logging_mixin.py:120} INFO - [2023-04-30T18:01:43.690+0000] {dagbag.py:537} INFO - Filling up the DagBag from /home/airflow/.local/lib/python3.7/site-packages/airflow/example_dags/tutorial.py
[2023-04-30T18:01:43.701+0000] {processor.py:766} INFO - DAG(s) dict_keys(['tutorial']) retrieved from /home/airflow/.local/lib/python3.7/site-packages/airflow/example_dags/tutorial.py
[2023-04-30T18:01:43.737+0000] {logging_mixin.py:120} INFO - [2023-04-30T18:01:43.736+0000] {dag.py:2585} INFO - Sync 1 DAGs
[2023-04-30T18:01:43.765+0000] {logging_mixin.py:120} INFO - [2023-04-30T18:01:43.765+0000] {dag.py:3340} INFO - Setting next_dagrun for tutorial to 2023-04-29T18:01:43.765159+00:00, run_after=2023-04-30T18:01:43.765159+00:00
[2023-04-30T18:01:43.788+0000] {processor.py:176} INFO - Processing /home/airflow/.local/lib/python3.7/site-packages/airflow/example_dags/tutorial.py took 0.103 seconds
[2023-04-30T18:02:14.081+0000] {processor.py:154} INFO - Started process (PID=1652) to work on /home/airflow/.local/lib/python3.7/site-packages/airflow/example_dags/tutorial.py
[2023-04-30T18:02:14.082+0000] {processor.py:756} INFO - Processing file /home/airflow/.local/lib/python3.7/site-packages/airflow/example_dags/tutorial.py for tasks to queue
[2023-04-30T18:02:14.082+0000] {logging_mixin.py:120} INFO - [2023-04-30T18:02:14.082+0000] {dagbag.py:537} INFO - Filling up the DagBag from /home/airflow/.local/lib/python3.7/site-packages/airflow/example_dags/tutorial.py
[2023-04-30T18:02:14.093+0000] {processor.py:766} INFO - DAG(s) dict_keys(['tutorial']) retrieved from /home/airflow/.local/lib/python3.7/site-packages/airflow/example_dags/tutorial.py
[2023-04-30T18:02:14.129+0000] {logging_mixin.py:120} INFO - [2023-04-30T18:02:14.129+0000] {dag.py:2585} INFO - Sync 1 DAGs
[2023-04-30T18:02:14.155+0000] {logging_mixin.py:120} INFO - [2023-04-30T18:02:14.155+0000] {dag.py:3340} INFO - Setting next_dagrun for tutorial to 2023-04-29T18:02:14.155018+00:00, run_after=2023-04-30T18:02:14.155018+00:00
[2023-04-30T18:02:14.178+0000] {processor.py:176} INFO - Processing /home/airflow/.local/lib/python3.7/site-packages/airflow/example_dags/tutorial.py took 0.100 seconds
[2023-04-30T18:02:44.561+0000] {processor.py:154} INFO - Started process (PID=1715) to work on /home/airflow/.local/lib/python3.7/site-packages/airflow/example_dags/tutorial.py
[2023-04-30T18:02:44.562+0000] {processor.py:756} INFO - Processing file /home/airflow/.local/lib/python3.7/site-packages/airflow/example_dags/tutorial.py for tasks to queue
[2023-04-30T18:02:44.563+0000] {logging_mixin.py:120} INFO - [2023-04-30T18:02:44.563+0000] {dagbag.py:537} INFO - Filling up the DagBag from /home/airflow/.local/lib/python3.7/site-packages/airflow/example_dags/tutorial.py
[2023-04-30T18:02:44.574+0000] {processor.py:766} INFO - DAG(s) dict_keys(['tutorial']) retrieved from /home/airflow/.local/lib/python3.7/site-packages/airflow/example_dags/tutorial.py
[2023-04-30T18:02:44.611+0000] {logging_mixin.py:120} INFO - [2023-04-30T18:02:44.611+0000] {dag.py:2585} INFO - Sync 1 DAGs
[2023-04-30T18:02:44.636+0000] {logging_mixin.py:120} INFO - [2023-04-30T18:02:44.636+0000] {dag.py:3340} INFO - Setting next_dagrun for tutorial to 2023-04-29T18:02:44.636295+00:00, run_after=2023-04-30T18:02:44.636295+00:00
[2023-04-30T18:02:44.657+0000] {processor.py:176} INFO - Processing /home/airflow/.local/lib/python3.7/site-packages/airflow/example_dags/tutorial.py took 0.098 seconds
[2023-04-30T18:03:15.204+0000] {processor.py:154} INFO - Started process (PID=1778) to work on /home/airflow/.local/lib/python3.7/site-packages/airflow/example_dags/tutorial.py
[2023-04-30T18:03:15.206+0000] {processor.py:756} INFO - Processing file /home/airflow/.local/lib/python3.7/site-packages/airflow/example_dags/tutorial.py for tasks to queue
[2023-04-30T18:03:15.207+0000] {logging_mixin.py:120} INFO - [2023-04-30T18:03:15.207+0000] {dagbag.py:537} INFO - Filling up the DagBag from /home/airflow/.local/lib/python3.7/site-packages/airflow/example_dags/tutorial.py
[2023-04-30T18:03:15.220+0000] {processor.py:766} INFO - DAG(s) dict_keys(['tutorial']) retrieved from /home/airflow/.local/lib/python3.7/site-packages/airflow/example_dags/tutorial.py
[2023-04-30T18:03:15.265+0000] {logging_mixin.py:120} INFO - [2023-04-30T18:03:15.265+0000] {dag.py:2585} INFO - Sync 1 DAGs
[2023-04-30T18:03:15.291+0000] {logging_mixin.py:120} INFO - [2023-04-30T18:03:15.291+0000] {dag.py:3340} INFO - Setting next_dagrun for tutorial to 2023-04-29T18:03:15.291364+00:00, run_after=2023-04-30T18:03:15.291364+00:00
[2023-04-30T18:03:15.316+0000] {processor.py:176} INFO - Processing /home/airflow/.local/lib/python3.7/site-packages/airflow/example_dags/tutorial.py took 0.113 seconds
[2023-04-30T18:03:45.714+0000] {processor.py:154} INFO - Started process (PID=1833) to work on /home/airflow/.local/lib/python3.7/site-packages/airflow/example_dags/tutorial.py
[2023-04-30T18:03:45.715+0000] {processor.py:756} INFO - Processing file /home/airflow/.local/lib/python3.7/site-packages/airflow/example_dags/tutorial.py for tasks to queue
[2023-04-30T18:03:45.716+0000] {logging_mixin.py:120} INFO - [2023-04-30T18:03:45.716+0000] {dagbag.py:537} INFO - Filling up the DagBag from /home/airflow/.local/lib/python3.7/site-packages/airflow/example_dags/tutorial.py
[2023-04-30T18:03:45.726+0000] {processor.py:766} INFO - DAG(s) dict_keys(['tutorial']) retrieved from /home/airflow/.local/lib/python3.7/site-packages/airflow/example_dags/tutorial.py
[2023-04-30T18:03:45.762+0000] {logging_mixin.py:120} INFO - [2023-04-30T18:03:45.761+0000] {dag.py:2585} INFO - Sync 1 DAGs
[2023-04-30T18:03:45.788+0000] {logging_mixin.py:120} INFO - [2023-04-30T18:03:45.788+0000] {dag.py:3340} INFO - Setting next_dagrun for tutorial to 2023-04-29T18:03:45.788613+00:00, run_after=2023-04-30T18:03:45.788613+00:00
[2023-04-30T18:03:45.814+0000] {processor.py:176} INFO - Processing /home/airflow/.local/lib/python3.7/site-packages/airflow/example_dags/tutorial.py took 0.102 seconds
[2023-04-30T18:04:16.298+0000] {processor.py:154} INFO - Started process (PID=1896) to work on /home/airflow/.local/lib/python3.7/site-packages/airflow/example_dags/tutorial.py
[2023-04-30T18:04:16.299+0000] {processor.py:756} INFO - Processing file /home/airflow/.local/lib/python3.7/site-packages/airflow/example_dags/tutorial.py for tasks to queue
[2023-04-30T18:04:16.299+0000] {logging_mixin.py:120} INFO - [2023-04-30T18:04:16.299+0000] {dagbag.py:537} INFO - Filling up the DagBag from /home/airflow/.local/lib/python3.7/site-packages/airflow/example_dags/tutorial.py
[2023-04-30T18:04:16.311+0000] {processor.py:766} INFO - DAG(s) dict_keys(['tutorial']) retrieved from /home/airflow/.local/lib/python3.7/site-packages/airflow/example_dags/tutorial.py
[2023-04-30T18:04:16.344+0000] {logging_mixin.py:120} INFO - [2023-04-30T18:04:16.344+0000] {dag.py:2585} INFO - Sync 1 DAGs
[2023-04-30T18:04:16.372+0000] {logging_mixin.py:120} INFO - [2023-04-30T18:04:16.372+0000] {dag.py:3340} INFO - Setting next_dagrun for tutorial to 2023-04-29T18:04:16.371616+00:00, run_after=2023-04-30T18:04:16.371616+00:00
[2023-04-30T18:04:16.394+0000] {processor.py:176} INFO - Processing /home/airflow/.local/lib/python3.7/site-packages/airflow/example_dags/tutorial.py took 0.097 seconds
[2023-04-30T18:04:46.889+0000] {processor.py:154} INFO - Started process (PID=1960) to work on /home/airflow/.local/lib/python3.7/site-packages/airflow/example_dags/tutorial.py
[2023-04-30T18:04:46.890+0000] {processor.py:756} INFO - Processing file /home/airflow/.local/lib/python3.7/site-packages/airflow/example_dags/tutorial.py for tasks to queue
[2023-04-30T18:04:46.890+0000] {logging_mixin.py:120} INFO - [2023-04-30T18:04:46.890+0000] {dagbag.py:537} INFO - Filling up the DagBag from /home/airflow/.local/lib/python3.7/site-packages/airflow/example_dags/tutorial.py
[2023-04-30T18:04:46.901+0000] {processor.py:766} INFO - DAG(s) dict_keys(['tutorial']) retrieved from /home/airflow/.local/lib/python3.7/site-packages/airflow/example_dags/tutorial.py
[2023-04-30T18:04:46.935+0000] {logging_mixin.py:120} INFO - [2023-04-30T18:04:46.934+0000] {dag.py:2585} INFO - Sync 1 DAGs
[2023-04-30T18:04:46.964+0000] {logging_mixin.py:120} INFO - [2023-04-30T18:04:46.964+0000] {dag.py:3340} INFO - Setting next_dagrun for tutorial to 2023-04-29T18:04:46.964134+00:00, run_after=2023-04-30T18:04:46.964134+00:00
[2023-04-30T18:04:46.984+0000] {processor.py:176} INFO - Processing /home/airflow/.local/lib/python3.7/site-packages/airflow/example_dags/tutorial.py took 0.097 seconds
[2023-04-30T18:05:17.611+0000] {processor.py:154} INFO - Started process (PID=2014) to work on /home/airflow/.local/lib/python3.7/site-packages/airflow/example_dags/tutorial.py
[2023-04-30T18:05:17.612+0000] {processor.py:756} INFO - Processing file /home/airflow/.local/lib/python3.7/site-packages/airflow/example_dags/tutorial.py for tasks to queue
[2023-04-30T18:05:17.612+0000] {logging_mixin.py:120} INFO - [2023-04-30T18:05:17.612+0000] {dagbag.py:537} INFO - Filling up the DagBag from /home/airflow/.local/lib/python3.7/site-packages/airflow/example_dags/tutorial.py
[2023-04-30T18:05:17.623+0000] {processor.py:766} INFO - DAG(s) dict_keys(['tutorial']) retrieved from /home/airflow/.local/lib/python3.7/site-packages/airflow/example_dags/tutorial.py
[2023-04-30T18:05:17.663+0000] {logging_mixin.py:120} INFO - [2023-04-30T18:05:17.663+0000] {dag.py:2585} INFO - Sync 1 DAGs
[2023-04-30T18:05:17.687+0000] {logging_mixin.py:120} INFO - [2023-04-30T18:05:17.687+0000] {dag.py:3340} INFO - Setting next_dagrun for tutorial to 2023-04-29T18:05:17.687307+00:00, run_after=2023-04-30T18:05:17.687307+00:00
[2023-04-30T18:05:17.710+0000] {processor.py:176} INFO - Processing /home/airflow/.local/lib/python3.7/site-packages/airflow/example_dags/tutorial.py took 0.101 seconds
[2023-04-30T18:05:48.094+0000] {processor.py:154} INFO - Started process (PID=2078) to work on /home/airflow/.local/lib/python3.7/site-packages/airflow/example_dags/tutorial.py
[2023-04-30T18:05:48.096+0000] {processor.py:756} INFO - Processing file /home/airflow/.local/lib/python3.7/site-packages/airflow/example_dags/tutorial.py for tasks to queue
[2023-04-30T18:05:48.097+0000] {logging_mixin.py:120} INFO - [2023-04-30T18:05:48.097+0000] {dagbag.py:537} INFO - Filling up the DagBag from /home/airflow/.local/lib/python3.7/site-packages/airflow/example_dags/tutorial.py
[2023-04-30T18:05:48.111+0000] {processor.py:766} INFO - DAG(s) dict_keys(['tutorial']) retrieved from /home/airflow/.local/lib/python3.7/site-packages/airflow/example_dags/tutorial.py
[2023-04-30T18:05:48.151+0000] {logging_mixin.py:120} INFO - [2023-04-30T18:05:48.150+0000] {dag.py:2585} INFO - Sync 1 DAGs
[2023-04-30T18:05:48.178+0000] {logging_mixin.py:120} INFO - [2023-04-30T18:05:48.178+0000] {dag.py:3340} INFO - Setting next_dagrun for tutorial to 2023-04-29T18:05:48.178372+00:00, run_after=2023-04-30T18:05:48.178372+00:00
[2023-04-30T18:05:48.202+0000] {processor.py:176} INFO - Processing /home/airflow/.local/lib/python3.7/site-packages/airflow/example_dags/tutorial.py took 0.111 seconds
[2023-04-30T18:06:18.653+0000] {processor.py:154} INFO - Started process (PID=2141) to work on /home/airflow/.local/lib/python3.7/site-packages/airflow/example_dags/tutorial.py
[2023-04-30T18:06:18.653+0000] {processor.py:756} INFO - Processing file /home/airflow/.local/lib/python3.7/site-packages/airflow/example_dags/tutorial.py for tasks to queue
[2023-04-30T18:06:18.654+0000] {logging_mixin.py:120} INFO - [2023-04-30T18:06:18.654+0000] {dagbag.py:537} INFO - Filling up the DagBag from /home/airflow/.local/lib/python3.7/site-packages/airflow/example_dags/tutorial.py
[2023-04-30T18:06:18.665+0000] {processor.py:766} INFO - DAG(s) dict_keys(['tutorial']) retrieved from /home/airflow/.local/lib/python3.7/site-packages/airflow/example_dags/tutorial.py
[2023-04-30T18:06:18.697+0000] {logging_mixin.py:120} INFO - [2023-04-30T18:06:18.697+0000] {dag.py:2585} INFO - Sync 1 DAGs
[2023-04-30T18:06:18.726+0000] {logging_mixin.py:120} INFO - [2023-04-30T18:06:18.726+0000] {dag.py:3340} INFO - Setting next_dagrun for tutorial to 2023-04-29T18:06:18.725789+00:00, run_after=2023-04-30T18:06:18.725789+00:00
[2023-04-30T18:06:18.749+0000] {processor.py:176} INFO - Processing /home/airflow/.local/lib/python3.7/site-packages/airflow/example_dags/tutorial.py took 0.098 seconds
[2023-04-30T18:06:49.139+0000] {processor.py:154} INFO - Started process (PID=2195) to work on /home/airflow/.local/lib/python3.7/site-packages/airflow/example_dags/tutorial.py
[2023-04-30T18:06:49.140+0000] {processor.py:756} INFO - Processing file /home/airflow/.local/lib/python3.7/site-packages/airflow/example_dags/tutorial.py for tasks to queue
[2023-04-30T18:06:49.141+0000] {logging_mixin.py:120} INFO - [2023-04-30T18:06:49.141+0000] {dagbag.py:537} INFO - Filling up the DagBag from /home/airflow/.local/lib/python3.7/site-packages/airflow/example_dags/tutorial.py
[2023-04-30T18:06:49.151+0000] {processor.py:766} INFO - DAG(s) dict_keys(['tutorial']) retrieved from /home/airflow/.local/lib/python3.7/site-packages/airflow/example_dags/tutorial.py
[2023-04-30T18:06:49.185+0000] {logging_mixin.py:120} INFO - [2023-04-30T18:06:49.185+0000] {dag.py:2585} INFO - Sync 1 DAGs
[2023-04-30T18:06:49.211+0000] {logging_mixin.py:120} INFO - [2023-04-30T18:06:49.211+0000] {dag.py:3340} INFO - Setting next_dagrun for tutorial to 2023-04-29T18:06:49.211182+00:00, run_after=2023-04-30T18:06:49.211182+00:00
[2023-04-30T18:06:49.233+0000] {processor.py:176} INFO - Processing /home/airflow/.local/lib/python3.7/site-packages/airflow/example_dags/tutorial.py took 0.096 seconds
[2023-04-30T18:07:19.730+0000] {processor.py:154} INFO - Started process (PID=2258) to work on /home/airflow/.local/lib/python3.7/site-packages/airflow/example_dags/tutorial.py
[2023-04-30T18:07:19.731+0000] {processor.py:756} INFO - Processing file /home/airflow/.local/lib/python3.7/site-packages/airflow/example_dags/tutorial.py for tasks to queue
[2023-04-30T18:07:19.732+0000] {logging_mixin.py:120} INFO - [2023-04-30T18:07:19.731+0000] {dagbag.py:537} INFO - Filling up the DagBag from /home/airflow/.local/lib/python3.7/site-packages/airflow/example_dags/tutorial.py
[2023-04-30T18:07:19.743+0000] {processor.py:766} INFO - DAG(s) dict_keys(['tutorial']) retrieved from /home/airflow/.local/lib/python3.7/site-packages/airflow/example_dags/tutorial.py
[2023-04-30T18:07:19.776+0000] {logging_mixin.py:120} INFO - [2023-04-30T18:07:19.776+0000] {dag.py:2585} INFO - Sync 1 DAGs
[2023-04-30T18:07:19.804+0000] {logging_mixin.py:120} INFO - [2023-04-30T18:07:19.804+0000] {dag.py:3340} INFO - Setting next_dagrun for tutorial to 2023-04-29T18:07:19.804113+00:00, run_after=2023-04-30T18:07:19.804113+00:00
[2023-04-30T18:07:19.829+0000] {processor.py:176} INFO - Processing /home/airflow/.local/lib/python3.7/site-packages/airflow/example_dags/tutorial.py took 0.101 seconds
[2023-04-30T18:07:50.215+0000] {processor.py:154} INFO - Started process (PID=2321) to work on /home/airflow/.local/lib/python3.7/site-packages/airflow/example_dags/tutorial.py
[2023-04-30T18:07:50.216+0000] {processor.py:756} INFO - Processing file /home/airflow/.local/lib/python3.7/site-packages/airflow/example_dags/tutorial.py for tasks to queue
[2023-04-30T18:07:50.217+0000] {logging_mixin.py:120} INFO - [2023-04-30T18:07:50.217+0000] {dagbag.py:537} INFO - Filling up the DagBag from /home/airflow/.local/lib/python3.7/site-packages/airflow/example_dags/tutorial.py
[2023-04-30T18:07:50.228+0000] {processor.py:766} INFO - DAG(s) dict_keys(['tutorial']) retrieved from /home/airflow/.local/lib/python3.7/site-packages/airflow/example_dags/tutorial.py
[2023-04-30T18:07:50.262+0000] {logging_mixin.py:120} INFO - [2023-04-30T18:07:50.262+0000] {dag.py:2585} INFO - Sync 1 DAGs
[2023-04-30T18:07:50.288+0000] {logging_mixin.py:120} INFO - [2023-04-30T18:07:50.287+0000] {dag.py:3340} INFO - Setting next_dagrun for tutorial to 2023-04-29T18:07:50.287698+00:00, run_after=2023-04-30T18:07:50.287698+00:00
[2023-04-30T18:07:50.308+0000] {processor.py:176} INFO - Processing /home/airflow/.local/lib/python3.7/site-packages/airflow/example_dags/tutorial.py took 0.095 seconds
[2023-04-30T18:08:20.672+0000] {processor.py:154} INFO - Started process (PID=2381) to work on /home/airflow/.local/lib/python3.7/site-packages/airflow/example_dags/tutorial.py
[2023-04-30T18:08:20.673+0000] {processor.py:756} INFO - Processing file /home/airflow/.local/lib/python3.7/site-packages/airflow/example_dags/tutorial.py for tasks to queue
[2023-04-30T18:08:20.674+0000] {logging_mixin.py:120} INFO - [2023-04-30T18:08:20.674+0000] {dagbag.py:537} INFO - Filling up the DagBag from /home/airflow/.local/lib/python3.7/site-packages/airflow/example_dags/tutorial.py
[2023-04-30T18:08:20.687+0000] {processor.py:766} INFO - DAG(s) dict_keys(['tutorial']) retrieved from /home/airflow/.local/lib/python3.7/site-packages/airflow/example_dags/tutorial.py
[2023-04-30T18:08:20.727+0000] {logging_mixin.py:120} INFO - [2023-04-30T18:08:20.726+0000] {dag.py:2585} INFO - Sync 1 DAGs
[2023-04-30T18:08:20.755+0000] {logging_mixin.py:120} INFO - [2023-04-30T18:08:20.755+0000] {dag.py:3340} INFO - Setting next_dagrun for tutorial to 2023-04-29T18:08:20.755402+00:00, run_after=2023-04-30T18:08:20.755402+00:00
[2023-04-30T18:08:20.782+0000] {processor.py:176} INFO - Processing /home/airflow/.local/lib/python3.7/site-packages/airflow/example_dags/tutorial.py took 0.113 seconds
[2023-04-30T18:08:51.164+0000] {processor.py:154} INFO - Started process (PID=2438) to work on /home/airflow/.local/lib/python3.7/site-packages/airflow/example_dags/tutorial.py
[2023-04-30T18:08:51.165+0000] {processor.py:756} INFO - Processing file /home/airflow/.local/lib/python3.7/site-packages/airflow/example_dags/tutorial.py for tasks to queue
[2023-04-30T18:08:51.166+0000] {logging_mixin.py:120} INFO - [2023-04-30T18:08:51.166+0000] {dagbag.py:537} INFO - Filling up the DagBag from /home/airflow/.local/lib/python3.7/site-packages/airflow/example_dags/tutorial.py
[2023-04-30T18:08:51.176+0000] {processor.py:766} INFO - DAG(s) dict_keys(['tutorial']) retrieved from /home/airflow/.local/lib/python3.7/site-packages/airflow/example_dags/tutorial.py
[2023-04-30T18:08:51.212+0000] {logging_mixin.py:120} INFO - [2023-04-30T18:08:51.212+0000] {dag.py:2585} INFO - Sync 1 DAGs
[2023-04-30T18:08:51.237+0000] {logging_mixin.py:120} INFO - [2023-04-30T18:08:51.237+0000] {dag.py:3340} INFO - Setting next_dagrun for tutorial to 2023-04-29T18:08:51.237105+00:00, run_after=2023-04-30T18:08:51.237105+00:00
[2023-04-30T18:08:51.260+0000] {processor.py:176} INFO - Processing /home/airflow/.local/lib/python3.7/site-packages/airflow/example_dags/tutorial.py took 0.097 seconds
[2023-04-30T18:09:22.010+0000] {processor.py:154} INFO - Started process (PID=2501) to work on /home/airflow/.local/lib/python3.7/site-packages/airflow/example_dags/tutorial.py
[2023-04-30T18:09:22.011+0000] {processor.py:756} INFO - Processing file /home/airflow/.local/lib/python3.7/site-packages/airflow/example_dags/tutorial.py for tasks to queue
[2023-04-30T18:09:22.011+0000] {logging_mixin.py:120} INFO - [2023-04-30T18:09:22.011+0000] {dagbag.py:537} INFO - Filling up the DagBag from /home/airflow/.local/lib/python3.7/site-packages/airflow/example_dags/tutorial.py
[2023-04-30T18:09:22.023+0000] {processor.py:766} INFO - DAG(s) dict_keys(['tutorial']) retrieved from /home/airflow/.local/lib/python3.7/site-packages/airflow/example_dags/tutorial.py
[2023-04-30T18:09:22.057+0000] {logging_mixin.py:120} INFO - [2023-04-30T18:09:22.057+0000] {dag.py:2585} INFO - Sync 1 DAGs
[2023-04-30T18:09:22.081+0000] {logging_mixin.py:120} INFO - [2023-04-30T18:09:22.081+0000] {dag.py:3340} INFO - Setting next_dagrun for tutorial to 2023-04-29T18:09:22.080893+00:00, run_after=2023-04-30T18:09:22.080893+00:00
[2023-04-30T18:09:22.105+0000] {processor.py:176} INFO - Processing /home/airflow/.local/lib/python3.7/site-packages/airflow/example_dags/tutorial.py took 0.097 seconds
[2023-04-30T18:09:52.637+0000] {processor.py:154} INFO - Started process (PID=2564) to work on /home/airflow/.local/lib/python3.7/site-packages/airflow/example_dags/tutorial.py
[2023-04-30T18:09:52.638+0000] {processor.py:756} INFO - Processing file /home/airflow/.local/lib/python3.7/site-packages/airflow/example_dags/tutorial.py for tasks to queue
[2023-04-30T18:09:52.639+0000] {logging_mixin.py:120} INFO - [2023-04-30T18:09:52.639+0000] {dagbag.py:537} INFO - Filling up the DagBag from /home/airflow/.local/lib/python3.7/site-packages/airflow/example_dags/tutorial.py
[2023-04-30T18:09:52.650+0000] {processor.py:766} INFO - DAG(s) dict_keys(['tutorial']) retrieved from /home/airflow/.local/lib/python3.7/site-packages/airflow/example_dags/tutorial.py
[2023-04-30T18:09:52.684+0000] {logging_mixin.py:120} INFO - [2023-04-30T18:09:52.684+0000] {dag.py:2585} INFO - Sync 1 DAGs
[2023-04-30T18:09:52.710+0000] {logging_mixin.py:120} INFO - [2023-04-30T18:09:52.710+0000] {dag.py:3340} INFO - Setting next_dagrun for tutorial to 2023-04-29T18:09:52.709864+00:00, run_after=2023-04-30T18:09:52.709864+00:00
[2023-04-30T18:09:52.734+0000] {processor.py:176} INFO - Processing /home/airflow/.local/lib/python3.7/site-packages/airflow/example_dags/tutorial.py took 0.099 seconds
[2023-04-30T18:10:23.084+0000] {processor.py:154} INFO - Started process (PID=2618) to work on /home/airflow/.local/lib/python3.7/site-packages/airflow/example_dags/tutorial.py
[2023-04-30T18:10:23.084+0000] {processor.py:756} INFO - Processing file /home/airflow/.local/lib/python3.7/site-packages/airflow/example_dags/tutorial.py for tasks to queue
[2023-04-30T18:10:23.085+0000] {logging_mixin.py:120} INFO - [2023-04-30T18:10:23.085+0000] {dagbag.py:537} INFO - Filling up the DagBag from /home/airflow/.local/lib/python3.7/site-packages/airflow/example_dags/tutorial.py
[2023-04-30T18:10:23.095+0000] {processor.py:766} INFO - DAG(s) dict_keys(['tutorial']) retrieved from /home/airflow/.local/lib/python3.7/site-packages/airflow/example_dags/tutorial.py
[2023-04-30T18:10:23.130+0000] {logging_mixin.py:120} INFO - [2023-04-30T18:10:23.130+0000] {dag.py:2585} INFO - Sync 1 DAGs
[2023-04-30T18:10:23.155+0000] {logging_mixin.py:120} INFO - [2023-04-30T18:10:23.155+0000] {dag.py:3340} INFO - Setting next_dagrun for tutorial to 2023-04-29T18:10:23.155522+00:00, run_after=2023-04-30T18:10:23.155522+00:00
[2023-04-30T18:10:23.178+0000] {processor.py:176} INFO - Processing /home/airflow/.local/lib/python3.7/site-packages/airflow/example_dags/tutorial.py took 0.096 seconds
[2023-04-30T18:10:53.552+0000] {processor.py:154} INFO - Started process (PID=2681) to work on /home/airflow/.local/lib/python3.7/site-packages/airflow/example_dags/tutorial.py
[2023-04-30T18:10:53.553+0000] {processor.py:756} INFO - Processing file /home/airflow/.local/lib/python3.7/site-packages/airflow/example_dags/tutorial.py for tasks to queue
[2023-04-30T18:10:53.554+0000] {logging_mixin.py:120} INFO - [2023-04-30T18:10:53.554+0000] {dagbag.py:537} INFO - Filling up the DagBag from /home/airflow/.local/lib/python3.7/site-packages/airflow/example_dags/tutorial.py
[2023-04-30T18:10:53.564+0000] {processor.py:766} INFO - DAG(s) dict_keys(['tutorial']) retrieved from /home/airflow/.local/lib/python3.7/site-packages/airflow/example_dags/tutorial.py
[2023-04-30T18:10:53.597+0000] {logging_mixin.py:120} INFO - [2023-04-30T18:10:53.597+0000] {dag.py:2585} INFO - Sync 1 DAGs
[2023-04-30T18:10:53.622+0000] {logging_mixin.py:120} INFO - [2023-04-30T18:10:53.622+0000] {dag.py:3340} INFO - Setting next_dagrun for tutorial to 2023-04-29T18:10:53.622550+00:00, run_after=2023-04-30T18:10:53.622550+00:00
[2023-04-30T18:10:53.646+0000] {processor.py:176} INFO - Processing /home/airflow/.local/lib/python3.7/site-packages/airflow/example_dags/tutorial.py took 0.095 seconds
[2023-04-30T18:11:24.051+0000] {processor.py:154} INFO - Started process (PID=2744) to work on /home/airflow/.local/lib/python3.7/site-packages/airflow/example_dags/tutorial.py
[2023-04-30T18:11:24.052+0000] {processor.py:756} INFO - Processing file /home/airflow/.local/lib/python3.7/site-packages/airflow/example_dags/tutorial.py for tasks to queue
[2023-04-30T18:11:24.053+0000] {logging_mixin.py:120} INFO - [2023-04-30T18:11:24.052+0000] {dagbag.py:537} INFO - Filling up the DagBag from /home/airflow/.local/lib/python3.7/site-packages/airflow/example_dags/tutorial.py
[2023-04-30T18:11:24.064+0000] {processor.py:766} INFO - DAG(s) dict_keys(['tutorial']) retrieved from /home/airflow/.local/lib/python3.7/site-packages/airflow/example_dags/tutorial.py
[2023-04-30T18:11:24.098+0000] {logging_mixin.py:120} INFO - [2023-04-30T18:11:24.098+0000] {dag.py:2585} INFO - Sync 1 DAGs
[2023-04-30T18:11:24.126+0000] {logging_mixin.py:120} INFO - [2023-04-30T18:11:24.125+0000] {dag.py:3340} INFO - Setting next_dagrun for tutorial to 2023-04-29T18:11:24.125734+00:00, run_after=2023-04-30T18:11:24.125734+00:00
[2023-04-30T18:11:24.150+0000] {processor.py:176} INFO - Processing /home/airflow/.local/lib/python3.7/site-packages/airflow/example_dags/tutorial.py took 0.101 seconds
[2023-04-30T18:20:46.334+0000] {processor.py:154} INFO - Started process (PID=2827) to work on /home/airflow/.local/lib/python3.7/site-packages/airflow/example_dags/tutorial.py
[2023-04-30T18:20:46.337+0000] {processor.py:756} INFO - Processing file /home/airflow/.local/lib/python3.7/site-packages/airflow/example_dags/tutorial.py for tasks to queue
[2023-04-30T18:20:46.338+0000] {logging_mixin.py:120} INFO - [2023-04-30T18:20:46.337+0000] {dagbag.py:537} INFO - Filling up the DagBag from /home/airflow/.local/lib/python3.7/site-packages/airflow/example_dags/tutorial.py
[2023-04-30T18:20:46.362+0000] {processor.py:766} INFO - DAG(s) dict_keys(['tutorial']) retrieved from /home/airflow/.local/lib/python3.7/site-packages/airflow/example_dags/tutorial.py
[2023-04-30T18:20:46.452+0000] {logging_mixin.py:120} INFO - [2023-04-30T18:20:46.452+0000] {dag.py:2585} INFO - Sync 1 DAGs
[2023-04-30T18:20:46.534+0000] {logging_mixin.py:120} INFO - [2023-04-30T18:20:46.533+0000] {dag.py:3340} INFO - Setting next_dagrun for tutorial to 2023-04-29T18:20:46.533538+00:00, run_after=2023-04-30T18:20:46.533538+00:00
[2023-04-30T18:20:46.591+0000] {processor.py:176} INFO - Processing /home/airflow/.local/lib/python3.7/site-packages/airflow/example_dags/tutorial.py took 0.261 seconds
