[2023-05-01T17:44:07.368+0000] {taskinstance.py:1165} INFO - Dependencies all met for <TaskInstance: user_processing.extract_user manual__2023-05-01T17:44:06.224539+00:00 [queued]>
[2023-05-01T17:44:07.378+0000] {taskinstance.py:1165} INFO - Dependencies all met for <TaskInstance: user_processing.extract_user manual__2023-05-01T17:44:06.224539+00:00 [queued]>
[2023-05-01T17:44:07.379+0000] {taskinstance.py:1362} INFO - 
--------------------------------------------------------------------------------
[2023-05-01T17:44:07.379+0000] {taskinstance.py:1363} INFO - Starting attempt 1 of 1
[2023-05-01T17:44:07.379+0000] {taskinstance.py:1364} INFO - 
--------------------------------------------------------------------------------
[2023-05-01T17:44:07.394+0000] {taskinstance.py:1383} INFO - Executing <Task(SimpleHttpOperator): extract_user> on 2023-05-01 17:44:06.224539+00:00
[2023-05-01T17:44:07.400+0000] {standard_task_runner.py:55} INFO - Started process 18584 to run task
[2023-05-01T17:44:07.402+0000] {standard_task_runner.py:82} INFO - Running: ['***', 'tasks', 'run', 'user_processing', 'extract_user', 'manual__2023-05-01T17:44:06.224539+00:00', '--job-id', '53', '--raw', '--subdir', 'DAGS_FOLDER/processing_user.py', '--cfg-path', '/tmp/tmpe9kpk384']
[2023-05-01T17:44:07.404+0000] {standard_task_runner.py:83} INFO - Job 53: Subtask extract_user
[2023-05-01T17:44:07.503+0000] {task_command.py:376} INFO - Running <TaskInstance: user_processing.extract_user manual__2023-05-01T17:44:06.224539+00:00 [running]> on host 9bd2cedcb1a8
[2023-05-01T17:44:07.678+0000] {taskinstance.py:1592} INFO - Exporting the following env vars:
AIRFLOW_CTX_DAG_OWNER=***
AIRFLOW_CTX_DAG_ID=user_processing
AIRFLOW_CTX_TASK_ID=extract_user
AIRFLOW_CTX_EXECUTION_DATE=2023-05-01T17:44:06.224539+00:00
AIRFLOW_CTX_TRY_NUMBER=1
AIRFLOW_CTX_DAG_RUN_ID=manual__2023-05-01T17:44:06.224539+00:00
[2023-05-01T17:44:07.680+0000] {http.py:121} INFO - Calling HTTP method
[2023-05-01T17:44:07.699+0000] {base.py:71} INFO - Using connection ID 'user_api' for task execution.
[2023-05-01T17:44:07.704+0000] {http.py:148} INFO - Sending 'GET' to url: https://randomuser.me/api/
[2023-05-01T17:44:08.311+0000] {http.py:125} INFO - {"results":[{"gender":"male","name":{"title":"Mr","first":"Calisto","last":"Farias"},"location":{"street":{"number":5122,"name":"Rua Carlos Gomes"},"city":"Tatuí","state":"Santa Catarina","country":"Brazil","postcode":68930,"coordinates":{"latitude":"-73.5441","longitude":"-119.0573"},"timezone":{"offset":"-3:00","description":"Brazil, Buenos Aires, Georgetown"}},"email":"calisto.farias@example.com","login":{"uuid":"36582eda-2437-4258-a664-7a0df62f9351","username":"happyfish527","password":"gerbil","salt":"jtoChuGx","md5":"e8e5b6ffe3dda59e5a482c034aac2e97","sha1":"b5f0a57899ab8192de7a04bf7c9e8dd498653b95","sha256":"b4cd24e445361f38794e4d1b8e0a3622e3aaed9bc9c5ce02b9c7b7480b5d65ff"},"dob":{"date":"1982-07-29T11:23:17.732Z","age":40},"registered":{"date":"2002-12-17T07:19:20.569Z","age":20},"phone":"(94) 1962-3143","cell":"(02) 7573-4218","id":{"name":"CPF","value":"660.724.083-19"},"picture":{"large":"https://randomuser.me/api/portraits/men/85.jpg","medium":"https://randomuser.me/api/portraits/med/men/85.jpg","thumbnail":"https://randomuser.me/api/portraits/thumb/men/85.jpg"},"nat":"BR"}],"info":{"seed":"0066e8177a8fea12","results":1,"page":1,"version":"1.4"}}
[2023-05-01T17:44:08.340+0000] {taskinstance.py:1406} INFO - Marking task as SUCCESS. dag_id=user_processing, task_id=extract_user, execution_date=20230501T174406, start_date=20230501T174407, end_date=20230501T174408
[2023-05-01T17:44:08.381+0000] {local_task_job.py:164} INFO - Task exited with return code 0
[2023-05-01T17:44:08.408+0000] {local_task_job.py:273} INFO - 1 downstream tasks scheduled from follow-on schedule check
