[2023-05-01T17:44:30.366+0000] {taskinstance.py:1165} INFO - Dependencies all met for <TaskInstance: user_processing.process_users manual__2023-05-01T17:44:27.322527+00:00 [queued]>
[2023-05-01T17:44:30.376+0000] {taskinstance.py:1165} INFO - Dependencies all met for <TaskInstance: user_processing.process_users manual__2023-05-01T17:44:27.322527+00:00 [queued]>
[2023-05-01T17:44:30.376+0000] {taskinstance.py:1362} INFO - 
--------------------------------------------------------------------------------
[2023-05-01T17:44:30.376+0000] {taskinstance.py:1363} INFO - Starting attempt 1 of 1
[2023-05-01T17:44:30.376+0000] {taskinstance.py:1364} INFO - 
--------------------------------------------------------------------------------
[2023-05-01T17:44:30.392+0000] {taskinstance.py:1383} INFO - Executing <Task(PythonOperator): process_users> on 2023-05-01 17:44:27.322527+00:00
[2023-05-01T17:44:30.397+0000] {standard_task_runner.py:55} INFO - Started process 18620 to run task
[2023-05-01T17:44:30.400+0000] {standard_task_runner.py:82} INFO - Running: ['***', 'tasks', 'run', 'user_processing', 'process_users', 'manual__2023-05-01T17:44:27.322527+00:00', '--job-id', '60', '--raw', '--subdir', 'DAGS_FOLDER/processing_user.py', '--cfg-path', '/tmp/tmprig5544f']
[2023-05-01T17:44:30.401+0000] {standard_task_runner.py:83} INFO - Job 60: Subtask process_users
[2023-05-01T17:44:30.464+0000] {task_command.py:376} INFO - Running <TaskInstance: user_processing.process_users manual__2023-05-01T17:44:27.322527+00:00 [running]> on host 9bd2cedcb1a8
[2023-05-01T17:44:30.538+0000] {taskinstance.py:1592} INFO - Exporting the following env vars:
AIRFLOW_CTX_DAG_OWNER=***
AIRFLOW_CTX_DAG_ID=user_processing
AIRFLOW_CTX_TASK_ID=process_users
AIRFLOW_CTX_EXECUTION_DATE=2023-05-01T17:44:27.322527+00:00
AIRFLOW_CTX_TRY_NUMBER=1
AIRFLOW_CTX_DAG_RUN_ID=manual__2023-05-01T17:44:27.322527+00:00
[2023-05-01T17:44:30.555+0000] {python.py:177} INFO - Done. Returned value was: None
[2023-05-01T17:44:30.566+0000] {taskinstance.py:1406} INFO - Marking task as SUCCESS. dag_id=user_processing, task_id=process_users, execution_date=20230501T174427, start_date=20230501T174430, end_date=20230501T174430
[2023-05-01T17:44:30.612+0000] {local_task_job.py:164} INFO - Task exited with return code 0
[2023-05-01T17:44:30.635+0000] {local_task_job.py:273} INFO - 0 downstream tasks scheduled from follow-on schedule check
