[2023-05-01T17:44:28.553+0000] {taskinstance.py:1165} INFO - Dependencies all met for <TaskInstance: user_processing.extract_user manual__2023-05-01T17:44:27.322527+00:00 [queued]>
[2023-05-01T17:44:28.565+0000] {taskinstance.py:1165} INFO - Dependencies all met for <TaskInstance: user_processing.extract_user manual__2023-05-01T17:44:27.322527+00:00 [queued]>
[2023-05-01T17:44:28.565+0000] {taskinstance.py:1362} INFO - 
--------------------------------------------------------------------------------
[2023-05-01T17:44:28.565+0000] {taskinstance.py:1363} INFO - Starting attempt 1 of 1
[2023-05-01T17:44:28.565+0000] {taskinstance.py:1364} INFO - 
--------------------------------------------------------------------------------
[2023-05-01T17:44:28.582+0000] {taskinstance.py:1383} INFO - Executing <Task(SimpleHttpOperator): extract_user> on 2023-05-01 17:44:27.322527+00:00
[2023-05-01T17:44:28.589+0000] {standard_task_runner.py:55} INFO - Started process 18615 to run task
[2023-05-01T17:44:28.593+0000] {standard_task_runner.py:82} INFO - Running: ['***', 'tasks', 'run', 'user_processing', 'extract_user', 'manual__2023-05-01T17:44:27.322527+00:00', '--job-id', '57', '--raw', '--subdir', 'DAGS_FOLDER/processing_user.py', '--cfg-path', '/tmp/tmp_78y33wd']
[2023-05-01T17:44:28.595+0000] {standard_task_runner.py:83} INFO - Job 57: Subtask extract_user
[2023-05-01T17:44:28.672+0000] {task_command.py:376} INFO - Running <TaskInstance: user_processing.extract_user manual__2023-05-01T17:44:27.322527+00:00 [running]> on host 9bd2cedcb1a8
[2023-05-01T17:44:28.754+0000] {taskinstance.py:1592} INFO - Exporting the following env vars:
AIRFLOW_CTX_DAG_OWNER=***
AIRFLOW_CTX_DAG_ID=user_processing
AIRFLOW_CTX_TASK_ID=extract_user
AIRFLOW_CTX_EXECUTION_DATE=2023-05-01T17:44:27.322527+00:00
AIRFLOW_CTX_TRY_NUMBER=1
AIRFLOW_CTX_DAG_RUN_ID=manual__2023-05-01T17:44:27.322527+00:00
[2023-05-01T17:44:28.755+0000] {http.py:121} INFO - Calling HTTP method
[2023-05-01T17:44:28.768+0000] {base.py:71} INFO - Using connection ID 'user_api' for task execution.
[2023-05-01T17:44:28.771+0000] {http.py:148} INFO - Sending 'GET' to url: https://randomuser.me/api/
[2023-05-01T17:44:29.420+0000] {http.py:125} INFO - {"results":[{"gender":"female","name":{"title":"Miss","first":"Giesela","last":"Speer"},"location":{"street":{"number":5163,"name":"Feldstraße"},"city":"Saarlouis","state":"Berlin","country":"Germany","postcode":72547,"coordinates":{"latitude":"-55.3691","longitude":"141.5462"},"timezone":{"offset":"-3:30","description":"Newfoundland"}},"email":"giesela.speer@example.com","login":{"uuid":"5d0584c2-b1a6-4244-8c38-5bea4c1aeccd","username":"orangegoose756","password":"byteme","salt":"eQzjqrYV","md5":"0199806d7eb01394cc2d198276474ef6","sha1":"475118bff74c4f934f63ea338f021d3ceaabee8e","sha256":"13a14a508929314cbf8348b9a922cdb3caf326953e9c80e68a489495d15a62b3"},"dob":{"date":"1997-07-28T10:44:15.301Z","age":25},"registered":{"date":"2014-12-31T05:58:25.303Z","age":8},"phone":"0716-8788340","cell":"0174-1692985","id":{"name":"SVNR","value":"69 280797 S 955"},"picture":{"large":"https://randomuser.me/api/portraits/women/27.jpg","medium":"https://randomuser.me/api/portraits/med/women/27.jpg","thumbnail":"https://randomuser.me/api/portraits/thumb/women/27.jpg"},"nat":"DE"}],"info":{"seed":"dad262599516c6d8","results":1,"page":1,"version":"1.4"}}
[2023-05-01T17:44:29.539+0000] {taskinstance.py:1406} INFO - Marking task as SUCCESS. dag_id=user_processing, task_id=extract_user, execution_date=20230501T174427, start_date=20230501T174428, end_date=20230501T174429
[2023-05-01T17:44:29.570+0000] {local_task_job.py:164} INFO - Task exited with return code 0
[2023-05-01T17:44:29.602+0000] {local_task_job.py:273} INFO - 1 downstream tasks scheduled from follow-on schedule check
