[2023-04-30T17:58:03.480+0000] {taskinstance.py:1165} INFO - Dependencies all met for <TaskInstance: example_bash_operator.also_run_this scheduled__2023-04-29T00:00:00+00:00 [queued]>
[2023-04-30T17:58:03.498+0000] {taskinstance.py:1165} INFO - Dependencies all met for <TaskInstance: example_bash_operator.also_run_this scheduled__2023-04-29T00:00:00+00:00 [queued]>
[2023-04-30T17:58:03.499+0000] {taskinstance.py:1362} INFO - 
--------------------------------------------------------------------------------
[2023-04-30T17:58:03.499+0000] {taskinstance.py:1363} INFO - Starting attempt 1 of 1
[2023-04-30T17:58:03.499+0000] {taskinstance.py:1364} INFO - 
--------------------------------------------------------------------------------
[2023-04-30T17:58:03.549+0000] {taskinstance.py:1383} INFO - Executing <Task(BashOperator): also_run_this> on 2023-04-29 00:00:00+00:00
[2023-04-30T17:58:03.557+0000] {standard_task_runner.py:55} INFO - Started process 511 to run task
[2023-04-30T17:58:03.562+0000] {standard_task_runner.py:82} INFO - Running: ['***', 'tasks', 'run', 'example_bash_operator', 'also_run_this', 'scheduled__2023-04-29T00:00:00+00:00', '--job-id', '6', '--raw', '--subdir', '/home/***/.local/lib/python3.7/site-packages/***/example_dags/example_bash_operator.py', '--cfg-path', '/tmp/tmp_5zy634m']
[2023-04-30T17:58:03.563+0000] {standard_task_runner.py:83} INFO - Job 6: Subtask also_run_this
[2023-04-30T17:58:03.658+0000] {task_command.py:376} INFO - Running <TaskInstance: example_bash_operator.also_run_this scheduled__2023-04-29T00:00:00+00:00 [running]> on host 317604a62de6
[2023-04-30T17:58:03.750+0000] {taskinstance.py:1592} INFO - Exporting the following env vars:
AIRFLOW_CTX_DAG_OWNER=***
AIRFLOW_CTX_DAG_ID=example_bash_operator
AIRFLOW_CTX_TASK_ID=also_run_this
AIRFLOW_CTX_EXECUTION_DATE=2023-04-29T00:00:00+00:00
AIRFLOW_CTX_TRY_NUMBER=1
AIRFLOW_CTX_DAG_RUN_ID=scheduled__2023-04-29T00:00:00+00:00
[2023-04-30T17:58:03.752+0000] {subprocess.py:63} INFO - Tmp dir root location: 
 /tmp
[2023-04-30T17:58:03.753+0000] {subprocess.py:75} INFO - Running command: ['/bin/bash', '-c', 'echo "ti_key=example_bash_operator__also_run_this__20230429"']
[2023-04-30T17:58:03.764+0000] {subprocess.py:86} INFO - Output:
[2023-04-30T17:58:03.766+0000] {subprocess.py:93} INFO - ti_key=example_bash_operator__also_run_this__20230429
[2023-04-30T17:58:03.766+0000] {subprocess.py:97} INFO - Command exited with return code 0
[2023-04-30T17:58:03.792+0000] {taskinstance.py:1406} INFO - Marking task as SUCCESS. dag_id=example_bash_operator, task_id=also_run_this, execution_date=20230429T000000, start_date=20230430T175803, end_date=20230430T175803
[2023-04-30T17:58:03.816+0000] {local_task_job.py:164} INFO - Task exited with return code 0
[2023-04-30T17:58:03.854+0000] {local_task_job.py:273} INFO - 0 downstream tasks scheduled from follow-on schedule check
